{
  "stats": {
    "suites": 12,
    "tests": 41,
    "passes": 30,
    "pending": 0,
    "failures": 11,
    "start": "2021-09-14T22:42:03.445Z",
    "end": "2021-09-14T22:43:04.183Z",
    "duration": 60738,
    "testsRegistered": 41,
    "passPercent": 73.17073170731707,
    "pendingPercent": 0,
    "other": 0,
    "hasOther": false,
    "skipped": 0,
    "hasSkipped": false
  },
  "results": [
    {
      "uuid": "7a03e192-c2b8-448a-9214-8fcb06f3efdc",
      "title": "",
      "fullFile": "cypress/integration/project.spec.js",
      "file": "cypress/integration/project.spec.js",
      "beforeHooks": [],
      "afterHooks": [],
      "tests": [],
      "suites": [
        {
          "uuid": "bf87eaa2-5bfd-49d4-8c21-64a4b6f7092a",
          "title": "1 - Adicione à página o título \"Paleta de Cores\".",
          "fullFile": "",
          "file": "",
          "beforeHooks": [],
          "afterHooks": [],
          "tests": [
            {
              "title": "Verifica se contém um elemento `h1` com o id `title` com o título correto",
              "fullTitle": "1 - Adicione à página o título \"Paleta de Cores\". Verifica se contém um elemento `h1` com o id `title` com o título correto",
              "timedOut": null,
              "duration": 141,
              "state": "passed",
              "speed": "slow",
              "pass": true,
              "fail": false,
              "pending": false,
              "context": null,
              "code": "cy.get('h1#title').should('contain.text', 'Paleta de Cores');",
              "err": {},
              "uuid": "7c79d082-2828-4b2a-87b9-f2d083511bca",
              "parentUUID": "bf87eaa2-5bfd-49d4-8c21-64a4b6f7092a",
              "isHook": false,
              "skipped": false
            }
          ],
          "suites": [],
          "passes": [
            "7c79d082-2828-4b2a-87b9-f2d083511bca"
          ],
          "failures": [],
          "pending": [],
          "skipped": [],
          "duration": 141,
          "root": false,
          "rootEmpty": false,
          "_timeout": 2000
        },
        {
          "uuid": "97cdb9a5-cb69-4199-b66d-4392e11c552f",
          "title": "2 - Adicione à página uma paleta de quatro cores distintas.",
          "fullFile": "",
          "file": "",
          "beforeHooks": [],
          "afterHooks": [],
          "tests": [
            {
              "title": "A paleta de cores deve ser um elemento com `id` denominado `color-palette`",
              "fullTitle": "2 - Adicione à página uma paleta de quatro cores distintas. A paleta de cores deve ser um elemento com `id` denominado `color-palette`",
              "timedOut": null,
              "duration": 122,
              "state": "passed",
              "speed": "slow",
              "pass": true,
              "fail": false,
              "pending": false,
              "context": null,
              "code": "cy.get('#color-palette').should('be.visible');\ncy.get('#color-palette').children('.color');",
              "err": {},
              "uuid": "8e8b0d01-3552-4f6a-984f-5b60d908fe67",
              "parentUUID": "97cdb9a5-cb69-4199-b66d-4392e11c552f",
              "isHook": false,
              "skipped": false
            },
            {
              "title": "Verifica se cada cor individual da paleta de cores possui a `classe` chamada `color`.",
              "fullTitle": "2 - Adicione à página uma paleta de quatro cores distintas. Verifica se cada cor individual da paleta de cores possui a `classe` chamada `color`.",
              "timedOut": null,
              "duration": 87,
              "state": "passed",
              "speed": "slow",
              "pass": true,
              "fail": false,
              "pending": false,
              "context": null,
              "code": "cy.get('.color').should('have.length', 4).then(function (colors) {\n  for (var i = 0; i < colors.length; i++) {\n    cy.wrap(colors[i]).should('be.visible');\n  }\n});",
              "err": {},
              "uuid": "1c36e21f-417f-41dc-8768-d60b4ee4d77e",
              "parentUUID": "97cdb9a5-cb69-4199-b66d-4392e11c552f",
              "isHook": false,
              "skipped": false
            },
            {
              "title": "Verifica se a cor de fundo de cada elemento da paleta é a cor que o elemento representa. **A única cor não permitida na paleta é a cor branca.**",
              "fullTitle": "2 - Adicione à página uma paleta de quatro cores distintas. Verifica se a cor de fundo de cada elemento da paleta é a cor que o elemento representa. **A única cor não permitida na paleta é a cor branca.**",
              "timedOut": null,
              "duration": 82,
              "state": "passed",
              "speed": "slow",
              "pass": true,
              "fail": false,
              "pending": false,
              "context": null,
              "code": "cy.get('.color').each(function (color) {\n  cy.wrap(color).should('have.class', 'color').and('not.have.css', 'background-color', WHITE);\n  cy.wrap(color).should('have.css', 'background-color');\n});",
              "err": {},
              "uuid": "2b4ecdcd-c35a-411f-b995-291c776f888b",
              "parentUUID": "97cdb9a5-cb69-4199-b66d-4392e11c552f",
              "isHook": false,
              "skipped": false
            },
            {
              "title": "Verifica se cada elemento da paleta de cores tem uma borda preta, sólida e com 1 pixel de largura;",
              "fullTitle": "2 - Adicione à página uma paleta de quatro cores distintas. Verifica se cada elemento da paleta de cores tem uma borda preta, sólida e com 1 pixel de largura;",
              "timedOut": null,
              "duration": 79,
              "state": "passed",
              "speed": "slow",
              "pass": true,
              "fail": false,
              "pending": false,
              "context": null,
              "code": "cy.get('.color').each(function (color) {\n  cy.wrap(color).and('have.css', 'border', \"1px solid \".concat(BLACK)).and('have.class', 'color');\n});",
              "err": {},
              "uuid": "0b7a011b-5039-408e-9fd0-7a5d3a8bbfc5",
              "parentUUID": "97cdb9a5-cb69-4199-b66d-4392e11c552f",
              "isHook": false,
              "skipped": false
            },
            {
              "title": "Verifica se a paleta lista todas as cores disponíveis para utilização, lado a lado.",
              "fullTitle": "2 - Adicione à página uma paleta de quatro cores distintas. Verifica se a paleta lista todas as cores disponíveis para utilização, lado a lado.",
              "timedOut": null,
              "duration": 89,
              "state": "passed",
              "speed": "slow",
              "pass": true,
              "fail": false,
              "pending": false,
              "context": null,
              "code": "cy.get('.color').then(function (colors) {\n  for (var index = 1; index < colors.length; index += 1) {\n    var currentColor = colors[index];\n    var previousColor = colors[index - 1];\n    cy.wrap(currentColor).should('be.onTheRightOf', previousColor).and('be.horizontallyAlignedWith', previousColor);\n  }\n});",
              "err": {},
              "uuid": "eff2e538-6ca6-4b6b-b1b4-4b1c025aa265",
              "parentUUID": "97cdb9a5-cb69-4199-b66d-4392e11c552f",
              "isHook": false,
              "skipped": false
            },
            {
              "title": "Verifica se a paleta de cores está posicionada abaixo do título 'Paleta de Cores'",
              "fullTitle": "2 - Adicione à página uma paleta de quatro cores distintas. Verifica se a paleta de cores está posicionada abaixo do título 'Paleta de Cores'",
              "timedOut": null,
              "duration": 81,
              "state": "passed",
              "speed": "slow",
              "pass": true,
              "fail": false,
              "pending": false,
              "context": null,
              "code": "cy.get('h1#title').then(function (title) {\n  cy.get('#color-palette').should('be.belowOf', title);\n});",
              "err": {},
              "uuid": "db6fad39-a21e-4650-b78d-978c353e4957",
              "parentUUID": "97cdb9a5-cb69-4199-b66d-4392e11c552f",
              "isHook": false,
              "skipped": false
            },
            {
              "title": "Verifica se a paleta de cores não contém cores repetidas.",
              "fullTitle": "2 - Adicione à página uma paleta de quatro cores distintas. Verifica se a paleta de cores não contém cores repetidas.",
              "timedOut": null,
              "duration": 276,
              "state": "failed",
              "speed": null,
              "pass": false,
              "fail": true,
              "pending": false,
              "context": null,
              "code": "cy.get('.color').then(function (colors) {\n  var allColors = Array.from(colors).map(function (color) {\n    return Cypress.$(color).css('background-color');\n  });\n  cy.log(allColors);\n  var uniqColors = (0, _toConsumableArray2[\"default\"])(new Set(allColors));\n  cy.log(uniqColors);\n  expect(allColors.length).to.eq(uniqColors.length);\n});",
              "err": {
                "message": "AssertionError: expected 4 to equal 1",
                "estack": "AssertionError: expected 4 to equal 1\n    at getRet (http://localhost:41269/__cypress/runner/cypress_runner.js:136585:16)\n    at tryCatcher (http://localhost:41269/__cypress/runner/cypress_runner.js:167415:23)\n    at Function.Promise.attempt.Promise.try (http://localhost:41269/__cypress/runner/cypress_runner.js:164690:29)\n    at Context.thenFn (http://localhost:41269/__cypress/runner/cypress_runner.js:136599:23)\n    at Context.then (http://localhost:41269/__cypress/runner/cypress_runner.js:136971:21)\n    at Context.<anonymous> (http://localhost:41269/__cypress/runner/cypress_runner.js:148875:21)\n    at http://localhost:41269/__cypress/runner/cypress_runner.js:148351:33\n    at tryCatcher (http://localhost:41269/__cypress/runner/cypress_runner.js:167415:23)\n    at Promise._settlePromiseFromHandler (http://localhost:41269/__cypress/runner/cypress_runner.js:165351:31)\n    at Promise._settlePromise (http://localhost:41269/__cypress/runner/cypress_runner.js:165408:18)\n    at Promise._settlePromiseCtx (http://localhost:41269/__cypress/runner/cypress_runner.js:165445:10)\n    at Async../node_modules/bluebird/js/release/async.js.Async._drainQueue (http://localhost:41269/__cypress/runner/cypress_runner.js:162145:12)\n    at Async../node_modules/bluebird/js/release/async.js.Async._drainQueues (http://localhost:41269/__cypress/runner/cypress_runner.js:162150:10)\n    at Async.drainQueues (http://localhost:41269/__cypress/runner/cypress_runner.js:162024:14)",
                "diff": "- 4\n+ 1\n"
              },
              "uuid": "d03f2d49-842b-473b-a17b-fa46871e870a",
              "parentUUID": "97cdb9a5-cb69-4199-b66d-4392e11c552f",
              "isHook": false,
              "skipped": false
            }
          ],
          "suites": [],
          "passes": [
            "8e8b0d01-3552-4f6a-984f-5b60d908fe67",
            "1c36e21f-417f-41dc-8768-d60b4ee4d77e",
            "2b4ecdcd-c35a-411f-b995-291c776f888b",
            "0b7a011b-5039-408e-9fd0-7a5d3a8bbfc5",
            "eff2e538-6ca6-4b6b-b1b4-4b1c025aa265",
            "db6fad39-a21e-4650-b78d-978c353e4957"
          ],
          "failures": [
            "d03f2d49-842b-473b-a17b-fa46871e870a"
          ],
          "pending": [],
          "skipped": [],
          "duration": 816,
          "root": false,
          "rootEmpty": false,
          "_timeout": 2000
        },
        {
          "uuid": "e34d0cd1-9bb0-4fd4-9da6-bb8c79cc52dd",
          "title": "3 - Adicione a cor **preta** como a primeira cor da paleta de cores.",
          "fullFile": "",
          "file": "",
          "beforeHooks": [],
          "afterHooks": [],
          "tests": [
            {
              "title": "Verifica se a primeira cor da paleta é preta",
              "fullTitle": "3 - Adicione a cor **preta** como a primeira cor da paleta de cores. Verifica se a primeira cor da paleta é preta",
              "timedOut": null,
              "duration": 344,
              "state": "passed",
              "speed": "slow",
              "pass": true,
              "fail": false,
              "pending": false,
              "context": null,
              "code": "cy.get('.color').first().should('have.css', 'background-color', BLACK);",
              "err": {},
              "uuid": "781ad4bc-e452-447f-a45e-aa58b1f60ff2",
              "parentUUID": "e34d0cd1-9bb0-4fd4-9da6-bb8c79cc52dd",
              "isHook": false,
              "skipped": false
            },
            {
              "title": "Verifica se as demais cores podem ser escolhidas livremente.",
              "fullTitle": "3 - Adicione a cor **preta** como a primeira cor da paleta de cores. Verifica se as demais cores podem ser escolhidas livremente.",
              "timedOut": null,
              "duration": 140,
              "state": "passed",
              "speed": "slow",
              "pass": true,
              "fail": false,
              "pending": false,
              "context": null,
              "code": "cy.get('.color').eq(1).should('not.have.css', 'background-color', BLACK);\ncy.get('.color').eq(1).should('not.have.css', 'background-color', WHITE);\ncy.get('.color').eq(1).should('not.have.css', 'background-color', 'rgba(0, 0, 0, 0)');\ncy.get('.color').eq(1).should('have.css', 'background-color');\ncy.get('.color').eq(2).should('not.have.css', 'background-color', BLACK);\ncy.get('.color').eq(2).should('not.have.css', 'background-color', WHITE);\ncy.get('.color').eq(2).should('not.have.css', 'background-color', 'rgba(0, 0, 0, 0)');\ncy.get('.color').eq(2).should('have.css', 'background-color');\ncy.get('.color').eq(3).should('not.have.css', 'background-color', BLACK);\ncy.get('.color').eq(3).should('not.have.css', 'background-color', WHITE);\ncy.get('.color').eq(3).should('not.have.css', 'background-color', 'rgba(0, 0, 0, 0)');\ncy.get('.color').eq(3).should('have.css', 'background-color');",
              "err": {},
              "uuid": "6b576b04-bd5a-4f36-968a-84d582179aec",
              "parentUUID": "e34d0cd1-9bb0-4fd4-9da6-bb8c79cc52dd",
              "isHook": false,
              "skipped": false
            }
          ],
          "suites": [],
          "passes": [
            "781ad4bc-e452-447f-a45e-aa58b1f60ff2",
            "6b576b04-bd5a-4f36-968a-84d582179aec"
          ],
          "failures": [],
          "pending": [],
          "skipped": [],
          "duration": 484,
          "root": false,
          "rootEmpty": false,
          "_timeout": 2000
        },
        {
          "uuid": "c8b51445-2bf7-44c1-a649-bdd0d3d11946",
          "title": "4 - Adicione à página um quadro de pixels, com 25 pixels.",
          "fullFile": "",
          "file": "",
          "beforeHooks": [],
          "afterHooks": [],
          "tests": [
            {
              "title": "Verifica se o quadro de pixels possui o `id` denominado `pixel-board`",
              "fullTitle": "4 - Adicione à página um quadro de pixels, com 25 pixels. Verifica se o quadro de pixels possui o `id` denominado `pixel-board`",
              "timedOut": null,
              "duration": 68,
              "state": "passed",
              "speed": "medium",
              "pass": true,
              "fail": false,
              "pending": false,
              "context": null,
              "code": "cy.get('#pixel-board').should('be.visible');",
              "err": {},
              "uuid": "b813604a-ef6e-420d-b1e0-d8f6c5e3b5c6",
              "parentUUID": "c8b51445-2bf7-44c1-a649-bdd0d3d11946",
              "isHook": false,
              "skipped": false
            },
            {
              "title": "Verifica se cada pixel individual dentro do quadro possui a `classe` denominada `pixel`.",
              "fullTitle": "4 - Adicione à página um quadro de pixels, com 25 pixels. Verifica se cada pixel individual dentro do quadro possui a `classe` denominada `pixel`.",
              "timedOut": null,
              "duration": 85,
              "state": "passed",
              "speed": "slow",
              "pass": true,
              "fail": false,
              "pending": false,
              "context": null,
              "code": "cy.get('.pixel').should('have.length', 25);",
              "err": {},
              "uuid": "12506c4e-8df7-4d13-9bfa-32611c7e575a",
              "parentUUID": "c8b51445-2bf7-44c1-a649-bdd0d3d11946",
              "isHook": false,
              "skipped": false
            },
            {
              "title": "Verifica se a cor inicial dos pixels dentro do quadro, ao abrir a página, é branca.",
              "fullTitle": "4 - Adicione à página um quadro de pixels, com 25 pixels. Verifica se a cor inicial dos pixels dentro do quadro, ao abrir a página, é branca.",
              "timedOut": null,
              "duration": 113,
              "state": "passed",
              "speed": "slow",
              "pass": true,
              "fail": false,
              "pending": false,
              "context": null,
              "code": "cy.get('.pixel').should('have.length', 25).each(function (pixel) {\n  expect(pixel).to.have.css('background-color', WHITE);\n});",
              "err": {},
              "uuid": "f9190684-2f89-4137-b78e-57c16b63fe8c",
              "parentUUID": "c8b51445-2bf7-44c1-a649-bdd0d3d11946",
              "isHook": false,
              "skipped": false
            },
            {
              "title": "Verifica se o quadro de pixels aparece abaixo da paleta de cores",
              "fullTitle": "4 - Adicione à página um quadro de pixels, com 25 pixels. Verifica se o quadro de pixels aparece abaixo da paleta de cores",
              "timedOut": null,
              "duration": 72,
              "state": "passed",
              "speed": "medium",
              "pass": true,
              "fail": false,
              "pending": false,
              "context": null,
              "code": "cy.get('#color-palette').then(function (palette) {\n  cy.get('#pixel-board').should('be.belowOf', palette);\n});",
              "err": {},
              "uuid": "e0f6257d-ba78-494f-a5bf-ec8e2511edca",
              "parentUUID": "c8b51445-2bf7-44c1-a649-bdd0d3d11946",
              "isHook": false,
              "skipped": false
            }
          ],
          "suites": [],
          "passes": [
            "b813604a-ef6e-420d-b1e0-d8f6c5e3b5c6",
            "12506c4e-8df7-4d13-9bfa-32611c7e575a",
            "f9190684-2f89-4137-b78e-57c16b63fe8c",
            "e0f6257d-ba78-494f-a5bf-ec8e2511edca"
          ],
          "failures": [],
          "pending": [],
          "skipped": [],
          "duration": 338,
          "root": false,
          "rootEmpty": false,
          "_timeout": 2000
        },
        {
          "uuid": "5bfeaa99-8bb4-457e-bd90-824c4af05c74",
          "title": "5 - Faça com que cada elemento do quadro de pixels possua 40 pixels de largura, 40 pixels de altura e seja delimitado por uma borda preta de 1 pixel.",
          "fullFile": "",
          "file": "",
          "beforeHooks": [],
          "afterHooks": [],
          "tests": [
            {
              "title": "Verifica se o quadro de pixels tem altura e comprimento de 5 elementos",
              "fullTitle": "5 - Faça com que cada elemento do quadro de pixels possua 40 pixels de largura, 40 pixels de altura e seja delimitado por uma borda preta de 1 pixel. Verifica se o quadro de pixels tem altura e comprimento de 5 elementos",
              "timedOut": null,
              "duration": 196,
              "state": "passed",
              "speed": "slow",
              "pass": true,
              "fail": false,
              "pending": false,
              "context": null,
              "code": "cy.get('.pixel').should('have.length', 25).each(function (pixel) {\n  expect(pixel).to.have.css('background-color', WHITE);\n}).and(function (pixels) {\n  var rows = chunk(pixels, 5);\n  rows.forEach(function (row) {\n    for (var index = 1; index < row.length; index += 1) {\n      var current = pixels[index];\n      var previous = pixels[index - 1];\n      cy.wrap(current).should('be.onTheRightOf', previous).and('be.horizontallyAlignedWith', previous);\n    }\n  });\n  for (var index = 1; index < 5; index += 1) {\n    expect(pixels[index * 5]).to.be.belowOf(pixels[(index - 1) * 5]);\n  }\n});",
              "err": {},
              "uuid": "bfbc9eb0-980a-457e-a9c3-6077243fb301",
              "parentUUID": "5bfeaa99-8bb4-457e-bd90-824c4af05c74",
              "isHook": false,
              "skipped": false
            },
            {
              "title": "Verifica se 40 pixels é o tamanho total do elemento, incluindo seu conteúdo e excluindo a borda preta, que deve ser criada à parte.",
              "fullTitle": "5 - Faça com que cada elemento do quadro de pixels possua 40 pixels de largura, 40 pixels de altura e seja delimitado por uma borda preta de 1 pixel. Verifica se 40 pixels é o tamanho total do elemento, incluindo seu conteúdo e excluindo a borda preta, que deve ser criada à parte.",
              "timedOut": null,
              "duration": 4221,
              "state": "failed",
              "speed": null,
              "pass": false,
              "fail": true,
              "pending": false,
              "context": null,
              "code": "cy.get('.pixel').each(function (pixel) {\n  cy.wrap(pixel).should('have.css', 'height', '40px').and('have.css', 'width', '40px').and('have.css', 'border', \"1px solid \".concat(BLACK));\n});",
              "err": {
                "message": "CypressError: Timed out retrying: expected '<div.pixel>' to have CSS property 'height' with the value '40px', but the value was '39px'",
                "estack": "CypressError: Timed out retrying: expected '<div.pixel>' to have CSS property 'height' with the value '40px', but the value was '39px'\n    at cypressErr (http://localhost:41269/__cypress/runner/cypress_runner.js:149934:9)\n    at throwErr (http://localhost:41269/__cypress/runner/cypress_runner.js:149867:11)\n    at Object.throwErrByPath (http://localhost:41269/__cypress/runner/cypress_runner.js:149915:3)\n    at retry (http://localhost:41269/__cypress/runner/cypress_runner.js:144197:19)\n    at onFailFn (http://localhost:41269/__cypress/runner/cypress_runner.js:132448:16)\n    at tryCatcher (http://localhost:41269/__cypress/runner/cypress_runner.js:167415:23)\n    at Promise._settlePromiseFromHandler (http://localhost:41269/__cypress/runner/cypress_runner.js:165351:31)\n    at Promise._settlePromise (http://localhost:41269/__cypress/runner/cypress_runner.js:165408:18)\n    at Promise._settlePromise0 (http://localhost:41269/__cypress/runner/cypress_runner.js:165453:10)\n    at Promise._settlePromises (http://localhost:41269/__cypress/runner/cypress_runner.js:165528:18)\n    at Async../node_modules/bluebird/js/release/async.js.Async._drainQueue (http://localhost:41269/__cypress/runner/cypress_runner.js:162140:16)\n    at Async../node_modules/bluebird/js/release/async.js.Async._drainQueues (http://localhost:41269/__cypress/runner/cypress_runner.js:162150:10)\n    at Async.drainQueues (http://localhost:41269/__cypress/runner/cypress_runner.js:162024:14)",
                "diff": null
              },
              "uuid": "551f79fb-9f6f-47e2-a685-a84b2d5f2da6",
              "parentUUID": "5bfeaa99-8bb4-457e-bd90-824c4af05c74",
              "isHook": false,
              "skipped": false
            }
          ],
          "suites": [],
          "passes": [
            "bfbc9eb0-980a-457e-a9c3-6077243fb301"
          ],
          "failures": [
            "551f79fb-9f6f-47e2-a685-a84b2d5f2da6"
          ],
          "pending": [],
          "skipped": [],
          "duration": 4417,
          "root": false,
          "rootEmpty": false,
          "_timeout": 2000
        },
        {
          "uuid": "3d525836-d80b-4c0e-a3ca-235b144823b9",
          "title": "6 - Defina a cor preta como cor inicial. Ao carregar a página a cor preta já deve estar selecionada para pintar os pixels",
          "fullFile": "",
          "file": "",
          "beforeHooks": [],
          "afterHooks": [],
          "tests": [
            {
              "title": "Verifica se o elemento da cor preta possui, inicialmente, a `classe` `selected`",
              "fullTitle": "6 - Defina a cor preta como cor inicial. Ao carregar a página a cor preta já deve estar selecionada para pintar os pixels Verifica se o elemento da cor preta possui, inicialmente, a `classe` `selected`",
              "timedOut": null,
              "duration": 356,
              "state": "passed",
              "speed": "slow",
              "pass": true,
              "fail": false,
              "pending": false,
              "context": null,
              "code": "cy.get('.selected').first().should('have.css', 'background-color', BLACK);",
              "err": {},
              "uuid": "6c44581c-15ee-4789-9d43-62d547964a4e",
              "parentUUID": "3d525836-d80b-4c0e-a3ca-235b144823b9",
              "isHook": false,
              "skipped": false
            },
            {
              "title": "Verifica se nenhuma outra cor da paleta tem a `classe` `selected`",
              "fullTitle": "6 - Defina a cor preta como cor inicial. Ao carregar a página a cor preta já deve estar selecionada para pintar os pixels Verifica se nenhuma outra cor da paleta tem a `classe` `selected`",
              "timedOut": null,
              "duration": 78,
              "state": "passed",
              "speed": "slow",
              "pass": true,
              "fail": false,
              "pending": false,
              "context": null,
              "code": "cy.get('.color:not(:first-child)').each(function (color) {\n  cy.wrap(color).should('not.have.class', 'selected');\n});",
              "err": {},
              "uuid": "d0a5c7f8-f900-4983-9085-5651bd2f5960",
              "parentUUID": "3d525836-d80b-4c0e-a3ca-235b144823b9",
              "isHook": false,
              "skipped": false
            }
          ],
          "suites": [],
          "passes": [
            "6c44581c-15ee-4789-9d43-62d547964a4e",
            "d0a5c7f8-f900-4983-9085-5651bd2f5960"
          ],
          "failures": [],
          "pending": [],
          "skipped": [],
          "duration": 434,
          "root": false,
          "rootEmpty": false,
          "_timeout": 2000
        },
        {
          "uuid": "3c8f25d2-f44f-43df-bef2-dbaaa55eb2c9",
          "title": "7 - Clicar em uma das cores da paleta, faz com que ela seja selecionada e utilizada para preencher os pixels no quadro.",
          "fullFile": "",
          "file": "",
          "beforeHooks": [],
          "afterHooks": [],
          "tests": [
            {
              "title": "Verifica se somente uma cor da paleta de cores tem a classe `selected` de cada vez",
              "fullTitle": "7 - Clicar em uma das cores da paleta, faz com que ela seja selecionada e utilizada para preencher os pixels no quadro. Verifica se somente uma cor da paleta de cores tem a classe `selected` de cada vez",
              "timedOut": null,
              "duration": 401,
              "state": "passed",
              "speed": "slow",
              "pass": true,
              "fail": false,
              "pending": false,
              "context": null,
              "code": "cy.get('.color').each(function (selectedColor, selectedColorIndex) {\n  cy.wrap(selectedColor).click();\n  cy.get('.color').each(function (color, colorIndex) {\n    if (colorIndex === selectedColorIndex) {\n      expect(color).to.have[\"class\"]('selected');\n    } else {\n      expect(color).not.to.have[\"class\"]('selected');\n    }\n  });\n});",
              "err": {},
              "uuid": "b6f5d8f3-a671-4d08-8aa8-2c4eb6b17a2f",
              "parentUUID": "3c8f25d2-f44f-43df-bef2-dbaaa55eb2c9",
              "isHook": false,
              "skipped": false
            },
            {
              "title": "Verifica se os pixels dentro do quadro não têm a classe `selected` quando são clicados",
              "fullTitle": "7 - Clicar em uma das cores da paleta, faz com que ela seja selecionada e utilizada para preencher os pixels no quadro. Verifica se os pixels dentro do quadro não têm a classe `selected` quando são clicados",
              "timedOut": null,
              "duration": 7995,
              "state": "passed",
              "speed": "slow",
              "pass": true,
              "fail": false,
              "pending": false,
              "context": null,
              "code": "cy.get('.color').each(function (color) {\n  var backgroundColor = color.css('background-color');\n  cy.wrap(color).click();\n  cy.get('.pixel').each(function (pixel) {\n    cy.wrap(pixel).click().should('not.have.class', 'selected');\n  });\n});",
              "err": {},
              "uuid": "f02d62f1-12d8-4537-9af6-d391daeaea87",
              "parentUUID": "3c8f25d2-f44f-43df-bef2-dbaaa55eb2c9",
              "isHook": false,
              "skipped": false
            }
          ],
          "suites": [],
          "passes": [
            "b6f5d8f3-a671-4d08-8aa8-2c4eb6b17a2f",
            "f02d62f1-12d8-4537-9af6-d391daeaea87"
          ],
          "failures": [],
          "pending": [],
          "skipped": [],
          "duration": 8396,
          "root": false,
          "rootEmpty": false,
          "_timeout": 2000
        },
        {
          "uuid": "8d62b9ce-bf02-4cfe-8450-bced4ddf6c2a",
          "title": "8 - Clicar em um pixel dentro do quadro após selecionar uma cor na paleta, faz com que o pixel seja preenchido com a cor selecionada.",
          "fullFile": "",
          "file": "",
          "beforeHooks": [],
          "afterHooks": [],
          "tests": [
            {
              "title": "Verifica se ao carregar a página deve ser possível pintar os pixels de preto",
              "fullTitle": "8 - Clicar em um pixel dentro do quadro após selecionar uma cor na paleta, faz com que o pixel seja preenchido com a cor selecionada. Verifica se ao carregar a página deve ser possível pintar os pixels de preto",
              "timedOut": null,
              "duration": 7422,
              "state": "passed",
              "speed": "slow",
              "pass": true,
              "fail": false,
              "pending": false,
              "context": null,
              "code": "cy.get('.pixel').each(function (pixel) {\n  cy.wrap(pixel).click().should('have.css', 'background-color', BLACK);\n});",
              "err": {},
              "uuid": "294dfc77-4369-4180-889f-a54e67d1a8d0",
              "parentUUID": "8d62b9ce-bf02-4cfe-8450-bced4ddf6c2a",
              "isHook": false,
              "skipped": false
            },
            {
              "title": "Verifica se após selecionar uma outra cor na paleta, é possível pintar os pixels com essa cor",
              "fullTitle": "8 - Clicar em um pixel dentro do quadro após selecionar uma cor na paleta, faz com que o pixel seja preenchido com a cor selecionada. Verifica se após selecionar uma outra cor na paleta, é possível pintar os pixels com essa cor",
              "timedOut": null,
              "duration": 4380,
              "state": "failed",
              "speed": null,
              "pass": false,
              "fail": true,
              "pending": false,
              "context": null,
              "code": "cy.get('.color').each(function (color) {\n  var backgroundColor = color.css('background-color');\n  cy.wrap(color).click();\n  cy.get('.pixel').each(function (pixel) {\n    cy.wrap(pixel).click().should('have.css', 'background-color', backgroundColor);\n  });\n});",
              "err": {
                "message": "CypressError: Timed out retrying: expected '<div.pixel>' to have CSS property 'background-color' with the value 'rgba(0, 0, 0, 0)', but the value was 'rgb(0, 0, 0)'",
                "estack": "CypressError: Timed out retrying: expected '<div.pixel>' to have CSS property 'background-color' with the value 'rgba(0, 0, 0, 0)', but the value was 'rgb(0, 0, 0)'\n    at cypressErr (http://localhost:41269/__cypress/runner/cypress_runner.js:149934:9)\n    at throwErr (http://localhost:41269/__cypress/runner/cypress_runner.js:149867:11)\n    at Object.throwErrByPath (http://localhost:41269/__cypress/runner/cypress_runner.js:149915:3)\n    at retry (http://localhost:41269/__cypress/runner/cypress_runner.js:144197:19)\n    at onFailFn (http://localhost:41269/__cypress/runner/cypress_runner.js:132448:16)\n    at tryCatcher (http://localhost:41269/__cypress/runner/cypress_runner.js:167415:23)\n    at Promise._settlePromiseFromHandler (http://localhost:41269/__cypress/runner/cypress_runner.js:165351:31)\n    at Promise._settlePromise (http://localhost:41269/__cypress/runner/cypress_runner.js:165408:18)\n    at Promise._settlePromise0 (http://localhost:41269/__cypress/runner/cypress_runner.js:165453:10)\n    at Promise._settlePromises (http://localhost:41269/__cypress/runner/cypress_runner.js:165528:18)\n    at Async../node_modules/bluebird/js/release/async.js.Async._drainQueue (http://localhost:41269/__cypress/runner/cypress_runner.js:162140:16)\n    at Async../node_modules/bluebird/js/release/async.js.Async._drainQueues (http://localhost:41269/__cypress/runner/cypress_runner.js:162150:10)\n    at Async.drainQueues (http://localhost:41269/__cypress/runner/cypress_runner.js:162024:14)",
                "diff": null
              },
              "uuid": "aa7d05b5-ed77-4a63-98c2-06ed5cffb8a6",
              "parentUUID": "8d62b9ce-bf02-4cfe-8450-bced4ddf6c2a",
              "isHook": false,
              "skipped": false
            },
            {
              "title": "Verifica se somente o pixel que foi clicado foi preenchido com a cor selecionada, sem influenciar na cor dos demais pixels.",
              "fullTitle": "8 - Clicar em um pixel dentro do quadro após selecionar uma cor na paleta, faz com que o pixel seja preenchido com a cor selecionada. Verifica se somente o pixel que foi clicado foi preenchido com a cor selecionada, sem influenciar na cor dos demais pixels.",
              "timedOut": null,
              "duration": 1341,
              "state": "passed",
              "speed": "slow",
              "pass": true,
              "fail": false,
              "pending": false,
              "context": null,
              "code": "var colorToPixelIndexMap = {\n  0: 6,\n  1: 8,\n  2: 16,\n  3: 18\n};\ncy.get('.color').each(function (color, index) {\n  cy.wrap(color).click();\n  var backgroundColor = color.css('background-color');\n  var clickedPixelIndex = colorToPixelIndexMap[index];\n  cy.get('.pixel').eq(clickedPixelIndex).click();\n  cy.get('.pixel').eq(clickedPixelIndex - 1).should('not.have.css', 'background-color', backgroundColor);\n  cy.get('.pixel').eq(clickedPixelIndex + 1).should('not.have.css', 'background-color', backgroundColor);\n  cy.get('.pixel').eq(clickedPixelIndex - 5).should('not.have.css', 'background-color', backgroundColor);\n  cy.get('.pixel').eq(clickedPixelIndex + 5).should('not.have.css', 'background-color', backgroundColor);\n  cy.get('.pixel').eq(clickedPixelIndex - 6).should('not.have.css', 'background-color', backgroundColor);\n  cy.get('.pixel').eq(clickedPixelIndex - 4).should('not.have.css', 'background-color', backgroundColor);\n  cy.get('.pixel').eq(clickedPixelIndex + 4).should('not.have.css', 'background-color', backgroundColor);\n  cy.get('.pixel').eq(clickedPixelIndex + 6).should('not.have.css', 'background-color', backgroundColor);\n});",
              "err": {},
              "uuid": "6925956e-98eb-4c47-a29f-96b81e4e31c6",
              "parentUUID": "8d62b9ce-bf02-4cfe-8450-bced4ddf6c2a",
              "isHook": false,
              "skipped": false
            }
          ],
          "suites": [],
          "passes": [
            "294dfc77-4369-4180-889f-a54e67d1a8d0",
            "6925956e-98eb-4c47-a29f-96b81e4e31c6"
          ],
          "failures": [
            "aa7d05b5-ed77-4a63-98c2-06ed5cffb8a6"
          ],
          "pending": [],
          "skipped": [],
          "duration": 13143,
          "root": false,
          "rootEmpty": false,
          "_timeout": 2000
        },
        {
          "uuid": "f349fc16-7826-47df-a58c-29de374c9ab6",
          "title": "9 - Crie um botão que, ao ser clicado, limpa o quadro preenchendo a cor de todos seus pixels com branco.",
          "fullFile": "",
          "file": "",
          "beforeHooks": [],
          "afterHooks": [],
          "tests": [
            {
              "title": "Verifica se o botão tem o `id` denominado `clear-board`",
              "fullTitle": "9 - Crie um botão que, ao ser clicado, limpa o quadro preenchendo a cor de todos seus pixels com branco. Verifica se o botão tem o `id` denominado `clear-board`",
              "timedOut": null,
              "duration": 97,
              "state": "passed",
              "speed": "slow",
              "pass": true,
              "fail": false,
              "pending": false,
              "context": null,
              "code": "cy.get('#clear-board').should('be.visible');",
              "err": {},
              "uuid": "1a1a0a3e-ef27-49ea-a470-8cda9d934cd9",
              "parentUUID": "f349fc16-7826-47df-a58c-29de374c9ab6",
              "isHook": false,
              "skipped": false
            },
            {
              "title": "Verifica se o botão está posicionado entre a paleta de cores e o quadro de pixels",
              "fullTitle": "9 - Crie um botão que, ao ser clicado, limpa o quadro preenchendo a cor de todos seus pixels com branco. Verifica se o botão está posicionado entre a paleta de cores e o quadro de pixels",
              "timedOut": null,
              "duration": 76,
              "state": "passed",
              "speed": "slow",
              "pass": true,
              "fail": false,
              "pending": false,
              "context": null,
              "code": "cy.get('#color-palette').then(function (palette) {\n  cy.get('#clear-board').should('be.belowOf', palette);\n});\ncy.get('#clear-board').then(function (clearBtn) {\n  cy.get('#pixel-board').should('be.belowOf', clearBtn);\n});",
              "err": {},
              "uuid": "9fbb1556-df22-4430-892d-034a0408e6f7",
              "parentUUID": "f349fc16-7826-47df-a58c-29de374c9ab6",
              "isHook": false,
              "skipped": false
            },
            {
              "title": "Verifica se o texto do botão é 'Limpar'",
              "fullTitle": "9 - Crie um botão que, ao ser clicado, limpa o quadro preenchendo a cor de todos seus pixels com branco. Verifica se o texto do botão é 'Limpar'",
              "timedOut": null,
              "duration": 52,
              "state": "passed",
              "speed": "medium",
              "pass": true,
              "fail": false,
              "pending": false,
              "context": null,
              "code": "cy.get('#clear-board').should('contain.text', 'Limpar');",
              "err": {},
              "uuid": "e5b6144f-9ea5-44bb-beb7-936c270592a0",
              "parentUUID": "f349fc16-7826-47df-a58c-29de374c9ab6",
              "isHook": false,
              "skipped": false
            },
            {
              "title": "Verifica se ao clicar no botão, o quadro de pixels é totalmente preenchido de branco",
              "fullTitle": "9 - Crie um botão que, ao ser clicado, limpa o quadro preenchendo a cor de todos seus pixels com branco. Verifica se ao clicar no botão, o quadro de pixels é totalmente preenchido de branco",
              "timedOut": null,
              "duration": 7507,
              "state": "passed",
              "speed": "slow",
              "pass": true,
              "fail": false,
              "pending": false,
              "context": null,
              "code": "cy.get('.color').eq(1).then(function (color) {\n  var backgroundColor = color.css('background-color');\n  cy.wrap(color).click();\n  cy.get('.pixel').each(function (pixel) {\n    cy.wrap(pixel).click().should('have.css', 'background-color', backgroundColor);\n  });\n});\ncy.get('#clear-board').click();\ncy.get('.pixel').each(function (pixel) {\n  cy.wrap(pixel).should('have.css', 'background-color', WHITE);\n});",
              "err": {},
              "uuid": "c3375bd5-0fc4-4df1-80f3-5211126bd23b",
              "parentUUID": "f349fc16-7826-47df-a58c-29de374c9ab6",
              "isHook": false,
              "skipped": false
            }
          ],
          "suites": [],
          "passes": [
            "1a1a0a3e-ef27-49ea-a470-8cda9d934cd9",
            "9fbb1556-df22-4430-892d-034a0408e6f7",
            "e5b6144f-9ea5-44bb-beb7-936c270592a0",
            "c3375bd5-0fc4-4df1-80f3-5211126bd23b"
          ],
          "failures": [],
          "pending": [],
          "skipped": [],
          "duration": 7732,
          "root": false,
          "rootEmpty": false,
          "_timeout": 2000
        },
        {
          "uuid": "a45b0a38-2c18-4df2-afa5-7f9ce390de11",
          "title": "10 - Faça o quadro de pixels ter seu tamanho definido pelo usuário.",
          "fullFile": "",
          "file": "",
          "beforeHooks": [],
          "afterHooks": [],
          "tests": [
            {
              "title": "Verifica se existe um input com o id `board-size`",
              "fullTitle": "10 - Faça o quadro de pixels ter seu tamanho definido pelo usuário. Verifica se existe um input com o id `board-size`",
              "timedOut": null,
              "duration": 100,
              "state": "passed",
              "speed": "slow",
              "pass": true,
              "fail": false,
              "pending": false,
              "context": null,
              "code": "cy.get('#board-size').should('be.visible');",
              "err": {},
              "uuid": "16ea95b2-06b8-42e0-92dc-d4a10fd50fca",
              "parentUUID": "a45b0a38-2c18-4df2-afa5-7f9ce390de11",
              "isHook": false,
              "skipped": false
            },
            {
              "title": "Verifica se existe um botão com o id `generate-board`",
              "fullTitle": "10 - Faça o quadro de pixels ter seu tamanho definido pelo usuário. Verifica se existe um botão com o id `generate-board`",
              "timedOut": null,
              "duration": 68,
              "state": "passed",
              "speed": "medium",
              "pass": true,
              "fail": false,
              "pending": false,
              "context": null,
              "code": "cy.get('#generate-board').should('be.visible');",
              "err": {},
              "uuid": "14e1d4c7-9ef7-4075-84be-355b19e08d48",
              "parentUUID": "a45b0a38-2c18-4df2-afa5-7f9ce390de11",
              "isHook": false,
              "skipped": false
            },
            {
              "title": "Verifica se o input só aceita número maiores que zero. Essa restrição deve ser feita usando os atributos do elemento `input`",
              "fullTitle": "10 - Faça o quadro de pixels ter seu tamanho definido pelo usuário. Verifica se o input só aceita número maiores que zero. Essa restrição deve ser feita usando os atributos do elemento `input`",
              "timedOut": null,
              "duration": 52,
              "state": "passed",
              "speed": "medium",
              "pass": true,
              "fail": false,
              "pending": false,
              "context": null,
              "code": "cy.get('#board-size[type=\\'number\\'][min=\\'1\\']');",
              "err": {},
              "uuid": "2500cc7b-3273-45e3-b9ce-fa29d56267a2",
              "parentUUID": "a45b0a38-2c18-4df2-afa5-7f9ce390de11",
              "isHook": false,
              "skipped": false
            },
            {
              "title": "Verifica se o botão contém o texto 'VQV'",
              "fullTitle": "10 - Faça o quadro de pixels ter seu tamanho definido pelo usuário. Verifica se o botão contém o texto 'VQV'",
              "timedOut": null,
              "duration": 61,
              "state": "passed",
              "speed": "medium",
              "pass": true,
              "fail": false,
              "pending": false,
              "context": null,
              "code": "cy.get('#generate-board').contains(/vqv/i);",
              "err": {},
              "uuid": "7da6f240-9e38-480f-8c88-5563d2e7c254",
              "parentUUID": "a45b0a38-2c18-4df2-afa5-7f9ce390de11",
              "isHook": false,
              "skipped": false
            },
            {
              "title": "Verifica se o input está posicionado entre a paleta de cores e o quadro de pixels",
              "fullTitle": "10 - Faça o quadro de pixels ter seu tamanho definido pelo usuário. Verifica se o input está posicionado entre a paleta de cores e o quadro de pixels",
              "timedOut": null,
              "duration": 93,
              "state": "passed",
              "speed": "slow",
              "pass": true,
              "fail": false,
              "pending": false,
              "context": null,
              "code": "cy.get('#color-palette').then(function (palette) {\n  cy.get('#board-size').should('be.belowOf', palette);\n});\ncy.get('#board-size').then(function (palette) {\n  cy.get('#pixel-board').should('be.belowOf', palette);\n});",
              "err": {},
              "uuid": "10a5e233-ab50-443a-bd4a-9c7175906a0f",
              "parentUUID": "a45b0a38-2c18-4df2-afa5-7f9ce390de11",
              "isHook": false,
              "skipped": false
            },
            {
              "title": "Verifica se o botão está posicionado ao lado do input",
              "fullTitle": "10 - Faça o quadro de pixels ter seu tamanho definido pelo usuário. Verifica se o botão está posicionado ao lado do input",
              "timedOut": null,
              "duration": 4263,
              "state": "failed",
              "speed": null,
              "pass": false,
              "fail": true,
              "pending": false,
              "context": null,
              "code": "cy.get('#board-size').then(function (board) {\n  cy.get('#generate-board').should('be.onTheRightOf', board);\n});",
              "err": {
                "message": "CypressError: Timed out retrying: expected '<button#generate-board.tool-botton>' to be on the right of { Object (0, length, ...) }",
                "estack": "CypressError: Timed out retrying: expected '<button#generate-board.tool-botton>' to be on the right of { Object (0, length, ...) }\n    at cypressErr (http://localhost:41269/__cypress/runner/cypress_runner.js:149934:9)\n    at throwErr (http://localhost:41269/__cypress/runner/cypress_runner.js:149867:11)\n    at Object.throwErrByPath (http://localhost:41269/__cypress/runner/cypress_runner.js:149915:3)\n    at retry (http://localhost:41269/__cypress/runner/cypress_runner.js:144197:19)\n    at onFailFn (http://localhost:41269/__cypress/runner/cypress_runner.js:132448:16)\n    at tryCatcher (http://localhost:41269/__cypress/runner/cypress_runner.js:167415:23)\n    at Promise._settlePromiseFromHandler (http://localhost:41269/__cypress/runner/cypress_runner.js:165351:31)\n    at Promise._settlePromise (http://localhost:41269/__cypress/runner/cypress_runner.js:165408:18)\n    at Promise._settlePromise0 (http://localhost:41269/__cypress/runner/cypress_runner.js:165453:10)\n    at Promise._settlePromises (http://localhost:41269/__cypress/runner/cypress_runner.js:165528:18)\n    at Async../node_modules/bluebird/js/release/async.js.Async._drainQueue (http://localhost:41269/__cypress/runner/cypress_runner.js:162140:16)\n    at Async../node_modules/bluebird/js/release/async.js.Async._drainQueues (http://localhost:41269/__cypress/runner/cypress_runner.js:162150:10)\n    at Async.drainQueues (http://localhost:41269/__cypress/runner/cypress_runner.js:162024:14)",
                "diff": null
              },
              "uuid": "58828294-440a-4ec9-aa73-e0891ae50896",
              "parentUUID": "a45b0a38-2c18-4df2-afa5-7f9ce390de11",
              "isHook": false,
              "skipped": false
            },
            {
              "title": "Verifica se nenhum valor for colocado no input ao clicar no botão, um `alert` é exibido com o texto: 'Board inválido!'",
              "fullTitle": "10 - Faça o quadro de pixels ter seu tamanho definido pelo usuário. Verifica se nenhum valor for colocado no input ao clicar no botão, um `alert` é exibido com o texto: 'Board inválido!'",
              "timedOut": null,
              "duration": 314,
              "state": "failed",
              "speed": null,
              "pass": false,
              "fail": true,
              "pending": false,
              "context": null,
              "code": "var alerted = false;\ncy.on('window:alert', function (msg) {\n  return alerted = msg;\n});\ncy.get('#generate-board').click().then(function () {\n  return expect(alerted).to.match(/Board inválido!/i);\n});",
              "err": {
                "message": "AssertionError: expected false to match /Board inválido!/i",
                "estack": "AssertionError: expected false to match /Board inválido!/i\n    at getRet (http://localhost:41269/__cypress/runner/cypress_runner.js:136585:16)\n    at tryCatcher (http://localhost:41269/__cypress/runner/cypress_runner.js:167415:23)\n    at Function.Promise.attempt.Promise.try (http://localhost:41269/__cypress/runner/cypress_runner.js:164690:29)\n    at Context.thenFn (http://localhost:41269/__cypress/runner/cypress_runner.js:136599:23)\n    at Context.then (http://localhost:41269/__cypress/runner/cypress_runner.js:136971:21)\n    at Context.<anonymous> (http://localhost:41269/__cypress/runner/cypress_runner.js:148875:21)\n    at http://localhost:41269/__cypress/runner/cypress_runner.js:148351:33\n    at tryCatcher (http://localhost:41269/__cypress/runner/cypress_runner.js:167415:23)\n    at Promise._settlePromiseFromHandler (http://localhost:41269/__cypress/runner/cypress_runner.js:165351:31)\n    at Promise._settlePromise (http://localhost:41269/__cypress/runner/cypress_runner.js:165408:18)\n    at Promise._settlePromiseCtx (http://localhost:41269/__cypress/runner/cypress_runner.js:165445:10)\n    at Async../node_modules/bluebird/js/release/async.js.Async._drainQueue (http://localhost:41269/__cypress/runner/cypress_runner.js:162145:12)\n    at Async../node_modules/bluebird/js/release/async.js.Async._drainQueues (http://localhost:41269/__cypress/runner/cypress_runner.js:162150:10)\n    at Async.drainQueues (http://localhost:41269/__cypress/runner/cypress_runner.js:162024:14)",
                "diff": null
              },
              "uuid": "1df21db3-ceb2-448a-9e93-977f764debed",
              "parentUUID": "a45b0a38-2c18-4df2-afa5-7f9ce390de11",
              "isHook": false,
              "skipped": false
            },
            {
              "title": "Verifica se ao clicar no botão com um valor preenchido, o tamanho do board muda.",
              "fullTitle": "10 - Faça o quadro de pixels ter seu tamanho definido pelo usuário. Verifica se ao clicar no botão com um valor preenchido, o tamanho do board muda.",
              "timedOut": null,
              "duration": 4541,
              "state": "failed",
              "speed": null,
              "pass": false,
              "fail": true,
              "pending": false,
              "context": null,
              "code": "cy.get('#board-size').clear().type(10);\ncy.get('#generate-board').click();\ncy.get('.pixel').should('have.length', 100);",
              "err": {
                "message": "CypressError: Timed out retrying: Not enough elements found. Found '25', expected '100'.",
                "estack": "CypressError: Timed out retrying: Not enough elements found. Found '25', expected '100'.\n    at cypressErr (http://localhost:41269/__cypress/runner/cypress_runner.js:149934:9)\n    at throwErr (http://localhost:41269/__cypress/runner/cypress_runner.js:149867:11)\n    at Object.throwErrByPath (http://localhost:41269/__cypress/runner/cypress_runner.js:149915:3)\n    at retry (http://localhost:41269/__cypress/runner/cypress_runner.js:144197:19)\n    at onFailFn (http://localhost:41269/__cypress/runner/cypress_runner.js:132448:16)\n    at tryCatcher (http://localhost:41269/__cypress/runner/cypress_runner.js:167415:23)\n    at Promise._settlePromiseFromHandler (http://localhost:41269/__cypress/runner/cypress_runner.js:165351:31)\n    at Promise._settlePromise (http://localhost:41269/__cypress/runner/cypress_runner.js:165408:18)\n    at Promise._settlePromise0 (http://localhost:41269/__cypress/runner/cypress_runner.js:165453:10)\n    at Promise._settlePromises (http://localhost:41269/__cypress/runner/cypress_runner.js:165528:18)\n    at Async../node_modules/bluebird/js/release/async.js.Async._drainQueue (http://localhost:41269/__cypress/runner/cypress_runner.js:162140:16)\n    at Async../node_modules/bluebird/js/release/async.js.Async._drainQueues (http://localhost:41269/__cypress/runner/cypress_runner.js:162150:10)\n    at Async.drainQueues (http://localhost:41269/__cypress/runner/cypress_runner.js:162024:14)",
                "diff": null
              },
              "uuid": "ef23a353-eac0-44de-a42e-1d7526bfc34a",
              "parentUUID": "a45b0a38-2c18-4df2-afa5-7f9ce390de11",
              "isHook": false,
              "skipped": false
            },
            {
              "title": "Verifica se o novo quadro tem todos os pixels preenchidos com a cor branca",
              "fullTitle": "10 - Faça o quadro de pixels ter seu tamanho definido pelo usuário. Verifica se o novo quadro tem todos os pixels preenchidos com a cor branca",
              "timedOut": null,
              "duration": 4571,
              "state": "failed",
              "speed": null,
              "pass": false,
              "fail": true,
              "pending": false,
              "context": null,
              "code": "cy.get('#board-size').clear().type(6);\ncy.get('#generate-board').click();\ncy.get('.pixel').should('have.length', 36).each(function (pixel) {\n  expect(pixel).to.have.css('background-color', WHITE);\n});",
              "err": {
                "message": "CypressError: Timed out retrying: Not enough elements found. Found '25', expected '36'.",
                "estack": "CypressError: Timed out retrying: Not enough elements found. Found '25', expected '36'.\n    at cypressErr (http://localhost:41269/__cypress/runner/cypress_runner.js:149934:9)\n    at throwErr (http://localhost:41269/__cypress/runner/cypress_runner.js:149867:11)\n    at Object.throwErrByPath (http://localhost:41269/__cypress/runner/cypress_runner.js:149915:3)\n    at retry (http://localhost:41269/__cypress/runner/cypress_runner.js:144197:19)\n    at onFailFn (http://localhost:41269/__cypress/runner/cypress_runner.js:132448:16)\n    at tryCatcher (http://localhost:41269/__cypress/runner/cypress_runner.js:167415:23)\n    at Promise._settlePromiseFromHandler (http://localhost:41269/__cypress/runner/cypress_runner.js:165351:31)\n    at Promise._settlePromise (http://localhost:41269/__cypress/runner/cypress_runner.js:165408:18)\n    at Promise._settlePromise0 (http://localhost:41269/__cypress/runner/cypress_runner.js:165453:10)\n    at Promise._settlePromises (http://localhost:41269/__cypress/runner/cypress_runner.js:165528:18)\n    at Async../node_modules/bluebird/js/release/async.js.Async._drainQueue (http://localhost:41269/__cypress/runner/cypress_runner.js:162140:16)\n    at Async../node_modules/bluebird/js/release/async.js.Async._drainQueues (http://localhost:41269/__cypress/runner/cypress_runner.js:162150:10)\n    at Async.drainQueues (http://localhost:41269/__cypress/runner/cypress_runner.js:162024:14)",
                "diff": null
              },
              "uuid": "9aa8bf17-9ac5-4e8a-a77d-57d8438780d6",
              "parentUUID": "a45b0a38-2c18-4df2-afa5-7f9ce390de11",
              "isHook": false,
              "skipped": false
            }
          ],
          "suites": [],
          "passes": [
            "16ea95b2-06b8-42e0-92dc-d4a10fd50fca",
            "14e1d4c7-9ef7-4075-84be-355b19e08d48",
            "2500cc7b-3273-45e3-b9ce-fa29d56267a2",
            "7da6f240-9e38-480f-8c88-5563d2e7c254",
            "10a5e233-ab50-443a-bd4a-9c7175906a0f"
          ],
          "failures": [
            "58828294-440a-4ec9-aa73-e0891ae50896",
            "1df21db3-ceb2-448a-9e93-977f764debed",
            "ef23a353-eac0-44de-a42e-1d7526bfc34a",
            "9aa8bf17-9ac5-4e8a-a77d-57d8438780d6"
          ],
          "pending": [],
          "skipped": [],
          "duration": 14063,
          "root": false,
          "rootEmpty": false,
          "_timeout": 2000
        },
        {
          "uuid": "54268dbd-ad8c-4748-b8f3-5c2c9f15964e",
          "title": "11 - Limite o tamanho mínimo e máximo do board.",
          "fullFile": "",
          "file": "",
          "beforeHooks": [],
          "afterHooks": [],
          "tests": [
            {
              "title": "Verifica se a altura máxima do board é 50",
              "fullTitle": "11 - Limite o tamanho mínimo e máximo do board. Verifica se a altura máxima do board é 50",
              "timedOut": null,
              "duration": 4585,
              "state": "failed",
              "speed": null,
              "pass": false,
              "fail": true,
              "pending": false,
              "context": null,
              "code": "cy.get('#board-size').clear().type(50);\ncy.get('#generate-board').click();\ncy.get('.pixel').should('have.length', 2500);",
              "err": {
                "message": "CypressError: Timed out retrying: Not enough elements found. Found '25', expected '2500'.",
                "estack": "CypressError: Timed out retrying: Not enough elements found. Found '25', expected '2500'.\n    at cypressErr (http://localhost:41269/__cypress/runner/cypress_runner.js:149934:9)\n    at throwErr (http://localhost:41269/__cypress/runner/cypress_runner.js:149867:11)\n    at Object.throwErrByPath (http://localhost:41269/__cypress/runner/cypress_runner.js:149915:3)\n    at retry (http://localhost:41269/__cypress/runner/cypress_runner.js:144197:19)\n    at onFailFn (http://localhost:41269/__cypress/runner/cypress_runner.js:132448:16)\n    at tryCatcher (http://localhost:41269/__cypress/runner/cypress_runner.js:167415:23)\n    at Promise._settlePromiseFromHandler (http://localhost:41269/__cypress/runner/cypress_runner.js:165351:31)\n    at Promise._settlePromise (http://localhost:41269/__cypress/runner/cypress_runner.js:165408:18)\n    at Promise._settlePromise0 (http://localhost:41269/__cypress/runner/cypress_runner.js:165453:10)\n    at Promise._settlePromises (http://localhost:41269/__cypress/runner/cypress_runner.js:165528:18)\n    at Async../node_modules/bluebird/js/release/async.js.Async._drainQueue (http://localhost:41269/__cypress/runner/cypress_runner.js:162140:16)\n    at Async../node_modules/bluebird/js/release/async.js.Async._drainQueues (http://localhost:41269/__cypress/runner/cypress_runner.js:162150:10)\n    at Async.drainQueues (http://localhost:41269/__cypress/runner/cypress_runner.js:162024:14)",
                "diff": null
              },
              "uuid": "707c8eb2-1b72-4d71-a718-7f1bb4edc489",
              "parentUUID": "54268dbd-ad8c-4748-b8f3-5c2c9f15964e",
              "isHook": false,
              "skipped": false
            },
            {
              "title": "Verifica se a altura do board é 5 quando um valor menor é colocado no input",
              "fullTitle": "11 - Limite o tamanho mínimo e máximo do board. Verifica se a altura do board é 5 quando um valor menor é colocado no input",
              "timedOut": null,
              "duration": 404,
              "state": "passed",
              "speed": "slow",
              "pass": true,
              "fail": false,
              "pending": false,
              "context": null,
              "code": "cy.get('#board-size').clear().type(4);\ncy.get('#generate-board').click();\ncy.get('.pixel').should('have.length', 25);",
              "err": {},
              "uuid": "84439f35-743d-4e78-a71c-a04ba72d638e",
              "parentUUID": "54268dbd-ad8c-4748-b8f3-5c2c9f15964e",
              "isHook": false,
              "skipped": false
            },
            {
              "title": "Verifica se a altura do board é 50 quando um valor maior é colocado no input",
              "fullTitle": "11 - Limite o tamanho mínimo e máximo do board. Verifica se a altura do board é 50 quando um valor maior é colocado no input",
              "timedOut": null,
              "duration": 4535,
              "state": "failed",
              "speed": null,
              "pass": false,
              "fail": true,
              "pending": false,
              "context": null,
              "code": "cy.get('#board-size').clear().type(51);\ncy.get('#generate-board').click();\ncy.get('.pixel').should('have.length', 2500);",
              "err": {
                "message": "CypressError: Timed out retrying: Not enough elements found. Found '25', expected '2500'.",
                "estack": "CypressError: Timed out retrying: Not enough elements found. Found '25', expected '2500'.\n    at cypressErr (http://localhost:41269/__cypress/runner/cypress_runner.js:149934:9)\n    at throwErr (http://localhost:41269/__cypress/runner/cypress_runner.js:149867:11)\n    at Object.throwErrByPath (http://localhost:41269/__cypress/runner/cypress_runner.js:149915:3)\n    at retry (http://localhost:41269/__cypress/runner/cypress_runner.js:144197:19)\n    at onFailFn (http://localhost:41269/__cypress/runner/cypress_runner.js:132448:16)\n    at tryCatcher (http://localhost:41269/__cypress/runner/cypress_runner.js:167415:23)\n    at Promise._settlePromiseFromHandler (http://localhost:41269/__cypress/runner/cypress_runner.js:165351:31)\n    at Promise._settlePromise (http://localhost:41269/__cypress/runner/cypress_runner.js:165408:18)\n    at Promise._settlePromise0 (http://localhost:41269/__cypress/runner/cypress_runner.js:165453:10)\n    at Promise._settlePromises (http://localhost:41269/__cypress/runner/cypress_runner.js:165528:18)\n    at Async../node_modules/bluebird/js/release/async.js.Async._drainQueue (http://localhost:41269/__cypress/runner/cypress_runner.js:162140:16)\n    at Async../node_modules/bluebird/js/release/async.js.Async._drainQueues (http://localhost:41269/__cypress/runner/cypress_runner.js:162150:10)\n    at Async.drainQueues (http://localhost:41269/__cypress/runner/cypress_runner.js:162024:14)",
                "diff": null
              },
              "uuid": "49c2883b-2724-4124-a9da-be5fa24f7910",
              "parentUUID": "54268dbd-ad8c-4748-b8f3-5c2c9f15964e",
              "isHook": false,
              "skipped": false
            }
          ],
          "suites": [],
          "passes": [
            "84439f35-743d-4e78-a71c-a04ba72d638e"
          ],
          "failures": [
            "707c8eb2-1b72-4d71-a718-7f1bb4edc489",
            "49c2883b-2724-4124-a9da-be5fa24f7910"
          ],
          "pending": [],
          "skipped": [],
          "duration": 9524,
          "root": false,
          "rootEmpty": false,
          "_timeout": 2000
        },
        {
          "uuid": "4c1ab454-ec6e-4be4-b924-f329edf390b3",
          "title": "12 - Faça com que as cores da paleta sejam geradas aleatoriamente ao carregar a página.",
          "fullFile": "",
          "file": "",
          "beforeHooks": [],
          "afterHooks": [],
          "tests": [
            {
              "title": "Verifica se as cores geradas na paleta são diferentes a cada carregamento da página",
              "fullTitle": "12 - Faça com que as cores da paleta sejam geradas aleatoriamente ao carregar a página. Verifica se as cores geradas na paleta são diferentes a cada carregamento da página",
              "timedOut": null,
              "duration": 298,
              "state": "failed",
              "speed": null,
              "pass": false,
              "fail": true,
              "pending": false,
              "context": null,
              "code": "cy.get('.color').then(function (colors) {\n  var currentColors;\n  var previousColors;\n  previousColors = Array.from(colors).map(function (color) {\n    return Cypress.$(color).css('background-color');\n  });\n  for (var i = 0; i < 5; i += 1) {\n    cy.reload();\n    cy.get('.color').then(function (colors) {\n      currentColors = Array.from(colors).map(function (color) {\n        return Cypress.$(color).css('background-color');\n      });\n      expect(currentColors).not.to.deep.equal(previousColors);\n      previousColors = currentColors;\n    });\n  }\n});",
              "err": {
                "message": "AssertionError: expected [ Array(4) ] to not deeply equal [ Array(4) ]",
                "estack": "AssertionError: expected [ Array(4) ] to not deeply equal [ Array(4) ]\n    at getRet (http://localhost:41269/__cypress/runner/cypress_runner.js:136585:16)\n    at tryCatcher (http://localhost:41269/__cypress/runner/cypress_runner.js:167415:23)\n    at Function.Promise.attempt.Promise.try (http://localhost:41269/__cypress/runner/cypress_runner.js:164690:29)\n    at Context.thenFn (http://localhost:41269/__cypress/runner/cypress_runner.js:136599:23)\n    at Context.then (http://localhost:41269/__cypress/runner/cypress_runner.js:136971:21)\n    at Context.<anonymous> (http://localhost:41269/__cypress/runner/cypress_runner.js:148875:21)\n    at http://localhost:41269/__cypress/runner/cypress_runner.js:148351:33\n    at tryCatcher (http://localhost:41269/__cypress/runner/cypress_runner.js:167415:23)\n    at Promise._settlePromiseFromHandler (http://localhost:41269/__cypress/runner/cypress_runner.js:165351:31)\n    at Promise._settlePromise (http://localhost:41269/__cypress/runner/cypress_runner.js:165408:18)\n    at Promise._settlePromiseCtx (http://localhost:41269/__cypress/runner/cypress_runner.js:165445:10)\n    at Async../node_modules/bluebird/js/release/async.js.Async._drainQueue (http://localhost:41269/__cypress/runner/cypress_runner.js:162145:12)\n    at Async../node_modules/bluebird/js/release/async.js.Async._drainQueues (http://localhost:41269/__cypress/runner/cypress_runner.js:162150:10)\n    at Async.drainQueues (http://localhost:41269/__cypress/runner/cypress_runner.js:162024:14)",
                "diff": ""
              },
              "uuid": "f48a3244-9165-4c05-8e0f-08e4ed47134d",
              "parentUUID": "4c1ab454-ec6e-4be4-b924-f329edf390b3",
              "isHook": false,
              "skipped": false
            },
            {
              "title": "Verifica se a cor preta ainda está presente e é a primeira na sua paleta de cores",
              "fullTitle": "12 - Faça com que as cores da paleta sejam geradas aleatoriamente ao carregar a página. Verifica se a cor preta ainda está presente e é a primeira na sua paleta de cores",
              "timedOut": null,
              "duration": 350,
              "state": "failed",
              "speed": null,
              "pass": false,
              "fail": true,
              "pending": false,
              "context": null,
              "code": "cy.get('.color').then(function (colors) {\n  var currentColors;\n  var previousColors;\n  previousColors = Array.from(colors).map(function (color) {\n    return Cypress.$(color).css('background-color');\n  });\n  expect(previousColors[0]).to.eq(BLACK);\n  for (var i = 0; i < 5; i += 1) {\n    cy.reload();\n    cy.get('.color').then(function (colors) {\n      currentColors = Array.from(colors).map(function (color) {\n        return Cypress.$(color).css('background-color');\n      });\n      expect(currentColors[0]).to.eq(BLACK);\n      expect(currentColors).not.to.deep.equal(previousColors);\n      previousColors = currentColors;\n    });\n  }\n});",
              "err": {
                "message": "AssertionError: expected 'rgba(0, 0, 0, 0)' to equal 'rgb(0, 0, 0)'",
                "estack": "AssertionError: expected 'rgba(0, 0, 0, 0)' to equal 'rgb(0, 0, 0)'\n    at getRet (http://localhost:41269/__cypress/runner/cypress_runner.js:136585:16)\n    at tryCatcher (http://localhost:41269/__cypress/runner/cypress_runner.js:167415:23)\n    at Function.Promise.attempt.Promise.try (http://localhost:41269/__cypress/runner/cypress_runner.js:164690:29)\n    at Context.thenFn (http://localhost:41269/__cypress/runner/cypress_runner.js:136599:23)\n    at Context.then (http://localhost:41269/__cypress/runner/cypress_runner.js:136971:21)\n    at Context.<anonymous> (http://localhost:41269/__cypress/runner/cypress_runner.js:148875:21)\n    at http://localhost:41269/__cypress/runner/cypress_runner.js:148351:33\n    at tryCatcher (http://localhost:41269/__cypress/runner/cypress_runner.js:167415:23)\n    at Promise._settlePromiseFromHandler (http://localhost:41269/__cypress/runner/cypress_runner.js:165351:31)\n    at Promise._settlePromise (http://localhost:41269/__cypress/runner/cypress_runner.js:165408:18)\n    at Promise._settlePromiseCtx (http://localhost:41269/__cypress/runner/cypress_runner.js:165445:10)\n    at Async../node_modules/bluebird/js/release/async.js.Async._drainQueue (http://localhost:41269/__cypress/runner/cypress_runner.js:162145:12)\n    at Async../node_modules/bluebird/js/release/async.js.Async._drainQueues (http://localhost:41269/__cypress/runner/cypress_runner.js:162150:10)\n    at Async.drainQueues (http://localhost:41269/__cypress/runner/cypress_runner.js:162024:14)",
                "diff": "- 'rgba(0, 0, 0, 0)'\n+ 'rgb(0, 0, 0)'\n"
              },
              "uuid": "2f97fb62-6213-4a0b-b90b-7538bbe33b50",
              "parentUUID": "4c1ab454-ec6e-4be4-b924-f329edf390b3",
              "isHook": false,
              "skipped": false
            }
          ],
          "suites": [],
          "passes": [],
          "failures": [
            "f48a3244-9165-4c05-8e0f-08e4ed47134d",
            "2f97fb62-6213-4a0b-b90b-7538bbe33b50"
          ],
          "pending": [],
          "skipped": [],
          "duration": 648,
          "root": false,
          "rootEmpty": false,
          "_timeout": 2000
        }
      ],
      "passes": [],
      "failures": [],
      "pending": [],
      "skipped": [],
      "duration": 0,
      "root": true,
      "rootEmpty": true,
      "_timeout": 2000
    }
  ],
  "meta": {
    "mocha": {
      "version": "7.0.1"
    },
    "mochawesome": {
      "options": {
        "quiet": false,
        "reportFilename": "mochawesome",
        "saveHtml": false,
        "saveJson": true,
        "consoleReporter": "spec",
        "useInlineDiffs": false
      },
      "version": "4.1.0"
    },
    "marge": {
      "options": {
        "id": "default",
        "reportDir": "cypress/reports",
        "overwrite": true,
        "html": false,
        "json": true
      },
      "version": "4.1.0"
    }
  }
}