{
  "stats": {
    "suites": 12,
    "tests": 41,
    "passes": 1,
    "pending": 0,
    "failures": 40,
    "start": "2021-09-10T20:22:09.605Z",
    "end": "2021-09-10T20:25:28.140Z",
    "duration": 198535,
    "testsRegistered": 41,
    "passPercent": 2.4390243902439024,
    "pendingPercent": 0,
    "other": 0,
    "hasOther": false,
    "skipped": 0,
    "hasSkipped": false
  },
  "results": [
    {
      "uuid": "d4a6738d-4165-4b35-ac13-a5d50d815e1a",
      "title": "",
      "fullFile": "cypress/integration/project.spec.js",
      "file": "cypress/integration/project.spec.js",
      "beforeHooks": [],
      "afterHooks": [],
      "tests": [],
      "suites": [
        {
          "uuid": "0c87276b-5713-459f-93dd-2018fc79b9c5",
          "title": "1 - Adicione à página o título \"Paleta de Cores\".",
          "fullFile": "",
          "file": "",
          "beforeHooks": [],
          "afterHooks": [],
          "tests": [
            {
              "title": "Verifica se contém um elemento `h1` com o id `title` com o título correto",
              "fullTitle": "1 - Adicione à página o título \"Paleta de Cores\". Verifica se contém um elemento `h1` com o id `title` com o título correto",
              "timedOut": null,
              "duration": 446,
              "state": "passed",
              "speed": "slow",
              "pass": true,
              "fail": false,
              "pending": false,
              "context": null,
              "code": "cy.get('h1#title').should('contain.text', 'Paleta de Cores');",
              "err": {},
              "uuid": "88b97be6-8cbd-4567-951a-6ff12048602e",
              "parentUUID": "0c87276b-5713-459f-93dd-2018fc79b9c5",
              "isHook": false,
              "skipped": false
            }
          ],
          "suites": [],
          "passes": [
            "88b97be6-8cbd-4567-951a-6ff12048602e"
          ],
          "failures": [],
          "pending": [],
          "skipped": [],
          "duration": 446,
          "root": false,
          "rootEmpty": false,
          "_timeout": 2000
        },
        {
          "uuid": "d05731c5-d834-40b0-ada5-6e2017576d74",
          "title": "2 - Adicione à página uma paleta de quatro cores distintas.",
          "fullFile": "",
          "file": "",
          "beforeHooks": [],
          "afterHooks": [],
          "tests": [
            {
              "title": "A paleta de cores deve ser um elemento com `id` denominado `color-palette`",
              "fullTitle": "2 - Adicione à página uma paleta de quatro cores distintas. A paleta de cores deve ser um elemento com `id` denominado `color-palette`",
              "timedOut": null,
              "duration": 4755,
              "state": "failed",
              "speed": null,
              "pass": false,
              "fail": true,
              "pending": false,
              "context": null,
              "code": "cy.get('#color-palette').should('be.visible');\ncy.get('#color-palette').children('.color');",
              "err": {
                "message": "CypressError: Timed out retrying: Expected to find element: '#color-palette', but never found it.",
                "estack": "CypressError: Timed out retrying: Expected to find element: '#color-palette', but never found it.\n    at cypressErr (http://localhost:58002/__cypress/runner/cypress_runner.js:149934:9)\n    at throwErr (http://localhost:58002/__cypress/runner/cypress_runner.js:149867:11)\n    at Object.throwErrByPath (http://localhost:58002/__cypress/runner/cypress_runner.js:149915:3)\n    at retry (http://localhost:58002/__cypress/runner/cypress_runner.js:144197:19)\n    at onFailFn (http://localhost:58002/__cypress/runner/cypress_runner.js:132448:16)\n    at tryCatcher (http://localhost:58002/__cypress/runner/cypress_runner.js:167415:23)\n    at Promise._settlePromiseFromHandler (http://localhost:58002/__cypress/runner/cypress_runner.js:165351:31)\n    at Promise._settlePromise (http://localhost:58002/__cypress/runner/cypress_runner.js:165408:18)\n    at Promise._settlePromise0 (http://localhost:58002/__cypress/runner/cypress_runner.js:165453:10)\n    at Promise._settlePromises (http://localhost:58002/__cypress/runner/cypress_runner.js:165528:18)\n    at Async../node_modules/bluebird/js/release/async.js.Async._drainQueue (http://localhost:58002/__cypress/runner/cypress_runner.js:162140:16)\n    at Async../node_modules/bluebird/js/release/async.js.Async._drainQueues (http://localhost:58002/__cypress/runner/cypress_runner.js:162150:10)\n    at Async.drainQueues (http://localhost:58002/__cypress/runner/cypress_runner.js:162024:14)",
                "diff": null
              },
              "uuid": "869e972a-e191-4df3-8552-37b82b10e373",
              "parentUUID": "d05731c5-d834-40b0-ada5-6e2017576d74",
              "isHook": false,
              "skipped": false
            },
            {
              "title": "Verifica se cada cor individual da paleta de cores possui a `classe` chamada `color`.",
              "fullTitle": "2 - Adicione à página uma paleta de quatro cores distintas. Verifica se cada cor individual da paleta de cores possui a `classe` chamada `color`.",
              "timedOut": null,
              "duration": 4768,
              "state": "failed",
              "speed": null,
              "pass": false,
              "fail": true,
              "pending": false,
              "context": null,
              "code": "cy.get('.color').should('have.length', 4).then(function (colors) {\n  for (var i = 0; i < colors.length; i++) {\n    cy.wrap(colors[i]).should('be.visible');\n  }\n});",
              "err": {
                "message": "CypressError: Timed out retrying: Expected to find element: '.color', but never found it.",
                "estack": "CypressError: Timed out retrying: Expected to find element: '.color', but never found it.\n    at cypressErr (http://localhost:58002/__cypress/runner/cypress_runner.js:149934:9)\n    at throwErr (http://localhost:58002/__cypress/runner/cypress_runner.js:149867:11)\n    at Object.throwErrByPath (http://localhost:58002/__cypress/runner/cypress_runner.js:149915:3)\n    at retry (http://localhost:58002/__cypress/runner/cypress_runner.js:144197:19)\n    at onFailFn (http://localhost:58002/__cypress/runner/cypress_runner.js:132448:16)\n    at tryCatcher (http://localhost:58002/__cypress/runner/cypress_runner.js:167415:23)\n    at Promise._settlePromiseFromHandler (http://localhost:58002/__cypress/runner/cypress_runner.js:165351:31)\n    at Promise._settlePromise (http://localhost:58002/__cypress/runner/cypress_runner.js:165408:18)\n    at Promise._settlePromise0 (http://localhost:58002/__cypress/runner/cypress_runner.js:165453:10)\n    at Promise._settlePromises (http://localhost:58002/__cypress/runner/cypress_runner.js:165528:18)\n    at Async../node_modules/bluebird/js/release/async.js.Async._drainQueue (http://localhost:58002/__cypress/runner/cypress_runner.js:162140:16)\n    at Async../node_modules/bluebird/js/release/async.js.Async._drainQueues (http://localhost:58002/__cypress/runner/cypress_runner.js:162150:10)\n    at Async.drainQueues (http://localhost:58002/__cypress/runner/cypress_runner.js:162024:14)",
                "diff": null
              },
              "uuid": "265747af-d30c-4233-8fd8-9a7d3eaf03e3",
              "parentUUID": "d05731c5-d834-40b0-ada5-6e2017576d74",
              "isHook": false,
              "skipped": false
            },
            {
              "title": "Verifica se a cor de fundo de cada elemento da paleta é a cor que o elemento representa. **A única cor não permitida na paleta é a cor branca.**",
              "fullTitle": "2 - Adicione à página uma paleta de quatro cores distintas. Verifica se a cor de fundo de cada elemento da paleta é a cor que o elemento representa. **A única cor não permitida na paleta é a cor branca.**",
              "timedOut": null,
              "duration": 4719,
              "state": "failed",
              "speed": null,
              "pass": false,
              "fail": true,
              "pending": false,
              "context": null,
              "code": "cy.get('.color').each(function (color) {\n  cy.wrap(color).should('have.class', 'color').and('not.have.css', 'background-color', WHITE);\n  cy.wrap(color).should('have.css', 'background-color');\n});",
              "err": {
                "message": "CypressError: Timed out retrying: Expected to find element: '.color', but never found it.",
                "estack": "CypressError: Timed out retrying: Expected to find element: '.color', but never found it.\n    at cypressErr (http://localhost:58002/__cypress/runner/cypress_runner.js:149934:9)\n    at throwErr (http://localhost:58002/__cypress/runner/cypress_runner.js:149867:11)\n    at Object.throwErrByPath (http://localhost:58002/__cypress/runner/cypress_runner.js:149915:3)\n    at retry (http://localhost:58002/__cypress/runner/cypress_runner.js:144197:19)\n    at onFailFn (http://localhost:58002/__cypress/runner/cypress_runner.js:132448:16)\n    at tryCatcher (http://localhost:58002/__cypress/runner/cypress_runner.js:167415:23)\n    at Promise._settlePromiseFromHandler (http://localhost:58002/__cypress/runner/cypress_runner.js:165351:31)\n    at Promise._settlePromise (http://localhost:58002/__cypress/runner/cypress_runner.js:165408:18)\n    at Promise._settlePromise0 (http://localhost:58002/__cypress/runner/cypress_runner.js:165453:10)\n    at Promise._settlePromises (http://localhost:58002/__cypress/runner/cypress_runner.js:165528:18)\n    at Async../node_modules/bluebird/js/release/async.js.Async._drainQueue (http://localhost:58002/__cypress/runner/cypress_runner.js:162140:16)\n    at Async../node_modules/bluebird/js/release/async.js.Async._drainQueues (http://localhost:58002/__cypress/runner/cypress_runner.js:162150:10)\n    at Async.drainQueues (http://localhost:58002/__cypress/runner/cypress_runner.js:162024:14)",
                "diff": null
              },
              "uuid": "c6a5783f-cae8-47db-bc17-614dc7eadc11",
              "parentUUID": "d05731c5-d834-40b0-ada5-6e2017576d74",
              "isHook": false,
              "skipped": false
            },
            {
              "title": "Verifica se cada elemento da paleta de cores tem uma borda preta, sólida e com 1 pixel de largura;",
              "fullTitle": "2 - Adicione à página uma paleta de quatro cores distintas. Verifica se cada elemento da paleta de cores tem uma borda preta, sólida e com 1 pixel de largura;",
              "timedOut": null,
              "duration": 4701,
              "state": "failed",
              "speed": null,
              "pass": false,
              "fail": true,
              "pending": false,
              "context": null,
              "code": "cy.get('.color').each(function (color) {\n  cy.wrap(color).and('have.css', 'border', \"1px solid \".concat(BLACK)).and('have.class', 'color');\n});",
              "err": {
                "message": "CypressError: Timed out retrying: Expected to find element: '.color', but never found it.",
                "estack": "CypressError: Timed out retrying: Expected to find element: '.color', but never found it.\n    at cypressErr (http://localhost:58002/__cypress/runner/cypress_runner.js:149934:9)\n    at throwErr (http://localhost:58002/__cypress/runner/cypress_runner.js:149867:11)\n    at Object.throwErrByPath (http://localhost:58002/__cypress/runner/cypress_runner.js:149915:3)\n    at retry (http://localhost:58002/__cypress/runner/cypress_runner.js:144197:19)\n    at onFailFn (http://localhost:58002/__cypress/runner/cypress_runner.js:132448:16)\n    at tryCatcher (http://localhost:58002/__cypress/runner/cypress_runner.js:167415:23)\n    at Promise._settlePromiseFromHandler (http://localhost:58002/__cypress/runner/cypress_runner.js:165351:31)\n    at Promise._settlePromise (http://localhost:58002/__cypress/runner/cypress_runner.js:165408:18)\n    at Promise._settlePromise0 (http://localhost:58002/__cypress/runner/cypress_runner.js:165453:10)\n    at Promise._settlePromises (http://localhost:58002/__cypress/runner/cypress_runner.js:165528:18)\n    at Async../node_modules/bluebird/js/release/async.js.Async._drainQueue (http://localhost:58002/__cypress/runner/cypress_runner.js:162140:16)\n    at Async../node_modules/bluebird/js/release/async.js.Async._drainQueues (http://localhost:58002/__cypress/runner/cypress_runner.js:162150:10)\n    at Async.drainQueues (http://localhost:58002/__cypress/runner/cypress_runner.js:162024:14)",
                "diff": null
              },
              "uuid": "04607215-8975-45b6-88ea-a90d8032f117",
              "parentUUID": "d05731c5-d834-40b0-ada5-6e2017576d74",
              "isHook": false,
              "skipped": false
            },
            {
              "title": "Verifica se a paleta lista todas as cores disponíveis para utilização, lado a lado.",
              "fullTitle": "2 - Adicione à página uma paleta de quatro cores distintas. Verifica se a paleta lista todas as cores disponíveis para utilização, lado a lado.",
              "timedOut": null,
              "duration": 4732,
              "state": "failed",
              "speed": null,
              "pass": false,
              "fail": true,
              "pending": false,
              "context": null,
              "code": "cy.get('.color').then(function (colors) {\n  for (var index = 1; index < colors.length; index += 1) {\n    var currentColor = colors[index];\n    var previousColor = colors[index - 1];\n    cy.wrap(currentColor).should('be.onTheRightOf', previousColor).and('be.horizontallyAlignedWith', previousColor);\n  }\n});",
              "err": {
                "message": "CypressError: Timed out retrying: Expected to find element: '.color', but never found it.",
                "estack": "CypressError: Timed out retrying: Expected to find element: '.color', but never found it.\n    at cypressErr (http://localhost:58002/__cypress/runner/cypress_runner.js:149934:9)\n    at throwErr (http://localhost:58002/__cypress/runner/cypress_runner.js:149867:11)\n    at Object.throwErrByPath (http://localhost:58002/__cypress/runner/cypress_runner.js:149915:3)\n    at retry (http://localhost:58002/__cypress/runner/cypress_runner.js:144197:19)\n    at onFailFn (http://localhost:58002/__cypress/runner/cypress_runner.js:132448:16)\n    at tryCatcher (http://localhost:58002/__cypress/runner/cypress_runner.js:167415:23)\n    at Promise._settlePromiseFromHandler (http://localhost:58002/__cypress/runner/cypress_runner.js:165351:31)\n    at Promise._settlePromise (http://localhost:58002/__cypress/runner/cypress_runner.js:165408:18)\n    at Promise._settlePromise0 (http://localhost:58002/__cypress/runner/cypress_runner.js:165453:10)\n    at Promise._settlePromises (http://localhost:58002/__cypress/runner/cypress_runner.js:165528:18)\n    at Async../node_modules/bluebird/js/release/async.js.Async._drainQueue (http://localhost:58002/__cypress/runner/cypress_runner.js:162140:16)\n    at Async../node_modules/bluebird/js/release/async.js.Async._drainQueues (http://localhost:58002/__cypress/runner/cypress_runner.js:162150:10)\n    at Async.drainQueues (http://localhost:58002/__cypress/runner/cypress_runner.js:162024:14)",
                "diff": null
              },
              "uuid": "a29e848b-8aff-4c1c-baa3-c8a882276f27",
              "parentUUID": "d05731c5-d834-40b0-ada5-6e2017576d74",
              "isHook": false,
              "skipped": false
            },
            {
              "title": "Verifica se a paleta de cores está posicionada abaixo do título 'Paleta de Cores'",
              "fullTitle": "2 - Adicione à página uma paleta de quatro cores distintas. Verifica se a paleta de cores está posicionada abaixo do título 'Paleta de Cores'",
              "timedOut": null,
              "duration": 4824,
              "state": "failed",
              "speed": null,
              "pass": false,
              "fail": true,
              "pending": false,
              "context": null,
              "code": "cy.get('h1#title').then(function (title) {\n  cy.get('#color-palette').should('be.belowOf', title);\n});",
              "err": {
                "message": "CypressError: Timed out retrying: Expected to find element: '#color-palette', but never found it.",
                "estack": "CypressError: Timed out retrying: Expected to find element: '#color-palette', but never found it.\n    at cypressErr (http://localhost:58002/__cypress/runner/cypress_runner.js:149934:9)\n    at throwErr (http://localhost:58002/__cypress/runner/cypress_runner.js:149867:11)\n    at Object.throwErrByPath (http://localhost:58002/__cypress/runner/cypress_runner.js:149915:3)\n    at retry (http://localhost:58002/__cypress/runner/cypress_runner.js:144197:19)\n    at onFailFn (http://localhost:58002/__cypress/runner/cypress_runner.js:132448:16)\n    at tryCatcher (http://localhost:58002/__cypress/runner/cypress_runner.js:167415:23)\n    at Promise._settlePromiseFromHandler (http://localhost:58002/__cypress/runner/cypress_runner.js:165351:31)\n    at Promise._settlePromise (http://localhost:58002/__cypress/runner/cypress_runner.js:165408:18)\n    at Promise._settlePromise0 (http://localhost:58002/__cypress/runner/cypress_runner.js:165453:10)\n    at Promise._settlePromises (http://localhost:58002/__cypress/runner/cypress_runner.js:165528:18)\n    at Async../node_modules/bluebird/js/release/async.js.Async._drainQueue (http://localhost:58002/__cypress/runner/cypress_runner.js:162140:16)\n    at Async../node_modules/bluebird/js/release/async.js.Async._drainQueues (http://localhost:58002/__cypress/runner/cypress_runner.js:162150:10)\n    at Async.drainQueues (http://localhost:58002/__cypress/runner/cypress_runner.js:162024:14)",
                "diff": null
              },
              "uuid": "3776e11f-d69c-41e1-a2b2-a6be61a95194",
              "parentUUID": "d05731c5-d834-40b0-ada5-6e2017576d74",
              "isHook": false,
              "skipped": false
            },
            {
              "title": "Verifica se a paleta de cores não contém cores repetidas.",
              "fullTitle": "2 - Adicione à página uma paleta de quatro cores distintas. Verifica se a paleta de cores não contém cores repetidas.",
              "timedOut": null,
              "duration": 4676,
              "state": "failed",
              "speed": null,
              "pass": false,
              "fail": true,
              "pending": false,
              "context": null,
              "code": "cy.get('.color').then(function (colors) {\n  var allColors = Array.from(colors).map(function (color) {\n    return Cypress.$(color).css('background-color');\n  });\n  cy.log(allColors);\n  var uniqColors = (0, _toConsumableArray2[\"default\"])(new Set(allColors));\n  cy.log(uniqColors);\n  expect(allColors.length).to.eq(uniqColors.length);\n});",
              "err": {
                "message": "CypressError: Timed out retrying: Expected to find element: '.color', but never found it.",
                "estack": "CypressError: Timed out retrying: Expected to find element: '.color', but never found it.\n    at cypressErr (http://localhost:58002/__cypress/runner/cypress_runner.js:149934:9)\n    at throwErr (http://localhost:58002/__cypress/runner/cypress_runner.js:149867:11)\n    at Object.throwErrByPath (http://localhost:58002/__cypress/runner/cypress_runner.js:149915:3)\n    at retry (http://localhost:58002/__cypress/runner/cypress_runner.js:144197:19)\n    at onFailFn (http://localhost:58002/__cypress/runner/cypress_runner.js:132448:16)\n    at tryCatcher (http://localhost:58002/__cypress/runner/cypress_runner.js:167415:23)\n    at Promise._settlePromiseFromHandler (http://localhost:58002/__cypress/runner/cypress_runner.js:165351:31)\n    at Promise._settlePromise (http://localhost:58002/__cypress/runner/cypress_runner.js:165408:18)\n    at Promise._settlePromise0 (http://localhost:58002/__cypress/runner/cypress_runner.js:165453:10)\n    at Promise._settlePromises (http://localhost:58002/__cypress/runner/cypress_runner.js:165528:18)\n    at Async../node_modules/bluebird/js/release/async.js.Async._drainQueue (http://localhost:58002/__cypress/runner/cypress_runner.js:162140:16)\n    at Async../node_modules/bluebird/js/release/async.js.Async._drainQueues (http://localhost:58002/__cypress/runner/cypress_runner.js:162150:10)\n    at Async.drainQueues (http://localhost:58002/__cypress/runner/cypress_runner.js:162024:14)",
                "diff": null
              },
              "uuid": "72c1832f-da23-44f5-b3ca-815d4d1e45ae",
              "parentUUID": "d05731c5-d834-40b0-ada5-6e2017576d74",
              "isHook": false,
              "skipped": false
            }
          ],
          "suites": [],
          "passes": [],
          "failures": [
            "869e972a-e191-4df3-8552-37b82b10e373",
            "265747af-d30c-4233-8fd8-9a7d3eaf03e3",
            "c6a5783f-cae8-47db-bc17-614dc7eadc11",
            "04607215-8975-45b6-88ea-a90d8032f117",
            "a29e848b-8aff-4c1c-baa3-c8a882276f27",
            "3776e11f-d69c-41e1-a2b2-a6be61a95194",
            "72c1832f-da23-44f5-b3ca-815d4d1e45ae"
          ],
          "pending": [],
          "skipped": [],
          "duration": 33175,
          "root": false,
          "rootEmpty": false,
          "_timeout": 2000
        },
        {
          "uuid": "b235fa15-6b1b-4c39-8b4b-892dbef9f5b3",
          "title": "3 - Adicione a cor **preta** como a primeira cor da paleta de cores.",
          "fullFile": "",
          "file": "",
          "beforeHooks": [],
          "afterHooks": [],
          "tests": [
            {
              "title": "Verifica se a primeira cor da paleta é preta",
              "fullTitle": "3 - Adicione a cor **preta** como a primeira cor da paleta de cores. Verifica se a primeira cor da paleta é preta",
              "timedOut": null,
              "duration": 4768,
              "state": "failed",
              "speed": null,
              "pass": false,
              "fail": true,
              "pending": false,
              "context": null,
              "code": "cy.get('.color').first().should('have.css', 'background-color', BLACK);",
              "err": {
                "message": "CypressError: Timed out retrying: Expected to find element: '.color', but never found it.",
                "estack": "CypressError: Timed out retrying: Expected to find element: '.color', but never found it.\n    at cypressErr (http://localhost:58002/__cypress/runner/cypress_runner.js:149934:9)\n    at throwErr (http://localhost:58002/__cypress/runner/cypress_runner.js:149867:11)\n    at Object.throwErrByPath (http://localhost:58002/__cypress/runner/cypress_runner.js:149915:3)\n    at retry (http://localhost:58002/__cypress/runner/cypress_runner.js:144197:19)\n    at onFailFn (http://localhost:58002/__cypress/runner/cypress_runner.js:132448:16)\n    at tryCatcher (http://localhost:58002/__cypress/runner/cypress_runner.js:167415:23)\n    at Promise._settlePromiseFromHandler (http://localhost:58002/__cypress/runner/cypress_runner.js:165351:31)\n    at Promise._settlePromise (http://localhost:58002/__cypress/runner/cypress_runner.js:165408:18)\n    at Promise._settlePromise0 (http://localhost:58002/__cypress/runner/cypress_runner.js:165453:10)\n    at Promise._settlePromises (http://localhost:58002/__cypress/runner/cypress_runner.js:165528:18)\n    at Async../node_modules/bluebird/js/release/async.js.Async._drainQueue (http://localhost:58002/__cypress/runner/cypress_runner.js:162140:16)\n    at Async../node_modules/bluebird/js/release/async.js.Async._drainQueues (http://localhost:58002/__cypress/runner/cypress_runner.js:162150:10)\n    at Async.drainQueues (http://localhost:58002/__cypress/runner/cypress_runner.js:162024:14)",
                "diff": null
              },
              "uuid": "f472f0b2-3633-4463-8df4-9f55020863fd",
              "parentUUID": "b235fa15-6b1b-4c39-8b4b-892dbef9f5b3",
              "isHook": false,
              "skipped": false
            },
            {
              "title": "Verifica se as demais cores podem ser escolhidas livremente.",
              "fullTitle": "3 - Adicione a cor **preta** como a primeira cor da paleta de cores. Verifica se as demais cores podem ser escolhidas livremente.",
              "timedOut": null,
              "duration": 4907,
              "state": "failed",
              "speed": null,
              "pass": false,
              "fail": true,
              "pending": false,
              "context": null,
              "code": "cy.get('.color').eq(1).should('not.have.css', 'background-color', BLACK);\ncy.get('.color').eq(1).should('not.have.css', 'background-color', WHITE);\ncy.get('.color').eq(1).should('not.have.css', 'background-color', 'rgba(0, 0, 0, 0)');\ncy.get('.color').eq(1).should('have.css', 'background-color');\ncy.get('.color').eq(2).should('not.have.css', 'background-color', BLACK);\ncy.get('.color').eq(2).should('not.have.css', 'background-color', WHITE);\ncy.get('.color').eq(2).should('not.have.css', 'background-color', 'rgba(0, 0, 0, 0)');\ncy.get('.color').eq(2).should('have.css', 'background-color');\ncy.get('.color').eq(3).should('not.have.css', 'background-color', BLACK);\ncy.get('.color').eq(3).should('not.have.css', 'background-color', WHITE);\ncy.get('.color').eq(3).should('not.have.css', 'background-color', 'rgba(0, 0, 0, 0)');\ncy.get('.color').eq(3).should('have.css', 'background-color');",
              "err": {
                "message": "CypressError: Timed out retrying: Expected to find element: '.color', but never found it.",
                "estack": "CypressError: Timed out retrying: Expected to find element: '.color', but never found it.\n    at cypressErr (http://localhost:58002/__cypress/runner/cypress_runner.js:149934:9)\n    at throwErr (http://localhost:58002/__cypress/runner/cypress_runner.js:149867:11)\n    at Object.throwErrByPath (http://localhost:58002/__cypress/runner/cypress_runner.js:149915:3)\n    at retry (http://localhost:58002/__cypress/runner/cypress_runner.js:144197:19)\n    at onFailFn (http://localhost:58002/__cypress/runner/cypress_runner.js:132448:16)\n    at tryCatcher (http://localhost:58002/__cypress/runner/cypress_runner.js:167415:23)\n    at Promise._settlePromiseFromHandler (http://localhost:58002/__cypress/runner/cypress_runner.js:165351:31)\n    at Promise._settlePromise (http://localhost:58002/__cypress/runner/cypress_runner.js:165408:18)\n    at Promise._settlePromise0 (http://localhost:58002/__cypress/runner/cypress_runner.js:165453:10)\n    at Promise._settlePromises (http://localhost:58002/__cypress/runner/cypress_runner.js:165528:18)\n    at Async../node_modules/bluebird/js/release/async.js.Async._drainQueue (http://localhost:58002/__cypress/runner/cypress_runner.js:162140:16)\n    at Async../node_modules/bluebird/js/release/async.js.Async._drainQueues (http://localhost:58002/__cypress/runner/cypress_runner.js:162150:10)\n    at Async.drainQueues (http://localhost:58002/__cypress/runner/cypress_runner.js:162024:14)",
                "diff": null
              },
              "uuid": "a7f6c0d8-86b2-40f0-ab98-e0833d204eb7",
              "parentUUID": "b235fa15-6b1b-4c39-8b4b-892dbef9f5b3",
              "isHook": false,
              "skipped": false
            }
          ],
          "suites": [],
          "passes": [],
          "failures": [
            "f472f0b2-3633-4463-8df4-9f55020863fd",
            "a7f6c0d8-86b2-40f0-ab98-e0833d204eb7"
          ],
          "pending": [],
          "skipped": [],
          "duration": 9675,
          "root": false,
          "rootEmpty": false,
          "_timeout": 2000
        },
        {
          "uuid": "84773045-e0d2-48e3-82e4-3089585ac60a",
          "title": "4 - Adicione à página um quadro de pixels, com 25 pixels.",
          "fullFile": "",
          "file": "",
          "beforeHooks": [],
          "afterHooks": [],
          "tests": [
            {
              "title": "Verifica se o quadro de pixels possui o `id` denominado `pixel-board`",
              "fullTitle": "4 - Adicione à página um quadro de pixels, com 25 pixels. Verifica se o quadro de pixels possui o `id` denominado `pixel-board`",
              "timedOut": null,
              "duration": 4763,
              "state": "failed",
              "speed": null,
              "pass": false,
              "fail": true,
              "pending": false,
              "context": null,
              "code": "cy.get('#pixel-board').should('be.visible');",
              "err": {
                "message": "CypressError: Timed out retrying: Expected to find element: '#pixel-board', but never found it.",
                "estack": "CypressError: Timed out retrying: Expected to find element: '#pixel-board', but never found it.\n    at cypressErr (http://localhost:58002/__cypress/runner/cypress_runner.js:149934:9)\n    at throwErr (http://localhost:58002/__cypress/runner/cypress_runner.js:149867:11)\n    at Object.throwErrByPath (http://localhost:58002/__cypress/runner/cypress_runner.js:149915:3)\n    at retry (http://localhost:58002/__cypress/runner/cypress_runner.js:144197:19)\n    at onFailFn (http://localhost:58002/__cypress/runner/cypress_runner.js:132448:16)\n    at tryCatcher (http://localhost:58002/__cypress/runner/cypress_runner.js:167415:23)\n    at Promise._settlePromiseFromHandler (http://localhost:58002/__cypress/runner/cypress_runner.js:165351:31)\n    at Promise._settlePromise (http://localhost:58002/__cypress/runner/cypress_runner.js:165408:18)\n    at Promise._settlePromise0 (http://localhost:58002/__cypress/runner/cypress_runner.js:165453:10)\n    at Promise._settlePromises (http://localhost:58002/__cypress/runner/cypress_runner.js:165528:18)\n    at Async../node_modules/bluebird/js/release/async.js.Async._drainQueue (http://localhost:58002/__cypress/runner/cypress_runner.js:162140:16)\n    at Async../node_modules/bluebird/js/release/async.js.Async._drainQueues (http://localhost:58002/__cypress/runner/cypress_runner.js:162150:10)\n    at Async.drainQueues (http://localhost:58002/__cypress/runner/cypress_runner.js:162024:14)",
                "diff": null
              },
              "uuid": "b519ed9a-af35-4f89-9a07-76d0a0ec877b",
              "parentUUID": "84773045-e0d2-48e3-82e4-3089585ac60a",
              "isHook": false,
              "skipped": false
            },
            {
              "title": "Verifica se cada pixel individual dentro do quadro possui a `classe` denominada `pixel`.",
              "fullTitle": "4 - Adicione à página um quadro de pixels, com 25 pixels. Verifica se cada pixel individual dentro do quadro possui a `classe` denominada `pixel`.",
              "timedOut": null,
              "duration": 4750,
              "state": "failed",
              "speed": null,
              "pass": false,
              "fail": true,
              "pending": false,
              "context": null,
              "code": "cy.get('.pixel').should('have.length', 25);",
              "err": {
                "message": "CypressError: Timed out retrying: Expected to find element: '.pixel', but never found it.",
                "estack": "CypressError: Timed out retrying: Expected to find element: '.pixel', but never found it.\n    at cypressErr (http://localhost:58002/__cypress/runner/cypress_runner.js:149934:9)\n    at throwErr (http://localhost:58002/__cypress/runner/cypress_runner.js:149867:11)\n    at Object.throwErrByPath (http://localhost:58002/__cypress/runner/cypress_runner.js:149915:3)\n    at retry (http://localhost:58002/__cypress/runner/cypress_runner.js:144197:19)\n    at onFailFn (http://localhost:58002/__cypress/runner/cypress_runner.js:132448:16)\n    at tryCatcher (http://localhost:58002/__cypress/runner/cypress_runner.js:167415:23)\n    at Promise._settlePromiseFromHandler (http://localhost:58002/__cypress/runner/cypress_runner.js:165351:31)\n    at Promise._settlePromise (http://localhost:58002/__cypress/runner/cypress_runner.js:165408:18)\n    at Promise._settlePromise0 (http://localhost:58002/__cypress/runner/cypress_runner.js:165453:10)\n    at Promise._settlePromises (http://localhost:58002/__cypress/runner/cypress_runner.js:165528:18)\n    at Async../node_modules/bluebird/js/release/async.js.Async._drainQueue (http://localhost:58002/__cypress/runner/cypress_runner.js:162140:16)\n    at Async../node_modules/bluebird/js/release/async.js.Async._drainQueues (http://localhost:58002/__cypress/runner/cypress_runner.js:162150:10)\n    at Async.drainQueues (http://localhost:58002/__cypress/runner/cypress_runner.js:162024:14)",
                "diff": null
              },
              "uuid": "6ba376ef-7240-466f-a361-604739e0fad1",
              "parentUUID": "84773045-e0d2-48e3-82e4-3089585ac60a",
              "isHook": false,
              "skipped": false
            },
            {
              "title": "Verifica se a cor inicial dos pixels dentro do quadro, ao abrir a página, é branca.",
              "fullTitle": "4 - Adicione à página um quadro de pixels, com 25 pixels. Verifica se a cor inicial dos pixels dentro do quadro, ao abrir a página, é branca.",
              "timedOut": null,
              "duration": 5067,
              "state": "failed",
              "speed": null,
              "pass": false,
              "fail": true,
              "pending": false,
              "context": null,
              "code": "cy.get('.pixel').should('have.length', 25).each(function (pixel) {\n  expect(pixel).to.have.css('background-color', WHITE);\n});",
              "err": {
                "message": "CypressError: Timed out retrying: Expected to find element: '.pixel', but never found it.",
                "estack": "CypressError: Timed out retrying: Expected to find element: '.pixel', but never found it.\n    at cypressErr (http://localhost:58002/__cypress/runner/cypress_runner.js:149934:9)\n    at throwErr (http://localhost:58002/__cypress/runner/cypress_runner.js:149867:11)\n    at Object.throwErrByPath (http://localhost:58002/__cypress/runner/cypress_runner.js:149915:3)\n    at retry (http://localhost:58002/__cypress/runner/cypress_runner.js:144197:19)\n    at onFailFn (http://localhost:58002/__cypress/runner/cypress_runner.js:132448:16)\n    at tryCatcher (http://localhost:58002/__cypress/runner/cypress_runner.js:167415:23)\n    at Promise._settlePromiseFromHandler (http://localhost:58002/__cypress/runner/cypress_runner.js:165351:31)\n    at Promise._settlePromise (http://localhost:58002/__cypress/runner/cypress_runner.js:165408:18)\n    at Promise._settlePromise0 (http://localhost:58002/__cypress/runner/cypress_runner.js:165453:10)\n    at Promise._settlePromises (http://localhost:58002/__cypress/runner/cypress_runner.js:165528:18)\n    at Async../node_modules/bluebird/js/release/async.js.Async._drainQueue (http://localhost:58002/__cypress/runner/cypress_runner.js:162140:16)\n    at Async../node_modules/bluebird/js/release/async.js.Async._drainQueues (http://localhost:58002/__cypress/runner/cypress_runner.js:162150:10)\n    at Async.drainQueues (http://localhost:58002/__cypress/runner/cypress_runner.js:162024:14)",
                "diff": null
              },
              "uuid": "e7f0a455-666f-49a0-9b7a-f96a31d86d91",
              "parentUUID": "84773045-e0d2-48e3-82e4-3089585ac60a",
              "isHook": false,
              "skipped": false
            },
            {
              "title": "Verifica se o quadro de pixels aparece abaixo da paleta de cores",
              "fullTitle": "4 - Adicione à página um quadro de pixels, com 25 pixels. Verifica se o quadro de pixels aparece abaixo da paleta de cores",
              "timedOut": null,
              "duration": 4660,
              "state": "failed",
              "speed": null,
              "pass": false,
              "fail": true,
              "pending": false,
              "context": null,
              "code": "cy.get('#color-palette').then(function (palette) {\n  cy.get('#pixel-board').should('be.belowOf', palette);\n});",
              "err": {
                "message": "CypressError: Timed out retrying: Expected to find element: '#color-palette', but never found it.",
                "estack": "CypressError: Timed out retrying: Expected to find element: '#color-palette', but never found it.\n    at cypressErr (http://localhost:58002/__cypress/runner/cypress_runner.js:149934:9)\n    at throwErr (http://localhost:58002/__cypress/runner/cypress_runner.js:149867:11)\n    at Object.throwErrByPath (http://localhost:58002/__cypress/runner/cypress_runner.js:149915:3)\n    at retry (http://localhost:58002/__cypress/runner/cypress_runner.js:144197:19)\n    at onFailFn (http://localhost:58002/__cypress/runner/cypress_runner.js:132448:16)\n    at tryCatcher (http://localhost:58002/__cypress/runner/cypress_runner.js:167415:23)\n    at Promise._settlePromiseFromHandler (http://localhost:58002/__cypress/runner/cypress_runner.js:165351:31)\n    at Promise._settlePromise (http://localhost:58002/__cypress/runner/cypress_runner.js:165408:18)\n    at Promise._settlePromise0 (http://localhost:58002/__cypress/runner/cypress_runner.js:165453:10)\n    at Promise._settlePromises (http://localhost:58002/__cypress/runner/cypress_runner.js:165528:18)\n    at Async../node_modules/bluebird/js/release/async.js.Async._drainQueue (http://localhost:58002/__cypress/runner/cypress_runner.js:162140:16)\n    at Async../node_modules/bluebird/js/release/async.js.Async._drainQueues (http://localhost:58002/__cypress/runner/cypress_runner.js:162150:10)\n    at Async.drainQueues (http://localhost:58002/__cypress/runner/cypress_runner.js:162024:14)",
                "diff": null
              },
              "uuid": "5e36126e-c722-4ae9-aed5-06d8f0ab2b25",
              "parentUUID": "84773045-e0d2-48e3-82e4-3089585ac60a",
              "isHook": false,
              "skipped": false
            }
          ],
          "suites": [],
          "passes": [],
          "failures": [
            "b519ed9a-af35-4f89-9a07-76d0a0ec877b",
            "6ba376ef-7240-466f-a361-604739e0fad1",
            "e7f0a455-666f-49a0-9b7a-f96a31d86d91",
            "5e36126e-c722-4ae9-aed5-06d8f0ab2b25"
          ],
          "pending": [],
          "skipped": [],
          "duration": 19240,
          "root": false,
          "rootEmpty": false,
          "_timeout": 2000
        },
        {
          "uuid": "5a9dfcfc-eb22-4b6d-82b2-b3414d591b2f",
          "title": "5 - Faça com que cada elemento do quadro de pixels possua 40 pixels de largura, 40 pixels de altura e seja delimitado por uma borda preta de 1 pixel.",
          "fullFile": "",
          "file": "",
          "beforeHooks": [],
          "afterHooks": [],
          "tests": [
            {
              "title": "Verifica se o quadro de pixels tem altura e comprimento de 5 elementos",
              "fullTitle": "5 - Faça com que cada elemento do quadro de pixels possua 40 pixels de largura, 40 pixels de altura e seja delimitado por uma borda preta de 1 pixel. Verifica se o quadro de pixels tem altura e comprimento de 5 elementos",
              "timedOut": null,
              "duration": 4904,
              "state": "failed",
              "speed": null,
              "pass": false,
              "fail": true,
              "pending": false,
              "context": null,
              "code": "cy.get('.pixel').should('have.length', 25).each(function (pixel) {\n  expect(pixel).to.have.css('background-color', WHITE);\n}).and(function (pixels) {\n  var rows = chunk(pixels, 5);\n  rows.forEach(function (row) {\n    for (var index = 1; index < row.length; index += 1) {\n      var current = pixels[index];\n      var previous = pixels[index - 1];\n      cy.wrap(current).should('be.onTheRightOf', previous).and('be.horizontallyAlignedWith', previous);\n    }\n  });\n  for (var index = 1; index < 5; index += 1) {\n    expect(pixels[index * 5]).to.be.belowOf(pixels[(index - 1) * 5]);\n  }\n});",
              "err": {
                "message": "CypressError: Timed out retrying: Expected to find element: '.pixel', but never found it.",
                "estack": "CypressError: Timed out retrying: Expected to find element: '.pixel', but never found it.\n    at cypressErr (http://localhost:58002/__cypress/runner/cypress_runner.js:149934:9)\n    at throwErr (http://localhost:58002/__cypress/runner/cypress_runner.js:149867:11)\n    at Object.throwErrByPath (http://localhost:58002/__cypress/runner/cypress_runner.js:149915:3)\n    at retry (http://localhost:58002/__cypress/runner/cypress_runner.js:144197:19)\n    at onFailFn (http://localhost:58002/__cypress/runner/cypress_runner.js:132448:16)\n    at tryCatcher (http://localhost:58002/__cypress/runner/cypress_runner.js:167415:23)\n    at Promise._settlePromiseFromHandler (http://localhost:58002/__cypress/runner/cypress_runner.js:165351:31)\n    at Promise._settlePromise (http://localhost:58002/__cypress/runner/cypress_runner.js:165408:18)\n    at Promise._settlePromise0 (http://localhost:58002/__cypress/runner/cypress_runner.js:165453:10)\n    at Promise._settlePromises (http://localhost:58002/__cypress/runner/cypress_runner.js:165528:18)\n    at Async../node_modules/bluebird/js/release/async.js.Async._drainQueue (http://localhost:58002/__cypress/runner/cypress_runner.js:162140:16)\n    at Async../node_modules/bluebird/js/release/async.js.Async._drainQueues (http://localhost:58002/__cypress/runner/cypress_runner.js:162150:10)\n    at Async.drainQueues (http://localhost:58002/__cypress/runner/cypress_runner.js:162024:14)",
                "diff": null
              },
              "uuid": "23292179-b4f1-4bfa-b5b9-29d6641b9a69",
              "parentUUID": "5a9dfcfc-eb22-4b6d-82b2-b3414d591b2f",
              "isHook": false,
              "skipped": false
            },
            {
              "title": "Verifica se 40 pixels é o tamanho total do elemento, incluindo seu conteúdo e excluindo a borda preta, que deve ser criada à parte.",
              "fullTitle": "5 - Faça com que cada elemento do quadro de pixels possua 40 pixels de largura, 40 pixels de altura e seja delimitado por uma borda preta de 1 pixel. Verifica se 40 pixels é o tamanho total do elemento, incluindo seu conteúdo e excluindo a borda preta, que deve ser criada à parte.",
              "timedOut": null,
              "duration": 4760,
              "state": "failed",
              "speed": null,
              "pass": false,
              "fail": true,
              "pending": false,
              "context": null,
              "code": "cy.get('.pixel').each(function (pixel) {\n  cy.wrap(pixel).should('have.css', 'height', '40px').and('have.css', 'width', '40px').and('have.css', 'border', \"1px solid \".concat(BLACK));\n});",
              "err": {
                "message": "CypressError: Timed out retrying: Expected to find element: '.pixel', but never found it.",
                "estack": "CypressError: Timed out retrying: Expected to find element: '.pixel', but never found it.\n    at cypressErr (http://localhost:58002/__cypress/runner/cypress_runner.js:149934:9)\n    at throwErr (http://localhost:58002/__cypress/runner/cypress_runner.js:149867:11)\n    at Object.throwErrByPath (http://localhost:58002/__cypress/runner/cypress_runner.js:149915:3)\n    at retry (http://localhost:58002/__cypress/runner/cypress_runner.js:144197:19)\n    at onFailFn (http://localhost:58002/__cypress/runner/cypress_runner.js:132448:16)\n    at tryCatcher (http://localhost:58002/__cypress/runner/cypress_runner.js:167415:23)\n    at Promise._settlePromiseFromHandler (http://localhost:58002/__cypress/runner/cypress_runner.js:165351:31)\n    at Promise._settlePromise (http://localhost:58002/__cypress/runner/cypress_runner.js:165408:18)\n    at Promise._settlePromise0 (http://localhost:58002/__cypress/runner/cypress_runner.js:165453:10)\n    at Promise._settlePromises (http://localhost:58002/__cypress/runner/cypress_runner.js:165528:18)\n    at Async../node_modules/bluebird/js/release/async.js.Async._drainQueue (http://localhost:58002/__cypress/runner/cypress_runner.js:162140:16)\n    at Async../node_modules/bluebird/js/release/async.js.Async._drainQueues (http://localhost:58002/__cypress/runner/cypress_runner.js:162150:10)\n    at Async.drainQueues (http://localhost:58002/__cypress/runner/cypress_runner.js:162024:14)",
                "diff": null
              },
              "uuid": "b1c293f1-239d-4d18-9a27-2490b66bda45",
              "parentUUID": "5a9dfcfc-eb22-4b6d-82b2-b3414d591b2f",
              "isHook": false,
              "skipped": false
            }
          ],
          "suites": [],
          "passes": [],
          "failures": [
            "23292179-b4f1-4bfa-b5b9-29d6641b9a69",
            "b1c293f1-239d-4d18-9a27-2490b66bda45"
          ],
          "pending": [],
          "skipped": [],
          "duration": 9664,
          "root": false,
          "rootEmpty": false,
          "_timeout": 2000
        },
        {
          "uuid": "934a86d5-9341-4e13-9901-bbec5f66b802",
          "title": "6 - Defina a cor preta como cor inicial. Ao carregar a página a cor preta já deve estar selecionada para pintar os pixels",
          "fullFile": "",
          "file": "",
          "beforeHooks": [],
          "afterHooks": [],
          "tests": [
            {
              "title": "Verifica se o elemento da cor preta possui, inicialmente, a `classe` `selected`",
              "fullTitle": "6 - Defina a cor preta como cor inicial. Ao carregar a página a cor preta já deve estar selecionada para pintar os pixels Verifica se o elemento da cor preta possui, inicialmente, a `classe` `selected`",
              "timedOut": null,
              "duration": 4716,
              "state": "failed",
              "speed": null,
              "pass": false,
              "fail": true,
              "pending": false,
              "context": null,
              "code": "cy.get('.selected').first().should('have.css', 'background-color', BLACK);",
              "err": {
                "message": "CypressError: Timed out retrying: Expected to find element: '.selected', but never found it.",
                "estack": "CypressError: Timed out retrying: Expected to find element: '.selected', but never found it.\n    at cypressErr (http://localhost:58002/__cypress/runner/cypress_runner.js:149934:9)\n    at throwErr (http://localhost:58002/__cypress/runner/cypress_runner.js:149867:11)\n    at Object.throwErrByPath (http://localhost:58002/__cypress/runner/cypress_runner.js:149915:3)\n    at retry (http://localhost:58002/__cypress/runner/cypress_runner.js:144197:19)\n    at onFailFn (http://localhost:58002/__cypress/runner/cypress_runner.js:132448:16)\n    at tryCatcher (http://localhost:58002/__cypress/runner/cypress_runner.js:167415:23)\n    at Promise._settlePromiseFromHandler (http://localhost:58002/__cypress/runner/cypress_runner.js:165351:31)\n    at Promise._settlePromise (http://localhost:58002/__cypress/runner/cypress_runner.js:165408:18)\n    at Promise._settlePromise0 (http://localhost:58002/__cypress/runner/cypress_runner.js:165453:10)\n    at Promise._settlePromises (http://localhost:58002/__cypress/runner/cypress_runner.js:165528:18)\n    at Async../node_modules/bluebird/js/release/async.js.Async._drainQueue (http://localhost:58002/__cypress/runner/cypress_runner.js:162140:16)\n    at Async../node_modules/bluebird/js/release/async.js.Async._drainQueues (http://localhost:58002/__cypress/runner/cypress_runner.js:162150:10)\n    at Async.drainQueues (http://localhost:58002/__cypress/runner/cypress_runner.js:162024:14)",
                "diff": null
              },
              "uuid": "56176b41-8c7d-4ec7-969e-13f8f04241de",
              "parentUUID": "934a86d5-9341-4e13-9901-bbec5f66b802",
              "isHook": false,
              "skipped": false
            },
            {
              "title": "Verifica se nenhuma outra cor da paleta tem a `classe` `selected`",
              "fullTitle": "6 - Defina a cor preta como cor inicial. Ao carregar a página a cor preta já deve estar selecionada para pintar os pixels Verifica se nenhuma outra cor da paleta tem a `classe` `selected`",
              "timedOut": null,
              "duration": 4762,
              "state": "failed",
              "speed": null,
              "pass": false,
              "fail": true,
              "pending": false,
              "context": null,
              "code": "cy.get('.color:not(:first-child)').each(function (color) {\n  cy.wrap(color).should('not.have.class', 'selected');\n});",
              "err": {
                "message": "CypressError: Timed out retrying: Expected to find element: '.color:not(:first-child)', but never found it.",
                "estack": "CypressError: Timed out retrying: Expected to find element: '.color:not(:first-child)', but never found it.\n    at cypressErr (http://localhost:58002/__cypress/runner/cypress_runner.js:149934:9)\n    at throwErr (http://localhost:58002/__cypress/runner/cypress_runner.js:149867:11)\n    at Object.throwErrByPath (http://localhost:58002/__cypress/runner/cypress_runner.js:149915:3)\n    at retry (http://localhost:58002/__cypress/runner/cypress_runner.js:144197:19)\n    at onFailFn (http://localhost:58002/__cypress/runner/cypress_runner.js:132448:16)\n    at tryCatcher (http://localhost:58002/__cypress/runner/cypress_runner.js:167415:23)\n    at Promise._settlePromiseFromHandler (http://localhost:58002/__cypress/runner/cypress_runner.js:165351:31)\n    at Promise._settlePromise (http://localhost:58002/__cypress/runner/cypress_runner.js:165408:18)\n    at Promise._settlePromise0 (http://localhost:58002/__cypress/runner/cypress_runner.js:165453:10)\n    at Promise._settlePromises (http://localhost:58002/__cypress/runner/cypress_runner.js:165528:18)\n    at Async../node_modules/bluebird/js/release/async.js.Async._drainQueue (http://localhost:58002/__cypress/runner/cypress_runner.js:162140:16)\n    at Async../node_modules/bluebird/js/release/async.js.Async._drainQueues (http://localhost:58002/__cypress/runner/cypress_runner.js:162150:10)\n    at Async.drainQueues (http://localhost:58002/__cypress/runner/cypress_runner.js:162024:14)",
                "diff": null
              },
              "uuid": "17786704-c3be-47c8-ad96-1ef549093efa",
              "parentUUID": "934a86d5-9341-4e13-9901-bbec5f66b802",
              "isHook": false,
              "skipped": false
            }
          ],
          "suites": [],
          "passes": [],
          "failures": [
            "56176b41-8c7d-4ec7-969e-13f8f04241de",
            "17786704-c3be-47c8-ad96-1ef549093efa"
          ],
          "pending": [],
          "skipped": [],
          "duration": 9478,
          "root": false,
          "rootEmpty": false,
          "_timeout": 2000
        },
        {
          "uuid": "0dc94520-77f4-4f84-bb32-7fd926e2a35a",
          "title": "7 - Clicar em uma das cores da paleta, faz com que ela seja selecionada e utilizada para preencher os pixels no quadro.",
          "fullFile": "",
          "file": "",
          "beforeHooks": [],
          "afterHooks": [],
          "tests": [
            {
              "title": "Verifica se somente uma cor da paleta de cores tem a classe `selected` de cada vez",
              "fullTitle": "7 - Clicar em uma das cores da paleta, faz com que ela seja selecionada e utilizada para preencher os pixels no quadro. Verifica se somente uma cor da paleta de cores tem a classe `selected` de cada vez",
              "timedOut": null,
              "duration": 4979,
              "state": "failed",
              "speed": null,
              "pass": false,
              "fail": true,
              "pending": false,
              "context": null,
              "code": "cy.get('.color').each(function (selectedColor, selectedColorIndex) {\n  cy.wrap(selectedColor).click();\n  cy.get('.color').each(function (color, colorIndex) {\n    if (colorIndex === selectedColorIndex) {\n      expect(color).to.have[\"class\"]('selected');\n    } else {\n      expect(color).not.to.have[\"class\"]('selected');\n    }\n  });\n});",
              "err": {
                "message": "CypressError: Timed out retrying: Expected to find element: '.color', but never found it.",
                "estack": "CypressError: Timed out retrying: Expected to find element: '.color', but never found it.\n    at cypressErr (http://localhost:58002/__cypress/runner/cypress_runner.js:149934:9)\n    at throwErr (http://localhost:58002/__cypress/runner/cypress_runner.js:149867:11)\n    at Object.throwErrByPath (http://localhost:58002/__cypress/runner/cypress_runner.js:149915:3)\n    at retry (http://localhost:58002/__cypress/runner/cypress_runner.js:144197:19)\n    at onFailFn (http://localhost:58002/__cypress/runner/cypress_runner.js:132448:16)\n    at tryCatcher (http://localhost:58002/__cypress/runner/cypress_runner.js:167415:23)\n    at Promise._settlePromiseFromHandler (http://localhost:58002/__cypress/runner/cypress_runner.js:165351:31)\n    at Promise._settlePromise (http://localhost:58002/__cypress/runner/cypress_runner.js:165408:18)\n    at Promise._settlePromise0 (http://localhost:58002/__cypress/runner/cypress_runner.js:165453:10)\n    at Promise._settlePromises (http://localhost:58002/__cypress/runner/cypress_runner.js:165528:18)\n    at Async../node_modules/bluebird/js/release/async.js.Async._drainQueue (http://localhost:58002/__cypress/runner/cypress_runner.js:162140:16)\n    at Async../node_modules/bluebird/js/release/async.js.Async._drainQueues (http://localhost:58002/__cypress/runner/cypress_runner.js:162150:10)\n    at Async.drainQueues (http://localhost:58002/__cypress/runner/cypress_runner.js:162024:14)",
                "diff": null
              },
              "uuid": "c98277a8-0045-4f39-9ef4-8e6f607c20f9",
              "parentUUID": "0dc94520-77f4-4f84-bb32-7fd926e2a35a",
              "isHook": false,
              "skipped": false
            },
            {
              "title": "Verifica se os pixels dentro do quadro não têm a classe `selected` quando são clicados",
              "fullTitle": "7 - Clicar em uma das cores da paleta, faz com que ela seja selecionada e utilizada para preencher os pixels no quadro. Verifica se os pixels dentro do quadro não têm a classe `selected` quando são clicados",
              "timedOut": null,
              "duration": 4712,
              "state": "failed",
              "speed": null,
              "pass": false,
              "fail": true,
              "pending": false,
              "context": null,
              "code": "cy.get('.color').each(function (color) {\n  var backgroundColor = color.css('background-color');\n  cy.wrap(color).click();\n  cy.get('.pixel').each(function (pixel) {\n    cy.wrap(pixel).click().should('not.have.class', 'selected');\n  });\n});",
              "err": {
                "message": "CypressError: Timed out retrying: Expected to find element: '.color', but never found it.",
                "estack": "CypressError: Timed out retrying: Expected to find element: '.color', but never found it.\n    at cypressErr (http://localhost:58002/__cypress/runner/cypress_runner.js:149934:9)\n    at throwErr (http://localhost:58002/__cypress/runner/cypress_runner.js:149867:11)\n    at Object.throwErrByPath (http://localhost:58002/__cypress/runner/cypress_runner.js:149915:3)\n    at retry (http://localhost:58002/__cypress/runner/cypress_runner.js:144197:19)\n    at onFailFn (http://localhost:58002/__cypress/runner/cypress_runner.js:132448:16)\n    at tryCatcher (http://localhost:58002/__cypress/runner/cypress_runner.js:167415:23)\n    at Promise._settlePromiseFromHandler (http://localhost:58002/__cypress/runner/cypress_runner.js:165351:31)\n    at Promise._settlePromise (http://localhost:58002/__cypress/runner/cypress_runner.js:165408:18)\n    at Promise._settlePromise0 (http://localhost:58002/__cypress/runner/cypress_runner.js:165453:10)\n    at Promise._settlePromises (http://localhost:58002/__cypress/runner/cypress_runner.js:165528:18)\n    at Async../node_modules/bluebird/js/release/async.js.Async._drainQueue (http://localhost:58002/__cypress/runner/cypress_runner.js:162140:16)\n    at Async../node_modules/bluebird/js/release/async.js.Async._drainQueues (http://localhost:58002/__cypress/runner/cypress_runner.js:162150:10)\n    at Async.drainQueues (http://localhost:58002/__cypress/runner/cypress_runner.js:162024:14)",
                "diff": null
              },
              "uuid": "21075598-32af-40a6-b4cd-58f6b504931d",
              "parentUUID": "0dc94520-77f4-4f84-bb32-7fd926e2a35a",
              "isHook": false,
              "skipped": false
            }
          ],
          "suites": [],
          "passes": [],
          "failures": [
            "c98277a8-0045-4f39-9ef4-8e6f607c20f9",
            "21075598-32af-40a6-b4cd-58f6b504931d"
          ],
          "pending": [],
          "skipped": [],
          "duration": 9691,
          "root": false,
          "rootEmpty": false,
          "_timeout": 2000
        },
        {
          "uuid": "40f93235-5a5f-46fe-973b-2ad66c867e4e",
          "title": "8 - Clicar em um pixel dentro do quadro após selecionar uma cor na paleta, faz com que o pixel seja preenchido com a cor selecionada.",
          "fullFile": "",
          "file": "",
          "beforeHooks": [],
          "afterHooks": [],
          "tests": [
            {
              "title": "Verifica se ao carregar a página deve ser possível pintar os pixels de preto",
              "fullTitle": "8 - Clicar em um pixel dentro do quadro após selecionar uma cor na paleta, faz com que o pixel seja preenchido com a cor selecionada. Verifica se ao carregar a página deve ser possível pintar os pixels de preto",
              "timedOut": null,
              "duration": 4875,
              "state": "failed",
              "speed": null,
              "pass": false,
              "fail": true,
              "pending": false,
              "context": null,
              "code": "cy.get('.pixel').each(function (pixel) {\n  cy.wrap(pixel).click().should('have.css', 'background-color', BLACK);\n});",
              "err": {
                "message": "CypressError: Timed out retrying: Expected to find element: '.pixel', but never found it.",
                "estack": "CypressError: Timed out retrying: Expected to find element: '.pixel', but never found it.\n    at cypressErr (http://localhost:58002/__cypress/runner/cypress_runner.js:149934:9)\n    at throwErr (http://localhost:58002/__cypress/runner/cypress_runner.js:149867:11)\n    at Object.throwErrByPath (http://localhost:58002/__cypress/runner/cypress_runner.js:149915:3)\n    at retry (http://localhost:58002/__cypress/runner/cypress_runner.js:144197:19)\n    at onFailFn (http://localhost:58002/__cypress/runner/cypress_runner.js:132448:16)\n    at tryCatcher (http://localhost:58002/__cypress/runner/cypress_runner.js:167415:23)\n    at Promise._settlePromiseFromHandler (http://localhost:58002/__cypress/runner/cypress_runner.js:165351:31)\n    at Promise._settlePromise (http://localhost:58002/__cypress/runner/cypress_runner.js:165408:18)\n    at Promise._settlePromise0 (http://localhost:58002/__cypress/runner/cypress_runner.js:165453:10)\n    at Promise._settlePromises (http://localhost:58002/__cypress/runner/cypress_runner.js:165528:18)\n    at Async../node_modules/bluebird/js/release/async.js.Async._drainQueue (http://localhost:58002/__cypress/runner/cypress_runner.js:162140:16)\n    at Async../node_modules/bluebird/js/release/async.js.Async._drainQueues (http://localhost:58002/__cypress/runner/cypress_runner.js:162150:10)\n    at Async.drainQueues (http://localhost:58002/__cypress/runner/cypress_runner.js:162024:14)",
                "diff": null
              },
              "uuid": "434875d9-5c64-4f34-b514-729dff4ace29",
              "parentUUID": "40f93235-5a5f-46fe-973b-2ad66c867e4e",
              "isHook": false,
              "skipped": false
            },
            {
              "title": "Verifica se após selecionar uma outra cor na paleta, é possível pintar os pixels com essa cor",
              "fullTitle": "8 - Clicar em um pixel dentro do quadro após selecionar uma cor na paleta, faz com que o pixel seja preenchido com a cor selecionada. Verifica se após selecionar uma outra cor na paleta, é possível pintar os pixels com essa cor",
              "timedOut": null,
              "duration": 4844,
              "state": "failed",
              "speed": null,
              "pass": false,
              "fail": true,
              "pending": false,
              "context": null,
              "code": "cy.get('.color').each(function (color) {\n  var backgroundColor = color.css('background-color');\n  cy.wrap(color).click();\n  cy.get('.pixel').each(function (pixel) {\n    cy.wrap(pixel).click().should('have.css', 'background-color', backgroundColor);\n  });\n});",
              "err": {
                "message": "CypressError: Timed out retrying: Expected to find element: '.color', but never found it.",
                "estack": "CypressError: Timed out retrying: Expected to find element: '.color', but never found it.\n    at cypressErr (http://localhost:58002/__cypress/runner/cypress_runner.js:149934:9)\n    at throwErr (http://localhost:58002/__cypress/runner/cypress_runner.js:149867:11)\n    at Object.throwErrByPath (http://localhost:58002/__cypress/runner/cypress_runner.js:149915:3)\n    at retry (http://localhost:58002/__cypress/runner/cypress_runner.js:144197:19)\n    at onFailFn (http://localhost:58002/__cypress/runner/cypress_runner.js:132448:16)\n    at tryCatcher (http://localhost:58002/__cypress/runner/cypress_runner.js:167415:23)\n    at Promise._settlePromiseFromHandler (http://localhost:58002/__cypress/runner/cypress_runner.js:165351:31)\n    at Promise._settlePromise (http://localhost:58002/__cypress/runner/cypress_runner.js:165408:18)\n    at Promise._settlePromise0 (http://localhost:58002/__cypress/runner/cypress_runner.js:165453:10)\n    at Promise._settlePromises (http://localhost:58002/__cypress/runner/cypress_runner.js:165528:18)\n    at Async../node_modules/bluebird/js/release/async.js.Async._drainQueue (http://localhost:58002/__cypress/runner/cypress_runner.js:162140:16)\n    at Async../node_modules/bluebird/js/release/async.js.Async._drainQueues (http://localhost:58002/__cypress/runner/cypress_runner.js:162150:10)\n    at Async.drainQueues (http://localhost:58002/__cypress/runner/cypress_runner.js:162024:14)",
                "diff": null
              },
              "uuid": "da1c6388-e2d6-4a68-8b9a-8af4daa4cca3",
              "parentUUID": "40f93235-5a5f-46fe-973b-2ad66c867e4e",
              "isHook": false,
              "skipped": false
            },
            {
              "title": "Verifica se somente o pixel que foi clicado foi preenchido com a cor selecionada, sem influenciar na cor dos demais pixels.",
              "fullTitle": "8 - Clicar em um pixel dentro do quadro após selecionar uma cor na paleta, faz com que o pixel seja preenchido com a cor selecionada. Verifica se somente o pixel que foi clicado foi preenchido com a cor selecionada, sem influenciar na cor dos demais pixels.",
              "timedOut": null,
              "duration": 4840,
              "state": "failed",
              "speed": null,
              "pass": false,
              "fail": true,
              "pending": false,
              "context": null,
              "code": "var colorToPixelIndexMap = {\n  0: 6,\n  1: 8,\n  2: 16,\n  3: 18\n};\ncy.get('.color').each(function (color, index) {\n  cy.wrap(color).click();\n  var backgroundColor = color.css('background-color');\n  var clickedPixelIndex = colorToPixelIndexMap[index];\n  cy.get('.pixel').eq(clickedPixelIndex).click();\n  cy.get('.pixel').eq(clickedPixelIndex - 1).should('not.have.css', 'background-color', backgroundColor);\n  cy.get('.pixel').eq(clickedPixelIndex + 1).should('not.have.css', 'background-color', backgroundColor);\n  cy.get('.pixel').eq(clickedPixelIndex - 5).should('not.have.css', 'background-color', backgroundColor);\n  cy.get('.pixel').eq(clickedPixelIndex + 5).should('not.have.css', 'background-color', backgroundColor);\n  cy.get('.pixel').eq(clickedPixelIndex - 6).should('not.have.css', 'background-color', backgroundColor);\n  cy.get('.pixel').eq(clickedPixelIndex - 4).should('not.have.css', 'background-color', backgroundColor);\n  cy.get('.pixel').eq(clickedPixelIndex + 4).should('not.have.css', 'background-color', backgroundColor);\n  cy.get('.pixel').eq(clickedPixelIndex + 6).should('not.have.css', 'background-color', backgroundColor);\n});",
              "err": {
                "message": "CypressError: Timed out retrying: Expected to find element: '.color', but never found it.",
                "estack": "CypressError: Timed out retrying: Expected to find element: '.color', but never found it.\n    at cypressErr (http://localhost:58002/__cypress/runner/cypress_runner.js:149934:9)\n    at throwErr (http://localhost:58002/__cypress/runner/cypress_runner.js:149867:11)\n    at Object.throwErrByPath (http://localhost:58002/__cypress/runner/cypress_runner.js:149915:3)\n    at retry (http://localhost:58002/__cypress/runner/cypress_runner.js:144197:19)\n    at onFailFn (http://localhost:58002/__cypress/runner/cypress_runner.js:132448:16)\n    at tryCatcher (http://localhost:58002/__cypress/runner/cypress_runner.js:167415:23)\n    at Promise._settlePromiseFromHandler (http://localhost:58002/__cypress/runner/cypress_runner.js:165351:31)\n    at Promise._settlePromise (http://localhost:58002/__cypress/runner/cypress_runner.js:165408:18)\n    at Promise._settlePromise0 (http://localhost:58002/__cypress/runner/cypress_runner.js:165453:10)\n    at Promise._settlePromises (http://localhost:58002/__cypress/runner/cypress_runner.js:165528:18)\n    at Async../node_modules/bluebird/js/release/async.js.Async._drainQueue (http://localhost:58002/__cypress/runner/cypress_runner.js:162140:16)\n    at Async../node_modules/bluebird/js/release/async.js.Async._drainQueues (http://localhost:58002/__cypress/runner/cypress_runner.js:162150:10)\n    at Async.drainQueues (http://localhost:58002/__cypress/runner/cypress_runner.js:162024:14)",
                "diff": null
              },
              "uuid": "73853ce4-6c46-4088-bdb4-ae68b77556da",
              "parentUUID": "40f93235-5a5f-46fe-973b-2ad66c867e4e",
              "isHook": false,
              "skipped": false
            }
          ],
          "suites": [],
          "passes": [],
          "failures": [
            "434875d9-5c64-4f34-b514-729dff4ace29",
            "da1c6388-e2d6-4a68-8b9a-8af4daa4cca3",
            "73853ce4-6c46-4088-bdb4-ae68b77556da"
          ],
          "pending": [],
          "skipped": [],
          "duration": 14559,
          "root": false,
          "rootEmpty": false,
          "_timeout": 2000
        },
        {
          "uuid": "b19bcfc5-8392-4d61-abce-35ebc7d33a64",
          "title": "9 - Crie um botão que, ao ser clicado, limpa o quadro preenchendo a cor de todos seus pixels com branco.",
          "fullFile": "",
          "file": "",
          "beforeHooks": [],
          "afterHooks": [],
          "tests": [
            {
              "title": "Verifica se o botão tem o `id` denominado `clear-board`",
              "fullTitle": "9 - Crie um botão que, ao ser clicado, limpa o quadro preenchendo a cor de todos seus pixels com branco. Verifica se o botão tem o `id` denominado `clear-board`",
              "timedOut": null,
              "duration": 4950,
              "state": "failed",
              "speed": null,
              "pass": false,
              "fail": true,
              "pending": false,
              "context": null,
              "code": "cy.get('#clear-board').should('be.visible');",
              "err": {
                "message": "CypressError: Timed out retrying: Expected to find element: '#clear-board', but never found it.",
                "estack": "CypressError: Timed out retrying: Expected to find element: '#clear-board', but never found it.\n    at cypressErr (http://localhost:58002/__cypress/runner/cypress_runner.js:149934:9)\n    at throwErr (http://localhost:58002/__cypress/runner/cypress_runner.js:149867:11)\n    at Object.throwErrByPath (http://localhost:58002/__cypress/runner/cypress_runner.js:149915:3)\n    at retry (http://localhost:58002/__cypress/runner/cypress_runner.js:144197:19)\n    at onFailFn (http://localhost:58002/__cypress/runner/cypress_runner.js:132448:16)\n    at tryCatcher (http://localhost:58002/__cypress/runner/cypress_runner.js:167415:23)\n    at Promise._settlePromiseFromHandler (http://localhost:58002/__cypress/runner/cypress_runner.js:165351:31)\n    at Promise._settlePromise (http://localhost:58002/__cypress/runner/cypress_runner.js:165408:18)\n    at Promise._settlePromise0 (http://localhost:58002/__cypress/runner/cypress_runner.js:165453:10)\n    at Promise._settlePromises (http://localhost:58002/__cypress/runner/cypress_runner.js:165528:18)\n    at Async../node_modules/bluebird/js/release/async.js.Async._drainQueue (http://localhost:58002/__cypress/runner/cypress_runner.js:162140:16)\n    at Async../node_modules/bluebird/js/release/async.js.Async._drainQueues (http://localhost:58002/__cypress/runner/cypress_runner.js:162150:10)\n    at Async.drainQueues (http://localhost:58002/__cypress/runner/cypress_runner.js:162024:14)",
                "diff": null
              },
              "uuid": "bd6e35d8-d149-45a2-a3a8-6ab23cc49266",
              "parentUUID": "b19bcfc5-8392-4d61-abce-35ebc7d33a64",
              "isHook": false,
              "skipped": false
            },
            {
              "title": "Verifica se o botão está posicionado entre a paleta de cores e o quadro de pixels",
              "fullTitle": "9 - Crie um botão que, ao ser clicado, limpa o quadro preenchendo a cor de todos seus pixels com branco. Verifica se o botão está posicionado entre a paleta de cores e o quadro de pixels",
              "timedOut": null,
              "duration": 5001,
              "state": "failed",
              "speed": null,
              "pass": false,
              "fail": true,
              "pending": false,
              "context": null,
              "code": "cy.get('#color-palette').then(function (palette) {\n  cy.get('#clear-board').should('be.belowOf', palette);\n});\ncy.get('#clear-board').then(function (clearBtn) {\n  cy.get('#pixel-board').should('be.belowOf', clearBtn);\n});",
              "err": {
                "message": "CypressError: Timed out retrying: Expected to find element: '#color-palette', but never found it.",
                "estack": "CypressError: Timed out retrying: Expected to find element: '#color-palette', but never found it.\n    at cypressErr (http://localhost:58002/__cypress/runner/cypress_runner.js:149934:9)\n    at throwErr (http://localhost:58002/__cypress/runner/cypress_runner.js:149867:11)\n    at Object.throwErrByPath (http://localhost:58002/__cypress/runner/cypress_runner.js:149915:3)\n    at retry (http://localhost:58002/__cypress/runner/cypress_runner.js:144197:19)\n    at onFailFn (http://localhost:58002/__cypress/runner/cypress_runner.js:132448:16)\n    at tryCatcher (http://localhost:58002/__cypress/runner/cypress_runner.js:167415:23)\n    at Promise._settlePromiseFromHandler (http://localhost:58002/__cypress/runner/cypress_runner.js:165351:31)\n    at Promise._settlePromise (http://localhost:58002/__cypress/runner/cypress_runner.js:165408:18)\n    at Promise._settlePromise0 (http://localhost:58002/__cypress/runner/cypress_runner.js:165453:10)\n    at Promise._settlePromises (http://localhost:58002/__cypress/runner/cypress_runner.js:165528:18)\n    at Async../node_modules/bluebird/js/release/async.js.Async._drainQueue (http://localhost:58002/__cypress/runner/cypress_runner.js:162140:16)\n    at Async../node_modules/bluebird/js/release/async.js.Async._drainQueues (http://localhost:58002/__cypress/runner/cypress_runner.js:162150:10)\n    at Async.drainQueues (http://localhost:58002/__cypress/runner/cypress_runner.js:162024:14)",
                "diff": null
              },
              "uuid": "dac43d7f-d5ac-4c3d-963e-49ad3108207c",
              "parentUUID": "b19bcfc5-8392-4d61-abce-35ebc7d33a64",
              "isHook": false,
              "skipped": false
            },
            {
              "title": "Verifica se o texto do botão é 'Limpar'",
              "fullTitle": "9 - Crie um botão que, ao ser clicado, limpa o quadro preenchendo a cor de todos seus pixels com branco. Verifica se o texto do botão é 'Limpar'",
              "timedOut": null,
              "duration": 5026,
              "state": "failed",
              "speed": null,
              "pass": false,
              "fail": true,
              "pending": false,
              "context": null,
              "code": "cy.get('#clear-board').should('contain.text', 'Limpar');",
              "err": {
                "message": "CypressError: Timed out retrying: Expected to find element: '#clear-board', but never found it.",
                "estack": "CypressError: Timed out retrying: Expected to find element: '#clear-board', but never found it.\n    at cypressErr (http://localhost:58002/__cypress/runner/cypress_runner.js:149934:9)\n    at throwErr (http://localhost:58002/__cypress/runner/cypress_runner.js:149867:11)\n    at Object.throwErrByPath (http://localhost:58002/__cypress/runner/cypress_runner.js:149915:3)\n    at retry (http://localhost:58002/__cypress/runner/cypress_runner.js:144197:19)\n    at onFailFn (http://localhost:58002/__cypress/runner/cypress_runner.js:132448:16)\n    at tryCatcher (http://localhost:58002/__cypress/runner/cypress_runner.js:167415:23)\n    at Promise._settlePromiseFromHandler (http://localhost:58002/__cypress/runner/cypress_runner.js:165351:31)\n    at Promise._settlePromise (http://localhost:58002/__cypress/runner/cypress_runner.js:165408:18)\n    at Promise._settlePromise0 (http://localhost:58002/__cypress/runner/cypress_runner.js:165453:10)\n    at Promise._settlePromises (http://localhost:58002/__cypress/runner/cypress_runner.js:165528:18)\n    at Async../node_modules/bluebird/js/release/async.js.Async._drainQueue (http://localhost:58002/__cypress/runner/cypress_runner.js:162140:16)\n    at Async../node_modules/bluebird/js/release/async.js.Async._drainQueues (http://localhost:58002/__cypress/runner/cypress_runner.js:162150:10)\n    at Async.drainQueues (http://localhost:58002/__cypress/runner/cypress_runner.js:162024:14)",
                "diff": null
              },
              "uuid": "e8477696-1957-431c-8685-fa67515b0dcb",
              "parentUUID": "b19bcfc5-8392-4d61-abce-35ebc7d33a64",
              "isHook": false,
              "skipped": false
            },
            {
              "title": "Verifica se ao clicar no botão, o quadro de pixels é totalmente preenchido de branco",
              "fullTitle": "9 - Crie um botão que, ao ser clicado, limpa o quadro preenchendo a cor de todos seus pixels com branco. Verifica se ao clicar no botão, o quadro de pixels é totalmente preenchido de branco",
              "timedOut": null,
              "duration": 5017,
              "state": "failed",
              "speed": null,
              "pass": false,
              "fail": true,
              "pending": false,
              "context": null,
              "code": "cy.get('.color').eq(1).then(function (color) {\n  var backgroundColor = color.css('background-color');\n  cy.wrap(color).click();\n  cy.get('.pixel').each(function (pixel) {\n    cy.wrap(pixel).click().should('have.css', 'background-color', backgroundColor);\n  });\n});\ncy.get('#clear-board').click();\ncy.get('.pixel').each(function (pixel) {\n  cy.wrap(pixel).should('have.css', 'background-color', WHITE);\n});",
              "err": {
                "message": "CypressError: Timed out retrying: Expected to find element: '.color', but never found it.",
                "estack": "CypressError: Timed out retrying: Expected to find element: '.color', but never found it.\n    at cypressErr (http://localhost:58002/__cypress/runner/cypress_runner.js:149934:9)\n    at throwErr (http://localhost:58002/__cypress/runner/cypress_runner.js:149867:11)\n    at Object.throwErrByPath (http://localhost:58002/__cypress/runner/cypress_runner.js:149915:3)\n    at retry (http://localhost:58002/__cypress/runner/cypress_runner.js:144197:19)\n    at onFailFn (http://localhost:58002/__cypress/runner/cypress_runner.js:132448:16)\n    at tryCatcher (http://localhost:58002/__cypress/runner/cypress_runner.js:167415:23)\n    at Promise._settlePromiseFromHandler (http://localhost:58002/__cypress/runner/cypress_runner.js:165351:31)\n    at Promise._settlePromise (http://localhost:58002/__cypress/runner/cypress_runner.js:165408:18)\n    at Promise._settlePromise0 (http://localhost:58002/__cypress/runner/cypress_runner.js:165453:10)\n    at Promise._settlePromises (http://localhost:58002/__cypress/runner/cypress_runner.js:165528:18)\n    at Async../node_modules/bluebird/js/release/async.js.Async._drainQueue (http://localhost:58002/__cypress/runner/cypress_runner.js:162140:16)\n    at Async../node_modules/bluebird/js/release/async.js.Async._drainQueues (http://localhost:58002/__cypress/runner/cypress_runner.js:162150:10)\n    at Async.drainQueues (http://localhost:58002/__cypress/runner/cypress_runner.js:162024:14)",
                "diff": null
              },
              "uuid": "37372cb2-897a-431e-9d32-7b9823843a12",
              "parentUUID": "b19bcfc5-8392-4d61-abce-35ebc7d33a64",
              "isHook": false,
              "skipped": false
            }
          ],
          "suites": [],
          "passes": [],
          "failures": [
            "bd6e35d8-d149-45a2-a3a8-6ab23cc49266",
            "dac43d7f-d5ac-4c3d-963e-49ad3108207c",
            "e8477696-1957-431c-8685-fa67515b0dcb",
            "37372cb2-897a-431e-9d32-7b9823843a12"
          ],
          "pending": [],
          "skipped": [],
          "duration": 19994,
          "root": false,
          "rootEmpty": false,
          "_timeout": 2000
        },
        {
          "uuid": "fbe74589-eec4-4390-ba7d-ffbab871f325",
          "title": "10 - Faça o quadro de pixels ter seu tamanho definido pelo usuário.",
          "fullFile": "",
          "file": "",
          "beforeHooks": [],
          "afterHooks": [],
          "tests": [
            {
              "title": "Verifica se existe um input com o id `board-size`",
              "fullTitle": "10 - Faça o quadro de pixels ter seu tamanho definido pelo usuário. Verifica se existe um input com o id `board-size`",
              "timedOut": null,
              "duration": 5018,
              "state": "failed",
              "speed": null,
              "pass": false,
              "fail": true,
              "pending": false,
              "context": null,
              "code": "cy.get('#board-size').should('be.visible');",
              "err": {
                "message": "CypressError: Timed out retrying: Expected to find element: '#board-size', but never found it.",
[...]
                "diff": null
              },
              "uuid": "6b297409-48b2-40e7-90ca-5ac6dd3a602a",
              "parentUUID": "fbe74589-eec4-4390-ba7d-ffbab871f325",
              "isHook": false,
              "skipped": false
            },
            {
              "title": "Verifica se o novo quadro tem todos os pixels preenchidos com a cor branca",
              "fullTitle": "10 - Faça o quadro de pixels ter seu tamanho definido pelo usuário. Verifica se o novo quadro tem todos os pixels preenchidos com a cor branca",
              "timedOut": null,
              "duration": 4775,
              "state": "failed",
              "speed": null,
              "pass": false,
              "fail": true,
              "pending": false,
              "context": null,
              "code": "cy.get('#board-size').clear().type(6);\ncy.get('#generate-board').click();\ncy.get('.pixel').should('have.length', 36).each(function (pixel) {\n  expect(pixel).to.have.css('background-color', WHITE);\n});",
              "err": {
                "message": "CypressError: Timed out retrying: Expected to find element: '#board-size', but never found it.",
                "estack": "CypressError: Timed out retrying: Expected to find element: '#board-size', but never found it.\n    at cypressErr (http://localhost:58002/__cypress/runner/cypress_runner.js:149934:9)\n    at throwErr (http://localhost:58002/__cypress/runner/cypress_runner.js:149867:11)\n    at Object.throwErrByPath (http://localhost:58002/__cypress/runner/cypress_runner.js:149915:3)\n    at retry (http://localhost:58002/__cypress/runner/cypress_runner.js:144197:19)\n    at onFailFn (http://localhost:58002/__cypress/runner/cypress_runner.js:132448:16)\n    at tryCatcher (http://localhost:58002/__cypress/runner/cypress_runner.js:167415:23)\n    at Promise._settlePromiseFromHandler (http://localhost:58002/__cypress/runner/cypress_runner.js:165351:31)\n    at Promise._settlePromise (http://localhost:58002/__cypress/runner/cypress_runner.js:165408:18)\n    at Promise._settlePromise0 (http://localhost:58002/__cypress/runner/cypress_runner.js:165453:10)\n    at Promise._settlePromises (http://localhost:58002/__cypress/runner/cypress_runner.js:165528:18)\n    at Async../node_modules/bluebird/js/release/async.js.Async._drainQueue (http://localhost:58002/__cypress/runner/cypress_runner.js:162140:16)\n    at Async../node_modules/bluebird/js/release/async.js.Async._drainQueues (http://localhost:58002/__cypress/runner/cypress_runner.js:162150:10)\n    at Async.drainQueues (http://localhost:58002/__cypress/runner/cypress_runner.js:162024:14)",
                "diff": null
              },
              "uuid": "6b97da7f-27c4-485b-b963-85ebde17432d",
              "parentUUID": "fbe74589-eec4-4390-ba7d-ffbab871f325",
              "isHook": false,
              "skipped": false
            }
          ],
          "suites": [],
          "passes": [],
          "failures": [
            "aa1f73a0-6984-4fe4-b5f9-1b9923ad7ef6",
            "d2fd7611-4124-4a8e-8b61-385942fec1c0",
            "34c24825-5a5c-4906-8e84-4d29b74679de",
            "1849462b-ae1e-4a20-88cd-e61f17277cb6",
            "0b6c6704-a8cc-4a8d-be78-846ac1c5ae89",
            "11084afc-9414-489e-99db-e520ed71cab2",
            "7a265201-ea18-4448-b3ec-5dc0a37f4b83",
            "6b297409-48b2-40e7-90ca-5ac6dd3a602a",
            "6b97da7f-27c4-485b-b963-85ebde17432d"
          ],
          "pending": [],
          "skipped": [],
          "duration": 44675,
          "root": false,
          "rootEmpty": false,
          "_timeout": 2000
        },
        {
          "uuid": "8ae75897-c65f-4ea9-a8d1-c14f815fa19a",
          "title": "11 - Limite o tamanho mínimo e máximo do board.",
          "fullFile": "",
          "file": "",
          "beforeHooks": [],
          "afterHooks": [],
          "tests": [
            {
              "title": "Verifica se a altura máxima do board é 50",
              "fullTitle": "11 - Limite o tamanho mínimo e máximo do board. Verifica se a altura máxima do board é 50",
              "timedOut": null,
              "duration": 4977,
              "state": "failed",
              "speed": null,
              "pass": false,
              "fail": true,
              "pending": false,
              "context": null,
              "code": "cy.get('#board-size').clear().type(50);\ncy.get('#generate-board').click();\ncy.get('.pixel').should('have.length', 2500);",
              "err": {
                "message": "CypressError: Timed out retrying: Expected to find element: '#board-size', but never found it.",
                "estack": "CypressError: Timed out retrying: Expected to find element: '#board-size', but never found it.\n    at cypressErr (http://localhost:58002/__cypress/runner/cypress_runner.js:149934:9)\n    at throwErr (http://localhost:58002/__cypress/runner/cypress_runner.js:149867:11)\n    at Object.throwErrByPath (http://localhost:58002/__cypress/runner/cypress_runner.js:149915:3)\n    at retry (http://localhost:58002/__cypress/runner/cypress_runner.js:144197:19)\n    at onFailFn (http://localhost:58002/__cypress/runner/cypress_runner.js:132448:16)\n    at tryCatcher (http://localhost:58002/__cypress/runner/cypress_runner.js:167415:23)\n    at Promise._settlePromiseFromHandler (http://localhost:58002/__cypress/runner/cypress_runner.js:165351:31)\n    at Promise._settlePromise (http://localhost:58002/__cypress/runner/cypress_runner.js:165408:18)\n    at Promise._settlePromise0 (http://localhost:58002/__cypress/runner/cypress_runner.js:165453:10)\n    at Promise._settlePromises (http://localhost:58002/__cypress/runner/cypress_runner.js:165528:18)\n    at Async../node_modules/bluebird/js/release/async.js.Async._drainQueue (http://localhost:58002/__cypress/runner/cypress_runner.js:162140:16)\n    at Async../node_modules/bluebird/js/release/async.js.Async._drainQueues (http://localhost:58002/__cypress/runner/cypress_runner.js:162150:10)\n    at Async.drainQueues (http://localhost:58002/__cypress/runner/cypress_runner.js:162024:14)",
                "diff": null
              },
              "uuid": "d3b938bd-cbd6-4278-be3c-5843200ba802",
              "parentUUID": "8ae75897-c65f-4ea9-a8d1-c14f815fa19a",
              "isHook": false,
              "skipped": false
            },
            {
              "title": "Verifica se a altura do board é 5 quando um valor menor é colocado no input",
              "fullTitle": "11 - Limite o tamanho mínimo e máximo do board. Verifica se a altura do board é 5 quando um valor menor é colocado no input",
              "timedOut": null,
              "duration": 4995,
              "state": "failed",
              "speed": null,
              "pass": false,
              "fail": true,
              "pending": false,
              "context": null,
              "code": "cy.get('#board-size').clear().type(4);\ncy.get('#generate-board').click();\ncy.get('.pixel').should('have.length', 25);",
              "err": {
                "message": "CypressError: Timed out retrying: Expected to find element: '#board-size', but never found it.",
                "estack": "CypressError: Timed out retrying: Expected to find element: '#board-size', but never found it.\n    at cypressErr (http://localhost:58002/__cypress/runner/cypress_runner.js:149934:9)\n    at throwErr (http://localhost:58002/__cypress/runner/cypress_runner.js:149867:11)\n    at Object.throwErrByPath (http://localhost:58002/__cypress/runner/cypress_runner.js:149915:3)\n    at retry (http://localhost:58002/__cypress/runner/cypress_runner.js:144197:19)\n    at onFailFn (http://localhost:58002/__cypress/runner/cypress_runner.js:132448:16)\n    at tryCatcher (http://localhost:58002/__cypress/runner/cypress_runner.js:167415:23)\n    at Promise._settlePromiseFromHandler (http://localhost:58002/__cypress/runner/cypress_runner.js:165351:31)\n    at Promise._settlePromise (http://localhost:58002/__cypress/runner/cypress_runner.js:165408:18)\n    at Promise._settlePromise0 (http://localhost:58002/__cypress/runner/cypress_runner.js:165453:10)\n    at Promise._settlePromises (http://localhost:58002/__cypress/runner/cypress_runner.js:165528:18)\n    at Async../node_modules/bluebird/js/release/async.js.Async._drainQueue (http://localhost:58002/__cypress/runner/cypress_runner.js:162140:16)\n    at Async../node_modules/bluebird/js/release/async.js.Async._drainQueues (http://localhost:58002/__cypress/runner/cypress_runner.js:162150:10)\n    at Async.drainQueues (http://localhost:58002/__cypress/runner/cypress_runner.js:162024:14)",
                "diff": null
              },
              "uuid": "d0c1e19b-c9f3-4b7c-8e0c-3a5083991579",
              "parentUUID": "8ae75897-c65f-4ea9-a8d1-c14f815fa19a",
              "isHook": false,
              "skipped": false
            },
            {
              "title": "Verifica se a altura do board é 50 quando um valor maior é colocado no input",
              "fullTitle": "11 - Limite o tamanho mínimo e máximo do board. Verifica se a altura do board é 50 quando um valor maior é colocado no input",
              "timedOut": null,
              "duration": 4879,
              "state": "failed",
              "speed": null,
              "pass": false,
              "fail": true,
              "pending": false,
              "context": null,
              "code": "cy.get('#board-size').clear().type(51);\ncy.get('#generate-board').click();\ncy.get('.pixel').should('have.length', 2500);",
              "err": {
                "message": "CypressError: Timed out retrying: Expected to find element: '#board-size', but never found it.",
                "estack": "CypressError: Timed out retrying: Expected to find element: '#board-size', but never found it.\n    at cypressErr (http://localhost:58002/__cypress/runner/cypress_runner.js:149934:9)\n    at throwErr (http://localhost:58002/__cypress/runner/cypress_runner.js:149867:11)\n    at Object.throwErrByPath (http://localhost:58002/__cypress/runner/cypress_runner.js:149915:3)\n    at retry (http://localhost:58002/__cypress/runner/cypress_runner.js:144197:19)\n    at onFailFn (http://localhost:58002/__cypress/runner/cypress_runner.js:132448:16)\n    at tryCatcher (http://localhost:58002/__cypress/runner/cypress_runner.js:167415:23)\n    at Promise._settlePromiseFromHandler (http://localhost:58002/__cypress/runner/cypress_runner.js:165351:31)\n    at Promise._settlePromise (http://localhost:58002/__cypress/runner/cypress_runner.js:165408:18)\n    at Promise._settlePromise0 (http://localhost:58002/__cypress/runner/cypress_runner.js:165453:10)\n    at Promise._settlePromises (http://localhost:58002/__cypress/runner/cypress_runner.js:165528:18)\n    at Async../node_modules/bluebird/js/release/async.js.Async._drainQueue (http://localhost:58002/__cypress/runner/cypress_runner.js:162140:16)\n    at Async../node_modules/bluebird/js/release/async.js.Async._drainQueues (http://localhost:58002/__cypress/runner/cypress_runner.js:162150:10)\n    at Async.drainQueues (http://localhost:58002/__cypress/runner/cypress_runner.js:162024:14)",
                "diff": null
              },
              "uuid": "4c70b004-045f-4347-8ad4-7ba4cfb77732",
              "parentUUID": "8ae75897-c65f-4ea9-a8d1-c14f815fa19a",
              "isHook": false,
              "skipped": false
            }
          ],
          "suites": [],
          "passes": [],
          "failures": [
            "d3b938bd-cbd6-4278-be3c-5843200ba802",
            "d0c1e19b-c9f3-4b7c-8e0c-3a5083991579",
            "4c70b004-045f-4347-8ad4-7ba4cfb77732"
          ],
          "pending": [],
          "skipped": [],
          "duration": 14851,
          "root": false,
          "rootEmpty": false,
          "_timeout": 2000
        },
        {
          "uuid": "ab146071-4b2d-4e62-93b6-b34d67a444a7",
          "title": "12 - Faça com que as cores da paleta sejam geradas aleatoriamente ao carregar a página.",
          "fullFile": "",
          "file": "",
          "beforeHooks": [],
          "afterHooks": [],
          "tests": [
            {
              "title": "Verifica se as cores geradas na paleta são diferentes a cada carregamento da página",
              "fullTitle": "12 - Faça com que as cores da paleta sejam geradas aleatoriamente ao carregar a página. Verifica se as cores geradas na paleta são diferentes a cada carregamento da página",
              "timedOut": null,
              "duration": 4886,
              "state": "failed",
              "speed": null,
              "pass": false,
              "fail": true,
              "pending": false,
              "context": null,
              "code": "cy.get('.color').then(function (colors) {\n  var currentColors;\n  var previousColors;\n  previousColors = Array.from(colors).map(function (color) {\n    return Cypress.$(color).css('background-color');\n  });\n  for (var i = 0; i < 5; i += 1) {\n    cy.reload();\n    cy.get('.color').then(function (colors) {\n      currentColors = Array.from(colors).map(function (color) {\n        return Cypress.$(color).css('background-color');\n      });\n      expect(currentColors).not.to.deep.equal(previousColors);\n      previousColors = currentColors;\n    });\n  }\n});",
              "err": {
                "message": "CypressError: Timed out retrying: Expected to find element: '.color', but never found it.",
                "estack": "CypressError: Timed out retrying: Expected to find element: '.color', but never found it.\n    at cypressErr (http://localhost:58002/__cypress/runner/cypress_runner.js:149934:9)\n    at throwErr (http://localhost:58002/__cypress/runner/cypress_runner.js:149867:11)\n    at Object.throwErrByPath (http://localhost:58002/__cypress/runner/cypress_runner.js:149915:3)\n    at retry (http://localhost:58002/__cypress/runner/cypress_runner.js:144197:19)\n    at onFailFn (http://localhost:58002/__cypress/runner/cypress_runner.js:132448:16)\n    at tryCatcher (http://localhost:58002/__cypress/runner/cypress_runner.js:167415:23)\n    at Promise._settlePromiseFromHandler (http://localhost:58002/__cypress/runner/cypress_runner.js:165351:31)\n    at Promise._settlePromise (http://localhost:58002/__cypress/runner/cypress_runner.js:165408:18)\n    at Promise._settlePromise0 (http://localhost:58002/__cypress/runner/cypress_runner.js:165453:10)\n    at Promise._settlePromises (http://localhost:58002/__cypress/runner/cypress_runner.js:165528:18)\n    at Async../node_modules/bluebird/js/release/async.js.Async._drainQueue (http://localhost:58002/__cypress/runner/cypress_runner.js:162140:16)\n    at Async../node_modules/bluebird/js/release/async.js.Async._drainQueues (http://localhost:58002/__cypress/runner/cypress_runner.js:162150:10)\n    at Async.drainQueues (http://localhost:58002/__cypress/runner/cypress_runner.js:162024:14)",
                "diff": null
              },
              "uuid": "253f83c6-84f8-4921-8e94-17432f62be08",
              "parentUUID": "ab146071-4b2d-4e62-93b6-b34d67a444a7",
              "isHook": false,
              "skipped": false
            },
            {
              "title": "Verifica se a cor preta ainda está presente e é a primeira na sua paleta de cores",
              "fullTitle": "12 - Faça com que as cores da paleta sejam geradas aleatoriamente ao carregar a página. Verifica se a cor preta ainda está presente e é a primeira na sua paleta de cores",
              "timedOut": null,
              "duration": 4927,
              "state": "failed",
              "speed": null,
              "pass": false,
              "fail": true,
              "pending": false,
              "context": null,
              "code": "cy.get('.color').then(function (colors) {\n  var currentColors;\n  var previousColors;\n  previousColors = Array.from(colors).map(function (color) {\n    return Cypress.$(color).css('background-color');\n  });\n  expect(previousColors[0]).to.eq(BLACK);\n  for (var i = 0; i < 5; i += 1) {\n    cy.reload();\n    cy.get('.color').then(function (colors) {\n      currentColors = Array.from(colors).map(function (color) {\n        return Cypress.$(color).css('background-color');\n      });\n      expect(currentColors[0]).to.eq(BLACK);\n      expect(currentColors).not.to.deep.equal(previousColors);\n      previousColors = currentColors;\n    });\n  }\n});",
              "err": {
                "message": "CypressError: Timed out retrying: Expected to find element: '.color', but never found it.",
                "estack": "CypressError: Timed out retrying: Expected to find element: '.color', but never found it.\n    at cypressErr (http://localhost:58002/__cypress/runner/cypress_runner.js:149934:9)\n    at throwErr (http://localhost:58002/__cypress/runner/cypress_runner.js:149867:11)\n    at Object.throwErrByPath (http://localhost:58002/__cypress/runner/cypress_runner.js:149915:3)\n    at retry (http://localhost:58002/__cypress/runner/cypress_runner.js:144197:19)\n    at onFailFn (http://localhost:58002/__cypress/runner/cypress_runner.js:132448:16)\n    at tryCatcher (http://localhost:58002/__cypress/runner/cypress_runner.js:167415:23)\n    at Promise._settlePromiseFromHandler (http://localhost:58002/__cypress/runner/cypress_runner.js:165351:31)\n    at Promise._settlePromise (http://localhost:58002/__cypress/runner/cypress_runner.js:165408:18)\n    at Promise._settlePromise0 (http://localhost:58002/__cypress/runner/cypress_runner.js:165453:10)\n    at Promise._settlePromises (http://localhost:58002/__cypress/runner/cypress_runner.js:165528:18)\n    at Async../node_modules/bluebird/js/release/async.js.Async._drainQueue (http://localhost:58002/__cypress/runner/cypress_runner.js:162140:16)\n    at Async../node_modules/bluebird/js/release/async.js.Async._drainQueues (http://localhost:58002/__cypress/runner/cypress_runner.js:162150:10)\n    at Async.drainQueues (http://localhost:58002/__cypress/runner/cypress_runner.js:162024:14)",
                "diff": null
              },
              "uuid": "7b11c299-4a1d-42aa-bf07-a8ba4ac7daa0",
              "parentUUID": "ab146071-4b2d-4e62-93b6-b34d67a444a7",
              "isHook": false,
              "skipped": false
            }
          ],
          "suites": [],
          "passes": [],
          "failures": [
            "253f83c6-84f8-4921-8e94-17432f62be08",
            "7b11c299-4a1d-42aa-bf07-a8ba4ac7daa0"
          ],
          "pending": [],
          "skipped": [],
          "duration": 9813,
          "root": false,
          "rootEmpty": false,
          "_timeout": 2000
        }
      ],
      "passes": [],
      "failures": [],
      "pending": [],
      "skipped": [],
      "duration": 0,
      "root": true,
      "rootEmpty": true,
      "_timeout": 2000
    }
  ],
  "meta": {
    "mocha": {
      "version": "7.0.1"
    },
    "mochawesome": {
      "options": {
        "quiet": false,
        "reportFilename": "mochawesome",
        "saveHtml": false,
        "saveJson": true,
        "consoleReporter": "spec",
        "useInlineDiffs": false
      },
      "version": "4.1.0"
    },
    "marge": {
      "options": {
        "id": "default",
        "reportDir": "cypress/reports",
        "overwrite": true,
        "html": false,
        "json": true
      },
      "version": "4.1.0"
    }
  }
}