{
  "stats": {
    "suites": 12,
    "tests": 41,
    "passes": 16,
    "pending": 0,
    "failures": 25,
    "start": "2021-09-17T08:38:41.106Z",
    "end": "2021-09-17T08:40:30.802Z",
    "duration": 109696,
    "testsRegistered": 41,
    "passPercent": 39.02439024390244,
    "pendingPercent": 0,
    "other": 0,
    "hasOther": false,
    "skipped": 0,
    "hasSkipped": false
  },
  "results": [
    {
      "uuid": "9e8ee7cf-375d-4d99-aca4-a33f4bb5b6f9",
      "title": "",
      "fullFile": "cypress/integration/project.spec.js",
      "file": "cypress/integration/project.spec.js",
      "beforeHooks": [],
      "afterHooks": [],
      "tests": [],
      "suites": [
        {
          "uuid": "c3ab3f11-a1f8-450a-916e-b30cc6182cf2",
          "title": "1 - Adicione à página o título \"Paleta de Cores\".",
          "fullFile": "",
          "file": "",
          "beforeHooks": [],
          "afterHooks": [],
          "tests": [
            {
              "title": "Verifica se contém um elemento `h1` com o id `title` com o título correto",
              "fullTitle": "1 - Adicione à página o título \"Paleta de Cores\". Verifica se contém um elemento `h1` com o id `title` com o título correto",
              "timedOut": null,
              "duration": 341,
              "state": "passed",
              "speed": "slow",
              "pass": true,
              "fail": false,
              "pending": false,
              "context": null,
              "code": "cy.get('h1#title').should('contain.text', 'Paleta de Cores');",
              "err": {},
              "uuid": "80778b9c-cf95-46a6-bffb-b8015fa44b54",
              "parentUUID": "c3ab3f11-a1f8-450a-916e-b30cc6182cf2",
              "isHook": false,
              "skipped": false
            }
          ],
          "suites": [],
          "passes": [
            "80778b9c-cf95-46a6-bffb-b8015fa44b54"
          ],
          "failures": [],
          "pending": [],
          "skipped": [],
          "duration": 341,
          "root": false,
          "rootEmpty": false,
          "_timeout": 2000
        },
        {
          "uuid": "642989ee-0d4d-49de-af03-de508ac3f283",
          "title": "2 - Adicione à página uma paleta de quatro cores distintas.",
          "fullFile": "",
          "file": "",
          "beforeHooks": [],
          "afterHooks": [],
          "tests": [
            {
              "title": "A paleta de cores deve ser um elemento com `id` denominado `color-palette`",
              "fullTitle": "2 - Adicione à página uma paleta de quatro cores distintas. A paleta de cores deve ser um elemento com `id` denominado `color-palette`",
              "timedOut": null,
              "duration": 173,
              "state": "passed",
              "speed": "slow",
              "pass": true,
              "fail": false,
              "pending": false,
              "context": null,
              "code": "cy.get('#color-palette').should('be.visible');\ncy.get('#color-palette').children('.color');",
              "err": {},
              "uuid": "f22a8c3e-bb1a-4e85-85ff-1ff25d75d2d4",
              "parentUUID": "642989ee-0d4d-49de-af03-de508ac3f283",
              "isHook": false,
              "skipped": false
            },
            {
              "title": "Verifica se cada cor individual da paleta de cores possui a `classe` chamada `color`.",
              "fullTitle": "2 - Adicione à página uma paleta de quatro cores distintas. Verifica se cada cor individual da paleta de cores possui a `classe` chamada `color`.",
              "timedOut": null,
              "duration": 259,
              "state": "passed",
              "speed": "slow",
              "pass": true,
              "fail": false,
              "pending": false,
              "context": null,
              "code": "cy.get('.color').should('have.length', 4).then(function (colors) {\n  for (var i = 0; i < colors.length; i++) {\n    cy.wrap(colors[i]).should('be.visible');\n  }\n});",
              "err": {},
              "uuid": "9601a87a-5a7c-46b1-b296-84439a9108a2",
              "parentUUID": "642989ee-0d4d-49de-af03-de508ac3f283",
              "isHook": false,
              "skipped": false
            },
            {
              "title": "Verifica se a cor de fundo de cada elemento da paleta é a cor que o elemento representa. **A única cor não permitida na paleta é a cor branca.**",
              "fullTitle": "2 - Adicione à página uma paleta de quatro cores distintas. Verifica se a cor de fundo de cada elemento da paleta é a cor que o elemento representa. **A única cor não permitida na paleta é a cor branca.**",
              "timedOut": null,
              "duration": 215,
              "state": "passed",
              "speed": "slow",
              "pass": true,
              "fail": false,
              "pending": false,
              "context": null,
              "code": "cy.get('.color').each(function (color) {\n  cy.wrap(color).should('have.class', 'color').and('not.have.css', 'background-color', WHITE);\n  cy.wrap(color).should('have.css', 'background-color');\n});",
              "err": {},
              "uuid": "05b602c1-5f47-44d4-b357-2460223cc578",
              "parentUUID": "642989ee-0d4d-49de-af03-de508ac3f283",
              "isHook": false,
              "skipped": false
            },
            {
              "title": "Verifica se cada elemento da paleta de cores tem uma borda preta, sólida e com 1 pixel de largura;",
              "fullTitle": "2 - Adicione à página uma paleta de quatro cores distintas. Verifica se cada elemento da paleta de cores tem uma borda preta, sólida e com 1 pixel de largura;",
              "timedOut": null,
              "duration": 178,
              "state": "passed",
              "speed": "slow",
              "pass": true,
              "fail": false,
              "pending": false,
              "context": null,
              "code": "cy.get('.color').each(function (color) {\n  cy.wrap(color).and('have.css', 'border', \"1px solid \".concat(BLACK)).and('have.class', 'color');\n});",
              "err": {},
              "uuid": "bfb44108-770e-4d9d-aa0e-c9f9682c0a3b",
              "parentUUID": "642989ee-0d4d-49de-af03-de508ac3f283",
              "isHook": false,
              "skipped": false
            },
            {
              "title": "Verifica se a paleta lista todas as cores disponíveis para utilização, lado a lado.",
              "fullTitle": "2 - Adicione à página uma paleta de quatro cores distintas. Verifica se a paleta lista todas as cores disponíveis para utilização, lado a lado.",
              "timedOut": null,
              "duration": 200,
              "state": "passed",
              "speed": "slow",
              "pass": true,
              "fail": false,
              "pending": false,
              "context": null,
              "code": "cy.get('.color').then(function (colors) {\n  for (var index = 1; index < colors.length; index += 1) {\n    var currentColor = colors[index];\n    var previousColor = colors[index - 1];\n    cy.wrap(currentColor).should('be.onTheRightOf', previousColor).and('be.horizontallyAlignedWith', previousColor);\n  }\n});",
              "err": {},
              "uuid": "65731bd0-a736-48cb-9f4c-440e8c52fbb1",
              "parentUUID": "642989ee-0d4d-49de-af03-de508ac3f283",
              "isHook": false,
              "skipped": false
            },
            {
              "title": "Verifica se a paleta de cores está posicionada abaixo do título 'Paleta de Cores'",
              "fullTitle": "2 - Adicione à página uma paleta de quatro cores distintas. Verifica se a paleta de cores está posicionada abaixo do título 'Paleta de Cores'",
              "timedOut": null,
              "duration": 146,
              "state": "passed",
              "speed": "slow",
              "pass": true,
              "fail": false,
              "pending": false,
              "context": null,
              "code": "cy.get('h1#title').then(function (title) {\n  cy.get('#color-palette').should('be.belowOf', title);\n});",
              "err": {},
              "uuid": "9d36ef5b-ee76-4b24-a15c-425db6f149f0",
              "parentUUID": "642989ee-0d4d-49de-af03-de508ac3f283",
              "isHook": false,
              "skipped": false
            },
            {
              "title": "Verifica se a paleta de cores não contém cores repetidas.",
              "fullTitle": "2 - Adicione à página uma paleta de quatro cores distintas. Verifica se a paleta de cores não contém cores repetidas.",
              "timedOut": null,
              "duration": 130,
              "state": "passed",
              "speed": "slow",
              "pass": true,
              "fail": false,
              "pending": false,
              "context": null,
              "code": "cy.get('.color').then(function (colors) {\n  var allColors = Array.from(colors).map(function (color) {\n    return Cypress.$(color).css('background-color');\n  });\n  cy.log(allColors);\n  var uniqColors = (0, _toConsumableArray2[\"default\"])(new Set(allColors));\n  cy.log(uniqColors);\n  expect(allColors.length).to.eq(uniqColors.length);\n});",
              "err": {},
              "uuid": "95b0fbb3-29cd-487b-b9a3-0de02d1b2637",
              "parentUUID": "642989ee-0d4d-49de-af03-de508ac3f283",
              "isHook": false,
              "skipped": false
            }
          ],
          "suites": [],
          "passes": [
            "f22a8c3e-bb1a-4e85-85ff-1ff25d75d2d4",
            "9601a87a-5a7c-46b1-b296-84439a9108a2",
            "05b602c1-5f47-44d4-b357-2460223cc578",
            "bfb44108-770e-4d9d-aa0e-c9f9682c0a3b",
            "65731bd0-a736-48cb-9f4c-440e8c52fbb1",
            "9d36ef5b-ee76-4b24-a15c-425db6f149f0",
            "95b0fbb3-29cd-487b-b9a3-0de02d1b2637"
          ],
          "failures": [],
          "pending": [],
          "skipped": [],
          "duration": 1301,
          "root": false,
          "rootEmpty": false,
          "_timeout": 2000
        },
        {
          "uuid": "d2927aae-8153-4334-b5fd-439afaaeb750",
          "title": "3 - Adicione a cor **preta** como a primeira cor da paleta de cores.",
          "fullFile": "",
          "file": "",
          "beforeHooks": [],
          "afterHooks": [],
          "tests": [
            {
              "title": "Verifica se a primeira cor da paleta é preta",
              "fullTitle": "3 - Adicione a cor **preta** como a primeira cor da paleta de cores. Verifica se a primeira cor da paleta é preta",
              "timedOut": null,
              "duration": 102,
              "state": "passed",
              "speed": "slow",
              "pass": true,
              "fail": false,
              "pending": false,
              "context": null,
              "code": "cy.get('.color').first().should('have.css', 'background-color', BLACK);",
              "err": {},
              "uuid": "7e44ee9a-6acc-4aef-887d-49e69ccc07d3",
              "parentUUID": "d2927aae-8153-4334-b5fd-439afaaeb750",
              "isHook": false,
              "skipped": false
            },
            {
              "title": "Verifica se as demais cores podem ser escolhidas livremente.",
              "fullTitle": "3 - Adicione a cor **preta** como a primeira cor da paleta de cores. Verifica se as demais cores podem ser escolhidas livremente.",
              "timedOut": null,
              "duration": 256,
              "state": "passed",
              "speed": "slow",
              "pass": true,
              "fail": false,
              "pending": false,
              "context": null,
              "code": "cy.get('.color').eq(1).should('not.have.css', 'background-color', BLACK);\ncy.get('.color').eq(1).should('not.have.css', 'background-color', WHITE);\ncy.get('.color').eq(1).should('not.have.css', 'background-color', 'rgba(0, 0, 0, 0)');\ncy.get('.color').eq(1).should('have.css', 'background-color');\ncy.get('.color').eq(2).should('not.have.css', 'background-color', BLACK);\ncy.get('.color').eq(2).should('not.have.css', 'background-color', WHITE);\ncy.get('.color').eq(2).should('not.have.css', 'background-color', 'rgba(0, 0, 0, 0)');\ncy.get('.color').eq(2).should('have.css', 'background-color');\ncy.get('.color').eq(3).should('not.have.css', 'background-color', BLACK);\ncy.get('.color').eq(3).should('not.have.css', 'background-color', WHITE);\ncy.get('.color').eq(3).should('not.have.css', 'background-color', 'rgba(0, 0, 0, 0)');\ncy.get('.color').eq(3).should('have.css', 'background-color');",
              "err": {},
              "uuid": "bccfcf94-126b-4d61-bd0a-dce865d4e2e2",
              "parentUUID": "d2927aae-8153-4334-b5fd-439afaaeb750",
              "isHook": false,
              "skipped": false
            }
          ],
          "suites": [],
          "passes": [
            "7e44ee9a-6acc-4aef-887d-49e69ccc07d3",
            "bccfcf94-126b-4d61-bd0a-dce865d4e2e2"
          ],
          "failures": [],
          "pending": [],
          "skipped": [],
          "duration": 358,
          "root": false,
          "rootEmpty": false,
          "_timeout": 2000
        },
        {
          "uuid": "17b692fa-c738-4de8-977c-f3fc558d417a",
          "title": "4 - Adicione à página um quadro de pixels, com 25 pixels.",
          "fullFile": "",
          "file": "",
          "beforeHooks": [],
          "afterHooks": [],
          "tests": [
            {
              "title": "Verifica se o quadro de pixels possui o `id` denominado `pixel-board`",
              "fullTitle": "4 - Adicione à página um quadro de pixels, com 25 pixels. Verifica se o quadro de pixels possui o `id` denominado `pixel-board`",
              "timedOut": null,
              "duration": 123,
              "state": "passed",
              "speed": "slow",
              "pass": true,
              "fail": false,
              "pending": false,
              "context": null,
              "code": "cy.get('#pixel-board').should('be.visible');",
              "err": {},
              "uuid": "4ff8a8a9-071f-4788-8bf9-c22f4f1a8bef",
              "parentUUID": "17b692fa-c738-4de8-977c-f3fc558d417a",
              "isHook": false,
              "skipped": false
            },
            {
              "title": "Verifica se cada pixel individual dentro do quadro possui a `classe` denominada `pixel`.",
              "fullTitle": "4 - Adicione à página um quadro de pixels, com 25 pixels. Verifica se cada pixel individual dentro do quadro possui a `classe` denominada `pixel`.",
              "timedOut": null,
              "duration": 192,
              "state": "passed",
              "speed": "slow",
              "pass": true,
              "fail": false,
              "pending": false,
              "context": null,
              "code": "cy.get('.pixel').should('have.length', 25);",
              "err": {},
              "uuid": "52859ac3-f9d6-4d56-a891-d0e2ae41e882",
              "parentUUID": "17b692fa-c738-4de8-977c-f3fc558d417a",
              "isHook": false,
              "skipped": false
            },
            {
              "title": "Verifica se a cor inicial dos pixels dentro do quadro, ao abrir a página, é branca.",
              "fullTitle": "4 - Adicione à página um quadro de pixels, com 25 pixels. Verifica se a cor inicial dos pixels dentro do quadro, ao abrir a página, é branca.",
              "timedOut": null,
              "duration": 548,
              "state": "failed",
              "speed": null,
              "pass": false,
              "fail": true,
              "pending": false,
              "context": null,
              "code": "cy.get('.pixel').should('have.length', 25).each(function (pixel) {\n  expect(pixel).to.have.css('background-color', WHITE);\n});",
              "err": {
                "message": "AssertionError: expected '<div.pixel>' to have CSS property 'background-color' with the value 'rgb(255, 255, 255)', but the value was 'rgba(0, 0, 0, 0)'",
                "estack": "AssertionError: expected '<div.pixel>' to have CSS property 'background-color' with the value 'rgb(255, 255, 255)', but the value was 'rgba(0, 0, 0, 0)'\n    at callback (http://localhost:35907/__cypress/runner/cypress_runner.js:136947:20)\n    at getRet (http://localhost:35907/__cypress/runner/cypress_runner.js:136585:16)\n    at tryCatcher (http://localhost:35907/__cypress/runner/cypress_runner.js:167415:23)\n    at Function.Promise.attempt.Promise.try (http://localhost:35907/__cypress/runner/cypress_runner.js:164690:29)\n    at thenFn (http://localhost:35907/__cypress/runner/cypress_runner.js:136599:23)\n    at yieldItem (http://localhost:35907/__cypress/runner/cypress_runner.js:136954:16)\n    at tryCatcher (http://localhost:35907/__cypress/runner/cypress_runner.js:167415:23)\n    at Object.gotValue (http://localhost:35907/__cypress/runner/cypress_runner.js:166557:18)\n    at Object.gotAccum (http://localhost:35907/__cypress/runner/cypress_runner.js:166546:25)\n    at Object.tryCatcher (http://localhost:35907/__cypress/runner/cypress_runner.js:167415:23)\n    at Promise._settlePromiseFromHandler (http://localhost:35907/__cypress/runner/cypress_runner.js:165351:31)\n    at Promise._settlePromise (http://localhost:35907/__cypress/runner/cypress_runner.js:165408:18)\n    at Promise._settlePromiseCtx (http://localhost:35907/__cypress/runner/cypress_runner.js:165445:10)\n    at Async../node_modules/bluebird/js/release/async.js.Async._drainQueue (http://localhost:35907/__cypress/runner/cypress_runner.js:162145:12)\n    at Async../node_modules/bluebird/js/release/async.js.Async._drainQueues (http://localhost:35907/__cypress/runner/cypress_runner.js:162150:10)\n    at Async.drainQueues (http://localhost:35907/__cypress/runner/cypress_runner.js:162024:14)",
                "diff": "- 'rgba(0, 0, 0, 0)'\n+ 'rgb(255, 255, 255)'\n"
              },
              "uuid": "da2f2428-9875-4f89-b97e-3050a37d60b5",
              "parentUUID": "17b692fa-c738-4de8-977c-f3fc558d417a",
              "isHook": false,
              "skipped": false
            },
            {
              "title": "Verifica se o quadro de pixels aparece abaixo da paleta de cores",
              "fullTitle": "4 - Adicione à página um quadro de pixels, com 25 pixels. Verifica se o quadro de pixels aparece abaixo da paleta de cores",
              "timedOut": null,
              "duration": 234,
              "state": "passed",
              "speed": "slow",
              "pass": true,
              "fail": false,
              "pending": false,
              "context": null,
              "code": "cy.get('#color-palette').then(function (palette) {\n  cy.get('#pixel-board').should('be.belowOf', palette);\n});",
              "err": {},
              "uuid": "6533768f-45a0-4466-8c28-a98a27ca0197",
              "parentUUID": "17b692fa-c738-4de8-977c-f3fc558d417a",
              "isHook": false,
              "skipped": false
            }
          ],
          "suites": [],
          "passes": [
            "4ff8a8a9-071f-4788-8bf9-c22f4f1a8bef",
            "52859ac3-f9d6-4d56-a891-d0e2ae41e882",
            "6533768f-45a0-4466-8c28-a98a27ca0197"
          ],
          "failures": [
            "da2f2428-9875-4f89-b97e-3050a37d60b5"
          ],
          "pending": [],
          "skipped": [],
          "duration": 1097,
          "root": false,
          "rootEmpty": false,
          "_timeout": 2000
        },
        {
          "uuid": "b880fe70-ce40-4c57-a92c-9bbe21a359bf",
          "title": "5 - Faça com que cada elemento do quadro de pixels possua 40 pixels de largura, 40 pixels de altura e seja delimitado por uma borda preta de 1 pixel.",
          "fullFile": "",
          "file": "",
          "beforeHooks": [],
          "afterHooks": [],
          "tests": [
            {
              "title": "Verifica se o quadro de pixels tem altura e comprimento de 5 elementos",
              "fullTitle": "5 - Faça com que cada elemento do quadro de pixels possua 40 pixels de largura, 40 pixels de altura e seja delimitado por uma borda preta de 1 pixel. Verifica se o quadro de pixels tem altura e comprimento de 5 elementos",
              "timedOut": null,
              "duration": 583,
              "state": "failed",
              "speed": null,
              "pass": false,
              "fail": true,
              "pending": false,
              "context": null,
              "code": "cy.get('.pixel').should('have.length', 25).each(function (pixel) {\n  expect(pixel).to.have.css('background-color', WHITE);\n}).and(function (pixels) {\n  var rows = chunk(pixels, 5);\n  rows.forEach(function (row) {\n    for (var index = 1; index < row.length; index += 1) {\n      var current = pixels[index];\n      var previous = pixels[index - 1];\n      cy.wrap(current).should('be.onTheRightOf', previous).and('be.horizontallyAlignedWith', previous);\n    }\n  });\n  for (var index = 1; index < 5; index += 1) {\n    expect(pixels[index * 5]).to.be.belowOf(pixels[(index - 1) * 5]);\n  }\n});",
              "err": {
                "message": "AssertionError: expected '<div.pixel>' to have CSS property 'background-color' with the value 'rgb(255, 255, 255)', but the value was 'rgba(0, 0, 0, 0)'",
                "estack": "AssertionError: expected '<div.pixel>' to have CSS property 'background-color' with the value 'rgb(255, 255, 255)', but the value was 'rgba(0, 0, 0, 0)'\n    at callback (http://localhost:35907/__cypress/runner/cypress_runner.js:136947:20)\n    at getRet (http://localhost:35907/__cypress/runner/cypress_runner.js:136585:16)\n    at tryCatcher (http://localhost:35907/__cypress/runner/cypress_runner.js:167415:23)\n    at Function.Promise.attempt.Promise.try (http://localhost:35907/__cypress/runner/cypress_runner.js:164690:29)\n    at thenFn (http://localhost:35907/__cypress/runner/cypress_runner.js:136599:23)\n    at yieldItem (http://localhost:35907/__cypress/runner/cypress_runner.js:136954:16)\n    at tryCatcher (http://localhost:35907/__cypress/runner/cypress_runner.js:167415:23)\n    at Object.gotValue (http://localhost:35907/__cypress/runner/cypress_runner.js:166557:18)\n    at Object.gotAccum (http://localhost:35907/__cypress/runner/cypress_runner.js:166546:25)\n    at Object.tryCatcher (http://localhost:35907/__cypress/runner/cypress_runner.js:167415:23)\n    at Promise._settlePromiseFromHandler (http://localhost:35907/__cypress/runner/cypress_runner.js:165351:31)\n    at Promise._settlePromise (http://localhost:35907/__cypress/runner/cypress_runner.js:165408:18)\n    at Promise._settlePromiseCtx (http://localhost:35907/__cypress/runner/cypress_runner.js:165445:10)\n    at Async../node_modules/bluebird/js/release/async.js.Async._drainQueue (http://localhost:35907/__cypress/runner/cypress_runner.js:162145:12)\n    at Async../node_modules/bluebird/js/release/async.js.Async._drainQueues (http://localhost:35907/__cypress/runner/cypress_runner.js:162150:10)\n    at Async.drainQueues (http://localhost:35907/__cypress/runner/cypress_runner.js:162024:14)",
                "diff": "- 'rgba(0, 0, 0, 0)'\n+ 'rgb(255, 255, 255)'\n"
              },
              "uuid": "af4a106a-d3c4-4d1d-8803-10a740f70c9c",
              "parentUUID": "b880fe70-ce40-4c57-a92c-9bbe21a359bf",
              "isHook": false,
              "skipped": false
            },
            {
              "title": "Verifica se 40 pixels é o tamanho total do elemento, incluindo seu conteúdo e excluindo a borda preta, que deve ser criada à parte.",
              "fullTitle": "5 - Faça com que cada elemento do quadro de pixels possua 40 pixels de largura, 40 pixels de altura e seja delimitado por uma borda preta de 1 pixel. Verifica se 40 pixels é o tamanho total do elemento, incluindo seu conteúdo e excluindo a borda preta, que deve ser criada à parte.",
              "timedOut": null,
              "duration": 4387,
              "state": "failed",
              "speed": null,
              "pass": false,
              "fail": true,
              "pending": false,
              "context": null,
              "code": "cy.get('.pixel').each(function (pixel) {\n  cy.wrap(pixel).should('have.css', 'height', '40px').and('have.css', 'width', '40px').and('have.css', 'border', \"1px solid \".concat(BLACK));\n});",
              "err": {
                "message": "CypressError: Timed out retrying: expected '<div.pixel>' to have CSS property 'height' with the value '40px', but the value was '38px'",
                "estack": "CypressError: Timed out retrying: expected '<div.pixel>' to have CSS property 'height' with the value '40px', but the value was '38px'\n    at cypressErr (http://localhost:35907/__cypress/runner/cypress_runner.js:149934:9)\n    at throwErr (http://localhost:35907/__cypress/runner/cypress_runner.js:149867:11)\n    at Object.throwErrByPath (http://localhost:35907/__cypress/runner/cypress_runner.js:149915:3)\n    at retry (http://localhost:35907/__cypress/runner/cypress_runner.js:144197:19)\n    at onFailFn (http://localhost:35907/__cypress/runner/cypress_runner.js:132448:16)\n    at tryCatcher (http://localhost:35907/__cypress/runner/cypress_runner.js:167415:23)\n    at Promise._settlePromiseFromHandler (http://localhost:35907/__cypress/runner/cypress_runner.js:165351:31)\n    at Promise._settlePromise (http://localhost:35907/__cypress/runner/cypress_runner.js:165408:18)\n    at Promise._settlePromise0 (http://localhost:35907/__cypress/runner/cypress_runner.js:165453:10)\n    at Promise._settlePromises (http://localhost:35907/__cypress/runner/cypress_runner.js:165528:18)\n    at Async../node_modules/bluebird/js/release/async.js.Async._drainQueue (http://localhost:35907/__cypress/runner/cypress_runner.js:162140:16)\n    at Async../node_modules/bluebird/js/release/async.js.Async._drainQueues (http://localhost:35907/__cypress/runner/cypress_runner.js:162150:10)\n    at Async.drainQueues (http://localhost:35907/__cypress/runner/cypress_runner.js:162024:14)",
                "diff": null
              },
              "uuid": "6ae96670-0360-4c1d-918f-68a6608d892a",
              "parentUUID": "b880fe70-ce40-4c57-a92c-9bbe21a359bf",
              "isHook": false,
              "skipped": false
            }
          ],
          "suites": [],
          "passes": [],
          "failures": [
            "af4a106a-d3c4-4d1d-8803-10a740f70c9c",
            "6ae96670-0360-4c1d-918f-68a6608d892a"
          ],
          "pending": [],
          "skipped": [],
          "duration": 4970,
          "root": false,
          "rootEmpty": false,
          "_timeout": 2000
        },
        {
          "uuid": "b54ace5e-08e2-4428-8e7d-2c38d71481a6",
          "title": "6 - Defina a cor preta como cor inicial. Ao carregar a página a cor preta já deve estar selecionada para pintar os pixels",
          "fullFile": "",
          "file": "",
          "beforeHooks": [],
          "afterHooks": [],
          "tests": [
            {
              "title": "Verifica se o elemento da cor preta possui, inicialmente, a `classe` `selected`",
              "fullTitle": "6 - Defina a cor preta como cor inicial. Ao carregar a página a cor preta já deve estar selecionada para pintar os pixels Verifica se o elemento da cor preta possui, inicialmente, a `classe` `selected`",
              "timedOut": null,
              "duration": 4492,
              "state": "failed",
              "speed": null,
              "pass": false,
              "fail": true,
              "pending": false,
              "context": null,
              "code": "cy.get('.selected').first().should('have.css', 'background-color', BLACK);",
              "err": {
                "message": "CypressError: Timed out retrying: Expected to find element: '.selected', but never found it.",
                "estack": "CypressError: Timed out retrying: Expected to find element: '.selected', but never found it.\n    at cypressErr (http://localhost:35907/__cypress/runner/cypress_runner.js:149934:9)\n    at throwErr (http://localhost:35907/__cypress/runner/cypress_runner.js:149867:11)\n    at Object.throwErrByPath (http://localhost:35907/__cypress/runner/cypress_runner.js:149915:3)\n    at retry (http://localhost:35907/__cypress/runner/cypress_runner.js:144197:19)\n    at onFailFn (http://localhost:35907/__cypress/runner/cypress_runner.js:132448:16)\n    at tryCatcher (http://localhost:35907/__cypress/runner/cypress_runner.js:167415:23)\n    at Promise._settlePromiseFromHandler (http://localhost:35907/__cypress/runner/cypress_runner.js:165351:31)\n    at Promise._settlePromise (http://localhost:35907/__cypress/runner/cypress_runner.js:165408:18)\n    at Promise._settlePromise0 (http://localhost:35907/__cypress/runner/cypress_runner.js:165453:10)\n    at Promise._settlePromises (http://localhost:35907/__cypress/runner/cypress_runner.js:165528:18)\n    at Async../node_modules/bluebird/js/release/async.js.Async._drainQueue (http://localhost:35907/__cypress/runner/cypress_runner.js:162140:16)\n    at Async../node_modules/bluebird/js/release/async.js.Async._drainQueues (http://localhost:35907/__cypress/runner/cypress_runner.js:162150:10)\n    at Async.drainQueues (http://localhost:35907/__cypress/runner/cypress_runner.js:162024:14)",
                "diff": null
              },
              "uuid": "6aee3537-b16c-4178-8b97-fe274faf7ba6",
              "parentUUID": "b54ace5e-08e2-4428-8e7d-2c38d71481a6",
              "isHook": false,
              "skipped": false
            },
            {
              "title": "Verifica se nenhuma outra cor da paleta tem a `classe` `selected`",
              "fullTitle": "6 - Defina a cor preta como cor inicial. Ao carregar a página a cor preta já deve estar selecionada para pintar os pixels Verifica se nenhuma outra cor da paleta tem a `classe` `selected`",
              "timedOut": null,
              "duration": 343,
              "state": "passed",
              "speed": "slow",
              "pass": true,
              "fail": false,
              "pending": false,
              "context": null,
              "code": "cy.get('.color:not(:first-child)').each(function (color) {\n  cy.wrap(color).should('not.have.class', 'selected');\n});",
              "err": {},
              "uuid": "e3941304-5dbd-45cb-9629-00068de31061",
              "parentUUID": "b54ace5e-08e2-4428-8e7d-2c38d71481a6",
              "isHook": false,
              "skipped": false
            }
          ],
          "suites": [],
          "passes": [
            "e3941304-5dbd-45cb-9629-00068de31061"
          ],
          "failures": [
            "6aee3537-b16c-4178-8b97-fe274faf7ba6"
          ],
          "pending": [],
          "skipped": [],
          "duration": 4835,
          "root": false,
          "rootEmpty": false,
          "_timeout": 2000
        },
        {
          "uuid": "d00e14de-41ac-4852-9bfa-b1f475c76caf",
          "title": "7 - Clicar em uma das cores da paleta, faz com que ela seja selecionada e utilizada para preencher os pixels no quadro.",
          "fullFile": "",
          "file": "",
          "beforeHooks": [],
          "afterHooks": [],
          "tests": [
            {
              "title": "Verifica se somente uma cor da paleta de cores tem a classe `selected` de cada vez",
              "fullTitle": "7 - Clicar em uma das cores da paleta, faz com que ela seja selecionada e utilizada para preencher os pixels no quadro. Verifica se somente uma cor da paleta de cores tem a classe `selected` de cada vez",
              "timedOut": null,
              "duration": 479,
              "state": "failed",
              "speed": null,
              "pass": false,
              "fail": true,
              "pending": false,
              "context": null,
              "code": "cy.get('.color').each(function (selectedColor, selectedColorIndex) {\n  cy.wrap(selectedColor).click();\n  cy.get('.color').each(function (color, colorIndex) {\n    if (colorIndex === selectedColorIndex) {\n      expect(color).to.have[\"class\"]('selected');\n    } else {\n      expect(color).not.to.have[\"class\"]('selected');\n    }\n  });\n});",
              "err": {
                "message": "AssertionError: expected '<div#cor1.color>' to have class 'selected'",
                "estack": "AssertionError: expected '<div#cor1.color>' to have class 'selected'\n    at callback (http://localhost:35907/__cypress/runner/cypress_runner.js:136947:20)\n    at getRet (http://localhost:35907/__cypress/runner/cypress_runner.js:136585:16)\n    at tryCatcher (http://localhost:35907/__cypress/runner/cypress_runner.js:167415:23)\n    at Function.Promise.attempt.Promise.try (http://localhost:35907/__cypress/runner/cypress_runner.js:164690:29)\n    at thenFn (http://localhost:35907/__cypress/runner/cypress_runner.js:136599:23)\n    at yieldItem (http://localhost:35907/__cypress/runner/cypress_runner.js:136954:16)\n    at tryCatcher (http://localhost:35907/__cypress/runner/cypress_runner.js:167415:23)\n    at Object.gotValue (http://localhost:35907/__cypress/runner/cypress_runner.js:166557:18)\n    at Object.gotAccum (http://localhost:35907/__cypress/runner/cypress_runner.js:166546:25)\n    at Object.tryCatcher (http://localhost:35907/__cypress/runner/cypress_runner.js:167415:23)\n    at Promise._settlePromiseFromHandler (http://localhost:35907/__cypress/runner/cypress_runner.js:165351:31)\n    at Promise._settlePromise (http://localhost:35907/__cypress/runner/cypress_runner.js:165408:18)\n    at Promise._settlePromiseCtx (http://localhost:35907/__cypress/runner/cypress_runner.js:165445:10)\n    at Async../node_modules/bluebird/js/release/async.js.Async._drainQueue (http://localhost:35907/__cypress/runner/cypress_runner.js:162145:12)\n    at Async../node_modules/bluebird/js/release/async.js.Async._drainQueues (http://localhost:35907/__cypress/runner/cypress_runner.js:162150:10)\n    at Async.drainQueues (http://localhost:35907/__cypress/runner/cypress_runner.js:162024:14)",
                "diff": "- { '0': \n-    <div class=\"color\" id=\"cor1\">\n-    \n-                </div>,\n-   length: 1,\n-   jquery: '3.1.1',\n-   constructor: \n-    { [Function: jQuery]\n-      fn: \n-       { jquery: '3.1.1',\n-         constructor: [Circular],\n-         length: 0,\n-         toArray: [Function: toArray],\n-         get: [Function: get],\n-         pushStack: [Function: pushStack],\n-         each: [Function: each],\n-         map: [Function: map],\n-         slice: [Function: slice],\n-         first: [Function: first],\n-         last: [Function: last],\n-         eq: [Function: eq],\n-         end: [Function: end],\n-         push: [Function: push],\n-         sort: [Function: sort],\n-         splice: [Function: splice],\n-         extend: [Function],\n-         find: [Function: find],\n-         filter: [Function: filter],\n-         not: [Function: not],\n-         is: [Function: is],\n-         init: [Function],\n-         has: [Function: has],\n-         closest: [Function: closest],\n-         index: [Function: index],\n-         add: [Function: add],\n-         addBack: [Function: addBack],\n-         parent: [Function],\n-         parents: [Function],\n-         parentsUntil: [Function],\n-         next: [Function],\n-         prev: [Function],\n-         nextAll: [Function],\n-         prevAll: [Function],\n-         nextUntil: [Function],\n-         prevUntil: [Function],\n-         siblings: [Function],\n-         children: [Function],\n-         contents: [Function],\n-         ready: [Function],\n-         data: [Function: data],\n-         removeData: [Function: removeData],\n-         queue: [Function: queue],\n-         dequeue: [Function: dequeue],\n-         clearQueue: [Function: clearQueue],\n-         promise: [Function: promise],\n-         show: [Function],\n-         hide: [Function],\n-         toggle: [Function],\n-         on: [Function: on],\n-         one: [Function: one],\n-         off: [Function: off],\n-         detach: [Function: detach],\n-         remove: [Function: remove],\n-         text: [Function: text],\n-         append: [Function: append],\n-         prepend: [Function: prepend],\n-         before: [Function: before],\n-         after: [Function: after],\n-         empty: [Function: empty],\n-         clone: [Function: clone],\n-         html: [Function: html],\n-         replaceWith: [Function: replaceWith],\n-         appendTo: [Function],\n-         prependTo: [Function],\n-         insertBefore: [Function],\n-         insertAfter: [Function],\n-         replaceAll: [Function],\n-         css: [Function: css],\n-         fadeTo: [Function: fadeTo],\n-         animate: [Function: animate],\n-         stop: [Function: stop],\n-         finish: [Function: finish],\n-         slideDown: [Function],\n-         slideUp: [Function],\n-         slideToggle: [Function],\n-         fadeIn: [Function],\n-         fadeOut: [Function],\n-         fadeToggle: [Function],\n-         delay: [Function],\n-         attr: [Function: attr],\n-         removeAttr: [Function: removeAttr],\n-         prop: [Function: prop],\n-         removeProp: [Function: removeProp],\n-         addClass: [Function: addClass],\n-         removeClass: [Function: removeClass],\n-         toggleClass: [Function: toggleClass],\n-         hasClass: [Function: hasClass],\n-         val: [Function: val],\n-         trigger: [Function: trigger],\n-         triggerHandler: [Function: triggerHandler],\n-         blur: [Function],\n-         focus: [Function],\n-         focusin: [Function],\n-         focusout: [Function],\n-         resize: [Function],\n-         scroll: [Function],\n-         click: [Function],\n-         dblclick: [Function],\n-         mousedown: [Function],\n-         mouseup: [Function],\n-         mousemove: [Function],\n-         mouseover: [Function],\n-         mouseout: [Function],\n-         mouseenter: [Function],\n-         mouseleave: [Function],\n-         change: [Function],\n-         select: [Function],\n-         submit: [Function],\n-         keydown: [Function],\n-         keypress: [Function],\n-         keyup: [Function],\n-         contextmenu: [Function],\n-         hover: [Function: hover],\n-         serialize: [Function: serialize],\n-         serializeArray: [Function: serializeArray],\n-         wrapAll: [Function: wrapAll],\n-         wrapInner: [Function: wrapInner],\n-         wrap: [Function: wrap],\n-         unwrap: [Function: unwrap],\n-         load: [Function],\n-         ajaxStart: [Function],\n-         ajaxStop: [Function],\n-         ajaxComplete: [Function],\n-         ajaxError: [Function],\n-         ajaxSuccess: [Function],\n-         ajaxSend: [Function],\n-         offset: [Function: offset],\n-         position: [Function: position],\n-         offsetParent: [Function: offsetParent],\n-         scrollLeft: [Function],\n-         scrollTop: [Function],\n-         innerHeight: [Function],\n-         height: [Function],\n-         outerHeight: [Function],\n-         innerWidth: [Function],\n-         width: [Function],\n-         outerWidth: [Function],\n-         bind: [Function: bind],\n-         unbind: [Function: unbind],\n-         delegate: [Function: delegate],\n-         undelegate: [Function: undelegate],\n-         scrollTo: [Function] },\n-      extend: [Function],\n-      expando: 'jQuery31101952292382835401',\n-      isReady: true,\n-      error: [Function: error],\n-      noop: [Function: noop],\n-      isFunction: [Function: isFunction],\n-      isArray: [Function: isArray],\n-      isWindow: [Function: isWindow],\n-      isNumeric: [Function: isNumeric],\n-      isPlainObject: [Function: isPlainObject],\n-      isEmptyObject: [Function: isEmptyObject],\n-      type: [Function: type],\n-      globalEval: [Function: globalEval],\n-      camelCase: [Function: camelCase],\n-      nodeName: [Function: nodeName],\n-      each: [Function: each],\n-      trim: [Function: trim],\n-      makeArray: [Function: makeArray],\n-      inArray: [Function: inArray],\n-      merge: [Function: merge],\n-      grep: [Function: grep],\n-      map: [Function: map],\n-      guid: 7,\n-      proxy: [Function: proxy],\n-      now: [Function: now],\n-      support: \n-       { checkClone: true,\n-         noCloneChecked: true,\n-         clearCloneStyle: true,\n-         pixelPosition: [Function: pixelPosition],\n-         boxSizingReliable: [Function: boxSizingReliable],\n-         pixelMarginRight: [Function: pixelMarginRight],\n-         reliableMarginLeft: [Function: reliableMarginLeft],\n-         checkOn: true,\n-         optSelected: true,\n-         radioValue: true,\n-         focusin: false,\n-         cors: true,\n-         ajax: true,\n-         createHTMLDocument: true },\n-      find: \n-       { [Function: Sizzle]\n-         support: [Object],\n-         isXML: [Function],\n-         setDocument: [Function],\n-         matches: [Function],\n-         matchesSelector: [Function],\n-         contains: [Function],\n-         attr: [Function],\n-         escape: [Function],\n-         error: [Function],\n-         uniqueSort: [Function],\n-         getText: [Function],\n-         selectors: [Object],\n-         tokenize: [Function],\n-         compile: [Function],\n-         select: [Function] },\n-      expr: \n-       { cacheLength: 1,\n-         createPseudo: [Function: markFunction],\n-         match: [Object],\n-         attrHandle: [Object],\n-         find: [Object],\n-         relative: [Object],\n-         preFilter: [Object],\n-         filter: [Object],\n-         pseudos: [Object],\n-         filters: [Object],\n-         setFilters: [Object],\n-         ':': [Object] },\n-      unique: [Function],\n-      uniqueSort: [Function],\n-      text: [Function],\n-      isXMLDoc: [Function],\n-      contains: [Function],\n-      escapeSelector: [Function],\n-      filter: [Function],\n-      Callbacks: [Function],\n-      Deferred: { [Function: Deferred] exceptionHook: [Function] },\n-      when: [Function: when],\n-      readyException: [Function],\n-      readyWait: 0,\n-      holdReady: [Function: holdReady],\n-      ready: { [Function: ready] then: [Function: then] },\n-      hasData: [Function: hasData],\n-      data: [Function: data],\n-      removeData: [Function: removeData],\n-      _data: [Function: _data],\n-      _removeData: [Function: _removeData],\n-      queue: [Function: queue],\n-      dequeue: [Function: dequeue],\n-      _queueHooks: [Function: _queueHooks],\n-      event: \n-       { global: [Object],\n-         add: [Function: add],\n-         remove: [Function: remove],\n-         dispatch: [Function: dispatch],\n-         handlers: [Function: handlers],\n-         addProp: [Function: addProp],\n-         fix: [Function: fix],\n-         special: [Object],\n-         trigger: [Function: trigger],\n-         simulate: [Function: simulate] },\n-      removeEvent: [Function],\n-      Event: [Function],\n-      htmlPrefilter: [Function: htmlPrefilter],\n-      clone: [Function: clone],\n-      cleanData: [Function: cleanData],\n-      cssHooks: \n-       { opacity: [Object],\n-         height: [Object],\n-         width: [Object],\n-         marginLeft: [Object],\n-         margin: [Object],\n-         padding: [Object],\n-         borderWidth: [Object],\n-         top: [Object],\n-         left: [Object] },\n-      cssNumber: \n-       { animationIterationCount: true,\n-         columnCount: true,\n-         fillOpacity: true,\n-         flexGrow: true,\n-         flexShrink: true,\n-         fontWeight: true,\n-         lineHeight: true,\n-         opacity: true,\n-         order: true,\n-         orphans: true,\n-         widows: true,\n-         zIndex: true,\n-         zoom: true },\n-      cssProps: \n-       { float: 'cssFloat',\n-         width: 'width',\n-         display: 'display',\n-         boxSizing: 'boxSizing',\n-         height: 'height',\n-         overflow: 'overflow',\n-         overflowY: 'overflowY',\n-         overflowX: 'overflowX',\n-         visibility: 'visibility',\n-         position: 'position',\n-         backgroundColor: 'backgroundColor',\n-         border: 'border',\n-         paddingRight: 'paddingRight',\n-         borderRightWidth: 'borderRightWidth',\n-         paddingLeft: 'paddingLeft',\n-         borderLeftWidth: 'borderLeftWidth',\n-         paddingTop: 'paddingTop',\n-         borderTopWidth: 'borderTopWidth',\n-         paddingBottom: 'paddingBottom',\n-         borderBottomWidth: 'borderBottomWidth' },\n-      style: [Function: style],\n-      css: [Function: css],\n-      Tween: { [Function: Tween] propHooks: [Object] },\n-      easing: \n-       { linear: [Function: linear],\n-         swing: [Function: swing],\n-         _default: 'swing' },\n-      fx: \n-       { [Function: init]\n-         step: {},\n-         tick: [Function],\n-         timer: [Function],\n-         interval: 13,\n-         start: [Function],\n-         stop: [Function],\n-         speeds: [Object] },\n-      Animation: \n-       { [Function: Animation]\n-         tweeners: [Object],\n-         tweener: [Function: tweener],\n-         prefilters: [Object],\n-         prefilter: [Function: prefilter] },\n-      speed: [Function],\n-      timers: [],\n-      attr: [Function: attr],\n-      attrHooks: { type: [Object] },\n-      removeAttr: [Function: removeAttr],\n-      prop: [Function: prop],\n-      propHooks: { tabIndex: [Object] },\n-      propFix: \n-       { for: 'htmlFor',\n-         class: 'className',\n-         tabindex: 'tabIndex',\n-         readonly: 'readOnly',\n-         maxlength: 'maxLength',\n-         cellspacing: 'cellSpacing',\n-         cellpadding: 'cellPadding',\n-         rowspan: 'rowSpan',\n-         colspan: 'colSpan',\n-         usemap: 'useMap',\n-         frameborder: 'frameBorder',\n-         contenteditable: 'contentEditable' },\n-      valHooks: \n-       { option: [Object],\n-         select: [Object],\n-         radio: [Object],\n-         checkbox: [Object] },\n-      parseXML: [Function],\n-      param: [Function],\n-      active: 0,\n-      lastModified: {},\n-      etag: {},\n-      ajaxSettings: \n-       { url: 'http://localhost:35907/__/#/tests/integration/project.spec.js',\n-         type: 'GET',\n-         isLocal: false,\n-         global: true,\n-         processData: true,\n-         async: true,\n-         contentType: 'application/x-www-form-urlencoded; charset=UTF-8',\n-         accepts: [Object],\n-         contents: [Object],\n-         responseFields: [Object],\n-         converters: [Object],\n-         flatOptions: [Object],\n-         xhr: [Function],\n-         jsonp: 'callback',\n-         jsonpCallback: [Function: jsonpCallback],\n-         cache: false },\n-      ajaxSetup: [Function: ajaxSetup],\n-      ajaxPrefilter: [Function],\n-      ajaxTransport: [Function],\n-      ajax: [Function: ajax],\n-      getJSON: [Function: getJSON],\n-      getScript: [Function: getScript],\n-      get: [Function],\n-      post: [Function],\n-      _evalUrl: [Function],\n-      parseHTML: [Function],\n-      offset: { setOffset: [Function: setOffset] },\n-      parseJSON: [Function: parse],\n-      noConflict: [Function],\n-      scrollTo: { [Function] defaults: [Object], max: [Function] } },\n-   toArray: [Function: toArray],\n-   get: [Function: get],\n-   pushStack: [Function: pushStack],\n-   each: [Function: each],\n-   map: [Function: map],\n-   slice: [Function: slice],\n-   first: [Function: first],\n-   last: [Function: last],\n-   eq: [Function: eq],\n-   end: [Function: end],\n-   push: [Function: push],\n-   sort: [Function: sort],\n-   splice: [Function: splice],\n-   extend: [Function],\n-   find: [Function: find],\n-   filter: [Function: filter],\n-   not: [Function: not],\n-   is: [Function: is],\n-   init: [Function],\n-   has: [Function: has],\n-   closest: [Function: closest],\n-   index: [Function: index],\n-   add: [Function: add],\n-   addBack: [Function: addBack],\n-   parent: [Function],\n-   parents: [Function],\n-   parentsUntil: [Function],\n-   next: [Function],\n-   prev: [Function],\n-   nextAll: [Function],\n-   prevAll: [Function],\n-   nextUntil: [Function],\n-   prevUntil: [Function],\n-   siblings: [Function],\n-   children: [Function],\n-   contents: [Function],\n-   ready: [Function],\n-   data: [Function: data],\n-   removeData: [Function: removeData],\n-   queue: [Function: queue],\n-   dequeue: [Function: dequeue],\n-   clearQueue: [Function: clearQueue],\n-   promise: [Function: promise],\n-   show: [Function],\n-   hide: [Function],\n-   toggle: [Function],\n-   on: [Function: on],\n-   one: [Function: one],\n-   off: [Function: off],\n-   detach: [Function: detach],\n-   remove: [Function: remove],\n-   text: [Function: text],\n-   append: [Function: append],\n-   prepend: [Function: prepend],\n-   before: [Function: before],\n-   after: [Function: after],\n-   empty: [Function: empty],\n-   clone: [Function: clone],\n-   html: [Function: html],\n-   replaceWith: [Function: replaceWith],\n-   appendTo: [Function],\n-   prependTo: [Function],\n-   insertBefore: [Function],\n-   insertAfter: [Function],\n-   replaceAll: [Function],\n-   css: [Function: css],\n-   fadeTo: [Function: fadeTo],\n-   animate: [Function: animate],\n-   stop: [Function: stop],\n-   finish: [Function: finish],\n-   slideDown: [Function],\n-   slideUp: [Function],\n-   slideToggle: [Function],\n-   fadeIn: [Function],\n-   fadeOut: [Function],\n-   fadeToggle: [Function],\n-   delay: [Function],\n-   attr: [Function: attr],\n-   removeAttr: [Function: removeAttr],\n-   prop: [Function: prop],\n-   removeProp: [Function: removeProp],\n-   addClass: [Function: addClass],\n-   removeClass: [Function: removeClass],\n-   toggleClass: [Function: toggleClass],\n-   hasClass: [Function: hasClass],\n-   val: [Function: val],\n-   trigger: [Function: trigger],\n-   triggerHandler: [Function: triggerHandler],\n-   blur: [Function],\n-   focus: [Function],\n-   focusin: [Function],\n-   focusout: [Function],\n-   resize: [Function],\n-   scroll: [Function],\n-   click: [Function],\n-   dblclick: [Function],\n-   mousedown: [Function],\n-   mouseup: [Function],\n-   mousemove: [Function],\n-   mouseover: [Function],\n-   mouseout: [Function],\n-   mouseenter: [Function],\n-   mouseleave: [Function],\n-   change: [Function],\n-   select: [Function],\n-   submit: [Function],\n-   keydown: [Function],\n-   keypress: [Function],\n-   keyup: [Function],\n-   contextmenu: [Function],\n-   hover: [Function: hover],\n-   serialize: [Function: serialize],\n-   serializeArray: [Function: serializeArray],\n-   wrapAll: [Function: wrapAll],\n-   wrapInner: [Function: wrapInner],\n-   wrap: [Function: wrap],\n-   unwrap: [Function: unwrap],\n-   load: [Function],\n-   ajaxStart: [Function],\n-   ajaxStop: [Function],\n-   ajaxComplete: [Function],\n-   ajaxError: [Function],\n-   ajaxSuccess: [Function],\n-   ajaxSend: [Function],\n-   offset: [Function: offset],\n-   position: [Function: position],\n-   offsetParent: [Function: offsetParent],\n-   scrollLeft: [Function],\n-   scrollTop: [Function],\n-   innerHeight: [Function],\n-   height: [Function],\n-   outerHeight: [Function],\n-   innerWidth: [Function],\n-   width: [Function],\n-   outerWidth: [Function],\n-   bind: [Function: bind],\n-   unbind: [Function: unbind],\n-   delegate: [Function: delegate],\n-   undelegate: [Function: undelegate],\n-   scrollTo: [Function] }\n+ 'selected'\n"
              },
              "uuid": "e363e119-afa3-4c03-83c2-75b2fb9ea741",
              "parentUUID": "d00e14de-41ac-4852-9bfa-b1f475c76caf",
              "isHook": false,
              "skipped": false
            },
            {
              "title": "Verifica se os pixels dentro do quadro não têm a classe `selected` quando são clicados",
              "fullTitle": "7 - Clicar em uma das cores da paleta, faz com que ela seja selecionada e utilizada para preencher os pixels no quadro. Verifica se os pixels dentro do quadro não têm a classe `selected` quando são clicados",
              "timedOut": null,
              "duration": 9350,
              "state": "passed",
              "speed": "slow",
              "pass": true,
              "fail": false,
              "pending": false,
              "context": null,
              "code": "cy.get('.color').each(function (color) {\n  var backgroundColor = color.css('background-color');\n  cy.wrap(color).click();\n  cy.get('.pixel').each(function (pixel) {\n    cy.wrap(pixel).click().should('not.have.class', 'selected');\n  });\n});",
              "err": {},
              "uuid": "ef14c717-5b7a-486d-97e4-609d695b613a",
              "parentUUID": "d00e14de-41ac-4852-9bfa-b1f475c76caf",
              "isHook": false,
              "skipped": false
            }
          ],
          "suites": [],
          "passes": [
            "ef14c717-5b7a-486d-97e4-609d695b613a"
          ],
          "failures": [
            "e363e119-afa3-4c03-83c2-75b2fb9ea741"
          ],
          "pending": [],
          "skipped": [],
          "duration": 9829,
          "root": false,
          "rootEmpty": false,
          "_timeout": 2000
        },
        {
          "uuid": "2efd39eb-3a08-4e49-99eb-4936c7d66264",
          "title": "8 - Clicar em um pixel dentro do quadro após selecionar uma cor na paleta, faz com que o pixel seja preenchido com a cor selecionada.",
          "fullFile": "",
          "file": "",
          "beforeHooks": [],
          "afterHooks": [],
          "tests": [
            {
              "title": "Verifica se ao carregar a página deve ser possível pintar os pixels de preto",
              "fullTitle": "8 - Clicar em um pixel dentro do quadro após selecionar uma cor na paleta, faz com que o pixel seja preenchido com a cor selecionada. Verifica se ao carregar a página deve ser possível pintar os pixels de preto",
              "timedOut": null,
              "duration": 4457,
              "state": "failed",
              "speed": null,
              "pass": false,
              "fail": true,
              "pending": false,
              "context": null,
              "code": "cy.get('.pixel').each(function (pixel) {\n  cy.wrap(pixel).click().should('have.css', 'background-color', BLACK);\n});",
              "err": {
                "message": "CypressError: Timed out retrying: expected '<div.pixel>' to have CSS property 'background-color' with the value 'rgb(0, 0, 0)', but the value was 'rgba(0, 0, 0, 0)'",
                "estack": "CypressError: Timed out retrying: expected '<div.pixel>' to have CSS property 'background-color' with the value 'rgb(0, 0, 0)', but the value was 'rgba(0, 0, 0, 0)'\n    at cypressErr (http://localhost:35907/__cypress/runner/cypress_runner.js:149934:9)\n    at throwErr (http://localhost:35907/__cypress/runner/cypress_runner.js:149867:11)\n    at Object.throwErrByPath (http://localhost:35907/__cypress/runner/cypress_runner.js:149915:3)\n    at retry (http://localhost:35907/__cypress/runner/cypress_runner.js:144197:19)\n    at onFailFn (http://localhost:35907/__cypress/runner/cypress_runner.js:132448:16)\n    at tryCatcher (http://localhost:35907/__cypress/runner/cypress_runner.js:167415:23)\n    at Promise._settlePromiseFromHandler (http://localhost:35907/__cypress/runner/cypress_runner.js:165351:31)\n    at Promise._settlePromise (http://localhost:35907/__cypress/runner/cypress_runner.js:165408:18)\n    at Promise._settlePromise0 (http://localhost:35907/__cypress/runner/cypress_runner.js:165453:10)\n    at Promise._settlePromises (http://localhost:35907/__cypress/runner/cypress_runner.js:165528:18)\n    at Async../node_modules/bluebird/js/release/async.js.Async._drainQueue (http://localhost:35907/__cypress/runner/cypress_runner.js:162140:16)\n    at Async../node_modules/bluebird/js/release/async.js.Async._drainQueues (http://localhost:35907/__cypress/runner/cypress_runner.js:162150:10)\n    at Async.drainQueues (http://localhost:35907/__cypress/runner/cypress_runner.js:162024:14)",
                "diff": null
              },
              "uuid": "96ec925a-0ef2-4852-86f0-9986f5587b50",
              "parentUUID": "2efd39eb-3a08-4e49-99eb-4936c7d66264",
              "isHook": false,
              "skipped": false
            },
            {
              "title": "Verifica se após selecionar uma outra cor na paleta, é possível pintar os pixels com essa cor",
              "fullTitle": "8 - Clicar em um pixel dentro do quadro após selecionar uma cor na paleta, faz com que o pixel seja preenchido com a cor selecionada. Verifica se após selecionar uma outra cor na paleta, é possível pintar os pixels com essa cor",
              "timedOut": null,
              "duration": 4783,
              "state": "failed",
              "speed": null,
              "pass": false,
              "fail": true,
              "pending": false,
              "context": null,
              "code": "cy.get('.color').each(function (color) {\n  var backgroundColor = color.css('background-color');\n  cy.wrap(color).click();\n  cy.get('.pixel').each(function (pixel) {\n    cy.wrap(pixel).click().should('have.css', 'background-color', backgroundColor);\n  });\n});",
              "err": {
                "message": "CypressError: Timed out retrying: expected '<div.pixel>' to have CSS property 'background-color' with the value 'rgb(0, 0, 0)', but the value was 'rgba(0, 0, 0, 0)'",
                "estack": "CypressError: Timed out retrying: expected '<div.pixel>' to have CSS property 'background-color' with the value 'rgb(0, 0, 0)', but the value was 'rgba(0, 0, 0, 0)'\n    at cypressErr (http://localhost:35907/__cypress/runner/cypress_runner.js:149934:9)\n    at throwErr (http://localhost:35907/__cypress/runner/cypress_runner.js:149867:11)\n    at Object.throwErrByPath (http://localhost:35907/__cypress/runner/cypress_runner.js:149915:3)\n    at retry (http://localhost:35907/__cypress/runner/cypress_runner.js:144197:19)\n    at onFailFn (http://localhost:35907/__cypress/runner/cypress_runner.js:132448:16)\n    at tryCatcher (http://localhost:35907/__cypress/runner/cypress_runner.js:167415:23)\n    at Promise._settlePromiseFromHandler (http://localhost:35907/__cypress/runner/cypress_runner.js:165351:31)\n    at Promise._settlePromise (http://localhost:35907/__cypress/runner/cypress_runner.js:165408:18)\n    at Promise._settlePromise0 (http://localhost:35907/__cypress/runner/cypress_runner.js:165453:10)\n    at Promise._settlePromises (http://localhost:35907/__cypress/runner/cypress_runner.js:165528:18)\n    at Async../node_modules/bluebird/js/release/async.js.Async._drainQueue (http://localhost:35907/__cypress/runner/cypress_runner.js:162140:16)\n    at Async../node_modules/bluebird/js/release/async.js.Async._drainQueues (http://localhost:35907/__cypress/runner/cypress_runner.js:162150:10)\n    at Async.drainQueues (http://localhost:35907/__cypress/runner/cypress_runner.js:162024:14)",
                "diff": null
              },
              "uuid": "05df1c43-af5b-413d-b25f-31bb7c095e37",
              "parentUUID": "2efd39eb-3a08-4e49-99eb-4936c7d66264",
              "isHook": false,
              "skipped": false
            },
            {
              "title": "Verifica se somente o pixel que foi clicado foi preenchido com a cor selecionada, sem influenciar na cor dos demais pixels.",
              "fullTitle": "8 - Clicar em um pixel dentro do quadro após selecionar uma cor na paleta, faz com que o pixel seja preenchido com a cor selecionada. Verifica se somente o pixel que foi clicado foi preenchido com a cor selecionada, sem influenciar na cor dos demais pixels.",
              "timedOut": null,
              "duration": 1838,
              "state": "passed",
              "speed": "slow",
              "pass": true,
              "fail": false,
              "pending": false,
              "context": null,
              "code": "var colorToPixelIndexMap = {\n  0: 6,\n  1: 8,\n  2: 16,\n  3: 18\n};\ncy.get('.color').each(function (color, index) {\n  cy.wrap(color).click();\n  var backgroundColor = color.css('background-color');\n  var clickedPixelIndex = colorToPixelIndexMap[index];\n  cy.get('.pixel').eq(clickedPixelIndex).click();\n  cy.get('.pixel').eq(clickedPixelIndex - 1).should('not.have.css', 'background-color', backgroundColor);\n  cy.get('.pixel').eq(clickedPixelIndex + 1).should('not.have.css', 'background-color', backgroundColor);\n  cy.get('.pixel').eq(clickedPixelIndex - 5).should('not.have.css', 'background-color', backgroundColor);\n  cy.get('.pixel').eq(clickedPixelIndex + 5).should('not.have.css', 'background-color', backgroundColor);\n  cy.get('.pixel').eq(clickedPixelIndex - 6).should('not.have.css', 'background-color', backgroundColor);\n  cy.get('.pixel').eq(clickedPixelIndex - 4).should('not.have.css', 'background-color', backgroundColor);\n  cy.get('.pixel').eq(clickedPixelIndex + 4).should('not.have.css', 'background-color', backgroundColor);\n  cy.get('.pixel').eq(clickedPixelIndex + 6).should('not.have.css', 'background-color', backgroundColor);\n});",
              "err": {},
              "uuid": "543a379a-7386-4b2a-ba22-25290d9d91f9",
              "parentUUID": "2efd39eb-3a08-4e49-99eb-4936c7d66264",
              "isHook": false,
              "skipped": false
            }
          ],
          "suites": [],
          "passes": [
            "543a379a-7386-4b2a-ba22-25290d9d91f9"
          ],
          "failures": [
            "96ec925a-0ef2-4852-86f0-9986f5587b50",
            "05df1c43-af5b-413d-b25f-31bb7c095e37"
          ],
          "pending": [],
          "skipped": [],
          "duration": 11078,
          "root": false,
          "rootEmpty": false,
          "_timeout": 2000
        },
        {
          "uuid": "7073fde9-3058-4897-92c5-cf7279f4469f",
          "title": "9 - Crie um botão que, ao ser clicado, limpa o quadro preenchendo a cor de todos seus pixels com branco.",
          "fullFile": "",
          "file": "",
          "beforeHooks": [],
          "afterHooks": [],
          "tests": [
            {
              "title": "Verifica se o botão tem o `id` denominado `clear-board`",
              "fullTitle": "9 - Crie um botão que, ao ser clicado, limpa o quadro preenchendo a cor de todos seus pixels com branco. Verifica se o botão tem o `id` denominado `clear-board`",
              "timedOut": null,
              "duration": 4408,
              "state": "failed",
              "speed": null,
              "pass": false,
              "fail": true,
              "pending": false,
              "context": null,
              "code": "cy.get('#clear-board').should('be.visible');",
              "err": {
                "message": "CypressError: Timed out retrying: Expected to find element: '#clear-board', but never found it.",
                "estack": "CypressError: Timed out retrying: Expected to find element: '#clear-board', but never found it.\n    at cypressErr (http://localhost:35907/__cypress/runner/cypress_runner.js:149934:9)\n    at throwErr (http://localhost:35907/__cypress/runner/cypress_runner.js:149867:11)\n    at Object.throwErrByPath (http://localhost:35907/__cypress/runner/cypress_runner.js:149915:3)\n    at retry (http://localhost:35907/__cypress/runner/cypress_runner.js:144197:19)\n    at onFailFn (http://localhost:35907/__cypress/runner/cypress_runner.js:132448:16)\n    at tryCatcher (http://localhost:35907/__cypress/runner/cypress_runner.js:167415:23)\n    at Promise._settlePromiseFromHandler (http://localhost:35907/__cypress/runner/cypress_runner.js:165351:31)\n    at Promise._settlePromise (http://localhost:35907/__cypress/runner/cypress_runner.js:165408:18)\n    at Promise._settlePromise0 (http://localhost:35907/__cypress/runner/cypress_runner.js:165453:10)\n    at Promise._settlePromises (http://localhost:35907/__cypress/runner/cypress_runner.js:165528:18)\n    at Async../node_modules/bluebird/js/release/async.js.Async._drainQueue (http://localhost:35907/__cypress/runner/cypress_runner.js:162140:16)\n    at Async../node_modules/bluebird/js/release/async.js.Async._drainQueues (http://localhost:35907/__cypress/runner/cypress_runner.js:162150:10)\n    at Async.drainQueues (http://localhost:35907/__cypress/runner/cypress_runner.js:162024:14)",
                "diff": null
              },
              "uuid": "cda4f69b-588c-488b-bb95-c2597f2be21f",
              "parentUUID": "7073fde9-3058-4897-92c5-cf7279f4469f",
              "isHook": false,
              "skipped": false
            },
            {
              "title": "Verifica se o botão está posicionado entre a paleta de cores e o quadro de pixels",
              "fullTitle": "9 - Crie um botão que, ao ser clicado, limpa o quadro preenchendo a cor de todos seus pixels com branco. Verifica se o botão está posicionado entre a paleta de cores e o quadro de pixels",
              "timedOut": null,
              "duration": 4503,
              "state": "failed",
              "speed": null,
              "pass": false,
              "fail": true,
              "pending": false,
              "context": null,
              "code": "cy.get('#color-palette').then(function (palette) {\n  cy.get('#clear-board').should('be.belowOf', palette);\n});\ncy.get('#clear-board').then(function (clearBtn) {\n  cy.get('#pixel-board').should('be.belowOf', clearBtn);\n});",
              "err": {
                "message": "CypressError: Timed out retrying: Expected to find element: '#clear-board', but never found it.",
                "estack": "CypressError: Timed out retrying: Expected to find element: '#clear-board', but never found it.\n    at cypressErr (http://localhost:35907/__cypress/runner/cypress_runner.js:149934:9)\n    at throwErr (http://localhost:35907/__cypress/runner/cypress_runner.js:149867:11)\n    at Object.throwErrByPath (http://localhost:35907/__cypress/runner/cypress_runner.js:149915:3)\n    at retry (http://localhost:35907/__cypress/runner/cypress_runner.js:144197:19)\n    at onFailFn (http://localhost:35907/__cypress/runner/cypress_runner.js:132448:16)\n    at tryCatcher (http://localhost:35907/__cypress/runner/cypress_runner.js:167415:23)\n    at Promise._settlePromiseFromHandler (http://localhost:35907/__cypress/runner/cypress_runner.js:165351:31)\n    at Promise._settlePromise (http://localhost:35907/__cypress/runner/cypress_runner.js:165408:18)\n    at Promise._settlePromise0 (http://localhost:35907/__cypress/runner/cypress_runner.js:165453:10)\n    at Promise._settlePromises (http://localhost:35907/__cypress/runner/cypress_runner.js:165528:18)\n    at Async../node_modules/bluebird/js/release/async.js.Async._drainQueue (http://localhost:35907/__cypress/runner/cypress_runner.js:162140:16)\n    at Async../node_modules/bluebird/js/release/async.js.Async._drainQueues (http://localhost:35907/__cypress/runner/cypress_runner.js:162150:10)\n    at Async.drainQueues (http://localhost:35907/__cypress/runner/cypress_runner.js:162024:14)",
                "diff": null
              },
              "uuid": "aab1ce2f-ca04-4bcc-ba9d-7514b73bbc40",
              "parentUUID": "7073fde9-3058-4897-92c5-cf7279f4469f",
              "isHook": false,
              "skipped": false
            },
            {
              "title": "Verifica se o texto do botão é 'Limpar'",
              "fullTitle": "9 - Crie um botão que, ao ser clicado, limpa o quadro preenchendo a cor de todos seus pixels com branco. Verifica se o texto do botão é 'Limpar'",
              "timedOut": null,
              "duration": 4490,
              "state": "failed",
              "speed": null,
              "pass": false,
              "fail": true,
              "pending": false,
              "context": null,
              "code": "cy.get('#clear-board').should('contain.text', 'Limpar');",
              "err": {
                "message": "CypressError: Timed out retrying: Expected to find element: '#clear-board', but never found it.",
                "estack": "CypressError: Timed out retrying: Expected to find element: '#clear-board', but never found it.\n    at cypressErr (http://localhost:35907/__cypress/runner/cypress_runner.js:149934:9)\n    at throwErr (http://localhost:35907/__cypress/runner/cypress_runner.js:149867:11)\n    at Object.throwErrByPath (http://localhost:35907/__cypress/runner/cypress_runner.js:149915:3)\n    at retry (http://localhost:35907/__cypress/runner/cypress_runner.js:144197:19)\n    at onFailFn (http://localhost:35907/__cypress/runner/cypress_runner.js:132448:16)\n    at tryCatcher (http://localhost:35907/__cypress/runner/cypress_runner.js:167415:23)\n    at Promise._settlePromiseFromHandler (http://localhost:35907/__cypress/runner/cypress_runner.js:165351:31)\n    at Promise._settlePromise (http://localhost:35907/__cypress/runner/cypress_runner.js:165408:18)\n    at Promise._settlePromise0 (http://localhost:35907/__cypress/runner/cypress_runner.js:165453:10)\n    at Promise._settlePromises (http://localhost:35907/__cypress/runner/cypress_runner.js:165528:18)\n    at Async../node_modules/bluebird/js/release/async.js.Async._drainQueue (http://localhost:35907/__cypress/runner/cypress_runner.js:162140:16)\n    at Async../node_modules/bluebird/js/release/async.js.Async._drainQueues (http://localhost:35907/__cypress/runner/cypress_runner.js:162150:10)\n    at Async.drainQueues (http://localhost:35907/__cypress/runner/cypress_runner.js:162024:14)",
                "diff": null
              },
              "uuid": "3df34e84-59f8-47e6-8eca-7a75a95cd7db",
              "parentUUID": "7073fde9-3058-4897-92c5-cf7279f4469f",
              "isHook": false,
              "skipped": false
            },
            {
              "title": "Verifica se ao clicar no botão, o quadro de pixels é totalmente preenchido de branco",
              "fullTitle": "9 - Crie um botão que, ao ser clicado, limpa o quadro preenchendo a cor de todos seus pixels com branco. Verifica se ao clicar no botão, o quadro de pixels é totalmente preenchido de branco",
              "timedOut": null,
              "duration": 4813,
              "state": "failed",
              "speed": null,
              "pass": false,
              "fail": true,
              "pending": false,
              "context": null,
              "code": "cy.get('.color').eq(1).then(function (color) {\n  var backgroundColor = color.css('background-color');\n  cy.wrap(color).click();\n  cy.get('.pixel').each(function (pixel) {\n    cy.wrap(pixel).click().should('have.css', 'background-color', backgroundColor);\n  });\n});\ncy.get('#clear-board').click();\ncy.get('.pixel').each(function (pixel) {\n  cy.wrap(pixel).should('have.css', 'background-color', WHITE);\n});",
              "err": {
                "message": "CypressError: Timed out retrying: expected '<div.pixel>' to have CSS property 'background-color' with the value 'rgb(0, 0, 255)', but the value was 'rgba(0, 0, 0, 0)'",
                "estack": "CypressError: Timed out retrying: expected '<div.pixel>' to have CSS property 'background-color' with the value 'rgb(0, 0, 255)', but the value was 'rgba(0, 0, 0, 0)'\n    at cypressErr (http://localhost:35907/__cypress/runner/cypress_runner.js:149934:9)\n    at throwErr (http://localhost:35907/__cypress/runner/cypress_runner.js:149867:11)\n    at Object.throwErrByPath (http://localhost:35907/__cypress/runner/cypress_runner.js:149915:3)\n    at retry (http://localhost:35907/__cypress/runner/cypress_runner.js:144197:19)\n    at onFailFn (http://localhost:35907/__cypress/runner/cypress_runner.js:132448:16)\n    at tryCatcher (http://localhost:35907/__cypress/runner/cypress_runner.js:167415:23)\n    at Promise._settlePromiseFromHandler (http://localhost:35907/__cypress/runner/cypress_runner.js:165351:31)\n    at Promise._settlePromise (http://localhost:35907/__cypress/runner/cypress_runner.js:165408:18)\n    at Promise._settlePromise0 (http://localhost:35907/__cypress/runner/cypress_runner.js:165453:10)\n    at Promise._settlePromises (http://localhost:35907/__cypress/runner/cypress_runner.js:165528:18)\n    at Async../node_modules/bluebird/js/release/async.js.Async._drainQueue (http://localhost:35907/__cypress/runner/cypress_runner.js:162140:16)\n    at Async../node_modules/bluebird/js/release/async.js.Async._drainQueues (http://localhost:35907/__cypress/runner/cypress_runner.js:162150:10)\n    at Async.drainQueues (http://localhost:35907/__cypress/runner/cypress_runner.js:162024:14)",
                "diff": null
              },
              "uuid": "5775d8bd-90e8-4d6d-9bee-3ba990160f32",
              "parentUUID": "7073fde9-3058-4897-92c5-cf7279f4469f",
              "isHook": false,
              "skipped": false
            }
          ],
          "suites": [],
          "passes": [],
          "failures": [
            "cda4f69b-588c-488b-bb95-c2597f2be21f",
            "aab1ce2f-ca04-4bcc-ba9d-7514b73bbc40",
            "3df34e84-59f8-47e6-8eca-7a75a95cd7db",
            "5775d8bd-90e8-4d6d-9bee-3ba990160f32"
          ],
          "pending": [],
          "skipped": [],
          "duration": 18214,
          "root": false,
          "rootEmpty": false,
          "_timeout": 2000
        },
        {
          "uuid": "cef35cb1-f509-48db-9c60-da1c37600e6b",
          "title": "10 - Faça o quadro de pixels ter seu tamanho definido pelo usuário.",
          "fullFile": "",
          "file": "",
          "beforeHooks": [],
          "afterHooks": [],
          "tests": [
            {
              "title": "Verifica se existe um input com o id `board-size`",
              "fullTitle": "10 - Faça o quadro de pixels ter seu tamanho definido pelo usuário. Verifica se existe um input com o id `board-size`",
              "timedOut": null,
              "duration": 4473,
              "state": "failed",
              "speed": null,
              "pass": false,
              "fail": true,
              "pending": false,
              "context": null,
              "code": "cy.get('#board-size').should('be.visible');",
              "err": {
                "message": "CypressError: Timed out retrying: Expected to find element: '#board-size', but never found it.",
                "estack": "CypressError: Timed out retrying: Expected to find element: '#board-size', but never found it.\n    at cypressErr (http://localhost:35907/__cypress/runner/cypress_runner.js:149934:9)\n    at throwErr (http://localhost:35907/__cypress/runner/cypress_runner.js:149867:11)\n    at Object.throwErrByPath (http://localhost:35907/__cypress/runner/cypress_runner.js:149915:3)\n    at retry (http://localhost:35907/__cypress/runner/cypress_runner.js:144197:19)\n    at onFailFn (http://localhost:35907/__cypress/runner/cypress_runner.js:132448:16)\n    at tryCatcher (http://localhost:35907/__cypress/runner/cypress_runner.js:167415:23)\n    at Promise._settlePromiseFromHandler (http://localhost:35907/__cypress/runner/cypress_runner.js:165351:31)\n    at Promise._settlePromise (http://localhost:35907/__cypress/runner/cypress_runner.js:165408:18)\n    at Promise._settlePromise0 (http://localhost:35907/__cypress/runner/cypress_runner.js:165453:10)\n    at Promise._settlePromises (http://localhost:35907/__cypress/runner/cypress_runner.js:165528:18)\n    at Async../node_modules/bluebird/js/release/async.js.Async._drainQueue (http://localhost:35907/__cypress/runner/cypress_runner.js:162140:16)\n    at Async../node_modules/bluebird/js/release/async.js.Async._drainQueues (http://localhost:35907/__cypress/runner/cypress_runner.js:162150:10)\n    at Async.drainQueues (http://localhost:35907/__cypress/runner/cypress_runner.js:162024:14)",
                "diff": null
              },
              "uuid": "d7b9fbb6-5d4c-4c54-a8c7-9d05be7e2c94",
              "parentUUID": "cef35cb1-f509-48db-9c60-da1c37600e6b",
              "isHook": false,
              "skipped": false
            },
            {
              "title": "Verifica se existe um botão com o id `generate-board`",
              "fullTitle": "10 - Faça o quadro de pixels ter seu tamanho definido pelo usuário. Verifica se existe um botão com o id `generate-board`",
              "timedOut": null,
              "duration": 4518,
              "state": "failed",
              "speed": null,
              "pass": false,
              "fail": true,
              "pending": false,
              "context": null,
              "code": "cy.get('#generate-board').should('be.visible');",
              "err": {
                "message": "CypressError: Timed out retrying: Expected to find element: '#generate-board', but never found it.",
                "estack": "CypressError: Timed out retrying: Expected to find element: '#generate-board', but never found it.\n    at cypressErr (http://localhost:35907/__cypress/runner/cypress_runner.js:149934:9)\n    at throwErr (http://localhost:35907/__cypress/runner/cypress_runner.js:149867:11)\n    at Object.throwErrByPath (http://localhost:35907/__cypress/runner/cypress_runner.js:149915:3)\n    at retry (http://localhost:35907/__cypress/runner/cypress_runner.js:144197:19)\n    at onFailFn (http://localhost:35907/__cypress/runner/cypress_runner.js:132448:16)\n    at tryCatcher (http://localhost:35907/__cypress/runner/cypress_runner.js:167415:23)\n    at Promise._settlePromiseFromHandler (http://localhost:35907/__cypress/runner/cypress_runner.js:165351:31)\n    at Promise._settlePromise (http://localhost:35907/__cypress/runner/cypress_runner.js:165408:18)\n    at Promise._settlePromise0 (http://localhost:35907/__cypress/runner/cypress_runner.js:165453:10)\n    at Promise._settlePromises (http://localhost:35907/__cypress/runner/cypress_runner.js:165528:18)\n    at Async../node_modules/bluebird/js/release/async.js.Async._drainQueue (http://localhost:35907/__cypress/runner/cypress_runner.js:162140:16)\n    at Async../node_modules/bluebird/js/release/async.js.Async._drainQueues (http://localhost:35907/__cypress/runner/cypress_runner.js:162150:10)\n    at Async.drainQueues (http://localhost:35907/__cypress/runner/cypress_runner.js:162024:14)",
                "diff": null
              },
              "uuid": "3a5c9709-c26a-4f9f-b3fa-b978cbafba84",
              "parentUUID": "cef35cb1-f509-48db-9c60-da1c37600e6b",
              "isHook": false,
              "skipped": false
            },
            {
              "title": "Verifica se o input só aceita número maiores que zero. Essa restrição deve ser feita usando os atributos do elemento `input`",
              "fullTitle": "10 - Faça o quadro de pixels ter seu tamanho definido pelo usuário. Verifica se o input só aceita número maiores que zero. Essa restrição deve ser feita usando os atributos do elemento `input`",
              "timedOut": null,
              "duration": 4609,
              "state": "failed",
              "speed": null,
              "pass": false,
              "fail": true,
              "pending": false,
              "context": null,
              "code": "cy.get('#board-size[type=\\'number\\'][min=\\'1\\']');",
              "err": {
                "message": "CypressError: Timed out retrying: Expected to find element: '#board-size[type='number'][min='1']', but never found it.",
[...]
                "diff": null
              },
              "uuid": "612e3190-3cb8-4cfb-b766-b9f75633cb9d",
              "parentUUID": "cef35cb1-f509-48db-9c60-da1c37600e6b",
              "isHook": false,
              "skipped": false
            },
            {
              "title": "Verifica se o novo quadro tem todos os pixels preenchidos com a cor branca",
              "fullTitle": "10 - Faça o quadro de pixels ter seu tamanho definido pelo usuário. Verifica se o novo quadro tem todos os pixels preenchidos com a cor branca",
              "timedOut": null,
              "duration": 4484,
              "state": "failed",
              "speed": null,
              "pass": false,
              "fail": true,
              "pending": false,
              "context": null,
              "code": "cy.get('#board-size').clear().type(6);\ncy.get('#generate-board').click();\ncy.get('.pixel').should('have.length', 36).each(function (pixel) {\n  expect(pixel).to.have.css('background-color', WHITE);\n});",
              "err": {
                "message": "CypressError: Timed out retrying: Expected to find element: '#board-size', but never found it.",
                "estack": "CypressError: Timed out retrying: Expected to find element: '#board-size', but never found it.\n    at cypressErr (http://localhost:35907/__cypress/runner/cypress_runner.js:149934:9)\n    at throwErr (http://localhost:35907/__cypress/runner/cypress_runner.js:149867:11)\n    at Object.throwErrByPath (http://localhost:35907/__cypress/runner/cypress_runner.js:149915:3)\n    at retry (http://localhost:35907/__cypress/runner/cypress_runner.js:144197:19)\n    at onFailFn (http://localhost:35907/__cypress/runner/cypress_runner.js:132448:16)\n    at tryCatcher (http://localhost:35907/__cypress/runner/cypress_runner.js:167415:23)\n    at Promise._settlePromiseFromHandler (http://localhost:35907/__cypress/runner/cypress_runner.js:165351:31)\n    at Promise._settlePromise (http://localhost:35907/__cypress/runner/cypress_runner.js:165408:18)\n    at Promise._settlePromise0 (http://localhost:35907/__cypress/runner/cypress_runner.js:165453:10)\n    at Promise._settlePromises (http://localhost:35907/__cypress/runner/cypress_runner.js:165528:18)\n    at Async../node_modules/bluebird/js/release/async.js.Async._drainQueue (http://localhost:35907/__cypress/runner/cypress_runner.js:162140:16)\n    at Async../node_modules/bluebird/js/release/async.js.Async._drainQueues (http://localhost:35907/__cypress/runner/cypress_runner.js:162150:10)\n    at Async.drainQueues (http://localhost:35907/__cypress/runner/cypress_runner.js:162024:14)",
                "diff": null
              },
              "uuid": "6ca8d18a-8535-4b07-a451-b7e004fb1cbd",
              "parentUUID": "cef35cb1-f509-48db-9c60-da1c37600e6b",
              "isHook": false,
              "skipped": false
            }
          ],
          "suites": [],
          "passes": [],
          "failures": [
            "d7b9fbb6-5d4c-4c54-a8c7-9d05be7e2c94",
            "3a5c9709-c26a-4f9f-b3fa-b978cbafba84",
            "c773bb23-88a3-460d-9c98-acb4afbbdea6",
            "1f3806c2-3da3-4271-a01b-45439852f1a6",
            "840350ea-a655-48c1-8242-cb61cd5c30d9",
            "8843150d-a4d5-4d68-a7c3-9c756b909fb4",
            "b27e83f1-8040-4414-8876-3bf231c54bb9",
            "612e3190-3cb8-4cfb-b766-b9f75633cb9d",
            "6ca8d18a-8535-4b07-a451-b7e004fb1cbd"
          ],
          "pending": [],
          "skipped": [],
          "duration": 40981,
          "root": false,
          "rootEmpty": false,
          "_timeout": 2000
        },
        {
          "uuid": "227d6a7d-47cf-4109-b513-a4fd243504d3",
          "title": "11 - Limite o tamanho mínimo e máximo do board.",
          "fullFile": "",
          "file": "",
          "beforeHooks": [],
          "afterHooks": [],
          "tests": [
            {
              "title": "Verifica se a altura máxima do board é 50",
              "fullTitle": "11 - Limite o tamanho mínimo e máximo do board. Verifica se a altura máxima do board é 50",
              "timedOut": null,
              "duration": 4522,
              "state": "failed",
              "speed": null,
              "pass": false,
              "fail": true,
              "pending": false,
              "context": null,
              "code": "cy.get('#board-size').clear().type(50);\ncy.get('#generate-board').click();\ncy.get('.pixel').should('have.length', 2500);",
              "err": {
                "message": "CypressError: Timed out retrying: Expected to find element: '#board-size', but never found it.",
                "estack": "CypressError: Timed out retrying: Expected to find element: '#board-size', but never found it.\n    at cypressErr (http://localhost:35907/__cypress/runner/cypress_runner.js:149934:9)\n    at throwErr (http://localhost:35907/__cypress/runner/cypress_runner.js:149867:11)\n    at Object.throwErrByPath (http://localhost:35907/__cypress/runner/cypress_runner.js:149915:3)\n    at retry (http://localhost:35907/__cypress/runner/cypress_runner.js:144197:19)\n    at onFailFn (http://localhost:35907/__cypress/runner/cypress_runner.js:132448:16)\n    at tryCatcher (http://localhost:35907/__cypress/runner/cypress_runner.js:167415:23)\n    at Promise._settlePromiseFromHandler (http://localhost:35907/__cypress/runner/cypress_runner.js:165351:31)\n    at Promise._settlePromise (http://localhost:35907/__cypress/runner/cypress_runner.js:165408:18)\n    at Promise._settlePromise0 (http://localhost:35907/__cypress/runner/cypress_runner.js:165453:10)\n    at Promise._settlePromises (http://localhost:35907/__cypress/runner/cypress_runner.js:165528:18)\n    at Async../node_modules/bluebird/js/release/async.js.Async._drainQueue (http://localhost:35907/__cypress/runner/cypress_runner.js:162140:16)\n    at Async../node_modules/bluebird/js/release/async.js.Async._drainQueues (http://localhost:35907/__cypress/runner/cypress_runner.js:162150:10)\n    at Async.drainQueues (http://localhost:35907/__cypress/runner/cypress_runner.js:162024:14)",
                "diff": null
              },
              "uuid": "2f06a648-6c18-40cb-bb99-e5159279b7c8",
              "parentUUID": "227d6a7d-47cf-4109-b513-a4fd243504d3",
              "isHook": false,
              "skipped": false
            },
            {
              "title": "Verifica se a altura do board é 5 quando um valor menor é colocado no input",
              "fullTitle": "11 - Limite o tamanho mínimo e máximo do board. Verifica se a altura do board é 5 quando um valor menor é colocado no input",
              "timedOut": null,
              "duration": 4617,
              "state": "failed",
              "speed": null,
              "pass": false,
              "fail": true,
              "pending": false,
              "context": null,
              "code": "cy.get('#board-size').clear().type(4);\ncy.get('#generate-board').click();\ncy.get('.pixel').should('have.length', 25);",
              "err": {
                "message": "CypressError: Timed out retrying: Expected to find element: '#board-size', but never found it.",
                "estack": "CypressError: Timed out retrying: Expected to find element: '#board-size', but never found it.\n    at cypressErr (http://localhost:35907/__cypress/runner/cypress_runner.js:149934:9)\n    at throwErr (http://localhost:35907/__cypress/runner/cypress_runner.js:149867:11)\n    at Object.throwErrByPath (http://localhost:35907/__cypress/runner/cypress_runner.js:149915:3)\n    at retry (http://localhost:35907/__cypress/runner/cypress_runner.js:144197:19)\n    at onFailFn (http://localhost:35907/__cypress/runner/cypress_runner.js:132448:16)\n    at tryCatcher (http://localhost:35907/__cypress/runner/cypress_runner.js:167415:23)\n    at Promise._settlePromiseFromHandler (http://localhost:35907/__cypress/runner/cypress_runner.js:165351:31)\n    at Promise._settlePromise (http://localhost:35907/__cypress/runner/cypress_runner.js:165408:18)\n    at Promise._settlePromise0 (http://localhost:35907/__cypress/runner/cypress_runner.js:165453:10)\n    at Promise._settlePromises (http://localhost:35907/__cypress/runner/cypress_runner.js:165528:18)\n    at Async../node_modules/bluebird/js/release/async.js.Async._drainQueue (http://localhost:35907/__cypress/runner/cypress_runner.js:162140:16)\n    at Async../node_modules/bluebird/js/release/async.js.Async._drainQueues (http://localhost:35907/__cypress/runner/cypress_runner.js:162150:10)\n    at Async.drainQueues (http://localhost:35907/__cypress/runner/cypress_runner.js:162024:14)",
                "diff": null
              },
              "uuid": "cb04ae1d-2ab1-45d8-81b0-01bfe118ddfc",
              "parentUUID": "227d6a7d-47cf-4109-b513-a4fd243504d3",
              "isHook": false,
              "skipped": false
            },
            {
              "title": "Verifica se a altura do board é 50 quando um valor maior é colocado no input",
              "fullTitle": "11 - Limite o tamanho mínimo e máximo do board. Verifica se a altura do board é 50 quando um valor maior é colocado no input",
              "timedOut": null,
              "duration": 4619,
              "state": "failed",
              "speed": null,
              "pass": false,
              "fail": true,
              "pending": false,
              "context": null,
              "code": "cy.get('#board-size').clear().type(51);\ncy.get('#generate-board').click();\ncy.get('.pixel').should('have.length', 2500);",
              "err": {
                "message": "CypressError: Timed out retrying: Expected to find element: '#board-size', but never found it.",
                "estack": "CypressError: Timed out retrying: Expected to find element: '#board-size', but never found it.\n    at cypressErr (http://localhost:35907/__cypress/runner/cypress_runner.js:149934:9)\n    at throwErr (http://localhost:35907/__cypress/runner/cypress_runner.js:149867:11)\n    at Object.throwErrByPath (http://localhost:35907/__cypress/runner/cypress_runner.js:149915:3)\n    at retry (http://localhost:35907/__cypress/runner/cypress_runner.js:144197:19)\n    at onFailFn (http://localhost:35907/__cypress/runner/cypress_runner.js:132448:16)\n    at tryCatcher (http://localhost:35907/__cypress/runner/cypress_runner.js:167415:23)\n    at Promise._settlePromiseFromHandler (http://localhost:35907/__cypress/runner/cypress_runner.js:165351:31)\n    at Promise._settlePromise (http://localhost:35907/__cypress/runner/cypress_runner.js:165408:18)\n    at Promise._settlePromise0 (http://localhost:35907/__cypress/runner/cypress_runner.js:165453:10)\n    at Promise._settlePromises (http://localhost:35907/__cypress/runner/cypress_runner.js:165528:18)\n    at Async../node_modules/bluebird/js/release/async.js.Async._drainQueue (http://localhost:35907/__cypress/runner/cypress_runner.js:162140:16)\n    at Async../node_modules/bluebird/js/release/async.js.Async._drainQueues (http://localhost:35907/__cypress/runner/cypress_runner.js:162150:10)\n    at Async.drainQueues (http://localhost:35907/__cypress/runner/cypress_runner.js:162024:14)",
                "diff": null
              },
              "uuid": "7a822e38-ba0c-4a63-b3f2-af791676abed",
              "parentUUID": "227d6a7d-47cf-4109-b513-a4fd243504d3",
              "isHook": false,
              "skipped": false
            }
          ],
          "suites": [],
          "passes": [],
          "failures": [
            "2f06a648-6c18-40cb-bb99-e5159279b7c8",
            "cb04ae1d-2ab1-45d8-81b0-01bfe118ddfc",
            "7a822e38-ba0c-4a63-b3f2-af791676abed"
          ],
          "pending": [],
          "skipped": [],
          "duration": 13758,
          "root": false,
          "rootEmpty": false,
          "_timeout": 2000
        },
        {
          "uuid": "d1336905-6251-4464-ab07-3b3fbb499bbb",
          "title": "12 - Faça com que as cores da paleta sejam geradas aleatoriamente ao carregar a página.",
          "fullFile": "",
          "file": "",
          "beforeHooks": [],
          "afterHooks": [],
          "tests": [
            {
              "title": "Verifica se as cores geradas na paleta são diferentes a cada carregamento da página",
              "fullTitle": "12 - Faça com que as cores da paleta sejam geradas aleatoriamente ao carregar a página. Verifica se as cores geradas na paleta são diferentes a cada carregamento da página",
              "timedOut": null,
              "duration": 663,
              "state": "failed",
              "speed": null,
              "pass": false,
              "fail": true,
              "pending": false,
              "context": null,
              "code": "cy.get('.color').then(function (colors) {\n  var currentColors;\n  var previousColors;\n  previousColors = Array.from(colors).map(function (color) {\n    return Cypress.$(color).css('background-color');\n  });\n  for (var i = 0; i < 5; i += 1) {\n    cy.reload();\n    cy.get('.color').then(function (colors) {\n      currentColors = Array.from(colors).map(function (color) {\n        return Cypress.$(color).css('background-color');\n      });\n      expect(currentColors).not.to.deep.equal(previousColors);\n      previousColors = currentColors;\n    });\n  }\n});",
              "err": {
                "message": "AssertionError: expected [ Array(4) ] to not deeply equal [ Array(4) ]",
                "estack": "AssertionError: expected [ Array(4) ] to not deeply equal [ Array(4) ]\n    at getRet (http://localhost:35907/__cypress/runner/cypress_runner.js:136585:16)\n    at tryCatcher (http://localhost:35907/__cypress/runner/cypress_runner.js:167415:23)\n    at Function.Promise.attempt.Promise.try (http://localhost:35907/__cypress/runner/cypress_runner.js:164690:29)\n    at Context.thenFn (http://localhost:35907/__cypress/runner/cypress_runner.js:136599:23)\n    at Context.then (http://localhost:35907/__cypress/runner/cypress_runner.js:136971:21)\n    at Context.<anonymous> (http://localhost:35907/__cypress/runner/cypress_runner.js:148875:21)\n    at http://localhost:35907/__cypress/runner/cypress_runner.js:148351:33\n    at tryCatcher (http://localhost:35907/__cypress/runner/cypress_runner.js:167415:23)\n    at Promise._settlePromiseFromHandler (http://localhost:35907/__cypress/runner/cypress_runner.js:165351:31)\n    at Promise._settlePromise (http://localhost:35907/__cypress/runner/cypress_runner.js:165408:18)\n    at Promise._settlePromiseCtx (http://localhost:35907/__cypress/runner/cypress_runner.js:165445:10)\n    at Async../node_modules/bluebird/js/release/async.js.Async._drainQueue (http://localhost:35907/__cypress/runner/cypress_runner.js:162145:12)\n    at Async../node_modules/bluebird/js/release/async.js.Async._drainQueues (http://localhost:35907/__cypress/runner/cypress_runner.js:162150:10)\n    at Async.drainQueues (http://localhost:35907/__cypress/runner/cypress_runner.js:162024:14)",
                "diff": ""
              },
              "uuid": "50e392bc-0c19-44cb-9a78-20df6a346ade",
              "parentUUID": "d1336905-6251-4464-ab07-3b3fbb499bbb",
              "isHook": false,
              "skipped": false
            },
            {
              "title": "Verifica se a cor preta ainda está presente e é a primeira na sua paleta de cores",
              "fullTitle": "12 - Faça com que as cores da paleta sejam geradas aleatoriamente ao carregar a página. Verifica se a cor preta ainda está presente e é a primeira na sua paleta de cores",
              "timedOut": null,
              "duration": 607,
              "state": "failed",
              "speed": null,
              "pass": false,
              "fail": true,
              "pending": false,
              "context": null,
              "code": "cy.get('.color').then(function (colors) {\n  var currentColors;\n  var previousColors;\n  previousColors = Array.from(colors).map(function (color) {\n    return Cypress.$(color).css('background-color');\n  });\n  expect(previousColors[0]).to.eq(BLACK);\n  for (var i = 0; i < 5; i += 1) {\n    cy.reload();\n    cy.get('.color').then(function (colors) {\n      currentColors = Array.from(colors).map(function (color) {\n        return Cypress.$(color).css('background-color');\n      });\n      expect(currentColors[0]).to.eq(BLACK);\n      expect(currentColors).not.to.deep.equal(previousColors);\n      previousColors = currentColors;\n    });\n  }\n});",
              "err": {
                "message": "AssertionError: expected [ Array(4) ] to not deeply equal [ Array(4) ]",
                "estack": "AssertionError: expected [ Array(4) ] to not deeply equal [ Array(4) ]\n    at getRet (http://localhost:35907/__cypress/runner/cypress_runner.js:136585:16)\n    at tryCatcher (http://localhost:35907/__cypress/runner/cypress_runner.js:167415:23)\n    at Function.Promise.attempt.Promise.try (http://localhost:35907/__cypress/runner/cypress_runner.js:164690:29)\n    at Context.thenFn (http://localhost:35907/__cypress/runner/cypress_runner.js:136599:23)\n    at Context.then (http://localhost:35907/__cypress/runner/cypress_runner.js:136971:21)\n    at Context.<anonymous> (http://localhost:35907/__cypress/runner/cypress_runner.js:148875:21)\n    at http://localhost:35907/__cypress/runner/cypress_runner.js:148351:33\n    at tryCatcher (http://localhost:35907/__cypress/runner/cypress_runner.js:167415:23)\n    at Promise._settlePromiseFromHandler (http://localhost:35907/__cypress/runner/cypress_runner.js:165351:31)\n    at Promise._settlePromise (http://localhost:35907/__cypress/runner/cypress_runner.js:165408:18)\n    at Promise._settlePromiseCtx (http://localhost:35907/__cypress/runner/cypress_runner.js:165445:10)\n    at Async../node_modules/bluebird/js/release/async.js.Async._drainQueue (http://localhost:35907/__cypress/runner/cypress_runner.js:162145:12)\n    at Async../node_modules/bluebird/js/release/async.js.Async._drainQueues (http://localhost:35907/__cypress/runner/cypress_runner.js:162150:10)\n    at Async.drainQueues (http://localhost:35907/__cypress/runner/cypress_runner.js:162024:14)",
                "diff": ""
              },
              "uuid": "6ea287b9-1c43-4e5b-8944-d4f99cc9be38",
              "parentUUID": "d1336905-6251-4464-ab07-3b3fbb499bbb",
              "isHook": false,
              "skipped": false
            }
          ],
          "suites": [],
          "passes": [],
          "failures": [
            "50e392bc-0c19-44cb-9a78-20df6a346ade",
            "6ea287b9-1c43-4e5b-8944-d4f99cc9be38"
          ],
          "pending": [],
          "skipped": [],
          "duration": 1270,
          "root": false,
          "rootEmpty": false,
          "_timeout": 2000
        }
      ],
      "passes": [],
      "failures": [],
      "pending": [],
      "skipped": [],
      "duration": 0,
      "root": true,
      "rootEmpty": true,
      "_timeout": 2000
    }
  ],
  "meta": {
    "mocha": {
      "version": "7.0.1"
    },
    "mochawesome": {
      "options": {
        "quiet": false,
        "reportFilename": "mochawesome",
        "saveHtml": false,
        "saveJson": true,
        "consoleReporter": "spec",
        "useInlineDiffs": false
      },
      "version": "4.1.0"
    },
    "marge": {
      "options": {
        "id": "default",
        "reportDir": "cypress/reports",
        "overwrite": true,
        "html": false,
        "json": true
      },
      "version": "4.1.0"
    }
  }
}