{
  "stats": {
    "suites": 12,
    "tests": 41,
    "passes": 21,
    "pending": 0,
    "failures": 20,
    "start": "2021-09-11T02:48:36.279Z",
    "end": "2021-09-11T02:50:24.786Z",
    "duration": 108507,
    "testsRegistered": 41,
    "passPercent": 51.21951219512195,
    "pendingPercent": 0,
    "other": 0,
    "hasOther": false,
    "skipped": 0,
    "hasSkipped": false
  },
  "results": [
    {
      "uuid": "9343d470-edc9-40c1-99c6-a3d88e854f2c",
      "title": "",
      "fullFile": "cypress/integration/project.spec.js",
      "file": "cypress/integration/project.spec.js",
      "beforeHooks": [],
      "afterHooks": [],
      "tests": [],
      "suites": [
        {
          "uuid": "5ab7c0d8-b3fe-4cf9-bf44-84f46d8c518e",
          "title": "1 - Adicione à página o título \"Paleta de Cores\".",
          "fullFile": "",
          "file": "",
          "beforeHooks": [],
          "afterHooks": [],
          "tests": [
            {
              "title": "Verifica se contém um elemento `h1` com o id `title` com o título correto",
              "fullTitle": "1 - Adicione à página o título \"Paleta de Cores\". Verifica se contém um elemento `h1` com o id `title` com o título correto",
              "timedOut": null,
              "duration": 354,
              "state": "passed",
              "speed": "slow",
              "pass": true,
              "fail": false,
              "pending": false,
              "context": null,
              "code": "cy.get('h1#title').should('contain.text', 'Paleta de Cores');",
              "err": {},
              "uuid": "118324f1-0cf1-44e8-8a60-8e71a21b406e",
              "parentUUID": "5ab7c0d8-b3fe-4cf9-bf44-84f46d8c518e",
              "isHook": false,
              "skipped": false
            }
          ],
          "suites": [],
          "passes": [
            "118324f1-0cf1-44e8-8a60-8e71a21b406e"
          ],
          "failures": [],
          "pending": [],
          "skipped": [],
          "duration": 354,
          "root": false,
          "rootEmpty": false,
          "_timeout": 2000
        },
        {
          "uuid": "664ad4be-f49f-4400-88c1-70d0575772bf",
          "title": "2 - Adicione à página uma paleta de quatro cores distintas.",
          "fullFile": "",
          "file": "",
          "beforeHooks": [],
          "afterHooks": [],
          "tests": [
            {
              "title": "A paleta de cores deve ser um elemento com `id` denominado `color-palette`",
              "fullTitle": "2 - Adicione à página uma paleta de quatro cores distintas. A paleta de cores deve ser um elemento com `id` denominado `color-palette`",
              "timedOut": null,
              "duration": 313,
              "state": "passed",
              "speed": "slow",
              "pass": true,
              "fail": false,
              "pending": false,
              "context": null,
              "code": "cy.get('#color-palette').should('be.visible');\ncy.get('#color-palette').children('.color');",
              "err": {},
              "uuid": "60ab3f10-f67e-4186-b183-5a47d8ae2900",
              "parentUUID": "664ad4be-f49f-4400-88c1-70d0575772bf",
              "isHook": false,
              "skipped": false
            },
            {
              "title": "Verifica se cada cor individual da paleta de cores possui a `classe` chamada `color`.",
              "fullTitle": "2 - Adicione à página uma paleta de quatro cores distintas. Verifica se cada cor individual da paleta de cores possui a `classe` chamada `color`.",
              "timedOut": null,
              "duration": 469,
              "state": "passed",
              "speed": "slow",
              "pass": true,
              "fail": false,
              "pending": false,
              "context": null,
              "code": "cy.get('.color').should('have.length', 4).then(function (colors) {\n  for (var i = 0; i < colors.length; i++) {\n    cy.wrap(colors[i]).should('be.visible');\n  }\n});",
              "err": {},
              "uuid": "483704b0-085f-489c-b46e-d7c08e14062f",
              "parentUUID": "664ad4be-f49f-4400-88c1-70d0575772bf",
              "isHook": false,
              "skipped": false
            },
            {
              "title": "Verifica se a cor de fundo de cada elemento da paleta é a cor que o elemento representa. **A única cor não permitida na paleta é a cor branca.**",
              "fullTitle": "2 - Adicione à página uma paleta de quatro cores distintas. Verifica se a cor de fundo de cada elemento da paleta é a cor que o elemento representa. **A única cor não permitida na paleta é a cor branca.**",
              "timedOut": null,
              "duration": 347,
              "state": "passed",
              "speed": "slow",
              "pass": true,
              "fail": false,
              "pending": false,
              "context": null,
              "code": "cy.get('.color').each(function (color) {\n  cy.wrap(color).should('have.class', 'color').and('not.have.css', 'background-color', WHITE);\n  cy.wrap(color).should('have.css', 'background-color');\n});",
              "err": {},
              "uuid": "66c905b4-1c81-4ca9-96bf-e053fe3c8a6e",
              "parentUUID": "664ad4be-f49f-4400-88c1-70d0575772bf",
              "isHook": false,
              "skipped": false
            },
            {
              "title": "Verifica se cada elemento da paleta de cores tem uma borda preta, sólida e com 1 pixel de largura;",
              "fullTitle": "2 - Adicione à página uma paleta de quatro cores distintas. Verifica se cada elemento da paleta de cores tem uma borda preta, sólida e com 1 pixel de largura;",
              "timedOut": null,
              "duration": 216,
              "state": "passed",
              "speed": "slow",
              "pass": true,
              "fail": false,
              "pending": false,
              "context": null,
              "code": "cy.get('.color').each(function (color) {\n  cy.wrap(color).and('have.css', 'border', \"1px solid \".concat(BLACK)).and('have.class', 'color');\n});",
              "err": {},
              "uuid": "ee6e41a6-5dda-4b41-84c6-dfe5d1c85c8e",
              "parentUUID": "664ad4be-f49f-4400-88c1-70d0575772bf",
              "isHook": false,
              "skipped": false
            },
            {
              "title": "Verifica se a paleta lista todas as cores disponíveis para utilização, lado a lado.",
              "fullTitle": "2 - Adicione à página uma paleta de quatro cores distintas. Verifica se a paleta lista todas as cores disponíveis para utilização, lado a lado.",
              "timedOut": null,
              "duration": 169,
              "state": "passed",
              "speed": "slow",
              "pass": true,
              "fail": false,
              "pending": false,
              "context": null,
              "code": "cy.get('.color').then(function (colors) {\n  for (var index = 1; index < colors.length; index += 1) {\n    var currentColor = colors[index];\n    var previousColor = colors[index - 1];\n    cy.wrap(currentColor).should('be.onTheRightOf', previousColor).and('be.horizontallyAlignedWith', previousColor);\n  }\n});",
              "err": {},
              "uuid": "a4151ab3-951d-45e4-99c6-38205e867146",
              "parentUUID": "664ad4be-f49f-4400-88c1-70d0575772bf",
              "isHook": false,
              "skipped": false
            },
            {
              "title": "Verifica se a paleta de cores está posicionada abaixo do título 'Paleta de Cores'",
              "fullTitle": "2 - Adicione à página uma paleta de quatro cores distintas. Verifica se a paleta de cores está posicionada abaixo do título 'Paleta de Cores'",
              "timedOut": null,
              "duration": 172,
              "state": "passed",
              "speed": "slow",
              "pass": true,
              "fail": false,
              "pending": false,
              "context": null,
              "code": "cy.get('h1#title').then(function (title) {\n  cy.get('#color-palette').should('be.belowOf', title);\n});",
              "err": {},
              "uuid": "0ffd749b-af94-44ae-99be-7e3bf9445973",
              "parentUUID": "664ad4be-f49f-4400-88c1-70d0575772bf",
              "isHook": false,
              "skipped": false
            },
            {
              "title": "Verifica se a paleta de cores não contém cores repetidas.",
              "fullTitle": "2 - Adicione à página uma paleta de quatro cores distintas. Verifica se a paleta de cores não contém cores repetidas.",
              "timedOut": null,
              "duration": 147,
              "state": "passed",
              "speed": "slow",
              "pass": true,
              "fail": false,
              "pending": false,
              "context": null,
              "code": "cy.get('.color').then(function (colors) {\n  var allColors = Array.from(colors).map(function (color) {\n    return Cypress.$(color).css('background-color');\n  });\n  cy.log(allColors);\n  var uniqColors = (0, _toConsumableArray2[\"default\"])(new Set(allColors));\n  cy.log(uniqColors);\n  expect(allColors.length).to.eq(uniqColors.length);\n});",
              "err": {},
              "uuid": "6c6f551a-5d46-46ae-bbc2-758a2b05db1e",
              "parentUUID": "664ad4be-f49f-4400-88c1-70d0575772bf",
              "isHook": false,
              "skipped": false
            }
          ],
          "suites": [],
          "passes": [
            "60ab3f10-f67e-4186-b183-5a47d8ae2900",
            "483704b0-085f-489c-b46e-d7c08e14062f",
            "66c905b4-1c81-4ca9-96bf-e053fe3c8a6e",
            "ee6e41a6-5dda-4b41-84c6-dfe5d1c85c8e",
            "a4151ab3-951d-45e4-99c6-38205e867146",
            "0ffd749b-af94-44ae-99be-7e3bf9445973",
            "6c6f551a-5d46-46ae-bbc2-758a2b05db1e"
          ],
          "failures": [],
          "pending": [],
          "skipped": [],
          "duration": 1833,
          "root": false,
          "rootEmpty": false,
          "_timeout": 2000
        },
        {
          "uuid": "a0b55bc2-cdc7-499a-b69e-0125cb81504b",
          "title": "3 - Adicione a cor **preta** como a primeira cor da paleta de cores.",
          "fullFile": "",
          "file": "",
          "beforeHooks": [],
          "afterHooks": [],
          "tests": [
            {
              "title": "Verifica se a primeira cor da paleta é preta",
              "fullTitle": "3 - Adicione a cor **preta** como a primeira cor da paleta de cores. Verifica se a primeira cor da paleta é preta",
              "timedOut": null,
              "duration": 206,
              "state": "passed",
              "speed": "slow",
              "pass": true,
              "fail": false,
              "pending": false,
              "context": null,
              "code": "cy.get('.color').first().should('have.css', 'background-color', BLACK);",
              "err": {},
              "uuid": "2456ada3-e1fe-4cdd-859a-e32db73b0186",
              "parentUUID": "a0b55bc2-cdc7-499a-b69e-0125cb81504b",
              "isHook": false,
              "skipped": false
            },
            {
              "title": "Verifica se as demais cores podem ser escolhidas livremente.",
              "fullTitle": "3 - Adicione a cor **preta** como a primeira cor da paleta de cores. Verifica se as demais cores podem ser escolhidas livremente.",
              "timedOut": null,
              "duration": 370,
              "state": "passed",
              "speed": "slow",
              "pass": true,
              "fail": false,
              "pending": false,
              "context": null,
              "code": "cy.get('.color').eq(1).should('not.have.css', 'background-color', BLACK);\ncy.get('.color').eq(1).should('not.have.css', 'background-color', WHITE);\ncy.get('.color').eq(1).should('not.have.css', 'background-color', 'rgba(0, 0, 0, 0)');\ncy.get('.color').eq(1).should('have.css', 'background-color');\ncy.get('.color').eq(2).should('not.have.css', 'background-color', BLACK);\ncy.get('.color').eq(2).should('not.have.css', 'background-color', WHITE);\ncy.get('.color').eq(2).should('not.have.css', 'background-color', 'rgba(0, 0, 0, 0)');\ncy.get('.color').eq(2).should('have.css', 'background-color');\ncy.get('.color').eq(3).should('not.have.css', 'background-color', BLACK);\ncy.get('.color').eq(3).should('not.have.css', 'background-color', WHITE);\ncy.get('.color').eq(3).should('not.have.css', 'background-color', 'rgba(0, 0, 0, 0)');\ncy.get('.color').eq(3).should('have.css', 'background-color');",
              "err": {},
              "uuid": "0957944e-df40-45e0-b76c-2dd4b4212f82",
              "parentUUID": "a0b55bc2-cdc7-499a-b69e-0125cb81504b",
              "isHook": false,
              "skipped": false
            }
          ],
          "suites": [],
          "passes": [
            "2456ada3-e1fe-4cdd-859a-e32db73b0186",
            "0957944e-df40-45e0-b76c-2dd4b4212f82"
          ],
          "failures": [],
          "pending": [],
          "skipped": [],
          "duration": 576,
          "root": false,
          "rootEmpty": false,
          "_timeout": 2000
        },
        {
          "uuid": "e2fe75ea-6bb4-48b9-9e62-73d2777877f1",
          "title": "4 - Adicione à página um quadro de pixels, com 25 pixels.",
          "fullFile": "",
          "file": "",
          "beforeHooks": [],
          "afterHooks": [],
          "tests": [
            {
              "title": "Verifica se o quadro de pixels possui o `id` denominado `pixel-board`",
              "fullTitle": "4 - Adicione à página um quadro de pixels, com 25 pixels. Verifica se o quadro de pixels possui o `id` denominado `pixel-board`",
              "timedOut": null,
              "duration": 193,
              "state": "passed",
              "speed": "slow",
              "pass": true,
              "fail": false,
              "pending": false,
              "context": null,
              "code": "cy.get('#pixel-board').should('be.visible');",
              "err": {},
              "uuid": "81688519-3b08-4f1a-8818-30666829e3a1",
              "parentUUID": "e2fe75ea-6bb4-48b9-9e62-73d2777877f1",
              "isHook": false,
              "skipped": false
            },
            {
              "title": "Verifica se cada pixel individual dentro do quadro possui a `classe` denominada `pixel`.",
              "fullTitle": "4 - Adicione à página um quadro de pixels, com 25 pixels. Verifica se cada pixel individual dentro do quadro possui a `classe` denominada `pixel`.",
              "timedOut": null,
              "duration": 227,
              "state": "passed",
              "speed": "slow",
              "pass": true,
              "fail": false,
              "pending": false,
              "context": null,
              "code": "cy.get('.pixel').should('have.length', 25);",
              "err": {},
              "uuid": "e308c234-ca63-47b8-bb9f-1abeb71e369b",
              "parentUUID": "e2fe75ea-6bb4-48b9-9e62-73d2777877f1",
              "isHook": false,
              "skipped": false
            },
            {
              "title": "Verifica se a cor inicial dos pixels dentro do quadro, ao abrir a página, é branca.",
              "fullTitle": "4 - Adicione à página um quadro de pixels, com 25 pixels. Verifica se a cor inicial dos pixels dentro do quadro, ao abrir a página, é branca.",
              "timedOut": null,
              "duration": 369,
              "state": "passed",
              "speed": "slow",
              "pass": true,
              "fail": false,
              "pending": false,
              "context": null,
              "code": "cy.get('.pixel').should('have.length', 25).each(function (pixel) {\n  expect(pixel).to.have.css('background-color', WHITE);\n});",
              "err": {},
              "uuid": "0f190ba3-1754-4b64-b1c7-ab6473a7dc0a",
              "parentUUID": "e2fe75ea-6bb4-48b9-9e62-73d2777877f1",
              "isHook": false,
              "skipped": false
            },
            {
              "title": "Verifica se o quadro de pixels aparece abaixo da paleta de cores",
              "fullTitle": "4 - Adicione à página um quadro de pixels, com 25 pixels. Verifica se o quadro de pixels aparece abaixo da paleta de cores",
              "timedOut": null,
              "duration": 196,
              "state": "passed",
              "speed": "slow",
              "pass": true,
              "fail": false,
              "pending": false,
              "context": null,
              "code": "cy.get('#color-palette').then(function (palette) {\n  cy.get('#pixel-board').should('be.belowOf', palette);\n});",
              "err": {},
              "uuid": "b8f7050d-4ad4-4cc5-861d-ac90f6be8f0a",
              "parentUUID": "e2fe75ea-6bb4-48b9-9e62-73d2777877f1",
              "isHook": false,
              "skipped": false
            }
          ],
          "suites": [],
          "passes": [
            "81688519-3b08-4f1a-8818-30666829e3a1",
            "e308c234-ca63-47b8-bb9f-1abeb71e369b",
            "0f190ba3-1754-4b64-b1c7-ab6473a7dc0a",
            "b8f7050d-4ad4-4cc5-861d-ac90f6be8f0a"
          ],
          "failures": [],
          "pending": [],
          "skipped": [],
          "duration": 985,
          "root": false,
          "rootEmpty": false,
          "_timeout": 2000
        },
        {
          "uuid": "058ac23d-4359-47e7-a91b-09894c19ab28",
          "title": "5 - Faça com que cada elemento do quadro de pixels possua 40 pixels de largura, 40 pixels de altura e seja delimitado por uma borda preta de 1 pixel.",
          "fullFile": "",
          "file": "",
          "beforeHooks": [],
          "afterHooks": [],
          "tests": [
            {
              "title": "Verifica se o quadro de pixels tem altura e comprimento de 5 elementos",
              "fullTitle": "5 - Faça com que cada elemento do quadro de pixels possua 40 pixels de largura, 40 pixels de altura e seja delimitado por uma borda preta de 1 pixel. Verifica se o quadro de pixels tem altura e comprimento de 5 elementos",
              "timedOut": null,
              "duration": 664,
              "state": "passed",
              "speed": "slow",
              "pass": true,
              "fail": false,
              "pending": false,
              "context": null,
              "code": "cy.get('.pixel').should('have.length', 25).each(function (pixel) {\n  expect(pixel).to.have.css('background-color', WHITE);\n}).and(function (pixels) {\n  var rows = chunk(pixels, 5);\n  rows.forEach(function (row) {\n    for (var index = 1; index < row.length; index += 1) {\n      var current = pixels[index];\n      var previous = pixels[index - 1];\n      cy.wrap(current).should('be.onTheRightOf', previous).and('be.horizontallyAlignedWith', previous);\n    }\n  });\n  for (var index = 1; index < 5; index += 1) {\n    expect(pixels[index * 5]).to.be.belowOf(pixels[(index - 1) * 5]);\n  }\n});",
              "err": {},
              "uuid": "4dc21792-0e27-4ddb-b295-5cf0777186fa",
              "parentUUID": "058ac23d-4359-47e7-a91b-09894c19ab28",
              "isHook": false,
              "skipped": false
            },
            {
              "title": "Verifica se 40 pixels é o tamanho total do elemento, incluindo seu conteúdo e excluindo a borda preta, que deve ser criada à parte.",
              "fullTitle": "5 - Faça com que cada elemento do quadro de pixels possua 40 pixels de largura, 40 pixels de altura e seja delimitado por uma borda preta de 1 pixel. Verifica se 40 pixels é o tamanho total do elemento, incluindo seu conteúdo e excluindo a borda preta, que deve ser criada à parte.",
              "timedOut": null,
              "duration": 556,
              "state": "passed",
              "speed": "slow",
              "pass": true,
              "fail": false,
              "pending": false,
              "context": null,
              "code": "cy.get('.pixel').each(function (pixel) {\n  cy.wrap(pixel).should('have.css', 'height', '40px').and('have.css', 'width', '40px').and('have.css', 'border', \"1px solid \".concat(BLACK));\n});",
              "err": {},
              "uuid": "6a33ed51-5651-4d60-b151-f082de46672f",
              "parentUUID": "058ac23d-4359-47e7-a91b-09894c19ab28",
              "isHook": false,
              "skipped": false
            }
          ],
          "suites": [],
          "passes": [
            "4dc21792-0e27-4ddb-b295-5cf0777186fa",
            "6a33ed51-5651-4d60-b151-f082de46672f"
          ],
          "failures": [],
          "pending": [],
          "skipped": [],
          "duration": 1220,
          "root": false,
          "rootEmpty": false,
          "_timeout": 2000
        },
        {
          "uuid": "8c60243a-ccdd-44eb-be7c-ff40edbf303e",
          "title": "6 - Defina a cor preta como cor inicial. Ao carregar a página a cor preta já deve estar selecionada para pintar os pixels",
          "fullFile": "",
          "file": "",
          "beforeHooks": [],
          "afterHooks": [],
          "tests": [
            {
              "title": "Verifica se o elemento da cor preta possui, inicialmente, a `classe` `selected`",
              "fullTitle": "6 - Defina a cor preta como cor inicial. Ao carregar a página a cor preta já deve estar selecionada para pintar os pixels Verifica se o elemento da cor preta possui, inicialmente, a `classe` `selected`",
              "timedOut": null,
              "duration": 167,
              "state": "passed",
              "speed": "slow",
              "pass": true,
              "fail": false,
              "pending": false,
              "context": null,
              "code": "cy.get('.selected').first().should('have.css', 'background-color', BLACK);",
              "err": {},
              "uuid": "84a66ef7-4e3b-45f6-a63c-465f835dbef4",
              "parentUUID": "8c60243a-ccdd-44eb-be7c-ff40edbf303e",
              "isHook": false,
              "skipped": false
            },
            {
              "title": "Verifica se nenhuma outra cor da paleta tem a `classe` `selected`",
              "fullTitle": "6 - Defina a cor preta como cor inicial. Ao carregar a página a cor preta já deve estar selecionada para pintar os pixels Verifica se nenhuma outra cor da paleta tem a `classe` `selected`",
              "timedOut": null,
              "duration": 135,
              "state": "passed",
              "speed": "slow",
              "pass": true,
              "fail": false,
              "pending": false,
              "context": null,
              "code": "cy.get('.color:not(:first-child)').each(function (color) {\n  cy.wrap(color).should('not.have.class', 'selected');\n});",
              "err": {},
              "uuid": "4b236db0-c5e1-4c2a-b1ef-242981628a7c",
              "parentUUID": "8c60243a-ccdd-44eb-be7c-ff40edbf303e",
              "isHook": false,
              "skipped": false
            }
          ],
          "suites": [],
          "passes": [
            "84a66ef7-4e3b-45f6-a63c-465f835dbef4",
            "4b236db0-c5e1-4c2a-b1ef-242981628a7c"
          ],
          "failures": [],
          "pending": [],
          "skipped": [],
          "duration": 302,
          "root": false,
          "rootEmpty": false,
          "_timeout": 2000
        },
        {
          "uuid": "40956c45-087c-476d-9d82-3e8e79021a1b",
          "title": "7 - Clicar em uma das cores da paleta, faz com que ela seja selecionada e utilizada para preencher os pixels no quadro.",
          "fullFile": "",
          "file": "",
          "beforeHooks": [],
          "afterHooks": [],
          "tests": [
            {
              "title": "Verifica se somente uma cor da paleta de cores tem a classe `selected` de cada vez",
              "fullTitle": "7 - Clicar em uma das cores da paleta, faz com que ela seja selecionada e utilizada para preencher os pixels no quadro. Verifica se somente uma cor da paleta de cores tem a classe `selected` de cada vez",
              "timedOut": null,
              "duration": 678,
              "state": "passed",
              "speed": "slow",
              "pass": true,
              "fail": false,
              "pending": false,
              "context": null,
              "code": "cy.get('.color').each(function (selectedColor, selectedColorIndex) {\n  cy.wrap(selectedColor).click();\n  cy.get('.color').each(function (color, colorIndex) {\n    if (colorIndex === selectedColorIndex) {\n      expect(color).to.have[\"class\"]('selected');\n    } else {\n      expect(color).not.to.have[\"class\"]('selected');\n    }\n  });\n});",
              "err": {},
              "uuid": "a826b19b-8e6d-4817-96a3-1f0dceaaf71e",
              "parentUUID": "40956c45-087c-476d-9d82-3e8e79021a1b",
              "isHook": false,
              "skipped": false
            },
            {
              "title": "Verifica se os pixels dentro do quadro não têm a classe `selected` quando são clicados",
              "fullTitle": "7 - Clicar em uma das cores da paleta, faz com que ela seja selecionada e utilizada para preencher os pixels no quadro. Verifica se os pixels dentro do quadro não têm a classe `selected` quando são clicados",
              "timedOut": null,
              "duration": 9729,
              "state": "passed",
              "speed": "slow",
              "pass": true,
              "fail": false,
              "pending": false,
              "context": null,
              "code": "cy.get('.color').each(function (color) {\n  var backgroundColor = color.css('background-color');\n  cy.wrap(color).click();\n  cy.get('.pixel').each(function (pixel) {\n    cy.wrap(pixel).click().should('not.have.class', 'selected');\n  });\n});",
              "err": {},
              "uuid": "0a7334e9-aed2-47bf-83e0-b9a2c1b8859b",
              "parentUUID": "40956c45-087c-476d-9d82-3e8e79021a1b",
              "isHook": false,
              "skipped": false
            }
          ],
          "suites": [],
          "passes": [
            "a826b19b-8e6d-4817-96a3-1f0dceaaf71e",
            "0a7334e9-aed2-47bf-83e0-b9a2c1b8859b"
          ],
          "failures": [],
          "pending": [],
          "skipped": [],
          "duration": 10407,
          "root": false,
          "rootEmpty": false,
          "_timeout": 2000
        },
        {
          "uuid": "223141cc-03c9-42be-b8c9-0dec4a486ac3",
          "title": "8 - Clicar em um pixel dentro do quadro após selecionar uma cor na paleta, faz com que o pixel seja preenchido com a cor selecionada.",
          "fullFile": "",
          "file": "",
          "beforeHooks": [],
          "afterHooks": [],
          "tests": [
            {
              "title": "Verifica se ao carregar a página deve ser possível pintar os pixels de preto",
              "fullTitle": "8 - Clicar em um pixel dentro do quadro após selecionar uma cor na paleta, faz com que o pixel seja preenchido com a cor selecionada. Verifica se ao carregar a página deve ser possível pintar os pixels de preto",
              "timedOut": null,
              "duration": 4672,
              "state": "failed",
              "speed": null,
              "pass": false,
              "fail": true,
              "pending": false,
              "context": null,
              "code": "cy.get('.pixel').each(function (pixel) {\n  cy.wrap(pixel).click().should('have.css', 'background-color', BLACK);\n});",
              "err": {
                "message": "CypressError: Timed out retrying: expected '<div.pixel>' to have CSS property 'background-color' with the value 'rgb(0, 0, 0)', but the value was 'rgb(255, 255, 255)'",
                "estack": "CypressError: Timed out retrying: expected '<div.pixel>' to have CSS property 'background-color' with the value 'rgb(0, 0, 0)', but the value was 'rgb(255, 255, 255)'\n    at cypressErr (http://localhost:33423/__cypress/runner/cypress_runner.js:149934:9)\n    at throwErr (http://localhost:33423/__cypress/runner/cypress_runner.js:149867:11)\n    at Object.throwErrByPath (http://localhost:33423/__cypress/runner/cypress_runner.js:149915:3)\n    at retry (http://localhost:33423/__cypress/runner/cypress_runner.js:144197:19)\n    at onFailFn (http://localhost:33423/__cypress/runner/cypress_runner.js:132448:16)\n    at tryCatcher (http://localhost:33423/__cypress/runner/cypress_runner.js:167415:23)\n    at Promise._settlePromiseFromHandler (http://localhost:33423/__cypress/runner/cypress_runner.js:165351:31)\n    at Promise._settlePromise (http://localhost:33423/__cypress/runner/cypress_runner.js:165408:18)\n    at Promise._settlePromise0 (http://localhost:33423/__cypress/runner/cypress_runner.js:165453:10)\n    at Promise._settlePromises (http://localhost:33423/__cypress/runner/cypress_runner.js:165528:18)\n    at Async../node_modules/bluebird/js/release/async.js.Async._drainQueue (http://localhost:33423/__cypress/runner/cypress_runner.js:162140:16)\n    at Async../node_modules/bluebird/js/release/async.js.Async._drainQueues (http://localhost:33423/__cypress/runner/cypress_runner.js:162150:10)\n    at Async.drainQueues (http://localhost:33423/__cypress/runner/cypress_runner.js:162024:14)",
                "diff": null
              },
              "uuid": "113f25e2-e123-4a02-8cf1-3f29534db63a",
              "parentUUID": "223141cc-03c9-42be-b8c9-0dec4a486ac3",
              "isHook": false,
              "skipped": false
            },
            {
              "title": "Verifica se após selecionar uma outra cor na paleta, é possível pintar os pixels com essa cor",
              "fullTitle": "8 - Clicar em um pixel dentro do quadro após selecionar uma cor na paleta, faz com que o pixel seja preenchido com a cor selecionada. Verifica se após selecionar uma outra cor na paleta, é possível pintar os pixels com essa cor",
              "timedOut": null,
              "duration": 4815,
              "state": "failed",
              "speed": null,
              "pass": false,
              "fail": true,
              "pending": false,
              "context": null,
              "code": "cy.get('.color').each(function (color) {\n  var backgroundColor = color.css('background-color');\n  cy.wrap(color).click();\n  cy.get('.pixel').each(function (pixel) {\n    cy.wrap(pixel).click().should('have.css', 'background-color', backgroundColor);\n  });\n});",
              "err": {
                "message": "CypressError: Timed out retrying: expected '<div.pixel>' to have CSS property 'background-color' with the value 'rgb(0, 0, 0)', but the value was 'rgb(255, 255, 255)'",
                "estack": "CypressError: Timed out retrying: expected '<div.pixel>' to have CSS property 'background-color' with the value 'rgb(0, 0, 0)', but the value was 'rgb(255, 255, 255)'\n    at cypressErr (http://localhost:33423/__cypress/runner/cypress_runner.js:149934:9)\n    at throwErr (http://localhost:33423/__cypress/runner/cypress_runner.js:149867:11)\n    at Object.throwErrByPath (http://localhost:33423/__cypress/runner/cypress_runner.js:149915:3)\n    at retry (http://localhost:33423/__cypress/runner/cypress_runner.js:144197:19)\n    at onFailFn (http://localhost:33423/__cypress/runner/cypress_runner.js:132448:16)\n    at tryCatcher (http://localhost:33423/__cypress/runner/cypress_runner.js:167415:23)\n    at Promise._settlePromiseFromHandler (http://localhost:33423/__cypress/runner/cypress_runner.js:165351:31)\n    at Promise._settlePromise (http://localhost:33423/__cypress/runner/cypress_runner.js:165408:18)\n    at Promise._settlePromise0 (http://localhost:33423/__cypress/runner/cypress_runner.js:165453:10)\n    at Promise._settlePromises (http://localhost:33423/__cypress/runner/cypress_runner.js:165528:18)\n    at Async../node_modules/bluebird/js/release/async.js.Async._drainQueue (http://localhost:33423/__cypress/runner/cypress_runner.js:162140:16)\n    at Async../node_modules/bluebird/js/release/async.js.Async._drainQueues (http://localhost:33423/__cypress/runner/cypress_runner.js:162150:10)\n    at Async.drainQueues (http://localhost:33423/__cypress/runner/cypress_runner.js:162024:14)",
                "diff": null
              },
              "uuid": "3c27f274-07b9-4304-9025-def8e532f720",
              "parentUUID": "223141cc-03c9-42be-b8c9-0dec4a486ac3",
              "isHook": false,
              "skipped": false
            },
            {
              "title": "Verifica se somente o pixel que foi clicado foi preenchido com a cor selecionada, sem influenciar na cor dos demais pixels.",
              "fullTitle": "8 - Clicar em um pixel dentro do quadro após selecionar uma cor na paleta, faz com que o pixel seja preenchido com a cor selecionada. Verifica se somente o pixel que foi clicado foi preenchido com a cor selecionada, sem influenciar na cor dos demais pixels.",
              "timedOut": null,
              "duration": 2686,
              "state": "passed",
              "speed": "slow",
              "pass": true,
              "fail": false,
              "pending": false,
              "context": null,
              "code": "var colorToPixelIndexMap = {\n  0: 6,\n  1: 8,\n  2: 16,\n  3: 18\n};\ncy.get('.color').each(function (color, index) {\n  cy.wrap(color).click();\n  var backgroundColor = color.css('background-color');\n  var clickedPixelIndex = colorToPixelIndexMap[index];\n  cy.get('.pixel').eq(clickedPixelIndex).click();\n  cy.get('.pixel').eq(clickedPixelIndex - 1).should('not.have.css', 'background-color', backgroundColor);\n  cy.get('.pixel').eq(clickedPixelIndex + 1).should('not.have.css', 'background-color', backgroundColor);\n  cy.get('.pixel').eq(clickedPixelIndex - 5).should('not.have.css', 'background-color', backgroundColor);\n  cy.get('.pixel').eq(clickedPixelIndex + 5).should('not.have.css', 'background-color', backgroundColor);\n  cy.get('.pixel').eq(clickedPixelIndex - 6).should('not.have.css', 'background-color', backgroundColor);\n  cy.get('.pixel').eq(clickedPixelIndex - 4).should('not.have.css', 'background-color', backgroundColor);\n  cy.get('.pixel').eq(clickedPixelIndex + 4).should('not.have.css', 'background-color', backgroundColor);\n  cy.get('.pixel').eq(clickedPixelIndex + 6).should('not.have.css', 'background-color', backgroundColor);\n});",
              "err": {},
              "uuid": "9a3ccd51-aaa2-4bf7-90cb-6ac83b7e9dc0",
              "parentUUID": "223141cc-03c9-42be-b8c9-0dec4a486ac3",
              "isHook": false,
              "skipped": false
            }
          ],
          "suites": [],
          "passes": [
            "9a3ccd51-aaa2-4bf7-90cb-6ac83b7e9dc0"
          ],
          "failures": [
            "113f25e2-e123-4a02-8cf1-3f29534db63a",
            "3c27f274-07b9-4304-9025-def8e532f720"
          ],
          "pending": [],
          "skipped": [],
          "duration": 12173,
          "root": false,
          "rootEmpty": false,
          "_timeout": 2000
        },
        {
          "uuid": "7405c123-3a8d-4353-b1ad-04af585b7f07",
          "title": "9 - Crie um botão que, ao ser clicado, limpa o quadro preenchendo a cor de todos seus pixels com branco.",
          "fullFile": "",
          "file": "",
          "beforeHooks": [],
          "afterHooks": [],
          "tests": [
            {
              "title": "Verifica se o botão tem o `id` denominado `clear-board`",
              "fullTitle": "9 - Crie um botão que, ao ser clicado, limpa o quadro preenchendo a cor de todos seus pixels com branco. Verifica se o botão tem o `id` denominado `clear-board`",
              "timedOut": null,
              "duration": 4697,
              "state": "failed",
              "speed": null,
              "pass": false,
              "fail": true,
              "pending": false,
              "context": null,
              "code": "cy.get('#clear-board').should('be.visible');",
              "err": {
                "message": "CypressError: Timed out retrying: Expected to find element: '#clear-board', but never found it.",
                "estack": "CypressError: Timed out retrying: Expected to find element: '#clear-board', but never found it.\n    at cypressErr (http://localhost:33423/__cypress/runner/cypress_runner.js:149934:9)\n    at throwErr (http://localhost:33423/__cypress/runner/cypress_runner.js:149867:11)\n    at Object.throwErrByPath (http://localhost:33423/__cypress/runner/cypress_runner.js:149915:3)\n    at retry (http://localhost:33423/__cypress/runner/cypress_runner.js:144197:19)\n    at onFailFn (http://localhost:33423/__cypress/runner/cypress_runner.js:132448:16)\n    at tryCatcher (http://localhost:33423/__cypress/runner/cypress_runner.js:167415:23)\n    at Promise._settlePromiseFromHandler (http://localhost:33423/__cypress/runner/cypress_runner.js:165351:31)\n    at Promise._settlePromise (http://localhost:33423/__cypress/runner/cypress_runner.js:165408:18)\n    at Promise._settlePromise0 (http://localhost:33423/__cypress/runner/cypress_runner.js:165453:10)\n    at Promise._settlePromises (http://localhost:33423/__cypress/runner/cypress_runner.js:165528:18)\n    at Async../node_modules/bluebird/js/release/async.js.Async._drainQueue (http://localhost:33423/__cypress/runner/cypress_runner.js:162140:16)\n    at Async../node_modules/bluebird/js/release/async.js.Async._drainQueues (http://localhost:33423/__cypress/runner/cypress_runner.js:162150:10)\n    at Async.drainQueues (http://localhost:33423/__cypress/runner/cypress_runner.js:162024:14)",
                "diff": null
              },
              "uuid": "5ccc1e42-4293-4885-b634-3027d86a9c6f",
              "parentUUID": "7405c123-3a8d-4353-b1ad-04af585b7f07",
              "isHook": false,
              "skipped": false
            },
            {
              "title": "Verifica se o botão está posicionado entre a paleta de cores e o quadro de pixels",
              "fullTitle": "9 - Crie um botão que, ao ser clicado, limpa o quadro preenchendo a cor de todos seus pixels com branco. Verifica se o botão está posicionado entre a paleta de cores e o quadro de pixels",
              "timedOut": null,
              "duration": 4825,
              "state": "failed",
              "speed": null,
              "pass": false,
              "fail": true,
              "pending": false,
              "context": null,
              "code": "cy.get('#color-palette').then(function (palette) {\n  cy.get('#clear-board').should('be.belowOf', palette);\n});\ncy.get('#clear-board').then(function (clearBtn) {\n  cy.get('#pixel-board').should('be.belowOf', clearBtn);\n});",
              "err": {
                "message": "CypressError: Timed out retrying: Expected to find element: '#clear-board', but never found it.",
                "estack": "CypressError: Timed out retrying: Expected to find element: '#clear-board', but never found it.\n    at cypressErr (http://localhost:33423/__cypress/runner/cypress_runner.js:149934:9)\n    at throwErr (http://localhost:33423/__cypress/runner/cypress_runner.js:149867:11)\n    at Object.throwErrByPath (http://localhost:33423/__cypress/runner/cypress_runner.js:149915:3)\n    at retry (http://localhost:33423/__cypress/runner/cypress_runner.js:144197:19)\n    at onFailFn (http://localhost:33423/__cypress/runner/cypress_runner.js:132448:16)\n    at tryCatcher (http://localhost:33423/__cypress/runner/cypress_runner.js:167415:23)\n    at Promise._settlePromiseFromHandler (http://localhost:33423/__cypress/runner/cypress_runner.js:165351:31)\n    at Promise._settlePromise (http://localhost:33423/__cypress/runner/cypress_runner.js:165408:18)\n    at Promise._settlePromise0 (http://localhost:33423/__cypress/runner/cypress_runner.js:165453:10)\n    at Promise._settlePromises (http://localhost:33423/__cypress/runner/cypress_runner.js:165528:18)\n    at Async../node_modules/bluebird/js/release/async.js.Async._drainQueue (http://localhost:33423/__cypress/runner/cypress_runner.js:162140:16)\n    at Async../node_modules/bluebird/js/release/async.js.Async._drainQueues (http://localhost:33423/__cypress/runner/cypress_runner.js:162150:10)\n    at Async.drainQueues (http://localhost:33423/__cypress/runner/cypress_runner.js:162024:14)",
                "diff": null
              },
              "uuid": "24217f5e-6d53-447a-afe8-64b4c37f85f9",
              "parentUUID": "7405c123-3a8d-4353-b1ad-04af585b7f07",
              "isHook": false,
              "skipped": false
            },
            {
              "title": "Verifica se o texto do botão é 'Limpar'",
              "fullTitle": "9 - Crie um botão que, ao ser clicado, limpa o quadro preenchendo a cor de todos seus pixels com branco. Verifica se o texto do botão é 'Limpar'",
              "timedOut": null,
              "duration": 5027,
              "state": "failed",
              "speed": null,
              "pass": false,
              "fail": true,
              "pending": false,
              "context": null,
              "code": "cy.get('#clear-board').should('contain.text', 'Limpar');",
              "err": {
                "message": "CypressError: Timed out retrying: Expected to find element: '#clear-board', but never found it.",
                "estack": "CypressError: Timed out retrying: Expected to find element: '#clear-board', but never found it.\n    at cypressErr (http://localhost:33423/__cypress/runner/cypress_runner.js:149934:9)\n    at throwErr (http://localhost:33423/__cypress/runner/cypress_runner.js:149867:11)\n    at Object.throwErrByPath (http://localhost:33423/__cypress/runner/cypress_runner.js:149915:3)\n    at retry (http://localhost:33423/__cypress/runner/cypress_runner.js:144197:19)\n    at onFailFn (http://localhost:33423/__cypress/runner/cypress_runner.js:132448:16)\n    at tryCatcher (http://localhost:33423/__cypress/runner/cypress_runner.js:167415:23)\n    at Promise._settlePromiseFromHandler (http://localhost:33423/__cypress/runner/cypress_runner.js:165351:31)\n    at Promise._settlePromise (http://localhost:33423/__cypress/runner/cypress_runner.js:165408:18)\n    at Promise._settlePromise0 (http://localhost:33423/__cypress/runner/cypress_runner.js:165453:10)\n    at Promise._settlePromises (http://localhost:33423/__cypress/runner/cypress_runner.js:165528:18)\n    at Async../node_modules/bluebird/js/release/async.js.Async._drainQueue (http://localhost:33423/__cypress/runner/cypress_runner.js:162140:16)\n    at Async../node_modules/bluebird/js/release/async.js.Async._drainQueues (http://localhost:33423/__cypress/runner/cypress_runner.js:162150:10)\n    at Async.drainQueues (http://localhost:33423/__cypress/runner/cypress_runner.js:162024:14)",
                "diff": null
              },
              "uuid": "7fcd3e75-d775-47cc-8799-adb0d6a89d4c",
              "parentUUID": "7405c123-3a8d-4353-b1ad-04af585b7f07",
              "isHook": false,
              "skipped": false
            },
            {
              "title": "Verifica se ao clicar no botão, o quadro de pixels é totalmente preenchido de branco",
              "fullTitle": "9 - Crie um botão que, ao ser clicado, limpa o quadro preenchendo a cor de todos seus pixels com branco. Verifica se ao clicar no botão, o quadro de pixels é totalmente preenchido de branco",
              "timedOut": null,
              "duration": 4965,
              "state": "failed",
              "speed": null,
              "pass": false,
              "fail": true,
              "pending": false,
              "context": null,
              "code": "cy.get('.color').eq(1).then(function (color) {\n  var backgroundColor = color.css('background-color');\n  cy.wrap(color).click();\n  cy.get('.pixel').each(function (pixel) {\n    cy.wrap(pixel).click().should('have.css', 'background-color', backgroundColor);\n  });\n});\ncy.get('#clear-board').click();\ncy.get('.pixel').each(function (pixel) {\n  cy.wrap(pixel).should('have.css', 'background-color', WHITE);\n});",
              "err": {
                "message": "CypressError: Timed out retrying: expected '<div.pixel>' to have CSS property 'background-color' with the value 'rgb(255, 0, 0)', but the value was 'rgb(255, 255, 255)'",
                "estack": "CypressError: Timed out retrying: expected '<div.pixel>' to have CSS property 'background-color' with the value 'rgb(255, 0, 0)', but the value was 'rgb(255, 255, 255)'\n    at cypressErr (http://localhost:33423/__cypress/runner/cypress_runner.js:149934:9)\n    at throwErr (http://localhost:33423/__cypress/runner/cypress_runner.js:149867:11)\n    at Object.throwErrByPath (http://localhost:33423/__cypress/runner/cypress_runner.js:149915:3)\n    at retry (http://localhost:33423/__cypress/runner/cypress_runner.js:144197:19)\n    at onFailFn (http://localhost:33423/__cypress/runner/cypress_runner.js:132448:16)\n    at tryCatcher (http://localhost:33423/__cypress/runner/cypress_runner.js:167415:23)\n    at Promise._settlePromiseFromHandler (http://localhost:33423/__cypress/runner/cypress_runner.js:165351:31)\n    at Promise._settlePromise (http://localhost:33423/__cypress/runner/cypress_runner.js:165408:18)\n    at Promise._settlePromise0 (http://localhost:33423/__cypress/runner/cypress_runner.js:165453:10)\n    at Promise._settlePromises (http://localhost:33423/__cypress/runner/cypress_runner.js:165528:18)\n    at Async../node_modules/bluebird/js/release/async.js.Async._drainQueue (http://localhost:33423/__cypress/runner/cypress_runner.js:162140:16)\n    at Async../node_modules/bluebird/js/release/async.js.Async._drainQueues (http://localhost:33423/__cypress/runner/cypress_runner.js:162150:10)\n    at Async.drainQueues (http://localhost:33423/__cypress/runner/cypress_runner.js:162024:14)",
                "diff": null
              },
              "uuid": "8581365d-86de-4235-a45e-86051781a897",
              "parentUUID": "7405c123-3a8d-4353-b1ad-04af585b7f07",
              "isHook": false,
              "skipped": false
            }
          ],
          "suites": [],
          "passes": [],
          "failures": [
            "5ccc1e42-4293-4885-b634-3027d86a9c6f",
            "24217f5e-6d53-447a-afe8-64b4c37f85f9",
            "7fcd3e75-d775-47cc-8799-adb0d6a89d4c",
            "8581365d-86de-4235-a45e-86051781a897"
          ],
          "pending": [],
          "skipped": [],
          "duration": 19514,
          "root": false,
          "rootEmpty": false,
          "_timeout": 2000
        },
        {
          "uuid": "aed0e467-0eb4-400e-bdd6-e36cdb29732c",
          "title": "10 - Faça o quadro de pixels ter seu tamanho definido pelo usuário.",
          "fullFile": "",
          "file": "",
          "beforeHooks": [],
          "afterHooks": [],
          "tests": [
            {
              "title": "Verifica se existe um input com o id `board-size`",
              "fullTitle": "10 - Faça o quadro de pixels ter seu tamanho definido pelo usuário. Verifica se existe um input com o id `board-size`",
              "timedOut": null,
              "duration": 4691,
              "state": "failed",
              "speed": null,
              "pass": false,
              "fail": true,
              "pending": false,
              "context": null,
              "code": "cy.get('#board-size').should('be.visible');",
              "err": {
                "message": "CypressError: Timed out retrying: Expected to find element: '#board-size', but never found it.",
                "estack": "CypressError: Timed out retrying: Expected to find element: '#board-size', but never found it.\n    at cypressErr (http://localhost:33423/__cypress/runner/cypress_runner.js:149934:9)\n    at throwErr (http://localhost:33423/__cypress/runner/cypress_runner.js:149867:11)\n    at Object.throwErrByPath (http://localhost:33423/__cypress/runner/cypress_runner.js:149915:3)\n    at retry (http://localhost:33423/__cypress/runner/cypress_runner.js:144197:19)\n    at onFailFn (http://localhost:33423/__cypress/runner/cypress_runner.js:132448:16)\n    at tryCatcher (http://localhost:33423/__cypress/runner/cypress_runner.js:167415:23)\n    at Promise._settlePromiseFromHandler (http://localhost:33423/__cypress/runner/cypress_runner.js:165351:31)\n    at Promise._settlePromise (http://localhost:33423/__cypress/runner/cypress_runner.js:165408:18)\n    at Promise._settlePromise0 (http://localhost:33423/__cypress/runner/cypress_runner.js:165453:10)\n    at Promise._settlePromises (http://localhost:33423/__cypress/runner/cypress_runner.js:165528:18)\n    at Async../node_modules/bluebird/js/release/async.js.Async._drainQueue (http://localhost:33423/__cypress/runner/cypress_runner.js:162140:16)\n    at Async../node_modules/bluebird/js/release/async.js.Async._drainQueues (http://localhost:33423/__cypress/runner/cypress_runner.js:162150:10)\n    at Async.drainQueues (http://localhost:33423/__cypress/runner/cypress_runner.js:162024:14)",
                "diff": null
              },
              "uuid": "6a404bd8-8c7b-4040-bda7-47b1e162cdfd",
              "parentUUID": "aed0e467-0eb4-400e-bdd6-e36cdb29732c",
              "isHook": false,
              "skipped": false
            },
            {
              "title": "Verifica se existe um botão com o id `generate-board`",
              "fullTitle": "10 - Faça o quadro de pixels ter seu tamanho definido pelo usuário. Verifica se existe um botão com o id `generate-board`",
              "timedOut": null,
              "duration": 4674,
              "state": "failed",
              "speed": null,
              "pass": false,
              "fail": true,
              "pending": false,
              "context": null,
              "code": "cy.get('#generate-board').should('be.visible');",
              "err": {
                "message": "CypressError: Timed out retrying: Expected to find element: '#generate-board', but never found it.",
                "estack": "CypressError: Timed out retrying: Expected to find element: '#generate-board', but never found it.\n    at cypressErr (http://localhost:33423/__cypress/runner/cypress_runner.js:149934:9)\n    at throwErr (http://localhost:33423/__cypress/runner/cypress_runner.js:149867:11)\n    at Object.throwErrByPath (http://localhost:33423/__cypress/runner/cypress_runner.js:149915:3)\n    at retry (http://localhost:33423/__cypress/runner/cypress_runner.js:144197:19)\n    at onFailFn (http://localhost:33423/__cypress/runner/cypress_runner.js:132448:16)\n    at tryCatcher (http://localhost:33423/__cypress/runner/cypress_runner.js:167415:23)\n    at Promise._settlePromiseFromHandler (http://localhost:33423/__cypress/runner/cypress_runner.js:165351:31)\n    at Promise._settlePromise (http://localhost:33423/__cypress/runner/cypress_runner.js:165408:18)\n    at Promise._settlePromise0 (http://localhost:33423/__cypress/runner/cypress_runner.js:165453:10)\n    at Promise._settlePromises (http://localhost:33423/__cypress/runner/cypress_runner.js:165528:18)\n    at Async../node_modules/bluebird/js/release/async.js.Async._drainQueue (http://localhost:33423/__cypress/runner/cypress_runner.js:162140:16)\n    at Async../node_modules/bluebird/js/release/async.js.Async._drainQueues (http://localhost:33423/__cypress/runner/cypress_runner.js:162150:10)\n    at Async.drainQueues (http://localhost:33423/__cypress/runner/cypress_runner.js:162024:14)",
                "diff": null
              },
              "uuid": "9f0df2db-a28d-4718-95bc-dd514f1ea523",
              "parentUUID": "aed0e467-0eb4-400e-bdd6-e36cdb29732c",
              "isHook": false,
              "skipped": false
            },
            {
              "title": "Verifica se o input só aceita número maiores que zero. Essa restrição deve ser feita usando os atributos do elemento `input`",
              "fullTitle": "10 - Faça o quadro de pixels ter seu tamanho definido pelo usuário. Verifica se o input só aceita número maiores que zero. Essa restrição deve ser feita usando os atributos do elemento `input`",
              "timedOut": null,
              "duration": 4709,
              "state": "failed",
              "speed": null,
              "pass": false,
              "fail": true,
              "pending": false,
              "context": null,
              "code": "cy.get('#board-size[type=\\'number\\'][min=\\'1\\']');",
              "err": {
                "message": "CypressError: Timed out retrying: Expected to find element: '#board-size[type='number'][min='1']', but never found it.",
                "estack": "CypressError: Timed out retrying: Expected to find element: '#board-size[type='number'][min='1']', but never found it.\n    at cypressErr (http://localhost:33423/__cypress/runner/cypress_runner.js:149934:9)\n    at throwErr (http://localhost:33423/__cypress/runner/cypress_runner.js:149867:11)\n    at Object.throwErrByPath (http://localhost:33423/__cypress/runner/cypress_runner.js:149915:3)\n    at retry (http://localhost:33423/__cypress/runner/cypress_runner.js:144197:19)\n    at onFailFn (http://localhost:33423/__cypress/runner/cypress_runner.js:132448:16)\n    at tryCatcher (http://localhost:33423/__cypress/runner/cypress_runner.js:167415:23)\n    at Promise._settlePromiseFromHandler (http://localhost:33423/__cypress/runner/cypress_runner.js:165351:31)\n    at Promise._settlePromise (http://localhost:33423/__cypress/runner/cypress_runner.js:165408:18)\n    at Promise._settlePromise0 (http://localhost:33423/__cypress/runner/cypress_runner.js:165453:10)\n    at Promise._settlePromises (http://localhost:33423/__cypress/runner/cypress_runner.js:165528:18)\n    at Async../node_modules/bluebird/js/release/async.js.Async._drainQueue (http://localhost:33423/__cypress/runner/cypress_runner.js:162140:16)\n    at Async../node_modules/bluebird/js/release/async.js.Async._drainQueues (http://localhost:33423/__cypress/runner/cypress_runner.js:162150:10)\n    at Async.drainQueues (http://localhost:33423/__cypress/runner/cypress_runner.js:162024:14)",
                "diff": null
              },
              "uuid": "a407e636-727e-4170-883e-902c919e36ac",
              "parentUUID": "aed0e467-0eb4-400e-bdd6-e36cdb29732c",
              "isHook": false,
              "skipped": false
            },
            {
              "title": "Verifica se o botão contém o texto 'VQV'",
              "fullTitle": "10 - Faça o quadro de pixels ter seu tamanho definido pelo usuário. Verifica se o botão contém o texto 'VQV'",
              "timedOut": null,
              "duration": 4578,
              "state": "failed",
              "speed": null,
              "pass": false,
              "fail": true,
              "pending": false,
              "context": null,
              "code": "cy.get('#generate-board').contains(/vqv/i);",
              "err": {
                "message": "CypressError: Timed out retrying: Expected to find element: '#generate-board', but never found it.",
                "estack": "CypressError: Timed out retrying: Expected to find element: '#generate-board', but never found it.\n    at cypressErr (http://localhost:33423/__cypress/runner/cypress_runner.js:149934:9)\n    at throwErr (http://localhost:33423/__cypress/runner/cypress_runner.js:149867:11)\n    at Object.throwErrByPath (http://localhost:33423/__cypress/runner/cypress_runner.js:149915:3)\n    at retry (http://localhost:33423/__cypress/runner/cypress_runner.js:144197:19)\n    at onFailFn (http://localhost:33423/__cypress/runner/cypress_runner.js:132448:16)\n    at tryCatcher (http://localhost:33423/__cypress/runner/cypress_runner.js:167415:23)\n    at Promise._settlePromiseFromHandler (http://localhost:33423/__cypress/runner/cypress_runner.js:165351:31)\n    at Promise._settlePromise (http://localhost:33423/__cypress/runner/cypress_runner.js:165408:18)\n    at Promise._settlePromise0 (http://localhost:33423/__cypress/runner/cypress_runner.js:165453:10)\n    at Promise._settlePromises (http://localhost:33423/__cypress/runner/cypress_runner.js:165528:18)\n    at Async../node_modules/bluebird/js/release/async.js.Async._drainQueue (http://localhost:33423/__cypress/runner/cypress_runner.js:162140:16)\n    at Async../node_modules/bluebird/js/release/async.js.Async._drainQueues (http://localhost:33423/__cypress/runner/cypress_runner.js:162150:10)\n    at Async.drainQueues (http://localhost:33423/__cypress/runner/cypress_runner.js:162024:14)",
                "diff": null
              },
              "uuid": "76302eae-d342-4bb1-97ec-73ae879acfbb",
              "parentUUID": "aed0e467-0eb4-400e-bdd6-e36cdb29732c",
              "isHook": false,
              "skipped": false
            },
            {
              "title": "Verifica se o input está posicionado entre a paleta de cores e o quadro de pixels",
              "fullTitle": "10 - Faça o quadro de pixels ter seu tamanho definido pelo usuário. Verifica se o input está posicionado entre a paleta de cores e o quadro de pixels",
              "timedOut": null,
              "duration": 4842,
              "state": "failed",
              "speed": null,
              "pass": false,
              "fail": true,
              "pending": false,
              "context": null,
              "code": "cy.get('#color-palette').then(function (palette) {\n  cy.get('#board-size').should('be.belowOf', palette);\n});\ncy.get('#board-size').then(function (palette) {\n  cy.get('#pixel-board').should('be.belowOf', palette);\n});",
              "err": {
                "message": "CypressError: Timed out retrying: Expected to find element: '#board-size', but never found it.",
                "estack": "CypressError: Timed out retrying: Expected to find element: '#board-size', but never found it.\n    at cypressErr (http://localhost:33423/__cypress/runner/cypress_runner.js:149934:9)\n    at throwErr (http://localhost:33423/__cypress/runner/cypress_runner.js:149867:11)\n    at Object.throwErrByPath (http://localhost:33423/__cypress/runner/cypress_runner.js:149915:3)\n    at retry (http://localhost:33423/__cypress/runner/cypress_runner.js:144197:19)\n    at onFailFn (http://localhost:33423/__cypress/runner/cypress_runner.js:132448:16)\n    at tryCatcher (http://localhost:33423/__cypress/runner/cypress_runner.js:167415:23)\n    at Promise._settlePromiseFromHandler (http://localhost:33423/__cypress/runner/cypress_runner.js:165351:31)\n    at Promise._settlePromise (http://localhost:33423/__cypress/runner/cypress_runner.js:165408:18)\n    at Promise._settlePromise0 (http://localhost:33423/__cypress/runner/cypress_runner.js:165453:10)\n    at Promise._settlePromises (http://localhost:33423/__cypress/runner/cypress_runner.js:165528:18)\n    at Async../node_modules/bluebird/js/release/async.js.Async._drainQueue (http://localhost:33423/__cypress/runner/cypress_runner.js:162140:16)\n    at Async../node_modules/bluebird/js/release/async.js.Async._drainQueues (http://localhost:33423/__cypress/runner/cypress_runner.js:162150:10)\n    at Async.drainQueues (http://localhost:33423/__cypress/runner/cypress_runner.js:162024:14)",
                "diff": null
              },
              "uuid": "0fb11441-7246-4a88-8b0d-8802c20e9f4c",
              "parentUUID": "aed0e467-0eb4-400e-bdd6-e36cdb29732c",
              "isHook": false,
              "skipped": false
            },
            {
              "title": "Verifica se o botão está posicionado ao lado do input",
              "fullTitle": "10 - Faça o quadro de pixels ter seu tamanho definido pelo usuário. Verifica se o botão está posicionado ao lado do input",
              "timedOut": null,
              "duration": 4783,
              "state": "failed",
              "speed": null,
              "pass": false,
              "fail": true,
              "pending": false,
              "context": null,
              "code": "cy.get('#board-size').then(function (board) {\n  cy.get('#generate-board').should('be.onTheRightOf', board);\n});",
              "err": {
                "message": "CypressError: Timed out retrying: Expected to find element: '#board-size', but never found it.",
                "estack": "CypressError: Timed out retrying: Expected to find element: '#board-size', but never found it.\n    at cypressErr (http://localhost:33423/__cypress/runner/cypress_runner.js:149934:9)\n    at throwErr (http://localhost:33423/__cypress/runner/cypress_runner.js:149867:11)\n    at Object.throwErrByPath (http://localhost:33423/__cypress/runner/cypress_runner.js:149915:3)\n    at retry (http://localhost:33423/__cypress/runner/cypress_runner.js:144197:19)\n    at onFailFn (http://localhost:33423/__cypress/runner/cypress_runner.js:132448:16)\n    at tryCatcher (http://localhost:33423/__cypress/runner/cypress_runner.js:167415:23)\n    at Promise._settlePromiseFromHandler (http://localhost:33423/__cypress/runner/cypress_runner.js:165351:31)\n    at Promise._settlePromise (http://localhost:33423/__cypress/runner/cypress_runner.js:165408:18)\n    at Promise._settlePromise0 (http://localhost:33423/__cypress/runner/cypress_runner.js:165453:10)\n    at Promise._settlePromises (http://localhost:33423/__cypress/runner/cypress_runner.js:165528:18)\n    at Async../node_modules/bluebird/js/release/async.js.Async._drainQueue (http://localhost:33423/__cypress/runner/cypress_runner.js:162140:16)\n    at Async../node_modules/bluebird/js/release/async.js.Async._drainQueues (http://localhost:33423/__cypress/runner/cypress_runner.js:162150:10)\n    at Async.drainQueues (http://localhost:33423/__cypress/runner/cypress_runner.js:162024:14)",
                "diff": null
              },
              "uuid": "5d7b2198-372c-4ba6-862a-e67e1587f269",
              "parentUUID": "aed0e467-0eb4-400e-bdd6-e36cdb29732c",
              "isHook": false,
              "skipped": false
            },
            {
              "title": "Verifica se nenhum valor for colocado no input ao clicar no botão, um `alert` é exibido com o texto: 'Board inválido!'",
              "fullTitle": "10 - Faça o quadro de pixels ter seu tamanho definido pelo usuário. Verifica se nenhum valor for colocado no input ao clicar no botão, um `alert` é exibido com o texto: 'Board inválido!'",
              "timedOut": null,
              "duration": 4903,
              "state": "failed",
              "speed": null,
              "pass": false,
              "fail": true,
              "pending": false,
              "context": null,
              "code": "var alerted = false;\ncy.on('window:alert', function (msg) {\n  return alerted = msg;\n});\ncy.get('#generate-board').click().then(function () {\n  return expect(alerted).to.match(/Board inválido!/i);\n});",
              "err": {
                "message": "CypressError: Timed out retrying: Expected to find element: '#generate-board', but never found it.",
                "estack": "CypressError: Timed out retrying: Expected to find element: '#generate-board', but never found it.\n    at cypressErr (http://localhost:33423/__cypress/runner/cypress_runner.js:149934:9)\n    at throwErr (http://localhost:33423/__cypress/runner/cypress_runner.js:149867:11)\n    at Object.throwErrByPath (http://localhost:33423/__cypress/runner/cypress_runner.js:149915:3)\n    at retry (http://localhost:33423/__cypress/runner/cypress_runner.js:144197:19)\n    at onFailFn (http://localhost:33423/__cypress/runner/cypress_runner.js:132448:16)\n    at tryCatcher (http://localhost:33423/__cypress/runner/cypress_runner.js:167415:23)\n    at Promise._settlePromiseFromHandler (http://localhost:33423/__cypress/runner/cypress_runner.js:165351:31)\n    at Promise._settlePromise (http://localhost:33423/__cypress/runner/cypress_runner.js:165408:18)\n    at Promise._settlePromise0 (http://localhost:33423/__cypress/runner/cypress_runner.js:165453:10)\n    at Promise._settlePromises (http://localhost:33423/__cypress/runner/cypress_runner.js:165528:18)\n    at Async../node_modules/bluebird/js/release/async.js.Async._drainQueue (http://localhost:33423/__cypress/runner/cypress_runner.js:162140:16)\n    at Async../node_modules/bluebird/js/release/async.js.Async._drainQueues (http://localhost:33423/__cypress/runner/cypress_runner.js:162150:10)\n    at Async.drainQueues (http://localhost:33423/__cypress/runner/cypress_runner.js:162024:14)",
                "diff": null
              },
              "uuid": "06514618-20fe-4d99-b246-54a122821a31",
              "parentUUID": "aed0e467-0eb4-400e-bdd6-e36cdb29732c",
              "isHook": false,
              "skipped": false
            },
            {
              "title": "Verifica se ao clicar no botão com um valor preenchido, o tamanho do board muda.",
              "fullTitle": "10 - Faça o quadro de pixels ter seu tamanho definido pelo usuário. Verifica se ao clicar no botão com um valor preenchido, o tamanho do board muda.",
              "timedOut": null,
              "duration": 4629,
              "state": "failed",
              "speed": null,
              "pass": false,
              "fail": true,
              "pending": false,
              "context": null,
              "code": "cy.get('#board-size').clear().type(10);\ncy.get('#generate-board').click();\ncy.get('.pixel').should('have.length', 100);",
              "err": {
                "message": "CypressError: Timed out retrying: Expected to find element: '#board-size', but never found it.",
                "estack": "CypressError: Timed out retrying: Expected to find element: '#board-size', but never found it.\n    at cypressErr (http://localhost:33423/__cypress/runner/cypress_runner.js:149934:9)\n    at throwErr (http://localhost:33423/__cypress/runner/cypress_runner.js:149867:11)\n    at Object.throwErrByPath (http://localhost:33423/__cypress/runner/cypress_runner.js:149915:3)\n    at retry (http://localhost:33423/__cypress/runner/cypress_runner.js:144197:19)\n    at onFailFn (http://localhost:33423/__cypress/runner/cypress_runner.js:132448:16)\n    at tryCatcher (http://localhost:33423/__cypress/runner/cypress_runner.js:167415:23)\n    at Promise._settlePromiseFromHandler (http://localhost:33423/__cypress/runner/cypress_runner.js:165351:31)\n    at Promise._settlePromise (http://localhost:33423/__cypress/runner/cypress_runner.js:165408:18)\n    at Promise._settlePromise0 (http://localhost:33423/__cypress/runner/cypress_runner.js:165453:10)\n    at Promise._settlePromises (http://localhost:33423/__cypress/runner/cypress_runner.js:165528:18)\n    at Async../node_modules/bluebird/js/release/async.js.Async._drainQueue (http://localhost:33423/__cypress/runner/cypress_runner.js:162140:16)\n    at Async../node_modules/bluebird/js/release/async.js.Async._drainQueues (http://localhost:33423/__cypress/runner/cypress_runner.js:162150:10)\n    at Async.drainQueues (http://localhost:33423/__cypress/runner/cypress_runner.js:162024:14)",
                "diff": null
              },
              "uuid": "4c99de97-75c4-43f6-b931-11fd4f23c996",
              "parentUUID": "aed0e467-0eb4-400e-bdd6-e36cdb29732c",
              "isHook": false,
              "skipped": false
            },
            {
              "title": "Verifica se o novo quadro tem todos os pixels preenchidos com a cor branca",
              "fullTitle": "10 - Faça o quadro de pixels ter seu tamanho definido pelo usuário. Verifica se o novo quadro tem todos os pixels preenchidos com a cor branca",
              "timedOut": null,
              "duration": 4605,
              "state": "failed",
              "speed": null,
              "pass": false,
              "fail": true,
              "pending": false,
              "context": null,
              "code": "cy.get('#board-size').clear().type(6);\ncy.get('#generate-board').click();\ncy.get('.pixel').should('have.length', 36).each(function (pixel) {\n  expect(pixel).to.have.css('background-color', WHITE);\n});",
              "err": {
                "message": "CypressError: Timed out retrying: Expected to find element: '#board-size', but never found it.",
                "estack": "CypressError: Timed out retrying: Expected to find element: '#board-size', but never found it.\n    at cypressErr (http://localhost:33423/__cypress/runner/cypress_runner.js:149934:9)\n    at throwErr (http://localhost:33423/__cypress/runner/cypress_runner.js:149867:11)\n    at Object.throwErrByPath (http://localhost:33423/__cypress/runner/cypress_runner.js:149915:3)\n    at retry (http://localhost:33423/__cypress/runner/cypress_runner.js:144197:19)\n    at onFailFn (http://localhost:33423/__cypress/runner/cypress_runner.js:132448:16)\n    at tryCatcher (http://localhost:33423/__cypress/runner/cypress_runner.js:167415:23)\n    at Promise._settlePromiseFromHandler (http://localhost:33423/__cypress/runner/cypress_runner.js:165351:31)\n    at Promise._settlePromise (http://localhost:33423/__cypress/runner/cypress_runner.js:165408:18)\n    at Promise._settlePromise0 (http://localhost:33423/__cypress/runner/cypress_runner.js:165453:10)\n    at Promise._settlePromises (http://localhost:33423/__cypress/runner/cypress_runner.js:165528:18)\n    at Async../node_modules/bluebird/js/release/async.js.Async._drainQueue (http://localhost:33423/__cypress/runner/cypress_runner.js:162140:16)\n    at Async../node_modules/bluebird/js/release/async.js.Async._drainQueues (http://localhost:33423/__cypress/runner/cypress_runner.js:162150:10)\n    at Async.drainQueues (http://localhost:33423/__cypress/runner/cypress_runner.js:162024:14)",
                "diff": null
              },
              "uuid": "9de44530-ccd7-4dfa-8a0b-520f6065207f",
              "parentUUID": "aed0e467-0eb4-400e-bdd6-e36cdb29732c",
              "isHook": false,
              "skipped": false
            }
          ],
          "suites": [],
          "passes": [],
          "failures": [
            "6a404bd8-8c7b-4040-bda7-47b1e162cdfd",
            "9f0df2db-a28d-4718-95bc-dd514f1ea523",
            "a407e636-727e-4170-883e-902c919e36ac",
            "76302eae-d342-4bb1-97ec-73ae879acfbb",
            "0fb11441-7246-4a88-8b0d-8802c20e9f4c",
            "5d7b2198-372c-4ba6-862a-e67e1587f269",
            "06514618-20fe-4d99-b246-54a122821a31",
            "4c99de97-75c4-43f6-b931-11fd4f23c996",
            "9de44530-ccd7-4dfa-8a0b-520f6065207f"
          ],
          "pending": [],
          "skipped": [],
          "duration": 42414,
          "root": false,
          "rootEmpty": false,
          "_timeout": 2000
        },
        {
          "uuid": "e80e367a-556d-4f83-a587-c83a4f150248",
          "title": "11 - Limite o tamanho mínimo e máximo do board.",
          "fullFile": "",
          "file": "",
          "beforeHooks": [],
          "afterHooks": [],
          "tests": [
            {
              "title": "Verifica se a altura máxima do board é 50",
              "fullTitle": "11 - Limite o tamanho mínimo e máximo do board. Verifica se a altura máxima do board é 50",
              "timedOut": null,
              "duration": 4817,
              "state": "failed",
              "speed": null,
              "pass": false,
              "fail": true,
              "pending": false,
              "context": null,
              "code": "cy.get('#board-size').clear().type(50);\ncy.get('#generate-board').click();\ncy.get('.pixel').should('have.length', 2500);",
              "err": {
                "message": "CypressError: Timed out retrying: Expected to find element: '#board-size', but never found it.",
                "estack": "CypressError: Timed out retrying: Expected to find element: '#board-size', but never found it.\n    at cypressErr (http://localhost:33423/__cypress/runner/cypress_runner.js:149934:9)\n    at throwErr (http://localhost:33423/__cypress/runner/cypress_runner.js:149867:11)\n    at Object.throwErrByPath (http://localhost:33423/__cypress/runner/cypress_runner.js:149915:3)\n    at retry (http://localhost:33423/__cypress/runner/cypress_runner.js:144197:19)\n    at onFailFn (http://localhost:33423/__cypress/runner/cypress_runner.js:132448:16)\n    at tryCatcher (http://localhost:33423/__cypress/runner/cypress_runner.js:167415:23)\n    at Promise._settlePromiseFromHandler (http://localhost:33423/__cypress/runner/cypress_runner.js:165351:31)\n    at Promise._settlePromise (http://localhost:33423/__cypress/runner/cypress_runner.js:165408:18)\n    at Promise._settlePromise0 (http://localhost:33423/__cypress/runner/cypress_runner.js:165453:10)\n    at Promise._settlePromises (http://localhost:33423/__cypress/runner/cypress_runner.js:165528:18)\n    at Async../node_modules/bluebird/js/release/async.js.Async._drainQueue (http://localhost:33423/__cypress/runner/cypress_runner.js:162140:16)\n    at Async../node_modules/bluebird/js/release/async.js.Async._drainQueues (http://localhost:33423/__cypress/runner/cypress_runner.js:162150:10)\n    at Async.drainQueues (http://localhost:33423/__cypress/runner/cypress_runner.js:162024:14)",
                "diff": null
              },
              "uuid": "937b3372-becb-472a-beee-56328046f1f9",
              "parentUUID": "e80e367a-556d-4f83-a587-c83a4f150248",
              "isHook": false,
              "skipped": false
            },
            {
              "title": "Verifica se a altura do board é 5 quando um valor menor é colocado no input",
              "fullTitle": "11 - Limite o tamanho mínimo e máximo do board. Verifica se a altura do board é 5 quando um valor menor é colocado no input",
              "timedOut": null,
              "duration": 4801,
              "state": "failed",
              "speed": null,
              "pass": false,
              "fail": true,
              "pending": false,
              "context": null,
              "code": "cy.get('#board-size').clear().type(4);\ncy.get('#generate-board').click();\ncy.get('.pixel').should('have.length', 25);",
              "err": {
                "message": "CypressError: Timed out retrying: Expected to find element: '#board-size', but never found it.",
                "estack": "CypressError: Timed out retrying: Expected to find element: '#board-size', but never found it.\n    at cypressErr (http://localhost:33423/__cypress/runner/cypress_runner.js:149934:9)\n    at throwErr (http://localhost:33423/__cypress/runner/cypress_runner.js:149867:11)\n    at Object.throwErrByPath (http://localhost:33423/__cypress/runner/cypress_runner.js:149915:3)\n    at retry (http://localhost:33423/__cypress/runner/cypress_runner.js:144197:19)\n    at onFailFn (http://localhost:33423/__cypress/runner/cypress_runner.js:132448:16)\n    at tryCatcher (http://localhost:33423/__cypress/runner/cypress_runner.js:167415:23)\n    at Promise._settlePromiseFromHandler (http://localhost:33423/__cypress/runner/cypress_runner.js:165351:31)\n    at Promise._settlePromise (http://localhost:33423/__cypress/runner/cypress_runner.js:165408:18)\n    at Promise._settlePromise0 (http://localhost:33423/__cypress/runner/cypress_runner.js:165453:10)\n    at Promise._settlePromises (http://localhost:33423/__cypress/runner/cypress_runner.js:165528:18)\n    at Async../node_modules/bluebird/js/release/async.js.Async._drainQueue (http://localhost:33423/__cypress/runner/cypress_runner.js:162140:16)\n    at Async../node_modules/bluebird/js/release/async.js.Async._drainQueues (http://localhost:33423/__cypress/runner/cypress_runner.js:162150:10)\n    at Async.drainQueues (http://localhost:33423/__cypress/runner/cypress_runner.js:162024:14)",
                "diff": null
              },
              "uuid": "6d28f6d7-566b-49f8-9678-4c09b6595f39",
              "parentUUID": "e80e367a-556d-4f83-a587-c83a4f150248",
              "isHook": false,
              "skipped": false
            },
            {
              "title": "Verifica se a altura do board é 50 quando um valor maior é colocado no input",
              "fullTitle": "11 - Limite o tamanho mínimo e máximo do board. Verifica se a altura do board é 50 quando um valor maior é colocado no input",
              "timedOut": null,
              "duration": 4868,
              "state": "failed",
              "speed": null,
              "pass": false,
              "fail": true,
              "pending": false,
              "context": null,
              "code": "cy.get('#board-size').clear().type(51);\ncy.get('#generate-board').click();\ncy.get('.pixel').should('have.length', 2500);",
              "err": {
                "message": "CypressError: Timed out retrying: Expected to find element: '#board-size', but never found it.",
                "estack": "CypressError: Timed out retrying: Expected to find element: '#board-size', but never found it.\n    at cypressErr (http://localhost:33423/__cypress/runner/cypress_runner.js:149934:9)\n    at throwErr (http://localhost:33423/__cypress/runner/cypress_runner.js:149867:11)\n    at Object.throwErrByPath (http://localhost:33423/__cypress/runner/cypress_runner.js:149915:3)\n    at retry (http://localhost:33423/__cypress/runner/cypress_runner.js:144197:19)\n    at onFailFn (http://localhost:33423/__cypress/runner/cypress_runner.js:132448:16)\n    at tryCatcher (http://localhost:33423/__cypress/runner/cypress_runner.js:167415:23)\n    at Promise._settlePromiseFromHandler (http://localhost:33423/__cypress/runner/cypress_runner.js:165351:31)\n    at Promise._settlePromise (http://localhost:33423/__cypress/runner/cypress_runner.js:165408:18)\n    at Promise._settlePromise0 (http://localhost:33423/__cypress/runner/cypress_runner.js:165453:10)\n    at Promise._settlePromises (http://localhost:33423/__cypress/runner/cypress_runner.js:165528:18)\n    at Async../node_modules/bluebird/js/release/async.js.Async._drainQueue (http://localhost:33423/__cypress/runner/cypress_runner.js:162140:16)\n    at Async../node_modules/bluebird/js/release/async.js.Async._drainQueues (http://localhost:33423/__cypress/runner/cypress_runner.js:162150:10)\n    at Async.drainQueues (http://localhost:33423/__cypress/runner/cypress_runner.js:162024:14)",
                "diff": null
              },
              "uuid": "a75fae46-df92-4285-8b04-531c244eef18",
              "parentUUID": "e80e367a-556d-4f83-a587-c83a4f150248",
              "isHook": false,
              "skipped": false
            }
          ],
          "suites": [],
          "passes": [],
          "failures": [
            "937b3372-becb-472a-beee-56328046f1f9",
            "6d28f6d7-566b-49f8-9678-4c09b6595f39",
            "a75fae46-df92-4285-8b04-531c244eef18"
          ],
          "pending": [],
          "skipped": [],
          "duration": 14486,
          "root": false,
          "rootEmpty": false,
          "_timeout": 2000
        },
        {
          "uuid": "7aa5226a-bf72-4dcb-9a01-99095dc08e8a",
          "title": "12 - Faça com que as cores da paleta sejam geradas aleatoriamente ao carregar a página.",
          "fullFile": "",
          "file": "",
          "beforeHooks": [],
          "afterHooks": [],
          "tests": [
            {
              "title": "Verifica se as cores geradas na paleta são diferentes a cada carregamento da página",
              "fullTitle": "12 - Faça com que as cores da paleta sejam geradas aleatoriamente ao carregar a página. Verifica se as cores geradas na paleta são diferentes a cada carregamento da página",
              "timedOut": null,
              "duration": 1188,
              "state": "failed",
              "speed": null,
              "pass": false,
              "fail": true,
              "pending": false,
              "context": null,
              "code": "cy.get('.color').then(function (colors) {\n  var currentColors;\n  var previousColors;\n  previousColors = Array.from(colors).map(function (color) {\n    return Cypress.$(color).css('background-color');\n  });\n  for (var i = 0; i < 5; i += 1) {\n    cy.reload();\n    cy.get('.color').then(function (colors) {\n      currentColors = Array.from(colors).map(function (color) {\n        return Cypress.$(color).css('background-color');\n      });\n      expect(currentColors).not.to.deep.equal(previousColors);\n      previousColors = currentColors;\n    });\n  }\n});",
              "err": {
                "message": "AssertionError: expected [ Array(4) ] to not deeply equal [ Array(4) ]",
                "estack": "AssertionError: expected [ Array(4) ] to not deeply equal [ Array(4) ]\n    at getRet (http://localhost:33423/__cypress/runner/cypress_runner.js:136585:16)\n    at tryCatcher (http://localhost:33423/__cypress/runner/cypress_runner.js:167415:23)\n    at Function.Promise.attempt.Promise.try (http://localhost:33423/__cypress/runner/cypress_runner.js:164690:29)\n    at Context.thenFn (http://localhost:33423/__cypress/runner/cypress_runner.js:136599:23)\n    at Context.then (http://localhost:33423/__cypress/runner/cypress_runner.js:136971:21)\n    at Context.<anonymous> (http://localhost:33423/__cypress/runner/cypress_runner.js:148875:21)\n    at http://localhost:33423/__cypress/runner/cypress_runner.js:148351:33\n    at tryCatcher (http://localhost:33423/__cypress/runner/cypress_runner.js:167415:23)\n    at Promise._settlePromiseFromHandler (http://localhost:33423/__cypress/runner/cypress_runner.js:165351:31)\n    at Promise._settlePromise (http://localhost:33423/__cypress/runner/cypress_runner.js:165408:18)\n    at Promise._settlePromiseCtx (http://localhost:33423/__cypress/runner/cypress_runner.js:165445:10)\n    at Async../node_modules/bluebird/js/release/async.js.Async._drainQueue (http://localhost:33423/__cypress/runner/cypress_runner.js:162145:12)\n    at Async../node_modules/bluebird/js/release/async.js.Async._drainQueues (http://localhost:33423/__cypress/runner/cypress_runner.js:162150:10)\n    at Async.drainQueues (http://localhost:33423/__cypress/runner/cypress_runner.js:162024:14)",
                "diff": ""
              },
              "uuid": "dc6f1390-1758-44f1-b3fe-983c7c4872df",
              "parentUUID": "7aa5226a-bf72-4dcb-9a01-99095dc08e8a",
              "isHook": false,
              "skipped": false
            },
            {
              "title": "Verifica se a cor preta ainda está presente e é a primeira na sua paleta de cores",
              "fullTitle": "12 - Faça com que as cores da paleta sejam geradas aleatoriamente ao carregar a página. Verifica se a cor preta ainda está presente e é a primeira na sua paleta de cores",
              "timedOut": null,
              "duration": 904,
              "state": "failed",
              "speed": null,
              "pass": false,
              "fail": true,
              "pending": false,
              "context": null,
              "code": "cy.get('.color').then(function (colors) {\n  var currentColors;\n  var previousColors;\n  previousColors = Array.from(colors).map(function (color) {\n    return Cypress.$(color).css('background-color');\n  });\n  expect(previousColors[0]).to.eq(BLACK);\n  for (var i = 0; i < 5; i += 1) {\n    cy.reload();\n    cy.get('.color').then(function (colors) {\n      currentColors = Array.from(colors).map(function (color) {\n        return Cypress.$(color).css('background-color');\n      });\n      expect(currentColors[0]).to.eq(BLACK);\n      expect(currentColors).not.to.deep.equal(previousColors);\n      previousColors = currentColors;\n    });\n  }\n});",
              "err": {
                "message": "AssertionError: expected [ Array(4) ] to not deeply equal [ Array(4) ]",
                "estack": "AssertionError: expected [ Array(4) ] to not deeply equal [ Array(4) ]\n    at getRet (http://localhost:33423/__cypress/runner/cypress_runner.js:136585:16)\n    at tryCatcher (http://localhost:33423/__cypress/runner/cypress_runner.js:167415:23)\n    at Function.Promise.attempt.Promise.try (http://localhost:33423/__cypress/runner/cypress_runner.js:164690:29)\n    at Context.thenFn (http://localhost:33423/__cypress/runner/cypress_runner.js:136599:23)\n    at Context.then (http://localhost:33423/__cypress/runner/cypress_runner.js:136971:21)\n    at Context.<anonymous> (http://localhost:33423/__cypress/runner/cypress_runner.js:148875:21)\n    at http://localhost:33423/__cypress/runner/cypress_runner.js:148351:33\n    at tryCatcher (http://localhost:33423/__cypress/runner/cypress_runner.js:167415:23)\n    at Promise._settlePromiseFromHandler (http://localhost:33423/__cypress/runner/cypress_runner.js:165351:31)\n    at Promise._settlePromise (http://localhost:33423/__cypress/runner/cypress_runner.js:165408:18)\n    at Promise._settlePromiseCtx (http://localhost:33423/__cypress/runner/cypress_runner.js:165445:10)\n    at Async../node_modules/bluebird/js/release/async.js.Async._drainQueue (http://localhost:33423/__cypress/runner/cypress_runner.js:162145:12)\n    at Async../node_modules/bluebird/js/release/async.js.Async._drainQueues (http://localhost:33423/__cypress/runner/cypress_runner.js:162150:10)\n    at Async.drainQueues (http://localhost:33423/__cypress/runner/cypress_runner.js:162024:14)",
                "diff": ""
              },
              "uuid": "28adc379-5258-43cd-b4ce-94c04c9b0f58",
              "parentUUID": "7aa5226a-bf72-4dcb-9a01-99095dc08e8a",
              "isHook": false,
              "skipped": false
            }
          ],
          "suites": [],
          "passes": [],
          "failures": [
            "dc6f1390-1758-44f1-b3fe-983c7c4872df",
            "28adc379-5258-43cd-b4ce-94c04c9b0f58"
          ],
          "pending": [],
          "skipped": [],
          "duration": 2092,
          "root": false,
          "rootEmpty": false,
          "_timeout": 2000
        }
      ],
      "passes": [],
      "failures": [],
      "pending": [],
      "skipped": [],
      "duration": 0,
      "root": true,
      "rootEmpty": true,
      "_timeout": 2000
    }
  ],
  "meta": {
    "mocha": {
      "version": "7.0.1"
    },
    "mochawesome": {
      "options": {
        "quiet": false,
        "reportFilename": "mochawesome",
        "saveHtml": false,
        "saveJson": true,
        "consoleReporter": "spec",
        "useInlineDiffs": false
      },
      "version": "4.1.0"
    },
    "marge": {
      "options": {
        "id": "default",
        "reportDir": "cypress/reports",
        "overwrite": true,
        "html": false,
        "json": true
      },
      "version": "4.1.0"
    }
  }
}