{
  "stats": {
    "suites": 12,
    "tests": 41,
    "passes": 5,
    "pending": 0,
    "failures": 36,
    "start": "2021-09-10T18:32:08.619Z",
    "end": "2021-09-10T18:34:33.899Z",
    "duration": 145280,
    "testsRegistered": 41,
    "passPercent": 12.195121951219512,
    "pendingPercent": 0,
    "other": 0,
    "hasOther": false,
    "skipped": 0,
    "hasSkipped": false
  },
  "results": [
    {
      "uuid": "52109fe4-d944-4b2d-9293-5bf06d6af851",
      "title": "",
      "fullFile": "cypress/integration/project.spec.js",
      "file": "cypress/integration/project.spec.js",
      "beforeHooks": [],
      "afterHooks": [],
      "tests": [],
      "suites": [
        {
          "uuid": "cbaef630-11ee-449a-b633-8b9005a06804",
          "title": "1 - Adicione à página o título \"Paleta de Cores\".",
          "fullFile": "",
          "file": "",
          "beforeHooks": [],
          "afterHooks": [],
          "tests": [
            {
              "title": "Verifica se contém um elemento `h1` com o id `title` com o título correto",
              "fullTitle": "1 - Adicione à página o título \"Paleta de Cores\". Verifica se contém um elemento `h1` com o id `title` com o título correto",
              "timedOut": null,
              "duration": 165,
              "state": "passed",
              "speed": "slow",
              "pass": true,
              "fail": false,
              "pending": false,
              "context": null,
              "code": "cy.get('h1#title').should('contain.text', 'Paleta de Cores');",
              "err": {},
              "uuid": "753bad78-48c7-4bac-aafa-e153f5284bdd",
              "parentUUID": "cbaef630-11ee-449a-b633-8b9005a06804",
              "isHook": false,
              "skipped": false
            }
          ],
          "suites": [],
          "passes": [
            "753bad78-48c7-4bac-aafa-e153f5284bdd"
          ],
          "failures": [],
          "pending": [],
          "skipped": [],
          "duration": 165,
          "root": false,
          "rootEmpty": false,
          "_timeout": 2000
        },
        {
          "uuid": "78943420-d193-44e1-b87f-a619472e86e2",
          "title": "2 - Adicione à página uma paleta de quatro cores distintas.",
          "fullFile": "",
          "file": "",
          "beforeHooks": [],
          "afterHooks": [],
          "tests": [
            {
              "title": "A paleta de cores deve ser um elemento com `id` denominado `color-palette`",
              "fullTitle": "2 - Adicione à página uma paleta de quatro cores distintas. A paleta de cores deve ser um elemento com `id` denominado `color-palette`",
              "timedOut": null,
              "duration": 4242,
              "state": "failed",
              "speed": null,
              "pass": false,
              "fail": true,
              "pending": false,
              "context": null,
              "code": "cy.get('#color-palette').should('be.visible');\ncy.get('#color-palette').children('.color');",
              "err": {
                "message": "CypressError: Timed out retrying: expected '<section#color-palette>' to be 'visible'\n\nThis element '<section#color-palette>' is not visible because it has an effective width and height of: '1350 x 0' pixels.",
                "estack": "CypressError: Timed out retrying: expected '<section#color-palette>' to be 'visible'\n\nThis element '<section#color-palette>' is not visible because it has an effective width and height of: '1350 x 0' pixels.\n    at cypressErr (http://localhost:32801/__cypress/runner/cypress_runner.js:149934:9)\n    at throwErr (http://localhost:32801/__cypress/runner/cypress_runner.js:149867:11)\n    at Object.throwErrByPath (http://localhost:32801/__cypress/runner/cypress_runner.js:149915:3)\n    at retry (http://localhost:32801/__cypress/runner/cypress_runner.js:144197:19)\n    at onFailFn (http://localhost:32801/__cypress/runner/cypress_runner.js:132448:16)\n    at tryCatcher (http://localhost:32801/__cypress/runner/cypress_runner.js:167415:23)\n    at Promise._settlePromiseFromHandler (http://localhost:32801/__cypress/runner/cypress_runner.js:165351:31)\n    at Promise._settlePromise (http://localhost:32801/__cypress/runner/cypress_runner.js:165408:18)\n    at Promise._settlePromise0 (http://localhost:32801/__cypress/runner/cypress_runner.js:165453:10)\n    at Promise._settlePromises (http://localhost:32801/__cypress/runner/cypress_runner.js:165528:18)\n    at Async../node_modules/bluebird/js/release/async.js.Async._drainQueue (http://localhost:32801/__cypress/runner/cypress_runner.js:162140:16)\n    at Async../node_modules/bluebird/js/release/async.js.Async._drainQueues (http://localhost:32801/__cypress/runner/cypress_runner.js:162150:10)\n    at Async.drainQueues (http://localhost:32801/__cypress/runner/cypress_runner.js:162024:14)",
                "diff": null
              },
              "uuid": "a61c9068-366f-4e09-91ae-57dba96b001e",
              "parentUUID": "78943420-d193-44e1-b87f-a619472e86e2",
              "isHook": false,
              "skipped": false
            },
            {
              "title": "Verifica se cada cor individual da paleta de cores possui a `classe` chamada `color`.",
              "fullTitle": "2 - Adicione à página uma paleta de quatro cores distintas. Verifica se cada cor individual da paleta de cores possui a `classe` chamada `color`.",
              "timedOut": null,
              "duration": 4302,
              "state": "failed",
              "speed": null,
              "pass": false,
              "fail": true,
              "pending": false,
              "context": null,
              "code": "cy.get('.color').should('have.length', 4).then(function (colors) {\n  for (var i = 0; i < colors.length; i++) {\n    cy.wrap(colors[i]).should('be.visible');\n  }\n});",
              "err": {
                "message": "CypressError: Timed out retrying: expected '<div.color>' to be 'visible'\n\nThis element '<div.color>' is not visible because it has an effective width and height of: '1350 x 0' pixels.",
                "estack": "CypressError: Timed out retrying: expected '<div.color>' to be 'visible'\n\nThis element '<div.color>' is not visible because it has an effective width and height of: '1350 x 0' pixels.\n    at cypressErr (http://localhost:32801/__cypress/runner/cypress_runner.js:149934:9)\n    at throwErr (http://localhost:32801/__cypress/runner/cypress_runner.js:149867:11)\n    at Object.throwErrByPath (http://localhost:32801/__cypress/runner/cypress_runner.js:149915:3)\n    at retry (http://localhost:32801/__cypress/runner/cypress_runner.js:144197:19)\n    at onFailFn (http://localhost:32801/__cypress/runner/cypress_runner.js:132448:16)\n    at tryCatcher (http://localhost:32801/__cypress/runner/cypress_runner.js:167415:23)\n    at Promise._settlePromiseFromHandler (http://localhost:32801/__cypress/runner/cypress_runner.js:165351:31)\n    at Promise._settlePromise (http://localhost:32801/__cypress/runner/cypress_runner.js:165408:18)\n    at Promise._settlePromise0 (http://localhost:32801/__cypress/runner/cypress_runner.js:165453:10)\n    at Promise._settlePromises (http://localhost:32801/__cypress/runner/cypress_runner.js:165528:18)\n    at Async../node_modules/bluebird/js/release/async.js.Async._drainQueue (http://localhost:32801/__cypress/runner/cypress_runner.js:162140:16)\n    at Async../node_modules/bluebird/js/release/async.js.Async._drainQueues (http://localhost:32801/__cypress/runner/cypress_runner.js:162150:10)\n    at Async.drainQueues (http://localhost:32801/__cypress/runner/cypress_runner.js:162024:14)",
                "diff": null
              },
              "uuid": "5466763f-6bc1-4399-af27-c3ba0c6b8980",
              "parentUUID": "78943420-d193-44e1-b87f-a619472e86e2",
              "isHook": false,
              "skipped": false
            },
            {
              "title": "Verifica se a cor de fundo de cada elemento da paleta é a cor que o elemento representa. **A única cor não permitida na paleta é a cor branca.**",
              "fullTitle": "2 - Adicione à página uma paleta de quatro cores distintas. Verifica se a cor de fundo de cada elemento da paleta é a cor que o elemento representa. **A única cor não permitida na paleta é a cor branca.**",
              "timedOut": null,
              "duration": 166,
              "state": "passed",
              "speed": "slow",
              "pass": true,
              "fail": false,
              "pending": false,
              "context": null,
              "code": "cy.get('.color').each(function (color) {\n  cy.wrap(color).should('have.class', 'color').and('not.have.css', 'background-color', WHITE);\n  cy.wrap(color).should('have.css', 'background-color');\n});",
              "err": {},
              "uuid": "38677e39-1e5e-4a74-af03-52656a0141d8",
              "parentUUID": "78943420-d193-44e1-b87f-a619472e86e2",
              "isHook": false,
              "skipped": false
            },
            {
              "title": "Verifica se cada elemento da paleta de cores tem uma borda preta, sólida e com 1 pixel de largura;",
              "fullTitle": "2 - Adicione à página uma paleta de quatro cores distintas. Verifica se cada elemento da paleta de cores tem uma borda preta, sólida e com 1 pixel de largura;",
              "timedOut": null,
              "duration": 4264,
              "state": "failed",
              "speed": null,
              "pass": false,
              "fail": true,
              "pending": false,
              "context": null,
              "code": "cy.get('.color').each(function (color) {\n  cy.wrap(color).and('have.css', 'border', \"1px solid \".concat(BLACK)).and('have.class', 'color');\n});",
              "err": {
                "message": "CypressError: Timed out retrying: expected '<div.color>' to have CSS property 'border' with the value '1px solid rgb(0, 0, 0)', but the value was '0px none rgb(0, 0, 0)'",
                "estack": "CypressError: Timed out retrying: expected '<div.color>' to have CSS property 'border' with the value '1px solid rgb(0, 0, 0)', but the value was '0px none rgb(0, 0, 0)'\n    at cypressErr (http://localhost:32801/__cypress/runner/cypress_runner.js:149934:9)\n    at throwErr (http://localhost:32801/__cypress/runner/cypress_runner.js:149867:11)\n    at Object.throwErrByPath (http://localhost:32801/__cypress/runner/cypress_runner.js:149915:3)\n    at retry (http://localhost:32801/__cypress/runner/cypress_runner.js:144197:19)\n    at onFailFn (http://localhost:32801/__cypress/runner/cypress_runner.js:132448:16)\n    at tryCatcher (http://localhost:32801/__cypress/runner/cypress_runner.js:167415:23)\n    at Promise._settlePromiseFromHandler (http://localhost:32801/__cypress/runner/cypress_runner.js:165351:31)\n    at Promise._settlePromise (http://localhost:32801/__cypress/runner/cypress_runner.js:165408:18)\n    at Promise._settlePromise0 (http://localhost:32801/__cypress/runner/cypress_runner.js:165453:10)\n    at Promise._settlePromises (http://localhost:32801/__cypress/runner/cypress_runner.js:165528:18)\n    at Async../node_modules/bluebird/js/release/async.js.Async._drainQueue (http://localhost:32801/__cypress/runner/cypress_runner.js:162140:16)\n    at Async../node_modules/bluebird/js/release/async.js.Async._drainQueues (http://localhost:32801/__cypress/runner/cypress_runner.js:162150:10)\n    at Async.drainQueues (http://localhost:32801/__cypress/runner/cypress_runner.js:162024:14)",
                "diff": null
              },
              "uuid": "14d350e1-55ff-4837-883b-3c24b6d53a4f",
              "parentUUID": "78943420-d193-44e1-b87f-a619472e86e2",
              "isHook": false,
              "skipped": false
            },
            {
              "title": "Verifica se a paleta lista todas as cores disponíveis para utilização, lado a lado.",
              "fullTitle": "2 - Adicione à página uma paleta de quatro cores distintas. Verifica se a paleta lista todas as cores disponíveis para utilização, lado a lado.",
              "timedOut": null,
              "duration": 4294,
              "state": "failed",
              "speed": null,
              "pass": false,
              "fail": true,
              "pending": false,
              "context": null,
              "code": "cy.get('.color').then(function (colors) {\n  for (var index = 1; index < colors.length; index += 1) {\n    var currentColor = colors[index];\n    var previousColor = colors[index - 1];\n    cy.wrap(currentColor).should('be.onTheRightOf', previousColor).and('be.horizontallyAlignedWith', previousColor);\n  }\n});",
              "err": {
                "message": "CypressError: Timed out retrying: expected '<div.color>' to be on the right of <div class=\"color\"></div>",
                "estack": "CypressError: Timed out retrying: expected '<div.color>' to be on the right of <div class=\"color\"></div>\n    at cypressErr (http://localhost:32801/__cypress/runner/cypress_runner.js:149934:9)\n    at throwErr (http://localhost:32801/__cypress/runner/cypress_runner.js:149867:11)\n    at Object.throwErrByPath (http://localhost:32801/__cypress/runner/cypress_runner.js:149915:3)\n    at retry (http://localhost:32801/__cypress/runner/cypress_runner.js:144197:19)\n    at onFailFn (http://localhost:32801/__cypress/runner/cypress_runner.js:132448:16)\n    at tryCatcher (http://localhost:32801/__cypress/runner/cypress_runner.js:167415:23)\n    at Promise._settlePromiseFromHandler (http://localhost:32801/__cypress/runner/cypress_runner.js:165351:31)\n    at Promise._settlePromise (http://localhost:32801/__cypress/runner/cypress_runner.js:165408:18)\n    at Promise._settlePromise0 (http://localhost:32801/__cypress/runner/cypress_runner.js:165453:10)\n    at Promise._settlePromises (http://localhost:32801/__cypress/runner/cypress_runner.js:165528:18)\n    at Async../node_modules/bluebird/js/release/async.js.Async._drainQueue (http://localhost:32801/__cypress/runner/cypress_runner.js:162140:16)\n    at Async../node_modules/bluebird/js/release/async.js.Async._drainQueues (http://localhost:32801/__cypress/runner/cypress_runner.js:162150:10)\n    at Async.drainQueues (http://localhost:32801/__cypress/runner/cypress_runner.js:162024:14)",
                "diff": null
              },
              "uuid": "26b8102b-7790-4439-b864-4099e8b364b9",
              "parentUUID": "78943420-d193-44e1-b87f-a619472e86e2",
              "isHook": false,
              "skipped": false
            },
            {
              "title": "Verifica se a paleta de cores está posicionada abaixo do título 'Paleta de Cores'",
              "fullTitle": "2 - Adicione à página uma paleta de quatro cores distintas. Verifica se a paleta de cores está posicionada abaixo do título 'Paleta de Cores'",
              "timedOut": null,
              "duration": 148,
              "state": "passed",
              "speed": "slow",
              "pass": true,
              "fail": false,
              "pending": false,
              "context": null,
              "code": "cy.get('h1#title').then(function (title) {\n  cy.get('#color-palette').should('be.belowOf', title);\n});",
              "err": {},
              "uuid": "e963c778-223f-4868-af73-bedc9e094c3c",
              "parentUUID": "78943420-d193-44e1-b87f-a619472e86e2",
              "isHook": false,
              "skipped": false
            },
            {
              "title": "Verifica se a paleta de cores não contém cores repetidas.",
              "fullTitle": "2 - Adicione à página uma paleta de quatro cores distintas. Verifica se a paleta de cores não contém cores repetidas.",
              "timedOut": null,
              "duration": 274,
              "state": "failed",
              "speed": null,
              "pass": false,
              "fail": true,
              "pending": false,
              "context": null,
              "code": "cy.get('.color').then(function (colors) {\n  var allColors = Array.from(colors).map(function (color) {\n    return Cypress.$(color).css('background-color');\n  });\n  cy.log(allColors);\n  var uniqColors = (0, _toConsumableArray2[\"default\"])(new Set(allColors));\n  cy.log(uniqColors);\n  expect(allColors.length).to.eq(uniqColors.length);\n});",
              "err": {
                "message": "AssertionError: expected 4 to equal 1",
                "estack": "AssertionError: expected 4 to equal 1\n    at getRet (http://localhost:32801/__cypress/runner/cypress_runner.js:136585:16)\n    at tryCatcher (http://localhost:32801/__cypress/runner/cypress_runner.js:167415:23)\n    at Function.Promise.attempt.Promise.try (http://localhost:32801/__cypress/runner/cypress_runner.js:164690:29)\n    at Context.thenFn (http://localhost:32801/__cypress/runner/cypress_runner.js:136599:23)\n    at Context.then (http://localhost:32801/__cypress/runner/cypress_runner.js:136971:21)\n    at Context.<anonymous> (http://localhost:32801/__cypress/runner/cypress_runner.js:148875:21)\n    at http://localhost:32801/__cypress/runner/cypress_runner.js:148351:33\n    at tryCatcher (http://localhost:32801/__cypress/runner/cypress_runner.js:167415:23)\n    at Promise._settlePromiseFromHandler (http://localhost:32801/__cypress/runner/cypress_runner.js:165351:31)\n    at Promise._settlePromise (http://localhost:32801/__cypress/runner/cypress_runner.js:165408:18)\n    at Promise._settlePromiseCtx (http://localhost:32801/__cypress/runner/cypress_runner.js:165445:10)\n    at Async../node_modules/bluebird/js/release/async.js.Async._drainQueue (http://localhost:32801/__cypress/runner/cypress_runner.js:162145:12)\n    at Async../node_modules/bluebird/js/release/async.js.Async._drainQueues (http://localhost:32801/__cypress/runner/cypress_runner.js:162150:10)\n    at Async.drainQueues (http://localhost:32801/__cypress/runner/cypress_runner.js:162024:14)",
                "diff": "- 4\n+ 1\n"
              },
              "uuid": "7f994350-3422-4e03-a373-f4fe8f2a4854",
              "parentUUID": "78943420-d193-44e1-b87f-a619472e86e2",
              "isHook": false,
              "skipped": false
            }
          ],
          "suites": [],
          "passes": [
            "38677e39-1e5e-4a74-af03-52656a0141d8",
            "e963c778-223f-4868-af73-bedc9e094c3c"
          ],
          "failures": [
            "a61c9068-366f-4e09-91ae-57dba96b001e",
            "5466763f-6bc1-4399-af27-c3ba0c6b8980",
            "14d350e1-55ff-4837-883b-3c24b6d53a4f",
            "26b8102b-7790-4439-b864-4099e8b364b9",
            "7f994350-3422-4e03-a373-f4fe8f2a4854"
          ],
          "pending": [],
          "skipped": [],
          "duration": 17690,
          "root": false,
          "rootEmpty": false,
          "_timeout": 2000
        },
        {
          "uuid": "05a0e86d-bedd-491b-85c8-06b3ffa1e917",
          "title": "3 - Adicione a cor **preta** como a primeira cor da paleta de cores.",
          "fullFile": "",
          "file": "",
          "beforeHooks": [],
          "afterHooks": [],
          "tests": [
            {
              "title": "Verifica se a primeira cor da paleta é preta",
              "fullTitle": "3 - Adicione a cor **preta** como a primeira cor da paleta de cores. Verifica se a primeira cor da paleta é preta",
              "timedOut": null,
              "duration": 4236,
              "state": "failed",
              "speed": null,
              "pass": false,
              "fail": true,
              "pending": false,
              "context": null,
              "code": "cy.get('.color').first().should('have.css', 'background-color', BLACK);",
              "err": {
                "message": "CypressError: Timed out retrying: expected '<div.color>' to have CSS property 'background-color' with the value 'rgb(0, 0, 0)', but the value was 'rgba(0, 0, 0, 0)'",
                "estack": "CypressError: Timed out retrying: expected '<div.color>' to have CSS property 'background-color' with the value 'rgb(0, 0, 0)', but the value was 'rgba(0, 0, 0, 0)'\n    at cypressErr (http://localhost:32801/__cypress/runner/cypress_runner.js:149934:9)\n    at throwErr (http://localhost:32801/__cypress/runner/cypress_runner.js:149867:11)\n    at Object.throwErrByPath (http://localhost:32801/__cypress/runner/cypress_runner.js:149915:3)\n    at retry (http://localhost:32801/__cypress/runner/cypress_runner.js:144197:19)\n    at onFailFn (http://localhost:32801/__cypress/runner/cypress_runner.js:132448:16)\n    at tryCatcher (http://localhost:32801/__cypress/runner/cypress_runner.js:167415:23)\n    at Promise._settlePromiseFromHandler (http://localhost:32801/__cypress/runner/cypress_runner.js:165351:31)\n    at Promise._settlePromise (http://localhost:32801/__cypress/runner/cypress_runner.js:165408:18)\n    at Promise._settlePromise0 (http://localhost:32801/__cypress/runner/cypress_runner.js:165453:10)\n    at Promise._settlePromises (http://localhost:32801/__cypress/runner/cypress_runner.js:165528:18)\n    at Async../node_modules/bluebird/js/release/async.js.Async._drainQueue (http://localhost:32801/__cypress/runner/cypress_runner.js:162140:16)\n    at Async../node_modules/bluebird/js/release/async.js.Async._drainQueues (http://localhost:32801/__cypress/runner/cypress_runner.js:162150:10)\n    at Async.drainQueues (http://localhost:32801/__cypress/runner/cypress_runner.js:162024:14)",
                "diff": null
              },
              "uuid": "fc2c8624-18a3-40ff-9590-2164fdcbb8cb",
              "parentUUID": "05a0e86d-bedd-491b-85c8-06b3ffa1e917",
              "isHook": false,
              "skipped": false
            },
            {
              "title": "Verifica se as demais cores podem ser escolhidas livremente.",
              "fullTitle": "3 - Adicione a cor **preta** como a primeira cor da paleta de cores. Verifica se as demais cores podem ser escolhidas livremente.",
              "timedOut": null,
              "duration": 4286,
              "state": "failed",
              "speed": null,
              "pass": false,
              "fail": true,
              "pending": false,
              "context": null,
              "code": "cy.get('.color').eq(1).should('not.have.css', 'background-color', BLACK);\ncy.get('.color').eq(1).should('not.have.css', 'background-color', WHITE);\ncy.get('.color').eq(1).should('not.have.css', 'background-color', 'rgba(0, 0, 0, 0)');\ncy.get('.color').eq(1).should('have.css', 'background-color');\ncy.get('.color').eq(2).should('not.have.css', 'background-color', BLACK);\ncy.get('.color').eq(2).should('not.have.css', 'background-color', WHITE);\ncy.get('.color').eq(2).should('not.have.css', 'background-color', 'rgba(0, 0, 0, 0)');\ncy.get('.color').eq(2).should('have.css', 'background-color');\ncy.get('.color').eq(3).should('not.have.css', 'background-color', BLACK);\ncy.get('.color').eq(3).should('not.have.css', 'background-color', WHITE);\ncy.get('.color').eq(3).should('not.have.css', 'background-color', 'rgba(0, 0, 0, 0)');\ncy.get('.color').eq(3).should('have.css', 'background-color');",
              "err": {
                "message": "CypressError: Timed out retrying: expected '<div.color>' not to have CSS property 'background-color' with the value 'rgba(0, 0, 0, 0)', but the value was 'rgba(0, 0, 0, 0)'",
                "estack": "CypressError: Timed out retrying: expected '<div.color>' not to have CSS property 'background-color' with the value 'rgba(0, 0, 0, 0)', but the value was 'rgba(0, 0, 0, 0)'\n    at cypressErr (http://localhost:32801/__cypress/runner/cypress_runner.js:149934:9)\n    at throwErr (http://localhost:32801/__cypress/runner/cypress_runner.js:149867:11)\n    at Object.throwErrByPath (http://localhost:32801/__cypress/runner/cypress_runner.js:149915:3)\n    at retry (http://localhost:32801/__cypress/runner/cypress_runner.js:144197:19)\n    at onFailFn (http://localhost:32801/__cypress/runner/cypress_runner.js:132448:16)\n    at tryCatcher (http://localhost:32801/__cypress/runner/cypress_runner.js:167415:23)\n    at Promise._settlePromiseFromHandler (http://localhost:32801/__cypress/runner/cypress_runner.js:165351:31)\n    at Promise._settlePromise (http://localhost:32801/__cypress/runner/cypress_runner.js:165408:18)\n    at Promise._settlePromise0 (http://localhost:32801/__cypress/runner/cypress_runner.js:165453:10)\n    at Promise._settlePromises (http://localhost:32801/__cypress/runner/cypress_runner.js:165528:18)\n    at Async../node_modules/bluebird/js/release/async.js.Async._drainQueue (http://localhost:32801/__cypress/runner/cypress_runner.js:162140:16)\n    at Async../node_modules/bluebird/js/release/async.js.Async._drainQueues (http://localhost:32801/__cypress/runner/cypress_runner.js:162150:10)\n    at Async.drainQueues (http://localhost:32801/__cypress/runner/cypress_runner.js:162024:14)",
                "diff": null
              },
              "uuid": "6ae4a8fc-f525-4ad7-a29b-ab5143b14bab",
              "parentUUID": "05a0e86d-bedd-491b-85c8-06b3ffa1e917",
              "isHook": false,
              "skipped": false
            }
          ],
          "suites": [],
          "passes": [],
          "failures": [
            "fc2c8624-18a3-40ff-9590-2164fdcbb8cb",
            "6ae4a8fc-f525-4ad7-a29b-ab5143b14bab"
          ],
          "pending": [],
          "skipped": [],
          "duration": 8522,
          "root": false,
          "rootEmpty": false,
          "_timeout": 2000
        },
        {
          "uuid": "d9171b6d-4080-4926-bf93-5665c1cecd4f",
          "title": "4 - Adicione à página um quadro de pixels, com 25 pixels.",
          "fullFile": "",
          "file": "",
          "beforeHooks": [],
          "afterHooks": [],
          "tests": [
            {
              "title": "Verifica se o quadro de pixels possui o `id` denominado `pixel-board`",
              "fullTitle": "4 - Adicione à página um quadro de pixels, com 25 pixels. Verifica se o quadro de pixels possui o `id` denominado `pixel-board`",
              "timedOut": null,
              "duration": 4270,
              "state": "failed",
              "speed": null,
              "pass": false,
              "fail": true,
              "pending": false,
              "context": null,
              "code": "cy.get('#pixel-board').should('be.visible');",
              "err": {
                "message": "CypressError: Timed out retrying: expected '<section#pixel-board>' to be 'visible'\n\nThis element '<section#pixel-board>' is not visible because it has an effective width and height of: '1350 x 0' pixels.",
                "estack": "CypressError: Timed out retrying: expected '<section#pixel-board>' to be 'visible'\n\nThis element '<section#pixel-board>' is not visible because it has an effective width and height of: '1350 x 0' pixels.\n    at cypressErr (http://localhost:32801/__cypress/runner/cypress_runner.js:149934:9)\n    at throwErr (http://localhost:32801/__cypress/runner/cypress_runner.js:149867:11)\n    at Object.throwErrByPath (http://localhost:32801/__cypress/runner/cypress_runner.js:149915:3)\n    at retry (http://localhost:32801/__cypress/runner/cypress_runner.js:144197:19)\n    at onFailFn (http://localhost:32801/__cypress/runner/cypress_runner.js:132448:16)\n    at tryCatcher (http://localhost:32801/__cypress/runner/cypress_runner.js:167415:23)\n    at Promise._settlePromiseFromHandler (http://localhost:32801/__cypress/runner/cypress_runner.js:165351:31)\n    at Promise._settlePromise (http://localhost:32801/__cypress/runner/cypress_runner.js:165408:18)\n    at Promise._settlePromise0 (http://localhost:32801/__cypress/runner/cypress_runner.js:165453:10)\n    at Promise._settlePromises (http://localhost:32801/__cypress/runner/cypress_runner.js:165528:18)\n    at Async../node_modules/bluebird/js/release/async.js.Async._drainQueue (http://localhost:32801/__cypress/runner/cypress_runner.js:162140:16)\n    at Async../node_modules/bluebird/js/release/async.js.Async._drainQueues (http://localhost:32801/__cypress/runner/cypress_runner.js:162150:10)\n    at Async.drainQueues (http://localhost:32801/__cypress/runner/cypress_runner.js:162024:14)",
                "diff": null
              },
              "uuid": "855c6471-4290-40fc-9bde-2a7ec39aa913",
              "parentUUID": "d9171b6d-4080-4926-bf93-5665c1cecd4f",
              "isHook": false,
              "skipped": false
            },
            {
              "title": "Verifica se cada pixel individual dentro do quadro possui a `classe` denominada `pixel`.",
              "fullTitle": "4 - Adicione à página um quadro de pixels, com 25 pixels. Verifica se cada pixel individual dentro do quadro possui a `classe` denominada `pixel`.",
              "timedOut": null,
              "duration": 4314,
              "state": "failed",
              "speed": null,
              "pass": false,
              "fail": true,
              "pending": false,
              "context": null,
              "code": "cy.get('.pixel').should('have.length', 25);",
              "err": {
                "message": "CypressError: Timed out retrying: Not enough elements found. Found '5', expected '25'.",
                "estack": "CypressError: Timed out retrying: Not enough elements found. Found '5', expected '25'.\n    at cypressErr (http://localhost:32801/__cypress/runner/cypress_runner.js:149934:9)\n    at throwErr (http://localhost:32801/__cypress/runner/cypress_runner.js:149867:11)\n    at Object.throwErrByPath (http://localhost:32801/__cypress/runner/cypress_runner.js:149915:3)\n    at retry (http://localhost:32801/__cypress/runner/cypress_runner.js:144197:19)\n    at onFailFn (http://localhost:32801/__cypress/runner/cypress_runner.js:132448:16)\n    at tryCatcher (http://localhost:32801/__cypress/runner/cypress_runner.js:167415:23)\n    at Promise._settlePromiseFromHandler (http://localhost:32801/__cypress/runner/cypress_runner.js:165351:31)\n    at Promise._settlePromise (http://localhost:32801/__cypress/runner/cypress_runner.js:165408:18)\n    at Promise._settlePromise0 (http://localhost:32801/__cypress/runner/cypress_runner.js:165453:10)\n    at Promise._settlePromises (http://localhost:32801/__cypress/runner/cypress_runner.js:165528:18)\n    at Async../node_modules/bluebird/js/release/async.js.Async._drainQueue (http://localhost:32801/__cypress/runner/cypress_runner.js:162140:16)\n    at Async../node_modules/bluebird/js/release/async.js.Async._drainQueues (http://localhost:32801/__cypress/runner/cypress_runner.js:162150:10)\n    at Async.drainQueues (http://localhost:32801/__cypress/runner/cypress_runner.js:162024:14)",
                "diff": null
              },
              "uuid": "0d231f02-a6b7-42ef-89ae-9996bd075cde",
              "parentUUID": "d9171b6d-4080-4926-bf93-5665c1cecd4f",
              "isHook": false,
              "skipped": false
            },
            {
              "title": "Verifica se a cor inicial dos pixels dentro do quadro, ao abrir a página, é branca.",
              "fullTitle": "4 - Adicione à página um quadro de pixels, com 25 pixels. Verifica se a cor inicial dos pixels dentro do quadro, ao abrir a página, é branca.",
              "timedOut": null,
              "duration": 4279,
              "state": "failed",
              "speed": null,
              "pass": false,
              "fail": true,
              "pending": false,
              "context": null,
              "code": "cy.get('.pixel').should('have.length', 25).each(function (pixel) {\n  expect(pixel).to.have.css('background-color', WHITE);\n});",
              "err": {
                "message": "CypressError: Timed out retrying: Not enough elements found. Found '5', expected '25'.",
                "estack": "CypressError: Timed out retrying: Not enough elements found. Found '5', expected '25'.\n    at cypressErr (http://localhost:32801/__cypress/runner/cypress_runner.js:149934:9)\n    at throwErr (http://localhost:32801/__cypress/runner/cypress_runner.js:149867:11)\n    at Object.throwErrByPath (http://localhost:32801/__cypress/runner/cypress_runner.js:149915:3)\n    at retry (http://localhost:32801/__cypress/runner/cypress_runner.js:144197:19)\n    at onFailFn (http://localhost:32801/__cypress/runner/cypress_runner.js:132448:16)\n    at tryCatcher (http://localhost:32801/__cypress/runner/cypress_runner.js:167415:23)\n    at Promise._settlePromiseFromHandler (http://localhost:32801/__cypress/runner/cypress_runner.js:165351:31)\n    at Promise._settlePromise (http://localhost:32801/__cypress/runner/cypress_runner.js:165408:18)\n    at Promise._settlePromise0 (http://localhost:32801/__cypress/runner/cypress_runner.js:165453:10)\n    at Promise._settlePromises (http://localhost:32801/__cypress/runner/cypress_runner.js:165528:18)\n    at Async../node_modules/bluebird/js/release/async.js.Async._drainQueue (http://localhost:32801/__cypress/runner/cypress_runner.js:162140:16)\n    at Async../node_modules/bluebird/js/release/async.js.Async._drainQueues (http://localhost:32801/__cypress/runner/cypress_runner.js:162150:10)\n    at Async.drainQueues (http://localhost:32801/__cypress/runner/cypress_runner.js:162024:14)",
                "diff": null
              },
              "uuid": "243686a6-324c-4113-bf87-0ee2c44c1ab6",
              "parentUUID": "d9171b6d-4080-4926-bf93-5665c1cecd4f",
              "isHook": false,
              "skipped": false
            },
            {
              "title": "Verifica se o quadro de pixels aparece abaixo da paleta de cores",
              "fullTitle": "4 - Adicione à página um quadro de pixels, com 25 pixels. Verifica se o quadro de pixels aparece abaixo da paleta de cores",
              "timedOut": null,
              "duration": 160,
              "state": "passed",
              "speed": "slow",
              "pass": true,
              "fail": false,
              "pending": false,
              "context": null,
              "code": "cy.get('#color-palette').then(function (palette) {\n  cy.get('#pixel-board').should('be.belowOf', palette);\n});",
              "err": {},
              "uuid": "aab58ec2-2ad5-49ff-862e-93d9aaf1ebbf",
              "parentUUID": "d9171b6d-4080-4926-bf93-5665c1cecd4f",
              "isHook": false,
              "skipped": false
            }
          ],
          "suites": [],
          "passes": [
            "aab58ec2-2ad5-49ff-862e-93d9aaf1ebbf"
          ],
          "failures": [
            "855c6471-4290-40fc-9bde-2a7ec39aa913",
            "0d231f02-a6b7-42ef-89ae-9996bd075cde",
            "243686a6-324c-4113-bf87-0ee2c44c1ab6"
          ],
          "pending": [],
          "skipped": [],
          "duration": 13023,
          "root": false,
          "rootEmpty": false,
          "_timeout": 2000
        },
        {
          "uuid": "0523f8ea-0d5d-4134-81dd-9c7514346295",
          "title": "5 - Faça com que cada elemento do quadro de pixels possua 40 pixels de largura, 40 pixels de altura e seja delimitado por uma borda preta de 1 pixel.",
          "fullFile": "",
          "file": "",
          "beforeHooks": [],
          "afterHooks": [],
          "tests": [
            {
              "title": "Verifica se o quadro de pixels tem altura e comprimento de 5 elementos",
              "fullTitle": "5 - Faça com que cada elemento do quadro de pixels possua 40 pixels de largura, 40 pixels de altura e seja delimitado por uma borda preta de 1 pixel. Verifica se o quadro de pixels tem altura e comprimento de 5 elementos",
              "timedOut": null,
              "duration": 4229,
              "state": "failed",
              "speed": null,
              "pass": false,
              "fail": true,
              "pending": false,
              "context": null,
              "code": "cy.get('.pixel').should('have.length', 25).each(function (pixel) {\n  expect(pixel).to.have.css('background-color', WHITE);\n}).and(function (pixels) {\n  var rows = chunk(pixels, 5);\n  rows.forEach(function (row) {\n    for (var index = 1; index < row.length; index += 1) {\n      var current = pixels[index];\n      var previous = pixels[index - 1];\n      cy.wrap(current).should('be.onTheRightOf', previous).and('be.horizontallyAlignedWith', previous);\n    }\n  });\n  for (var index = 1; index < 5; index += 1) {\n    expect(pixels[index * 5]).to.be.belowOf(pixels[(index - 1) * 5]);\n  }\n});",
              "err": {
                "message": "CypressError: Timed out retrying: Not enough elements found. Found '5', expected '25'.",
                "estack": "CypressError: Timed out retrying: Not enough elements found. Found '5', expected '25'.\n    at cypressErr (http://localhost:32801/__cypress/runner/cypress_runner.js:149934:9)\n    at throwErr (http://localhost:32801/__cypress/runner/cypress_runner.js:149867:11)\n    at Object.throwErrByPath (http://localhost:32801/__cypress/runner/cypress_runner.js:149915:3)\n    at retry (http://localhost:32801/__cypress/runner/cypress_runner.js:144197:19)\n    at onFailFn (http://localhost:32801/__cypress/runner/cypress_runner.js:132448:16)\n    at tryCatcher (http://localhost:32801/__cypress/runner/cypress_runner.js:167415:23)\n    at Promise._settlePromiseFromHandler (http://localhost:32801/__cypress/runner/cypress_runner.js:165351:31)\n    at Promise._settlePromise (http://localhost:32801/__cypress/runner/cypress_runner.js:165408:18)\n    at Promise._settlePromise0 (http://localhost:32801/__cypress/runner/cypress_runner.js:165453:10)\n    at Promise._settlePromises (http://localhost:32801/__cypress/runner/cypress_runner.js:165528:18)\n    at Async../node_modules/bluebird/js/release/async.js.Async._drainQueue (http://localhost:32801/__cypress/runner/cypress_runner.js:162140:16)\n    at Async../node_modules/bluebird/js/release/async.js.Async._drainQueues (http://localhost:32801/__cypress/runner/cypress_runner.js:162150:10)\n    at Async.drainQueues (http://localhost:32801/__cypress/runner/cypress_runner.js:162024:14)",
                "diff": null
              },
              "uuid": "0dded57e-c91b-4e07-b4ca-2f019a53f0ef",
              "parentUUID": "0523f8ea-0d5d-4134-81dd-9c7514346295",
              "isHook": false,
              "skipped": false
            },
            {
              "title": "Verifica se 40 pixels é o tamanho total do elemento, incluindo seu conteúdo e excluindo a borda preta, que deve ser criada à parte.",
              "fullTitle": "5 - Faça com que cada elemento do quadro de pixels possua 40 pixels de largura, 40 pixels de altura e seja delimitado por uma borda preta de 1 pixel. Verifica se 40 pixels é o tamanho total do elemento, incluindo seu conteúdo e excluindo a borda preta, que deve ser criada à parte.",
              "timedOut": null,
              "duration": 4293,
              "state": "failed",
              "speed": null,
              "pass": false,
              "fail": true,
              "pending": false,
              "context": null,
              "code": "cy.get('.pixel').each(function (pixel) {\n  cy.wrap(pixel).should('have.css', 'height', '40px').and('have.css', 'width', '40px').and('have.css', 'border', \"1px solid \".concat(BLACK));\n});",
              "err": {
                "message": "CypressError: Timed out retrying: expected '<div.pixel>' to have CSS property 'height' with the value '40px', but the value was '0px'",
                "estack": "CypressError: Timed out retrying: expected '<div.pixel>' to have CSS property 'height' with the value '40px', but the value was '0px'\n    at cypressErr (http://localhost:32801/__cypress/runner/cypress_runner.js:149934:9)\n    at throwErr (http://localhost:32801/__cypress/runner/cypress_runner.js:149867:11)\n    at Object.throwErrByPath (http://localhost:32801/__cypress/runner/cypress_runner.js:149915:3)\n    at retry (http://localhost:32801/__cypress/runner/cypress_runner.js:144197:19)\n    at onFailFn (http://localhost:32801/__cypress/runner/cypress_runner.js:132448:16)\n    at tryCatcher (http://localhost:32801/__cypress/runner/cypress_runner.js:167415:23)\n    at Promise._settlePromiseFromHandler (http://localhost:32801/__cypress/runner/cypress_runner.js:165351:31)\n    at Promise._settlePromise (http://localhost:32801/__cypress/runner/cypress_runner.js:165408:18)\n    at Promise._settlePromise0 (http://localhost:32801/__cypress/runner/cypress_runner.js:165453:10)\n    at Promise._settlePromises (http://localhost:32801/__cypress/runner/cypress_runner.js:165528:18)\n    at Async../node_modules/bluebird/js/release/async.js.Async._drainQueue (http://localhost:32801/__cypress/runner/cypress_runner.js:162140:16)\n    at Async../node_modules/bluebird/js/release/async.js.Async._drainQueues (http://localhost:32801/__cypress/runner/cypress_runner.js:162150:10)\n    at Async.drainQueues (http://localhost:32801/__cypress/runner/cypress_runner.js:162024:14)",
                "diff": null
              },
              "uuid": "c5f88235-8add-48ba-9f73-4b6d3fff597f",
              "parentUUID": "0523f8ea-0d5d-4134-81dd-9c7514346295",
              "isHook": false,
              "skipped": false
            }
          ],
          "suites": [],
          "passes": [],
          "failures": [
            "0dded57e-c91b-4e07-b4ca-2f019a53f0ef",
            "c5f88235-8add-48ba-9f73-4b6d3fff597f"
          ],
          "pending": [],
          "skipped": [],
          "duration": 8522,
          "root": false,
          "rootEmpty": false,
          "_timeout": 2000
        },
        {
          "uuid": "a6d52bd1-83d4-4bd7-ac62-204c4a0e8a8c",
          "title": "6 - Defina a cor preta como cor inicial. Ao carregar a página a cor preta já deve estar selecionada para pintar os pixels",
          "fullFile": "",
          "file": "",
          "beforeHooks": [],
          "afterHooks": [],
          "tests": [
            {
              "title": "Verifica se o elemento da cor preta possui, inicialmente, a `classe` `selected`",
              "fullTitle": "6 - Defina a cor preta como cor inicial. Ao carregar a página a cor preta já deve estar selecionada para pintar os pixels Verifica se o elemento da cor preta possui, inicialmente, a `classe` `selected`",
              "timedOut": null,
              "duration": 4303,
              "state": "failed",
              "speed": null,
              "pass": false,
              "fail": true,
              "pending": false,
              "context": null,
              "code": "cy.get('.selected').first().should('have.css', 'background-color', BLACK);",
              "err": {
                "message": "CypressError: Timed out retrying: Expected to find element: '.selected', but never found it.",
                "estack": "CypressError: Timed out retrying: Expected to find element: '.selected', but never found it.\n    at cypressErr (http://localhost:32801/__cypress/runner/cypress_runner.js:149934:9)\n    at throwErr (http://localhost:32801/__cypress/runner/cypress_runner.js:149867:11)\n    at Object.throwErrByPath (http://localhost:32801/__cypress/runner/cypress_runner.js:149915:3)\n    at retry (http://localhost:32801/__cypress/runner/cypress_runner.js:144197:19)\n    at onFailFn (http://localhost:32801/__cypress/runner/cypress_runner.js:132448:16)\n    at tryCatcher (http://localhost:32801/__cypress/runner/cypress_runner.js:167415:23)\n    at Promise._settlePromiseFromHandler (http://localhost:32801/__cypress/runner/cypress_runner.js:165351:31)\n    at Promise._settlePromise (http://localhost:32801/__cypress/runner/cypress_runner.js:165408:18)\n    at Promise._settlePromise0 (http://localhost:32801/__cypress/runner/cypress_runner.js:165453:10)\n    at Promise._settlePromises (http://localhost:32801/__cypress/runner/cypress_runner.js:165528:18)\n    at Async../node_modules/bluebird/js/release/async.js.Async._drainQueue (http://localhost:32801/__cypress/runner/cypress_runner.js:162140:16)\n    at Async../node_modules/bluebird/js/release/async.js.Async._drainQueues (http://localhost:32801/__cypress/runner/cypress_runner.js:162150:10)\n    at Async.drainQueues (http://localhost:32801/__cypress/runner/cypress_runner.js:162024:14)",
                "diff": null
              },
              "uuid": "50531c95-3504-4522-9b6c-ade48923f52c",
              "parentUUID": "a6d52bd1-83d4-4bd7-ac62-204c4a0e8a8c",
              "isHook": false,
              "skipped": false
            },
            {
              "title": "Verifica se nenhuma outra cor da paleta tem a `classe` `selected`",
              "fullTitle": "6 - Defina a cor preta como cor inicial. Ao carregar a página a cor preta já deve estar selecionada para pintar os pixels Verifica se nenhuma outra cor da paleta tem a `classe` `selected`",
              "timedOut": null,
              "duration": 138,
              "state": "passed",
              "speed": "slow",
              "pass": true,
              "fail": false,
              "pending": false,
              "context": null,
              "code": "cy.get('.color:not(:first-child)').each(function (color) {\n  cy.wrap(color).should('not.have.class', 'selected');\n});",
              "err": {},
              "uuid": "1f4acba5-3ba5-4c28-8814-c64703f987f3",
              "parentUUID": "a6d52bd1-83d4-4bd7-ac62-204c4a0e8a8c",
              "isHook": false,
              "skipped": false
            }
          ],
          "suites": [],
          "passes": [
            "1f4acba5-3ba5-4c28-8814-c64703f987f3"
          ],
          "failures": [
            "50531c95-3504-4522-9b6c-ade48923f52c"
          ],
          "pending": [],
          "skipped": [],
          "duration": 4441,
          "root": false,
          "rootEmpty": false,
          "_timeout": 2000
        },
        {
          "uuid": "7d2fb06e-0bcd-467a-8954-6e47674e6d64",
          "title": "7 - Clicar em uma das cores da paleta, faz com que ela seja selecionada e utilizada para preencher os pixels no quadro.",
          "fullFile": "",
          "file": "",
          "beforeHooks": [],
          "afterHooks": [],
          "tests": [
            {
              "title": "Verifica se somente uma cor da paleta de cores tem a classe `selected` de cada vez",
              "fullTitle": "7 - Clicar em uma das cores da paleta, faz com que ela seja selecionada e utilizada para preencher os pixels no quadro. Verifica se somente uma cor da paleta de cores tem a classe `selected` de cada vez",
              "timedOut": null,
              "duration": 4319,
              "state": "failed",
              "speed": null,
              "pass": false,
              "fail": true,
              "pending": false,
              "context": null,
              "code": "cy.get('.color').each(function (selectedColor, selectedColorIndex) {\n  cy.wrap(selectedColor).click();\n  cy.get('.color').each(function (color, colorIndex) {\n    if (colorIndex === selectedColorIndex) {\n      expect(color).to.have[\"class\"]('selected');\n    } else {\n      expect(color).not.to.have[\"class\"]('selected');\n    }\n  });\n});",
              "err": {
                "message": "CypressError: Timed out retrying: cy.click() failed because this element is not visible:\n\n<div class=\"color\"></div>\n\nThis element '<div.color>' is not visible because it has an effective width and height of: '1350 x 0' pixels.\n\nFix this problem, or use {force: true} to disable error checking.\n\nhttps://on.cypress.io/element-cannot-be-interacted-with",
                "estack": "CypressError: Timed out retrying: cy.click() failed because this element is not visible:\n\n<div class=\"color\"></div>\n\nThis element '<div.color>' is not visible because it has an effective width and height of: '1350 x 0' pixels.\n\nFix this problem, or use {force: true} to disable error checking.\n\nhttps://on.cypress.io/element-cannot-be-interacted-with\n    at cypressErr (http://localhost:32801/__cypress/runner/cypress_runner.js:149934:9)\n    at throwErr (http://localhost:32801/__cypress/runner/cypress_runner.js:149867:11)\n    at Object.throwErrByPath (http://localhost:32801/__cypress/runner/cypress_runner.js:149915:3)\n    at Object.retry (http://localhost:32801/__cypress/runner/cypress_runner.js:144197:19)\n    at retryActionability (http://localhost:32801/__cypress/runner/cypress_runner.js:132052:19)\n    at tryCatcher (http://localhost:32801/__cypress/runner/cypress_runner.js:167415:23)\n    at Function.Promise.attempt.Promise.try (http://localhost:32801/__cypress/runner/cypress_runner.js:164690:29)\n    at tryFn (http://localhost:32801/__cypress/runner/cypress_runner.js:144661:21)\n    at whenStable (http://localhost:32801/__cypress/runner/cypress_runner.js:144696:12)\n    at http://localhost:32801/__cypress/runner/cypress_runner.js:144240:16\n    at tryCatcher (http://localhost:32801/__cypress/runner/cypress_runner.js:167415:23)\n    at Promise._settlePromiseFromHandler (http://localhost:32801/__cypress/runner/cypress_runner.js:165351:31)\n    at Promise._settlePromise (http://localhost:32801/__cypress/runner/cypress_runner.js:165408:18)\n    at Promise._settlePromise0 (http://localhost:32801/__cypress/runner/cypress_runner.js:165453:10)\n    at Promise._settlePromises (http://localhost:32801/__cypress/runner/cypress_runner.js:165532:18)\n    at Promise._fulfill (http://localhost:32801/__cypress/runner/cypress_runner.js:165477:18)",
                "diff": null
              },
              "uuid": "64d0cbd7-0dcf-4447-81db-939150470882",
              "parentUUID": "7d2fb06e-0bcd-467a-8954-6e47674e6d64",
              "isHook": false,
              "skipped": false
            },
            {
              "title": "Verifica se os pixels dentro do quadro não têm a classe `selected` quando são clicados",
              "fullTitle": "7 - Clicar em uma das cores da paleta, faz com que ela seja selecionada e utilizada para preencher os pixels no quadro. Verifica se os pixels dentro do quadro não têm a classe `selected` quando são clicados",
              "timedOut": null,
              "duration": 4367,
              "state": "failed",
              "speed": null,
              "pass": false,
              "fail": true,
              "pending": false,
              "context": null,
              "code": "cy.get('.color').each(function (color) {\n  var backgroundColor = color.css('background-color');\n  cy.wrap(color).click();\n  cy.get('.pixel').each(function (pixel) {\n    cy.wrap(pixel).click().should('not.have.class', 'selected');\n  });\n});",
              "err": {
                "message": "CypressError: Timed out retrying: cy.click() failed because this element is not visible:\n\n<div class=\"color\"></div>\n\nThis element '<div.color>' is not visible because it has an effective width and height of: '1350 x 0' pixels.\n\nFix this problem, or use {force: true} to disable error checking.\n\nhttps://on.cypress.io/element-cannot-be-interacted-with",
                "estack": "CypressError: Timed out retrying: cy.click() failed because this element is not visible:\n\n<div class=\"color\"></div>\n\nThis element '<div.color>' is not visible because it has an effective width and height of: '1350 x 0' pixels.\n\nFix this problem, or use {force: true} to disable error checking.\n\nhttps://on.cypress.io/element-cannot-be-interacted-with\n    at cypressErr (http://localhost:32801/__cypress/runner/cypress_runner.js:149934:9)\n    at throwErr (http://localhost:32801/__cypress/runner/cypress_runner.js:149867:11)\n    at Object.throwErrByPath (http://localhost:32801/__cypress/runner/cypress_runner.js:149915:3)\n    at Object.retry (http://localhost:32801/__cypress/runner/cypress_runner.js:144197:19)\n    at retryActionability (http://localhost:32801/__cypress/runner/cypress_runner.js:132052:19)\n    at tryCatcher (http://localhost:32801/__cypress/runner/cypress_runner.js:167415:23)\n    at Function.Promise.attempt.Promise.try (http://localhost:32801/__cypress/runner/cypress_runner.js:164690:29)\n    at tryFn (http://localhost:32801/__cypress/runner/cypress_runner.js:144661:21)\n    at whenStable (http://localhost:32801/__cypress/runner/cypress_runner.js:144696:12)\n    at http://localhost:32801/__cypress/runner/cypress_runner.js:144240:16\n    at tryCatcher (http://localhost:32801/__cypress/runner/cypress_runner.js:167415:23)\n    at Promise._settlePromiseFromHandler (http://localhost:32801/__cypress/runner/cypress_runner.js:165351:31)\n    at Promise._settlePromise (http://localhost:32801/__cypress/runner/cypress_runner.js:165408:18)\n    at Promise._settlePromise0 (http://localhost:32801/__cypress/runner/cypress_runner.js:165453:10)\n    at Promise._settlePromises (http://localhost:32801/__cypress/runner/cypress_runner.js:165532:18)\n    at Promise._fulfill (http://localhost:32801/__cypress/runner/cypress_runner.js:165477:18)",
                "diff": null
              },
              "uuid": "20daec13-9f0d-4042-aa32-88d9d66346a2",
              "parentUUID": "7d2fb06e-0bcd-467a-8954-6e47674e6d64",
              "isHook": false,
              "skipped": false
            }
          ],
          "suites": [],
          "passes": [],
          "failures": [
            "64d0cbd7-0dcf-4447-81db-939150470882",
            "20daec13-9f0d-4042-aa32-88d9d66346a2"
          ],
          "pending": [],
          "skipped": [],
          "duration": 8686,
          "root": false,
          "rootEmpty": false,
          "_timeout": 2000
        },
        {
          "uuid": "19fde2a2-e883-4716-8ca1-968e9fd6ef9e",
          "title": "8 - Clicar em um pixel dentro do quadro após selecionar uma cor na paleta, faz com que o pixel seja preenchido com a cor selecionada.",
          "fullFile": "",
          "file": "",
          "beforeHooks": [],
          "afterHooks": [],
          "tests": [
            {
              "title": "Verifica se ao carregar a página deve ser possível pintar os pixels de preto",
              "fullTitle": "8 - Clicar em um pixel dentro do quadro após selecionar uma cor na paleta, faz com que o pixel seja preenchido com a cor selecionada. Verifica se ao carregar a página deve ser possível pintar os pixels de preto",
              "timedOut": null,
              "duration": 4388,
              "state": "failed",
              "speed": null,
              "pass": false,
              "fail": true,
              "pending": false,
              "context": null,
              "code": "cy.get('.pixel').each(function (pixel) {\n  cy.wrap(pixel).click().should('have.css', 'background-color', BLACK);\n});",
              "err": {
                "message": "CypressError: Timed out retrying: cy.click() failed because this element is not visible:\n\n<div class=\"pixel\"></div>\n\nThis element '<div.pixel>' is not visible because it has an effective width and height of: '1350 x 0' pixels.\n\nFix this problem, or use {force: true} to disable error checking.\n\nhttps://on.cypress.io/element-cannot-be-interacted-with",
                "estack": "CypressError: Timed out retrying: cy.click() failed because this element is not visible:\n\n<div class=\"pixel\"></div>\n\nThis element '<div.pixel>' is not visible because it has an effective width and height of: '1350 x 0' pixels.\n\nFix this problem, or use {force: true} to disable error checking.\n\nhttps://on.cypress.io/element-cannot-be-interacted-with\n    at cypressErr (http://localhost:32801/__cypress/runner/cypress_runner.js:149934:9)\n    at throwErr (http://localhost:32801/__cypress/runner/cypress_runner.js:149867:11)\n    at Object.throwErrByPath (http://localhost:32801/__cypress/runner/cypress_runner.js:149915:3)\n    at Object.retry (http://localhost:32801/__cypress/runner/cypress_runner.js:144197:19)\n    at retryActionability (http://localhost:32801/__cypress/runner/cypress_runner.js:132052:19)\n    at tryCatcher (http://localhost:32801/__cypress/runner/cypress_runner.js:167415:23)\n    at Function.Promise.attempt.Promise.try (http://localhost:32801/__cypress/runner/cypress_runner.js:164690:29)\n    at tryFn (http://localhost:32801/__cypress/runner/cypress_runner.js:144661:21)\n    at whenStable (http://localhost:32801/__cypress/runner/cypress_runner.js:144696:12)\n    at http://localhost:32801/__cypress/runner/cypress_runner.js:144240:16\n    at tryCatcher (http://localhost:32801/__cypress/runner/cypress_runner.js:167415:23)\n    at Promise._settlePromiseFromHandler (http://localhost:32801/__cypress/runner/cypress_runner.js:165351:31)\n    at Promise._settlePromise (http://localhost:32801/__cypress/runner/cypress_runner.js:165408:18)\n    at Promise._settlePromise0 (http://localhost:32801/__cypress/runner/cypress_runner.js:165453:10)\n    at Promise._settlePromises (http://localhost:32801/__cypress/runner/cypress_runner.js:165532:18)\n    at Promise._fulfill (http://localhost:32801/__cypress/runner/cypress_runner.js:165477:18)",
                "diff": null
              },
              "uuid": "618938f6-fc08-4442-b412-5354841bcd64",
              "parentUUID": "19fde2a2-e883-4716-8ca1-968e9fd6ef9e",
              "isHook": false,
              "skipped": false
            },
            {
              "title": "Verifica se após selecionar uma outra cor na paleta, é possível pintar os pixels com essa cor",
              "fullTitle": "8 - Clicar em um pixel dentro do quadro após selecionar uma cor na paleta, faz com que o pixel seja preenchido com a cor selecionada. Verifica se após selecionar uma outra cor na paleta, é possível pintar os pixels com essa cor",
              "timedOut": null,
              "duration": 4375,
              "state": "failed",
              "speed": null,
              "pass": false,
              "fail": true,
              "pending": false,
              "context": null,
              "code": "cy.get('.color').each(function (color) {\n  var backgroundColor = color.css('background-color');\n  cy.wrap(color).click();\n  cy.get('.pixel').each(function (pixel) {\n    cy.wrap(pixel).click().should('have.css', 'background-color', backgroundColor);\n  });\n});",
              "err": {
                "message": "CypressError: Timed out retrying: cy.click() failed because this element is not visible:\n\n<div class=\"color\"></div>\n\nThis element '<div.color>' is not visible because it has an effective width and height of: '1350 x 0' pixels.\n\nFix this problem, or use {force: true} to disable error checking.\n\nhttps://on.cypress.io/element-cannot-be-interacted-with",
                "estack": "CypressError: Timed out retrying: cy.click() failed because this element is not visible:\n\n<div class=\"color\"></div>\n\nThis element '<div.color>' is not visible because it has an effective width and height of: '1350 x 0' pixels.\n\nFix this problem, or use {force: true} to disable error checking.\n\nhttps://on.cypress.io/element-cannot-be-interacted-with\n    at cypressErr (http://localhost:32801/__cypress/runner/cypress_runner.js:149934:9)\n    at throwErr (http://localhost:32801/__cypress/runner/cypress_runner.js:149867:11)\n    at Object.throwErrByPath (http://localhost:32801/__cypress/runner/cypress_runner.js:149915:3)\n    at Object.retry (http://localhost:32801/__cypress/runner/cypress_runner.js:144197:19)\n    at retryActionability (http://localhost:32801/__cypress/runner/cypress_runner.js:132052:19)\n    at tryCatcher (http://localhost:32801/__cypress/runner/cypress_runner.js:167415:23)\n    at Function.Promise.attempt.Promise.try (http://localhost:32801/__cypress/runner/cypress_runner.js:164690:29)\n    at tryFn (http://localhost:32801/__cypress/runner/cypress_runner.js:144661:21)\n    at whenStable (http://localhost:32801/__cypress/runner/cypress_runner.js:144696:12)\n    at http://localhost:32801/__cypress/runner/cypress_runner.js:144240:16\n    at tryCatcher (http://localhost:32801/__cypress/runner/cypress_runner.js:167415:23)\n    at Promise._settlePromiseFromHandler (http://localhost:32801/__cypress/runner/cypress_runner.js:165351:31)\n    at Promise._settlePromise (http://localhost:32801/__cypress/runner/cypress_runner.js:165408:18)\n    at Promise._settlePromise0 (http://localhost:32801/__cypress/runner/cypress_runner.js:165453:10)\n    at Promise._settlePromises (http://localhost:32801/__cypress/runner/cypress_runner.js:165532:18)\n    at Promise._fulfill (http://localhost:32801/__cypress/runner/cypress_runner.js:165477:18)",
                "diff": null
              },
              "uuid": "0306bafc-7074-42a9-8d2b-4dc8dd1c2858",
              "parentUUID": "19fde2a2-e883-4716-8ca1-968e9fd6ef9e",
              "isHook": false,
              "skipped": false
            },
            {
              "title": "Verifica se somente o pixel que foi clicado foi preenchido com a cor selecionada, sem influenciar na cor dos demais pixels.",
              "fullTitle": "8 - Clicar em um pixel dentro do quadro após selecionar uma cor na paleta, faz com que o pixel seja preenchido com a cor selecionada. Verifica se somente o pixel que foi clicado foi preenchido com a cor selecionada, sem influenciar na cor dos demais pixels.",
              "timedOut": null,
              "duration": 4350,
              "state": "failed",
              "speed": null,
              "pass": false,
              "fail": true,
              "pending": false,
              "context": null,
              "code": "var colorToPixelIndexMap = {\n  0: 6,\n  1: 8,\n  2: 16,\n  3: 18\n};\ncy.get('.color').each(function (color, index) {\n  cy.wrap(color).click();\n  var backgroundColor = color.css('background-color');\n  var clickedPixelIndex = colorToPixelIndexMap[index];\n  cy.get('.pixel').eq(clickedPixelIndex).click();\n  cy.get('.pixel').eq(clickedPixelIndex - 1).should('not.have.css', 'background-color', backgroundColor);\n  cy.get('.pixel').eq(clickedPixelIndex + 1).should('not.have.css', 'background-color', backgroundColor);\n  cy.get('.pixel').eq(clickedPixelIndex - 5).should('not.have.css', 'background-color', backgroundColor);\n  cy.get('.pixel').eq(clickedPixelIndex + 5).should('not.have.css', 'background-color', backgroundColor);\n  cy.get('.pixel').eq(clickedPixelIndex - 6).should('not.have.css', 'background-color', backgroundColor);\n  cy.get('.pixel').eq(clickedPixelIndex - 4).should('not.have.css', 'background-color', backgroundColor);\n  cy.get('.pixel').eq(clickedPixelIndex + 4).should('not.have.css', 'background-color', backgroundColor);\n  cy.get('.pixel').eq(clickedPixelIndex + 6).should('not.have.css', 'background-color', backgroundColor);\n});",
              "err": {
                "message": "CypressError: Timed out retrying: cy.click() failed because this element is not visible:\n\n<div class=\"color\"></div>\n\nThis element '<div.color>' is not visible because it has an effective width and height of: '1350 x 0' pixels.\n\nFix this problem, or use {force: true} to disable error checking.\n\nhttps://on.cypress.io/element-cannot-be-interacted-with",
                "estack": "CypressError: Timed out retrying: cy.click() failed because this element is not visible:\n\n<div class=\"color\"></div>\n\nThis element '<div.color>' is not visible because it has an effective width and height of: '1350 x 0' pixels.\n\nFix this problem, or use {force: true} to disable error checking.\n\nhttps://on.cypress.io/element-cannot-be-interacted-with\n    at cypressErr (http://localhost:32801/__cypress/runner/cypress_runner.js:149934:9)\n    at throwErr (http://localhost:32801/__cypress/runner/cypress_runner.js:149867:11)\n    at Object.throwErrByPath (http://localhost:32801/__cypress/runner/cypress_runner.js:149915:3)\n    at Object.retry (http://localhost:32801/__cypress/runner/cypress_runner.js:144197:19)\n    at retryActionability (http://localhost:32801/__cypress/runner/cypress_runner.js:132052:19)\n    at tryCatcher (http://localhost:32801/__cypress/runner/cypress_runner.js:167415:23)\n    at Function.Promise.attempt.Promise.try (http://localhost:32801/__cypress/runner/cypress_runner.js:164690:29)\n    at tryFn (http://localhost:32801/__cypress/runner/cypress_runner.js:144661:21)\n    at whenStable (http://localhost:32801/__cypress/runner/cypress_runner.js:144696:12)\n    at http://localhost:32801/__cypress/runner/cypress_runner.js:144240:16\n    at tryCatcher (http://localhost:32801/__cypress/runner/cypress_runner.js:167415:23)\n    at Promise._settlePromiseFromHandler (http://localhost:32801/__cypress/runner/cypress_runner.js:165351:31)\n    at Promise._settlePromise (http://localhost:32801/__cypress/runner/cypress_runner.js:165408:18)\n    at Promise._settlePromise0 (http://localhost:32801/__cypress/runner/cypress_runner.js:165453:10)\n    at Promise._settlePromises (http://localhost:32801/__cypress/runner/cypress_runner.js:165532:18)\n    at Promise._fulfill (http://localhost:32801/__cypress/runner/cypress_runner.js:165477:18)",
                "diff": null
              },
              "uuid": "8dc68857-7515-4181-a18d-3edafa9da6b1",
              "parentUUID": "19fde2a2-e883-4716-8ca1-968e9fd6ef9e",
              "isHook": false,
              "skipped": false
            }
          ],
          "suites": [],
          "passes": [],
          "failures": [
            "618938f6-fc08-4442-b412-5354841bcd64",
            "0306bafc-7074-42a9-8d2b-4dc8dd1c2858",
            "8dc68857-7515-4181-a18d-3edafa9da6b1"
          ],
          "pending": [],
          "skipped": [],
          "duration": 13113,
          "root": false,
          "rootEmpty": false,
          "_timeout": 2000
        },
        {
          "uuid": "6f7e8499-eb5e-46c8-92ef-91d84a81853f",
          "title": "9 - Crie um botão que, ao ser clicado, limpa o quadro preenchendo a cor de todos seus pixels com branco.",
          "fullFile": "",
          "file": "",
          "beforeHooks": [],
          "afterHooks": [],
          "tests": [
            {
              "title": "Verifica se o botão tem o `id` denominado `clear-board`",
              "fullTitle": "9 - Crie um botão que, ao ser clicado, limpa o quadro preenchendo a cor de todos seus pixels com branco. Verifica se o botão tem o `id` denominado `clear-board`",
              "timedOut": null,
              "duration": 4274,
              "state": "failed",
              "speed": null,
              "pass": false,
              "fail": true,
              "pending": false,
              "context": null,
              "code": "cy.get('#clear-board').should('be.visible');",
              "err": {
                "message": "CypressError: Timed out retrying: Expected to find element: '#clear-board', but never found it.",
                "estack": "CypressError: Timed out retrying: Expected to find element: '#clear-board', but never found it.\n    at cypressErr (http://localhost:32801/__cypress/runner/cypress_runner.js:149934:9)\n    at throwErr (http://localhost:32801/__cypress/runner/cypress_runner.js:149867:11)\n    at Object.throwErrByPath (http://localhost:32801/__cypress/runner/cypress_runner.js:149915:3)\n    at retry (http://localhost:32801/__cypress/runner/cypress_runner.js:144197:19)\n    at onFailFn (http://localhost:32801/__cypress/runner/cypress_runner.js:132448:16)\n    at tryCatcher (http://localhost:32801/__cypress/runner/cypress_runner.js:167415:23)\n    at Promise._settlePromiseFromHandler (http://localhost:32801/__cypress/runner/cypress_runner.js:165351:31)\n    at Promise._settlePromise (http://localhost:32801/__cypress/runner/cypress_runner.js:165408:18)\n    at Promise._settlePromise0 (http://localhost:32801/__cypress/runner/cypress_runner.js:165453:10)\n    at Promise._settlePromises (http://localhost:32801/__cypress/runner/cypress_runner.js:165528:18)\n    at Async../node_modules/bluebird/js/release/async.js.Async._drainQueue (http://localhost:32801/__cypress/runner/cypress_runner.js:162140:16)\n    at Async../node_modules/bluebird/js/release/async.js.Async._drainQueues (http://localhost:32801/__cypress/runner/cypress_runner.js:162150:10)\n    at Async.drainQueues (http://localhost:32801/__cypress/runner/cypress_runner.js:162024:14)",
                "diff": null
              },
              "uuid": "a4f67c01-2ae4-4dcd-8347-9f3c56a2ff6f",
              "parentUUID": "6f7e8499-eb5e-46c8-92ef-91d84a81853f",
              "isHook": false,
              "skipped": false
            },
            {
              "title": "Verifica se o botão está posicionado entre a paleta de cores e o quadro de pixels",
              "fullTitle": "9 - Crie um botão que, ao ser clicado, limpa o quadro preenchendo a cor de todos seus pixels com branco. Verifica se o botão está posicionado entre a paleta de cores e o quadro de pixels",
              "timedOut": null,
              "duration": 4321,
              "state": "failed",
              "speed": null,
              "pass": false,
              "fail": true,
              "pending": false,
              "context": null,
              "code": "cy.get('#color-palette').then(function (palette) {\n  cy.get('#clear-board').should('be.belowOf', palette);\n});\ncy.get('#clear-board').then(function (clearBtn) {\n  cy.get('#pixel-board').should('be.belowOf', clearBtn);\n});",
              "err": {
                "message": "CypressError: Timed out retrying: Expected to find element: '#clear-board', but never found it.",
                "estack": "CypressError: Timed out retrying: Expected to find element: '#clear-board', but never found it.\n    at cypressErr (http://localhost:32801/__cypress/runner/cypress_runner.js:149934:9)\n    at throwErr (http://localhost:32801/__cypress/runner/cypress_runner.js:149867:11)\n    at Object.throwErrByPath (http://localhost:32801/__cypress/runner/cypress_runner.js:149915:3)\n    at retry (http://localhost:32801/__cypress/runner/cypress_runner.js:144197:19)\n    at onFailFn (http://localhost:32801/__cypress/runner/cypress_runner.js:132448:16)\n    at tryCatcher (http://localhost:32801/__cypress/runner/cypress_runner.js:167415:23)\n    at Promise._settlePromiseFromHandler (http://localhost:32801/__cypress/runner/cypress_runner.js:165351:31)\n    at Promise._settlePromise (http://localhost:32801/__cypress/runner/cypress_runner.js:165408:18)\n    at Promise._settlePromise0 (http://localhost:32801/__cypress/runner/cypress_runner.js:165453:10)\n    at Promise._settlePromises (http://localhost:32801/__cypress/runner/cypress_runner.js:165528:18)\n    at Async../node_modules/bluebird/js/release/async.js.Async._drainQueue (http://localhost:32801/__cypress/runner/cypress_runner.js:162140:16)\n    at Async../node_modules/bluebird/js/release/async.js.Async._drainQueues (http://localhost:32801/__cypress/runner/cypress_runner.js:162150:10)\n    at Async.drainQueues (http://localhost:32801/__cypress/runner/cypress_runner.js:162024:14)",
                "diff": null
              },
              "uuid": "656782e7-802f-4e11-bbba-0315bda06aa7",
              "parentUUID": "6f7e8499-eb5e-46c8-92ef-91d84a81853f",
              "isHook": false,
              "skipped": false
            },
            {
              "title": "Verifica se o texto do botão é 'Limpar'",
              "fullTitle": "9 - Crie um botão que, ao ser clicado, limpa o quadro preenchendo a cor de todos seus pixels com branco. Verifica se o texto do botão é 'Limpar'",
              "timedOut": null,
              "duration": 4287,
              "state": "failed",
              "speed": null,
              "pass": false,
              "fail": true,
              "pending": false,
              "context": null,
              "code": "cy.get('#clear-board').should('contain.text', 'Limpar');",
              "err": {
                "message": "CypressError: Timed out retrying: Expected to find element: '#clear-board', but never found it.",
                "estack": "CypressError: Timed out retrying: Expected to find element: '#clear-board', but never found it.\n    at cypressErr (http://localhost:32801/__cypress/runner/cypress_runner.js:149934:9)\n    at throwErr (http://localhost:32801/__cypress/runner/cypress_runner.js:149867:11)\n    at Object.throwErrByPath (http://localhost:32801/__cypress/runner/cypress_runner.js:149915:3)\n    at retry (http://localhost:32801/__cypress/runner/cypress_runner.js:144197:19)\n    at onFailFn (http://localhost:32801/__cypress/runner/cypress_runner.js:132448:16)\n    at tryCatcher (http://localhost:32801/__cypress/runner/cypress_runner.js:167415:23)\n    at Promise._settlePromiseFromHandler (http://localhost:32801/__cypress/runner/cypress_runner.js:165351:31)\n    at Promise._settlePromise (http://localhost:32801/__cypress/runner/cypress_runner.js:165408:18)\n    at Promise._settlePromise0 (http://localhost:32801/__cypress/runner/cypress_runner.js:165453:10)\n    at Promise._settlePromises (http://localhost:32801/__cypress/runner/cypress_runner.js:165528:18)\n    at Async../node_modules/bluebird/js/release/async.js.Async._drainQueue (http://localhost:32801/__cypress/runner/cypress_runner.js:162140:16)\n    at Async../node_modules/bluebird/js/release/async.js.Async._drainQueues (http://localhost:32801/__cypress/runner/cypress_runner.js:162150:10)\n    at Async.drainQueues (http://localhost:32801/__cypress/runner/cypress_runner.js:162024:14)",
                "diff": null
              },
              "uuid": "c632fdea-035f-45b6-a3d1-33cb6b428a07",
              "parentUUID": "6f7e8499-eb5e-46c8-92ef-91d84a81853f",
              "isHook": false,
              "skipped": false
            },
            {
              "title": "Verifica se ao clicar no botão, o quadro de pixels é totalmente preenchido de branco",
              "fullTitle": "9 - Crie um botão que, ao ser clicado, limpa o quadro preenchendo a cor de todos seus pixels com branco. Verifica se ao clicar no botão, o quadro de pixels é totalmente preenchido de branco",
              "timedOut": null,
              "duration": 4360,
              "state": "failed",
              "speed": null,
              "pass": false,
              "fail": true,
              "pending": false,
              "context": null,
              "code": "cy.get('.color').eq(1).then(function (color) {\n  var backgroundColor = color.css('background-color');\n  cy.wrap(color).click();\n  cy.get('.pixel').each(function (pixel) {\n    cy.wrap(pixel).click().should('have.css', 'background-color', backgroundColor);\n  });\n});\ncy.get('#clear-board').click();\ncy.get('.pixel').each(function (pixel) {\n  cy.wrap(pixel).should('have.css', 'background-color', WHITE);\n});",
              "err": {
                "message": "CypressError: Timed out retrying: cy.click() failed because this element is not visible:\n\n<div class=\"color\"></div>\n\nThis element '<div.color>' is not visible because it has an effective width and height of: '1350 x 0' pixels.\n\nFix this problem, or use {force: true} to disable error checking.\n\nhttps://on.cypress.io/element-cannot-be-interacted-with",
                "estack": "CypressError: Timed out retrying: cy.click() failed because this element is not visible:\n\n<div class=\"color\"></div>\n\nThis element '<div.color>' is not visible because it has an effective width and height of: '1350 x 0' pixels.\n\nFix this problem, or use {force: true} to disable error checking.\n\nhttps://on.cypress.io/element-cannot-be-interacted-with\n    at cypressErr (http://localhost:32801/__cypress/runner/cypress_runner.js:149934:9)\n    at throwErr (http://localhost:32801/__cypress/runner/cypress_runner.js:149867:11)\n    at Object.throwErrByPath (http://localhost:32801/__cypress/runner/cypress_runner.js:149915:3)\n    at Object.retry (http://localhost:32801/__cypress/runner/cypress_runner.js:144197:19)\n    at retryActionability (http://localhost:32801/__cypress/runner/cypress_runner.js:132052:19)\n    at tryCatcher (http://localhost:32801/__cypress/runner/cypress_runner.js:167415:23)\n    at Function.Promise.attempt.Promise.try (http://localhost:32801/__cypress/runner/cypress_runner.js:164690:29)\n    at tryFn (http://localhost:32801/__cypress/runner/cypress_runner.js:144661:21)\n    at whenStable (http://localhost:32801/__cypress/runner/cypress_runner.js:144696:12)\n    at http://localhost:32801/__cypress/runner/cypress_runner.js:144240:16\n    at tryCatcher (http://localhost:32801/__cypress/runner/cypress_runner.js:167415:23)\n    at Promise._settlePromiseFromHandler (http://localhost:32801/__cypress/runner/cypress_runner.js:165351:31)\n    at Promise._settlePromise (http://localhost:32801/__cypress/runner/cypress_runner.js:165408:18)\n    at Promise._settlePromise0 (http://localhost:32801/__cypress/runner/cypress_runner.js:165453:10)\n    at Promise._settlePromises (http://localhost:32801/__cypress/runner/cypress_runner.js:165532:18)\n    at Promise._fulfill (http://localhost:32801/__cypress/runner/cypress_runner.js:165477:18)",
                "diff": null
              },
              "uuid": "3cd1fdf6-83fd-4634-9417-c420971d0a74",
              "parentUUID": "6f7e8499-eb5e-46c8-92ef-91d84a81853f",
              "isHook": false,
              "skipped": false
            }
          ],
          "suites": [],
          "passes": [],
          "failures": [
            "a4f67c01-2ae4-4dcd-8347-9f3c56a2ff6f",
            "656782e7-802f-4e11-bbba-0315bda06aa7",
            "c632fdea-035f-45b6-a3d1-33cb6b428a07",
            "3cd1fdf6-83fd-4634-9417-c420971d0a74"
          ],
          "pending": [],
          "skipped": [],
          "duration": 17242,
          "root": false,
          "rootEmpty": false,
          "_timeout": 2000
        },
        {
          "uuid": "781f1739-3055-443a-983e-3eb666293695",
          "title": "10 - Faça o quadro de pixels ter seu tamanho definido pelo usuário.",
          "fullFile": "",
          "file": "",
          "beforeHooks": [],
          "afterHooks": [],
          "tests": [
            {
              "title": "Verifica se existe um input com o id `board-size`",
              "fullTitle": "10 - Faça o quadro de pixels ter seu tamanho definido pelo usuário. Verifica se existe um input com o id `board-size`",
              "timedOut": null,
              "duration": 4363,
              "state": "failed",
              "speed": null,
              "pass": false,
              "fail": true,
              "pending": false,
              "context": null,
              "code": "cy.get('#board-size').should('be.visible');",
              "err": {
                "message": "CypressError: Timed out retrying: Expected to find element: '#board-size', but never found it.",
[...]
                "diff": null
              },
              "uuid": "b0a73c90-36d9-4b4f-9ede-e9e413121fa6",
              "parentUUID": "781f1739-3055-443a-983e-3eb666293695",
              "isHook": false,
              "skipped": false
            },
            {
              "title": "Verifica se o novo quadro tem todos os pixels preenchidos com a cor branca",
              "fullTitle": "10 - Faça o quadro de pixels ter seu tamanho definido pelo usuário. Verifica se o novo quadro tem todos os pixels preenchidos com a cor branca",
              "timedOut": null,
              "duration": 4350,
              "state": "failed",
              "speed": null,
              "pass": false,
              "fail": true,
              "pending": false,
              "context": null,
              "code": "cy.get('#board-size').clear().type(6);\ncy.get('#generate-board').click();\ncy.get('.pixel').should('have.length', 36).each(function (pixel) {\n  expect(pixel).to.have.css('background-color', WHITE);\n});",
              "err": {
                "message": "CypressError: Timed out retrying: Expected to find element: '#board-size', but never found it.",
                "estack": "CypressError: Timed out retrying: Expected to find element: '#board-size', but never found it.\n    at cypressErr (http://localhost:32801/__cypress/runner/cypress_runner.js:149934:9)\n    at throwErr (http://localhost:32801/__cypress/runner/cypress_runner.js:149867:11)\n    at Object.throwErrByPath (http://localhost:32801/__cypress/runner/cypress_runner.js:149915:3)\n    at retry (http://localhost:32801/__cypress/runner/cypress_runner.js:144197:19)\n    at onFailFn (http://localhost:32801/__cypress/runner/cypress_runner.js:132448:16)\n    at tryCatcher (http://localhost:32801/__cypress/runner/cypress_runner.js:167415:23)\n    at Promise._settlePromiseFromHandler (http://localhost:32801/__cypress/runner/cypress_runner.js:165351:31)\n    at Promise._settlePromise (http://localhost:32801/__cypress/runner/cypress_runner.js:165408:18)\n    at Promise._settlePromise0 (http://localhost:32801/__cypress/runner/cypress_runner.js:165453:10)\n    at Promise._settlePromises (http://localhost:32801/__cypress/runner/cypress_runner.js:165528:18)\n    at Async../node_modules/bluebird/js/release/async.js.Async._drainQueue (http://localhost:32801/__cypress/runner/cypress_runner.js:162140:16)\n    at Async../node_modules/bluebird/js/release/async.js.Async._drainQueues (http://localhost:32801/__cypress/runner/cypress_runner.js:162150:10)\n    at Async.drainQueues (http://localhost:32801/__cypress/runner/cypress_runner.js:162024:14)",
                "diff": null
              },
              "uuid": "91f5c380-6f67-4bc4-9348-9d541313359d",
              "parentUUID": "781f1739-3055-443a-983e-3eb666293695",
              "isHook": false,
              "skipped": false
            }
          ],
          "suites": [],
          "passes": [],
          "failures": [
            "d989c929-d066-4212-a5d5-681d99c71924",
            "4723240a-fb55-49c7-809b-5308eba1200b",
            "9301d42e-887c-4170-bd97-2399ed47a293",
            "8e5962cc-89d5-4fe2-aed6-c0fcac5d61b1",
            "cce7b587-8d22-41ad-9088-3ea32e23bdd4",
            "65bf2f39-7df5-4449-876a-ca4abb74c41a",
            "7d792eed-cdfb-4a3d-b894-b5af9afec66d",
            "b0a73c90-36d9-4b4f-9ede-e9e413121fa6",
            "91f5c380-6f67-4bc4-9348-9d541313359d"
          ],
          "pending": [],
          "skipped": [],
          "duration": 38986,
          "root": false,
          "rootEmpty": false,
          "_timeout": 2000
        },
        {
          "uuid": "9e974dd1-7ce7-483f-9ec5-4e864fa46488",
          "title": "11 - Limite o tamanho mínimo e máximo do board.",
          "fullFile": "",
          "file": "",
          "beforeHooks": [],
          "afterHooks": [],
          "tests": [
            {
              "title": "Verifica se a altura máxima do board é 50",
              "fullTitle": "11 - Limite o tamanho mínimo e máximo do board. Verifica se a altura máxima do board é 50",
              "timedOut": null,
              "duration": 4335,
              "state": "failed",
              "speed": null,
              "pass": false,
              "fail": true,
              "pending": false,
              "context": null,
              "code": "cy.get('#board-size').clear().type(50);\ncy.get('#generate-board').click();\ncy.get('.pixel').should('have.length', 2500);",
              "err": {
                "message": "CypressError: Timed out retrying: Expected to find element: '#board-size', but never found it.",
                "estack": "CypressError: Timed out retrying: Expected to find element: '#board-size', but never found it.\n    at cypressErr (http://localhost:32801/__cypress/runner/cypress_runner.js:149934:9)\n    at throwErr (http://localhost:32801/__cypress/runner/cypress_runner.js:149867:11)\n    at Object.throwErrByPath (http://localhost:32801/__cypress/runner/cypress_runner.js:149915:3)\n    at retry (http://localhost:32801/__cypress/runner/cypress_runner.js:144197:19)\n    at onFailFn (http://localhost:32801/__cypress/runner/cypress_runner.js:132448:16)\n    at tryCatcher (http://localhost:32801/__cypress/runner/cypress_runner.js:167415:23)\n    at Promise._settlePromiseFromHandler (http://localhost:32801/__cypress/runner/cypress_runner.js:165351:31)\n    at Promise._settlePromise (http://localhost:32801/__cypress/runner/cypress_runner.js:165408:18)\n    at Promise._settlePromise0 (http://localhost:32801/__cypress/runner/cypress_runner.js:165453:10)\n    at Promise._settlePromises (http://localhost:32801/__cypress/runner/cypress_runner.js:165528:18)\n    at Async../node_modules/bluebird/js/release/async.js.Async._drainQueue (http://localhost:32801/__cypress/runner/cypress_runner.js:162140:16)\n    at Async../node_modules/bluebird/js/release/async.js.Async._drainQueues (http://localhost:32801/__cypress/runner/cypress_runner.js:162150:10)\n    at Async.drainQueues (http://localhost:32801/__cypress/runner/cypress_runner.js:162024:14)",
                "diff": null
              },
              "uuid": "6bcd54a3-c106-4002-b84f-cd554d10a4ce",
              "parentUUID": "9e974dd1-7ce7-483f-9ec5-4e864fa46488",
              "isHook": false,
              "skipped": false
            },
            {
              "title": "Verifica se a altura do board é 5 quando um valor menor é colocado no input",
              "fullTitle": "11 - Limite o tamanho mínimo e máximo do board. Verifica se a altura do board é 5 quando um valor menor é colocado no input",
              "timedOut": null,
              "duration": 4392,
              "state": "failed",
              "speed": null,
              "pass": false,
              "fail": true,
              "pending": false,
              "context": null,
              "code": "cy.get('#board-size').clear().type(4);\ncy.get('#generate-board').click();\ncy.get('.pixel').should('have.length', 25);",
              "err": {
                "message": "CypressError: Timed out retrying: Expected to find element: '#board-size', but never found it.",
                "estack": "CypressError: Timed out retrying: Expected to find element: '#board-size', but never found it.\n    at cypressErr (http://localhost:32801/__cypress/runner/cypress_runner.js:149934:9)\n    at throwErr (http://localhost:32801/__cypress/runner/cypress_runner.js:149867:11)\n    at Object.throwErrByPath (http://localhost:32801/__cypress/runner/cypress_runner.js:149915:3)\n    at retry (http://localhost:32801/__cypress/runner/cypress_runner.js:144197:19)\n    at onFailFn (http://localhost:32801/__cypress/runner/cypress_runner.js:132448:16)\n    at tryCatcher (http://localhost:32801/__cypress/runner/cypress_runner.js:167415:23)\n    at Promise._settlePromiseFromHandler (http://localhost:32801/__cypress/runner/cypress_runner.js:165351:31)\n    at Promise._settlePromise (http://localhost:32801/__cypress/runner/cypress_runner.js:165408:18)\n    at Promise._settlePromise0 (http://localhost:32801/__cypress/runner/cypress_runner.js:165453:10)\n    at Promise._settlePromises (http://localhost:32801/__cypress/runner/cypress_runner.js:165528:18)\n    at Async../node_modules/bluebird/js/release/async.js.Async._drainQueue (http://localhost:32801/__cypress/runner/cypress_runner.js:162140:16)\n    at Async../node_modules/bluebird/js/release/async.js.Async._drainQueues (http://localhost:32801/__cypress/runner/cypress_runner.js:162150:10)\n    at Async.drainQueues (http://localhost:32801/__cypress/runner/cypress_runner.js:162024:14)",
                "diff": null
              },
              "uuid": "a95d6953-5077-4760-97ee-e08b9e2a83d7",
              "parentUUID": "9e974dd1-7ce7-483f-9ec5-4e864fa46488",
              "isHook": false,
              "skipped": false
            },
            {
              "title": "Verifica se a altura do board é 50 quando um valor maior é colocado no input",
              "fullTitle": "11 - Limite o tamanho mínimo e máximo do board. Verifica se a altura do board é 50 quando um valor maior é colocado no input",
              "timedOut": null,
              "duration": 4326,
              "state": "failed",
              "speed": null,
              "pass": false,
              "fail": true,
              "pending": false,
              "context": null,
              "code": "cy.get('#board-size').clear().type(51);\ncy.get('#generate-board').click();\ncy.get('.pixel').should('have.length', 2500);",
              "err": {
                "message": "CypressError: Timed out retrying: Expected to find element: '#board-size', but never found it.",
                "estack": "CypressError: Timed out retrying: Expected to find element: '#board-size', but never found it.\n    at cypressErr (http://localhost:32801/__cypress/runner/cypress_runner.js:149934:9)\n    at throwErr (http://localhost:32801/__cypress/runner/cypress_runner.js:149867:11)\n    at Object.throwErrByPath (http://localhost:32801/__cypress/runner/cypress_runner.js:149915:3)\n    at retry (http://localhost:32801/__cypress/runner/cypress_runner.js:144197:19)\n    at onFailFn (http://localhost:32801/__cypress/runner/cypress_runner.js:132448:16)\n    at tryCatcher (http://localhost:32801/__cypress/runner/cypress_runner.js:167415:23)\n    at Promise._settlePromiseFromHandler (http://localhost:32801/__cypress/runner/cypress_runner.js:165351:31)\n    at Promise._settlePromise (http://localhost:32801/__cypress/runner/cypress_runner.js:165408:18)\n    at Promise._settlePromise0 (http://localhost:32801/__cypress/runner/cypress_runner.js:165453:10)\n    at Promise._settlePromises (http://localhost:32801/__cypress/runner/cypress_runner.js:165528:18)\n    at Async../node_modules/bluebird/js/release/async.js.Async._drainQueue (http://localhost:32801/__cypress/runner/cypress_runner.js:162140:16)\n    at Async../node_modules/bluebird/js/release/async.js.Async._drainQueues (http://localhost:32801/__cypress/runner/cypress_runner.js:162150:10)\n    at Async.drainQueues (http://localhost:32801/__cypress/runner/cypress_runner.js:162024:14)",
                "diff": null
              },
              "uuid": "2f0952c1-0d03-4326-9661-3e61f64e2a92",
              "parentUUID": "9e974dd1-7ce7-483f-9ec5-4e864fa46488",
              "isHook": false,
              "skipped": false
            }
          ],
          "suites": [],
          "passes": [],
          "failures": [
            "6bcd54a3-c106-4002-b84f-cd554d10a4ce",
            "a95d6953-5077-4760-97ee-e08b9e2a83d7",
            "2f0952c1-0d03-4326-9661-3e61f64e2a92"
          ],
          "pending": [],
          "skipped": [],
          "duration": 13053,
          "root": false,
          "rootEmpty": false,
          "_timeout": 2000
        },
        {
          "uuid": "e388e2f1-a55c-4947-a8ca-bc1a81d11674",
          "title": "12 - Faça com que as cores da paleta sejam geradas aleatoriamente ao carregar a página.",
          "fullFile": "",
          "file": "",
          "beforeHooks": [],
          "afterHooks": [],
          "tests": [
            {
              "title": "Verifica se as cores geradas na paleta são diferentes a cada carregamento da página",
              "fullTitle": "12 - Faça com que as cores da paleta sejam geradas aleatoriamente ao carregar a página. Verifica se as cores geradas na paleta são diferentes a cada carregamento da página",
              "timedOut": null,
              "duration": 439,
              "state": "failed",
              "speed": null,
              "pass": false,
              "fail": true,
              "pending": false,
              "context": null,
              "code": "cy.get('.color').then(function (colors) {\n  var currentColors;\n  var previousColors;\n  previousColors = Array.from(colors).map(function (color) {\n    return Cypress.$(color).css('background-color');\n  });\n  for (var i = 0; i < 5; i += 1) {\n    cy.reload();\n    cy.get('.color').then(function (colors) {\n      currentColors = Array.from(colors).map(function (color) {\n        return Cypress.$(color).css('background-color');\n      });\n      expect(currentColors).not.to.deep.equal(previousColors);\n      previousColors = currentColors;\n    });\n  }\n});",
              "err": {
                "message": "AssertionError: expected [ Array(4) ] to not deeply equal [ Array(4) ]",
                "estack": "AssertionError: expected [ Array(4) ] to not deeply equal [ Array(4) ]\n    at getRet (http://localhost:32801/__cypress/runner/cypress_runner.js:136585:16)\n    at tryCatcher (http://localhost:32801/__cypress/runner/cypress_runner.js:167415:23)\n    at Function.Promise.attempt.Promise.try (http://localhost:32801/__cypress/runner/cypress_runner.js:164690:29)\n    at Context.thenFn (http://localhost:32801/__cypress/runner/cypress_runner.js:136599:23)\n    at Context.then (http://localhost:32801/__cypress/runner/cypress_runner.js:136971:21)\n    at Context.<anonymous> (http://localhost:32801/__cypress/runner/cypress_runner.js:148875:21)\n    at http://localhost:32801/__cypress/runner/cypress_runner.js:148351:33\n    at tryCatcher (http://localhost:32801/__cypress/runner/cypress_runner.js:167415:23)\n    at Promise._settlePromiseFromHandler (http://localhost:32801/__cypress/runner/cypress_runner.js:165351:31)\n    at Promise._settlePromise (http://localhost:32801/__cypress/runner/cypress_runner.js:165408:18)\n    at Promise._settlePromiseCtx (http://localhost:32801/__cypress/runner/cypress_runner.js:165445:10)\n    at Async../node_modules/bluebird/js/release/async.js.Async._drainQueue (http://localhost:32801/__cypress/runner/cypress_runner.js:162145:12)\n    at Async../node_modules/bluebird/js/release/async.js.Async._drainQueues (http://localhost:32801/__cypress/runner/cypress_runner.js:162150:10)\n    at Async.drainQueues (http://localhost:32801/__cypress/runner/cypress_runner.js:162024:14)",
                "diff": ""
              },
              "uuid": "e7c906b9-936f-49d9-9496-29affd5992f3",
              "parentUUID": "e388e2f1-a55c-4947-a8ca-bc1a81d11674",
              "isHook": false,
              "skipped": false
            },
            {
              "title": "Verifica se a cor preta ainda está presente e é a primeira na sua paleta de cores",
              "fullTitle": "12 - Faça com que as cores da paleta sejam geradas aleatoriamente ao carregar a página. Verifica se a cor preta ainda está presente e é a primeira na sua paleta de cores",
              "timedOut": null,
              "duration": 312,
              "state": "failed",
              "speed": null,
              "pass": false,
              "fail": true,
              "pending": false,
              "context": null,
              "code": "cy.get('.color').then(function (colors) {\n  var currentColors;\n  var previousColors;\n  previousColors = Array.from(colors).map(function (color) {\n    return Cypress.$(color).css('background-color');\n  });\n  expect(previousColors[0]).to.eq(BLACK);\n  for (var i = 0; i < 5; i += 1) {\n    cy.reload();\n    cy.get('.color').then(function (colors) {\n      currentColors = Array.from(colors).map(function (color) {\n        return Cypress.$(color).css('background-color');\n      });\n      expect(currentColors[0]).to.eq(BLACK);\n      expect(currentColors).not.to.deep.equal(previousColors);\n      previousColors = currentColors;\n    });\n  }\n});",
              "err": {
                "message": "AssertionError: expected 'rgba(0, 0, 0, 0)' to equal 'rgb(0, 0, 0)'",
                "estack": "AssertionError: expected 'rgba(0, 0, 0, 0)' to equal 'rgb(0, 0, 0)'\n    at getRet (http://localhost:32801/__cypress/runner/cypress_runner.js:136585:16)\n    at tryCatcher (http://localhost:32801/__cypress/runner/cypress_runner.js:167415:23)\n    at Function.Promise.attempt.Promise.try (http://localhost:32801/__cypress/runner/cypress_runner.js:164690:29)\n    at Context.thenFn (http://localhost:32801/__cypress/runner/cypress_runner.js:136599:23)\n    at Context.then (http://localhost:32801/__cypress/runner/cypress_runner.js:136971:21)\n    at Context.<anonymous> (http://localhost:32801/__cypress/runner/cypress_runner.js:148875:21)\n    at http://localhost:32801/__cypress/runner/cypress_runner.js:148351:33\n    at tryCatcher (http://localhost:32801/__cypress/runner/cypress_runner.js:167415:23)\n    at Promise._settlePromiseFromHandler (http://localhost:32801/__cypress/runner/cypress_runner.js:165351:31)\n    at Promise._settlePromise (http://localhost:32801/__cypress/runner/cypress_runner.js:165408:18)\n    at Promise._settlePromiseCtx (http://localhost:32801/__cypress/runner/cypress_runner.js:165445:10)\n    at Async../node_modules/bluebird/js/release/async.js.Async._drainQueue (http://localhost:32801/__cypress/runner/cypress_runner.js:162145:12)\n    at Async../node_modules/bluebird/js/release/async.js.Async._drainQueues (http://localhost:32801/__cypress/runner/cypress_runner.js:162150:10)\n    at Async.drainQueues (http://localhost:32801/__cypress/runner/cypress_runner.js:162024:14)",
                "diff": "- 'rgba(0, 0, 0, 0)'\n+ 'rgb(0, 0, 0)'\n"
              },
              "uuid": "115bb6e3-0bf0-4721-80c1-905b5c578044",
              "parentUUID": "e388e2f1-a55c-4947-a8ca-bc1a81d11674",
              "isHook": false,
              "skipped": false
            }
          ],
          "suites": [],
          "passes": [],
          "failures": [
            "e7c906b9-936f-49d9-9496-29affd5992f3",
            "115bb6e3-0bf0-4721-80c1-905b5c578044"
          ],
          "pending": [],
          "skipped": [],
          "duration": 751,
          "root": false,
          "rootEmpty": false,
          "_timeout": 2000
        }
      ],
      "passes": [],
      "failures": [],
      "pending": [],
      "skipped": [],
      "duration": 0,
      "root": true,
      "rootEmpty": true,
      "_timeout": 2000
    }
  ],
  "meta": {
    "mocha": {
      "version": "7.0.1"
    },
    "mochawesome": {
      "options": {
        "quiet": false,
        "reportFilename": "mochawesome",
        "saveHtml": false,
        "saveJson": true,
        "consoleReporter": "spec",
        "useInlineDiffs": false
      },
      "version": "4.1.0"
    },
    "marge": {
      "options": {
        "id": "default",
        "reportDir": "cypress/reports",
        "overwrite": true,
        "html": false,
        "json": true
      },
      "version": "4.1.0"
    }
  }
}