{
  "stats": {
    "suites": 12,
    "tests": 41,
    "passes": 10,
    "pending": 0,
    "failures": 31,
    "start": "2021-09-10T21:18:14.321Z",
    "end": "2021-09-10T21:20:22.746Z",
    "duration": 128425,
    "testsRegistered": 41,
    "passPercent": 24.390243902439025,
    "pendingPercent": 0,
    "other": 0,
    "hasOther": false,
    "skipped": 0,
    "hasSkipped": false
  },
  "results": [
    {
      "uuid": "7caed2b2-8ec9-468f-988b-e70e60637a0a",
      "title": "",
      "fullFile": "cypress/integration/project.spec.js",
      "file": "cypress/integration/project.spec.js",
      "beforeHooks": [],
      "afterHooks": [],
      "tests": [],
      "suites": [
        {
          "uuid": "6c2f323d-d746-4deb-812b-0473cfd823b4",
          "title": "1 - Adicione à página o título \"Paleta de Cores\".",
          "fullFile": "",
          "file": "",
          "beforeHooks": [],
          "afterHooks": [],
          "tests": [
            {
              "title": "Verifica se contém um elemento `h1` com o id `title` com o título correto",
              "fullTitle": "1 - Adicione à página o título \"Paleta de Cores\". Verifica se contém um elemento `h1` com o id `title` com o título correto",
              "timedOut": null,
              "duration": 192,
              "state": "passed",
              "speed": "slow",
              "pass": true,
              "fail": false,
              "pending": false,
              "context": null,
              "code": "cy.get('h1#title').should('contain.text', 'Paleta de Cores');",
              "err": {},
              "uuid": "07b752be-712b-4999-a76e-94908b2054d1",
              "parentUUID": "6c2f323d-d746-4deb-812b-0473cfd823b4",
              "isHook": false,
              "skipped": false
            }
          ],
          "suites": [],
          "passes": [
            "07b752be-712b-4999-a76e-94908b2054d1"
          ],
          "failures": [],
          "pending": [],
          "skipped": [],
          "duration": 192,
          "root": false,
          "rootEmpty": false,
          "_timeout": 2000
        },
        {
          "uuid": "22141cd2-5e92-4b89-94c7-3225b493226b",
          "title": "2 - Adicione à página uma paleta de quatro cores distintas.",
          "fullFile": "",
          "file": "",
          "beforeHooks": [],
          "afterHooks": [],
          "tests": [
            {
              "title": "A paleta de cores deve ser um elemento com `id` denominado `color-palette`",
              "fullTitle": "2 - Adicione à página uma paleta de quatro cores distintas. A paleta de cores deve ser um elemento com `id` denominado `color-palette`",
              "timedOut": null,
              "duration": 193,
              "state": "passed",
              "speed": "slow",
              "pass": true,
              "fail": false,
              "pending": false,
              "context": null,
              "code": "cy.get('#color-palette').should('be.visible');\ncy.get('#color-palette').children('.color');",
              "err": {},
              "uuid": "13006316-3bd3-4560-8df9-c4175c248e06",
              "parentUUID": "22141cd2-5e92-4b89-94c7-3225b493226b",
              "isHook": false,
              "skipped": false
            },
            {
              "title": "Verifica se cada cor individual da paleta de cores possui a `classe` chamada `color`.",
              "fullTitle": "2 - Adicione à página uma paleta de quatro cores distintas. Verifica se cada cor individual da paleta de cores possui a `classe` chamada `color`.",
              "timedOut": null,
              "duration": 137,
              "state": "passed",
              "speed": "slow",
              "pass": true,
              "fail": false,
              "pending": false,
              "context": null,
              "code": "cy.get('.color').should('have.length', 4).then(function (colors) {\n  for (var i = 0; i < colors.length; i++) {\n    cy.wrap(colors[i]).should('be.visible');\n  }\n});",
              "err": {},
              "uuid": "e364dbfb-525a-43bf-9318-24e721ba376d",
              "parentUUID": "22141cd2-5e92-4b89-94c7-3225b493226b",
              "isHook": false,
              "skipped": false
            },
            {
              "title": "Verifica se a cor de fundo de cada elemento da paleta é a cor que o elemento representa. **A única cor não permitida na paleta é a cor branca.**",
              "fullTitle": "2 - Adicione à página uma paleta de quatro cores distintas. Verifica se a cor de fundo de cada elemento da paleta é a cor que o elemento representa. **A única cor não permitida na paleta é a cor branca.**",
              "timedOut": null,
              "duration": 227,
              "state": "passed",
              "speed": "slow",
              "pass": true,
              "fail": false,
              "pending": false,
              "context": null,
              "code": "cy.get('.color').each(function (color) {\n  cy.wrap(color).should('have.class', 'color').and('not.have.css', 'background-color', WHITE);\n  cy.wrap(color).should('have.css', 'background-color');\n});",
              "err": {},
              "uuid": "8bbb5f09-1c42-448f-951b-2c17d404b596",
              "parentUUID": "22141cd2-5e92-4b89-94c7-3225b493226b",
              "isHook": false,
              "skipped": false
            },
            {
              "title": "Verifica se cada elemento da paleta de cores tem uma borda preta, sólida e com 1 pixel de largura;",
              "fullTitle": "2 - Adicione à página uma paleta de quatro cores distintas. Verifica se cada elemento da paleta de cores tem uma borda preta, sólida e com 1 pixel de largura;",
              "timedOut": null,
              "duration": 138,
              "state": "passed",
              "speed": "slow",
              "pass": true,
              "fail": false,
              "pending": false,
              "context": null,
              "code": "cy.get('.color').each(function (color) {\n  cy.wrap(color).and('have.css', 'border', \"1px solid \".concat(BLACK)).and('have.class', 'color');\n});",
              "err": {},
              "uuid": "77d9d8f7-a910-4ebd-84b8-3def839774cf",
              "parentUUID": "22141cd2-5e92-4b89-94c7-3225b493226b",
              "isHook": false,
              "skipped": false
            },
            {
              "title": "Verifica se a paleta lista todas as cores disponíveis para utilização, lado a lado.",
              "fullTitle": "2 - Adicione à página uma paleta de quatro cores distintas. Verifica se a paleta lista todas as cores disponíveis para utilização, lado a lado.",
              "timedOut": null,
              "duration": 125,
              "state": "passed",
              "speed": "slow",
              "pass": true,
              "fail": false,
              "pending": false,
              "context": null,
              "code": "cy.get('.color').then(function (colors) {\n  for (var index = 1; index < colors.length; index += 1) {\n    var currentColor = colors[index];\n    var previousColor = colors[index - 1];\n    cy.wrap(currentColor).should('be.onTheRightOf', previousColor).and('be.horizontallyAlignedWith', previousColor);\n  }\n});",
              "err": {},
              "uuid": "7bbf6077-3ac7-446a-9e92-408a86a5946e",
              "parentUUID": "22141cd2-5e92-4b89-94c7-3225b493226b",
              "isHook": false,
              "skipped": false
            },
            {
              "title": "Verifica se a paleta de cores está posicionada abaixo do título 'Paleta de Cores'",
              "fullTitle": "2 - Adicione à página uma paleta de quatro cores distintas. Verifica se a paleta de cores está posicionada abaixo do título 'Paleta de Cores'",
              "timedOut": null,
              "duration": 104,
              "state": "passed",
              "speed": "slow",
              "pass": true,
              "fail": false,
              "pending": false,
              "context": null,
              "code": "cy.get('h1#title').then(function (title) {\n  cy.get('#color-palette').should('be.belowOf', title);\n});",
              "err": {},
              "uuid": "51376d16-245c-49d2-9768-c48c3225fbf8",
              "parentUUID": "22141cd2-5e92-4b89-94c7-3225b493226b",
              "isHook": false,
              "skipped": false
            },
            {
              "title": "Verifica se a paleta de cores não contém cores repetidas.",
              "fullTitle": "2 - Adicione à página uma paleta de quatro cores distintas. Verifica se a paleta de cores não contém cores repetidas.",
              "timedOut": null,
              "duration": 202,
              "state": "passed",
              "speed": "slow",
              "pass": true,
              "fail": false,
              "pending": false,
              "context": null,
              "code": "cy.get('.color').then(function (colors) {\n  var allColors = Array.from(colors).map(function (color) {\n    return Cypress.$(color).css('background-color');\n  });\n  cy.log(allColors);\n  var uniqColors = (0, _toConsumableArray2[\"default\"])(new Set(allColors));\n  cy.log(uniqColors);\n  expect(allColors.length).to.eq(uniqColors.length);\n});",
              "err": {},
              "uuid": "650456d3-14d8-4305-9b12-9492a57434f8",
              "parentUUID": "22141cd2-5e92-4b89-94c7-3225b493226b",
              "isHook": false,
              "skipped": false
            }
          ],
          "suites": [],
          "passes": [
            "13006316-3bd3-4560-8df9-c4175c248e06",
            "e364dbfb-525a-43bf-9318-24e721ba376d",
            "8bbb5f09-1c42-448f-951b-2c17d404b596",
            "77d9d8f7-a910-4ebd-84b8-3def839774cf",
            "7bbf6077-3ac7-446a-9e92-408a86a5946e",
            "51376d16-245c-49d2-9768-c48c3225fbf8",
            "650456d3-14d8-4305-9b12-9492a57434f8"
          ],
          "failures": [],
          "pending": [],
          "skipped": [],
          "duration": 1126,
          "root": false,
          "rootEmpty": false,
          "_timeout": 2000
        },
        {
          "uuid": "da6fe6be-a3e5-4dd5-ae11-941d4e454c88",
          "title": "3 - Adicione a cor **preta** como a primeira cor da paleta de cores.",
          "fullFile": "",
          "file": "",
          "beforeHooks": [],
          "afterHooks": [],
          "tests": [
            {
              "title": "Verifica se a primeira cor da paleta é preta",
              "fullTitle": "3 - Adicione a cor **preta** como a primeira cor da paleta de cores. Verifica se a primeira cor da paleta é preta",
              "timedOut": null,
              "duration": 4315,
              "state": "failed",
              "speed": null,
              "pass": false,
              "fail": true,
              "pending": false,
              "context": null,
              "code": "cy.get('.color').first().should('have.css', 'background-color', BLACK);",
              "err": {
                "message": "CypressError: Timed out retrying: expected '<div#blue.color>' to have CSS property 'background-color' with the value 'rgb(0, 0, 0)', but the value was 'rgb(0, 0, 255)'",
                "estack": "CypressError: Timed out retrying: expected '<div#blue.color>' to have CSS property 'background-color' with the value 'rgb(0, 0, 0)', but the value was 'rgb(0, 0, 255)'\n    at cypressErr (http://localhost:32779/__cypress/runner/cypress_runner.js:149934:9)\n    at throwErr (http://localhost:32779/__cypress/runner/cypress_runner.js:149867:11)\n    at Object.throwErrByPath (http://localhost:32779/__cypress/runner/cypress_runner.js:149915:3)\n    at retry (http://localhost:32779/__cypress/runner/cypress_runner.js:144197:19)\n    at onFailFn (http://localhost:32779/__cypress/runner/cypress_runner.js:132448:16)\n    at tryCatcher (http://localhost:32779/__cypress/runner/cypress_runner.js:167415:23)\n    at Promise._settlePromiseFromHandler (http://localhost:32779/__cypress/runner/cypress_runner.js:165351:31)\n    at Promise._settlePromise (http://localhost:32779/__cypress/runner/cypress_runner.js:165408:18)\n    at Promise._settlePromise0 (http://localhost:32779/__cypress/runner/cypress_runner.js:165453:10)\n    at Promise._settlePromises (http://localhost:32779/__cypress/runner/cypress_runner.js:165528:18)\n    at Async../node_modules/bluebird/js/release/async.js.Async._drainQueue (http://localhost:32779/__cypress/runner/cypress_runner.js:162140:16)\n    at Async../node_modules/bluebird/js/release/async.js.Async._drainQueues (http://localhost:32779/__cypress/runner/cypress_runner.js:162150:10)\n    at Async.drainQueues (http://localhost:32779/__cypress/runner/cypress_runner.js:162024:14)",
                "diff": null
              },
              "uuid": "0caa369a-0c57-4bfd-addf-8b91229fbd92",
              "parentUUID": "da6fe6be-a3e5-4dd5-ae11-941d4e454c88",
              "isHook": false,
              "skipped": false
            },
            {
              "title": "Verifica se as demais cores podem ser escolhidas livremente.",
              "fullTitle": "3 - Adicione a cor **preta** como a primeira cor da paleta de cores. Verifica se as demais cores podem ser escolhidas livremente.",
              "timedOut": null,
              "duration": 269,
              "state": "passed",
              "speed": "slow",
              "pass": true,
              "fail": false,
              "pending": false,
              "context": null,
              "code": "cy.get('.color').eq(1).should('not.have.css', 'background-color', BLACK);\ncy.get('.color').eq(1).should('not.have.css', 'background-color', WHITE);\ncy.get('.color').eq(1).should('not.have.css', 'background-color', 'rgba(0, 0, 0, 0)');\ncy.get('.color').eq(1).should('have.css', 'background-color');\ncy.get('.color').eq(2).should('not.have.css', 'background-color', BLACK);\ncy.get('.color').eq(2).should('not.have.css', 'background-color', WHITE);\ncy.get('.color').eq(2).should('not.have.css', 'background-color', 'rgba(0, 0, 0, 0)');\ncy.get('.color').eq(2).should('have.css', 'background-color');\ncy.get('.color').eq(3).should('not.have.css', 'background-color', BLACK);\ncy.get('.color').eq(3).should('not.have.css', 'background-color', WHITE);\ncy.get('.color').eq(3).should('not.have.css', 'background-color', 'rgba(0, 0, 0, 0)');\ncy.get('.color').eq(3).should('have.css', 'background-color');",
              "err": {},
              "uuid": "484d2620-3d08-47cd-a766-38c7f5b05cab",
              "parentUUID": "da6fe6be-a3e5-4dd5-ae11-941d4e454c88",
              "isHook": false,
              "skipped": false
            }
          ],
          "suites": [],
          "passes": [
            "484d2620-3d08-47cd-a766-38c7f5b05cab"
          ],
          "failures": [
            "0caa369a-0c57-4bfd-addf-8b91229fbd92"
          ],
          "pending": [],
          "skipped": [],
          "duration": 4584,
          "root": false,
          "rootEmpty": false,
          "_timeout": 2000
        },
        {
          "uuid": "263c85fb-93a8-404c-baa5-82da1c4d5099",
          "title": "4 - Adicione à página um quadro de pixels, com 25 pixels.",
          "fullFile": "",
          "file": "",
          "beforeHooks": [],
          "afterHooks": [],
          "tests": [
            {
              "title": "Verifica se o quadro de pixels possui o `id` denominado `pixel-board`",
              "fullTitle": "4 - Adicione à página um quadro de pixels, com 25 pixels. Verifica se o quadro de pixels possui o `id` denominado `pixel-board`",
              "timedOut": null,
              "duration": 4247,
              "state": "failed",
              "speed": null,
              "pass": false,
              "fail": true,
              "pending": false,
              "context": null,
              "code": "cy.get('#pixel-board').should('be.visible');",
              "err": {
                "message": "CypressError: Timed out retrying: Expected to find element: '#pixel-board', but never found it.",
                "estack": "CypressError: Timed out retrying: Expected to find element: '#pixel-board', but never found it.\n    at cypressErr (http://localhost:32779/__cypress/runner/cypress_runner.js:149934:9)\n    at throwErr (http://localhost:32779/__cypress/runner/cypress_runner.js:149867:11)\n    at Object.throwErrByPath (http://localhost:32779/__cypress/runner/cypress_runner.js:149915:3)\n    at retry (http://localhost:32779/__cypress/runner/cypress_runner.js:144197:19)\n    at onFailFn (http://localhost:32779/__cypress/runner/cypress_runner.js:132448:16)\n    at tryCatcher (http://localhost:32779/__cypress/runner/cypress_runner.js:167415:23)\n    at Promise._settlePromiseFromHandler (http://localhost:32779/__cypress/runner/cypress_runner.js:165351:31)\n    at Promise._settlePromise (http://localhost:32779/__cypress/runner/cypress_runner.js:165408:18)\n    at Promise._settlePromise0 (http://localhost:32779/__cypress/runner/cypress_runner.js:165453:10)\n    at Promise._settlePromises (http://localhost:32779/__cypress/runner/cypress_runner.js:165528:18)\n    at Async../node_modules/bluebird/js/release/async.js.Async._drainQueue (http://localhost:32779/__cypress/runner/cypress_runner.js:162140:16)\n    at Async../node_modules/bluebird/js/release/async.js.Async._drainQueues (http://localhost:32779/__cypress/runner/cypress_runner.js:162150:10)\n    at Async.drainQueues (http://localhost:32779/__cypress/runner/cypress_runner.js:162024:14)",
                "diff": null
              },
              "uuid": "7ba4c00e-0ee2-453d-be3d-ece09f3ecb2d",
              "parentUUID": "263c85fb-93a8-404c-baa5-82da1c4d5099",
              "isHook": false,
              "skipped": false
            },
            {
              "title": "Verifica se cada pixel individual dentro do quadro possui a `classe` denominada `pixel`.",
              "fullTitle": "4 - Adicione à página um quadro de pixels, com 25 pixels. Verifica se cada pixel individual dentro do quadro possui a `classe` denominada `pixel`.",
              "timedOut": null,
              "duration": 4330,
              "state": "failed",
              "speed": null,
              "pass": false,
              "fail": true,
              "pending": false,
              "context": null,
              "code": "cy.get('.pixel').should('have.length', 25);",
              "err": {
                "message": "CypressError: Timed out retrying: Expected to find element: '.pixel', but never found it.",
                "estack": "CypressError: Timed out retrying: Expected to find element: '.pixel', but never found it.\n    at cypressErr (http://localhost:32779/__cypress/runner/cypress_runner.js:149934:9)\n    at throwErr (http://localhost:32779/__cypress/runner/cypress_runner.js:149867:11)\n    at Object.throwErrByPath (http://localhost:32779/__cypress/runner/cypress_runner.js:149915:3)\n    at retry (http://localhost:32779/__cypress/runner/cypress_runner.js:144197:19)\n    at onFailFn (http://localhost:32779/__cypress/runner/cypress_runner.js:132448:16)\n    at tryCatcher (http://localhost:32779/__cypress/runner/cypress_runner.js:167415:23)\n    at Promise._settlePromiseFromHandler (http://localhost:32779/__cypress/runner/cypress_runner.js:165351:31)\n    at Promise._settlePromise (http://localhost:32779/__cypress/runner/cypress_runner.js:165408:18)\n    at Promise._settlePromise0 (http://localhost:32779/__cypress/runner/cypress_runner.js:165453:10)\n    at Promise._settlePromises (http://localhost:32779/__cypress/runner/cypress_runner.js:165528:18)\n    at Async../node_modules/bluebird/js/release/async.js.Async._drainQueue (http://localhost:32779/__cypress/runner/cypress_runner.js:162140:16)\n    at Async../node_modules/bluebird/js/release/async.js.Async._drainQueues (http://localhost:32779/__cypress/runner/cypress_runner.js:162150:10)\n    at Async.drainQueues (http://localhost:32779/__cypress/runner/cypress_runner.js:162024:14)",
                "diff": null
              },
              "uuid": "dfcdbb65-643f-4a47-8df1-72dab8a2ed33",
              "parentUUID": "263c85fb-93a8-404c-baa5-82da1c4d5099",
              "isHook": false,
              "skipped": false
            },
            {
              "title": "Verifica se a cor inicial dos pixels dentro do quadro, ao abrir a página, é branca.",
              "fullTitle": "4 - Adicione à página um quadro de pixels, com 25 pixels. Verifica se a cor inicial dos pixels dentro do quadro, ao abrir a página, é branca.",
              "timedOut": null,
              "duration": 4479,
              "state": "failed",
              "speed": null,
              "pass": false,
              "fail": true,
              "pending": false,
              "context": null,
              "code": "cy.get('.pixel').should('have.length', 25).each(function (pixel) {\n  expect(pixel).to.have.css('background-color', WHITE);\n});",
              "err": {
                "message": "CypressError: Timed out retrying: Expected to find element: '.pixel', but never found it.",
                "estack": "CypressError: Timed out retrying: Expected to find element: '.pixel', but never found it.\n    at cypressErr (http://localhost:32779/__cypress/runner/cypress_runner.js:149934:9)\n    at throwErr (http://localhost:32779/__cypress/runner/cypress_runner.js:149867:11)\n    at Object.throwErrByPath (http://localhost:32779/__cypress/runner/cypress_runner.js:149915:3)\n    at retry (http://localhost:32779/__cypress/runner/cypress_runner.js:144197:19)\n    at onFailFn (http://localhost:32779/__cypress/runner/cypress_runner.js:132448:16)\n    at tryCatcher (http://localhost:32779/__cypress/runner/cypress_runner.js:167415:23)\n    at Promise._settlePromiseFromHandler (http://localhost:32779/__cypress/runner/cypress_runner.js:165351:31)\n    at Promise._settlePromise (http://localhost:32779/__cypress/runner/cypress_runner.js:165408:18)\n    at Promise._settlePromise0 (http://localhost:32779/__cypress/runner/cypress_runner.js:165453:10)\n    at Promise._settlePromises (http://localhost:32779/__cypress/runner/cypress_runner.js:165528:18)\n    at Async../node_modules/bluebird/js/release/async.js.Async._drainQueue (http://localhost:32779/__cypress/runner/cypress_runner.js:162140:16)\n    at Async../node_modules/bluebird/js/release/async.js.Async._drainQueues (http://localhost:32779/__cypress/runner/cypress_runner.js:162150:10)\n    at Async.drainQueues (http://localhost:32779/__cypress/runner/cypress_runner.js:162024:14)",
                "diff": null
              },
              "uuid": "cb338499-512c-45a2-b127-c2697c6066c9",
              "parentUUID": "263c85fb-93a8-404c-baa5-82da1c4d5099",
              "isHook": false,
              "skipped": false
            },
            {
              "title": "Verifica se o quadro de pixels aparece abaixo da paleta de cores",
              "fullTitle": "4 - Adicione à página um quadro de pixels, com 25 pixels. Verifica se o quadro de pixels aparece abaixo da paleta de cores",
              "timedOut": null,
              "duration": 4497,
              "state": "failed",
              "speed": null,
              "pass": false,
              "fail": true,
              "pending": false,
              "context": null,
              "code": "cy.get('#color-palette').then(function (palette) {\n  cy.get('#pixel-board').should('be.belowOf', palette);\n});",
              "err": {
                "message": "CypressError: Timed out retrying: Expected to find element: '#pixel-board', but never found it.",
                "estack": "CypressError: Timed out retrying: Expected to find element: '#pixel-board', but never found it.\n    at cypressErr (http://localhost:32779/__cypress/runner/cypress_runner.js:149934:9)\n    at throwErr (http://localhost:32779/__cypress/runner/cypress_runner.js:149867:11)\n    at Object.throwErrByPath (http://localhost:32779/__cypress/runner/cypress_runner.js:149915:3)\n    at retry (http://localhost:32779/__cypress/runner/cypress_runner.js:144197:19)\n    at onFailFn (http://localhost:32779/__cypress/runner/cypress_runner.js:132448:16)\n    at tryCatcher (http://localhost:32779/__cypress/runner/cypress_runner.js:167415:23)\n    at Promise._settlePromiseFromHandler (http://localhost:32779/__cypress/runner/cypress_runner.js:165351:31)\n    at Promise._settlePromise (http://localhost:32779/__cypress/runner/cypress_runner.js:165408:18)\n    at Promise._settlePromise0 (http://localhost:32779/__cypress/runner/cypress_runner.js:165453:10)\n    at Promise._settlePromises (http://localhost:32779/__cypress/runner/cypress_runner.js:165528:18)\n    at Async../node_modules/bluebird/js/release/async.js.Async._drainQueue (http://localhost:32779/__cypress/runner/cypress_runner.js:162140:16)\n    at Async../node_modules/bluebird/js/release/async.js.Async._drainQueues (http://localhost:32779/__cypress/runner/cypress_runner.js:162150:10)\n    at Async.drainQueues (http://localhost:32779/__cypress/runner/cypress_runner.js:162024:14)",
                "diff": null
              },
              "uuid": "76979341-3a0c-46e0-a505-385103582174",
              "parentUUID": "263c85fb-93a8-404c-baa5-82da1c4d5099",
              "isHook": false,
              "skipped": false
            }
          ],
          "suites": [],
          "passes": [],
          "failures": [
            "7ba4c00e-0ee2-453d-be3d-ece09f3ecb2d",
            "dfcdbb65-643f-4a47-8df1-72dab8a2ed33",
            "cb338499-512c-45a2-b127-c2697c6066c9",
            "76979341-3a0c-46e0-a505-385103582174"
          ],
          "pending": [],
          "skipped": [],
          "duration": 17553,
          "root": false,
          "rootEmpty": false,
          "_timeout": 2000
        },
        {
          "uuid": "fa180f41-f7e1-44f1-a801-7c68a6628296",
          "title": "5 - Faça com que cada elemento do quadro de pixels possua 40 pixels de largura, 40 pixels de altura e seja delimitado por uma borda preta de 1 pixel.",
          "fullFile": "",
          "file": "",
          "beforeHooks": [],
          "afterHooks": [],
          "tests": [
            {
              "title": "Verifica se o quadro de pixels tem altura e comprimento de 5 elementos",
              "fullTitle": "5 - Faça com que cada elemento do quadro de pixels possua 40 pixels de largura, 40 pixels de altura e seja delimitado por uma borda preta de 1 pixel. Verifica se o quadro de pixels tem altura e comprimento de 5 elementos",
              "timedOut": null,
              "duration": 4519,
              "state": "failed",
              "speed": null,
              "pass": false,
              "fail": true,
              "pending": false,
              "context": null,
              "code": "cy.get('.pixel').should('have.length', 25).each(function (pixel) {\n  expect(pixel).to.have.css('background-color', WHITE);\n}).and(function (pixels) {\n  var rows = chunk(pixels, 5);\n  rows.forEach(function (row) {\n    for (var index = 1; index < row.length; index += 1) {\n      var current = pixels[index];\n      var previous = pixels[index - 1];\n      cy.wrap(current).should('be.onTheRightOf', previous).and('be.horizontallyAlignedWith', previous);\n    }\n  });\n  for (var index = 1; index < 5; index += 1) {\n    expect(pixels[index * 5]).to.be.belowOf(pixels[(index - 1) * 5]);\n  }\n});",
              "err": {
                "message": "CypressError: Timed out retrying: Expected to find element: '.pixel', but never found it.",
                "estack": "CypressError: Timed out retrying: Expected to find element: '.pixel', but never found it.\n    at cypressErr (http://localhost:32779/__cypress/runner/cypress_runner.js:149934:9)\n    at throwErr (http://localhost:32779/__cypress/runner/cypress_runner.js:149867:11)\n    at Object.throwErrByPath (http://localhost:32779/__cypress/runner/cypress_runner.js:149915:3)\n    at retry (http://localhost:32779/__cypress/runner/cypress_runner.js:144197:19)\n    at onFailFn (http://localhost:32779/__cypress/runner/cypress_runner.js:132448:16)\n    at tryCatcher (http://localhost:32779/__cypress/runner/cypress_runner.js:167415:23)\n    at Promise._settlePromiseFromHandler (http://localhost:32779/__cypress/runner/cypress_runner.js:165351:31)\n    at Promise._settlePromise (http://localhost:32779/__cypress/runner/cypress_runner.js:165408:18)\n    at Promise._settlePromise0 (http://localhost:32779/__cypress/runner/cypress_runner.js:165453:10)\n    at Promise._settlePromises (http://localhost:32779/__cypress/runner/cypress_runner.js:165528:18)\n    at Async../node_modules/bluebird/js/release/async.js.Async._drainQueue (http://localhost:32779/__cypress/runner/cypress_runner.js:162140:16)\n    at Async../node_modules/bluebird/js/release/async.js.Async._drainQueues (http://localhost:32779/__cypress/runner/cypress_runner.js:162150:10)\n    at Async.drainQueues (http://localhost:32779/__cypress/runner/cypress_runner.js:162024:14)",
                "diff": null
              },
              "uuid": "2d278eeb-c852-4160-8f76-2733b879cb8b",
              "parentUUID": "fa180f41-f7e1-44f1-a801-7c68a6628296",
              "isHook": false,
              "skipped": false
            },
            {
              "title": "Verifica se 40 pixels é o tamanho total do elemento, incluindo seu conteúdo e excluindo a borda preta, que deve ser criada à parte.",
              "fullTitle": "5 - Faça com que cada elemento do quadro de pixels possua 40 pixels de largura, 40 pixels de altura e seja delimitado por uma borda preta de 1 pixel. Verifica se 40 pixels é o tamanho total do elemento, incluindo seu conteúdo e excluindo a borda preta, que deve ser criada à parte.",
              "timedOut": null,
              "duration": 4537,
              "state": "failed",
              "speed": null,
              "pass": false,
              "fail": true,
              "pending": false,
              "context": null,
              "code": "cy.get('.pixel').each(function (pixel) {\n  cy.wrap(pixel).should('have.css', 'height', '40px').and('have.css', 'width', '40px').and('have.css', 'border', \"1px solid \".concat(BLACK));\n});",
              "err": {
                "message": "CypressError: Timed out retrying: Expected to find element: '.pixel', but never found it.",
                "estack": "CypressError: Timed out retrying: Expected to find element: '.pixel', but never found it.\n    at cypressErr (http://localhost:32779/__cypress/runner/cypress_runner.js:149934:9)\n    at throwErr (http://localhost:32779/__cypress/runner/cypress_runner.js:149867:11)\n    at Object.throwErrByPath (http://localhost:32779/__cypress/runner/cypress_runner.js:149915:3)\n    at retry (http://localhost:32779/__cypress/runner/cypress_runner.js:144197:19)\n    at onFailFn (http://localhost:32779/__cypress/runner/cypress_runner.js:132448:16)\n    at tryCatcher (http://localhost:32779/__cypress/runner/cypress_runner.js:167415:23)\n    at Promise._settlePromiseFromHandler (http://localhost:32779/__cypress/runner/cypress_runner.js:165351:31)\n    at Promise._settlePromise (http://localhost:32779/__cypress/runner/cypress_runner.js:165408:18)\n    at Promise._settlePromise0 (http://localhost:32779/__cypress/runner/cypress_runner.js:165453:10)\n    at Promise._settlePromises (http://localhost:32779/__cypress/runner/cypress_runner.js:165528:18)\n    at Async../node_modules/bluebird/js/release/async.js.Async._drainQueue (http://localhost:32779/__cypress/runner/cypress_runner.js:162140:16)\n    at Async../node_modules/bluebird/js/release/async.js.Async._drainQueues (http://localhost:32779/__cypress/runner/cypress_runner.js:162150:10)\n    at Async.drainQueues (http://localhost:32779/__cypress/runner/cypress_runner.js:162024:14)",
                "diff": null
              },
              "uuid": "9a5f9370-df04-4d54-9a50-8fa5c4661176",
              "parentUUID": "fa180f41-f7e1-44f1-a801-7c68a6628296",
              "isHook": false,
              "skipped": false
            }
          ],
          "suites": [],
          "passes": [],
          "failures": [
            "2d278eeb-c852-4160-8f76-2733b879cb8b",
            "9a5f9370-df04-4d54-9a50-8fa5c4661176"
          ],
          "pending": [],
          "skipped": [],
          "duration": 9056,
          "root": false,
          "rootEmpty": false,
          "_timeout": 2000
        },
        {
          "uuid": "d51e8827-2c74-4dd9-9981-4093be83c3a7",
          "title": "6 - Defina a cor preta como cor inicial. Ao carregar a página a cor preta já deve estar selecionada para pintar os pixels",
          "fullFile": "",
          "file": "",
          "beforeHooks": [],
          "afterHooks": [],
          "tests": [
            {
              "title": "Verifica se o elemento da cor preta possui, inicialmente, a `classe` `selected`",
              "fullTitle": "6 - Defina a cor preta como cor inicial. Ao carregar a página a cor preta já deve estar selecionada para pintar os pixels Verifica se o elemento da cor preta possui, inicialmente, a `classe` `selected`",
              "timedOut": null,
              "duration": 4587,
              "state": "failed",
              "speed": null,
              "pass": false,
              "fail": true,
              "pending": false,
              "context": null,
              "code": "cy.get('.selected').first().should('have.css', 'background-color', BLACK);",
              "err": {
                "message": "CypressError: Timed out retrying: Expected to find element: '.selected', but never found it.",
                "estack": "CypressError: Timed out retrying: Expected to find element: '.selected', but never found it.\n    at cypressErr (http://localhost:32779/__cypress/runner/cypress_runner.js:149934:9)\n    at throwErr (http://localhost:32779/__cypress/runner/cypress_runner.js:149867:11)\n    at Object.throwErrByPath (http://localhost:32779/__cypress/runner/cypress_runner.js:149915:3)\n    at retry (http://localhost:32779/__cypress/runner/cypress_runner.js:144197:19)\n    at onFailFn (http://localhost:32779/__cypress/runner/cypress_runner.js:132448:16)\n    at tryCatcher (http://localhost:32779/__cypress/runner/cypress_runner.js:167415:23)\n    at Promise._settlePromiseFromHandler (http://localhost:32779/__cypress/runner/cypress_runner.js:165351:31)\n    at Promise._settlePromise (http://localhost:32779/__cypress/runner/cypress_runner.js:165408:18)\n    at Promise._settlePromise0 (http://localhost:32779/__cypress/runner/cypress_runner.js:165453:10)\n    at Promise._settlePromises (http://localhost:32779/__cypress/runner/cypress_runner.js:165528:18)\n    at Async../node_modules/bluebird/js/release/async.js.Async._drainQueue (http://localhost:32779/__cypress/runner/cypress_runner.js:162140:16)\n    at Async../node_modules/bluebird/js/release/async.js.Async._drainQueues (http://localhost:32779/__cypress/runner/cypress_runner.js:162150:10)\n    at Async.drainQueues (http://localhost:32779/__cypress/runner/cypress_runner.js:162024:14)",
                "diff": null
              },
              "uuid": "74454fc2-ab2b-428d-8625-8944dbd5683e",
              "parentUUID": "d51e8827-2c74-4dd9-9981-4093be83c3a7",
              "isHook": false,
              "skipped": false
            },
            {
              "title": "Verifica se nenhuma outra cor da paleta tem a `classe` `selected`",
              "fullTitle": "6 - Defina a cor preta como cor inicial. Ao carregar a página a cor preta já deve estar selecionada para pintar os pixels Verifica se nenhuma outra cor da paleta tem a `classe` `selected`",
              "timedOut": null,
              "duration": 336,
              "state": "passed",
              "speed": "slow",
              "pass": true,
              "fail": false,
              "pending": false,
              "context": null,
              "code": "cy.get('.color:not(:first-child)').each(function (color) {\n  cy.wrap(color).should('not.have.class', 'selected');\n});",
              "err": {},
              "uuid": "fd6a9d81-55a8-4a1e-9896-d164d4b940cd",
              "parentUUID": "d51e8827-2c74-4dd9-9981-4093be83c3a7",
              "isHook": false,
              "skipped": false
            }
          ],
          "suites": [],
          "passes": [
            "fd6a9d81-55a8-4a1e-9896-d164d4b940cd"
          ],
          "failures": [
            "74454fc2-ab2b-428d-8625-8944dbd5683e"
          ],
          "pending": [],
          "skipped": [],
          "duration": 4923,
          "root": false,
          "rootEmpty": false,
          "_timeout": 2000
        },
        {
          "uuid": "25905a88-f936-428a-ac21-1c0c9c345ca6",
          "title": "7 - Clicar em uma das cores da paleta, faz com que ela seja selecionada e utilizada para preencher os pixels no quadro.",
          "fullFile": "",
          "file": "",
          "beforeHooks": [],
          "afterHooks": [],
          "tests": [
            {
              "title": "Verifica se somente uma cor da paleta de cores tem a classe `selected` de cada vez",
              "fullTitle": "7 - Clicar em uma das cores da paleta, faz com que ela seja selecionada e utilizada para preencher os pixels no quadro. Verifica se somente uma cor da paleta de cores tem a classe `selected` de cada vez",
              "timedOut": null,
              "duration": 610,
              "state": "failed",
              "speed": null,
              "pass": false,
              "fail": true,
              "pending": false,
              "context": null,
              "code": "cy.get('.color').each(function (selectedColor, selectedColorIndex) {\n  cy.wrap(selectedColor).click();\n  cy.get('.color').each(function (color, colorIndex) {\n    if (colorIndex === selectedColorIndex) {\n      expect(color).to.have[\"class\"]('selected');\n    } else {\n      expect(color).not.to.have[\"class\"]('selected');\n    }\n  });\n});",
              "err": {
                "message": "AssertionError: expected '<div#blue.color>' to have class 'selected'",
                "estack": "AssertionError: expected '<div#blue.color>' to have class 'selected'\n    at callback (http://localhost:32779/__cypress/runner/cypress_runner.js:136947:20)\n    at getRet (http://localhost:32779/__cypress/runner/cypress_runner.js:136585:16)\n    at tryCatcher (http://localhost:32779/__cypress/runner/cypress_runner.js:167415:23)\n    at Function.Promise.attempt.Promise.try (http://localhost:32779/__cypress/runner/cypress_runner.js:164690:29)\n    at thenFn (http://localhost:32779/__cypress/runner/cypress_runner.js:136599:23)\n    at yieldItem (http://localhost:32779/__cypress/runner/cypress_runner.js:136954:16)\n    at tryCatcher (http://localhost:32779/__cypress/runner/cypress_runner.js:167415:23)\n    at Object.gotValue (http://localhost:32779/__cypress/runner/cypress_runner.js:166557:18)\n    at Object.gotAccum (http://localhost:32779/__cypress/runner/cypress_runner.js:166546:25)\n    at Object.tryCatcher (http://localhost:32779/__cypress/runner/cypress_runner.js:167415:23)\n    at Promise._settlePromiseFromHandler (http://localhost:32779/__cypress/runner/cypress_runner.js:165351:31)\n    at Promise._settlePromise (http://localhost:32779/__cypress/runner/cypress_runner.js:165408:18)\n    at Promise._settlePromiseCtx (http://localhost:32779/__cypress/runner/cypress_runner.js:165445:10)\n    at Async../node_modules/bluebird/js/release/async.js.Async._drainQueue (http://localhost:32779/__cypress/runner/cypress_runner.js:162145:12)\n    at Async../node_modules/bluebird/js/release/async.js.Async._drainQueues (http://localhost:32779/__cypress/runner/cypress_runner.js:162150:10)\n    at Async.drainQueues (http://localhost:32779/__cypress/runner/cypress_runner.js:162024:14)",
                "diff": "- { '0': <div class=\"color\" id=\"blue\">teste</div>,\n-   length: 1,\n-   jquery: '3.1.1',\n-   constructor: \n-    { [Function: jQuery]\n-      fn: \n-       { jquery: '3.1.1',\n-         constructor: [Circular],\n-         length: 0,\n-         toArray: [Function: toArray],\n-         get: [Function: get],\n-         pushStack: [Function: pushStack],\n-         each: [Function: each],\n-         map: [Function: map],\n-         slice: [Function: slice],\n-         first: [Function: first],\n-         last: [Function: last],\n-         eq: [Function: eq],\n-         end: [Function: end],\n-         push: [Function: push],\n-         sort: [Function: sort],\n-         splice: [Function: splice],\n-         extend: [Function],\n-         find: [Function: find],\n-         filter: [Function: filter],\n-         not: [Function: not],\n-         is: [Function: is],\n-         init: [Function],\n-         has: [Function: has],\n-         closest: [Function: closest],\n-         index: [Function: index],\n-         add: [Function: add],\n-         addBack: [Function: addBack],\n-         parent: [Function],\n-         parents: [Function],\n-         parentsUntil: [Function],\n-         next: [Function],\n-         prev: [Function],\n-         nextAll: [Function],\n-         prevAll: [Function],\n-         nextUntil: [Function],\n-         prevUntil: [Function],\n-         siblings: [Function],\n-         children: [Function],\n-         contents: [Function],\n-         ready: [Function],\n-         data: [Function: data],\n-         removeData: [Function: removeData],\n-         queue: [Function: queue],\n-         dequeue: [Function: dequeue],\n-         clearQueue: [Function: clearQueue],\n-         promise: [Function: promise],\n-         show: [Function],\n-         hide: [Function],\n-         toggle: [Function],\n-         on: [Function: on],\n-         one: [Function: one],\n-         off: [Function: off],\n-         detach: [Function: detach],\n-         remove: [Function: remove],\n-         text: [Function: text],\n-         append: [Function: append],\n-         prepend: [Function: prepend],\n-         before: [Function: before],\n-         after: [Function: after],\n-         empty: [Function: empty],\n-         clone: [Function: clone],\n-         html: [Function: html],\n-         replaceWith: [Function: replaceWith],\n-         appendTo: [Function],\n-         prependTo: [Function],\n-         insertBefore: [Function],\n-         insertAfter: [Function],\n-         replaceAll: [Function],\n-         css: [Function: css],\n-         fadeTo: [Function: fadeTo],\n-         animate: [Function: animate],\n-         stop: [Function: stop],\n-         finish: [Function: finish],\n-         slideDown: [Function],\n-         slideUp: [Function],\n-         slideToggle: [Function],\n-         fadeIn: [Function],\n-         fadeOut: [Function],\n-         fadeToggle: [Function],\n-         delay: [Function],\n-         attr: [Function: attr],\n-         removeAttr: [Function: removeAttr],\n-         prop: [Function: prop],\n-         removeProp: [Function: removeProp],\n-         addClass: [Function: addClass],\n-         removeClass: [Function: removeClass],\n-         toggleClass: [Function: toggleClass],\n-         hasClass: [Function: hasClass],\n-         val: [Function: val],\n-         trigger: [Function: trigger],\n-         triggerHandler: [Function: triggerHandler],\n-         blur: [Function],\n-         focus: [Function],\n-         focusin: [Function],\n-         focusout: [Function],\n-         resize: [Function],\n-         scroll: [Function],\n-         click: [Function],\n-         dblclick: [Function],\n-         mousedown: [Function],\n-         mouseup: [Function],\n-         mousemove: [Function],\n-         mouseover: [Function],\n-         mouseout: [Function],\n-         mouseenter: [Function],\n-         mouseleave: [Function],\n-         change: [Function],\n-         select: [Function],\n-         submit: [Function],\n-         keydown: [Function],\n-         keypress: [Function],\n-         keyup: [Function],\n-         contextmenu: [Function],\n-         hover: [Function: hover],\n-         serialize: [Function: serialize],\n-         serializeArray: [Function: serializeArray],\n-         wrapAll: [Function: wrapAll],\n-         wrapInner: [Function: wrapInner],\n-         wrap: [Function: wrap],\n-         unwrap: [Function: unwrap],\n-         load: [Function],\n-         ajaxStart: [Function],\n-         ajaxStop: [Function],\n-         ajaxComplete: [Function],\n-         ajaxError: [Function],\n-         ajaxSuccess: [Function],\n-         ajaxSend: [Function],\n-         offset: [Function: offset],\n-         position: [Function: position],\n-         offsetParent: [Function: offsetParent],\n-         scrollLeft: [Function],\n-         scrollTop: [Function],\n-         innerHeight: [Function],\n-         height: [Function],\n-         outerHeight: [Function],\n-         innerWidth: [Function],\n-         width: [Function],\n-         outerWidth: [Function],\n-         bind: [Function: bind],\n-         unbind: [Function: unbind],\n-         delegate: [Function: delegate],\n-         undelegate: [Function: undelegate],\n-         scrollTo: [Function] },\n-      extend: [Function],\n-      expando: 'jQuery31108407702979746927',\n-      isReady: true,\n-      error: [Function: error],\n-      noop: [Function: noop],\n-      isFunction: [Function: isFunction],\n-      isArray: [Function: isArray],\n-      isWindow: [Function: isWindow],\n-      isNumeric: [Function: isNumeric],\n-      isPlainObject: [Function: isPlainObject],\n-      isEmptyObject: [Function: isEmptyObject],\n-      type: [Function: type],\n-      globalEval: [Function: globalEval],\n-      camelCase: [Function: camelCase],\n-      nodeName: [Function: nodeName],\n-      each: [Function: each],\n-      trim: [Function: trim],\n-      makeArray: [Function: makeArray],\n-      inArray: [Function: inArray],\n-      merge: [Function: merge],\n-      grep: [Function: grep],\n-      map: [Function: map],\n-      guid: 7,\n-      proxy: [Function: proxy],\n-      now: [Function: now],\n-      support: \n-       { checkClone: true,\n-         noCloneChecked: true,\n-         clearCloneStyle: true,\n-         pixelPosition: [Function: pixelPosition],\n-         boxSizingReliable: [Function: boxSizingReliable],\n-         pixelMarginRight: [Function: pixelMarginRight],\n-         reliableMarginLeft: [Function: reliableMarginLeft],\n-         checkOn: true,\n-         optSelected: true,\n-         radioValue: true,\n-         focusin: false,\n-         cors: true,\n-         ajax: true,\n-         createHTMLDocument: true },\n-      find: \n-       { [Function: Sizzle]\n-         support: [Object],\n-         isXML: [Function],\n-         setDocument: [Function],\n-         matches: [Function],\n-         matchesSelector: [Function],\n-         contains: [Function],\n-         attr: [Function],\n-         escape: [Function],\n-         error: [Function],\n-         uniqueSort: [Function],\n-         getText: [Function],\n-         selectors: [Object],\n-         tokenize: [Function],\n-         compile: [Function],\n-         select: [Function] },\n-      expr: \n-       { cacheLength: 1,\n-         createPseudo: [Function: markFunction],\n-         match: [Object],\n-         attrHandle: [Object],\n-         find: [Object],\n-         relative: [Object],\n-         preFilter: [Object],\n-         filter: [Object],\n-         pseudos: [Object],\n-         filters: [Object],\n-         setFilters: [Object],\n-         ':': [Object] },\n-      unique: [Function],\n-      uniqueSort: [Function],\n-      text: [Function],\n-      isXMLDoc: [Function],\n-      contains: [Function],\n-      escapeSelector: [Function],\n-      filter: [Function],\n-      Callbacks: [Function],\n-      Deferred: { [Function: Deferred] exceptionHook: [Function] },\n-      when: [Function: when],\n-      readyException: [Function],\n-      readyWait: 0,\n-      holdReady: [Function: holdReady],\n-      ready: { [Function: ready] then: [Function: then] },\n-      hasData: [Function: hasData],\n-      data: [Function: data],\n-      removeData: [Function: removeData],\n-      _data: [Function: _data],\n-      _removeData: [Function: _removeData],\n-      queue: [Function: queue],\n-      dequeue: [Function: dequeue],\n-      _queueHooks: [Function: _queueHooks],\n-      event: \n-       { global: [Object],\n-         add: [Function: add],\n-         remove: [Function: remove],\n-         dispatch: [Function: dispatch],\n-         handlers: [Function: handlers],\n-         addProp: [Function: addProp],\n-         fix: [Function: fix],\n-         special: [Object],\n-         trigger: [Function: trigger],\n-         simulate: [Function: simulate] },\n-      removeEvent: [Function],\n-      Event: [Function],\n-      htmlPrefilter: [Function: htmlPrefilter],\n-      clone: [Function: clone],\n-      cleanData: [Function: cleanData],\n-      cssHooks: \n-       { opacity: [Object],\n-         height: [Object],\n-         width: [Object],\n-         marginLeft: [Object],\n-         margin: [Object],\n-         padding: [Object],\n-         borderWidth: [Object],\n-         top: [Object],\n-         left: [Object] },\n-      cssNumber: \n-       { animationIterationCount: true,\n-         columnCount: true,\n-         fillOpacity: true,\n-         flexGrow: true,\n-         flexShrink: true,\n-         fontWeight: true,\n-         lineHeight: true,\n-         opacity: true,\n-         order: true,\n-         orphans: true,\n-         widows: true,\n-         zIndex: true,\n-         zoom: true },\n-      cssProps: \n-       { float: 'cssFloat',\n-         width: 'width',\n-         display: 'display',\n-         boxSizing: 'boxSizing',\n-         height: 'height',\n-         overflow: 'overflow',\n-         overflowY: 'overflowY',\n-         overflowX: 'overflowX',\n-         visibility: 'visibility',\n-         position: 'position',\n-         backgroundColor: 'backgroundColor',\n-         border: 'border',\n-         paddingRight: 'paddingRight',\n-         borderRightWidth: 'borderRightWidth',\n-         paddingLeft: 'paddingLeft',\n-         borderLeftWidth: 'borderLeftWidth',\n-         paddingTop: 'paddingTop',\n-         borderTopWidth: 'borderTopWidth',\n-         paddingBottom: 'paddingBottom',\n-         borderBottomWidth: 'borderBottomWidth' },\n-      style: [Function: style],\n-      css: [Function: css],\n-      Tween: { [Function: Tween] propHooks: [Object] },\n-      easing: \n-       { linear: [Function: linear],\n-         swing: [Function: swing],\n-         _default: 'swing' },\n-      fx: \n-       { [Function: init]\n-         step: {},\n-         tick: [Function],\n-         timer: [Function],\n-         interval: 13,\n-         start: [Function],\n-         stop: [Function],\n-         speeds: [Object] },\n-      Animation: \n-       { [Function: Animation]\n-         tweeners: [Object],\n-         tweener: [Function: tweener],\n-         prefilters: [Object],\n-         prefilter: [Function: prefilter] },\n-      speed: [Function],\n-      timers: [],\n-      attr: [Function: attr],\n-      attrHooks: { type: [Object] },\n-      removeAttr: [Function: removeAttr],\n-      prop: [Function: prop],\n-      propHooks: { tabIndex: [Object] },\n-      propFix: \n-       { for: 'htmlFor',\n-         class: 'className',\n-         tabindex: 'tabIndex',\n-         readonly: 'readOnly',\n-         maxlength: 'maxLength',\n-         cellspacing: 'cellSpacing',\n-         cellpadding: 'cellPadding',\n-         rowspan: 'rowSpan',\n-         colspan: 'colSpan',\n-         usemap: 'useMap',\n-         frameborder: 'frameBorder',\n-         contenteditable: 'contentEditable' },\n-      valHooks: \n-       { option: [Object],\n-         select: [Object],\n-         radio: [Object],\n-         checkbox: [Object] },\n-      parseXML: [Function],\n-      param: [Function],\n-      active: 0,\n-      lastModified: {},\n-      etag: {},\n-      ajaxSettings: \n-       { url: 'http://localhost:32779/__/#/tests/integration/project.spec.js',\n-         type: 'GET',\n-         isLocal: false,\n-         global: true,\n-         processData: true,\n-         async: true,\n-         contentType: 'application/x-www-form-urlencoded; charset=UTF-8',\n-         accepts: [Object],\n-         contents: [Object],\n-         responseFields: [Object],\n-         converters: [Object],\n-         flatOptions: [Object],\n-         xhr: [Function],\n-         jsonp: 'callback',\n-         jsonpCallback: [Function: jsonpCallback],\n-         cache: false },\n-      ajaxSetup: [Function: ajaxSetup],\n-      ajaxPrefilter: [Function],\n-      ajaxTransport: [Function],\n-      ajax: [Function: ajax],\n-      getJSON: [Function: getJSON],\n-      getScript: [Function: getScript],\n-      get: [Function],\n-      post: [Function],\n-      _evalUrl: [Function],\n-      parseHTML: [Function],\n-      offset: { setOffset: [Function: setOffset] },\n-      parseJSON: [Function: parse],\n-      noConflict: [Function],\n-      scrollTo: { [Function] defaults: [Object], max: [Function] } },\n-   toArray: [Function: toArray],\n-   get: [Function: get],\n-   pushStack: [Function: pushStack],\n-   each: [Function: each],\n-   map: [Function: map],\n-   slice: [Function: slice],\n-   first: [Function: first],\n-   last: [Function: last],\n-   eq: [Function: eq],\n-   end: [Function: end],\n-   push: [Function: push],\n-   sort: [Function: sort],\n-   splice: [Function: splice],\n-   extend: [Function],\n-   find: [Function: find],\n-   filter: [Function: filter],\n-   not: [Function: not],\n-   is: [Function: is],\n-   init: [Function],\n-   has: [Function: has],\n-   closest: [Function: closest],\n-   index: [Function: index],\n-   add: [Function: add],\n-   addBack: [Function: addBack],\n-   parent: [Function],\n-   parents: [Function],\n-   parentsUntil: [Function],\n-   next: [Function],\n-   prev: [Function],\n-   nextAll: [Function],\n-   prevAll: [Function],\n-   nextUntil: [Function],\n-   prevUntil: [Function],\n-   siblings: [Function],\n-   children: [Function],\n-   contents: [Function],\n-   ready: [Function],\n-   data: [Function: data],\n-   removeData: [Function: removeData],\n-   queue: [Function: queue],\n-   dequeue: [Function: dequeue],\n-   clearQueue: [Function: clearQueue],\n-   promise: [Function: promise],\n-   show: [Function],\n-   hide: [Function],\n-   toggle: [Function],\n-   on: [Function: on],\n-   one: [Function: one],\n-   off: [Function: off],\n-   detach: [Function: detach],\n-   remove: [Function: remove],\n-   text: [Function: text],\n-   append: [Function: append],\n-   prepend: [Function: prepend],\n-   before: [Function: before],\n-   after: [Function: after],\n-   empty: [Function: empty],\n-   clone: [Function: clone],\n-   html: [Function: html],\n-   replaceWith: [Function: replaceWith],\n-   appendTo: [Function],\n-   prependTo: [Function],\n-   insertBefore: [Function],\n-   insertAfter: [Function],\n-   replaceAll: [Function],\n-   css: [Function: css],\n-   fadeTo: [Function: fadeTo],\n-   animate: [Function: animate],\n-   stop: [Function: stop],\n-   finish: [Function: finish],\n-   slideDown: [Function],\n-   slideUp: [Function],\n-   slideToggle: [Function],\n-   fadeIn: [Function],\n-   fadeOut: [Function],\n-   fadeToggle: [Function],\n-   delay: [Function],\n-   attr: [Function: attr],\n-   removeAttr: [Function: removeAttr],\n-   prop: [Function: prop],\n-   removeProp: [Function: removeProp],\n-   addClass: [Function: addClass],\n-   removeClass: [Function: removeClass],\n-   toggleClass: [Function: toggleClass],\n-   hasClass: [Function: hasClass],\n-   val: [Function: val],\n-   trigger: [Function: trigger],\n-   triggerHandler: [Function: triggerHandler],\n-   blur: [Function],\n-   focus: [Function],\n-   focusin: [Function],\n-   focusout: [Function],\n-   resize: [Function],\n-   scroll: [Function],\n-   click: [Function],\n-   dblclick: [Function],\n-   mousedown: [Function],\n-   mouseup: [Function],\n-   mousemove: [Function],\n-   mouseover: [Function],\n-   mouseout: [Function],\n-   mouseenter: [Function],\n-   mouseleave: [Function],\n-   change: [Function],\n-   select: [Function],\n-   submit: [Function],\n-   keydown: [Function],\n-   keypress: [Function],\n-   keyup: [Function],\n-   contextmenu: [Function],\n-   hover: [Function: hover],\n-   serialize: [Function: serialize],\n-   serializeArray: [Function: serializeArray],\n-   wrapAll: [Function: wrapAll],\n-   wrapInner: [Function: wrapInner],\n-   wrap: [Function: wrap],\n-   unwrap: [Function: unwrap],\n-   load: [Function],\n-   ajaxStart: [Function],\n-   ajaxStop: [Function],\n-   ajaxComplete: [Function],\n-   ajaxError: [Function],\n-   ajaxSuccess: [Function],\n-   ajaxSend: [Function],\n-   offset: [Function: offset],\n-   position: [Function: position],\n-   offsetParent: [Function: offsetParent],\n-   scrollLeft: [Function],\n-   scrollTop: [Function],\n-   innerHeight: [Function],\n-   height: [Function],\n-   outerHeight: [Function],\n-   innerWidth: [Function],\n-   width: [Function],\n-   outerWidth: [Function],\n-   bind: [Function: bind],\n-   unbind: [Function: unbind],\n-   delegate: [Function: delegate],\n-   undelegate: [Function: undelegate],\n-   scrollTo: [Function] }\n+ 'selected'\n"
              },
              "uuid": "657abba3-a4ad-439f-8659-b67448d33b4e",
              "parentUUID": "25905a88-f936-428a-ac21-1c0c9c345ca6",
              "isHook": false,
              "skipped": false
            },
            {
              "title": "Verifica se os pixels dentro do quadro não têm a classe `selected` quando são clicados",
              "fullTitle": "7 - Clicar em uma das cores da paleta, faz com que ela seja selecionada e utilizada para preencher os pixels no quadro. Verifica se os pixels dentro do quadro não têm a classe `selected` quando são clicados",
              "timedOut": null,
              "duration": 4432,
              "state": "failed",
              "speed": null,
              "pass": false,
              "fail": true,
              "pending": false,
              "context": null,
              "code": "cy.get('.color').each(function (color) {\n  var backgroundColor = color.css('background-color');\n  cy.wrap(color).click();\n  cy.get('.pixel').each(function (pixel) {\n    cy.wrap(pixel).click().should('not.have.class', 'selected');\n  });\n});",
              "err": {
                "message": "CypressError: Timed out retrying: Expected to find element: '.pixel', but never found it.",
                "estack": "CypressError: Timed out retrying: Expected to find element: '.pixel', but never found it.\n    at cypressErr (http://localhost:32779/__cypress/runner/cypress_runner.js:149934:9)\n    at throwErr (http://localhost:32779/__cypress/runner/cypress_runner.js:149867:11)\n    at Object.throwErrByPath (http://localhost:32779/__cypress/runner/cypress_runner.js:149915:3)\n    at retry (http://localhost:32779/__cypress/runner/cypress_runner.js:144197:19)\n    at onFailFn (http://localhost:32779/__cypress/runner/cypress_runner.js:132448:16)\n    at tryCatcher (http://localhost:32779/__cypress/runner/cypress_runner.js:167415:23)\n    at Promise._settlePromiseFromHandler (http://localhost:32779/__cypress/runner/cypress_runner.js:165351:31)\n    at Promise._settlePromise (http://localhost:32779/__cypress/runner/cypress_runner.js:165408:18)\n    at Promise._settlePromise0 (http://localhost:32779/__cypress/runner/cypress_runner.js:165453:10)\n    at Promise._settlePromises (http://localhost:32779/__cypress/runner/cypress_runner.js:165528:18)\n    at Async../node_modules/bluebird/js/release/async.js.Async._drainQueue (http://localhost:32779/__cypress/runner/cypress_runner.js:162140:16)\n    at Async../node_modules/bluebird/js/release/async.js.Async._drainQueues (http://localhost:32779/__cypress/runner/cypress_runner.js:162150:10)\n    at Async.drainQueues (http://localhost:32779/__cypress/runner/cypress_runner.js:162024:14)",
                "diff": null
              },
              "uuid": "01116d87-6bf9-4365-b3e8-8794d4e8e700",
              "parentUUID": "25905a88-f936-428a-ac21-1c0c9c345ca6",
              "isHook": false,
              "skipped": false
            }
          ],
          "suites": [],
          "passes": [],
          "failures": [
            "657abba3-a4ad-439f-8659-b67448d33b4e",
            "01116d87-6bf9-4365-b3e8-8794d4e8e700"
          ],
          "pending": [],
          "skipped": [],
          "duration": 5042,
          "root": false,
          "rootEmpty": false,
          "_timeout": 2000
        },
        {
          "uuid": "064f46f5-6c34-4fbe-97cd-17b3c1c35b6b",
          "title": "8 - Clicar em um pixel dentro do quadro após selecionar uma cor na paleta, faz com que o pixel seja preenchido com a cor selecionada.",
          "fullFile": "",
          "file": "",
          "beforeHooks": [],
          "afterHooks": [],
          "tests": [
            {
              "title": "Verifica se ao carregar a página deve ser possível pintar os pixels de preto",
              "fullTitle": "8 - Clicar em um pixel dentro do quadro após selecionar uma cor na paleta, faz com que o pixel seja preenchido com a cor selecionada. Verifica se ao carregar a página deve ser possível pintar os pixels de preto",
              "timedOut": null,
              "duration": 4406,
              "state": "failed",
              "speed": null,
              "pass": false,
              "fail": true,
              "pending": false,
              "context": null,
              "code": "cy.get('.pixel').each(function (pixel) {\n  cy.wrap(pixel).click().should('have.css', 'background-color', BLACK);\n});",
              "err": {
                "message": "CypressError: Timed out retrying: Expected to find element: '.pixel', but never found it.",
                "estack": "CypressError: Timed out retrying: Expected to find element: '.pixel', but never found it.\n    at cypressErr (http://localhost:32779/__cypress/runner/cypress_runner.js:149934:9)\n    at throwErr (http://localhost:32779/__cypress/runner/cypress_runner.js:149867:11)\n    at Object.throwErrByPath (http://localhost:32779/__cypress/runner/cypress_runner.js:149915:3)\n    at retry (http://localhost:32779/__cypress/runner/cypress_runner.js:144197:19)\n    at onFailFn (http://localhost:32779/__cypress/runner/cypress_runner.js:132448:16)\n    at tryCatcher (http://localhost:32779/__cypress/runner/cypress_runner.js:167415:23)\n    at Promise._settlePromiseFromHandler (http://localhost:32779/__cypress/runner/cypress_runner.js:165351:31)\n    at Promise._settlePromise (http://localhost:32779/__cypress/runner/cypress_runner.js:165408:18)\n    at Promise._settlePromise0 (http://localhost:32779/__cypress/runner/cypress_runner.js:165453:10)\n    at Promise._settlePromises (http://localhost:32779/__cypress/runner/cypress_runner.js:165528:18)\n    at Async../node_modules/bluebird/js/release/async.js.Async._drainQueue (http://localhost:32779/__cypress/runner/cypress_runner.js:162140:16)\n    at Async../node_modules/bluebird/js/release/async.js.Async._drainQueues (http://localhost:32779/__cypress/runner/cypress_runner.js:162150:10)\n    at Async.drainQueues (http://localhost:32779/__cypress/runner/cypress_runner.js:162024:14)",
                "diff": null
              },
              "uuid": "d0cc5a47-ef7d-47e9-bde4-24c1d58a4ced",
              "parentUUID": "064f46f5-6c34-4fbe-97cd-17b3c1c35b6b",
              "isHook": false,
              "skipped": false
            },
            {
              "title": "Verifica se após selecionar uma outra cor na paleta, é possível pintar os pixels com essa cor",
              "fullTitle": "8 - Clicar em um pixel dentro do quadro após selecionar uma cor na paleta, faz com que o pixel seja preenchido com a cor selecionada. Verifica se após selecionar uma outra cor na paleta, é possível pintar os pixels com essa cor",
              "timedOut": null,
              "duration": 4505,
              "state": "failed",
              "speed": null,
              "pass": false,
              "fail": true,
              "pending": false,
              "context": null,
              "code": "cy.get('.color').each(function (color) {\n  var backgroundColor = color.css('background-color');\n  cy.wrap(color).click();\n  cy.get('.pixel').each(function (pixel) {\n    cy.wrap(pixel).click().should('have.css', 'background-color', backgroundColor);\n  });\n});",
              "err": {
                "message": "CypressError: Timed out retrying: Expected to find element: '.pixel', but never found it.",
                "estack": "CypressError: Timed out retrying: Expected to find element: '.pixel', but never found it.\n    at cypressErr (http://localhost:32779/__cypress/runner/cypress_runner.js:149934:9)\n    at throwErr (http://localhost:32779/__cypress/runner/cypress_runner.js:149867:11)\n    at Object.throwErrByPath (http://localhost:32779/__cypress/runner/cypress_runner.js:149915:3)\n    at retry (http://localhost:32779/__cypress/runner/cypress_runner.js:144197:19)\n    at onFailFn (http://localhost:32779/__cypress/runner/cypress_runner.js:132448:16)\n    at tryCatcher (http://localhost:32779/__cypress/runner/cypress_runner.js:167415:23)\n    at Promise._settlePromiseFromHandler (http://localhost:32779/__cypress/runner/cypress_runner.js:165351:31)\n    at Promise._settlePromise (http://localhost:32779/__cypress/runner/cypress_runner.js:165408:18)\n    at Promise._settlePromise0 (http://localhost:32779/__cypress/runner/cypress_runner.js:165453:10)\n    at Promise._settlePromises (http://localhost:32779/__cypress/runner/cypress_runner.js:165528:18)\n    at Async../node_modules/bluebird/js/release/async.js.Async._drainQueue (http://localhost:32779/__cypress/runner/cypress_runner.js:162140:16)\n    at Async../node_modules/bluebird/js/release/async.js.Async._drainQueues (http://localhost:32779/__cypress/runner/cypress_runner.js:162150:10)\n    at Async.drainQueues (http://localhost:32779/__cypress/runner/cypress_runner.js:162024:14)",
                "diff": null
              },
              "uuid": "ca4b82a5-e829-403e-93bc-8d73445c0c20",
              "parentUUID": "064f46f5-6c34-4fbe-97cd-17b3c1c35b6b",
              "isHook": false,
              "skipped": false
            },
            {
              "title": "Verifica se somente o pixel que foi clicado foi preenchido com a cor selecionada, sem influenciar na cor dos demais pixels.",
              "fullTitle": "8 - Clicar em um pixel dentro do quadro após selecionar uma cor na paleta, faz com que o pixel seja preenchido com a cor selecionada. Verifica se somente o pixel que foi clicado foi preenchido com a cor selecionada, sem influenciar na cor dos demais pixels.",
              "timedOut": null,
              "duration": 4425,
              "state": "failed",
              "speed": null,
              "pass": false,
              "fail": true,
              "pending": false,
              "context": null,
              "code": "var colorToPixelIndexMap = {\n  0: 6,\n  1: 8,\n  2: 16,\n  3: 18\n};\ncy.get('.color').each(function (color, index) {\n  cy.wrap(color).click();\n  var backgroundColor = color.css('background-color');\n  var clickedPixelIndex = colorToPixelIndexMap[index];\n  cy.get('.pixel').eq(clickedPixelIndex).click();\n  cy.get('.pixel').eq(clickedPixelIndex - 1).should('not.have.css', 'background-color', backgroundColor);\n  cy.get('.pixel').eq(clickedPixelIndex + 1).should('not.have.css', 'background-color', backgroundColor);\n  cy.get('.pixel').eq(clickedPixelIndex - 5).should('not.have.css', 'background-color', backgroundColor);\n  cy.get('.pixel').eq(clickedPixelIndex + 5).should('not.have.css', 'background-color', backgroundColor);\n  cy.get('.pixel').eq(clickedPixelIndex - 6).should('not.have.css', 'background-color', backgroundColor);\n  cy.get('.pixel').eq(clickedPixelIndex - 4).should('not.have.css', 'background-color', backgroundColor);\n  cy.get('.pixel').eq(clickedPixelIndex + 4).should('not.have.css', 'background-color', backgroundColor);\n  cy.get('.pixel').eq(clickedPixelIndex + 6).should('not.have.css', 'background-color', backgroundColor);\n});",
              "err": {
                "message": "CypressError: Timed out retrying: Expected to find element: '.pixel', but never found it.",
                "estack": "CypressError: Timed out retrying: Expected to find element: '.pixel', but never found it.\n    at cypressErr (http://localhost:32779/__cypress/runner/cypress_runner.js:149934:9)\n    at throwErr (http://localhost:32779/__cypress/runner/cypress_runner.js:149867:11)\n    at Object.throwErrByPath (http://localhost:32779/__cypress/runner/cypress_runner.js:149915:3)\n    at retry (http://localhost:32779/__cypress/runner/cypress_runner.js:144197:19)\n    at onFailFn (http://localhost:32779/__cypress/runner/cypress_runner.js:132448:16)\n    at tryCatcher (http://localhost:32779/__cypress/runner/cypress_runner.js:167415:23)\n    at Promise._settlePromiseFromHandler (http://localhost:32779/__cypress/runner/cypress_runner.js:165351:31)\n    at Promise._settlePromise (http://localhost:32779/__cypress/runner/cypress_runner.js:165408:18)\n    at Promise._settlePromise0 (http://localhost:32779/__cypress/runner/cypress_runner.js:165453:10)\n    at Promise._settlePromises (http://localhost:32779/__cypress/runner/cypress_runner.js:165528:18)\n    at Async../node_modules/bluebird/js/release/async.js.Async._drainQueue (http://localhost:32779/__cypress/runner/cypress_runner.js:162140:16)\n    at Async../node_modules/bluebird/js/release/async.js.Async._drainQueues (http://localhost:32779/__cypress/runner/cypress_runner.js:162150:10)\n    at Async.drainQueues (http://localhost:32779/__cypress/runner/cypress_runner.js:162024:14)",
                "diff": null
              },
              "uuid": "a27166c2-1d89-4b69-87b9-6adcb2b75eef",
              "parentUUID": "064f46f5-6c34-4fbe-97cd-17b3c1c35b6b",
              "isHook": false,
              "skipped": false
            }
          ],
          "suites": [],
          "passes": [],
          "failures": [
            "d0cc5a47-ef7d-47e9-bde4-24c1d58a4ced",
            "ca4b82a5-e829-403e-93bc-8d73445c0c20",
            "a27166c2-1d89-4b69-87b9-6adcb2b75eef"
          ],
          "pending": [],
          "skipped": [],
          "duration": 13336,
          "root": false,
          "rootEmpty": false,
          "_timeout": 2000
        },
        {
          "uuid": "b2455284-71f9-41a9-8579-01a9b309bc12",
          "title": "9 - Crie um botão que, ao ser clicado, limpa o quadro preenchendo a cor de todos seus pixels com branco.",
          "fullFile": "",
          "file": "",
          "beforeHooks": [],
          "afterHooks": [],
          "tests": [
            {
              "title": "Verifica se o botão tem o `id` denominado `clear-board`",
              "fullTitle": "9 - Crie um botão que, ao ser clicado, limpa o quadro preenchendo a cor de todos seus pixels com branco. Verifica se o botão tem o `id` denominado `clear-board`",
              "timedOut": null,
              "duration": 4349,
              "state": "failed",
              "speed": null,
              "pass": false,
              "fail": true,
              "pending": false,
              "context": null,
              "code": "cy.get('#clear-board').should('be.visible');",
              "err": {
                "message": "CypressError: Timed out retrying: Expected to find element: '#clear-board', but never found it.",
                "estack": "CypressError: Timed out retrying: Expected to find element: '#clear-board', but never found it.\n    at cypressErr (http://localhost:32779/__cypress/runner/cypress_runner.js:149934:9)\n    at throwErr (http://localhost:32779/__cypress/runner/cypress_runner.js:149867:11)\n    at Object.throwErrByPath (http://localhost:32779/__cypress/runner/cypress_runner.js:149915:3)\n    at retry (http://localhost:32779/__cypress/runner/cypress_runner.js:144197:19)\n    at onFailFn (http://localhost:32779/__cypress/runner/cypress_runner.js:132448:16)\n    at tryCatcher (http://localhost:32779/__cypress/runner/cypress_runner.js:167415:23)\n    at Promise._settlePromiseFromHandler (http://localhost:32779/__cypress/runner/cypress_runner.js:165351:31)\n    at Promise._settlePromise (http://localhost:32779/__cypress/runner/cypress_runner.js:165408:18)\n    at Promise._settlePromise0 (http://localhost:32779/__cypress/runner/cypress_runner.js:165453:10)\n    at Promise._settlePromises (http://localhost:32779/__cypress/runner/cypress_runner.js:165528:18)\n    at Async../node_modules/bluebird/js/release/async.js.Async._drainQueue (http://localhost:32779/__cypress/runner/cypress_runner.js:162140:16)\n    at Async../node_modules/bluebird/js/release/async.js.Async._drainQueues (http://localhost:32779/__cypress/runner/cypress_runner.js:162150:10)\n    at Async.drainQueues (http://localhost:32779/__cypress/runner/cypress_runner.js:162024:14)",
                "diff": null
              },
              "uuid": "e76f859a-1306-40d7-a76a-230283f80362",
              "parentUUID": "b2455284-71f9-41a9-8579-01a9b309bc12",
              "isHook": false,
              "skipped": false
            },
            {
              "title": "Verifica se o botão está posicionado entre a paleta de cores e o quadro de pixels",
              "fullTitle": "9 - Crie um botão que, ao ser clicado, limpa o quadro preenchendo a cor de todos seus pixels com branco. Verifica se o botão está posicionado entre a paleta de cores e o quadro de pixels",
              "timedOut": null,
              "duration": 4310,
              "state": "failed",
              "speed": null,
              "pass": false,
              "fail": true,
              "pending": false,
              "context": null,
              "code": "cy.get('#color-palette').then(function (palette) {\n  cy.get('#clear-board').should('be.belowOf', palette);\n});\ncy.get('#clear-board').then(function (clearBtn) {\n  cy.get('#pixel-board').should('be.belowOf', clearBtn);\n});",
              "err": {
                "message": "CypressError: Timed out retrying: Expected to find element: '#clear-board', but never found it.",
                "estack": "CypressError: Timed out retrying: Expected to find element: '#clear-board', but never found it.\n    at cypressErr (http://localhost:32779/__cypress/runner/cypress_runner.js:149934:9)\n    at throwErr (http://localhost:32779/__cypress/runner/cypress_runner.js:149867:11)\n    at Object.throwErrByPath (http://localhost:32779/__cypress/runner/cypress_runner.js:149915:3)\n    at retry (http://localhost:32779/__cypress/runner/cypress_runner.js:144197:19)\n    at onFailFn (http://localhost:32779/__cypress/runner/cypress_runner.js:132448:16)\n    at tryCatcher (http://localhost:32779/__cypress/runner/cypress_runner.js:167415:23)\n    at Promise._settlePromiseFromHandler (http://localhost:32779/__cypress/runner/cypress_runner.js:165351:31)\n    at Promise._settlePromise (http://localhost:32779/__cypress/runner/cypress_runner.js:165408:18)\n    at Promise._settlePromise0 (http://localhost:32779/__cypress/runner/cypress_runner.js:165453:10)\n    at Promise._settlePromises (http://localhost:32779/__cypress/runner/cypress_runner.js:165528:18)\n    at Async../node_modules/bluebird/js/release/async.js.Async._drainQueue (http://localhost:32779/__cypress/runner/cypress_runner.js:162140:16)\n    at Async../node_modules/bluebird/js/release/async.js.Async._drainQueues (http://localhost:32779/__cypress/runner/cypress_runner.js:162150:10)\n    at Async.drainQueues (http://localhost:32779/__cypress/runner/cypress_runner.js:162024:14)",
                "diff": null
              },
              "uuid": "b50a82c3-9c28-4b41-a9bb-8aefa0ceed4b",
              "parentUUID": "b2455284-71f9-41a9-8579-01a9b309bc12",
              "isHook": false,
              "skipped": false
            },
            {
              "title": "Verifica se o texto do botão é 'Limpar'",
              "fullTitle": "9 - Crie um botão que, ao ser clicado, limpa o quadro preenchendo a cor de todos seus pixels com branco. Verifica se o texto do botão é 'Limpar'",
              "timedOut": null,
              "duration": 4453,
              "state": "failed",
              "speed": null,
              "pass": false,
              "fail": true,
              "pending": false,
              "context": null,
              "code": "cy.get('#clear-board').should('contain.text', 'Limpar');",
              "err": {
                "message": "CypressError: Timed out retrying: Expected to find element: '#clear-board', but never found it.",
                "estack": "CypressError: Timed out retrying: Expected to find element: '#clear-board', but never found it.\n    at cypressErr (http://localhost:32779/__cypress/runner/cypress_runner.js:149934:9)\n    at throwErr (http://localhost:32779/__cypress/runner/cypress_runner.js:149867:11)\n    at Object.throwErrByPath (http://localhost:32779/__cypress/runner/cypress_runner.js:149915:3)\n    at retry (http://localhost:32779/__cypress/runner/cypress_runner.js:144197:19)\n    at onFailFn (http://localhost:32779/__cypress/runner/cypress_runner.js:132448:16)\n    at tryCatcher (http://localhost:32779/__cypress/runner/cypress_runner.js:167415:23)\n    at Promise._settlePromiseFromHandler (http://localhost:32779/__cypress/runner/cypress_runner.js:165351:31)\n    at Promise._settlePromise (http://localhost:32779/__cypress/runner/cypress_runner.js:165408:18)\n    at Promise._settlePromise0 (http://localhost:32779/__cypress/runner/cypress_runner.js:165453:10)\n    at Promise._settlePromises (http://localhost:32779/__cypress/runner/cypress_runner.js:165528:18)\n    at Async../node_modules/bluebird/js/release/async.js.Async._drainQueue (http://localhost:32779/__cypress/runner/cypress_runner.js:162140:16)\n    at Async../node_modules/bluebird/js/release/async.js.Async._drainQueues (http://localhost:32779/__cypress/runner/cypress_runner.js:162150:10)\n    at Async.drainQueues (http://localhost:32779/__cypress/runner/cypress_runner.js:162024:14)",
                "diff": null
              },
              "uuid": "8aded838-80bf-455c-a371-4c83b4d0065d",
              "parentUUID": "b2455284-71f9-41a9-8579-01a9b309bc12",
              "isHook": false,
              "skipped": false
            },
            {
              "title": "Verifica se ao clicar no botão, o quadro de pixels é totalmente preenchido de branco",
              "fullTitle": "9 - Crie um botão que, ao ser clicado, limpa o quadro preenchendo a cor de todos seus pixels com branco. Verifica se ao clicar no botão, o quadro de pixels é totalmente preenchido de branco",
              "timedOut": null,
              "duration": 4544,
              "state": "failed",
              "speed": null,
              "pass": false,
              "fail": true,
              "pending": false,
              "context": null,
              "code": "cy.get('.color').eq(1).then(function (color) {\n  var backgroundColor = color.css('background-color');\n  cy.wrap(color).click();\n  cy.get('.pixel').each(function (pixel) {\n    cy.wrap(pixel).click().should('have.css', 'background-color', backgroundColor);\n  });\n});\ncy.get('#clear-board').click();\ncy.get('.pixel').each(function (pixel) {\n  cy.wrap(pixel).should('have.css', 'background-color', WHITE);\n});",
              "err": {
                "message": "CypressError: Timed out retrying: Expected to find element: '.pixel', but never found it.",
[...]
                "diff": null
              },
              "uuid": "601a5b60-adfb-4060-8c0d-b309782071a0",
              "parentUUID": "3f4c119a-7306-4420-a0bb-3b215f3c1531",
              "isHook": false,
              "skipped": false
            },
            {
              "title": "Verifica se o novo quadro tem todos os pixels preenchidos com a cor branca",
              "fullTitle": "10 - Faça o quadro de pixels ter seu tamanho definido pelo usuário. Verifica se o novo quadro tem todos os pixels preenchidos com a cor branca",
              "timedOut": null,
              "duration": 4435,
              "state": "failed",
              "speed": null,
              "pass": false,
              "fail": true,
              "pending": false,
              "context": null,
              "code": "cy.get('#board-size').clear().type(6);\ncy.get('#generate-board').click();\ncy.get('.pixel').should('have.length', 36).each(function (pixel) {\n  expect(pixel).to.have.css('background-color', WHITE);\n});",
              "err": {
                "message": "CypressError: Timed out retrying: Expected to find element: '#board-size', but never found it.",
                "estack": "CypressError: Timed out retrying: Expected to find element: '#board-size', but never found it.\n    at cypressErr (http://localhost:32779/__cypress/runner/cypress_runner.js:149934:9)\n    at throwErr (http://localhost:32779/__cypress/runner/cypress_runner.js:149867:11)\n    at Object.throwErrByPath (http://localhost:32779/__cypress/runner/cypress_runner.js:149915:3)\n    at retry (http://localhost:32779/__cypress/runner/cypress_runner.js:144197:19)\n    at onFailFn (http://localhost:32779/__cypress/runner/cypress_runner.js:132448:16)\n    at tryCatcher (http://localhost:32779/__cypress/runner/cypress_runner.js:167415:23)\n    at Promise._settlePromiseFromHandler (http://localhost:32779/__cypress/runner/cypress_runner.js:165351:31)\n    at Promise._settlePromise (http://localhost:32779/__cypress/runner/cypress_runner.js:165408:18)\n    at Promise._settlePromise0 (http://localhost:32779/__cypress/runner/cypress_runner.js:165453:10)\n    at Promise._settlePromises (http://localhost:32779/__cypress/runner/cypress_runner.js:165528:18)\n    at Async../node_modules/bluebird/js/release/async.js.Async._drainQueue (http://localhost:32779/__cypress/runner/cypress_runner.js:162140:16)\n    at Async../node_modules/bluebird/js/release/async.js.Async._drainQueues (http://localhost:32779/__cypress/runner/cypress_runner.js:162150:10)\n    at Async.drainQueues (http://localhost:32779/__cypress/runner/cypress_runner.js:162024:14)",
                "diff": null
              },
              "uuid": "3c355ac1-b101-472e-8b92-f87e744cfb28",
              "parentUUID": "3f4c119a-7306-4420-a0bb-3b215f3c1531",
              "isHook": false,
              "skipped": false
            }
          ],
          "suites": [],
          "passes": [],
          "failures": [
            "119c7dac-846b-4acd-963a-986970d698d5",
            "15b3aae0-5157-46b3-bacb-3bad10b2565e",
            "c9d44091-3e1a-417d-85f6-670edb529dfd",
            "bb4e870b-aefd-4529-8815-1217f38c8a47",
            "c78eff48-3ee7-4a1b-990a-370c0e30380f",
            "705fae23-4875-426e-815b-a509c7a6ead1",
            "46017c05-b571-4723-a8cc-71a4fa875daa",
            "601a5b60-adfb-4060-8c0d-b309782071a0",
            "3c355ac1-b101-472e-8b92-f87e744cfb28"
          ],
          "pending": [],
          "skipped": [],
          "duration": 39585,
          "root": false,
          "rootEmpty": false,
          "_timeout": 2000
        },
        {
          "uuid": "da38b593-37a2-4791-a6d4-7408832d9a16",
          "title": "11 - Limite o tamanho mínimo e máximo do board.",
          "fullFile": "",
          "file": "",
          "beforeHooks": [],
          "afterHooks": [],
          "tests": [
            {
              "title": "Verifica se a altura máxima do board é 50",
              "fullTitle": "11 - Limite o tamanho mínimo e máximo do board. Verifica se a altura máxima do board é 50",
              "timedOut": null,
              "duration": 4398,
              "state": "failed",
              "speed": null,
              "pass": false,
              "fail": true,
              "pending": false,
              "context": null,
              "code": "cy.get('#board-size').clear().type(50);\ncy.get('#generate-board').click();\ncy.get('.pixel').should('have.length', 2500);",
              "err": {
                "message": "CypressError: Timed out retrying: Expected to find element: '#board-size', but never found it.",
                "estack": "CypressError: Timed out retrying: Expected to find element: '#board-size', but never found it.\n    at cypressErr (http://localhost:32779/__cypress/runner/cypress_runner.js:149934:9)\n    at throwErr (http://localhost:32779/__cypress/runner/cypress_runner.js:149867:11)\n    at Object.throwErrByPath (http://localhost:32779/__cypress/runner/cypress_runner.js:149915:3)\n    at retry (http://localhost:32779/__cypress/runner/cypress_runner.js:144197:19)\n    at onFailFn (http://localhost:32779/__cypress/runner/cypress_runner.js:132448:16)\n    at tryCatcher (http://localhost:32779/__cypress/runner/cypress_runner.js:167415:23)\n    at Promise._settlePromiseFromHandler (http://localhost:32779/__cypress/runner/cypress_runner.js:165351:31)\n    at Promise._settlePromise (http://localhost:32779/__cypress/runner/cypress_runner.js:165408:18)\n    at Promise._settlePromise0 (http://localhost:32779/__cypress/runner/cypress_runner.js:165453:10)\n    at Promise._settlePromises (http://localhost:32779/__cypress/runner/cypress_runner.js:165528:18)\n    at Async../node_modules/bluebird/js/release/async.js.Async._drainQueue (http://localhost:32779/__cypress/runner/cypress_runner.js:162140:16)\n    at Async../node_modules/bluebird/js/release/async.js.Async._drainQueues (http://localhost:32779/__cypress/runner/cypress_runner.js:162150:10)\n    at Async.drainQueues (http://localhost:32779/__cypress/runner/cypress_runner.js:162024:14)",
                "diff": null
              },
              "uuid": "351e98bf-8120-45b8-9bf3-980c67e5953c",
              "parentUUID": "da38b593-37a2-4791-a6d4-7408832d9a16",
              "isHook": false,
              "skipped": false
            },
            {
              "title": "Verifica se a altura do board é 5 quando um valor menor é colocado no input",
              "fullTitle": "11 - Limite o tamanho mínimo e máximo do board. Verifica se a altura do board é 5 quando um valor menor é colocado no input",
              "timedOut": null,
              "duration": 4364,
              "state": "failed",
              "speed": null,
              "pass": false,
              "fail": true,
              "pending": false,
              "context": null,
              "code": "cy.get('#board-size').clear().type(4);\ncy.get('#generate-board').click();\ncy.get('.pixel').should('have.length', 25);",
              "err": {
                "message": "CypressError: Timed out retrying: Expected to find element: '#board-size', but never found it.",
                "estack": "CypressError: Timed out retrying: Expected to find element: '#board-size', but never found it.\n    at cypressErr (http://localhost:32779/__cypress/runner/cypress_runner.js:149934:9)\n    at throwErr (http://localhost:32779/__cypress/runner/cypress_runner.js:149867:11)\n    at Object.throwErrByPath (http://localhost:32779/__cypress/runner/cypress_runner.js:149915:3)\n    at retry (http://localhost:32779/__cypress/runner/cypress_runner.js:144197:19)\n    at onFailFn (http://localhost:32779/__cypress/runner/cypress_runner.js:132448:16)\n    at tryCatcher (http://localhost:32779/__cypress/runner/cypress_runner.js:167415:23)\n    at Promise._settlePromiseFromHandler (http://localhost:32779/__cypress/runner/cypress_runner.js:165351:31)\n    at Promise._settlePromise (http://localhost:32779/__cypress/runner/cypress_runner.js:165408:18)\n    at Promise._settlePromise0 (http://localhost:32779/__cypress/runner/cypress_runner.js:165453:10)\n    at Promise._settlePromises (http://localhost:32779/__cypress/runner/cypress_runner.js:165528:18)\n    at Async../node_modules/bluebird/js/release/async.js.Async._drainQueue (http://localhost:32779/__cypress/runner/cypress_runner.js:162140:16)\n    at Async../node_modules/bluebird/js/release/async.js.Async._drainQueues (http://localhost:32779/__cypress/runner/cypress_runner.js:162150:10)\n    at Async.drainQueues (http://localhost:32779/__cypress/runner/cypress_runner.js:162024:14)",
                "diff": null
              },
              "uuid": "f8fab831-54e9-4c56-ae40-cd0170ba4f74",
              "parentUUID": "da38b593-37a2-4791-a6d4-7408832d9a16",
              "isHook": false,
              "skipped": false
            },
            {
              "title": "Verifica se a altura do board é 50 quando um valor maior é colocado no input",
              "fullTitle": "11 - Limite o tamanho mínimo e máximo do board. Verifica se a altura do board é 50 quando um valor maior é colocado no input",
              "timedOut": null,
              "duration": 4351,
              "state": "failed",
              "speed": null,
              "pass": false,
              "fail": true,
              "pending": false,
              "context": null,
              "code": "cy.get('#board-size').clear().type(51);\ncy.get('#generate-board').click();\ncy.get('.pixel').should('have.length', 2500);",
              "err": {
                "message": "CypressError: Timed out retrying: Expected to find element: '#board-size', but never found it.",
                "estack": "CypressError: Timed out retrying: Expected to find element: '#board-size', but never found it.\n    at cypressErr (http://localhost:32779/__cypress/runner/cypress_runner.js:149934:9)\n    at throwErr (http://localhost:32779/__cypress/runner/cypress_runner.js:149867:11)\n    at Object.throwErrByPath (http://localhost:32779/__cypress/runner/cypress_runner.js:149915:3)\n    at retry (http://localhost:32779/__cypress/runner/cypress_runner.js:144197:19)\n    at onFailFn (http://localhost:32779/__cypress/runner/cypress_runner.js:132448:16)\n    at tryCatcher (http://localhost:32779/__cypress/runner/cypress_runner.js:167415:23)\n    at Promise._settlePromiseFromHandler (http://localhost:32779/__cypress/runner/cypress_runner.js:165351:31)\n    at Promise._settlePromise (http://localhost:32779/__cypress/runner/cypress_runner.js:165408:18)\n    at Promise._settlePromise0 (http://localhost:32779/__cypress/runner/cypress_runner.js:165453:10)\n    at Promise._settlePromises (http://localhost:32779/__cypress/runner/cypress_runner.js:165528:18)\n    at Async../node_modules/bluebird/js/release/async.js.Async._drainQueue (http://localhost:32779/__cypress/runner/cypress_runner.js:162140:16)\n    at Async../node_modules/bluebird/js/release/async.js.Async._drainQueues (http://localhost:32779/__cypress/runner/cypress_runner.js:162150:10)\n    at Async.drainQueues (http://localhost:32779/__cypress/runner/cypress_runner.js:162024:14)",
                "diff": null
              },
              "uuid": "3e8e560b-d6b1-40a4-967b-0260012346e8",
              "parentUUID": "da38b593-37a2-4791-a6d4-7408832d9a16",
              "isHook": false,
              "skipped": false
            }
          ],
          "suites": [],
          "passes": [],
          "failures": [
            "351e98bf-8120-45b8-9bf3-980c67e5953c",
            "f8fab831-54e9-4c56-ae40-cd0170ba4f74",
            "3e8e560b-d6b1-40a4-967b-0260012346e8"
          ],
          "pending": [],
          "skipped": [],
          "duration": 13113,
          "root": false,
          "rootEmpty": false,
          "_timeout": 2000
        },
        {
          "uuid": "2514e4aa-661f-4ec0-8a99-a798b3658831",
          "title": "12 - Faça com que as cores da paleta sejam geradas aleatoriamente ao carregar a página.",
          "fullFile": "",
          "file": "",
          "beforeHooks": [],
          "afterHooks": [],
          "tests": [
            {
              "title": "Verifica se as cores geradas na paleta são diferentes a cada carregamento da página",
              "fullTitle": "12 - Faça com que as cores da paleta sejam geradas aleatoriamente ao carregar a página. Verifica se as cores geradas na paleta são diferentes a cada carregamento da página",
              "timedOut": null,
              "duration": 445,
              "state": "failed",
              "speed": null,
              "pass": false,
              "fail": true,
              "pending": false,
              "context": null,
              "code": "cy.get('.color').then(function (colors) {\n  var currentColors;\n  var previousColors;\n  previousColors = Array.from(colors).map(function (color) {\n    return Cypress.$(color).css('background-color');\n  });\n  for (var i = 0; i < 5; i += 1) {\n    cy.reload();\n    cy.get('.color').then(function (colors) {\n      currentColors = Array.from(colors).map(function (color) {\n        return Cypress.$(color).css('background-color');\n      });\n      expect(currentColors).not.to.deep.equal(previousColors);\n      previousColors = currentColors;\n    });\n  }\n});",
              "err": {
                "message": "AssertionError: expected [ Array(4) ] to not deeply equal [ Array(4) ]",
                "estack": "AssertionError: expected [ Array(4) ] to not deeply equal [ Array(4) ]\n    at getRet (http://localhost:32779/__cypress/runner/cypress_runner.js:136585:16)\n    at tryCatcher (http://localhost:32779/__cypress/runner/cypress_runner.js:167415:23)\n    at Function.Promise.attempt.Promise.try (http://localhost:32779/__cypress/runner/cypress_runner.js:164690:29)\n    at Context.thenFn (http://localhost:32779/__cypress/runner/cypress_runner.js:136599:23)\n    at Context.then (http://localhost:32779/__cypress/runner/cypress_runner.js:136971:21)\n    at Context.<anonymous> (http://localhost:32779/__cypress/runner/cypress_runner.js:148875:21)\n    at http://localhost:32779/__cypress/runner/cypress_runner.js:148351:33\n    at tryCatcher (http://localhost:32779/__cypress/runner/cypress_runner.js:167415:23)\n    at Promise._settlePromiseFromHandler (http://localhost:32779/__cypress/runner/cypress_runner.js:165351:31)\n    at Promise._settlePromise (http://localhost:32779/__cypress/runner/cypress_runner.js:165408:18)\n    at Promise._settlePromiseCtx (http://localhost:32779/__cypress/runner/cypress_runner.js:165445:10)\n    at Async../node_modules/bluebird/js/release/async.js.Async._drainQueue (http://localhost:32779/__cypress/runner/cypress_runner.js:162145:12)\n    at Async../node_modules/bluebird/js/release/async.js.Async._drainQueues (http://localhost:32779/__cypress/runner/cypress_runner.js:162150:10)\n    at Async.drainQueues (http://localhost:32779/__cypress/runner/cypress_runner.js:162024:14)",
                "diff": ""
              },
              "uuid": "a6f69ef2-23f9-47aa-8d5c-817a9de13d84",
              "parentUUID": "2514e4aa-661f-4ec0-8a99-a798b3658831",
              "isHook": false,
              "skipped": false
            },
            {
              "title": "Verifica se a cor preta ainda está presente e é a primeira na sua paleta de cores",
              "fullTitle": "12 - Faça com que as cores da paleta sejam geradas aleatoriamente ao carregar a página. Verifica se a cor preta ainda está presente e é a primeira na sua paleta de cores",
              "timedOut": null,
              "duration": 297,
              "state": "failed",
              "speed": null,
              "pass": false,
              "fail": true,
              "pending": false,
              "context": null,
              "code": "cy.get('.color').then(function (colors) {\n  var currentColors;\n  var previousColors;\n  previousColors = Array.from(colors).map(function (color) {\n    return Cypress.$(color).css('background-color');\n  });\n  expect(previousColors[0]).to.eq(BLACK);\n  for (var i = 0; i < 5; i += 1) {\n    cy.reload();\n    cy.get('.color').then(function (colors) {\n      currentColors = Array.from(colors).map(function (color) {\n        return Cypress.$(color).css('background-color');\n      });\n      expect(currentColors[0]).to.eq(BLACK);\n      expect(currentColors).not.to.deep.equal(previousColors);\n      previousColors = currentColors;\n    });\n  }\n});",
              "err": {
                "message": "AssertionError: expected 'rgb(0, 0, 255)' to equal 'rgb(0, 0, 0)'",
                "estack": "AssertionError: expected 'rgb(0, 0, 255)' to equal 'rgb(0, 0, 0)'\n    at getRet (http://localhost:32779/__cypress/runner/cypress_runner.js:136585:16)\n    at tryCatcher (http://localhost:32779/__cypress/runner/cypress_runner.js:167415:23)\n    at Function.Promise.attempt.Promise.try (http://localhost:32779/__cypress/runner/cypress_runner.js:164690:29)\n    at Context.thenFn (http://localhost:32779/__cypress/runner/cypress_runner.js:136599:23)\n    at Context.then (http://localhost:32779/__cypress/runner/cypress_runner.js:136971:21)\n    at Context.<anonymous> (http://localhost:32779/__cypress/runner/cypress_runner.js:148875:21)\n    at http://localhost:32779/__cypress/runner/cypress_runner.js:148351:33\n    at tryCatcher (http://localhost:32779/__cypress/runner/cypress_runner.js:167415:23)\n    at Promise._settlePromiseFromHandler (http://localhost:32779/__cypress/runner/cypress_runner.js:165351:31)\n    at Promise._settlePromise (http://localhost:32779/__cypress/runner/cypress_runner.js:165408:18)\n    at Promise._settlePromiseCtx (http://localhost:32779/__cypress/runner/cypress_runner.js:165445:10)\n    at Async../node_modules/bluebird/js/release/async.js.Async._drainQueue (http://localhost:32779/__cypress/runner/cypress_runner.js:162145:12)\n    at Async../node_modules/bluebird/js/release/async.js.Async._drainQueues (http://localhost:32779/__cypress/runner/cypress_runner.js:162150:10)\n    at Async.drainQueues (http://localhost:32779/__cypress/runner/cypress_runner.js:162024:14)",
                "diff": "- 'rgb(0, 0, 255)'\n+ 'rgb(0, 0, 0)'\n"
              },
              "uuid": "e90f4802-bad3-4e79-a123-439cde9ac194",
              "parentUUID": "2514e4aa-661f-4ec0-8a99-a798b3658831",
              "isHook": false,
              "skipped": false
            }
          ],
          "suites": [],
          "passes": [],
          "failures": [
            "a6f69ef2-23f9-47aa-8d5c-817a9de13d84",
            "e90f4802-bad3-4e79-a123-439cde9ac194"
          ],
          "pending": [],
          "skipped": [],
          "duration": 742,
          "root": false,
          "rootEmpty": false,
          "_timeout": 2000
        }
      ],
      "passes": [],
      "failures": [],
      "pending": [],
      "skipped": [],
      "duration": 0,
      "root": true,
      "rootEmpty": true,
      "_timeout": 2000
    }
  ],
  "meta": {
    "mocha": {
      "version": "7.0.1"
    },
    "mochawesome": {
      "options": {
        "quiet": false,
        "reportFilename": "mochawesome",
        "saveHtml": false,
        "saveJson": true,
        "consoleReporter": "spec",
        "useInlineDiffs": false
      },
      "version": "4.1.0"
    },
    "marge": {
      "options": {
        "id": "default",
        "reportDir": "cypress/reports",
        "overwrite": true,
        "html": false,
        "json": true
      },
      "version": "4.1.0"
    }
  }
}