{
  "stats": {
    "suites": 12,
    "tests": 41,
    "passes": 23,
    "pending": 0,
    "failures": 18,
    "start": "2021-09-12T05:14:38.720Z",
    "end": "2021-09-12T05:16:38.924Z",
    "duration": 120204,
    "testsRegistered": 41,
    "passPercent": 56.09756097560976,
    "pendingPercent": 0,
    "other": 0,
    "hasOther": false,
    "skipped": 0,
    "hasSkipped": false
  },
  "results": [
    {
      "uuid": "470a0310-4db9-4543-8b0e-0ba39c942d4f",
      "title": "",
      "fullFile": "cypress/integration/project.spec.js",
      "file": "cypress/integration/project.spec.js",
      "beforeHooks": [],
      "afterHooks": [],
      "tests": [],
      "suites": [
        {
          "uuid": "57109d17-e100-4137-b3d2-0443b9ac9a9a",
          "title": "1 - Adicione à página o título \"Paleta de Cores\".",
          "fullFile": "",
          "file": "",
          "beforeHooks": [],
          "afterHooks": [],
          "tests": [
            {
              "title": "Verifica se contém um elemento `h1` com o id `title` com o título correto",
              "fullTitle": "1 - Adicione à página o título \"Paleta de Cores\". Verifica se contém um elemento `h1` com o id `title` com o título correto",
              "timedOut": null,
              "duration": 479,
              "state": "passed",
              "speed": "slow",
              "pass": true,
              "fail": false,
              "pending": false,
              "context": null,
              "code": "cy.get('h1#title').should('contain.text', 'Paleta de Cores');",
              "err": {},
              "uuid": "4a96bb36-2169-466a-8589-85f52b9e4019",
              "parentUUID": "57109d17-e100-4137-b3d2-0443b9ac9a9a",
              "isHook": false,
              "skipped": false
            }
          ],
          "suites": [],
          "passes": [
            "4a96bb36-2169-466a-8589-85f52b9e4019"
          ],
          "failures": [],
          "pending": [],
          "skipped": [],
          "duration": 479,
          "root": false,
          "rootEmpty": false,
          "_timeout": 2000
        },
        {
          "uuid": "f321dce8-0368-4b48-a354-a93d2cbf3400",
          "title": "2 - Adicione à página uma paleta de quatro cores distintas.",
          "fullFile": "",
          "file": "",
          "beforeHooks": [],
          "afterHooks": [],
          "tests": [
            {
              "title": "A paleta de cores deve ser um elemento com `id` denominado `color-palette`",
              "fullTitle": "2 - Adicione à página uma paleta de quatro cores distintas. A paleta de cores deve ser um elemento com `id` denominado `color-palette`",
              "timedOut": null,
              "duration": 438,
              "state": "passed",
              "speed": "slow",
              "pass": true,
              "fail": false,
              "pending": false,
              "context": null,
              "code": "cy.get('#color-palette').should('be.visible');\ncy.get('#color-palette').children('.color');",
              "err": {},
              "uuid": "6dd91762-f1c7-4c8e-9433-fd067a342362",
              "parentUUID": "f321dce8-0368-4b48-a354-a93d2cbf3400",
              "isHook": false,
              "skipped": false
            },
            {
              "title": "Verifica se cada cor individual da paleta de cores possui a `classe` chamada `color`.",
              "fullTitle": "2 - Adicione à página uma paleta de quatro cores distintas. Verifica se cada cor individual da paleta de cores possui a `classe` chamada `color`.",
              "timedOut": null,
              "duration": 531,
              "state": "passed",
              "speed": "slow",
              "pass": true,
              "fail": false,
              "pending": false,
              "context": null,
              "code": "cy.get('.color').should('have.length', 4).then(function (colors) {\n  for (var i = 0; i < colors.length; i++) {\n    cy.wrap(colors[i]).should('be.visible');\n  }\n});",
              "err": {},
              "uuid": "ceeee982-79d6-4d07-b489-233772cc6051",
              "parentUUID": "f321dce8-0368-4b48-a354-a93d2cbf3400",
              "isHook": false,
              "skipped": false
            },
            {
              "title": "Verifica se a cor de fundo de cada elemento da paleta é a cor que o elemento representa. **A única cor não permitida na paleta é a cor branca.**",
              "fullTitle": "2 - Adicione à página uma paleta de quatro cores distintas. Verifica se a cor de fundo de cada elemento da paleta é a cor que o elemento representa. **A única cor não permitida na paleta é a cor branca.**",
              "timedOut": null,
              "duration": 565,
              "state": "passed",
              "speed": "slow",
              "pass": true,
              "fail": false,
              "pending": false,
              "context": null,
              "code": "cy.get('.color').each(function (color) {\n  cy.wrap(color).should('have.class', 'color').and('not.have.css', 'background-color', WHITE);\n  cy.wrap(color).should('have.css', 'background-color');\n});",
              "err": {},
              "uuid": "090c993c-0ae2-404b-b9d7-c34fe4ca339d",
              "parentUUID": "f321dce8-0368-4b48-a354-a93d2cbf3400",
              "isHook": false,
              "skipped": false
            },
            {
              "title": "Verifica se cada elemento da paleta de cores tem uma borda preta, sólida e com 1 pixel de largura;",
              "fullTitle": "2 - Adicione à página uma paleta de quatro cores distintas. Verifica se cada elemento da paleta de cores tem uma borda preta, sólida e com 1 pixel de largura;",
              "timedOut": null,
              "duration": 368,
              "state": "passed",
              "speed": "slow",
              "pass": true,
              "fail": false,
              "pending": false,
              "context": null,
              "code": "cy.get('.color').each(function (color) {\n  cy.wrap(color).and('have.css', 'border', \"1px solid \".concat(BLACK)).and('have.class', 'color');\n});",
              "err": {},
              "uuid": "c15de0db-98d4-4b09-b126-d4455769b8cf",
              "parentUUID": "f321dce8-0368-4b48-a354-a93d2cbf3400",
              "isHook": false,
              "skipped": false
            },
            {
              "title": "Verifica se a paleta lista todas as cores disponíveis para utilização, lado a lado.",
              "fullTitle": "2 - Adicione à página uma paleta de quatro cores distintas. Verifica se a paleta lista todas as cores disponíveis para utilização, lado a lado.",
              "timedOut": null,
              "duration": 268,
              "state": "passed",
              "speed": "slow",
              "pass": true,
              "fail": false,
              "pending": false,
              "context": null,
              "code": "cy.get('.color').then(function (colors) {\n  for (var index = 1; index < colors.length; index += 1) {\n    var currentColor = colors[index];\n    var previousColor = colors[index - 1];\n    cy.wrap(currentColor).should('be.onTheRightOf', previousColor).and('be.horizontallyAlignedWith', previousColor);\n  }\n});",
              "err": {},
              "uuid": "f0fe36cb-fce9-4ebb-a3eb-31b5bb929430",
              "parentUUID": "f321dce8-0368-4b48-a354-a93d2cbf3400",
              "isHook": false,
              "skipped": false
            },
            {
              "title": "Verifica se a paleta de cores está posicionada abaixo do título 'Paleta de Cores'",
              "fullTitle": "2 - Adicione à página uma paleta de quatro cores distintas. Verifica se a paleta de cores está posicionada abaixo do título 'Paleta de Cores'",
              "timedOut": null,
              "duration": 282,
              "state": "passed",
              "speed": "slow",
              "pass": true,
              "fail": false,
              "pending": false,
              "context": null,
              "code": "cy.get('h1#title').then(function (title) {\n  cy.get('#color-palette').should('be.belowOf', title);\n});",
              "err": {},
              "uuid": "c3467d1e-d71f-4d13-8731-31eacbe87967",
              "parentUUID": "f321dce8-0368-4b48-a354-a93d2cbf3400",
              "isHook": false,
              "skipped": false
            },
            {
              "title": "Verifica se a paleta de cores não contém cores repetidas.",
              "fullTitle": "2 - Adicione à página uma paleta de quatro cores distintas. Verifica se a paleta de cores não contém cores repetidas.",
              "timedOut": null,
              "duration": 320,
              "state": "passed",
              "speed": "slow",
              "pass": true,
              "fail": false,
              "pending": false,
              "context": null,
              "code": "cy.get('.color').then(function (colors) {\n  var allColors = Array.from(colors).map(function (color) {\n    return Cypress.$(color).css('background-color');\n  });\n  cy.log(allColors);\n  var uniqColors = (0, _toConsumableArray2[\"default\"])(new Set(allColors));\n  cy.log(uniqColors);\n  expect(allColors.length).to.eq(uniqColors.length);\n});",
              "err": {},
              "uuid": "bce9ad03-d004-4536-9d80-c23df2e7224a",
              "parentUUID": "f321dce8-0368-4b48-a354-a93d2cbf3400",
              "isHook": false,
              "skipped": false
            }
          ],
          "suites": [],
          "passes": [
            "6dd91762-f1c7-4c8e-9433-fd067a342362",
            "ceeee982-79d6-4d07-b489-233772cc6051",
            "090c993c-0ae2-404b-b9d7-c34fe4ca339d",
            "c15de0db-98d4-4b09-b126-d4455769b8cf",
            "f0fe36cb-fce9-4ebb-a3eb-31b5bb929430",
            "c3467d1e-d71f-4d13-8731-31eacbe87967",
            "bce9ad03-d004-4536-9d80-c23df2e7224a"
          ],
          "failures": [],
          "pending": [],
          "skipped": [],
          "duration": 2772,
          "root": false,
          "rootEmpty": false,
          "_timeout": 2000
        },
        {
          "uuid": "bbfaa13d-1da5-46e8-bab2-2790eaaec0f4",
          "title": "3 - Adicione a cor **preta** como a primeira cor da paleta de cores.",
          "fullFile": "",
          "file": "",
          "beforeHooks": [],
          "afterHooks": [],
          "tests": [
            {
              "title": "Verifica se a primeira cor da paleta é preta",
              "fullTitle": "3 - Adicione a cor **preta** como a primeira cor da paleta de cores. Verifica se a primeira cor da paleta é preta",
              "timedOut": null,
              "duration": 200,
              "state": "passed",
              "speed": "slow",
              "pass": true,
              "fail": false,
              "pending": false,
              "context": null,
              "code": "cy.get('.color').first().should('have.css', 'background-color', BLACK);",
              "err": {},
              "uuid": "b049baf1-fd5a-4ce7-aa15-739e7b64c9d5",
              "parentUUID": "bbfaa13d-1da5-46e8-bab2-2790eaaec0f4",
              "isHook": false,
              "skipped": false
            },
            {
              "title": "Verifica se as demais cores podem ser escolhidas livremente.",
              "fullTitle": "3 - Adicione a cor **preta** como a primeira cor da paleta de cores. Verifica se as demais cores podem ser escolhidas livremente.",
              "timedOut": null,
              "duration": 497,
              "state": "passed",
              "speed": "slow",
              "pass": true,
              "fail": false,
              "pending": false,
              "context": null,
              "code": "cy.get('.color').eq(1).should('not.have.css', 'background-color', BLACK);\ncy.get('.color').eq(1).should('not.have.css', 'background-color', WHITE);\ncy.get('.color').eq(1).should('not.have.css', 'background-color', 'rgba(0, 0, 0, 0)');\ncy.get('.color').eq(1).should('have.css', 'background-color');\ncy.get('.color').eq(2).should('not.have.css', 'background-color', BLACK);\ncy.get('.color').eq(2).should('not.have.css', 'background-color', WHITE);\ncy.get('.color').eq(2).should('not.have.css', 'background-color', 'rgba(0, 0, 0, 0)');\ncy.get('.color').eq(2).should('have.css', 'background-color');\ncy.get('.color').eq(3).should('not.have.css', 'background-color', BLACK);\ncy.get('.color').eq(3).should('not.have.css', 'background-color', WHITE);\ncy.get('.color').eq(3).should('not.have.css', 'background-color', 'rgba(0, 0, 0, 0)');\ncy.get('.color').eq(3).should('have.css', 'background-color');",
              "err": {},
              "uuid": "ba742ecc-c5f4-4221-9352-91a0a2453ab2",
              "parentUUID": "bbfaa13d-1da5-46e8-bab2-2790eaaec0f4",
              "isHook": false,
              "skipped": false
            }
          ],
          "suites": [],
          "passes": [
            "b049baf1-fd5a-4ce7-aa15-739e7b64c9d5",
            "ba742ecc-c5f4-4221-9352-91a0a2453ab2"
          ],
          "failures": [],
          "pending": [],
          "skipped": [],
          "duration": 697,
          "root": false,
          "rootEmpty": false,
          "_timeout": 2000
        },
        {
          "uuid": "c92af9bc-df58-4729-88c5-f9b3d20f4a14",
          "title": "4 - Adicione à página um quadro de pixels, com 25 pixels.",
          "fullFile": "",
          "file": "",
          "beforeHooks": [],
          "afterHooks": [],
          "tests": [
            {
              "title": "Verifica se o quadro de pixels possui o `id` denominado `pixel-board`",
              "fullTitle": "4 - Adicione à página um quadro de pixels, com 25 pixels. Verifica se o quadro de pixels possui o `id` denominado `pixel-board`",
              "timedOut": null,
              "duration": 258,
              "state": "passed",
              "speed": "slow",
              "pass": true,
              "fail": false,
              "pending": false,
              "context": null,
              "code": "cy.get('#pixel-board').should('be.visible');",
              "err": {},
              "uuid": "4a377bf5-62eb-43e0-9fde-8e4cb2f391c4",
              "parentUUID": "c92af9bc-df58-4729-88c5-f9b3d20f4a14",
              "isHook": false,
              "skipped": false
            },
            {
              "title": "Verifica se cada pixel individual dentro do quadro possui a `classe` denominada `pixel`.",
              "fullTitle": "4 - Adicione à página um quadro de pixels, com 25 pixels. Verifica se cada pixel individual dentro do quadro possui a `classe` denominada `pixel`.",
              "timedOut": null,
              "duration": 327,
              "state": "passed",
              "speed": "slow",
              "pass": true,
              "fail": false,
              "pending": false,
              "context": null,
              "code": "cy.get('.pixel').should('have.length', 25);",
              "err": {},
              "uuid": "b608c662-b1a8-4f62-b861-5ea5f8769d8f",
              "parentUUID": "c92af9bc-df58-4729-88c5-f9b3d20f4a14",
              "isHook": false,
              "skipped": false
            },
            {
              "title": "Verifica se a cor inicial dos pixels dentro do quadro, ao abrir a página, é branca.",
              "fullTitle": "4 - Adicione à página um quadro de pixels, com 25 pixels. Verifica se a cor inicial dos pixels dentro do quadro, ao abrir a página, é branca.",
              "timedOut": null,
              "duration": 402,
              "state": "passed",
              "speed": "slow",
              "pass": true,
              "fail": false,
              "pending": false,
              "context": null,
              "code": "cy.get('.pixel').should('have.length', 25).each(function (pixel) {\n  expect(pixel).to.have.css('background-color', WHITE);\n});",
              "err": {},
              "uuid": "b9d688b4-6483-4ae8-b0a9-cd1db4f9e3f2",
              "parentUUID": "c92af9bc-df58-4729-88c5-f9b3d20f4a14",
              "isHook": false,
              "skipped": false
            },
            {
              "title": "Verifica se o quadro de pixels aparece abaixo da paleta de cores",
              "fullTitle": "4 - Adicione à página um quadro de pixels, com 25 pixels. Verifica se o quadro de pixels aparece abaixo da paleta de cores",
              "timedOut": null,
              "duration": 326,
              "state": "passed",
              "speed": "slow",
              "pass": true,
              "fail": false,
              "pending": false,
              "context": null,
              "code": "cy.get('#color-palette').then(function (palette) {\n  cy.get('#pixel-board').should('be.belowOf', palette);\n});",
              "err": {},
              "uuid": "fad2ec2f-f88d-4ad5-b4ac-877a98ceb887",
              "parentUUID": "c92af9bc-df58-4729-88c5-f9b3d20f4a14",
              "isHook": false,
              "skipped": false
            }
          ],
          "suites": [],
          "passes": [
            "4a377bf5-62eb-43e0-9fde-8e4cb2f391c4",
            "b608c662-b1a8-4f62-b861-5ea5f8769d8f",
            "b9d688b4-6483-4ae8-b0a9-cd1db4f9e3f2",
            "fad2ec2f-f88d-4ad5-b4ac-877a98ceb887"
          ],
          "failures": [],
          "pending": [],
          "skipped": [],
          "duration": 1313,
          "root": false,
          "rootEmpty": false,
          "_timeout": 2000
        },
        {
          "uuid": "7dd88870-a49e-46ae-94e5-1aa95520a165",
          "title": "5 - Faça com que cada elemento do quadro de pixels possua 40 pixels de largura, 40 pixels de altura e seja delimitado por uma borda preta de 1 pixel.",
          "fullFile": "",
          "file": "",
          "beforeHooks": [],
          "afterHooks": [],
          "tests": [
            {
              "title": "Verifica se o quadro de pixels tem altura e comprimento de 5 elementos",
              "fullTitle": "5 - Faça com que cada elemento do quadro de pixels possua 40 pixels de largura, 40 pixels de altura e seja delimitado por uma borda preta de 1 pixel. Verifica se o quadro de pixels tem altura e comprimento de 5 elementos",
              "timedOut": null,
              "duration": 640,
              "state": "passed",
              "speed": "slow",
              "pass": true,
              "fail": false,
              "pending": false,
              "context": null,
              "code": "cy.get('.pixel').should('have.length', 25).each(function (pixel) {\n  expect(pixel).to.have.css('background-color', WHITE);\n}).and(function (pixels) {\n  var rows = chunk(pixels, 5);\n  rows.forEach(function (row) {\n    for (var index = 1; index < row.length; index += 1) {\n      var current = pixels[index];\n      var previous = pixels[index - 1];\n      cy.wrap(current).should('be.onTheRightOf', previous).and('be.horizontallyAlignedWith', previous);\n    }\n  });\n  for (var index = 1; index < 5; index += 1) {\n    expect(pixels[index * 5]).to.be.belowOf(pixels[(index - 1) * 5]);\n  }\n});",
              "err": {},
              "uuid": "528ce1f0-08ef-428d-875d-5a5c78d43905",
              "parentUUID": "7dd88870-a49e-46ae-94e5-1aa95520a165",
              "isHook": false,
              "skipped": false
            },
            {
              "title": "Verifica se 40 pixels é o tamanho total do elemento, incluindo seu conteúdo e excluindo a borda preta, que deve ser criada à parte.",
              "fullTitle": "5 - Faça com que cada elemento do quadro de pixels possua 40 pixels de largura, 40 pixels de altura e seja delimitado por uma borda preta de 1 pixel. Verifica se 40 pixels é o tamanho total do elemento, incluindo seu conteúdo e excluindo a borda preta, que deve ser criada à parte.",
              "timedOut": null,
              "duration": 740,
              "state": "passed",
              "speed": "slow",
              "pass": true,
              "fail": false,
              "pending": false,
              "context": null,
              "code": "cy.get('.pixel').each(function (pixel) {\n  cy.wrap(pixel).should('have.css', 'height', '40px').and('have.css', 'width', '40px').and('have.css', 'border', \"1px solid \".concat(BLACK));\n});",
              "err": {},
              "uuid": "a184b701-6759-44ce-810c-8cd11aefed4f",
              "parentUUID": "7dd88870-a49e-46ae-94e5-1aa95520a165",
              "isHook": false,
              "skipped": false
            }
          ],
          "suites": [],
          "passes": [
            "528ce1f0-08ef-428d-875d-5a5c78d43905",
            "a184b701-6759-44ce-810c-8cd11aefed4f"
          ],
          "failures": [],
          "pending": [],
          "skipped": [],
          "duration": 1380,
          "root": false,
          "rootEmpty": false,
          "_timeout": 2000
        },
        {
          "uuid": "4c76ac9d-9aaf-42af-8cfe-85676394c513",
          "title": "6 - Defina a cor preta como cor inicial. Ao carregar a página a cor preta já deve estar selecionada para pintar os pixels",
          "fullFile": "",
          "file": "",
          "beforeHooks": [],
          "afterHooks": [],
          "tests": [
            {
              "title": "Verifica se o elemento da cor preta possui, inicialmente, a `classe` `selected`",
              "fullTitle": "6 - Defina a cor preta como cor inicial. Ao carregar a página a cor preta já deve estar selecionada para pintar os pixels Verifica se o elemento da cor preta possui, inicialmente, a `classe` `selected`",
              "timedOut": null,
              "duration": 275,
              "state": "passed",
              "speed": "slow",
              "pass": true,
              "fail": false,
              "pending": false,
              "context": null,
              "code": "cy.get('.selected').first().should('have.css', 'background-color', BLACK);",
              "err": {},
              "uuid": "e27b0185-67ae-49e5-b0ae-12cd94ef6a1b",
              "parentUUID": "4c76ac9d-9aaf-42af-8cfe-85676394c513",
              "isHook": false,
              "skipped": false
            },
            {
              "title": "Verifica se nenhuma outra cor da paleta tem a `classe` `selected`",
              "fullTitle": "6 - Defina a cor preta como cor inicial. Ao carregar a página a cor preta já deve estar selecionada para pintar os pixels Verifica se nenhuma outra cor da paleta tem a `classe` `selected`",
              "timedOut": null,
              "duration": 194,
              "state": "passed",
              "speed": "slow",
              "pass": true,
              "fail": false,
              "pending": false,
              "context": null,
              "code": "cy.get('.color:not(:first-child)').each(function (color) {\n  cy.wrap(color).should('not.have.class', 'selected');\n});",
              "err": {},
              "uuid": "a60ab549-1470-4da6-8e3a-6087f9813bd4",
              "parentUUID": "4c76ac9d-9aaf-42af-8cfe-85676394c513",
              "isHook": false,
              "skipped": false
            }
          ],
          "suites": [],
          "passes": [
            "e27b0185-67ae-49e5-b0ae-12cd94ef6a1b",
            "a60ab549-1470-4da6-8e3a-6087f9813bd4"
          ],
          "failures": [],
          "pending": [],
          "skipped": [],
          "duration": 469,
          "root": false,
          "rootEmpty": false,
          "_timeout": 2000
        },
        {
          "uuid": "de2473b6-145f-4647-aeb2-086f8c7bd007",
          "title": "7 - Clicar em uma das cores da paleta, faz com que ela seja selecionada e utilizada para preencher os pixels no quadro.",
          "fullFile": "",
          "file": "",
          "beforeHooks": [],
          "afterHooks": [],
          "tests": [
            {
              "title": "Verifica se somente uma cor da paleta de cores tem a classe `selected` de cada vez",
              "fullTitle": "7 - Clicar em uma das cores da paleta, faz com que ela seja selecionada e utilizada para preencher os pixels no quadro. Verifica se somente uma cor da paleta de cores tem a classe `selected` de cada vez",
              "timedOut": null,
              "duration": 724,
              "state": "passed",
              "speed": "slow",
              "pass": true,
              "fail": false,
              "pending": false,
              "context": null,
              "code": "cy.get('.color').each(function (selectedColor, selectedColorIndex) {\n  cy.wrap(selectedColor).click();\n  cy.get('.color').each(function (color, colorIndex) {\n    if (colorIndex === selectedColorIndex) {\n      expect(color).to.have[\"class\"]('selected');\n    } else {\n      expect(color).not.to.have[\"class\"]('selected');\n    }\n  });\n});",
              "err": {},
              "uuid": "1b214fb8-e36a-4332-92c6-0c42f15bb86e",
              "parentUUID": "de2473b6-145f-4647-aeb2-086f8c7bd007",
              "isHook": false,
              "skipped": false
            },
            {
              "title": "Verifica se os pixels dentro do quadro não têm a classe `selected` quando são clicados",
              "fullTitle": "7 - Clicar em uma das cores da paleta, faz com que ela seja selecionada e utilizada para preencher os pixels no quadro. Verifica se os pixels dentro do quadro não têm a classe `selected` quando são clicados",
              "timedOut": null,
              "duration": 9588,
              "state": "passed",
              "speed": "slow",
              "pass": true,
              "fail": false,
              "pending": false,
              "context": null,
              "code": "cy.get('.color').each(function (color) {\n  var backgroundColor = color.css('background-color');\n  cy.wrap(color).click();\n  cy.get('.pixel').each(function (pixel) {\n    cy.wrap(pixel).click().should('not.have.class', 'selected');\n  });\n});",
              "err": {},
              "uuid": "79be798e-1577-47a6-ae57-4f498b22c1cf",
              "parentUUID": "de2473b6-145f-4647-aeb2-086f8c7bd007",
              "isHook": false,
              "skipped": false
            }
          ],
          "suites": [],
          "passes": [
            "1b214fb8-e36a-4332-92c6-0c42f15bb86e",
            "79be798e-1577-47a6-ae57-4f498b22c1cf"
          ],
          "failures": [],
          "pending": [],
          "skipped": [],
          "duration": 10312,
          "root": false,
          "rootEmpty": false,
          "_timeout": 2000
        },
        {
          "uuid": "862efa46-a0a1-4236-b5e3-83af5e30a8e9",
          "title": "8 - Clicar em um pixel dentro do quadro após selecionar uma cor na paleta, faz com que o pixel seja preenchido com a cor selecionada.",
          "fullFile": "",
          "file": "",
          "beforeHooks": [],
          "afterHooks": [],
          "tests": [
            {
              "title": "Verifica se ao carregar a página deve ser possível pintar os pixels de preto",
              "fullTitle": "8 - Clicar em um pixel dentro do quadro após selecionar uma cor na paleta, faz com que o pixel seja preenchido com a cor selecionada. Verifica se ao carregar a página deve ser possível pintar os pixels de preto",
              "timedOut": null,
              "duration": 2526,
              "state": "passed",
              "speed": "slow",
              "pass": true,
              "fail": false,
              "pending": false,
              "context": null,
              "code": "cy.get('.pixel').each(function (pixel) {\n  cy.wrap(pixel).click().should('have.css', 'background-color', BLACK);\n});",
              "err": {},
              "uuid": "9408b6c7-0cb8-4a41-9c59-759f1270dace",
              "parentUUID": "862efa46-a0a1-4236-b5e3-83af5e30a8e9",
              "isHook": false,
              "skipped": false
            },
            {
              "title": "Verifica se após selecionar uma outra cor na paleta, é possível pintar os pixels com essa cor",
              "fullTitle": "8 - Clicar em um pixel dentro do quadro após selecionar uma cor na paleta, faz com que o pixel seja preenchido com a cor selecionada. Verifica se após selecionar uma outra cor na paleta, é possível pintar os pixels com essa cor",
              "timedOut": null,
              "duration": 8963,
              "state": "passed",
              "speed": "slow",
              "pass": true,
              "fail": false,
              "pending": false,
              "context": null,
              "code": "cy.get('.color').each(function (color) {\n  var backgroundColor = color.css('background-color');\n  cy.wrap(color).click();\n  cy.get('.pixel').each(function (pixel) {\n    cy.wrap(pixel).click().should('have.css', 'background-color', backgroundColor);\n  });\n});",
              "err": {},
              "uuid": "26548a77-f190-4c5e-a7bd-a4542420668b",
              "parentUUID": "862efa46-a0a1-4236-b5e3-83af5e30a8e9",
              "isHook": false,
              "skipped": false
            },
            {
              "title": "Verifica se somente o pixel que foi clicado foi preenchido com a cor selecionada, sem influenciar na cor dos demais pixels.",
              "fullTitle": "8 - Clicar em um pixel dentro do quadro após selecionar uma cor na paleta, faz com que o pixel seja preenchido com a cor selecionada. Verifica se somente o pixel que foi clicado foi preenchido com a cor selecionada, sem influenciar na cor dos demais pixels.",
              "timedOut": null,
              "duration": 2573,
              "state": "passed",
              "speed": "slow",
              "pass": true,
              "fail": false,
              "pending": false,
              "context": null,
              "code": "var colorToPixelIndexMap = {\n  0: 6,\n  1: 8,\n  2: 16,\n  3: 18\n};\ncy.get('.color').each(function (color, index) {\n  cy.wrap(color).click();\n  var backgroundColor = color.css('background-color');\n  var clickedPixelIndex = colorToPixelIndexMap[index];\n  cy.get('.pixel').eq(clickedPixelIndex).click();\n  cy.get('.pixel').eq(clickedPixelIndex - 1).should('not.have.css', 'background-color', backgroundColor);\n  cy.get('.pixel').eq(clickedPixelIndex + 1).should('not.have.css', 'background-color', backgroundColor);\n  cy.get('.pixel').eq(clickedPixelIndex - 5).should('not.have.css', 'background-color', backgroundColor);\n  cy.get('.pixel').eq(clickedPixelIndex + 5).should('not.have.css', 'background-color', backgroundColor);\n  cy.get('.pixel').eq(clickedPixelIndex - 6).should('not.have.css', 'background-color', backgroundColor);\n  cy.get('.pixel').eq(clickedPixelIndex - 4).should('not.have.css', 'background-color', backgroundColor);\n  cy.get('.pixel').eq(clickedPixelIndex + 4).should('not.have.css', 'background-color', backgroundColor);\n  cy.get('.pixel').eq(clickedPixelIndex + 6).should('not.have.css', 'background-color', backgroundColor);\n});",
              "err": {},
              "uuid": "77481b24-8997-4214-877c-adcc63462ae8",
              "parentUUID": "862efa46-a0a1-4236-b5e3-83af5e30a8e9",
              "isHook": false,
              "skipped": false
            }
          ],
          "suites": [],
          "passes": [
            "9408b6c7-0cb8-4a41-9c59-759f1270dace",
            "26548a77-f190-4c5e-a7bd-a4542420668b",
            "77481b24-8997-4214-877c-adcc63462ae8"
          ],
          "failures": [],
          "pending": [],
          "skipped": [],
          "duration": 14062,
          "root": false,
          "rootEmpty": false,
          "_timeout": 2000
        },
        {
          "uuid": "ac217b46-6ed3-497e-a34c-51cc438c2d56",
          "title": "9 - Crie um botão que, ao ser clicado, limpa o quadro preenchendo a cor de todos seus pixels com branco.",
          "fullFile": "",
          "file": "",
          "beforeHooks": [],
          "afterHooks": [],
          "tests": [
            {
              "title": "Verifica se o botão tem o `id` denominado `clear-board`",
              "fullTitle": "9 - Crie um botão que, ao ser clicado, limpa o quadro preenchendo a cor de todos seus pixels com branco. Verifica se o botão tem o `id` denominado `clear-board`",
              "timedOut": null,
              "duration": 4832,
              "state": "failed",
              "speed": null,
              "pass": false,
              "fail": true,
              "pending": false,
              "context": null,
              "code": "cy.get('#clear-board').should('be.visible');",
              "err": {
                "message": "CypressError: Timed out retrying: Expected to find element: '#clear-board', but never found it.",
                "estack": "CypressError: Timed out retrying: Expected to find element: '#clear-board', but never found it.\n    at cypressErr (http://localhost:58925/__cypress/runner/cypress_runner.js:149934:9)\n    at throwErr (http://localhost:58925/__cypress/runner/cypress_runner.js:149867:11)\n    at Object.throwErrByPath (http://localhost:58925/__cypress/runner/cypress_runner.js:149915:3)\n    at retry (http://localhost:58925/__cypress/runner/cypress_runner.js:144197:19)\n    at onFailFn (http://localhost:58925/__cypress/runner/cypress_runner.js:132448:16)\n    at tryCatcher (http://localhost:58925/__cypress/runner/cypress_runner.js:167415:23)\n    at Promise._settlePromiseFromHandler (http://localhost:58925/__cypress/runner/cypress_runner.js:165351:31)\n    at Promise._settlePromise (http://localhost:58925/__cypress/runner/cypress_runner.js:165408:18)\n    at Promise._settlePromise0 (http://localhost:58925/__cypress/runner/cypress_runner.js:165453:10)\n    at Promise._settlePromises (http://localhost:58925/__cypress/runner/cypress_runner.js:165528:18)\n    at Async../node_modules/bluebird/js/release/async.js.Async._drainQueue (http://localhost:58925/__cypress/runner/cypress_runner.js:162140:16)\n    at Async../node_modules/bluebird/js/release/async.js.Async._drainQueues (http://localhost:58925/__cypress/runner/cypress_runner.js:162150:10)\n    at Async.drainQueues (http://localhost:58925/__cypress/runner/cypress_runner.js:162024:14)",
                "diff": null
              },
              "uuid": "776e0013-4767-4043-b9ee-6373ceced32f",
              "parentUUID": "ac217b46-6ed3-497e-a34c-51cc438c2d56",
              "isHook": false,
              "skipped": false
            },
            {
              "title": "Verifica se o botão está posicionado entre a paleta de cores e o quadro de pixels",
              "fullTitle": "9 - Crie um botão que, ao ser clicado, limpa o quadro preenchendo a cor de todos seus pixels com branco. Verifica se o botão está posicionado entre a paleta de cores e o quadro de pixels",
              "timedOut": null,
              "duration": 4874,
              "state": "failed",
              "speed": null,
              "pass": false,
              "fail": true,
              "pending": false,
              "context": null,
              "code": "cy.get('#color-palette').then(function (palette) {\n  cy.get('#clear-board').should('be.belowOf', palette);\n});\ncy.get('#clear-board').then(function (clearBtn) {\n  cy.get('#pixel-board').should('be.belowOf', clearBtn);\n});",
              "err": {
                "message": "CypressError: Timed out retrying: Expected to find element: '#clear-board', but never found it.",
                "estack": "CypressError: Timed out retrying: Expected to find element: '#clear-board', but never found it.\n    at cypressErr (http://localhost:58925/__cypress/runner/cypress_runner.js:149934:9)\n    at throwErr (http://localhost:58925/__cypress/runner/cypress_runner.js:149867:11)\n    at Object.throwErrByPath (http://localhost:58925/__cypress/runner/cypress_runner.js:149915:3)\n    at retry (http://localhost:58925/__cypress/runner/cypress_runner.js:144197:19)\n    at onFailFn (http://localhost:58925/__cypress/runner/cypress_runner.js:132448:16)\n    at tryCatcher (http://localhost:58925/__cypress/runner/cypress_runner.js:167415:23)\n    at Promise._settlePromiseFromHandler (http://localhost:58925/__cypress/runner/cypress_runner.js:165351:31)\n    at Promise._settlePromise (http://localhost:58925/__cypress/runner/cypress_runner.js:165408:18)\n    at Promise._settlePromise0 (http://localhost:58925/__cypress/runner/cypress_runner.js:165453:10)\n    at Promise._settlePromises (http://localhost:58925/__cypress/runner/cypress_runner.js:165528:18)\n    at Async../node_modules/bluebird/js/release/async.js.Async._drainQueue (http://localhost:58925/__cypress/runner/cypress_runner.js:162140:16)\n    at Async../node_modules/bluebird/js/release/async.js.Async._drainQueues (http://localhost:58925/__cypress/runner/cypress_runner.js:162150:10)\n    at Async.drainQueues (http://localhost:58925/__cypress/runner/cypress_runner.js:162024:14)",
                "diff": null
              },
              "uuid": "0900877c-8417-489b-b3b2-871b7202b174",
              "parentUUID": "ac217b46-6ed3-497e-a34c-51cc438c2d56",
              "isHook": false,
              "skipped": false
            },
            {
              "title": "Verifica se o texto do botão é 'Limpar'",
              "fullTitle": "9 - Crie um botão que, ao ser clicado, limpa o quadro preenchendo a cor de todos seus pixels com branco. Verifica se o texto do botão é 'Limpar'",
              "timedOut": null,
              "duration": 5294,
              "state": "failed",
              "speed": null,
              "pass": false,
              "fail": true,
              "pending": false,
              "context": null,
              "code": "cy.get('#clear-board').should('contain.text', 'Limpar');",
              "err": {
                "message": "CypressError: Timed out retrying: Expected to find element: '#clear-board', but never found it.",
                "estack": "CypressError: Timed out retrying: Expected to find element: '#clear-board', but never found it.\n    at cypressErr (http://localhost:58925/__cypress/runner/cypress_runner.js:149934:9)\n    at throwErr (http://localhost:58925/__cypress/runner/cypress_runner.js:149867:11)\n    at Object.throwErrByPath (http://localhost:58925/__cypress/runner/cypress_runner.js:149915:3)\n    at retry (http://localhost:58925/__cypress/runner/cypress_runner.js:144197:19)\n    at onFailFn (http://localhost:58925/__cypress/runner/cypress_runner.js:132448:16)\n    at tryCatcher (http://localhost:58925/__cypress/runner/cypress_runner.js:167415:23)\n    at Promise._settlePromiseFromHandler (http://localhost:58925/__cypress/runner/cypress_runner.js:165351:31)\n    at Promise._settlePromise (http://localhost:58925/__cypress/runner/cypress_runner.js:165408:18)\n    at Promise._settlePromise0 (http://localhost:58925/__cypress/runner/cypress_runner.js:165453:10)\n    at Promise._settlePromises (http://localhost:58925/__cypress/runner/cypress_runner.js:165528:18)\n    at Async../node_modules/bluebird/js/release/async.js.Async._drainQueue (http://localhost:58925/__cypress/runner/cypress_runner.js:162140:16)\n    at Async../node_modules/bluebird/js/release/async.js.Async._drainQueues (http://localhost:58925/__cypress/runner/cypress_runner.js:162150:10)\n    at Async.drainQueues (http://localhost:58925/__cypress/runner/cypress_runner.js:162024:14)",
                "diff": null
              },
              "uuid": "ce7a4043-b37c-4e00-b96d-677b2adb45d9",
              "parentUUID": "ac217b46-6ed3-497e-a34c-51cc438c2d56",
              "isHook": false,
              "skipped": false
            },
            {
              "title": "Verifica se ao clicar no botão, o quadro de pixels é totalmente preenchido de branco",
              "fullTitle": "9 - Crie um botão que, ao ser clicado, limpa o quadro preenchendo a cor de todos seus pixels com branco. Verifica se ao clicar no botão, o quadro de pixels é totalmente preenchido de branco",
              "timedOut": null,
              "duration": 7263,
              "state": "failed",
              "speed": null,
              "pass": false,
              "fail": true,
              "pending": false,
              "context": null,
              "code": "cy.get('.color').eq(1).then(function (color) {\n  var backgroundColor = color.css('background-color');\n  cy.wrap(color).click();\n  cy.get('.pixel').each(function (pixel) {\n    cy.wrap(pixel).click().should('have.css', 'background-color', backgroundColor);\n  });\n});\ncy.get('#clear-board').click();\ncy.get('.pixel').each(function (pixel) {\n  cy.wrap(pixel).should('have.css', 'background-color', WHITE);\n});",
              "err": {
                "message": "CypressError: Timed out retrying: Expected to find element: '#clear-board', but never found it.",
                "estack": "CypressError: Timed out retrying: Expected to find element: '#clear-board', but never found it.\n    at cypressErr (http://localhost:58925/__cypress/runner/cypress_runner.js:149934:9)\n    at throwErr (http://localhost:58925/__cypress/runner/cypress_runner.js:149867:11)\n    at Object.throwErrByPath (http://localhost:58925/__cypress/runner/cypress_runner.js:149915:3)\n    at retry (http://localhost:58925/__cypress/runner/cypress_runner.js:144197:19)\n    at onFailFn (http://localhost:58925/__cypress/runner/cypress_runner.js:132448:16)\n    at tryCatcher (http://localhost:58925/__cypress/runner/cypress_runner.js:167415:23)\n    at Promise._settlePromiseFromHandler (http://localhost:58925/__cypress/runner/cypress_runner.js:165351:31)\n    at Promise._settlePromise (http://localhost:58925/__cypress/runner/cypress_runner.js:165408:18)\n    at Promise._settlePromise0 (http://localhost:58925/__cypress/runner/cypress_runner.js:165453:10)\n    at Promise._settlePromises (http://localhost:58925/__cypress/runner/cypress_runner.js:165528:18)\n    at Async../node_modules/bluebird/js/release/async.js.Async._drainQueue (http://localhost:58925/__cypress/runner/cypress_runner.js:162140:16)\n    at Async../node_modules/bluebird/js/release/async.js.Async._drainQueues (http://localhost:58925/__cypress/runner/cypress_runner.js:162150:10)\n    at Async.drainQueues (http://localhost:58925/__cypress/runner/cypress_runner.js:162024:14)",
                "diff": null
              },
              "uuid": "c1b54cff-5b2d-4f5e-a189-6f1337f8b9be",
              "parentUUID": "ac217b46-6ed3-497e-a34c-51cc438c2d56",
              "isHook": false,
              "skipped": false
            }
          ],
          "suites": [],
          "passes": [],
          "failures": [
            "776e0013-4767-4043-b9ee-6373ceced32f",
            "0900877c-8417-489b-b3b2-871b7202b174",
            "ce7a4043-b37c-4e00-b96d-677b2adb45d9",
            "c1b54cff-5b2d-4f5e-a189-6f1337f8b9be"
          ],
          "pending": [],
          "skipped": [],
          "duration": 22263,
          "root": false,
          "rootEmpty": false,
          "_timeout": 2000
        },
        {
          "uuid": "5fbdd19b-18e6-4326-8257-1e8c7b5ebcce",
          "title": "10 - Faça o quadro de pixels ter seu tamanho definido pelo usuário.",
          "fullFile": "",
          "file": "",
          "beforeHooks": [],
          "afterHooks": [],
          "tests": [
            {
              "title": "Verifica se existe um input com o id `board-size`",
              "fullTitle": "10 - Faça o quadro de pixels ter seu tamanho definido pelo usuário. Verifica se existe um input com o id `board-size`",
              "timedOut": null,
              "duration": 4875,
              "state": "failed",
              "speed": null,
              "pass": false,
              "fail": true,
              "pending": false,
              "context": null,
              "code": "cy.get('#board-size').should('be.visible');",
              "err": {
                "message": "CypressError: Timed out retrying: Expected to find element: '#board-size', but never found it.",
                "estack": "CypressError: Timed out retrying: Expected to find element: '#board-size', but never found it.\n    at cypressErr (http://localhost:58925/__cypress/runner/cypress_runner.js:149934:9)\n    at throwErr (http://localhost:58925/__cypress/runner/cypress_runner.js:149867:11)\n    at Object.throwErrByPath (http://localhost:58925/__cypress/runner/cypress_runner.js:149915:3)\n    at retry (http://localhost:58925/__cypress/runner/cypress_runner.js:144197:19)\n    at onFailFn (http://localhost:58925/__cypress/runner/cypress_runner.js:132448:16)\n    at tryCatcher (http://localhost:58925/__cypress/runner/cypress_runner.js:167415:23)\n    at Promise._settlePromiseFromHandler (http://localhost:58925/__cypress/runner/cypress_runner.js:165351:31)\n    at Promise._settlePromise (http://localhost:58925/__cypress/runner/cypress_runner.js:165408:18)\n    at Promise._settlePromise0 (http://localhost:58925/__cypress/runner/cypress_runner.js:165453:10)\n    at Promise._settlePromises (http://localhost:58925/__cypress/runner/cypress_runner.js:165528:18)\n    at Async../node_modules/bluebird/js/release/async.js.Async._drainQueue (http://localhost:58925/__cypress/runner/cypress_runner.js:162140:16)\n    at Async../node_modules/bluebird/js/release/async.js.Async._drainQueues (http://localhost:58925/__cypress/runner/cypress_runner.js:162150:10)\n    at Async.drainQueues (http://localhost:58925/__cypress/runner/cypress_runner.js:162024:14)",
                "diff": null
              },
              "uuid": "d9ccc8a2-9642-4122-843c-10be9fbcd61c",
              "parentUUID": "5fbdd19b-18e6-4326-8257-1e8c7b5ebcce",
              "isHook": false,
              "skipped": false
            },
            {
              "title": "Verifica se existe um botão com o id `generate-board`",
              "fullTitle": "10 - Faça o quadro de pixels ter seu tamanho definido pelo usuário. Verifica se existe um botão com o id `generate-board`",
              "timedOut": null,
              "duration": 5101,
              "state": "failed",
              "speed": null,
              "pass": false,
              "fail": true,
              "pending": false,
              "context": null,
              "code": "cy.get('#generate-board').should('be.visible');",
              "err": {
                "message": "CypressError: Timed out retrying: Expected to find element: '#generate-board', but never found it.",
                "estack": "CypressError: Timed out retrying: Expected to find element: '#generate-board', but never found it.\n    at cypressErr (http://localhost:58925/__cypress/runner/cypress_runner.js:149934:9)\n    at throwErr (http://localhost:58925/__cypress/runner/cypress_runner.js:149867:11)\n    at Object.throwErrByPath (http://localhost:58925/__cypress/runner/cypress_runner.js:149915:3)\n    at retry (http://localhost:58925/__cypress/runner/cypress_runner.js:144197:19)\n    at onFailFn (http://localhost:58925/__cypress/runner/cypress_runner.js:132448:16)\n    at tryCatcher (http://localhost:58925/__cypress/runner/cypress_runner.js:167415:23)\n    at Promise._settlePromiseFromHandler (http://localhost:58925/__cypress/runner/cypress_runner.js:165351:31)\n    at Promise._settlePromise (http://localhost:58925/__cypress/runner/cypress_runner.js:165408:18)\n    at Promise._settlePromise0 (http://localhost:58925/__cypress/runner/cypress_runner.js:165453:10)\n    at Promise._settlePromises (http://localhost:58925/__cypress/runner/cypress_runner.js:165528:18)\n    at Async../node_modules/bluebird/js/release/async.js.Async._drainQueue (http://localhost:58925/__cypress/runner/cypress_runner.js:162140:16)\n    at Async../node_modules/bluebird/js/release/async.js.Async._drainQueues (http://localhost:58925/__cypress/runner/cypress_runner.js:162150:10)\n    at Async.drainQueues (http://localhost:58925/__cypress/runner/cypress_runner.js:162024:14)",
                "diff": null
              },
              "uuid": "a51d9bcd-6926-412d-a608-c562becc210d",
              "parentUUID": "5fbdd19b-18e6-4326-8257-1e8c7b5ebcce",
              "isHook": false,
              "skipped": false
            },
            {
              "title": "Verifica se o input só aceita número maiores que zero. Essa restrição deve ser feita usando os atributos do elemento `input`",
              "fullTitle": "10 - Faça o quadro de pixels ter seu tamanho definido pelo usuário. Verifica se o input só aceita número maiores que zero. Essa restrição deve ser feita usando os atributos do elemento `input`",
              "timedOut": null,
              "duration": 5133,
              "state": "failed",
              "speed": null,
              "pass": false,
              "fail": true,
              "pending": false,
              "context": null,
              "code": "cy.get('#board-size[type=\\'number\\'][min=\\'1\\']');",
              "err": {
                "message": "CypressError: Timed out retrying: Expected to find element: '#board-size[type='number'][min='1']', but never found it.",
                "estack": "CypressError: Timed out retrying: Expected to find element: '#board-size[type='number'][min='1']', but never found it.\n    at cypressErr (http://localhost:58925/__cypress/runner/cypress_runner.js:149934:9)\n    at throwErr (http://localhost:58925/__cypress/runner/cypress_runner.js:149867:11)\n    at Object.throwErrByPath (http://localhost:58925/__cypress/runner/cypress_runner.js:149915:3)\n    at retry (http://localhost:58925/__cypress/runner/cypress_runner.js:144197:19)\n    at onFailFn (http://localhost:58925/__cypress/runner/cypress_runner.js:132448:16)\n    at tryCatcher (http://localhost:58925/__cypress/runner/cypress_runner.js:167415:23)\n    at Promise._settlePromiseFromHandler (http://localhost:58925/__cypress/runner/cypress_runner.js:165351:31)\n    at Promise._settlePromise (http://localhost:58925/__cypress/runner/cypress_runner.js:165408:18)\n    at Promise._settlePromise0 (http://localhost:58925/__cypress/runner/cypress_runner.js:165453:10)\n    at Promise._settlePromises (http://localhost:58925/__cypress/runner/cypress_runner.js:165528:18)\n    at Async../node_modules/bluebird/js/release/async.js.Async._drainQueue (http://localhost:58925/__cypress/runner/cypress_runner.js:162140:16)\n    at Async../node_modules/bluebird/js/release/async.js.Async._drainQueues (http://localhost:58925/__cypress/runner/cypress_runner.js:162150:10)\n    at Async.drainQueues (http://localhost:58925/__cypress/runner/cypress_runner.js:162024:14)",
                "diff": null
              },
              "uuid": "4ddb6616-6599-4169-a8ec-e3f22b2abb96",
              "parentUUID": "5fbdd19b-18e6-4326-8257-1e8c7b5ebcce",
              "isHook": false,
              "skipped": false
            },
            {
              "title": "Verifica se o botão contém o texto 'VQV'",
              "fullTitle": "10 - Faça o quadro de pixels ter seu tamanho definido pelo usuário. Verifica se o botão contém o texto 'VQV'",
              "timedOut": null,
              "duration": 5010,
              "state": "failed",
              "speed": null,
              "pass": false,
              "fail": true,
              "pending": false,
              "context": null,
              "code": "cy.get('#generate-board').contains(/vqv/i);",
              "err": {
                "message": "CypressError: Timed out retrying: Expected to find element: '#generate-board', but never found it.",
                "estack": "CypressError: Timed out retrying: Expected to find element: '#generate-board', but never found it.\n    at cypressErr (http://localhost:58925/__cypress/runner/cypress_runner.js:149934:9)\n    at throwErr (http://localhost:58925/__cypress/runner/cypress_runner.js:149867:11)\n    at Object.throwErrByPath (http://localhost:58925/__cypress/runner/cypress_runner.js:149915:3)\n    at retry (http://localhost:58925/__cypress/runner/cypress_runner.js:144197:19)\n    at onFailFn (http://localhost:58925/__cypress/runner/cypress_runner.js:132448:16)\n    at tryCatcher (http://localhost:58925/__cypress/runner/cypress_runner.js:167415:23)\n    at Promise._settlePromiseFromHandler (http://localhost:58925/__cypress/runner/cypress_runner.js:165351:31)\n    at Promise._settlePromise (http://localhost:58925/__cypress/runner/cypress_runner.js:165408:18)\n    at Promise._settlePromise0 (http://localhost:58925/__cypress/runner/cypress_runner.js:165453:10)\n    at Promise._settlePromises (http://localhost:58925/__cypress/runner/cypress_runner.js:165528:18)\n    at Async../node_modules/bluebird/js/release/async.js.Async._drainQueue (http://localhost:58925/__cypress/runner/cypress_runner.js:162140:16)\n    at Async../node_modules/bluebird/js/release/async.js.Async._drainQueues (http://localhost:58925/__cypress/runner/cypress_runner.js:162150:10)\n    at Async.drainQueues (http://localhost:58925/__cypress/runner/cypress_runner.js:162024:14)",
                "diff": null
              },
              "uuid": "206b6f8c-c93c-4fa6-942b-d3faea003e61",
              "parentUUID": "5fbdd19b-18e6-4326-8257-1e8c7b5ebcce",
              "isHook": false,
              "skipped": false
            },
            {
              "title": "Verifica se o input está posicionado entre a paleta de cores e o quadro de pixels",
              "fullTitle": "10 - Faça o quadro de pixels ter seu tamanho definido pelo usuário. Verifica se o input está posicionado entre a paleta de cores e o quadro de pixels",
              "timedOut": null,
              "duration": 4930,
              "state": "failed",
              "speed": null,
              "pass": false,
              "fail": true,
              "pending": false,
              "context": null,
              "code": "cy.get('#color-palette').then(function (palette) {\n  cy.get('#board-size').should('be.belowOf', palette);\n});\ncy.get('#board-size').then(function (palette) {\n  cy.get('#pixel-board').should('be.belowOf', palette);\n});",
              "err": {
                "message": "CypressError: Timed out retrying: Expected to find element: '#board-size', but never found it.",
                "estack": "CypressError: Timed out retrying: Expected to find element: '#board-size', but never found it.\n    at cypressErr (http://localhost:58925/__cypress/runner/cypress_runner.js:149934:9)\n    at throwErr (http://localhost:58925/__cypress/runner/cypress_runner.js:149867:11)\n    at Object.throwErrByPath (http://localhost:58925/__cypress/runner/cypress_runner.js:149915:3)\n    at retry (http://localhost:58925/__cypress/runner/cypress_runner.js:144197:19)\n    at onFailFn (http://localhost:58925/__cypress/runner/cypress_runner.js:132448:16)\n    at tryCatcher (http://localhost:58925/__cypress/runner/cypress_runner.js:167415:23)\n    at Promise._settlePromiseFromHandler (http://localhost:58925/__cypress/runner/cypress_runner.js:165351:31)\n    at Promise._settlePromise (http://localhost:58925/__cypress/runner/cypress_runner.js:165408:18)\n    at Promise._settlePromise0 (http://localhost:58925/__cypress/runner/cypress_runner.js:165453:10)\n    at Promise._settlePromises (http://localhost:58925/__cypress/runner/cypress_runner.js:165528:18)\n    at Async../node_modules/bluebird/js/release/async.js.Async._drainQueue (http://localhost:58925/__cypress/runner/cypress_runner.js:162140:16)\n    at Async../node_modules/bluebird/js/release/async.js.Async._drainQueues (http://localhost:58925/__cypress/runner/cypress_runner.js:162150:10)\n    at Async.drainQueues (http://localhost:58925/__cypress/runner/cypress_runner.js:162024:14)",
                "diff": null
              },
              "uuid": "737ede3c-3c19-4230-8bbc-4f58e9efea47",
              "parentUUID": "5fbdd19b-18e6-4326-8257-1e8c7b5ebcce",
              "isHook": false,
              "skipped": false
            },
            {
              "title": "Verifica se o botão está posicionado ao lado do input",
              "fullTitle": "10 - Faça o quadro de pixels ter seu tamanho definido pelo usuário. Verifica se o botão está posicionado ao lado do input",
              "timedOut": null,
              "duration": 5131,
              "state": "failed",
              "speed": null,
              "pass": false,
              "fail": true,
              "pending": false,
              "context": null,
              "code": "cy.get('#board-size').then(function (board) {\n  cy.get('#generate-board').should('be.onTheRightOf', board);\n});",
              "err": {
                "message": "CypressError: Timed out retrying: Expected to find element: '#board-size', but never found it.",
                "estack": "CypressError: Timed out retrying: Expected to find element: '#board-size', but never found it.\n    at cypressErr (http://localhost:58925/__cypress/runner/cypress_runner.js:149934:9)\n    at throwErr (http://localhost:58925/__cypress/runner/cypress_runner.js:149867:11)\n    at Object.throwErrByPath (http://localhost:58925/__cypress/runner/cypress_runner.js:149915:3)\n    at retry (http://localhost:58925/__cypress/runner/cypress_runner.js:144197:19)\n    at onFailFn (http://localhost:58925/__cypress/runner/cypress_runner.js:132448:16)\n    at tryCatcher (http://localhost:58925/__cypress/runner/cypress_runner.js:167415:23)\n    at Promise._settlePromiseFromHandler (http://localhost:58925/__cypress/runner/cypress_runner.js:165351:31)\n    at Promise._settlePromise (http://localhost:58925/__cypress/runner/cypress_runner.js:165408:18)\n    at Promise._settlePromise0 (http://localhost:58925/__cypress/runner/cypress_runner.js:165453:10)\n    at Promise._settlePromises (http://localhost:58925/__cypress/runner/cypress_runner.js:165528:18)\n    at Async../node_modules/bluebird/js/release/async.js.Async._drainQueue (http://localhost:58925/__cypress/runner/cypress_runner.js:162140:16)\n    at Async../node_modules/bluebird/js/release/async.js.Async._drainQueues (http://localhost:58925/__cypress/runner/cypress_runner.js:162150:10)\n    at Async.drainQueues (http://localhost:58925/__cypress/runner/cypress_runner.js:162024:14)",
                "diff": null
              },
              "uuid": "32cdefc5-7542-46bb-8ee8-f2c32df3886f",
              "parentUUID": "5fbdd19b-18e6-4326-8257-1e8c7b5ebcce",
              "isHook": false,
              "skipped": false
            },
            {
              "title": "Verifica se nenhum valor for colocado no input ao clicar no botão, um `alert` é exibido com o texto: 'Board inválido!'",
              "fullTitle": "10 - Faça o quadro de pixels ter seu tamanho definido pelo usuário. Verifica se nenhum valor for colocado no input ao clicar no botão, um `alert` é exibido com o texto: 'Board inválido!'",
              "timedOut": null,
              "duration": 4996,
              "state": "failed",
              "speed": null,
              "pass": false,
              "fail": true,
              "pending": false,
              "context": null,
              "code": "var alerted = false;\ncy.on('window:alert', function (msg) {\n  return alerted = msg;\n});\ncy.get('#generate-board').click().then(function () {\n  return expect(alerted).to.match(/Board inválido!/i);\n});",
              "err": {
                "message": "CypressError: Timed out retrying: Expected to find element: '#generate-board', but never found it.",
                "estack": "CypressError: Timed out retrying: Expected to find element: '#generate-board', but never found it.\n    at cypressErr (http://localhost:58925/__cypress/runner/cypress_runner.js:149934:9)\n    at throwErr (http://localhost:58925/__cypress/runner/cypress_runner.js:149867:11)\n    at Object.throwErrByPath (http://localhost:58925/__cypress/runner/cypress_runner.js:149915:3)\n    at retry (http://localhost:58925/__cypress/runner/cypress_runner.js:144197:19)\n    at onFailFn (http://localhost:58925/__cypress/runner/cypress_runner.js:132448:16)\n    at tryCatcher (http://localhost:58925/__cypress/runner/cypress_runner.js:167415:23)\n    at Promise._settlePromiseFromHandler (http://localhost:58925/__cypress/runner/cypress_runner.js:165351:31)\n    at Promise._settlePromise (http://localhost:58925/__cypress/runner/cypress_runner.js:165408:18)\n    at Promise._settlePromise0 (http://localhost:58925/__cypress/runner/cypress_runner.js:165453:10)\n    at Promise._settlePromises (http://localhost:58925/__cypress/runner/cypress_runner.js:165528:18)\n    at Async../node_modules/bluebird/js/release/async.js.Async._drainQueue (http://localhost:58925/__cypress/runner/cypress_runner.js:162140:16)\n    at Async../node_modules/bluebird/js/release/async.js.Async._drainQueues (http://localhost:58925/__cypress/runner/cypress_runner.js:162150:10)\n    at Async.drainQueues (http://localhost:58925/__cypress/runner/cypress_runner.js:162024:14)",
                "diff": null
              },
              "uuid": "012f556f-b2da-432c-85a8-5fe865e52145",
              "parentUUID": "5fbdd19b-18e6-4326-8257-1e8c7b5ebcce",
              "isHook": false,
              "skipped": false
            },
            {
              "title": "Verifica se ao clicar no botão com um valor preenchido, o tamanho do board muda.",
              "fullTitle": "10 - Faça o quadro de pixels ter seu tamanho definido pelo usuário. Verifica se ao clicar no botão com um valor preenchido, o tamanho do board muda.",
              "timedOut": null,
              "duration": 5947,
              "state": "failed",
              "speed": null,
              "pass": false,
              "fail": true,
              "pending": false,
              "context": null,
              "code": "cy.get('#board-size').clear().type(10);\ncy.get('#generate-board').click();\ncy.get('.pixel').should('have.length', 100);",
              "err": {
                "message": "CypressError: Timed out retrying: Expected to find element: '#board-size', but never found it.",
                "estack": "CypressError: Timed out retrying: Expected to find element: '#board-size', but never found it.\n    at cypressErr (http://localhost:58925/__cypress/runner/cypress_runner.js:149934:9)\n    at throwErr (http://localhost:58925/__cypress/runner/cypress_runner.js:149867:11)\n    at Object.throwErrByPath (http://localhost:58925/__cypress/runner/cypress_runner.js:149915:3)\n    at retry (http://localhost:58925/__cypress/runner/cypress_runner.js:144197:19)\n    at onFailFn (http://localhost:58925/__cypress/runner/cypress_runner.js:132448:16)\n    at tryCatcher (http://localhost:58925/__cypress/runner/cypress_runner.js:167415:23)\n    at Promise._settlePromiseFromHandler (http://localhost:58925/__cypress/runner/cypress_runner.js:165351:31)\n    at Promise._settlePromise (http://localhost:58925/__cypress/runner/cypress_runner.js:165408:18)\n    at Promise._settlePromise0 (http://localhost:58925/__cypress/runner/cypress_runner.js:165453:10)\n    at Promise._settlePromises (http://localhost:58925/__cypress/runner/cypress_runner.js:165528:18)\n    at Async../node_modules/bluebird/js/release/async.js.Async._drainQueue (http://localhost:58925/__cypress/runner/cypress_runner.js:162140:16)\n    at Async../node_modules/bluebird/js/release/async.js.Async._drainQueues (http://localhost:58925/__cypress/runner/cypress_runner.js:162150:10)\n    at Async.drainQueues (http://localhost:58925/__cypress/runner/cypress_runner.js:162024:14)",
                "diff": null
              },
              "uuid": "dd25fba2-6205-48eb-937e-b264eeaa3500",
              "parentUUID": "5fbdd19b-18e6-4326-8257-1e8c7b5ebcce",
              "isHook": false,
              "skipped": false
            },
            {
              "title": "Verifica se o novo quadro tem todos os pixels preenchidos com a cor branca",
              "fullTitle": "10 - Faça o quadro de pixels ter seu tamanho definido pelo usuário. Verifica se o novo quadro tem todos os pixels preenchidos com a cor branca",
              "timedOut": null,
              "duration": 5180,
              "state": "failed",
              "speed": null,
              "pass": false,
              "fail": true,
              "pending": false,
              "context": null,
              "code": "cy.get('#board-size').clear().type(6);\ncy.get('#generate-board').click();\ncy.get('.pixel').should('have.length', 36).each(function (pixel) {\n  expect(pixel).to.have.css('background-color', WHITE);\n});",
              "err": {
                "message": "CypressError: Timed out retrying: Expected to find element: '#board-size', but never found it.",
                "estack": "CypressError: Timed out retrying: Expected to find element: '#board-size', but never found it.\n    at cypressErr (http://localhost:58925/__cypress/runner/cypress_runner.js:149934:9)\n    at throwErr (http://localhost:58925/__cypress/runner/cypress_runner.js:149867:11)\n    at Object.throwErrByPath (http://localhost:58925/__cypress/runner/cypress_runner.js:149915:3)\n    at retry (http://localhost:58925/__cypress/runner/cypress_runner.js:144197:19)\n    at onFailFn (http://localhost:58925/__cypress/runner/cypress_runner.js:132448:16)\n    at tryCatcher (http://localhost:58925/__cypress/runner/cypress_runner.js:167415:23)\n    at Promise._settlePromiseFromHandler (http://localhost:58925/__cypress/runner/cypress_runner.js:165351:31)\n    at Promise._settlePromise (http://localhost:58925/__cypress/runner/cypress_runner.js:165408:18)\n    at Promise._settlePromise0 (http://localhost:58925/__cypress/runner/cypress_runner.js:165453:10)\n    at Promise._settlePromises (http://localhost:58925/__cypress/runner/cypress_runner.js:165528:18)\n    at Async../node_modules/bluebird/js/release/async.js.Async._drainQueue (http://localhost:58925/__cypress/runner/cypress_runner.js:162140:16)\n    at Async../node_modules/bluebird/js/release/async.js.Async._drainQueues (http://localhost:58925/__cypress/runner/cypress_runner.js:162150:10)\n    at Async.drainQueues (http://localhost:58925/__cypress/runner/cypress_runner.js:162024:14)",
                "diff": null
              },
              "uuid": "4406113b-7687-4da7-b30a-03677b680398",
              "parentUUID": "5fbdd19b-18e6-4326-8257-1e8c7b5ebcce",
              "isHook": false,
              "skipped": false
            }
          ],
          "suites": [],
          "passes": [],
          "failures": [
            "d9ccc8a2-9642-4122-843c-10be9fbcd61c",
            "a51d9bcd-6926-412d-a608-c562becc210d",
            "4ddb6616-6599-4169-a8ec-e3f22b2abb96",
            "206b6f8c-c93c-4fa6-942b-d3faea003e61",
            "737ede3c-3c19-4230-8bbc-4f58e9efea47",
            "32cdefc5-7542-46bb-8ee8-f2c32df3886f",
            "012f556f-b2da-432c-85a8-5fe865e52145",
            "dd25fba2-6205-48eb-937e-b264eeaa3500",
            "4406113b-7687-4da7-b30a-03677b680398"
          ],
          "pending": [],
          "skipped": [],
          "duration": 46303,
          "root": false,
          "rootEmpty": false,
          "_timeout": 2000
        },
        {
          "uuid": "3d13e497-dce5-40a5-a7c8-fabed3027b0b",
          "title": "11 - Limite o tamanho mínimo e máximo do board.",
          "fullFile": "",
          "file": "",
          "beforeHooks": [],
          "afterHooks": [],
          "tests": [
            {
              "title": "Verifica se a altura máxima do board é 50",
              "fullTitle": "11 - Limite o tamanho mínimo e máximo do board. Verifica se a altura máxima do board é 50",
              "timedOut": null,
              "duration": 5098,
              "state": "failed",
              "speed": null,
              "pass": false,
              "fail": true,
              "pending": false,
              "context": null,
              "code": "cy.get('#board-size').clear().type(50);\ncy.get('#generate-board').click();\ncy.get('.pixel').should('have.length', 2500);",
              "err": {
                "message": "CypressError: Timed out retrying: Expected to find element: '#board-size', but never found it.",
                "estack": "CypressError: Timed out retrying: Expected to find element: '#board-size', but never found it.\n    at cypressErr (http://localhost:58925/__cypress/runner/cypress_runner.js:149934:9)\n    at throwErr (http://localhost:58925/__cypress/runner/cypress_runner.js:149867:11)\n    at Object.throwErrByPath (http://localhost:58925/__cypress/runner/cypress_runner.js:149915:3)\n    at retry (http://localhost:58925/__cypress/runner/cypress_runner.js:144197:19)\n    at onFailFn (http://localhost:58925/__cypress/runner/cypress_runner.js:132448:16)\n    at tryCatcher (http://localhost:58925/__cypress/runner/cypress_runner.js:167415:23)\n    at Promise._settlePromiseFromHandler (http://localhost:58925/__cypress/runner/cypress_runner.js:165351:31)\n    at Promise._settlePromise (http://localhost:58925/__cypress/runner/cypress_runner.js:165408:18)\n    at Promise._settlePromise0 (http://localhost:58925/__cypress/runner/cypress_runner.js:165453:10)\n    at Promise._settlePromises (http://localhost:58925/__cypress/runner/cypress_runner.js:165528:18)\n    at Async../node_modules/bluebird/js/release/async.js.Async._drainQueue (http://localhost:58925/__cypress/runner/cypress_runner.js:162140:16)\n    at Async../node_modules/bluebird/js/release/async.js.Async._drainQueues (http://localhost:58925/__cypress/runner/cypress_runner.js:162150:10)\n    at Async.drainQueues (http://localhost:58925/__cypress/runner/cypress_runner.js:162024:14)",
                "diff": null
              },
              "uuid": "393da491-b915-468d-ad80-cb1e2d17ef41",
              "parentUUID": "3d13e497-dce5-40a5-a7c8-fabed3027b0b",
              "isHook": false,
              "skipped": false
            },
            {
              "title": "Verifica se a altura do board é 5 quando um valor menor é colocado no input",
              "fullTitle": "11 - Limite o tamanho mínimo e máximo do board. Verifica se a altura do board é 5 quando um valor menor é colocado no input",
              "timedOut": null,
              "duration": 5258,
              "state": "failed",
              "speed": null,
              "pass": false,
              "fail": true,
              "pending": false,
              "context": null,
              "code": "cy.get('#board-size').clear().type(4);\ncy.get('#generate-board').click();\ncy.get('.pixel').should('have.length', 25);",
              "err": {
                "message": "CypressError: Timed out retrying: Expected to find element: '#board-size', but never found it.",
                "estack": "CypressError: Timed out retrying: Expected to find element: '#board-size', but never found it.\n    at cypressErr (http://localhost:58925/__cypress/runner/cypress_runner.js:149934:9)\n    at throwErr (http://localhost:58925/__cypress/runner/cypress_runner.js:149867:11)\n    at Object.throwErrByPath (http://localhost:58925/__cypress/runner/cypress_runner.js:149915:3)\n    at retry (http://localhost:58925/__cypress/runner/cypress_runner.js:144197:19)\n    at onFailFn (http://localhost:58925/__cypress/runner/cypress_runner.js:132448:16)\n    at tryCatcher (http://localhost:58925/__cypress/runner/cypress_runner.js:167415:23)\n    at Promise._settlePromiseFromHandler (http://localhost:58925/__cypress/runner/cypress_runner.js:165351:31)\n    at Promise._settlePromise (http://localhost:58925/__cypress/runner/cypress_runner.js:165408:18)\n    at Promise._settlePromise0 (http://localhost:58925/__cypress/runner/cypress_runner.js:165453:10)\n    at Promise._settlePromises (http://localhost:58925/__cypress/runner/cypress_runner.js:165528:18)\n    at Async../node_modules/bluebird/js/release/async.js.Async._drainQueue (http://localhost:58925/__cypress/runner/cypress_runner.js:162140:16)\n    at Async../node_modules/bluebird/js/release/async.js.Async._drainQueues (http://localhost:58925/__cypress/runner/cypress_runner.js:162150:10)\n    at Async.drainQueues (http://localhost:58925/__cypress/runner/cypress_runner.js:162024:14)",
                "diff": null
              },
              "uuid": "c5726d3d-1fff-4518-a905-7fb7f58a04ab",
              "parentUUID": "3d13e497-dce5-40a5-a7c8-fabed3027b0b",
              "isHook": false,
              "skipped": false
            },
            {
              "title": "Verifica se a altura do board é 50 quando um valor maior é colocado no input",
              "fullTitle": "11 - Limite o tamanho mínimo e máximo do board. Verifica se a altura do board é 50 quando um valor maior é colocado no input",
              "timedOut": null,
              "duration": 4973,
              "state": "failed",
              "speed": null,
              "pass": false,
              "fail": true,
              "pending": false,
              "context": null,
              "code": "cy.get('#board-size').clear().type(51);\ncy.get('#generate-board').click();\ncy.get('.pixel').should('have.length', 2500);",
              "err": {
                "message": "CypressError: Timed out retrying: Expected to find element: '#board-size', but never found it.",
                "estack": "CypressError: Timed out retrying: Expected to find element: '#board-size', but never found it.\n    at cypressErr (http://localhost:58925/__cypress/runner/cypress_runner.js:149934:9)\n    at throwErr (http://localhost:58925/__cypress/runner/cypress_runner.js:149867:11)\n    at Object.throwErrByPath (http://localhost:58925/__cypress/runner/cypress_runner.js:149915:3)\n    at retry (http://localhost:58925/__cypress/runner/cypress_runner.js:144197:19)\n    at onFailFn (http://localhost:58925/__cypress/runner/cypress_runner.js:132448:16)\n    at tryCatcher (http://localhost:58925/__cypress/runner/cypress_runner.js:167415:23)\n    at Promise._settlePromiseFromHandler (http://localhost:58925/__cypress/runner/cypress_runner.js:165351:31)\n    at Promise._settlePromise (http://localhost:58925/__cypress/runner/cypress_runner.js:165408:18)\n    at Promise._settlePromise0 (http://localhost:58925/__cypress/runner/cypress_runner.js:165453:10)\n    at Promise._settlePromises (http://localhost:58925/__cypress/runner/cypress_runner.js:165528:18)\n    at Async../node_modules/bluebird/js/release/async.js.Async._drainQueue (http://localhost:58925/__cypress/runner/cypress_runner.js:162140:16)\n    at Async../node_modules/bluebird/js/release/async.js.Async._drainQueues (http://localhost:58925/__cypress/runner/cypress_runner.js:162150:10)\n    at Async.drainQueues (http://localhost:58925/__cypress/runner/cypress_runner.js:162024:14)",
                "diff": null
              },
              "uuid": "32ffe86a-d2c7-4578-a31e-b861de88087c",
              "parentUUID": "3d13e497-dce5-40a5-a7c8-fabed3027b0b",
              "isHook": false,
              "skipped": false
            }
          ],
          "suites": [],
          "passes": [],
          "failures": [
            "393da491-b915-468d-ad80-cb1e2d17ef41",
            "c5726d3d-1fff-4518-a905-7fb7f58a04ab",
            "32ffe86a-d2c7-4578-a31e-b861de88087c"
          ],
          "pending": [],
          "skipped": [],
          "duration": 15329,
          "root": false,
          "rootEmpty": false,
          "_timeout": 2000
        },
        {
          "uuid": "d9d80dcd-c12c-4c0b-a4f8-51412ced484c",
          "title": "12 - Faça com que as cores da paleta sejam geradas aleatoriamente ao carregar a página.",
          "fullFile": "",
          "file": "",
          "beforeHooks": [],
          "afterHooks": [],
          "tests": [
            {
              "title": "Verifica se as cores geradas na paleta são diferentes a cada carregamento da página",
              "fullTitle": "12 - Faça com que as cores da paleta sejam geradas aleatoriamente ao carregar a página. Verifica se as cores geradas na paleta são diferentes a cada carregamento da página",
              "timedOut": null,
              "duration": 1372,
              "state": "failed",
              "speed": null,
              "pass": false,
              "fail": true,
              "pending": false,
              "context": null,
              "code": "cy.get('.color').then(function (colors) {\n  var currentColors;\n  var previousColors;\n  previousColors = Array.from(colors).map(function (color) {\n    return Cypress.$(color).css('background-color');\n  });\n  for (var i = 0; i < 5; i += 1) {\n    cy.reload();\n    cy.get('.color').then(function (colors) {\n      currentColors = Array.from(colors).map(function (color) {\n        return Cypress.$(color).css('background-color');\n      });\n      expect(currentColors).not.to.deep.equal(previousColors);\n      previousColors = currentColors;\n    });\n  }\n});",
              "err": {
                "message": "AssertionError: expected [ Array(4) ] to not deeply equal [ Array(4) ]",
                "estack": "AssertionError: expected [ Array(4) ] to not deeply equal [ Array(4) ]\n    at getRet (http://localhost:58925/__cypress/runner/cypress_runner.js:136585:16)\n    at tryCatcher (http://localhost:58925/__cypress/runner/cypress_runner.js:167415:23)\n    at Function.Promise.attempt.Promise.try (http://localhost:58925/__cypress/runner/cypress_runner.js:164690:29)\n    at Context.thenFn (http://localhost:58925/__cypress/runner/cypress_runner.js:136599:23)\n    at Context.then (http://localhost:58925/__cypress/runner/cypress_runner.js:136971:21)\n    at Context.<anonymous> (http://localhost:58925/__cypress/runner/cypress_runner.js:148875:21)\n    at http://localhost:58925/__cypress/runner/cypress_runner.js:148351:33\n    at tryCatcher (http://localhost:58925/__cypress/runner/cypress_runner.js:167415:23)\n    at Promise._settlePromiseFromHandler (http://localhost:58925/__cypress/runner/cypress_runner.js:165351:31)\n    at Promise._settlePromise (http://localhost:58925/__cypress/runner/cypress_runner.js:165408:18)\n    at Promise._settlePromiseCtx (http://localhost:58925/__cypress/runner/cypress_runner.js:165445:10)\n    at Async../node_modules/bluebird/js/release/async.js.Async._drainQueue (http://localhost:58925/__cypress/runner/cypress_runner.js:162145:12)\n    at Async../node_modules/bluebird/js/release/async.js.Async._drainQueues (http://localhost:58925/__cypress/runner/cypress_runner.js:162150:10)\n    at Async.drainQueues (http://localhost:58925/__cypress/runner/cypress_runner.js:162024:14)",
                "diff": ""
              },
              "uuid": "854cf445-ec13-4517-9b21-210c7ffd3f45",
              "parentUUID": "d9d80dcd-c12c-4c0b-a4f8-51412ced484c",
              "isHook": false,
              "skipped": false
            },
            {
              "title": "Verifica se a cor preta ainda está presente e é a primeira na sua paleta de cores",
              "fullTitle": "12 - Faça com que as cores da paleta sejam geradas aleatoriamente ao carregar a página. Verifica se a cor preta ainda está presente e é a primeira na sua paleta de cores",
              "timedOut": null,
              "duration": 1182,
              "state": "failed",
              "speed": null,
              "pass": false,
              "fail": true,
              "pending": false,
              "context": null,
              "code": "cy.get('.color').then(function (colors) {\n  var currentColors;\n  var previousColors;\n  previousColors = Array.from(colors).map(function (color) {\n    return Cypress.$(color).css('background-color');\n  });\n  expect(previousColors[0]).to.eq(BLACK);\n  for (var i = 0; i < 5; i += 1) {\n    cy.reload();\n    cy.get('.color').then(function (colors) {\n      currentColors = Array.from(colors).map(function (color) {\n        return Cypress.$(color).css('background-color');\n      });\n      expect(currentColors[0]).to.eq(BLACK);\n      expect(currentColors).not.to.deep.equal(previousColors);\n      previousColors = currentColors;\n    });\n  }\n});",
              "err": {
                "message": "AssertionError: expected [ Array(4) ] to not deeply equal [ Array(4) ]",
                "estack": "AssertionError: expected [ Array(4) ] to not deeply equal [ Array(4) ]\n    at getRet (http://localhost:58925/__cypress/runner/cypress_runner.js:136585:16)\n    at tryCatcher (http://localhost:58925/__cypress/runner/cypress_runner.js:167415:23)\n    at Function.Promise.attempt.Promise.try (http://localhost:58925/__cypress/runner/cypress_runner.js:164690:29)\n    at Context.thenFn (http://localhost:58925/__cypress/runner/cypress_runner.js:136599:23)\n    at Context.then (http://localhost:58925/__cypress/runner/cypress_runner.js:136971:21)\n    at Context.<anonymous> (http://localhost:58925/__cypress/runner/cypress_runner.js:148875:21)\n    at http://localhost:58925/__cypress/runner/cypress_runner.js:148351:33\n    at tryCatcher (http://localhost:58925/__cypress/runner/cypress_runner.js:167415:23)\n    at Promise._settlePromiseFromHandler (http://localhost:58925/__cypress/runner/cypress_runner.js:165351:31)\n    at Promise._settlePromise (http://localhost:58925/__cypress/runner/cypress_runner.js:165408:18)\n    at Promise._settlePromiseCtx (http://localhost:58925/__cypress/runner/cypress_runner.js:165445:10)\n    at Async../node_modules/bluebird/js/release/async.js.Async._drainQueue (http://localhost:58925/__cypress/runner/cypress_runner.js:162145:12)\n    at Async../node_modules/bluebird/js/release/async.js.Async._drainQueues (http://localhost:58925/__cypress/runner/cypress_runner.js:162150:10)\n    at Async.drainQueues (http://localhost:58925/__cypress/runner/cypress_runner.js:162024:14)",
                "diff": ""
              },
              "uuid": "18887c5c-d352-4f25-bafe-f175697f76f6",
              "parentUUID": "d9d80dcd-c12c-4c0b-a4f8-51412ced484c",
              "isHook": false,
              "skipped": false
            }
          ],
          "suites": [],
          "passes": [],
          "failures": [
            "854cf445-ec13-4517-9b21-210c7ffd3f45",
            "18887c5c-d352-4f25-bafe-f175697f76f6"
          ],
          "pending": [],
          "skipped": [],
          "duration": 2554,
          "root": false,
          "rootEmpty": false,
          "_timeout": 2000
        }
      ],
      "passes": [],
      "failures": [],
      "pending": [],
      "skipped": [],
      "duration": 0,
      "root": true,
      "rootEmpty": true,
      "_timeout": 2000
    }
  ],
  "meta": {
    "mocha": {
      "version": "7.0.1"
    },
    "mochawesome": {
      "options": {
        "quiet": false,
        "reportFilename": "mochawesome",
        "saveHtml": false,
        "saveJson": true,
        "consoleReporter": "spec",
        "useInlineDiffs": false
      },
      "version": "4.1.0"
    },
    "marge": {
      "options": {
        "id": "default",
        "reportDir": "cypress/reports",
        "overwrite": true,
        "html": false,
        "json": true
      },
      "version": "4.1.0"
    }
  }
}