{
  "stats": {
    "suites": 12,
    "tests": 41,
    "passes": 3,
    "pending": 0,
    "failures": 38,
    "start": "2021-09-12T23:14:02.900Z",
    "end": "2021-09-12T23:16:40.194Z",
    "duration": 157294,
    "testsRegistered": 41,
    "passPercent": 7.317073170731707,
    "pendingPercent": 0,
    "other": 0,
    "hasOther": false,
    "skipped": 0,
    "hasSkipped": false
  },
  "results": [
    {
      "uuid": "bd7eda6b-a762-4db4-ad7e-f3b1d5f5d208",
      "title": "",
      "fullFile": "cypress/integration/project.spec.js",
      "file": "cypress/integration/project.spec.js",
      "beforeHooks": [],
      "afterHooks": [],
      "tests": [],
      "suites": [
        {
          "uuid": "59d3e033-3f86-45ed-a124-b28bb75b3765",
          "title": "1 - Adicione à página o título \"Paleta de Cores\".",
          "fullFile": "",
          "file": "",
          "beforeHooks": [],
          "afterHooks": [],
          "tests": [
            {
              "title": "Verifica se contém um elemento `h1` com o id `title` com o título correto",
              "fullTitle": "1 - Adicione à página o título \"Paleta de Cores\". Verifica se contém um elemento `h1` com o id `title` com o título correto",
              "timedOut": null,
              "duration": 222,
              "state": "passed",
              "speed": "slow",
              "pass": true,
              "fail": false,
              "pending": false,
              "context": null,
              "code": "cy.get('h1#title').should('contain.text', 'Paleta de Cores');",
              "err": {},
              "uuid": "0dc615cb-e449-44c9-85d6-f8f90ce43139",
              "parentUUID": "59d3e033-3f86-45ed-a124-b28bb75b3765",
              "isHook": false,
              "skipped": false
            }
          ],
          "suites": [],
          "passes": [
            "0dc615cb-e449-44c9-85d6-f8f90ce43139"
          ],
          "failures": [],
          "pending": [],
          "skipped": [],
          "duration": 222,
          "root": false,
          "rootEmpty": false,
          "_timeout": 2000
        },
        {
          "uuid": "0a823749-4a4d-4cc4-85b7-f8900d84fdc2",
          "title": "2 - Adicione à página uma paleta de quatro cores distintas.",
          "fullFile": "",
          "file": "",
          "beforeHooks": [],
          "afterHooks": [],
          "tests": [
            {
              "title": "A paleta de cores deve ser um elemento com `id` denominado `color-palette`",
              "fullTitle": "2 - Adicione à página uma paleta de quatro cores distintas. A paleta de cores deve ser um elemento com `id` denominado `color-palette`",
              "timedOut": null,
              "duration": 4078,
              "state": "failed",
              "speed": null,
              "pass": false,
              "fail": true,
              "pending": false,
              "context": null,
              "code": "cy.get('#color-palette').should('be.visible');\ncy.get('#color-palette').children('.color');",
              "err": {
                "message": "AssertionError: Timed out retrying after 4000ms: expected '<div#color-palette>' to be 'visible'\n\nThis element `<div#color-palette>` is not visible because it has an effective width and height of: `1366 x 0` pixels.",
                "estack": "AssertionError: Timed out retrying after 4000ms: expected '<div#color-palette>' to be 'visible'\n\nThis element `<div#color-palette>` is not visible because it has an effective width and height of: `1366 x 0` pixels.\n    at Context.eval (http://localhost:43881/__cypress/tests?p=cypress/integration/project.spec.js:127:30)",
                "diff": null
              },
              "uuid": "812fd350-c192-4d32-8cf9-0a84cc89cfe7",
              "parentUUID": "0a823749-4a4d-4cc4-85b7-f8900d84fdc2",
              "isHook": false,
              "skipped": false
            },
            {
              "title": "Verifica se cada cor individual da paleta de cores possui a `classe` chamada `color`.",
              "fullTitle": "2 - Adicione à página uma paleta de quatro cores distintas. Verifica se cada cor individual da paleta de cores possui a `classe` chamada `color`.",
              "timedOut": null,
              "duration": 4073,
              "state": "failed",
              "speed": null,
              "pass": false,
              "fail": true,
              "pending": false,
              "context": null,
              "code": "cy.get('.color').should('have.length', 4).then(colors => {\n  for (let i = 0; i < colors.length; i++) {\n    cy.wrap(colors[i]).should('be.visible');\n  }\n});",
              "err": {
                "message": "AssertionError: Timed out retrying after 4000ms: Expected to find element: `.color`, but never found it.",
                "estack": "AssertionError: Timed out retrying after 4000ms: Expected to find element: `.color`, but never found it.\n    at Context.eval (http://localhost:43881/__cypress/tests?p=cypress/integration/project.spec.js:131:22)",
                "diff": null
              },
              "uuid": "abb778eb-80e9-422e-b67d-d3643f1088ff",
              "parentUUID": "0a823749-4a4d-4cc4-85b7-f8900d84fdc2",
              "isHook": false,
              "skipped": false
            },
            {
              "title": "Verifica se a cor de fundo de cada elemento da paleta é a cor que o elemento representa. **A única cor não permitida na paleta é a cor branca.**",
              "fullTitle": "2 - Adicione à página uma paleta de quatro cores distintas. Verifica se a cor de fundo de cada elemento da paleta é a cor que o elemento representa. **A única cor não permitida na paleta é a cor branca.**",
              "timedOut": null,
              "duration": 4081,
              "state": "failed",
              "speed": null,
              "pass": false,
              "fail": true,
              "pending": false,
              "context": null,
              "code": "cy.get('.color').each(color => {\n  cy.wrap(color).should('have.class', 'color').and('not.have.css', 'background-color', WHITE);\n  cy.wrap(color).should('have.css', 'background-color');\n});",
              "err": {
                "message": "AssertionError: Timed out retrying after 4000ms: Expected to find element: `.color`, but never found it.",
                "estack": "AssertionError: Timed out retrying after 4000ms: Expected to find element: `.color`, but never found it.\n    at Context.eval (http://localhost:43881/__cypress/tests?p=cypress/integration/project.spec.js:138:8)",
                "diff": null
              },
              "uuid": "ec9b9321-d53b-4525-8307-af8ede62936d",
              "parentUUID": "0a823749-4a4d-4cc4-85b7-f8900d84fdc2",
              "isHook": false,
              "skipped": false
            },
            {
              "title": "Verifica se cada elemento da paleta de cores tem uma borda preta, sólida e com 1 pixel de largura;",
              "fullTitle": "2 - Adicione à página uma paleta de quatro cores distintas. Verifica se cada elemento da paleta de cores tem uma borda preta, sólida e com 1 pixel de largura;",
              "timedOut": null,
              "duration": 4065,
              "state": "failed",
              "speed": null,
              "pass": false,
              "fail": true,
              "pending": false,
              "context": null,
              "code": "cy.get('.color').each(color => {\n  cy.wrap(color).and('have.css', 'border', `1px solid ${BLACK}`).and('have.class', 'color');\n});",
              "err": {
                "message": "AssertionError: Timed out retrying after 4000ms: Expected to find element: `.color`, but never found it.",
                "estack": "AssertionError: Timed out retrying after 4000ms: Expected to find element: `.color`, but never found it.\n    at Context.eval (http://localhost:43881/__cypress/tests?p=cypress/integration/project.spec.js:144:8)",
                "diff": null
              },
              "uuid": "dfdf54d1-2229-4368-b2f0-23b3ab48064c",
              "parentUUID": "0a823749-4a4d-4cc4-85b7-f8900d84fdc2",
              "isHook": false,
              "skipped": false
            },
            {
              "title": "Verifica se a paleta lista todas as cores disponíveis para utilização, lado a lado.",
              "fullTitle": "2 - Adicione à página uma paleta de quatro cores distintas. Verifica se a paleta lista todas as cores disponíveis para utilização, lado a lado.",
              "timedOut": null,
              "duration": 4080,
              "state": "failed",
              "speed": null,
              "pass": false,
              "fail": true,
              "pending": false,
              "context": null,
              "code": "cy.get('.color').then(colors => {\n  for (let index = 1; index < colors.length; index += 1) {\n    const currentColor = colors[index];\n    const previousColor = colors[index - 1];\n    cy.wrap(currentColor).should('be.onTheRightOf', previousColor).and('be.horizontallyAlignedWith', previousColor);\n  }\n});",
              "err": {
                "message": "AssertionError: Timed out retrying after 4000ms: Expected to find element: `.color`, but never found it.",
                "estack": "AssertionError: Timed out retrying after 4000ms: Expected to find element: `.color`, but never found it.\n    at Context.eval (http://localhost:43881/__cypress/tests?p=cypress/integration/project.spec.js:149:8)",
                "diff": null
              },
              "uuid": "ef841b31-0e74-4eca-b308-2b99f8655514",
              "parentUUID": "0a823749-4a4d-4cc4-85b7-f8900d84fdc2",
              "isHook": false,
              "skipped": false
            },
            {
              "title": "Verifica se a paleta de cores está posicionada abaixo do título 'Paleta de Cores'",
              "fullTitle": "2 - Adicione à página uma paleta de quatro cores distintas. Verifica se a paleta de cores está posicionada abaixo do título 'Paleta de Cores'",
              "timedOut": null,
              "duration": 83,
              "state": "passed",
              "speed": "slow",
              "pass": true,
              "fail": false,
              "pending": false,
              "context": null,
              "code": "cy.get('h1#title').then(title => {\n  cy.get('#color-palette').should('be.belowOf', title);\n});",
              "err": {},
              "uuid": "20407120-7e8c-48fc-943e-2ef6f5969b92",
              "parentUUID": "0a823749-4a4d-4cc4-85b7-f8900d84fdc2",
              "isHook": false,
              "skipped": false
            },
            {
              "title": "Verifica se a paleta de cores não contém cores repetidas.",
              "fullTitle": "2 - Adicione à página uma paleta de quatro cores distintas. Verifica se a paleta de cores não contém cores repetidas.",
              "timedOut": null,
              "duration": 4056,
              "state": "failed",
              "speed": null,
              "pass": false,
              "fail": true,
              "pending": false,
              "context": null,
              "code": "cy.get('.color').then(colors => {\n  const allColors = Array.from(colors).map(color => Cypress.$(color).css('background-color'));\n  cy.log(allColors);\n  const uniqColors = [...new Set(allColors)];\n  cy.log(uniqColors);\n  expect(allColors.length).to.eq(uniqColors.length);\n});",
              "err": {
                "message": "AssertionError: Timed out retrying after 4000ms: Expected to find element: `.color`, but never found it.",
                "estack": "AssertionError: Timed out retrying after 4000ms: Expected to find element: `.color`, but never found it.\n    at Context.eval (http://localhost:43881/__cypress/tests?p=cypress/integration/project.spec.js:163:8)",
                "diff": null
              },
              "uuid": "c02e5956-9d43-43e6-ad9a-581bc8d103ed",
              "parentUUID": "0a823749-4a4d-4cc4-85b7-f8900d84fdc2",
              "isHook": false,
              "skipped": false
            }
          ],
          "suites": [],
          "passes": [
            "20407120-7e8c-48fc-943e-2ef6f5969b92"
          ],
          "failures": [
            "812fd350-c192-4d32-8cf9-0a84cc89cfe7",
            "abb778eb-80e9-422e-b67d-d3643f1088ff",
            "ec9b9321-d53b-4525-8307-af8ede62936d",
            "dfdf54d1-2229-4368-b2f0-23b3ab48064c",
            "ef841b31-0e74-4eca-b308-2b99f8655514",
            "c02e5956-9d43-43e6-ad9a-581bc8d103ed"
          ],
          "pending": [],
          "skipped": [],
          "duration": 24516,
          "root": false,
          "rootEmpty": false,
          "_timeout": 2000
        },
        {
          "uuid": "fa215729-9b19-4fff-ae34-bc55cc7e5ce7",
          "title": "3 - Adicione a cor **preta** como a primeira cor da paleta de cores.",
          "fullFile": "",
          "file": "",
          "beforeHooks": [],
          "afterHooks": [],
          "tests": [
            {
              "title": "Verifica se a primeira cor da paleta é preta",
              "fullTitle": "3 - Adicione a cor **preta** como a primeira cor da paleta de cores. Verifica se a primeira cor da paleta é preta",
              "timedOut": null,
              "duration": 4079,
              "state": "failed",
              "speed": null,
              "pass": false,
              "fail": true,
              "pending": false,
              "context": null,
              "code": "cy.get('.color').first().should('have.css', 'background-color', BLACK);",
              "err": {
                "message": "AssertionError: Timed out retrying after 4000ms: Expected to find element: `.color`, but never found it.",
                "estack": "AssertionError: Timed out retrying after 4000ms: Expected to find element: `.color`, but never found it.\n    at Context.eval (http://localhost:43881/__cypress/tests?p=cypress/integration/project.spec.js:177:8)",
                "diff": null
              },
              "uuid": "e98d6c12-963f-4d01-97aa-1f79471652d3",
              "parentUUID": "fa215729-9b19-4fff-ae34-bc55cc7e5ce7",
              "isHook": false,
              "skipped": false
            },
            {
              "title": "Verifica se as demais cores podem ser escolhidas livremente.",
              "fullTitle": "3 - Adicione a cor **preta** como a primeira cor da paleta de cores. Verifica se as demais cores podem ser escolhidas livremente.",
              "timedOut": null,
              "duration": 4079,
              "state": "failed",
              "speed": null,
              "pass": false,
              "fail": true,
              "pending": false,
              "context": null,
              "code": "cy.get('.color').eq(1).should('not.have.css', 'background-color', BLACK);\ncy.get('.color').eq(1).should('not.have.css', 'background-color', WHITE);\ncy.get('.color').eq(1).should('not.have.css', 'background-color', 'rgba(0, 0, 0, 0)');\ncy.get('.color').eq(1).should('have.css', 'background-color');\ncy.get('.color').eq(2).should('not.have.css', 'background-color', BLACK);\ncy.get('.color').eq(2).should('not.have.css', 'background-color', WHITE);\ncy.get('.color').eq(2).should('not.have.css', 'background-color', 'rgba(0, 0, 0, 0)');\ncy.get('.color').eq(2).should('have.css', 'background-color');\ncy.get('.color').eq(3).should('not.have.css', 'background-color', BLACK);\ncy.get('.color').eq(3).should('not.have.css', 'background-color', WHITE);\ncy.get('.color').eq(3).should('not.have.css', 'background-color', 'rgba(0, 0, 0, 0)');\ncy.get('.color').eq(3).should('have.css', 'background-color');",
              "err": {
                "message": "AssertionError: Timed out retrying after 4000ms: Expected to find element: `.color`, but never found it.",
                "estack": "AssertionError: Timed out retrying after 4000ms: Expected to find element: `.color`, but never found it.\n    at Context.eval (http://localhost:43881/__cypress/tests?p=cypress/integration/project.spec.js:180:8)",
                "diff": null
              },
              "uuid": "dc6b71da-1695-4678-8ea2-7b9c6d99dea3",
              "parentUUID": "fa215729-9b19-4fff-ae34-bc55cc7e5ce7",
              "isHook": false,
              "skipped": false
            }
          ],
          "suites": [],
          "passes": [],
          "failures": [
            "e98d6c12-963f-4d01-97aa-1f79471652d3",
            "dc6b71da-1695-4678-8ea2-7b9c6d99dea3"
          ],
          "pending": [],
          "skipped": [],
          "duration": 8158,
          "root": false,
          "rootEmpty": false,
          "_timeout": 2000
        },
        {
          "uuid": "67591e83-398e-4f82-b001-4dc42c762120",
          "title": "4 - Adicione à página um quadro de pixels, com 25 pixels.",
          "fullFile": "",
          "file": "",
          "beforeHooks": [],
          "afterHooks": [],
          "tests": [
            {
              "title": "Verifica se o quadro de pixels possui o `id` denominado `pixel-board`",
              "fullTitle": "4 - Adicione à página um quadro de pixels, com 25 pixels. Verifica se o quadro de pixels possui o `id` denominado `pixel-board`",
              "timedOut": null,
              "duration": 4102,
              "state": "failed",
              "speed": null,
              "pass": false,
              "fail": true,
              "pending": false,
              "context": null,
              "code": "cy.get('#pixel-board').should('be.visible');",
              "err": {
                "message": "AssertionError: Timed out retrying after 4000ms: expected '<section#pixel-board.pixel-board.game-board>' to be 'visible'\n\nThis element `<section#pixel-board.pixel-board.game-board>` is not visible because it has an effective width and height of: `1366 x 0` pixels.",
                "estack": "AssertionError: Timed out retrying after 4000ms: expected '<section#pixel-board.pixel-board.game-board>' to be 'visible'\n\nThis element `<section#pixel-board.pixel-board.game-board>` is not visible because it has an effective width and height of: `1366 x 0` pixels.\n    at Context.eval (http://localhost:43881/__cypress/tests?p=cypress/integration/project.spec.js:199:28)",
                "diff": null
              },
              "uuid": "99885cbf-7e00-4974-914b-c1a33b352da7",
              "parentUUID": "67591e83-398e-4f82-b001-4dc42c762120",
              "isHook": false,
              "skipped": false
            },
            {
              "title": "Verifica se cada pixel individual dentro do quadro possui a `classe` denominada `pixel`.",
              "fullTitle": "4 - Adicione à página um quadro de pixels, com 25 pixels. Verifica se cada pixel individual dentro do quadro possui a `classe` denominada `pixel`.",
              "timedOut": null,
              "duration": 4089,
              "state": "failed",
              "speed": null,
              "pass": false,
              "fail": true,
              "pending": false,
              "context": null,
              "code": "cy.get('.pixel').should('have.length', 25);",
              "err": {
                "message": "AssertionError: Timed out retrying after 4000ms: Expected to find element: `.pixel`, but never found it.",
                "estack": "AssertionError: Timed out retrying after 4000ms: Expected to find element: `.pixel`, but never found it.\n    at Context.eval (http://localhost:43881/__cypress/tests?p=cypress/integration/project.spec.js:202:22)",
                "diff": null
              },
              "uuid": "a8b44eeb-29b7-4d34-afb9-1f4f719e2b0a",
              "parentUUID": "67591e83-398e-4f82-b001-4dc42c762120",
              "isHook": false,
              "skipped": false
            },
            {
              "title": "Verifica se a cor inicial dos pixels dentro do quadro, ao abrir a página, é branca.",
              "fullTitle": "4 - Adicione à página um quadro de pixels, com 25 pixels. Verifica se a cor inicial dos pixels dentro do quadro, ao abrir a página, é branca.",
              "timedOut": null,
              "duration": 4078,
              "state": "failed",
              "speed": null,
              "pass": false,
              "fail": true,
              "pending": false,
              "context": null,
              "code": "cy.get('.pixel').should('have.length', 25).each(pixel => {\n  expect(pixel).to.have.css('background-color', WHITE);\n});",
              "err": {
                "message": "AssertionError: Timed out retrying after 4000ms: Expected to find element: `.pixel`, but never found it.",
                "estack": "AssertionError: Timed out retrying after 4000ms: Expected to find element: `.pixel`, but never found it.\n    at Context.eval (http://localhost:43881/__cypress/tests?p=cypress/integration/project.spec.js:205:22)",
                "diff": null
              },
              "uuid": "1b26d376-001d-4bd6-af7e-077d804ce565",
              "parentUUID": "67591e83-398e-4f82-b001-4dc42c762120",
              "isHook": false,
              "skipped": false
            },
            {
              "title": "Verifica se o quadro de pixels aparece abaixo da paleta de cores",
              "fullTitle": "4 - Adicione à página um quadro de pixels, com 25 pixels. Verifica se o quadro de pixels aparece abaixo da paleta de cores",
              "timedOut": null,
              "duration": 96,
              "state": "passed",
              "speed": "slow",
              "pass": true,
              "fail": false,
              "pending": false,
              "context": null,
              "code": "cy.get('#color-palette').then(palette => {\n  cy.get('#pixel-board').should('be.belowOf', palette);\n});",
              "err": {},
              "uuid": "4378cbb6-b1aa-454c-ac61-b1956be11d9f",
              "parentUUID": "67591e83-398e-4f82-b001-4dc42c762120",
              "isHook": false,
              "skipped": false
            }
          ],
          "suites": [],
          "passes": [
            "4378cbb6-b1aa-454c-ac61-b1956be11d9f"
          ],
          "failures": [
            "99885cbf-7e00-4974-914b-c1a33b352da7",
            "a8b44eeb-29b7-4d34-afb9-1f4f719e2b0a",
            "1b26d376-001d-4bd6-af7e-077d804ce565"
          ],
          "pending": [],
          "skipped": [],
          "duration": 12365,
          "root": false,
          "rootEmpty": false,
          "_timeout": 2000
        },
        {
          "uuid": "f06fa2d9-2dd3-47cd-9e3e-720cc71dc0fb",
          "title": "5 - Faça com que cada elemento do quadro de pixels possua 40 pixels de largura, 40 pixels de altura e seja delimitado por uma borda preta de 1 pixel.",
          "fullFile": "",
          "file": "",
          "beforeHooks": [],
          "afterHooks": [],
          "tests": [
            {
              "title": "Verifica se o quadro de pixels tem altura e comprimento de 5 elementos",
              "fullTitle": "5 - Faça com que cada elemento do quadro de pixels possua 40 pixels de largura, 40 pixels de altura e seja delimitado por uma borda preta de 1 pixel. Verifica se o quadro de pixels tem altura e comprimento de 5 elementos",
              "timedOut": null,
              "duration": 4082,
              "state": "failed",
              "speed": null,
              "pass": false,
              "fail": true,
              "pending": false,
              "context": null,
              "code": "cy.get('.pixel').should('have.length', 25).each(pixel => {\n  expect(pixel).to.have.css('background-color', WHITE);\n}).and(pixels => {\n  const rows = chunk(pixels, 5);\n  rows.forEach(row => {\n    for (let index = 1; index < row.length; index += 1) {\n      const current = pixels[index];\n      const previous = pixels[index - 1];\n      cy.wrap(current).should('be.onTheRightOf', previous).and('be.horizontallyAlignedWith', previous);\n    }\n  });\n  for (let index = 1; index < 5; index += 1) {\n    expect(pixels[index * 5]).to.be.belowOf(pixels[(index - 1) * 5]);\n  }\n});",
              "err": {
                "message": "AssertionError: Timed out retrying after 4000ms: Expected to find element: `.pixel`, but never found it.",
                "estack": "AssertionError: Timed out retrying after 4000ms: Expected to find element: `.pixel`, but never found it.\n    at Context.eval (http://localhost:43881/__cypress/tests?p=cypress/integration/project.spec.js:220:22)",
                "diff": null
              },
              "uuid": "9309e8d1-ad19-4e22-aa41-661ef79fd8d4",
              "parentUUID": "f06fa2d9-2dd3-47cd-9e3e-720cc71dc0fb",
              "isHook": false,
              "skipped": false
            },
            {
              "title": "Verifica se 40 pixels é o tamanho total do elemento, incluindo seu conteúdo e excluindo a borda preta, que deve ser criada à parte.",
              "fullTitle": "5 - Faça com que cada elemento do quadro de pixels possua 40 pixels de largura, 40 pixels de altura e seja delimitado por uma borda preta de 1 pixel. Verifica se 40 pixels é o tamanho total do elemento, incluindo seu conteúdo e excluindo a borda preta, que deve ser criada à parte.",
              "timedOut": null,
              "duration": 4085,
              "state": "failed",
              "speed": null,
              "pass": false,
              "fail": true,
              "pending": false,
              "context": null,
              "code": "cy.get('.pixel').each(pixel => {\n  cy.wrap(pixel).should('have.css', 'height', '40px').and('have.css', 'width', '40px').and('have.css', 'border', `1px solid ${BLACK}`);\n});",
              "err": {
                "message": "AssertionError: Timed out retrying after 4000ms: Expected to find element: `.pixel`, but never found it.",
                "estack": "AssertionError: Timed out retrying after 4000ms: Expected to find element: `.pixel`, but never found it.\n    at Context.eval (http://localhost:43881/__cypress/tests?p=cypress/integration/project.spec.js:238:8)",
                "diff": null
              },
              "uuid": "56900899-043e-4512-a316-bd5c94d219ee",
              "parentUUID": "f06fa2d9-2dd3-47cd-9e3e-720cc71dc0fb",
              "isHook": false,
              "skipped": false
            }
          ],
          "suites": [],
          "passes": [],
          "failures": [
            "9309e8d1-ad19-4e22-aa41-661ef79fd8d4",
            "56900899-043e-4512-a316-bd5c94d219ee"
          ],
          "pending": [],
          "skipped": [],
          "duration": 8167,
          "root": false,
          "rootEmpty": false,
          "_timeout": 2000
        },
        {
          "uuid": "db8f4463-c49f-4907-82cb-b96af24d84fc",
          "title": "6 - Defina a cor preta como cor inicial. Ao carregar a página a cor preta já deve estar selecionada para pintar os pixels",
          "fullFile": "",
          "file": "",
          "beforeHooks": [],
          "afterHooks": [],
          "tests": [
            {
              "title": "Verifica se o elemento da cor preta possui, inicialmente, a `classe` `selected`",
              "fullTitle": "6 - Defina a cor preta como cor inicial. Ao carregar a página a cor preta já deve estar selecionada para pintar os pixels Verifica se o elemento da cor preta possui, inicialmente, a `classe` `selected`",
              "timedOut": null,
              "duration": 4090,
              "state": "failed",
              "speed": null,
              "pass": false,
              "fail": true,
              "pending": false,
              "context": null,
              "code": "cy.get('.selected').first().should('have.css', 'background-color', BLACK);",
              "err": {
                "message": "AssertionError: Timed out retrying after 4000ms: Expected to find element: `.selected`, but never found it.",
                "estack": "AssertionError: Timed out retrying after 4000ms: Expected to find element: `.selected`, but never found it.\n    at Context.eval (http://localhost:43881/__cypress/tests?p=cypress/integration/project.spec.js:248:8)",
                "diff": null
              },
              "uuid": "44e61688-0aaf-48b4-b058-6aca6f06832b",
              "parentUUID": "db8f4463-c49f-4907-82cb-b96af24d84fc",
              "isHook": false,
              "skipped": false
            },
            {
              "title": "Verifica se nenhuma outra cor da paleta tem a `classe` `selected`",
              "fullTitle": "6 - Defina a cor preta como cor inicial. Ao carregar a página a cor preta já deve estar selecionada para pintar os pixels Verifica se nenhuma outra cor da paleta tem a `classe` `selected`",
              "timedOut": null,
              "duration": 4067,
              "state": "failed",
              "speed": null,
              "pass": false,
              "fail": true,
              "pending": false,
              "context": null,
              "code": "cy.get('.color:not(:first-child)').each(color => {\n  cy.wrap(color).should('not.have.class', 'selected');\n});",
              "err": {
                "message": "AssertionError: Timed out retrying after 4000ms: Expected to find element: `.color:not(:first-child)`, but never found it.",
                "estack": "AssertionError: Timed out retrying after 4000ms: Expected to find element: `.color:not(:first-child)`, but never found it.\n    at Context.eval (http://localhost:43881/__cypress/tests?p=cypress/integration/project.spec.js:251:8)",
                "diff": null
              },
              "uuid": "b85fc532-a989-4832-84af-c7730215c33a",
              "parentUUID": "db8f4463-c49f-4907-82cb-b96af24d84fc",
              "isHook": false,
              "skipped": false
            }
          ],
          "suites": [],
          "passes": [],
          "failures": [
            "44e61688-0aaf-48b4-b058-6aca6f06832b",
            "b85fc532-a989-4832-84af-c7730215c33a"
          ],
          "pending": [],
          "skipped": [],
          "duration": 8157,
          "root": false,
          "rootEmpty": false,
          "_timeout": 2000
        },
        {
          "uuid": "39ffebf8-e40a-426f-b0a8-d2ad389fee7b",
          "title": "7 - Clicar em uma das cores da paleta, faz com que ela seja selecionada e utilizada para preencher os pixels no quadro.",
          "fullFile": "",
          "file": "",
          "beforeHooks": [],
          "afterHooks": [],
          "tests": [
            {
              "title": "Verifica se somente uma cor da paleta de cores tem a classe `selected` de cada vez",
              "fullTitle": "7 - Clicar em uma das cores da paleta, faz com que ela seja selecionada e utilizada para preencher os pixels no quadro. Verifica se somente uma cor da paleta de cores tem a classe `selected` de cada vez",
              "timedOut": null,
              "duration": 4102,
              "state": "failed",
              "speed": null,
              "pass": false,
              "fail": true,
              "pending": false,
              "context": null,
              "code": "cy.get('.color').each((selectedColor, selectedColorIndex) => {\n  cy.wrap(selectedColor).click();\n  cy.get('.color').each((color, colorIndex) => {\n    if (colorIndex === selectedColorIndex) {\n      expect(color).to.have.class('selected');\n    } else {\n      expect(color).not.to.have.class('selected');\n    }\n  });\n});",
              "err": {
                "message": "AssertionError: Timed out retrying after 4000ms: Expected to find element: `.color`, but never found it.",
                "estack": "AssertionError: Timed out retrying after 4000ms: Expected to find element: `.color`, but never found it.\n    at Context.eval (http://localhost:43881/__cypress/tests?p=cypress/integration/project.spec.js:261:8)",
                "diff": null
              },
              "uuid": "338f4a28-e6c5-4a37-bccb-e7ef127b8db1",
              "parentUUID": "39ffebf8-e40a-426f-b0a8-d2ad389fee7b",
              "isHook": false,
              "skipped": false
            },
            {
              "title": "Verifica se os pixels dentro do quadro não têm a classe `selected` quando são clicados",
              "fullTitle": "7 - Clicar em uma das cores da paleta, faz com que ela seja selecionada e utilizada para preencher os pixels no quadro. Verifica se os pixels dentro do quadro não têm a classe `selected` quando são clicados",
              "timedOut": null,
              "duration": 4073,
              "state": "failed",
              "speed": null,
              "pass": false,
              "fail": true,
              "pending": false,
              "context": null,
              "code": "cy.get('.color').each(color => {\n  const backgroundColor = color.css('background-color');\n  cy.wrap(color).click();\n  cy.get('.pixel').each(pixel => {\n    cy.wrap(pixel).click().should('not.have.class', 'selected');\n  });\n});",
              "err": {
                "message": "AssertionError: Timed out retrying after 4000ms: Expected to find element: `.color`, but never found it.",
                "estack": "AssertionError: Timed out retrying after 4000ms: Expected to find element: `.color`, but never found it.\n    at Context.eval (http://localhost:43881/__cypress/tests?p=cypress/integration/project.spec.js:273:8)",
                "diff": null
              },
              "uuid": "a54075d8-8b01-4921-b4c5-a5d20279ba11",
              "parentUUID": "39ffebf8-e40a-426f-b0a8-d2ad389fee7b",
              "isHook": false,
              "skipped": false
            }
          ],
          "suites": [],
          "passes": [],
          "failures": [
            "338f4a28-e6c5-4a37-bccb-e7ef127b8db1",
            "a54075d8-8b01-4921-b4c5-a5d20279ba11"
          ],
          "pending": [],
          "skipped": [],
          "duration": 8175,
          "root": false,
          "rootEmpty": false,
          "_timeout": 2000
        },
        {
          "uuid": "e447ec29-59c2-47b0-a2ef-9edb44932a85",
          "title": "8 - Clicar em um pixel dentro do quadro após selecionar uma cor na paleta, faz com que o pixel seja preenchido com a cor selecionada.",
          "fullFile": "",
          "file": "",
          "beforeHooks": [],
          "afterHooks": [],
          "tests": [
            {
              "title": "Verifica se ao carregar a página deve ser possível pintar os pixels de preto",
              "fullTitle": "8 - Clicar em um pixel dentro do quadro após selecionar uma cor na paleta, faz com que o pixel seja preenchido com a cor selecionada. Verifica se ao carregar a página deve ser possível pintar os pixels de preto",
              "timedOut": null,
              "duration": 4102,
              "state": "failed",
              "speed": null,
              "pass": false,
              "fail": true,
              "pending": false,
              "context": null,
              "code": "cy.get('.pixel').each(pixel => {\n  cy.wrap(pixel).click().should('have.css', 'background-color', BLACK);\n});",
              "err": {
                "message": "AssertionError: Timed out retrying after 4000ms: Expected to find element: `.pixel`, but never found it.",
                "estack": "AssertionError: Timed out retrying after 4000ms: Expected to find element: `.pixel`, but never found it.\n    at Context.eval (http://localhost:43881/__cypress/tests?p=cypress/integration/project.spec.js:287:8)",
                "diff": null
              },
              "uuid": "cf1955cd-22ce-4dfc-84de-1cd1d5e62501",
              "parentUUID": "e447ec29-59c2-47b0-a2ef-9edb44932a85",
              "isHook": false,
              "skipped": false
            },
            {
              "title": "Verifica se após selecionar uma outra cor na paleta, é possível pintar os pixels com essa cor",
              "fullTitle": "8 - Clicar em um pixel dentro do quadro após selecionar uma cor na paleta, faz com que o pixel seja preenchido com a cor selecionada. Verifica se após selecionar uma outra cor na paleta, é possível pintar os pixels com essa cor",
              "timedOut": null,
              "duration": 4110,
              "state": "failed",
              "speed": null,
              "pass": false,
              "fail": true,
              "pending": false,
              "context": null,
              "code": "cy.get('.color').each(color => {\n  const backgroundColor = color.css('background-color');\n  cy.wrap(color).click();\n  cy.get('.pixel').each(pixel => {\n    cy.wrap(pixel).click().should('have.css', 'background-color', backgroundColor);\n  });\n});",
              "err": {
                "message": "AssertionError: Timed out retrying after 4000ms: Expected to find element: `.color`, but never found it.",
                "estack": "AssertionError: Timed out retrying after 4000ms: Expected to find element: `.color`, but never found it.\n    at Context.eval (http://localhost:43881/__cypress/tests?p=cypress/integration/project.spec.js:292:8)",
                "diff": null
              },
              "uuid": "a5d7592f-73c8-4f4e-be56-8677b2fe0db3",
              "parentUUID": "e447ec29-59c2-47b0-a2ef-9edb44932a85",
              "isHook": false,
              "skipped": false
            },
            {
              "title": "Verifica se somente o pixel que foi clicado foi preenchido com a cor selecionada, sem influenciar na cor dos demais pixels.",
              "fullTitle": "8 - Clicar em um pixel dentro do quadro após selecionar uma cor na paleta, faz com que o pixel seja preenchido com a cor selecionada. Verifica se somente o pixel que foi clicado foi preenchido com a cor selecionada, sem influenciar na cor dos demais pixels.",
              "timedOut": null,
              "duration": 4115,
              "state": "failed",
              "speed": null,
              "pass": false,
              "fail": true,
              "pending": false,
              "context": null,
              "code": "const colorToPixelIndexMap = {\n  0: 6,\n  1: 8,\n  2: 16,\n  3: 18\n};\ncy.get('.color').each((color, index) => {\n  cy.wrap(color).click();\n  const backgroundColor = color.css('background-color');\n  const clickedPixelIndex = colorToPixelIndexMap[index];\n  cy.get('.pixel').eq(clickedPixelIndex).click();\n  cy.get('.pixel').eq(clickedPixelIndex - 1).should('not.have.css', 'background-color', backgroundColor);\n  cy.get('.pixel').eq(clickedPixelIndex + 1).should('not.have.css', 'background-color', backgroundColor);\n  cy.get('.pixel').eq(clickedPixelIndex - 5).should('not.have.css', 'background-color', backgroundColor);\n  cy.get('.pixel').eq(clickedPixelIndex + 5).should('not.have.css', 'background-color', backgroundColor);\n  cy.get('.pixel').eq(clickedPixelIndex - 6).should('not.have.css', 'background-color', backgroundColor);\n  cy.get('.pixel').eq(clickedPixelIndex - 4).should('not.have.css', 'background-color', backgroundColor);\n  cy.get('.pixel').eq(clickedPixelIndex + 4).should('not.have.css', 'background-color', backgroundColor);\n  cy.get('.pixel').eq(clickedPixelIndex + 6).should('not.have.css', 'background-color', backgroundColor);\n});",
              "err": {
                "message": "AssertionError: Timed out retrying after 4000ms: Expected to find element: `.color`, but never found it.",
                "estack": "AssertionError: Timed out retrying after 4000ms: Expected to find element: `.color`, but never found it.\n    at Context.eval (http://localhost:43881/__cypress/tests?p=cypress/integration/project.spec.js:307:8)",
                "diff": null
              },
              "uuid": "51ad7e24-2d20-43b5-bd00-63a41a589dab",
              "parentUUID": "e447ec29-59c2-47b0-a2ef-9edb44932a85",
              "isHook": false,
              "skipped": false
            }
          ],
          "suites": [],
          "passes": [],
          "failures": [
            "cf1955cd-22ce-4dfc-84de-1cd1d5e62501",
            "a5d7592f-73c8-4f4e-be56-8677b2fe0db3",
            "51ad7e24-2d20-43b5-bd00-63a41a589dab"
          ],
          "pending": [],
          "skipped": [],
          "duration": 12327,
          "root": false,
          "rootEmpty": false,
          "_timeout": 2000
        },
        {
          "uuid": "664e1204-19c3-43a8-adc5-556ee5c6e461",
          "title": "9 - Crie um botão que, ao ser clicado, limpa o quadro preenchendo a cor de todos seus pixels com branco.",
          "fullFile": "",
          "file": "",
          "beforeHooks": [],
          "afterHooks": [],
          "tests": [
            {
              "title": "Verifica se o botão tem o `id` denominado `clear-board`",
              "fullTitle": "9 - Crie um botão que, ao ser clicado, limpa o quadro preenchendo a cor de todos seus pixels com branco. Verifica se o botão tem o `id` denominado `clear-board`",
              "timedOut": null,
              "duration": 4098,
              "state": "failed",
              "speed": null,
              "pass": false,
              "fail": true,
              "pending": false,
              "context": null,
              "code": "cy.get('#clear-board').should('be.visible');",
              "err": {
                "message": "AssertionError: Timed out retrying after 4000ms: Expected to find element: `#clear-board`, but never found it.",
                "estack": "AssertionError: Timed out retrying after 4000ms: Expected to find element: `#clear-board`, but never found it.\n    at Context.eval (http://localhost:43881/__cypress/tests?p=cypress/integration/project.spec.js:328:28)",
                "diff": null
              },
              "uuid": "71669a3a-61ba-46c6-ba9e-90255a6e2c4d",
              "parentUUID": "664e1204-19c3-43a8-adc5-556ee5c6e461",
              "isHook": false,
              "skipped": false
            },
            {
              "title": "Verifica se o botão está posicionado entre a paleta de cores e o quadro de pixels",
              "fullTitle": "9 - Crie um botão que, ao ser clicado, limpa o quadro preenchendo a cor de todos seus pixels com branco. Verifica se o botão está posicionado entre a paleta de cores e o quadro de pixels",
              "timedOut": null,
              "duration": 4126,
              "state": "failed",
              "speed": null,
              "pass": false,
              "fail": true,
              "pending": false,
              "context": null,
              "code": "cy.get('#color-palette').then(palette => {\n  cy.get('#clear-board').should('be.belowOf', palette);\n});\ncy.get('#clear-board').then(clearBtn => {\n  cy.get('#pixel-board').should('be.belowOf', clearBtn);\n});",
              "err": {
                "message": "AssertionError: Timed out retrying after 4000ms: Expected to find element: `#clear-board`, but never found it.",
                "estack": "AssertionError: Timed out retrying after 4000ms: Expected to find element: `#clear-board`, but never found it.\n    at Context.eval (http://localhost:43881/__cypress/tests?p=cypress/integration/project.spec.js:332:30)",
                "diff": null
              },
              "uuid": "3ba52d3c-bc4f-4c1e-93b0-82b775e6b7fb",
              "parentUUID": "664e1204-19c3-43a8-adc5-556ee5c6e461",
              "isHook": false,
              "skipped": false
            },
            {
              "title": "Verifica se o texto do botão é 'Limpar'",
              "fullTitle": "9 - Crie um botão que, ao ser clicado, limpa o quadro preenchendo a cor de todos seus pixels com branco. Verifica se o texto do botão é 'Limpar'",
              "timedOut": null,
              "duration": 4129,
              "state": "failed",
              "speed": null,
              "pass": false,
              "fail": true,
              "pending": false,
              "context": null,
              "code": "cy.get('#clear-board').should('contain.text', 'Limpar');",
              "err": {
                "message": "AssertionError: Timed out retrying after 4000ms: Expected to find element: `#clear-board`, but never found it.",
                "estack": "AssertionError: Timed out retrying after 4000ms: Expected to find element: `#clear-board`, but never found it.\n    at Context.eval (http://localhost:43881/__cypress/tests?p=cypress/integration/project.spec.js:339:28)",
                "diff": null
              },
              "uuid": "4b090c35-62a6-4fcd-a7da-159333c21445",
              "parentUUID": "664e1204-19c3-43a8-adc5-556ee5c6e461",
              "isHook": false,
              "skipped": false
            },
            {
              "title": "Verifica se ao clicar no botão, o quadro de pixels é totalmente preenchido de branco",
              "fullTitle": "9 - Crie um botão que, ao ser clicado, limpa o quadro preenchendo a cor de todos seus pixels com branco. Verifica se ao clicar no botão, o quadro de pixels é totalmente preenchido de branco",
              "timedOut": null,
              "duration": 4128,
              "state": "failed",
              "speed": null,
              "pass": false,
              "fail": true,
              "pending": false,
              "context": null,
              "code": "cy.get('.color').eq(1).then(color => {\n  const backgroundColor = color.css('background-color');\n  cy.wrap(color).click();\n  cy.get('.pixel').each(pixel => {\n    cy.wrap(pixel).click().should('have.css', 'background-color', backgroundColor);\n  });\n});\ncy.get('#clear-board').click();\ncy.get('.pixel').each(pixel => {\n  cy.wrap(pixel).should('have.css', 'background-color', WHITE);\n});",
              "err": {
                "message": "AssertionError: Timed out retrying after 4000ms: Expected to find element: `.color`, but never found it.",
                "estack": "AssertionError: Timed out retrying after 4000ms: Expected to find element: `.color`, but never found it.\n    at Context.eval (http://localhost:43881/__cypress/tests?p=cypress/integration/project.spec.js:342:8)",
                "diff": null
              },
              "uuid": "c36c7207-eeb7-48a1-aa7c-cdab702e9a4f",
              "parentUUID": "664e1204-19c3-43a8-adc5-556ee5c6e461",
              "isHook": false,
              "skipped": false
            }
          ],
          "suites": [],
          "passes": [],
          "failures": [
            "71669a3a-61ba-46c6-ba9e-90255a6e2c4d",
            "3ba52d3c-bc4f-4c1e-93b0-82b775e6b7fb",
            "4b090c35-62a6-4fcd-a7da-159333c21445",
            "c36c7207-eeb7-48a1-aa7c-cdab702e9a4f"
          ],
          "pending": [],
          "skipped": [],
          "duration": 16481,
          "root": false,
          "rootEmpty": false,
          "_timeout": 2000
        },
        {
          "uuid": "13dddb02-7af3-467d-a8e1-bb98f762805c",
          "title": "10 - Faça o quadro de pixels ter seu tamanho definido pelo usuário.",
          "fullFile": "",
          "file": "",
          "beforeHooks": [],
          "afterHooks": [],
          "tests": [
            {
              "title": "Verifica se existe um input com o id `board-size`",
              "fullTitle": "10 - Faça o quadro de pixels ter seu tamanho definido pelo usuário. Verifica se existe um input com o id `board-size`",
              "timedOut": null,
              "duration": 4127,
              "state": "failed",
              "speed": null,
              "pass": false,
              "fail": true,
              "pending": false,
              "context": null,
              "code": "cy.get('#board-size').should('be.visible');",
              "err": {
                "message": "AssertionError: Timed out retrying after 4000ms: Expected to find element: `#board-size`, but never found it.",
                "estack": "AssertionError: Timed out retrying after 4000ms: Expected to find element: `#board-size`, but never found it.\n    at Context.eval (http://localhost:43881/__cypress/tests?p=cypress/integration/project.spec.js:360:27)",
                "diff": null
              },
              "uuid": "0ce78ac6-c224-4454-8ccf-708bf1f7c340",
              "parentUUID": "13dddb02-7af3-467d-a8e1-bb98f762805c",
              "isHook": false,
              "skipped": false
            },
            {
              "title": "Verifica se existe um botão com o id `generate-board`",
              "fullTitle": "10 - Faça o quadro de pixels ter seu tamanho definido pelo usuário. Verifica se existe um botão com o id `generate-board`",
              "timedOut": null,
              "duration": 4128,
              "state": "failed",
              "speed": null,
              "pass": false,
              "fail": true,
              "pending": false,
              "context": null,
              "code": "cy.get('#generate-board').should('be.visible');",
              "err": {
                "message": "AssertionError: Timed out retrying after 4000ms: Expected to find element: `#generate-board`, but never found it.",
                "estack": "AssertionError: Timed out retrying after 4000ms: Expected to find element: `#generate-board`, but never found it.\n    at Context.eval (http://localhost:43881/__cypress/tests?p=cypress/integration/project.spec.js:363:31)",
                "diff": null
              },
              "uuid": "605023f1-d0e4-465c-aa04-bbca8c277d14",
              "parentUUID": "13dddb02-7af3-467d-a8e1-bb98f762805c",
              "isHook": false,
              "skipped": false
            },
            {
              "title": "Verifica se o input só aceita número maiores que zero. Essa restrição deve ser feita usando os atributos do elemento `input`",
              "fullTitle": "10 - Faça o quadro de pixels ter seu tamanho definido pelo usuário. Verifica se o input só aceita número maiores que zero. Essa restrição deve ser feita usando os atributos do elemento `input`",
              "timedOut": null,
              "duration": 4103,
              "state": "failed",
              "speed": null,
              "pass": false,
              "fail": true,
              "pending": false,
              "context": null,
              "code": "cy.get('#board-size[type=\\'number\\'][min=\\'1\\']');",
              "err": {
                "message": "AssertionError: Timed out retrying after 4000ms: Expected to find element: `#board-size[type='number'][min='1']`, but never found it.",
                "estack": "AssertionError: Timed out retrying after 4000ms: Expected to find element: `#board-size[type='number'][min='1']`, but never found it.\n    at Context.eval (http://localhost:43881/__cypress/tests?p=cypress/integration/project.spec.js:366:8)",
                "diff": null
              },
              "uuid": "fe5fe9e2-600f-4bce-8fb6-eb30c0149fef",
              "parentUUID": "13dddb02-7af3-467d-a8e1-bb98f762805c",
              "isHook": false,
              "skipped": false
            },
            {
              "title": "Verifica se o botão contém o texto 'VQV'",
              "fullTitle": "10 - Faça o quadro de pixels ter seu tamanho definido pelo usuário. Verifica se o botão contém o texto 'VQV'",
              "timedOut": null,
              "duration": 4087,
              "state": "failed",
              "speed": null,
              "pass": false,
              "fail": true,
              "pending": false,
              "context": null,
              "code": "cy.get('#generate-board').contains(/vqv/i);",
              "err": {
                "message": "AssertionError: Timed out retrying after 4000ms: Expected to find element: `#generate-board`, but never found it.",
                "estack": "AssertionError: Timed out retrying after 4000ms: Expected to find element: `#generate-board`, but never found it.\n    at Context.eval (http://localhost:43881/__cypress/tests?p=cypress/integration/project.spec.js:369:8)",
                "diff": null
              },
              "uuid": "95d59b92-e4fd-488c-afda-47c338ec91ef",
              "parentUUID": "13dddb02-7af3-467d-a8e1-bb98f762805c",
              "isHook": false,
              "skipped": false
            },
            {
              "title": "Verifica se o input está posicionado entre a paleta de cores e o quadro de pixels",
              "fullTitle": "10 - Faça o quadro de pixels ter seu tamanho definido pelo usuário. Verifica se o input está posicionado entre a paleta de cores e o quadro de pixels",
              "timedOut": null,
              "duration": 4165,
              "state": "failed",
              "speed": null,
              "pass": false,
              "fail": true,
              "pending": false,
              "context": null,
              "code": "cy.get('#color-palette').then(palette => {\n  cy.get('#board-size').should('be.belowOf', palette);\n});\ncy.get('#board-size').then(palette => {\n  cy.get('#pixel-board').should('be.belowOf', palette);\n});",
              "err": {
                "message": "AssertionError: Timed out retrying after 4000ms: Expected to find element: `#board-size`, but never found it.",
                "estack": "AssertionError: Timed out retrying after 4000ms: Expected to find element: `#board-size`, but never found it.\n    at Context.eval (http://localhost:43881/__cypress/tests?p=cypress/integration/project.spec.js:373:29)",
                "diff": null
              },
              "uuid": "fa568352-c15c-4874-8509-f1bf869907b2",
              "parentUUID": "13dddb02-7af3-467d-a8e1-bb98f762805c",
              "isHook": false,
              "skipped": false
            },
            {
              "title": "Verifica se o botão está posicionado ao lado do input",
              "fullTitle": "10 - Faça o quadro de pixels ter seu tamanho definido pelo usuário. Verifica se o botão está posicionado ao lado do input",
              "timedOut": null,
              "duration": 4090,
              "state": "failed",
              "speed": null,
              "pass": false,
              "fail": true,
              "pending": false,
              "context": null,
              "code": "cy.get('#board-size').then(board => {\n  cy.get('#generate-board').should('be.onTheRightOf', board);\n});",
              "err": {
                "message": "AssertionError: Timed out retrying after 4000ms: Expected to find element: `#board-size`, but never found it.",
                "estack": "AssertionError: Timed out retrying after 4000ms: Expected to find element: `#board-size`, but never found it.\n    at Context.eval (http://localhost:43881/__cypress/tests?p=cypress/integration/project.spec.js:380:8)",
                "diff": null
              },
              "uuid": "03ebd998-252f-4b74-96fd-61626aaee1fa",
              "parentUUID": "13dddb02-7af3-467d-a8e1-bb98f762805c",
              "isHook": false,
              "skipped": false
            },
            {
              "title": "Verifica se nenhum valor for colocado no input ao clicar no botão, um `alert` é exibido com o texto: 'Board inválido!'",
              "fullTitle": "10 - Faça o quadro de pixels ter seu tamanho definido pelo usuário. Verifica se nenhum valor for colocado no input ao clicar no botão, um `alert` é exibido com o texto: 'Board inválido!'",
              "timedOut": null,
              "duration": 4093,
              "state": "failed",
              "speed": null,
              "pass": false,
              "fail": true,
              "pending": false,
              "context": null,
              "code": "let alerted = false;\ncy.on('window:alert', msg => alerted = msg);\ncy.get('#generate-board').click().then(() => expect(alerted).to.match(/Board inválido!/i));",
              "err": {
                "message": "AssertionError: Timed out retrying after 4000ms: Expected to find element: `#generate-board`, but never found it.",
                "estack": "AssertionError: Timed out retrying after 4000ms: Expected to find element: `#generate-board`, but never found it.\n    at Context.eval (http://localhost:43881/__cypress/tests?p=cypress/integration/project.spec.js:387:8)",
                "diff": null
              },
              "uuid": "1f685caf-90b6-4f82-809c-c9d25c3615f9",
              "parentUUID": "13dddb02-7af3-467d-a8e1-bb98f762805c",
              "isHook": false,
              "skipped": false
            },
            {
              "title": "Verifica se ao clicar no botão com um valor preenchido, o tamanho do board muda.",
              "fullTitle": "10 - Faça o quadro de pixels ter seu tamanho definido pelo usuário. Verifica se ao clicar no botão com um valor preenchido, o tamanho do board muda.",
              "timedOut": null,
              "duration": 4102,
              "state": "failed",
              "speed": null,
              "pass": false,
              "fail": true,
              "pending": false,
              "context": null,
              "code": "cy.get('#board-size').clear().type(10);\ncy.get('#generate-board').click();\ncy.get('.pixel').should('have.length', 100);",
              "err": {
                "message": "AssertionError: Timed out retrying after 4000ms: Expected to find element: `#board-size`, but never found it.",
                "estack": "AssertionError: Timed out retrying after 4000ms: Expected to find element: `#board-size`, but never found it.\n    at Context.eval (http://localhost:43881/__cypress/tests?p=cypress/integration/project.spec.js:390:8)",
                "diff": null
              },
              "uuid": "cfbe8ee8-0db9-4160-8f5b-fed524ce5281",
              "parentUUID": "13dddb02-7af3-467d-a8e1-bb98f762805c",
              "isHook": false,
              "skipped": false
            },
            {
              "title": "Verifica se o novo quadro tem todos os pixels preenchidos com a cor branca",
              "fullTitle": "10 - Faça o quadro de pixels ter seu tamanho definido pelo usuário. Verifica se o novo quadro tem todos os pixels preenchidos com a cor branca",
              "timedOut": null,
              "duration": 4095,
              "state": "failed",
              "speed": null,
              "pass": false,
              "fail": true,
              "pending": false,
              "context": null,
              "code": "cy.get('#board-size').clear().type(6);\ncy.get('#generate-board').click();\ncy.get('.pixel').should('have.length', 36).each(pixel => {\n  expect(pixel).to.have.css('background-color', WHITE);\n});",
              "err": {
                "message": "AssertionError: Timed out retrying after 4000ms: Expected to find element: `#board-size`, but never found it.",
                "estack": "AssertionError: Timed out retrying after 4000ms: Expected to find element: `#board-size`, but never found it.\n    at Context.eval (http://localhost:43881/__cypress/tests?p=cypress/integration/project.spec.js:395:8)",
                "diff": null
              },
              "uuid": "5ea28cf5-c77c-4ac6-9b2b-ecd79a2ee00e",
              "parentUUID": "13dddb02-7af3-467d-a8e1-bb98f762805c",
              "isHook": false,
              "skipped": false
            }
          ],
          "suites": [],
          "passes": [],
          "failures": [
            "0ce78ac6-c224-4454-8ccf-708bf1f7c340",
            "605023f1-d0e4-465c-aa04-bbca8c277d14",
            "fe5fe9e2-600f-4bce-8fb6-eb30c0149fef",
            "95d59b92-e4fd-488c-afda-47c338ec91ef",
            "fa568352-c15c-4874-8509-f1bf869907b2",
            "03ebd998-252f-4b74-96fd-61626aaee1fa",
            "1f685caf-90b6-4f82-809c-c9d25c3615f9",
            "cfbe8ee8-0db9-4160-8f5b-fed524ce5281",
            "5ea28cf5-c77c-4ac6-9b2b-ecd79a2ee00e"
          ],
          "pending": [],
          "skipped": [],
          "duration": 36990,
          "root": false,
          "rootEmpty": false,
          "_timeout": 2000
        },
        {
          "uuid": "52cb681b-f758-40ef-923d-7a9699bde134",
          "title": "11 - Limite o tamanho mínimo e máximo do board.",
          "fullFile": "",
          "file": "",
          "beforeHooks": [],
          "afterHooks": [],
          "tests": [
            {
              "title": "Verifica se a altura máxima do board é 50",
              "fullTitle": "11 - Limite o tamanho mínimo e máximo do board. Verifica se a altura máxima do board é 50",
              "timedOut": null,
              "duration": 4156,
              "state": "failed",
              "speed": null,
              "pass": false,
              "fail": true,
              "pending": false,
              "context": null,
              "code": "cy.get('#board-size').clear().type(50);\ncy.get('#generate-board').click();\ncy.get('.pixel').should('have.length', 2500);",
              "err": {
                "message": "AssertionError: Timed out retrying after 4000ms: Expected to find element: `#board-size`, but never found it.",
                "estack": "AssertionError: Timed out retrying after 4000ms: Expected to find element: `#board-size`, but never found it.\n    at Context.eval (http://localhost:43881/__cypress/tests?p=cypress/integration/project.spec.js:407:8)",
                "diff": null
              },
              "uuid": "3644d696-c4f0-48a5-acb3-00391c6e6fd0",
              "parentUUID": "52cb681b-f758-40ef-923d-7a9699bde134",
              "isHook": false,
              "skipped": false
            },
            {
              "title": "Verifica se a altura do board é 5 quando um valor menor é colocado no input",
              "fullTitle": "11 - Limite o tamanho mínimo e máximo do board. Verifica se a altura do board é 5 quando um valor menor é colocado no input",
              "timedOut": null,
              "duration": 4098,
              "state": "failed",
              "speed": null,
              "pass": false,
              "fail": true,
              "pending": false,
              "context": null,
              "code": "cy.get('#board-size').clear().type(4);\ncy.get('#generate-board').click();\ncy.get('.pixel').should('have.length', 25);",
              "err": {
                "message": "AssertionError: Timed out retrying after 4000ms: Expected to find element: `#board-size`, but never found it.",
                "estack": "AssertionError: Timed out retrying after 4000ms: Expected to find element: `#board-size`, but never found it.\n    at Context.eval (http://localhost:43881/__cypress/tests?p=cypress/integration/project.spec.js:412:8)",
                "diff": null
              },
              "uuid": "c5a8a82d-921e-44d6-ab75-216fd0b438ed",
              "parentUUID": "52cb681b-f758-40ef-923d-7a9699bde134",
              "isHook": false,
              "skipped": false
            },
            {
              "title": "Verifica se a altura do board é 50 quando um valor maior é colocado no input",
              "fullTitle": "11 - Limite o tamanho mínimo e máximo do board. Verifica se a altura do board é 50 quando um valor maior é colocado no input",
              "timedOut": null,
              "duration": 4127,
              "state": "failed",
              "speed": null,
              "pass": false,
              "fail": true,
              "pending": false,
              "context": null,
              "code": "cy.get('#board-size').clear().type(51);\ncy.get('#generate-board').click();\ncy.get('.pixel').should('have.length', 2500);",
              "err": {
                "message": "AssertionError: Timed out retrying after 4000ms: Expected to find element: `#board-size`, but never found it.",
                "estack": "AssertionError: Timed out retrying after 4000ms: Expected to find element: `#board-size`, but never found it.\n    at Context.eval (http://localhost:43881/__cypress/tests?p=cypress/integration/project.spec.js:417:8)",
                "diff": null
              },
              "uuid": "f3542a0d-32bb-45e7-8aa4-8c3812c296b4",
              "parentUUID": "52cb681b-f758-40ef-923d-7a9699bde134",
              "isHook": false,
              "skipped": false
            }
          ],
          "suites": [],
          "passes": [],
          "failures": [
            "3644d696-c4f0-48a5-acb3-00391c6e6fd0",
            "c5a8a82d-921e-44d6-ab75-216fd0b438ed",
            "f3542a0d-32bb-45e7-8aa4-8c3812c296b4"
          ],
          "pending": [],
          "skipped": [],
          "duration": 12381,
          "root": false,
          "rootEmpty": false,
          "_timeout": 2000
        },
        {
          "uuid": "4a09fcc6-e15c-4136-91e6-e1807c6778af",
          "title": "12 - Faça com que as cores da paleta sejam geradas aleatoriamente ao carregar a página.",
          "fullFile": "",
          "file": "",
          "beforeHooks": [],
          "afterHooks": [],
          "tests": [
            {
              "title": "Verifica se as cores geradas na paleta são diferentes a cada carregamento da página",
              "fullTitle": "12 - Faça com que as cores da paleta sejam geradas aleatoriamente ao carregar a página. Verifica se as cores geradas na paleta são diferentes a cada carregamento da página",
              "timedOut": null,
              "duration": 4104,
              "state": "failed",
              "speed": null,
              "pass": false,
              "fail": true,
              "pending": false,
              "context": null,
              "code": "cy.get('.color').then(colors => {\n  let currentColors;\n  let previousColors;\n  previousColors = Array.from(colors).map(color => Cypress.$(color).css('background-color'));\n  for (let i = 0; i < 5; i += 1) {\n    cy.reload();\n    cy.get('.color').then(colors => {\n      currentColors = Array.from(colors).map(color => Cypress.$(color).css('background-color'));\n      expect(currentColors).not.to.deep.equal(previousColors);\n      previousColors = currentColors;\n    });\n  }\n});",
              "err": {
                "message": "AssertionError: Timed out retrying after 4000ms: Expected to find element: `.color`, but never found it.",
                "estack": "AssertionError: Timed out retrying after 4000ms: Expected to find element: `.color`, but never found it.\n    at Context.eval (http://localhost:43881/__cypress/tests?p=cypress/integration/project.spec.js:427:8)",
                "diff": null
              },
              "uuid": "ae229f04-1810-4ef4-bb02-c6b4188c7a57",
              "parentUUID": "4a09fcc6-e15c-4136-91e6-e1807c6778af",
              "isHook": false,
              "skipped": false
            },
            {
              "title": "Verifica se a cor preta ainda está presente e é a primeira na sua paleta de cores",
              "fullTitle": "12 - Faça com que as cores da paleta sejam geradas aleatoriamente ao carregar a página. Verifica se a cor preta ainda está presente e é a primeira na sua paleta de cores",
              "timedOut": null,
              "duration": 4147,
              "state": "failed",
              "speed": null,
              "pass": false,
              "fail": true,
              "pending": false,
              "context": null,
              "code": "cy.get('.color').then(colors => {\n  let currentColors;\n  let previousColors;\n  previousColors = Array.from(colors).map(color => Cypress.$(color).css('background-color'));\n  expect(previousColors[0]).to.eq(BLACK);\n  for (let i = 0; i < 5; i += 1) {\n    cy.reload();\n    cy.get('.color').then(colors => {\n      currentColors = Array.from(colors).map(color => Cypress.$(color).css('background-color'));\n      expect(currentColors[0]).to.eq(BLACK);\n      expect(currentColors).not.to.deep.equal(previousColors);\n      previousColors = currentColors;\n    });\n  }\n});",
              "err": {
                "message": "AssertionError: Timed out retrying after 4000ms: Expected to find element: `.color`, but never found it.",
                "estack": "AssertionError: Timed out retrying after 4000ms: Expected to find element: `.color`, but never found it.\n    at Context.eval (http://localhost:43881/__cypress/tests?p=cypress/integration/project.spec.js:443:8)",
                "diff": null
              },
              "uuid": "d0d8317b-dc62-4145-9a90-b511bbffa26a",
              "parentUUID": "4a09fcc6-e15c-4136-91e6-e1807c6778af",
              "isHook": false,
              "skipped": false
            }
          ],
          "suites": [],
          "passes": [],
          "failures": [
            "ae229f04-1810-4ef4-bb02-c6b4188c7a57",
            "d0d8317b-dc62-4145-9a90-b511bbffa26a"
          ],
          "pending": [],
          "skipped": [],
          "duration": 8251,
          "root": false,
          "rootEmpty": false,
          "_timeout": 2000
        }
      ],
      "passes": [],
      "failures": [],
      "pending": [],
      "skipped": [],
      "duration": 0,
      "root": true,
      "rootEmpty": true,
      "_timeout": 2000
    }
  ],
  "meta": {
    "mocha": {
      "version": "7.0.1"
    },
    "mochawesome": {
      "options": {
        "quiet": false,
        "reportFilename": "mochawesome",
        "saveHtml": false,
        "saveJson": true,
        "consoleReporter": "spec",
        "useInlineDiffs": false
      },
      "version": "4.1.0"
    },
    "marge": {
      "options": {
        "id": "default",
        "reportDir": "cypress/reports",
        "overwrite": true,
        "html": false,
        "json": true
      },
      "version": "4.1.0"
    }
  }
}