{
  "stats": {
    "suites": 12,
    "tests": 41,
    "passes": 27,
    "pending": 0,
    "failures": 14,
    "start": "2021-09-17T20:37:33.539Z",
    "end": "2021-09-17T20:38:59.865Z",
    "duration": 86326,
    "testsRegistered": 41,
    "passPercent": 65.85365853658537,
    "pendingPercent": 0,
    "other": 0,
    "hasOther": false,
    "skipped": 0,
    "hasSkipped": false
  },
  "results": [
    {
      "uuid": "5118ab63-7fce-4694-aae3-b735fe9a58ff",
      "title": "",
      "fullFile": "cypress/integration/project.spec.js",
      "file": "cypress/integration/project.spec.js",
      "beforeHooks": [],
      "afterHooks": [],
      "tests": [],
      "suites": [
        {
          "uuid": "9f366101-7f91-4f0d-9011-a314706db22c",
          "title": "1 - Adicione à página o título \"Paleta de Cores\".",
          "fullFile": "",
          "file": "",
          "beforeHooks": [],
          "afterHooks": [],
          "tests": [
            {
              "title": "Verifica se contém um elemento `h1` com o id `title` com o título correto",
              "fullTitle": "1 - Adicione à página o título \"Paleta de Cores\". Verifica se contém um elemento `h1` com o id `title` com o título correto",
              "timedOut": null,
              "duration": 397,
              "state": "passed",
              "speed": "slow",
              "pass": true,
              "fail": false,
              "pending": false,
              "context": null,
              "code": "cy.get('h1#title').should('contain.text', 'Paleta de Cores');",
              "err": {},
              "uuid": "f359660b-7c0d-4b96-9a1e-f7e6d5c9180c",
              "parentUUID": "9f366101-7f91-4f0d-9011-a314706db22c",
              "isHook": false,
              "skipped": false
            }
          ],
          "suites": [],
          "passes": [
            "f359660b-7c0d-4b96-9a1e-f7e6d5c9180c"
          ],
          "failures": [],
          "pending": [],
          "skipped": [],
          "duration": 397,
          "root": false,
          "rootEmpty": false,
          "_timeout": 2000
        },
        {
          "uuid": "684cf111-76c0-4b4a-9837-feb5a12f507e",
          "title": "2 - Adicione à página uma paleta de quatro cores distintas.",
          "fullFile": "",
          "file": "",
          "beforeHooks": [],
          "afterHooks": [],
          "tests": [
            {
              "title": "A paleta de cores deve ser um elemento com `id` denominado `color-palette`",
              "fullTitle": "2 - Adicione à página uma paleta de quatro cores distintas. A paleta de cores deve ser um elemento com `id` denominado `color-palette`",
              "timedOut": null,
              "duration": 223,
              "state": "passed",
              "speed": "slow",
              "pass": true,
              "fail": false,
              "pending": false,
              "context": null,
              "code": "cy.get('#color-palette').should('be.visible');\ncy.get('#color-palette').children('.color');",
              "err": {},
              "uuid": "f0b8cb15-e238-4fb9-8f43-3b73cbff53be",
              "parentUUID": "684cf111-76c0-4b4a-9837-feb5a12f507e",
              "isHook": false,
              "skipped": false
            },
            {
              "title": "Verifica se cada cor individual da paleta de cores possui a `classe` chamada `color`.",
              "fullTitle": "2 - Adicione à página uma paleta de quatro cores distintas. Verifica se cada cor individual da paleta de cores possui a `classe` chamada `color`.",
              "timedOut": null,
              "duration": 255,
              "state": "passed",
              "speed": "slow",
              "pass": true,
              "fail": false,
              "pending": false,
              "context": null,
              "code": "cy.get('.color').should('have.length', 4).then(function (colors) {\n  for (var i = 0; i < colors.length; i++) {\n    cy.wrap(colors[i]).should('be.visible');\n  }\n});",
              "err": {},
              "uuid": "978bdbfc-1aad-4a11-859b-4a2eeaec324d",
              "parentUUID": "684cf111-76c0-4b4a-9837-feb5a12f507e",
              "isHook": false,
              "skipped": false
            },
            {
              "title": "Verifica se a cor de fundo de cada elemento da paleta é a cor que o elemento representa. **A única cor não permitida na paleta é a cor branca.**",
              "fullTitle": "2 - Adicione à página uma paleta de quatro cores distintas. Verifica se a cor de fundo de cada elemento da paleta é a cor que o elemento representa. **A única cor não permitida na paleta é a cor branca.**",
              "timedOut": null,
              "duration": 261,
              "state": "passed",
              "speed": "slow",
              "pass": true,
              "fail": false,
              "pending": false,
              "context": null,
              "code": "cy.get('.color').each(function (color) {\n  cy.wrap(color).should('have.class', 'color').and('not.have.css', 'background-color', WHITE);\n  cy.wrap(color).should('have.css', 'background-color');\n});",
              "err": {},
              "uuid": "85d7baed-17b3-4cfe-b5c8-984f5f274736",
              "parentUUID": "684cf111-76c0-4b4a-9837-feb5a12f507e",
              "isHook": false,
              "skipped": false
            },
            {
              "title": "Verifica se cada elemento da paleta de cores tem uma borda preta, sólida e com 1 pixel de largura;",
              "fullTitle": "2 - Adicione à página uma paleta de quatro cores distintas. Verifica se cada elemento da paleta de cores tem uma borda preta, sólida e com 1 pixel de largura;",
              "timedOut": null,
              "duration": 248,
              "state": "passed",
              "speed": "slow",
              "pass": true,
              "fail": false,
              "pending": false,
              "context": null,
              "code": "cy.get('.color').each(function (color) {\n  cy.wrap(color).and('have.css', 'border', \"1px solid \".concat(BLACK)).and('have.class', 'color');\n});",
              "err": {},
              "uuid": "7f3d714a-9379-4664-aa9f-ab05786fbe33",
              "parentUUID": "684cf111-76c0-4b4a-9837-feb5a12f507e",
              "isHook": false,
              "skipped": false
            },
            {
              "title": "Verifica se a paleta lista todas as cores disponíveis para utilização, lado a lado.",
              "fullTitle": "2 - Adicione à página uma paleta de quatro cores distintas. Verifica se a paleta lista todas as cores disponíveis para utilização, lado a lado.",
              "timedOut": null,
              "duration": 142,
              "state": "passed",
              "speed": "slow",
              "pass": true,
              "fail": false,
              "pending": false,
              "context": null,
              "code": "cy.get('.color').then(function (colors) {\n  for (var index = 1; index < colors.length; index += 1) {\n    var currentColor = colors[index];\n    var previousColor = colors[index - 1];\n    cy.wrap(currentColor).should('be.onTheRightOf', previousColor).and('be.horizontallyAlignedWith', previousColor);\n  }\n});",
              "err": {},
              "uuid": "690b7690-1b16-433a-819d-68c6adb5b9e9",
              "parentUUID": "684cf111-76c0-4b4a-9837-feb5a12f507e",
              "isHook": false,
              "skipped": false
            },
            {
              "title": "Verifica se a paleta de cores está posicionada abaixo do título 'Paleta de Cores'",
              "fullTitle": "2 - Adicione à página uma paleta de quatro cores distintas. Verifica se a paleta de cores está posicionada abaixo do título 'Paleta de Cores'",
              "timedOut": null,
              "duration": 198,
              "state": "passed",
              "speed": "slow",
              "pass": true,
              "fail": false,
              "pending": false,
              "context": null,
              "code": "cy.get('h1#title').then(function (title) {\n  cy.get('#color-palette').should('be.belowOf', title);\n});",
              "err": {},
              "uuid": "740a58f9-9034-40b2-a817-75b1b1c2cab8",
              "parentUUID": "684cf111-76c0-4b4a-9837-feb5a12f507e",
              "isHook": false,
              "skipped": false
            },
            {
              "title": "Verifica se a paleta de cores não contém cores repetidas.",
              "fullTitle": "2 - Adicione à página uma paleta de quatro cores distintas. Verifica se a paleta de cores não contém cores repetidas.",
              "timedOut": null,
              "duration": 102,
              "state": "passed",
              "speed": "slow",
              "pass": true,
              "fail": false,
              "pending": false,
              "context": null,
              "code": "cy.get('.color').then(function (colors) {\n  var allColors = Array.from(colors).map(function (color) {\n    return Cypress.$(color).css('background-color');\n  });\n  cy.log(allColors);\n  var uniqColors = (0, _toConsumableArray2[\"default\"])(new Set(allColors));\n  cy.log(uniqColors);\n  expect(allColors.length).to.eq(uniqColors.length);\n});",
              "err": {},
              "uuid": "e55069e5-061e-432e-a1f3-2878a297aa11",
              "parentUUID": "684cf111-76c0-4b4a-9837-feb5a12f507e",
              "isHook": false,
              "skipped": false
            }
          ],
          "suites": [],
          "passes": [
            "f0b8cb15-e238-4fb9-8f43-3b73cbff53be",
            "978bdbfc-1aad-4a11-859b-4a2eeaec324d",
            "85d7baed-17b3-4cfe-b5c8-984f5f274736",
            "7f3d714a-9379-4664-aa9f-ab05786fbe33",
            "690b7690-1b16-433a-819d-68c6adb5b9e9",
            "740a58f9-9034-40b2-a817-75b1b1c2cab8",
            "e55069e5-061e-432e-a1f3-2878a297aa11"
          ],
          "failures": [],
          "pending": [],
          "skipped": [],
          "duration": 1429,
          "root": false,
          "rootEmpty": false,
          "_timeout": 2000
        },
        {
          "uuid": "6e03d25c-1e27-4465-9384-49a2f3201ec4",
          "title": "3 - Adicione a cor **preta** como a primeira cor da paleta de cores.",
          "fullFile": "",
          "file": "",
          "beforeHooks": [],
          "afterHooks": [],
          "tests": [
            {
              "title": "Verifica se a primeira cor da paleta é preta",
              "fullTitle": "3 - Adicione a cor **preta** como a primeira cor da paleta de cores. Verifica se a primeira cor da paleta é preta",
              "timedOut": null,
              "duration": 174,
              "state": "passed",
              "speed": "slow",
              "pass": true,
              "fail": false,
              "pending": false,
              "context": null,
              "code": "cy.get('.color').first().should('have.css', 'background-color', BLACK);",
              "err": {},
              "uuid": "ad69e6a5-cb38-4de1-934b-7415715a55d5",
              "parentUUID": "6e03d25c-1e27-4465-9384-49a2f3201ec4",
              "isHook": false,
              "skipped": false
            },
            {
              "title": "Verifica se as demais cores podem ser escolhidas livremente.",
              "fullTitle": "3 - Adicione a cor **preta** como a primeira cor da paleta de cores. Verifica se as demais cores podem ser escolhidas livremente.",
              "timedOut": null,
              "duration": 283,
              "state": "passed",
              "speed": "slow",
              "pass": true,
              "fail": false,
              "pending": false,
              "context": null,
              "code": "cy.get('.color').eq(1).should('not.have.css', 'background-color', BLACK);\ncy.get('.color').eq(1).should('not.have.css', 'background-color', WHITE);\ncy.get('.color').eq(1).should('not.have.css', 'background-color', 'rgba(0, 0, 0, 0)');\ncy.get('.color').eq(1).should('have.css', 'background-color');\ncy.get('.color').eq(2).should('not.have.css', 'background-color', BLACK);\ncy.get('.color').eq(2).should('not.have.css', 'background-color', WHITE);\ncy.get('.color').eq(2).should('not.have.css', 'background-color', 'rgba(0, 0, 0, 0)');\ncy.get('.color').eq(2).should('have.css', 'background-color');\ncy.get('.color').eq(3).should('not.have.css', 'background-color', BLACK);\ncy.get('.color').eq(3).should('not.have.css', 'background-color', WHITE);\ncy.get('.color').eq(3).should('not.have.css', 'background-color', 'rgba(0, 0, 0, 0)');\ncy.get('.color').eq(3).should('have.css', 'background-color');",
              "err": {},
              "uuid": "a2ec71c0-ec0f-47ef-b973-70016a1eea4f",
              "parentUUID": "6e03d25c-1e27-4465-9384-49a2f3201ec4",
              "isHook": false,
              "skipped": false
            }
          ],
          "suites": [],
          "passes": [
            "ad69e6a5-cb38-4de1-934b-7415715a55d5",
            "a2ec71c0-ec0f-47ef-b973-70016a1eea4f"
          ],
          "failures": [],
          "pending": [],
          "skipped": [],
          "duration": 457,
          "root": false,
          "rootEmpty": false,
          "_timeout": 2000
        },
        {
          "uuid": "38122067-20f6-4006-b0cd-c0037c6df15d",
          "title": "4 - Adicione à página um quadro de pixels, com 25 pixels.",
          "fullFile": "",
          "file": "",
          "beforeHooks": [],
          "afterHooks": [],
          "tests": [
            {
              "title": "Verifica se o quadro de pixels possui o `id` denominado `pixel-board`",
              "fullTitle": "4 - Adicione à página um quadro de pixels, com 25 pixels. Verifica se o quadro de pixels possui o `id` denominado `pixel-board`",
              "timedOut": null,
              "duration": 118,
              "state": "passed",
              "speed": "slow",
              "pass": true,
              "fail": false,
              "pending": false,
              "context": null,
              "code": "cy.get('#pixel-board').should('be.visible');",
              "err": {},
              "uuid": "d3213c0a-b428-4907-8d5f-b2a0b2cb413d",
              "parentUUID": "38122067-20f6-4006-b0cd-c0037c6df15d",
              "isHook": false,
              "skipped": false
            },
            {
              "title": "Verifica se cada pixel individual dentro do quadro possui a `classe` denominada `pixel`.",
              "fullTitle": "4 - Adicione à página um quadro de pixels, com 25 pixels. Verifica se cada pixel individual dentro do quadro possui a `classe` denominada `pixel`.",
              "timedOut": null,
              "duration": 210,
              "state": "passed",
              "speed": "slow",
              "pass": true,
              "fail": false,
              "pending": false,
              "context": null,
              "code": "cy.get('.pixel').should('have.length', 25);",
              "err": {},
              "uuid": "4232557e-845b-4a0f-93f5-87e55f957f90",
              "parentUUID": "38122067-20f6-4006-b0cd-c0037c6df15d",
              "isHook": false,
              "skipped": false
            },
            {
              "title": "Verifica se a cor inicial dos pixels dentro do quadro, ao abrir a página, é branca.",
              "fullTitle": "4 - Adicione à página um quadro de pixels, com 25 pixels. Verifica se a cor inicial dos pixels dentro do quadro, ao abrir a página, é branca.",
              "timedOut": null,
              "duration": 193,
              "state": "passed",
              "speed": "slow",
              "pass": true,
              "fail": false,
              "pending": false,
              "context": null,
              "code": "cy.get('.pixel').should('have.length', 25).each(function (pixel) {\n  expect(pixel).to.have.css('background-color', WHITE);\n});",
              "err": {},
              "uuid": "1084c4c8-ebe1-4f7d-9272-8427c1b2a4e6",
              "parentUUID": "38122067-20f6-4006-b0cd-c0037c6df15d",
              "isHook": false,
              "skipped": false
            },
            {
              "title": "Verifica se o quadro de pixels aparece abaixo da paleta de cores",
              "fullTitle": "4 - Adicione à página um quadro de pixels, com 25 pixels. Verifica se o quadro de pixels aparece abaixo da paleta de cores",
              "timedOut": null,
              "duration": 162,
              "state": "passed",
              "speed": "slow",
              "pass": true,
              "fail": false,
              "pending": false,
              "context": null,
              "code": "cy.get('#color-palette').then(function (palette) {\n  cy.get('#pixel-board').should('be.belowOf', palette);\n});",
              "err": {},
              "uuid": "d5b80e3b-1c2f-4bac-8d5d-be824e12c993",
              "parentUUID": "38122067-20f6-4006-b0cd-c0037c6df15d",
              "isHook": false,
              "skipped": false
            }
          ],
          "suites": [],
          "passes": [
            "d3213c0a-b428-4907-8d5f-b2a0b2cb413d",
            "4232557e-845b-4a0f-93f5-87e55f957f90",
            "1084c4c8-ebe1-4f7d-9272-8427c1b2a4e6",
            "d5b80e3b-1c2f-4bac-8d5d-be824e12c993"
          ],
          "failures": [],
          "pending": [],
          "skipped": [],
          "duration": 683,
          "root": false,
          "rootEmpty": false,
          "_timeout": 2000
        },
        {
          "uuid": "d53f42c9-c33f-45a0-8f99-60d6b6a430f3",
          "title": "5 - Faça com que cada elemento do quadro de pixels possua 40 pixels de largura, 40 pixels de altura e seja delimitado por uma borda preta de 1 pixel.",
          "fullFile": "",
          "file": "",
          "beforeHooks": [],
          "afterHooks": [],
          "tests": [
            {
              "title": "Verifica se o quadro de pixels tem altura e comprimento de 5 elementos",
              "fullTitle": "5 - Faça com que cada elemento do quadro de pixels possua 40 pixels de largura, 40 pixels de altura e seja delimitado por uma borda preta de 1 pixel. Verifica se o quadro de pixels tem altura e comprimento de 5 elementos",
              "timedOut": null,
              "duration": 421,
              "state": "passed",
              "speed": "slow",
              "pass": true,
              "fail": false,
              "pending": false,
              "context": null,
              "code": "cy.get('.pixel').should('have.length', 25).each(function (pixel) {\n  expect(pixel).to.have.css('background-color', WHITE);\n}).and(function (pixels) {\n  var rows = chunk(pixels, 5);\n  rows.forEach(function (row) {\n    for (var index = 1; index < row.length; index += 1) {\n      var current = pixels[index];\n      var previous = pixels[index - 1];\n      cy.wrap(current).should('be.onTheRightOf', previous).and('be.horizontallyAlignedWith', previous);\n    }\n  });\n  for (var index = 1; index < 5; index += 1) {\n    expect(pixels[index * 5]).to.be.belowOf(pixels[(index - 1) * 5]);\n  }\n});",
              "err": {},
              "uuid": "e1148c37-9a00-4442-ab34-ed64f8f63f18",
              "parentUUID": "d53f42c9-c33f-45a0-8f99-60d6b6a430f3",
              "isHook": false,
              "skipped": false
            },
            {
              "title": "Verifica se 40 pixels é o tamanho total do elemento, incluindo seu conteúdo e excluindo a borda preta, que deve ser criada à parte.",
              "fullTitle": "5 - Faça com que cada elemento do quadro de pixels possua 40 pixels de largura, 40 pixels de altura e seja delimitado por uma borda preta de 1 pixel. Verifica se 40 pixels é o tamanho total do elemento, incluindo seu conteúdo e excluindo a borda preta, que deve ser criada à parte.",
              "timedOut": null,
              "duration": 447,
              "state": "passed",
              "speed": "slow",
              "pass": true,
              "fail": false,
              "pending": false,
              "context": null,
              "code": "cy.get('.pixel').each(function (pixel) {\n  cy.wrap(pixel).should('have.css', 'height', '40px').and('have.css', 'width', '40px').and('have.css', 'border', \"1px solid \".concat(BLACK));\n});",
              "err": {},
              "uuid": "5f4d470d-5e89-4e1c-89e1-77b7e6cdf0e8",
              "parentUUID": "d53f42c9-c33f-45a0-8f99-60d6b6a430f3",
              "isHook": false,
              "skipped": false
            }
          ],
          "suites": [],
          "passes": [
            "e1148c37-9a00-4442-ab34-ed64f8f63f18",
            "5f4d470d-5e89-4e1c-89e1-77b7e6cdf0e8"
          ],
          "failures": [],
          "pending": [],
          "skipped": [],
          "duration": 868,
          "root": false,
          "rootEmpty": false,
          "_timeout": 2000
        },
        {
          "uuid": "a5abee82-8516-42b3-b15d-3c329ebacb4f",
          "title": "6 - Defina a cor preta como cor inicial. Ao carregar a página a cor preta já deve estar selecionada para pintar os pixels",
          "fullFile": "",
          "file": "",
          "beforeHooks": [],
          "afterHooks": [],
          "tests": [
            {
              "title": "Verifica se o elemento da cor preta possui, inicialmente, a `classe` `selected`",
              "fullTitle": "6 - Defina a cor preta como cor inicial. Ao carregar a página a cor preta já deve estar selecionada para pintar os pixels Verifica se o elemento da cor preta possui, inicialmente, a `classe` `selected`",
              "timedOut": null,
              "duration": 176,
              "state": "passed",
              "speed": "slow",
              "pass": true,
              "fail": false,
              "pending": false,
              "context": null,
              "code": "cy.get('.selected').first().should('have.css', 'background-color', BLACK);",
              "err": {},
              "uuid": "fcfb2fb0-b7ee-4585-b1a9-0ea680b27f54",
              "parentUUID": "a5abee82-8516-42b3-b15d-3c329ebacb4f",
              "isHook": false,
              "skipped": false
            },
            {
              "title": "Verifica se nenhuma outra cor da paleta tem a `classe` `selected`",
              "fullTitle": "6 - Defina a cor preta como cor inicial. Ao carregar a página a cor preta já deve estar selecionada para pintar os pixels Verifica se nenhuma outra cor da paleta tem a `classe` `selected`",
              "timedOut": null,
              "duration": 112,
              "state": "passed",
              "speed": "slow",
              "pass": true,
              "fail": false,
              "pending": false,
              "context": null,
              "code": "cy.get('.color:not(:first-child)').each(function (color) {\n  cy.wrap(color).should('not.have.class', 'selected');\n});",
              "err": {},
              "uuid": "b82410ae-fa9e-4406-a5a0-49b0d1f07395",
              "parentUUID": "a5abee82-8516-42b3-b15d-3c329ebacb4f",
              "isHook": false,
              "skipped": false
            }
          ],
          "suites": [],
          "passes": [
            "fcfb2fb0-b7ee-4585-b1a9-0ea680b27f54",
            "b82410ae-fa9e-4406-a5a0-49b0d1f07395"
          ],
          "failures": [],
          "pending": [],
          "skipped": [],
          "duration": 288,
          "root": false,
          "rootEmpty": false,
          "_timeout": 2000
        },
        {
          "uuid": "b1d8b4a8-e220-457d-865f-2b50cc8a7f8f",
          "title": "7 - Clicar em uma das cores da paleta, faz com que ela seja selecionada e utilizada para preencher os pixels no quadro.",
          "fullFile": "",
          "file": "",
          "beforeHooks": [],
          "afterHooks": [],
          "tests": [
            {
              "title": "Verifica se somente uma cor da paleta de cores tem a classe `selected` de cada vez",
              "fullTitle": "7 - Clicar em uma das cores da paleta, faz com que ela seja selecionada e utilizada para preencher os pixels no quadro. Verifica se somente uma cor da paleta de cores tem a classe `selected` de cada vez",
              "timedOut": null,
              "duration": 568,
              "state": "passed",
              "speed": "slow",
              "pass": true,
              "fail": false,
              "pending": false,
              "context": null,
              "code": "cy.get('.color').each(function (selectedColor, selectedColorIndex) {\n  cy.wrap(selectedColor).click();\n  cy.get('.color').each(function (color, colorIndex) {\n    if (colorIndex === selectedColorIndex) {\n      expect(color).to.have[\"class\"]('selected');\n    } else {\n      expect(color).not.to.have[\"class\"]('selected');\n    }\n  });\n});",
              "err": {},
              "uuid": "f8392ae9-41ce-4865-bc90-c4399c740978",
              "parentUUID": "b1d8b4a8-e220-457d-865f-2b50cc8a7f8f",
              "isHook": false,
              "skipped": false
            },
            {
              "title": "Verifica se os pixels dentro do quadro não têm a classe `selected` quando são clicados",
              "fullTitle": "7 - Clicar em uma das cores da paleta, faz com que ela seja selecionada e utilizada para preencher os pixels no quadro. Verifica se os pixels dentro do quadro não têm a classe `selected` quando são clicados",
              "timedOut": null,
              "duration": 9009,
              "state": "passed",
              "speed": "slow",
              "pass": true,
              "fail": false,
              "pending": false,
              "context": null,
              "code": "cy.get('.color').each(function (color) {\n  var backgroundColor = color.css('background-color');\n  cy.wrap(color).click();\n  cy.get('.pixel').each(function (pixel) {\n    cy.wrap(pixel).click().should('not.have.class', 'selected');\n  });\n});",
              "err": {},
              "uuid": "72d7aecf-ab5f-4608-bceb-fe8428bfe76a",
              "parentUUID": "b1d8b4a8-e220-457d-865f-2b50cc8a7f8f",
              "isHook": false,
              "skipped": false
            }
          ],
          "suites": [],
          "passes": [
            "f8392ae9-41ce-4865-bc90-c4399c740978",
            "72d7aecf-ab5f-4608-bceb-fe8428bfe76a"
          ],
          "failures": [],
          "pending": [],
          "skipped": [],
          "duration": 9577,
          "root": false,
          "rootEmpty": false,
          "_timeout": 2000
        },
        {
          "uuid": "810e0f18-4990-4a9f-8ebe-c3bebe185a87",
          "title": "8 - Clicar em um pixel dentro do quadro após selecionar uma cor na paleta, faz com que o pixel seja preenchido com a cor selecionada.",
          "fullFile": "",
          "file": "",
          "beforeHooks": [],
          "afterHooks": [],
          "tests": [
            {
              "title": "Verifica se ao carregar a página deve ser possível pintar os pixels de preto",
              "fullTitle": "8 - Clicar em um pixel dentro do quadro após selecionar uma cor na paleta, faz com que o pixel seja preenchido com a cor selecionada. Verifica se ao carregar a página deve ser possível pintar os pixels de preto",
              "timedOut": null,
              "duration": 2360,
              "state": "passed",
              "speed": "slow",
              "pass": true,
              "fail": false,
              "pending": false,
              "context": null,
              "code": "cy.get('.pixel').each(function (pixel) {\n  cy.wrap(pixel).click().should('have.css', 'background-color', BLACK);\n});",
              "err": {},
              "uuid": "023cf590-c760-4658-80e9-1adcf9545dd8",
              "parentUUID": "810e0f18-4990-4a9f-8ebe-c3bebe185a87",
              "isHook": false,
              "skipped": false
            },
            {
              "title": "Verifica se após selecionar uma outra cor na paleta, é possível pintar os pixels com essa cor",
              "fullTitle": "8 - Clicar em um pixel dentro do quadro após selecionar uma cor na paleta, faz com que o pixel seja preenchido com a cor selecionada. Verifica se após selecionar uma outra cor na paleta, é possível pintar os pixels com essa cor",
              "timedOut": null,
              "duration": 8979,
              "state": "passed",
              "speed": "slow",
              "pass": true,
              "fail": false,
              "pending": false,
              "context": null,
              "code": "cy.get('.color').each(function (color) {\n  var backgroundColor = color.css('background-color');\n  cy.wrap(color).click();\n  cy.get('.pixel').each(function (pixel) {\n    cy.wrap(pixel).click().should('have.css', 'background-color', backgroundColor);\n  });\n});",
              "err": {},
              "uuid": "1ffac211-0e32-4086-9bb5-37446091c33e",
              "parentUUID": "810e0f18-4990-4a9f-8ebe-c3bebe185a87",
              "isHook": false,
              "skipped": false
            },
            {
              "title": "Verifica se somente o pixel que foi clicado foi preenchido com a cor selecionada, sem influenciar na cor dos demais pixels.",
              "fullTitle": "8 - Clicar em um pixel dentro do quadro após selecionar uma cor na paleta, faz com que o pixel seja preenchido com a cor selecionada. Verifica se somente o pixel que foi clicado foi preenchido com a cor selecionada, sem influenciar na cor dos demais pixels.",
              "timedOut": null,
              "duration": 1786,
              "state": "passed",
              "speed": "slow",
              "pass": true,
              "fail": false,
              "pending": false,
              "context": null,
              "code": "var colorToPixelIndexMap = {\n  0: 6,\n  1: 8,\n  2: 16,\n  3: 18\n};\ncy.get('.color').each(function (color, index) {\n  cy.wrap(color).click();\n  var backgroundColor = color.css('background-color');\n  var clickedPixelIndex = colorToPixelIndexMap[index];\n  cy.get('.pixel').eq(clickedPixelIndex).click();\n  cy.get('.pixel').eq(clickedPixelIndex - 1).should('not.have.css', 'background-color', backgroundColor);\n  cy.get('.pixel').eq(clickedPixelIndex + 1).should('not.have.css', 'background-color', backgroundColor);\n  cy.get('.pixel').eq(clickedPixelIndex - 5).should('not.have.css', 'background-color', backgroundColor);\n  cy.get('.pixel').eq(clickedPixelIndex + 5).should('not.have.css', 'background-color', backgroundColor);\n  cy.get('.pixel').eq(clickedPixelIndex - 6).should('not.have.css', 'background-color', backgroundColor);\n  cy.get('.pixel').eq(clickedPixelIndex - 4).should('not.have.css', 'background-color', backgroundColor);\n  cy.get('.pixel').eq(clickedPixelIndex + 4).should('not.have.css', 'background-color', backgroundColor);\n  cy.get('.pixel').eq(clickedPixelIndex + 6).should('not.have.css', 'background-color', backgroundColor);\n});",
              "err": {},
              "uuid": "26555e3e-252b-48bc-bb38-00204460601e",
              "parentUUID": "810e0f18-4990-4a9f-8ebe-c3bebe185a87",
              "isHook": false,
              "skipped": false
            }
          ],
          "suites": [],
          "passes": [
            "023cf590-c760-4658-80e9-1adcf9545dd8",
            "1ffac211-0e32-4086-9bb5-37446091c33e",
            "26555e3e-252b-48bc-bb38-00204460601e"
          ],
          "failures": [],
          "pending": [],
          "skipped": [],
          "duration": 13125,
          "root": false,
          "rootEmpty": false,
          "_timeout": 2000
        },
        {
          "uuid": "8f8bd551-2182-4405-8ee6-b2cd78063abe",
          "title": "9 - Crie um botão que, ao ser clicado, limpa o quadro preenchendo a cor de todos seus pixels com branco.",
          "fullFile": "",
          "file": "",
          "beforeHooks": [],
          "afterHooks": [],
          "tests": [
            {
              "title": "Verifica se o botão tem o `id` denominado `clear-board`",
              "fullTitle": "9 - Crie um botão que, ao ser clicado, limpa o quadro preenchendo a cor de todos seus pixels com branco. Verifica se o botão tem o `id` denominado `clear-board`",
              "timedOut": null,
              "duration": 248,
              "state": "passed",
              "speed": "slow",
              "pass": true,
              "fail": false,
              "pending": false,
              "context": null,
              "code": "cy.get('#clear-board').should('be.visible');",
              "err": {},
              "uuid": "4cc758d9-73b2-4eb2-932e-c057a60b2aaa",
              "parentUUID": "8f8bd551-2182-4405-8ee6-b2cd78063abe",
              "isHook": false,
              "skipped": false
            },
            {
              "title": "Verifica se o botão está posicionado entre a paleta de cores e o quadro de pixels",
              "fullTitle": "9 - Crie um botão que, ao ser clicado, limpa o quadro preenchendo a cor de todos seus pixels com branco. Verifica se o botão está posicionado entre a paleta de cores e o quadro de pixels",
              "timedOut": null,
              "duration": 155,
              "state": "passed",
              "speed": "slow",
              "pass": true,
              "fail": false,
              "pending": false,
              "context": null,
              "code": "cy.get('#color-palette').then(function (palette) {\n  cy.get('#clear-board').should('be.belowOf', palette);\n});\ncy.get('#clear-board').then(function (clearBtn) {\n  cy.get('#pixel-board').should('be.belowOf', clearBtn);\n});",
              "err": {},
              "uuid": "f15b7c10-a585-4ffa-8c15-83f4cda0eeac",
              "parentUUID": "8f8bd551-2182-4405-8ee6-b2cd78063abe",
              "isHook": false,
              "skipped": false
            },
            {
              "title": "Verifica se o texto do botão é 'Limpar'",
              "fullTitle": "9 - Crie um botão que, ao ser clicado, limpa o quadro preenchendo a cor de todos seus pixels com branco. Verifica se o texto do botão é 'Limpar'",
              "timedOut": null,
              "duration": 101,
              "state": "passed",
              "speed": "slow",
              "pass": true,
              "fail": false,
              "pending": false,
              "context": null,
              "code": "cy.get('#clear-board').should('contain.text', 'Limpar');",
              "err": {},
              "uuid": "87363b6a-010f-40e6-8db3-9bfb6a002be1",
              "parentUUID": "8f8bd551-2182-4405-8ee6-b2cd78063abe",
              "isHook": false,
              "skipped": false
            },
            {
              "title": "Verifica se ao clicar no botão, o quadro de pixels é totalmente preenchido de branco",
              "fullTitle": "9 - Crie um botão que, ao ser clicado, limpa o quadro preenchendo a cor de todos seus pixels com branco. Verifica se ao clicar no botão, o quadro de pixels é totalmente preenchido de branco",
              "timedOut": null,
              "duration": 2549,
              "state": "passed",
              "speed": "slow",
              "pass": true,
              "fail": false,
              "pending": false,
              "context": null,
              "code": "cy.get('.color').eq(1).then(function (color) {\n  var backgroundColor = color.css('background-color');\n  cy.wrap(color).click();\n  cy.get('.pixel').each(function (pixel) {\n    cy.wrap(pixel).click().should('have.css', 'background-color', backgroundColor);\n  });\n});\ncy.get('#clear-board').click();\ncy.get('.pixel').each(function (pixel) {\n  cy.wrap(pixel).should('have.css', 'background-color', WHITE);\n});",
              "err": {},
              "uuid": "38b253e1-9ff7-4d96-a6e6-b7bc0e244227",
              "parentUUID": "8f8bd551-2182-4405-8ee6-b2cd78063abe",
              "isHook": false,
              "skipped": false
            }
          ],
          "suites": [],
          "passes": [
            "4cc758d9-73b2-4eb2-932e-c057a60b2aaa",
            "f15b7c10-a585-4ffa-8c15-83f4cda0eeac",
            "87363b6a-010f-40e6-8db3-9bfb6a002be1",
            "38b253e1-9ff7-4d96-a6e6-b7bc0e244227"
          ],
          "failures": [],
          "pending": [],
          "skipped": [],
          "duration": 3053,
          "root": false,
          "rootEmpty": false,
          "_timeout": 2000
        },
        {
          "uuid": "baae012c-fe02-4c70-bbb6-1e2fb0b294e0",
          "title": "10 - Faça o quadro de pixels ter seu tamanho definido pelo usuário.",
          "fullFile": "",
          "file": "",
          "beforeHooks": [],
          "afterHooks": [],
          "tests": [
            {
              "title": "Verifica se existe um input com o id `board-size`",
              "fullTitle": "10 - Faça o quadro de pixels ter seu tamanho definido pelo usuário. Verifica se existe um input com o id `board-size`",
              "timedOut": null,
              "duration": 4513,
              "state": "failed",
              "speed": null,
              "pass": false,
              "fail": true,
              "pending": false,
              "context": null,
              "code": "cy.get('#board-size').should('be.visible');",
              "err": {
                "message": "CypressError: Timed out retrying: Expected to find element: '#board-size', but never found it.",
                "estack": "CypressError: Timed out retrying: Expected to find element: '#board-size', but never found it.\n    at cypressErr (http://localhost:33369/__cypress/runner/cypress_runner.js:149934:9)\n    at throwErr (http://localhost:33369/__cypress/runner/cypress_runner.js:149867:11)\n    at Object.throwErrByPath (http://localhost:33369/__cypress/runner/cypress_runner.js:149915:3)\n    at retry (http://localhost:33369/__cypress/runner/cypress_runner.js:144197:19)\n    at onFailFn (http://localhost:33369/__cypress/runner/cypress_runner.js:132448:16)\n    at tryCatcher (http://localhost:33369/__cypress/runner/cypress_runner.js:167415:23)\n    at Promise._settlePromiseFromHandler (http://localhost:33369/__cypress/runner/cypress_runner.js:165351:31)\n    at Promise._settlePromise (http://localhost:33369/__cypress/runner/cypress_runner.js:165408:18)\n    at Promise._settlePromise0 (http://localhost:33369/__cypress/runner/cypress_runner.js:165453:10)\n    at Promise._settlePromises (http://localhost:33369/__cypress/runner/cypress_runner.js:165528:18)\n    at Async../node_modules/bluebird/js/release/async.js.Async._drainQueue (http://localhost:33369/__cypress/runner/cypress_runner.js:162140:16)\n    at Async../node_modules/bluebird/js/release/async.js.Async._drainQueues (http://localhost:33369/__cypress/runner/cypress_runner.js:162150:10)\n    at Async.drainQueues (http://localhost:33369/__cypress/runner/cypress_runner.js:162024:14)",
                "diff": null
              },
              "uuid": "b06f3d84-8f59-47b5-aa87-7988facf3379",
              "parentUUID": "baae012c-fe02-4c70-bbb6-1e2fb0b294e0",
              "isHook": false,
              "skipped": false
            },
            {
              "title": "Verifica se existe um botão com o id `generate-board`",
              "fullTitle": "10 - Faça o quadro de pixels ter seu tamanho definido pelo usuário. Verifica se existe um botão com o id `generate-board`",
              "timedOut": null,
              "duration": 4505,
              "state": "failed",
              "speed": null,
              "pass": false,
              "fail": true,
              "pending": false,
              "context": null,
              "code": "cy.get('#generate-board').should('be.visible');",
              "err": {
                "message": "CypressError: Timed out retrying: Expected to find element: '#generate-board', but never found it.",
                "estack": "CypressError: Timed out retrying: Expected to find element: '#generate-board', but never found it.\n    at cypressErr (http://localhost:33369/__cypress/runner/cypress_runner.js:149934:9)\n    at throwErr (http://localhost:33369/__cypress/runner/cypress_runner.js:149867:11)\n    at Object.throwErrByPath (http://localhost:33369/__cypress/runner/cypress_runner.js:149915:3)\n    at retry (http://localhost:33369/__cypress/runner/cypress_runner.js:144197:19)\n    at onFailFn (http://localhost:33369/__cypress/runner/cypress_runner.js:132448:16)\n    at tryCatcher (http://localhost:33369/__cypress/runner/cypress_runner.js:167415:23)\n    at Promise._settlePromiseFromHandler (http://localhost:33369/__cypress/runner/cypress_runner.js:165351:31)\n    at Promise._settlePromise (http://localhost:33369/__cypress/runner/cypress_runner.js:165408:18)\n    at Promise._settlePromise0 (http://localhost:33369/__cypress/runner/cypress_runner.js:165453:10)\n    at Promise._settlePromises (http://localhost:33369/__cypress/runner/cypress_runner.js:165528:18)\n    at Async../node_modules/bluebird/js/release/async.js.Async._drainQueue (http://localhost:33369/__cypress/runner/cypress_runner.js:162140:16)\n    at Async../node_modules/bluebird/js/release/async.js.Async._drainQueues (http://localhost:33369/__cypress/runner/cypress_runner.js:162150:10)\n    at Async.drainQueues (http://localhost:33369/__cypress/runner/cypress_runner.js:162024:14)",
                "diff": null
              },
              "uuid": "dd0ac3dc-4855-40bf-9dc5-21d3fad99c3e",
              "parentUUID": "baae012c-fe02-4c70-bbb6-1e2fb0b294e0",
              "isHook": false,
              "skipped": false
            },
            {
              "title": "Verifica se o input só aceita número maiores que zero. Essa restrição deve ser feita usando os atributos do elemento `input`",
              "fullTitle": "10 - Faça o quadro de pixels ter seu tamanho definido pelo usuário. Verifica se o input só aceita número maiores que zero. Essa restrição deve ser feita usando os atributos do elemento `input`",
              "timedOut": null,
              "duration": 4445,
              "state": "failed",
              "speed": null,
              "pass": false,
              "fail": true,
              "pending": false,
              "context": null,
              "code": "cy.get('#board-size[type=\\'number\\'][min=\\'1\\']');",
              "err": {
                "message": "CypressError: Timed out retrying: Expected to find element: '#board-size[type='number'][min='1']', but never found it.",
                "estack": "CypressError: Timed out retrying: Expected to find element: '#board-size[type='number'][min='1']', but never found it.\n    at cypressErr (http://localhost:33369/__cypress/runner/cypress_runner.js:149934:9)\n    at throwErr (http://localhost:33369/__cypress/runner/cypress_runner.js:149867:11)\n    at Object.throwErrByPath (http://localhost:33369/__cypress/runner/cypress_runner.js:149915:3)\n    at retry (http://localhost:33369/__cypress/runner/cypress_runner.js:144197:19)\n    at onFailFn (http://localhost:33369/__cypress/runner/cypress_runner.js:132448:16)\n    at tryCatcher (http://localhost:33369/__cypress/runner/cypress_runner.js:167415:23)\n    at Promise._settlePromiseFromHandler (http://localhost:33369/__cypress/runner/cypress_runner.js:165351:31)\n    at Promise._settlePromise (http://localhost:33369/__cypress/runner/cypress_runner.js:165408:18)\n    at Promise._settlePromise0 (http://localhost:33369/__cypress/runner/cypress_runner.js:165453:10)\n    at Promise._settlePromises (http://localhost:33369/__cypress/runner/cypress_runner.js:165528:18)\n    at Async../node_modules/bluebird/js/release/async.js.Async._drainQueue (http://localhost:33369/__cypress/runner/cypress_runner.js:162140:16)\n    at Async../node_modules/bluebird/js/release/async.js.Async._drainQueues (http://localhost:33369/__cypress/runner/cypress_runner.js:162150:10)\n    at Async.drainQueues (http://localhost:33369/__cypress/runner/cypress_runner.js:162024:14)",
                "diff": null
              },
              "uuid": "0f919493-fb85-4b71-a21e-5cb5072fa87c",
              "parentUUID": "baae012c-fe02-4c70-bbb6-1e2fb0b294e0",
              "isHook": false,
              "skipped": false
            },
            {
              "title": "Verifica se o botão contém o texto 'VQV'",
              "fullTitle": "10 - Faça o quadro de pixels ter seu tamanho definido pelo usuário. Verifica se o botão contém o texto 'VQV'",
              "timedOut": null,
              "duration": 4392,
              "state": "failed",
              "speed": null,
              "pass": false,
              "fail": true,
              "pending": false,
              "context": null,
              "code": "cy.get('#generate-board').contains(/vqv/i);",
              "err": {
                "message": "CypressError: Timed out retrying: Expected to find element: '#generate-board', but never found it.",
                "estack": "CypressError: Timed out retrying: Expected to find element: '#generate-board', but never found it.\n    at cypressErr (http://localhost:33369/__cypress/runner/cypress_runner.js:149934:9)\n    at throwErr (http://localhost:33369/__cypress/runner/cypress_runner.js:149867:11)\n    at Object.throwErrByPath (http://localhost:33369/__cypress/runner/cypress_runner.js:149915:3)\n    at retry (http://localhost:33369/__cypress/runner/cypress_runner.js:144197:19)\n    at onFailFn (http://localhost:33369/__cypress/runner/cypress_runner.js:132448:16)\n    at tryCatcher (http://localhost:33369/__cypress/runner/cypress_runner.js:167415:23)\n    at Promise._settlePromiseFromHandler (http://localhost:33369/__cypress/runner/cypress_runner.js:165351:31)\n    at Promise._settlePromise (http://localhost:33369/__cypress/runner/cypress_runner.js:165408:18)\n    at Promise._settlePromise0 (http://localhost:33369/__cypress/runner/cypress_runner.js:165453:10)\n    at Promise._settlePromises (http://localhost:33369/__cypress/runner/cypress_runner.js:165528:18)\n    at Async../node_modules/bluebird/js/release/async.js.Async._drainQueue (http://localhost:33369/__cypress/runner/cypress_runner.js:162140:16)\n    at Async../node_modules/bluebird/js/release/async.js.Async._drainQueues (http://localhost:33369/__cypress/runner/cypress_runner.js:162150:10)\n    at Async.drainQueues (http://localhost:33369/__cypress/runner/cypress_runner.js:162024:14)",
                "diff": null
              },
              "uuid": "3ff0795c-d2ab-4b18-8e26-b5481bfe4266",
              "parentUUID": "baae012c-fe02-4c70-bbb6-1e2fb0b294e0",
              "isHook": false,
              "skipped": false
            },
            {
              "title": "Verifica se o input está posicionado entre a paleta de cores e o quadro de pixels",
              "fullTitle": "10 - Faça o quadro de pixels ter seu tamanho definido pelo usuário. Verifica se o input está posicionado entre a paleta de cores e o quadro de pixels",
              "timedOut": null,
              "duration": 4595,
              "state": "failed",
              "speed": null,
              "pass": false,
              "fail": true,
              "pending": false,
              "context": null,
              "code": "cy.get('#color-palette').then(function (palette) {\n  cy.get('#board-size').should('be.belowOf', palette);\n});\ncy.get('#board-size').then(function (palette) {\n  cy.get('#pixel-board').should('be.belowOf', palette);\n});",
              "err": {
                "message": "CypressError: Timed out retrying: Expected to find element: '#board-size', but never found it.",
                "estack": "CypressError: Timed out retrying: Expected to find element: '#board-size', but never found it.\n    at cypressErr (http://localhost:33369/__cypress/runner/cypress_runner.js:149934:9)\n    at throwErr (http://localhost:33369/__cypress/runner/cypress_runner.js:149867:11)\n    at Object.throwErrByPath (http://localhost:33369/__cypress/runner/cypress_runner.js:149915:3)\n    at retry (http://localhost:33369/__cypress/runner/cypress_runner.js:144197:19)\n    at onFailFn (http://localhost:33369/__cypress/runner/cypress_runner.js:132448:16)\n    at tryCatcher (http://localhost:33369/__cypress/runner/cypress_runner.js:167415:23)\n    at Promise._settlePromiseFromHandler (http://localhost:33369/__cypress/runner/cypress_runner.js:165351:31)\n    at Promise._settlePromise (http://localhost:33369/__cypress/runner/cypress_runner.js:165408:18)\n    at Promise._settlePromise0 (http://localhost:33369/__cypress/runner/cypress_runner.js:165453:10)\n    at Promise._settlePromises (http://localhost:33369/__cypress/runner/cypress_runner.js:165528:18)\n    at Async../node_modules/bluebird/js/release/async.js.Async._drainQueue (http://localhost:33369/__cypress/runner/cypress_runner.js:162140:16)\n    at Async../node_modules/bluebird/js/release/async.js.Async._drainQueues (http://localhost:33369/__cypress/runner/cypress_runner.js:162150:10)\n    at Async.drainQueues (http://localhost:33369/__cypress/runner/cypress_runner.js:162024:14)",
                "diff": null
              },
              "uuid": "d374d462-c26b-4cc8-b221-ebecd4c203a8",
              "parentUUID": "baae012c-fe02-4c70-bbb6-1e2fb0b294e0",
              "isHook": false,
              "skipped": false
            },
            {
              "title": "Verifica se o botão está posicionado ao lado do input",
              "fullTitle": "10 - Faça o quadro de pixels ter seu tamanho definido pelo usuário. Verifica se o botão está posicionado ao lado do input",
              "timedOut": null,
              "duration": 4446,
              "state": "failed",
              "speed": null,
              "pass": false,
              "fail": true,
              "pending": false,
              "context": null,
              "code": "cy.get('#board-size').then(function (board) {\n  cy.get('#generate-board').should('be.onTheRightOf', board);\n});",
              "err": {
                "message": "CypressError: Timed out retrying: Expected to find element: '#board-size', but never found it.",
                "estack": "CypressError: Timed out retrying: Expected to find element: '#board-size', but never found it.\n    at cypressErr (http://localhost:33369/__cypress/runner/cypress_runner.js:149934:9)\n    at throwErr (http://localhost:33369/__cypress/runner/cypress_runner.js:149867:11)\n    at Object.throwErrByPath (http://localhost:33369/__cypress/runner/cypress_runner.js:149915:3)\n    at retry (http://localhost:33369/__cypress/runner/cypress_runner.js:144197:19)\n    at onFailFn (http://localhost:33369/__cypress/runner/cypress_runner.js:132448:16)\n    at tryCatcher (http://localhost:33369/__cypress/runner/cypress_runner.js:167415:23)\n    at Promise._settlePromiseFromHandler (http://localhost:33369/__cypress/runner/cypress_runner.js:165351:31)\n    at Promise._settlePromise (http://localhost:33369/__cypress/runner/cypress_runner.js:165408:18)\n    at Promise._settlePromise0 (http://localhost:33369/__cypress/runner/cypress_runner.js:165453:10)\n    at Promise._settlePromises (http://localhost:33369/__cypress/runner/cypress_runner.js:165528:18)\n    at Async../node_modules/bluebird/js/release/async.js.Async._drainQueue (http://localhost:33369/__cypress/runner/cypress_runner.js:162140:16)\n    at Async../node_modules/bluebird/js/release/async.js.Async._drainQueues (http://localhost:33369/__cypress/runner/cypress_runner.js:162150:10)\n    at Async.drainQueues (http://localhost:33369/__cypress/runner/cypress_runner.js:162024:14)",
                "diff": null
              },
              "uuid": "d73b14c7-6600-48f0-b364-5669011bcf00",
              "parentUUID": "baae012c-fe02-4c70-bbb6-1e2fb0b294e0",
              "isHook": false,
              "skipped": false
            },
            {
              "title": "Verifica se nenhum valor for colocado no input ao clicar no botão, um `alert` é exibido com o texto: 'Board inválido!'",
              "fullTitle": "10 - Faça o quadro de pixels ter seu tamanho definido pelo usuário. Verifica se nenhum valor for colocado no input ao clicar no botão, um `alert` é exibido com o texto: 'Board inválido!'",
              "timedOut": null,
              "duration": 4565,
              "state": "failed",
              "speed": null,
              "pass": false,
              "fail": true,
              "pending": false,
              "context": null,
              "code": "var alerted = false;\ncy.on('window:alert', function (msg) {\n  return alerted = msg;\n});\ncy.get('#generate-board').click().then(function () {\n  return expect(alerted).to.match(/Board inválido!/i);\n});",
              "err": {
                "message": "CypressError: Timed out retrying: Expected to find element: '#generate-board', but never found it.",
                "estack": "CypressError: Timed out retrying: Expected to find element: '#generate-board', but never found it.\n    at cypressErr (http://localhost:33369/__cypress/runner/cypress_runner.js:149934:9)\n    at throwErr (http://localhost:33369/__cypress/runner/cypress_runner.js:149867:11)\n    at Object.throwErrByPath (http://localhost:33369/__cypress/runner/cypress_runner.js:149915:3)\n    at retry (http://localhost:33369/__cypress/runner/cypress_runner.js:144197:19)\n    at onFailFn (http://localhost:33369/__cypress/runner/cypress_runner.js:132448:16)\n    at tryCatcher (http://localhost:33369/__cypress/runner/cypress_runner.js:167415:23)\n    at Promise._settlePromiseFromHandler (http://localhost:33369/__cypress/runner/cypress_runner.js:165351:31)\n    at Promise._settlePromise (http://localhost:33369/__cypress/runner/cypress_runner.js:165408:18)\n    at Promise._settlePromise0 (http://localhost:33369/__cypress/runner/cypress_runner.js:165453:10)\n    at Promise._settlePromises (http://localhost:33369/__cypress/runner/cypress_runner.js:165528:18)\n    at Async../node_modules/bluebird/js/release/async.js.Async._drainQueue (http://localhost:33369/__cypress/runner/cypress_runner.js:162140:16)\n    at Async../node_modules/bluebird/js/release/async.js.Async._drainQueues (http://localhost:33369/__cypress/runner/cypress_runner.js:162150:10)\n    at Async.drainQueues (http://localhost:33369/__cypress/runner/cypress_runner.js:162024:14)",
                "diff": null
              },
              "uuid": "cadcee90-1cb5-4623-ae5c-17967ca96b1c",
              "parentUUID": "baae012c-fe02-4c70-bbb6-1e2fb0b294e0",
              "isHook": false,
              "skipped": false
            },
            {
              "title": "Verifica se ao clicar no botão com um valor preenchido, o tamanho do board muda.",
              "fullTitle": "10 - Faça o quadro de pixels ter seu tamanho definido pelo usuário. Verifica se ao clicar no botão com um valor preenchido, o tamanho do board muda.",
              "timedOut": null,
              "duration": 4428,
              "state": "failed",
              "speed": null,
              "pass": false,
              "fail": true,
              "pending": false,
              "context": null,
              "code": "cy.get('#board-size').clear().type(10);\ncy.get('#generate-board').click();\ncy.get('.pixel').should('have.length', 100);",
              "err": {
                "message": "CypressError: Timed out retrying: Expected to find element: '#board-size', but never found it.",
                "estack": "CypressError: Timed out retrying: Expected to find element: '#board-size', but never found it.\n    at cypressErr (http://localhost:33369/__cypress/runner/cypress_runner.js:149934:9)\n    at throwErr (http://localhost:33369/__cypress/runner/cypress_runner.js:149867:11)\n    at Object.throwErrByPath (http://localhost:33369/__cypress/runner/cypress_runner.js:149915:3)\n    at retry (http://localhost:33369/__cypress/runner/cypress_runner.js:144197:19)\n    at onFailFn (http://localhost:33369/__cypress/runner/cypress_runner.js:132448:16)\n    at tryCatcher (http://localhost:33369/__cypress/runner/cypress_runner.js:167415:23)\n    at Promise._settlePromiseFromHandler (http://localhost:33369/__cypress/runner/cypress_runner.js:165351:31)\n    at Promise._settlePromise (http://localhost:33369/__cypress/runner/cypress_runner.js:165408:18)\n    at Promise._settlePromise0 (http://localhost:33369/__cypress/runner/cypress_runner.js:165453:10)\n    at Promise._settlePromises (http://localhost:33369/__cypress/runner/cypress_runner.js:165528:18)\n    at Async../node_modules/bluebird/js/release/async.js.Async._drainQueue (http://localhost:33369/__cypress/runner/cypress_runner.js:162140:16)\n    at Async../node_modules/bluebird/js/release/async.js.Async._drainQueues (http://localhost:33369/__cypress/runner/cypress_runner.js:162150:10)\n    at Async.drainQueues (http://localhost:33369/__cypress/runner/cypress_runner.js:162024:14)",
                "diff": null
              },
              "uuid": "10bece87-2ca5-4d79-9f27-f7aa52ff616c",
              "parentUUID": "baae012c-fe02-4c70-bbb6-1e2fb0b294e0",
              "isHook": false,
              "skipped": false
            },
            {
              "title": "Verifica se o novo quadro tem todos os pixels preenchidos com a cor branca",
              "fullTitle": "10 - Faça o quadro de pixels ter seu tamanho definido pelo usuário. Verifica se o novo quadro tem todos os pixels preenchidos com a cor branca",
              "timedOut": null,
              "duration": 4515,
              "state": "failed",
              "speed": null,
              "pass": false,
              "fail": true,
              "pending": false,
              "context": null,
              "code": "cy.get('#board-size').clear().type(6);\ncy.get('#generate-board').click();\ncy.get('.pixel').should('have.length', 36).each(function (pixel) {\n  expect(pixel).to.have.css('background-color', WHITE);\n});",
              "err": {
                "message": "CypressError: Timed out retrying: Expected to find element: '#board-size', but never found it.",
                "estack": "CypressError: Timed out retrying: Expected to find element: '#board-size', but never found it.\n    at cypressErr (http://localhost:33369/__cypress/runner/cypress_runner.js:149934:9)\n    at throwErr (http://localhost:33369/__cypress/runner/cypress_runner.js:149867:11)\n    at Object.throwErrByPath (http://localhost:33369/__cypress/runner/cypress_runner.js:149915:3)\n    at retry (http://localhost:33369/__cypress/runner/cypress_runner.js:144197:19)\n    at onFailFn (http://localhost:33369/__cypress/runner/cypress_runner.js:132448:16)\n    at tryCatcher (http://localhost:33369/__cypress/runner/cypress_runner.js:167415:23)\n    at Promise._settlePromiseFromHandler (http://localhost:33369/__cypress/runner/cypress_runner.js:165351:31)\n    at Promise._settlePromise (http://localhost:33369/__cypress/runner/cypress_runner.js:165408:18)\n    at Promise._settlePromise0 (http://localhost:33369/__cypress/runner/cypress_runner.js:165453:10)\n    at Promise._settlePromises (http://localhost:33369/__cypress/runner/cypress_runner.js:165528:18)\n    at Async../node_modules/bluebird/js/release/async.js.Async._drainQueue (http://localhost:33369/__cypress/runner/cypress_runner.js:162140:16)\n    at Async../node_modules/bluebird/js/release/async.js.Async._drainQueues (http://localhost:33369/__cypress/runner/cypress_runner.js:162150:10)\n    at Async.drainQueues (http://localhost:33369/__cypress/runner/cypress_runner.js:162024:14)",
                "diff": null
              },
              "uuid": "1d82ef5b-1507-4def-bf21-9ae027a8d283",
              "parentUUID": "baae012c-fe02-4c70-bbb6-1e2fb0b294e0",
              "isHook": false,
              "skipped": false
            }
          ],
          "suites": [],
          "passes": [],
          "failures": [
            "b06f3d84-8f59-47b5-aa87-7988facf3379",
            "dd0ac3dc-4855-40bf-9dc5-21d3fad99c3e",
            "0f919493-fb85-4b71-a21e-5cb5072fa87c",
            "3ff0795c-d2ab-4b18-8e26-b5481bfe4266",
            "d374d462-c26b-4cc8-b221-ebecd4c203a8",
            "d73b14c7-6600-48f0-b364-5669011bcf00",
            "cadcee90-1cb5-4623-ae5c-17967ca96b1c",
            "10bece87-2ca5-4d79-9f27-f7aa52ff616c",
            "1d82ef5b-1507-4def-bf21-9ae027a8d283"
          ],
          "pending": [],
          "skipped": [],
          "duration": 40404,
          "root": false,
          "rootEmpty": false,
          "_timeout": 2000
        },
        {
          "uuid": "363dfdfc-00a5-45a2-87b9-3f5e49dafd59",
          "title": "11 - Limite o tamanho mínimo e máximo do board.",
          "fullFile": "",
          "file": "",
          "beforeHooks": [],
          "afterHooks": [],
          "tests": [
            {
              "title": "Verifica se a altura máxima do board é 50",
              "fullTitle": "11 - Limite o tamanho mínimo e máximo do board. Verifica se a altura máxima do board é 50",
              "timedOut": null,
              "duration": 4464,
              "state": "failed",
              "speed": null,
              "pass": false,
              "fail": true,
              "pending": false,
              "context": null,
              "code": "cy.get('#board-size').clear().type(50);\ncy.get('#generate-board').click();\ncy.get('.pixel').should('have.length', 2500);",
              "err": {
                "message": "CypressError: Timed out retrying: Expected to find element: '#board-size', but never found it.",
                "estack": "CypressError: Timed out retrying: Expected to find element: '#board-size', but never found it.\n    at cypressErr (http://localhost:33369/__cypress/runner/cypress_runner.js:149934:9)\n    at throwErr (http://localhost:33369/__cypress/runner/cypress_runner.js:149867:11)\n    at Object.throwErrByPath (http://localhost:33369/__cypress/runner/cypress_runner.js:149915:3)\n    at retry (http://localhost:33369/__cypress/runner/cypress_runner.js:144197:19)\n    at onFailFn (http://localhost:33369/__cypress/runner/cypress_runner.js:132448:16)\n    at tryCatcher (http://localhost:33369/__cypress/runner/cypress_runner.js:167415:23)\n    at Promise._settlePromiseFromHandler (http://localhost:33369/__cypress/runner/cypress_runner.js:165351:31)\n    at Promise._settlePromise (http://localhost:33369/__cypress/runner/cypress_runner.js:165408:18)\n    at Promise._settlePromise0 (http://localhost:33369/__cypress/runner/cypress_runner.js:165453:10)\n    at Promise._settlePromises (http://localhost:33369/__cypress/runner/cypress_runner.js:165528:18)\n    at Async../node_modules/bluebird/js/release/async.js.Async._drainQueue (http://localhost:33369/__cypress/runner/cypress_runner.js:162140:16)\n    at Async../node_modules/bluebird/js/release/async.js.Async._drainQueues (http://localhost:33369/__cypress/runner/cypress_runner.js:162150:10)\n    at Async.drainQueues (http://localhost:33369/__cypress/runner/cypress_runner.js:162024:14)",
                "diff": null
              },
              "uuid": "41d39a5c-62c0-4564-a79f-f76d61f4be30",
              "parentUUID": "363dfdfc-00a5-45a2-87b9-3f5e49dafd59",
              "isHook": false,
              "skipped": false
            },
            {
              "title": "Verifica se a altura do board é 5 quando um valor menor é colocado no input",
              "fullTitle": "11 - Limite o tamanho mínimo e máximo do board. Verifica se a altura do board é 5 quando um valor menor é colocado no input",
              "timedOut": null,
              "duration": 4551,
              "state": "failed",
              "speed": null,
              "pass": false,
              "fail": true,
              "pending": false,
              "context": null,
              "code": "cy.get('#board-size').clear().type(4);\ncy.get('#generate-board').click();\ncy.get('.pixel').should('have.length', 25);",
              "err": {
                "message": "CypressError: Timed out retrying: Expected to find element: '#board-size', but never found it.",
                "estack": "CypressError: Timed out retrying: Expected to find element: '#board-size', but never found it.\n    at cypressErr (http://localhost:33369/__cypress/runner/cypress_runner.js:149934:9)\n    at throwErr (http://localhost:33369/__cypress/runner/cypress_runner.js:149867:11)\n    at Object.throwErrByPath (http://localhost:33369/__cypress/runner/cypress_runner.js:149915:3)\n    at retry (http://localhost:33369/__cypress/runner/cypress_runner.js:144197:19)\n    at onFailFn (http://localhost:33369/__cypress/runner/cypress_runner.js:132448:16)\n    at tryCatcher (http://localhost:33369/__cypress/runner/cypress_runner.js:167415:23)\n    at Promise._settlePromiseFromHandler (http://localhost:33369/__cypress/runner/cypress_runner.js:165351:31)\n    at Promise._settlePromise (http://localhost:33369/__cypress/runner/cypress_runner.js:165408:18)\n    at Promise._settlePromise0 (http://localhost:33369/__cypress/runner/cypress_runner.js:165453:10)\n    at Promise._settlePromises (http://localhost:33369/__cypress/runner/cypress_runner.js:165528:18)\n    at Async../node_modules/bluebird/js/release/async.js.Async._drainQueue (http://localhost:33369/__cypress/runner/cypress_runner.js:162140:16)\n    at Async../node_modules/bluebird/js/release/async.js.Async._drainQueues (http://localhost:33369/__cypress/runner/cypress_runner.js:162150:10)\n    at Async.drainQueues (http://localhost:33369/__cypress/runner/cypress_runner.js:162024:14)",
                "diff": null
              },
              "uuid": "578765c5-8d16-4d1a-9ed3-6230d059bd9a",
              "parentUUID": "363dfdfc-00a5-45a2-87b9-3f5e49dafd59",
              "isHook": false,
              "skipped": false
            },
            {
              "title": "Verifica se a altura do board é 50 quando um valor maior é colocado no input",
              "fullTitle": "11 - Limite o tamanho mínimo e máximo do board. Verifica se a altura do board é 50 quando um valor maior é colocado no input",
              "timedOut": null,
              "duration": 4446,
              "state": "failed",
              "speed": null,
              "pass": false,
              "fail": true,
              "pending": false,
              "context": null,
              "code": "cy.get('#board-size').clear().type(51);\ncy.get('#generate-board').click();\ncy.get('.pixel').should('have.length', 2500);",
              "err": {
                "message": "CypressError: Timed out retrying: Expected to find element: '#board-size', but never found it.",
                "estack": "CypressError: Timed out retrying: Expected to find element: '#board-size', but never found it.\n    at cypressErr (http://localhost:33369/__cypress/runner/cypress_runner.js:149934:9)\n    at throwErr (http://localhost:33369/__cypress/runner/cypress_runner.js:149867:11)\n    at Object.throwErrByPath (http://localhost:33369/__cypress/runner/cypress_runner.js:149915:3)\n    at retry (http://localhost:33369/__cypress/runner/cypress_runner.js:144197:19)\n    at onFailFn (http://localhost:33369/__cypress/runner/cypress_runner.js:132448:16)\n    at tryCatcher (http://localhost:33369/__cypress/runner/cypress_runner.js:167415:23)\n    at Promise._settlePromiseFromHandler (http://localhost:33369/__cypress/runner/cypress_runner.js:165351:31)\n    at Promise._settlePromise (http://localhost:33369/__cypress/runner/cypress_runner.js:165408:18)\n    at Promise._settlePromise0 (http://localhost:33369/__cypress/runner/cypress_runner.js:165453:10)\n    at Promise._settlePromises (http://localhost:33369/__cypress/runner/cypress_runner.js:165528:18)\n    at Async../node_modules/bluebird/js/release/async.js.Async._drainQueue (http://localhost:33369/__cypress/runner/cypress_runner.js:162140:16)\n    at Async../node_modules/bluebird/js/release/async.js.Async._drainQueues (http://localhost:33369/__cypress/runner/cypress_runner.js:162150:10)\n    at Async.drainQueues (http://localhost:33369/__cypress/runner/cypress_runner.js:162024:14)",
                "diff": null
              },
              "uuid": "f46a796c-82ba-49f5-a889-acc447b96430",
              "parentUUID": "363dfdfc-00a5-45a2-87b9-3f5e49dafd59",
              "isHook": false,
              "skipped": false
            }
          ],
          "suites": [],
          "passes": [],
          "failures": [
            "41d39a5c-62c0-4564-a79f-f76d61f4be30",
            "578765c5-8d16-4d1a-9ed3-6230d059bd9a",
            "f46a796c-82ba-49f5-a889-acc447b96430"
          ],
          "pending": [],
          "skipped": [],
          "duration": 13461,
          "root": false,
          "rootEmpty": false,
          "_timeout": 2000
        },
        {
          "uuid": "11f74c01-8a72-417d-a949-0fc37973e0db",
          "title": "12 - Faça com que as cores da paleta sejam geradas aleatoriamente ao carregar a página.",
          "fullFile": "",
          "file": "",
          "beforeHooks": [],
          "afterHooks": [],
          "tests": [
            {
              "title": "Verifica se as cores geradas na paleta são diferentes a cada carregamento da página",
              "fullTitle": "12 - Faça com que as cores da paleta sejam geradas aleatoriamente ao carregar a página. Verifica se as cores geradas na paleta são diferentes a cada carregamento da página",
              "timedOut": null,
              "duration": 667,
              "state": "failed",
              "speed": null,
              "pass": false,
              "fail": true,
              "pending": false,
              "context": null,
              "code": "cy.get('.color').then(function (colors) {\n  var currentColors;\n  var previousColors;\n  previousColors = Array.from(colors).map(function (color) {\n    return Cypress.$(color).css('background-color');\n  });\n  for (var i = 0; i < 5; i += 1) {\n    cy.reload();\n    cy.get('.color').then(function (colors) {\n      currentColors = Array.from(colors).map(function (color) {\n        return Cypress.$(color).css('background-color');\n      });\n      expect(currentColors).not.to.deep.equal(previousColors);\n      previousColors = currentColors;\n    });\n  }\n});",
              "err": {
                "message": "AssertionError: expected [ Array(4) ] to not deeply equal [ Array(4) ]",
                "estack": "AssertionError: expected [ Array(4) ] to not deeply equal [ Array(4) ]\n    at getRet (http://localhost:33369/__cypress/runner/cypress_runner.js:136585:16)\n    at tryCatcher (http://localhost:33369/__cypress/runner/cypress_runner.js:167415:23)\n    at Function.Promise.attempt.Promise.try (http://localhost:33369/__cypress/runner/cypress_runner.js:164690:29)\n    at Context.thenFn (http://localhost:33369/__cypress/runner/cypress_runner.js:136599:23)\n    at Context.then (http://localhost:33369/__cypress/runner/cypress_runner.js:136971:21)\n    at Context.<anonymous> (http://localhost:33369/__cypress/runner/cypress_runner.js:148875:21)\n    at http://localhost:33369/__cypress/runner/cypress_runner.js:148351:33\n    at tryCatcher (http://localhost:33369/__cypress/runner/cypress_runner.js:167415:23)\n    at Promise._settlePromiseFromHandler (http://localhost:33369/__cypress/runner/cypress_runner.js:165351:31)\n    at Promise._settlePromise (http://localhost:33369/__cypress/runner/cypress_runner.js:165408:18)\n    at Promise._settlePromiseCtx (http://localhost:33369/__cypress/runner/cypress_runner.js:165445:10)\n    at Async../node_modules/bluebird/js/release/async.js.Async._drainQueue (http://localhost:33369/__cypress/runner/cypress_runner.js:162145:12)\n    at Async../node_modules/bluebird/js/release/async.js.Async._drainQueues (http://localhost:33369/__cypress/runner/cypress_runner.js:162150:10)\n    at Async.drainQueues (http://localhost:33369/__cypress/runner/cypress_runner.js:162024:14)",
                "diff": ""
              },
              "uuid": "36323d97-2b83-4d29-8531-f78bc26e5f27",
              "parentUUID": "11f74c01-8a72-417d-a949-0fc37973e0db",
              "isHook": false,
              "skipped": false
            },
            {
              "title": "Verifica se a cor preta ainda está presente e é a primeira na sua paleta de cores",
              "fullTitle": "12 - Faça com que as cores da paleta sejam geradas aleatoriamente ao carregar a página. Verifica se a cor preta ainda está presente e é a primeira na sua paleta de cores",
              "timedOut": null,
              "duration": 620,
              "state": "failed",
              "speed": null,
              "pass": false,
              "fail": true,
              "pending": false,
              "context": null,
              "code": "cy.get('.color').then(function (colors) {\n  var currentColors;\n  var previousColors;\n  previousColors = Array.from(colors).map(function (color) {\n    return Cypress.$(color).css('background-color');\n  });\n  expect(previousColors[0]).to.eq(BLACK);\n  for (var i = 0; i < 5; i += 1) {\n    cy.reload();\n    cy.get('.color').then(function (colors) {\n      currentColors = Array.from(colors).map(function (color) {\n        return Cypress.$(color).css('background-color');\n      });\n      expect(currentColors[0]).to.eq(BLACK);\n      expect(currentColors).not.to.deep.equal(previousColors);\n      previousColors = currentColors;\n    });\n  }\n});",
              "err": {
                "message": "AssertionError: expected [ Array(4) ] to not deeply equal [ Array(4) ]",
                "estack": "AssertionError: expected [ Array(4) ] to not deeply equal [ Array(4) ]\n    at getRet (http://localhost:33369/__cypress/runner/cypress_runner.js:136585:16)\n    at tryCatcher (http://localhost:33369/__cypress/runner/cypress_runner.js:167415:23)\n    at Function.Promise.attempt.Promise.try (http://localhost:33369/__cypress/runner/cypress_runner.js:164690:29)\n    at Context.thenFn (http://localhost:33369/__cypress/runner/cypress_runner.js:136599:23)\n    at Context.then (http://localhost:33369/__cypress/runner/cypress_runner.js:136971:21)\n    at Context.<anonymous> (http://localhost:33369/__cypress/runner/cypress_runner.js:148875:21)\n    at http://localhost:33369/__cypress/runner/cypress_runner.js:148351:33\n    at tryCatcher (http://localhost:33369/__cypress/runner/cypress_runner.js:167415:23)\n    at Promise._settlePromiseFromHandler (http://localhost:33369/__cypress/runner/cypress_runner.js:165351:31)\n    at Promise._settlePromise (http://localhost:33369/__cypress/runner/cypress_runner.js:165408:18)\n    at Promise._settlePromiseCtx (http://localhost:33369/__cypress/runner/cypress_runner.js:165445:10)\n    at Async../node_modules/bluebird/js/release/async.js.Async._drainQueue (http://localhost:33369/__cypress/runner/cypress_runner.js:162145:12)\n    at Async../node_modules/bluebird/js/release/async.js.Async._drainQueues (http://localhost:33369/__cypress/runner/cypress_runner.js:162150:10)\n    at Async.drainQueues (http://localhost:33369/__cypress/runner/cypress_runner.js:162024:14)",
                "diff": ""
              },
              "uuid": "97c4ae48-da56-4886-85c6-779d9f393aac",
              "parentUUID": "11f74c01-8a72-417d-a949-0fc37973e0db",
              "isHook": false,
              "skipped": false
            }
          ],
          "suites": [],
          "passes": [],
          "failures": [
            "36323d97-2b83-4d29-8531-f78bc26e5f27",
            "97c4ae48-da56-4886-85c6-779d9f393aac"
          ],
          "pending": [],
          "skipped": [],
          "duration": 1287,
          "root": false,
          "rootEmpty": false,
          "_timeout": 2000
        }
      ],
      "passes": [],
      "failures": [],
      "pending": [],
      "skipped": [],
      "duration": 0,
      "root": true,
      "rootEmpty": true,
      "_timeout": 2000
    }
  ],
  "meta": {
    "mocha": {
      "version": "7.0.1"
    },
    "mochawesome": {
      "options": {
        "quiet": false,
        "reportFilename": "mochawesome",
        "saveHtml": false,
        "saveJson": true,
        "consoleReporter": "spec",
        "useInlineDiffs": false
      },
      "version": "4.1.0"
    },
    "marge": {
      "options": {
        "id": "default",
        "reportDir": "cypress/reports",
        "overwrite": true,
        "html": false,
        "json": true
      },
      "version": "4.1.0"
    }
  }
}