{
  "stats": {
    "suites": 12,
    "tests": 41,
    "passes": 16,
    "pending": 0,
    "failures": 25,
    "start": "2021-09-10T20:36:32.135Z",
    "end": "2021-09-10T20:38:12.984Z",
    "duration": 100849,
    "testsRegistered": 41,
    "passPercent": 39.02439024390244,
    "pendingPercent": 0,
    "other": 0,
    "hasOther": false,
    "skipped": 0,
    "hasSkipped": false
  },
  "results": [
    {
      "uuid": "febe935a-b8fc-4d7a-a554-c85aee4d597b",
      "title": "",
      "fullFile": "cypress/integration/project.spec.js",
      "file": "cypress/integration/project.spec.js",
      "beforeHooks": [],
      "afterHooks": [],
      "tests": [],
      "suites": [
        {
          "uuid": "af505092-2545-4f9a-8fe8-d5778f731415",
          "title": "1 - Adicione à página o título \"Paleta de Cores\".",
          "fullFile": "",
          "file": "",
          "beforeHooks": [],
          "afterHooks": [],
          "tests": [
            {
              "title": "Verifica se contém um elemento `h1` com o id `title` com o título correto",
              "fullTitle": "1 - Adicione à página o título \"Paleta de Cores\". Verifica se contém um elemento `h1` com o id `title` com o título correto",
              "timedOut": null,
              "duration": 145,
              "state": "passed",
              "speed": "slow",
              "pass": true,
              "fail": false,
              "pending": false,
              "context": null,
              "code": "cy.get('h1#title').should('contain.text', 'Paleta de Cores');",
              "err": {},
              "uuid": "be8962bb-9f00-4379-ad3d-3417d06b657c",
              "parentUUID": "af505092-2545-4f9a-8fe8-d5778f731415",
              "isHook": false,
              "skipped": false
            }
          ],
          "suites": [],
          "passes": [
            "be8962bb-9f00-4379-ad3d-3417d06b657c"
          ],
          "failures": [],
          "pending": [],
          "skipped": [],
          "duration": 145,
          "root": false,
          "rootEmpty": false,
          "_timeout": 2000
        },
        {
          "uuid": "0a3da190-ec60-4280-b788-d8a3b868c703",
          "title": "2 - Adicione à página uma paleta de quatro cores distintas.",
          "fullFile": "",
          "file": "",
          "beforeHooks": [],
          "afterHooks": [],
          "tests": [
            {
              "title": "A paleta de cores deve ser um elemento com `id` denominado `color-palette`",
              "fullTitle": "2 - Adicione à página uma paleta de quatro cores distintas. A paleta de cores deve ser um elemento com `id` denominado `color-palette`",
              "timedOut": null,
              "duration": 65,
              "state": "passed",
              "speed": "medium",
              "pass": true,
              "fail": false,
              "pending": false,
              "context": null,
              "code": "cy.get('#color-palette').should('be.visible');\ncy.get('#color-palette').children('.color');",
              "err": {},
              "uuid": "d6ee0e88-9aea-4103-b753-961c2c5b7dff",
              "parentUUID": "0a3da190-ec60-4280-b788-d8a3b868c703",
              "isHook": false,
              "skipped": false
            },
            {
              "title": "Verifica se cada cor individual da paleta de cores possui a `classe` chamada `color`.",
              "fullTitle": "2 - Adicione à página uma paleta de quatro cores distintas. Verifica se cada cor individual da paleta de cores possui a `classe` chamada `color`.",
              "timedOut": null,
              "duration": 139,
              "state": "passed",
              "speed": "slow",
              "pass": true,
              "fail": false,
              "pending": false,
              "context": null,
              "code": "cy.get('.color').should('have.length', 4).then(function (colors) {\n  for (var i = 0; i < colors.length; i++) {\n    cy.wrap(colors[i]).should('be.visible');\n  }\n});",
              "err": {},
              "uuid": "cb4f6d26-e1c0-42d8-a636-9cbdaeb64aef",
              "parentUUID": "0a3da190-ec60-4280-b788-d8a3b868c703",
              "isHook": false,
              "skipped": false
            },
            {
              "title": "Verifica se a cor de fundo de cada elemento da paleta é a cor que o elemento representa. **A única cor não permitida na paleta é a cor branca.**",
              "fullTitle": "2 - Adicione à página uma paleta de quatro cores distintas. Verifica se a cor de fundo de cada elemento da paleta é a cor que o elemento representa. **A única cor não permitida na paleta é a cor branca.**",
              "timedOut": null,
              "duration": 105,
              "state": "passed",
              "speed": "slow",
              "pass": true,
              "fail": false,
              "pending": false,
              "context": null,
              "code": "cy.get('.color').each(function (color) {\n  cy.wrap(color).should('have.class', 'color').and('not.have.css', 'background-color', WHITE);\n  cy.wrap(color).should('have.css', 'background-color');\n});",
              "err": {},
              "uuid": "c090af8b-4e30-4693-aab9-2a766b7087fd",
              "parentUUID": "0a3da190-ec60-4280-b788-d8a3b868c703",
              "isHook": false,
              "skipped": false
            },
            {
              "title": "Verifica se cada elemento da paleta de cores tem uma borda preta, sólida e com 1 pixel de largura;",
              "fullTitle": "2 - Adicione à página uma paleta de quatro cores distintas. Verifica se cada elemento da paleta de cores tem uma borda preta, sólida e com 1 pixel de largura;",
              "timedOut": null,
              "duration": 86,
              "state": "passed",
              "speed": "slow",
              "pass": true,
              "fail": false,
              "pending": false,
              "context": null,
              "code": "cy.get('.color').each(function (color) {\n  cy.wrap(color).and('have.css', 'border', \"1px solid \".concat(BLACK)).and('have.class', 'color');\n});",
              "err": {},
              "uuid": "8f24d570-6b43-43d6-a194-e61e61f32fbb",
              "parentUUID": "0a3da190-ec60-4280-b788-d8a3b868c703",
              "isHook": false,
              "skipped": false
            },
            {
              "title": "Verifica se a paleta lista todas as cores disponíveis para utilização, lado a lado.",
              "fullTitle": "2 - Adicione à página uma paleta de quatro cores distintas. Verifica se a paleta lista todas as cores disponíveis para utilização, lado a lado.",
              "timedOut": null,
              "duration": 121,
              "state": "passed",
              "speed": "slow",
              "pass": true,
              "fail": false,
              "pending": false,
              "context": null,
              "code": "cy.get('.color').then(function (colors) {\n  for (var index = 1; index < colors.length; index += 1) {\n    var currentColor = colors[index];\n    var previousColor = colors[index - 1];\n    cy.wrap(currentColor).should('be.onTheRightOf', previousColor).and('be.horizontallyAlignedWith', previousColor);\n  }\n});",
              "err": {},
              "uuid": "4a0ae4d8-b0c0-4dcd-a2a7-f76f3d840aaf",
              "parentUUID": "0a3da190-ec60-4280-b788-d8a3b868c703",
              "isHook": false,
              "skipped": false
            },
            {
              "title": "Verifica se a paleta de cores está posicionada abaixo do título 'Paleta de Cores'",
              "fullTitle": "2 - Adicione à página uma paleta de quatro cores distintas. Verifica se a paleta de cores está posicionada abaixo do título 'Paleta de Cores'",
              "timedOut": null,
              "duration": 104,
              "state": "passed",
              "speed": "slow",
              "pass": true,
              "fail": false,
              "pending": false,
              "context": null,
              "code": "cy.get('h1#title').then(function (title) {\n  cy.get('#color-palette').should('be.belowOf', title);\n});",
              "err": {},
              "uuid": "372efa25-88f1-40b9-b771-8c1137d58543",
              "parentUUID": "0a3da190-ec60-4280-b788-d8a3b868c703",
              "isHook": false,
              "skipped": false
            },
            {
              "title": "Verifica se a paleta de cores não contém cores repetidas.",
              "fullTitle": "2 - Adicione à página uma paleta de quatro cores distintas. Verifica se a paleta de cores não contém cores repetidas.",
              "timedOut": null,
              "duration": 104,
              "state": "passed",
              "speed": "slow",
              "pass": true,
              "fail": false,
              "pending": false,
              "context": null,
              "code": "cy.get('.color').then(function (colors) {\n  var allColors = Array.from(colors).map(function (color) {\n    return Cypress.$(color).css('background-color');\n  });\n  cy.log(allColors);\n  var uniqColors = (0, _toConsumableArray2[\"default\"])(new Set(allColors));\n  cy.log(uniqColors);\n  expect(allColors.length).to.eq(uniqColors.length);\n});",
              "err": {},
              "uuid": "15f51516-d98a-416e-b0ec-c10ec945089c",
              "parentUUID": "0a3da190-ec60-4280-b788-d8a3b868c703",
              "isHook": false,
              "skipped": false
            }
          ],
          "suites": [],
          "passes": [
            "d6ee0e88-9aea-4103-b753-961c2c5b7dff",
            "cb4f6d26-e1c0-42d8-a636-9cbdaeb64aef",
            "c090af8b-4e30-4693-aab9-2a766b7087fd",
            "8f24d570-6b43-43d6-a194-e61e61f32fbb",
            "4a0ae4d8-b0c0-4dcd-a2a7-f76f3d840aaf",
            "372efa25-88f1-40b9-b771-8c1137d58543",
            "15f51516-d98a-416e-b0ec-c10ec945089c"
          ],
          "failures": [],
          "pending": [],
          "skipped": [],
          "duration": 724,
          "root": false,
          "rootEmpty": false,
          "_timeout": 2000
        },
        {
          "uuid": "1f5ff333-a5f7-440b-baff-09b2784ead3f",
          "title": "3 - Adicione a cor **preta** como a primeira cor da paleta de cores.",
          "fullFile": "",
          "file": "",
          "beforeHooks": [],
          "afterHooks": [],
          "tests": [
            {
              "title": "Verifica se a primeira cor da paleta é preta",
              "fullTitle": "3 - Adicione a cor **preta** como a primeira cor da paleta de cores. Verifica se a primeira cor da paleta é preta",
              "timedOut": null,
              "duration": 76,
              "state": "passed",
              "speed": "slow",
              "pass": true,
              "fail": false,
              "pending": false,
              "context": null,
              "code": "cy.get('.color').first().should('have.css', 'background-color', BLACK);",
              "err": {},
              "uuid": "e9d9eaaf-806e-4370-b760-3ccd83943069",
              "parentUUID": "1f5ff333-a5f7-440b-baff-09b2784ead3f",
              "isHook": false,
              "skipped": false
            },
            {
              "title": "Verifica se as demais cores podem ser escolhidas livremente.",
              "fullTitle": "3 - Adicione a cor **preta** como a primeira cor da paleta de cores. Verifica se as demais cores podem ser escolhidas livremente.",
              "timedOut": null,
              "duration": 142,
              "state": "passed",
              "speed": "slow",
              "pass": true,
              "fail": false,
              "pending": false,
              "context": null,
              "code": "cy.get('.color').eq(1).should('not.have.css', 'background-color', BLACK);\ncy.get('.color').eq(1).should('not.have.css', 'background-color', WHITE);\ncy.get('.color').eq(1).should('not.have.css', 'background-color', 'rgba(0, 0, 0, 0)');\ncy.get('.color').eq(1).should('have.css', 'background-color');\ncy.get('.color').eq(2).should('not.have.css', 'background-color', BLACK);\ncy.get('.color').eq(2).should('not.have.css', 'background-color', WHITE);\ncy.get('.color').eq(2).should('not.have.css', 'background-color', 'rgba(0, 0, 0, 0)');\ncy.get('.color').eq(2).should('have.css', 'background-color');\ncy.get('.color').eq(3).should('not.have.css', 'background-color', BLACK);\ncy.get('.color').eq(3).should('not.have.css', 'background-color', WHITE);\ncy.get('.color').eq(3).should('not.have.css', 'background-color', 'rgba(0, 0, 0, 0)');\ncy.get('.color').eq(3).should('have.css', 'background-color');",
              "err": {},
              "uuid": "257ba98f-2faa-46c5-bc60-b008ed982f4f",
              "parentUUID": "1f5ff333-a5f7-440b-baff-09b2784ead3f",
              "isHook": false,
              "skipped": false
            }
          ],
          "suites": [],
          "passes": [
            "e9d9eaaf-806e-4370-b760-3ccd83943069",
            "257ba98f-2faa-46c5-bc60-b008ed982f4f"
          ],
          "failures": [],
          "pending": [],
          "skipped": [],
          "duration": 218,
          "root": false,
          "rootEmpty": false,
          "_timeout": 2000
        },
        {
          "uuid": "e250d071-40f3-45e8-a352-c2997bcf1397",
          "title": "4 - Adicione à página um quadro de pixels, com 25 pixels.",
          "fullFile": "",
          "file": "",
          "beforeHooks": [],
          "afterHooks": [],
          "tests": [
            {
              "title": "Verifica se o quadro de pixels possui o `id` denominado `pixel-board`",
              "fullTitle": "4 - Adicione à página um quadro de pixels, com 25 pixels. Verifica se o quadro de pixels possui o `id` denominado `pixel-board`",
              "timedOut": null,
              "duration": 78,
              "state": "passed",
              "speed": "slow",
              "pass": true,
              "fail": false,
              "pending": false,
              "context": null,
              "code": "cy.get('#pixel-board').should('be.visible');",
              "err": {},
              "uuid": "823c09ef-38dd-4106-b0e9-197fa7b35c4e",
              "parentUUID": "e250d071-40f3-45e8-a352-c2997bcf1397",
              "isHook": false,
              "skipped": false
            },
            {
              "title": "Verifica se cada pixel individual dentro do quadro possui a `classe` denominada `pixel`.",
              "fullTitle": "4 - Adicione à página um quadro de pixels, com 25 pixels. Verifica se cada pixel individual dentro do quadro possui a `classe` denominada `pixel`.",
              "timedOut": null,
              "duration": 92,
              "state": "passed",
              "speed": "slow",
              "pass": true,
              "fail": false,
              "pending": false,
              "context": null,
              "code": "cy.get('.pixel').should('have.length', 25);",
              "err": {},
              "uuid": "c972ec59-d1eb-4ed0-8558-570505e7667b",
              "parentUUID": "e250d071-40f3-45e8-a352-c2997bcf1397",
              "isHook": false,
              "skipped": false
            },
            {
              "title": "Verifica se a cor inicial dos pixels dentro do quadro, ao abrir a página, é branca.",
              "fullTitle": "4 - Adicione à página um quadro de pixels, com 25 pixels. Verifica se a cor inicial dos pixels dentro do quadro, ao abrir a página, é branca.",
              "timedOut": null,
              "duration": 322,
              "state": "failed",
              "speed": null,
              "pass": false,
              "fail": true,
              "pending": false,
              "context": null,
              "code": "cy.get('.pixel').should('have.length', 25).each(function (pixel) {\n  expect(pixel).to.have.css('background-color', WHITE);\n});",
              "err": {
                "message": "AssertionError: expected '<div.pixel>' to have CSS property 'background-color' with the value 'rgb(255, 255, 255)', but the value was 'rgba(0, 0, 0, 0)'",
                "estack": "AssertionError: expected '<div.pixel>' to have CSS property 'background-color' with the value 'rgb(255, 255, 255)', but the value was 'rgba(0, 0, 0, 0)'\n    at callback (http://localhost:41941/__cypress/runner/cypress_runner.js:136947:20)\n    at getRet (http://localhost:41941/__cypress/runner/cypress_runner.js:136585:16)\n    at tryCatcher (http://localhost:41941/__cypress/runner/cypress_runner.js:167415:23)\n    at Function.Promise.attempt.Promise.try (http://localhost:41941/__cypress/runner/cypress_runner.js:164690:29)\n    at thenFn (http://localhost:41941/__cypress/runner/cypress_runner.js:136599:23)\n    at yieldItem (http://localhost:41941/__cypress/runner/cypress_runner.js:136954:16)\n    at tryCatcher (http://localhost:41941/__cypress/runner/cypress_runner.js:167415:23)\n    at Object.gotValue (http://localhost:41941/__cypress/runner/cypress_runner.js:166557:18)\n    at Object.gotAccum (http://localhost:41941/__cypress/runner/cypress_runner.js:166546:25)\n    at Object.tryCatcher (http://localhost:41941/__cypress/runner/cypress_runner.js:167415:23)\n    at Promise._settlePromiseFromHandler (http://localhost:41941/__cypress/runner/cypress_runner.js:165351:31)\n    at Promise._settlePromise (http://localhost:41941/__cypress/runner/cypress_runner.js:165408:18)\n    at Promise._settlePromiseCtx (http://localhost:41941/__cypress/runner/cypress_runner.js:165445:10)\n    at Async../node_modules/bluebird/js/release/async.js.Async._drainQueue (http://localhost:41941/__cypress/runner/cypress_runner.js:162145:12)\n    at Async../node_modules/bluebird/js/release/async.js.Async._drainQueues (http://localhost:41941/__cypress/runner/cypress_runner.js:162150:10)\n    at Async.drainQueues (http://localhost:41941/__cypress/runner/cypress_runner.js:162024:14)",
                "diff": "- 'rgba(0, 0, 0, 0)'\n+ 'rgb(255, 255, 255)'\n"
              },
              "uuid": "c92a409d-ded5-46f6-98c2-2eb95d256e68",
              "parentUUID": "e250d071-40f3-45e8-a352-c2997bcf1397",
              "isHook": false,
              "skipped": false
            },
            {
              "title": "Verifica se o quadro de pixels aparece abaixo da paleta de cores",
              "fullTitle": "4 - Adicione à página um quadro de pixels, com 25 pixels. Verifica se o quadro de pixels aparece abaixo da paleta de cores",
              "timedOut": null,
              "duration": 81,
              "state": "passed",
              "speed": "slow",
              "pass": true,
              "fail": false,
              "pending": false,
              "context": null,
              "code": "cy.get('#color-palette').then(function (palette) {\n  cy.get('#pixel-board').should('be.belowOf', palette);\n});",
              "err": {},
              "uuid": "02d8b159-ea83-4a62-9138-52df2caf4cf3",
              "parentUUID": "e250d071-40f3-45e8-a352-c2997bcf1397",
              "isHook": false,
              "skipped": false
            }
          ],
          "suites": [],
          "passes": [
            "823c09ef-38dd-4106-b0e9-197fa7b35c4e",
            "c972ec59-d1eb-4ed0-8558-570505e7667b",
            "02d8b159-ea83-4a62-9138-52df2caf4cf3"
          ],
          "failures": [
            "c92a409d-ded5-46f6-98c2-2eb95d256e68"
          ],
          "pending": [],
          "skipped": [],
          "duration": 573,
          "root": false,
          "rootEmpty": false,
          "_timeout": 2000
        },
        {
          "uuid": "8b7e41af-04f0-42bc-82a5-c60bb2d24135",
          "title": "5 - Faça com que cada elemento do quadro de pixels possua 40 pixels de largura, 40 pixels de altura e seja delimitado por uma borda preta de 1 pixel.",
          "fullFile": "",
          "file": "",
          "beforeHooks": [],
          "afterHooks": [],
          "tests": [
            {
              "title": "Verifica se o quadro de pixels tem altura e comprimento de 5 elementos",
              "fullTitle": "5 - Faça com que cada elemento do quadro de pixels possua 40 pixels de largura, 40 pixels de altura e seja delimitado por uma borda preta de 1 pixel. Verifica se o quadro de pixels tem altura e comprimento de 5 elementos",
              "timedOut": null,
              "duration": 373,
              "state": "failed",
              "speed": null,
              "pass": false,
              "fail": true,
              "pending": false,
              "context": null,
              "code": "cy.get('.pixel').should('have.length', 25).each(function (pixel) {\n  expect(pixel).to.have.css('background-color', WHITE);\n}).and(function (pixels) {\n  var rows = chunk(pixels, 5);\n  rows.forEach(function (row) {\n    for (var index = 1; index < row.length; index += 1) {\n      var current = pixels[index];\n      var previous = pixels[index - 1];\n      cy.wrap(current).should('be.onTheRightOf', previous).and('be.horizontallyAlignedWith', previous);\n    }\n  });\n  for (var index = 1; index < 5; index += 1) {\n    expect(pixels[index * 5]).to.be.belowOf(pixels[(index - 1) * 5]);\n  }\n});",
              "err": {
                "message": "AssertionError: expected '<div.pixel>' to have CSS property 'background-color' with the value 'rgb(255, 255, 255)', but the value was 'rgba(0, 0, 0, 0)'",
                "estack": "AssertionError: expected '<div.pixel>' to have CSS property 'background-color' with the value 'rgb(255, 255, 255)', but the value was 'rgba(0, 0, 0, 0)'\n    at callback (http://localhost:41941/__cypress/runner/cypress_runner.js:136947:20)\n    at getRet (http://localhost:41941/__cypress/runner/cypress_runner.js:136585:16)\n    at tryCatcher (http://localhost:41941/__cypress/runner/cypress_runner.js:167415:23)\n    at Function.Promise.attempt.Promise.try (http://localhost:41941/__cypress/runner/cypress_runner.js:164690:29)\n    at thenFn (http://localhost:41941/__cypress/runner/cypress_runner.js:136599:23)\n    at yieldItem (http://localhost:41941/__cypress/runner/cypress_runner.js:136954:16)\n    at tryCatcher (http://localhost:41941/__cypress/runner/cypress_runner.js:167415:23)\n    at Object.gotValue (http://localhost:41941/__cypress/runner/cypress_runner.js:166557:18)\n    at Object.gotAccum (http://localhost:41941/__cypress/runner/cypress_runner.js:166546:25)\n    at Object.tryCatcher (http://localhost:41941/__cypress/runner/cypress_runner.js:167415:23)\n    at Promise._settlePromiseFromHandler (http://localhost:41941/__cypress/runner/cypress_runner.js:165351:31)\n    at Promise._settlePromise (http://localhost:41941/__cypress/runner/cypress_runner.js:165408:18)\n    at Promise._settlePromiseCtx (http://localhost:41941/__cypress/runner/cypress_runner.js:165445:10)\n    at Async../node_modules/bluebird/js/release/async.js.Async._drainQueue (http://localhost:41941/__cypress/runner/cypress_runner.js:162145:12)\n    at Async../node_modules/bluebird/js/release/async.js.Async._drainQueues (http://localhost:41941/__cypress/runner/cypress_runner.js:162150:10)\n    at Async.drainQueues (http://localhost:41941/__cypress/runner/cypress_runner.js:162024:14)",
                "diff": "- 'rgba(0, 0, 0, 0)'\n+ 'rgb(255, 255, 255)'\n"
              },
              "uuid": "d9d96792-32f5-4e57-9a02-bd08c07559be",
              "parentUUID": "8b7e41af-04f0-42bc-82a5-c60bb2d24135",
              "isHook": false,
              "skipped": false
            },
            {
              "title": "Verifica se 40 pixels é o tamanho total do elemento, incluindo seu conteúdo e excluindo a borda preta, que deve ser criada à parte.",
              "fullTitle": "5 - Faça com que cada elemento do quadro de pixels possua 40 pixels de largura, 40 pixels de altura e seja delimitado por uma borda preta de 1 pixel. Verifica se 40 pixels é o tamanho total do elemento, incluindo seu conteúdo e excluindo a borda preta, que deve ser criada à parte.",
              "timedOut": null,
              "duration": 4247,
              "state": "failed",
              "speed": null,
              "pass": false,
              "fail": true,
              "pending": false,
              "context": null,
              "code": "cy.get('.pixel').each(function (pixel) {\n  cy.wrap(pixel).should('have.css', 'height', '40px').and('have.css', 'width', '40px').and('have.css', 'border', \"1px solid \".concat(BLACK));\n});",
              "err": {
                "message": "CypressError: Timed out retrying: expected '<div.pixel>' to have CSS property 'height' with the value '40px', but the value was '30px'",
                "estack": "CypressError: Timed out retrying: expected '<div.pixel>' to have CSS property 'height' with the value '40px', but the value was '30px'\n    at cypressErr (http://localhost:41941/__cypress/runner/cypress_runner.js:149934:9)\n    at throwErr (http://localhost:41941/__cypress/runner/cypress_runner.js:149867:11)\n    at Object.throwErrByPath (http://localhost:41941/__cypress/runner/cypress_runner.js:149915:3)\n    at retry (http://localhost:41941/__cypress/runner/cypress_runner.js:144197:19)\n    at onFailFn (http://localhost:41941/__cypress/runner/cypress_runner.js:132448:16)\n    at tryCatcher (http://localhost:41941/__cypress/runner/cypress_runner.js:167415:23)\n    at Promise._settlePromiseFromHandler (http://localhost:41941/__cypress/runner/cypress_runner.js:165351:31)\n    at Promise._settlePromise (http://localhost:41941/__cypress/runner/cypress_runner.js:165408:18)\n    at Promise._settlePromise0 (http://localhost:41941/__cypress/runner/cypress_runner.js:165453:10)\n    at Promise._settlePromises (http://localhost:41941/__cypress/runner/cypress_runner.js:165528:18)\n    at Async../node_modules/bluebird/js/release/async.js.Async._drainQueue (http://localhost:41941/__cypress/runner/cypress_runner.js:162140:16)\n    at Async../node_modules/bluebird/js/release/async.js.Async._drainQueues (http://localhost:41941/__cypress/runner/cypress_runner.js:162150:10)\n    at Async.drainQueues (http://localhost:41941/__cypress/runner/cypress_runner.js:162024:14)",
                "diff": null
              },
              "uuid": "343ab4fd-7858-432d-a8e4-023b53930946",
              "parentUUID": "8b7e41af-04f0-42bc-82a5-c60bb2d24135",
              "isHook": false,
              "skipped": false
            }
          ],
          "suites": [],
          "passes": [],
          "failures": [
            "d9d96792-32f5-4e57-9a02-bd08c07559be",
            "343ab4fd-7858-432d-a8e4-023b53930946"
          ],
          "pending": [],
          "skipped": [],
          "duration": 4620,
          "root": false,
          "rootEmpty": false,
          "_timeout": 2000
        },
        {
          "uuid": "10c67807-29d1-4560-9335-87ac031453ca",
          "title": "6 - Defina a cor preta como cor inicial. Ao carregar a página a cor preta já deve estar selecionada para pintar os pixels",
          "fullFile": "",
          "file": "",
          "beforeHooks": [],
          "afterHooks": [],
          "tests": [
            {
              "title": "Verifica se o elemento da cor preta possui, inicialmente, a `classe` `selected`",
              "fullTitle": "6 - Defina a cor preta como cor inicial. Ao carregar a página a cor preta já deve estar selecionada para pintar os pixels Verifica se o elemento da cor preta possui, inicialmente, a `classe` `selected`",
              "timedOut": null,
              "duration": 4267,
              "state": "failed",
              "speed": null,
              "pass": false,
              "fail": true,
              "pending": false,
              "context": null,
              "code": "cy.get('.selected').first().should('have.css', 'background-color', BLACK);",
              "err": {
                "message": "CypressError: Timed out retrying: Expected to find element: '.selected', but never found it.",
                "estack": "CypressError: Timed out retrying: Expected to find element: '.selected', but never found it.\n    at cypressErr (http://localhost:41941/__cypress/runner/cypress_runner.js:149934:9)\n    at throwErr (http://localhost:41941/__cypress/runner/cypress_runner.js:149867:11)\n    at Object.throwErrByPath (http://localhost:41941/__cypress/runner/cypress_runner.js:149915:3)\n    at retry (http://localhost:41941/__cypress/runner/cypress_runner.js:144197:19)\n    at onFailFn (http://localhost:41941/__cypress/runner/cypress_runner.js:132448:16)\n    at tryCatcher (http://localhost:41941/__cypress/runner/cypress_runner.js:167415:23)\n    at Promise._settlePromiseFromHandler (http://localhost:41941/__cypress/runner/cypress_runner.js:165351:31)\n    at Promise._settlePromise (http://localhost:41941/__cypress/runner/cypress_runner.js:165408:18)\n    at Promise._settlePromise0 (http://localhost:41941/__cypress/runner/cypress_runner.js:165453:10)\n    at Promise._settlePromises (http://localhost:41941/__cypress/runner/cypress_runner.js:165528:18)\n    at Async../node_modules/bluebird/js/release/async.js.Async._drainQueue (http://localhost:41941/__cypress/runner/cypress_runner.js:162140:16)\n    at Async../node_modules/bluebird/js/release/async.js.Async._drainQueues (http://localhost:41941/__cypress/runner/cypress_runner.js:162150:10)\n    at Async.drainQueues (http://localhost:41941/__cypress/runner/cypress_runner.js:162024:14)",
                "diff": null
              },
              "uuid": "907d5569-3ac0-4bec-8d5f-81129dcdc255",
              "parentUUID": "10c67807-29d1-4560-9335-87ac031453ca",
              "isHook": false,
              "skipped": false
            },
            {
              "title": "Verifica se nenhuma outra cor da paleta tem a `classe` `selected`",
              "fullTitle": "6 - Defina a cor preta como cor inicial. Ao carregar a página a cor preta já deve estar selecionada para pintar os pixels Verifica se nenhuma outra cor da paleta tem a `classe` `selected`",
              "timedOut": null,
              "duration": 131,
              "state": "passed",
              "speed": "slow",
              "pass": true,
              "fail": false,
              "pending": false,
              "context": null,
              "code": "cy.get('.color:not(:first-child)').each(function (color) {\n  cy.wrap(color).should('not.have.class', 'selected');\n});",
              "err": {},
              "uuid": "874f6bd3-2caa-43d1-9bff-f56768cc997b",
              "parentUUID": "10c67807-29d1-4560-9335-87ac031453ca",
              "isHook": false,
              "skipped": false
            }
          ],
          "suites": [],
          "passes": [
            "874f6bd3-2caa-43d1-9bff-f56768cc997b"
          ],
          "failures": [
            "907d5569-3ac0-4bec-8d5f-81129dcdc255"
          ],
          "pending": [],
          "skipped": [],
          "duration": 4398,
          "root": false,
          "rootEmpty": false,
          "_timeout": 2000
        },
        {
          "uuid": "c3bd4253-5671-40c6-8f28-4e5e65c88b29",
          "title": "7 - Clicar em uma das cores da paleta, faz com que ela seja selecionada e utilizada para preencher os pixels no quadro.",
          "fullFile": "",
          "file": "",
          "beforeHooks": [],
          "afterHooks": [],
          "tests": [
            {
              "title": "Verifica se somente uma cor da paleta de cores tem a classe `selected` de cada vez",
              "fullTitle": "7 - Clicar em uma das cores da paleta, faz com que ela seja selecionada e utilizada para preencher os pixels no quadro. Verifica se somente uma cor da paleta de cores tem a classe `selected` de cada vez",
              "timedOut": null,
              "duration": 464,
              "state": "failed",
              "speed": null,
              "pass": false,
              "fail": true,
              "pending": false,
              "context": null,
              "code": "cy.get('.color').each(function (selectedColor, selectedColorIndex) {\n  cy.wrap(selectedColor).click();\n  cy.get('.color').each(function (color, colorIndex) {\n    if (colorIndex === selectedColorIndex) {\n      expect(color).to.have[\"class\"]('selected');\n    } else {\n      expect(color).not.to.have[\"class\"]('selected');\n    }\n  });\n});",
              "err": {
                "message": "AssertionError: expected '<div#palette1.color>' to have class 'selected'",
                "estack": "AssertionError: expected '<div#palette1.color>' to have class 'selected'\n    at callback (http://localhost:41941/__cypress/runner/cypress_runner.js:136947:20)\n    at getRet (http://localhost:41941/__cypress/runner/cypress_runner.js:136585:16)\n    at tryCatcher (http://localhost:41941/__cypress/runner/cypress_runner.js:167415:23)\n    at Function.Promise.attempt.Promise.try (http://localhost:41941/__cypress/runner/cypress_runner.js:164690:29)\n    at thenFn (http://localhost:41941/__cypress/runner/cypress_runner.js:136599:23)\n    at yieldItem (http://localhost:41941/__cypress/runner/cypress_runner.js:136954:16)\n    at tryCatcher (http://localhost:41941/__cypress/runner/cypress_runner.js:167415:23)\n    at Object.gotValue (http://localhost:41941/__cypress/runner/cypress_runner.js:166557:18)\n    at Object.gotAccum (http://localhost:41941/__cypress/runner/cypress_runner.js:166546:25)\n    at Object.tryCatcher (http://localhost:41941/__cypress/runner/cypress_runner.js:167415:23)\n    at Promise._settlePromiseFromHandler (http://localhost:41941/__cypress/runner/cypress_runner.js:165351:31)\n    at Promise._settlePromise (http://localhost:41941/__cypress/runner/cypress_runner.js:165408:18)\n    at Promise._settlePromiseCtx (http://localhost:41941/__cypress/runner/cypress_runner.js:165445:10)\n    at Async../node_modules/bluebird/js/release/async.js.Async._drainQueue (http://localhost:41941/__cypress/runner/cypress_runner.js:162145:12)\n    at Async../node_modules/bluebird/js/release/async.js.Async._drainQueues (http://localhost:41941/__cypress/runner/cypress_runner.js:162150:10)\n    at Async.drainQueues (http://localhost:41941/__cypress/runner/cypress_runner.js:162024:14)",
                "diff": "- { '0': <div id=\"palette1\" class=\"color\"></div>,\n-   length: 1,\n-   jquery: '3.1.1',\n-   constructor: \n-    { [Function: jQuery]\n-      fn: \n-       { jquery: '3.1.1',\n-         constructor: [Circular],\n-         length: 0,\n-         toArray: [Function: toArray],\n-         get: [Function: get],\n-         pushStack: [Function: pushStack],\n-         each: [Function: each],\n-         map: [Function: map],\n-         slice: [Function: slice],\n-         first: [Function: first],\n-         last: [Function: last],\n-         eq: [Function: eq],\n-         end: [Function: end],\n-         push: [Function: push],\n-         sort: [Function: sort],\n-         splice: [Function: splice],\n-         extend: [Function],\n-         find: [Function: find],\n-         filter: [Function: filter],\n-         not: [Function: not],\n-         is: [Function: is],\n-         init: [Function],\n-         has: [Function: has],\n-         closest: [Function: closest],\n-         index: [Function: index],\n-         add: [Function: add],\n-         addBack: [Function: addBack],\n-         parent: [Function],\n-         parents: [Function],\n-         parentsUntil: [Function],\n-         next: [Function],\n-         prev: [Function],\n-         nextAll: [Function],\n-         prevAll: [Function],\n-         nextUntil: [Function],\n-         prevUntil: [Function],\n-         siblings: [Function],\n-         children: [Function],\n-         contents: [Function],\n-         ready: [Function],\n-         data: [Function: data],\n-         removeData: [Function: removeData],\n-         queue: [Function: queue],\n-         dequeue: [Function: dequeue],\n-         clearQueue: [Function: clearQueue],\n-         promise: [Function: promise],\n-         show: [Function],\n-         hide: [Function],\n-         toggle: [Function],\n-         on: [Function: on],\n-         one: [Function: one],\n-         off: [Function: off],\n-         detach: [Function: detach],\n-         remove: [Function: remove],\n-         text: [Function: text],\n-         append: [Function: append],\n-         prepend: [Function: prepend],\n-         before: [Function: before],\n-         after: [Function: after],\n-         empty: [Function: empty],\n-         clone: [Function: clone],\n-         html: [Function: html],\n-         replaceWith: [Function: replaceWith],\n-         appendTo: [Function],\n-         prependTo: [Function],\n-         insertBefore: [Function],\n-         insertAfter: [Function],\n-         replaceAll: [Function],\n-         css: [Function: css],\n-         fadeTo: [Function: fadeTo],\n-         animate: [Function: animate],\n-         stop: [Function: stop],\n-         finish: [Function: finish],\n-         slideDown: [Function],\n-         slideUp: [Function],\n-         slideToggle: [Function],\n-         fadeIn: [Function],\n-         fadeOut: [Function],\n-         fadeToggle: [Function],\n-         delay: [Function],\n-         attr: [Function: attr],\n-         removeAttr: [Function: removeAttr],\n-         prop: [Function: prop],\n-         removeProp: [Function: removeProp],\n-         addClass: [Function: addClass],\n-         removeClass: [Function: removeClass],\n-         toggleClass: [Function: toggleClass],\n-         hasClass: [Function: hasClass],\n-         val: [Function: val],\n-         trigger: [Function: trigger],\n-         triggerHandler: [Function: triggerHandler],\n-         blur: [Function],\n-         focus: [Function],\n-         focusin: [Function],\n-         focusout: [Function],\n-         resize: [Function],\n-         scroll: [Function],\n-         click: [Function],\n-         dblclick: [Function],\n-         mousedown: [Function],\n-         mouseup: [Function],\n-         mousemove: [Function],\n-         mouseover: [Function],\n-         mouseout: [Function],\n-         mouseenter: [Function],\n-         mouseleave: [Function],\n-         change: [Function],\n-         select: [Function],\n-         submit: [Function],\n-         keydown: [Function],\n-         keypress: [Function],\n-         keyup: [Function],\n-         contextmenu: [Function],\n-         hover: [Function: hover],\n-         serialize: [Function: serialize],\n-         serializeArray: [Function: serializeArray],\n-         wrapAll: [Function: wrapAll],\n-         wrapInner: [Function: wrapInner],\n-         wrap: [Function: wrap],\n-         unwrap: [Function: unwrap],\n-         load: [Function],\n-         ajaxStart: [Function],\n-         ajaxStop: [Function],\n-         ajaxComplete: [Function],\n-         ajaxError: [Function],\n-         ajaxSuccess: [Function],\n-         ajaxSend: [Function],\n-         offset: [Function: offset],\n-         position: [Function: position],\n-         offsetParent: [Function: offsetParent],\n-         scrollLeft: [Function],\n-         scrollTop: [Function],\n-         innerHeight: [Function],\n-         height: [Function],\n-         outerHeight: [Function],\n-         innerWidth: [Function],\n-         width: [Function],\n-         outerWidth: [Function],\n-         bind: [Function: bind],\n-         unbind: [Function: unbind],\n-         delegate: [Function: delegate],\n-         undelegate: [Function: undelegate],\n-         scrollTo: [Function] },\n-      extend: [Function],\n-      expando: 'jQuery31104484574442158662',\n-      isReady: true,\n-      error: [Function: error],\n-      noop: [Function: noop],\n-      isFunction: [Function: isFunction],\n-      isArray: [Function: isArray],\n-      isWindow: [Function: isWindow],\n-      isNumeric: [Function: isNumeric],\n-      isPlainObject: [Function: isPlainObject],\n-      isEmptyObject: [Function: isEmptyObject],\n-      type: [Function: type],\n-      globalEval: [Function: globalEval],\n-      camelCase: [Function: camelCase],\n-      nodeName: [Function: nodeName],\n-      each: [Function: each],\n-      trim: [Function: trim],\n-      makeArray: [Function: makeArray],\n-      inArray: [Function: inArray],\n-      merge: [Function: merge],\n-      grep: [Function: grep],\n-      map: [Function: map],\n-      guid: 7,\n-      proxy: [Function: proxy],\n-      now: [Function: now],\n-      support: \n-       { checkClone: true,\n-         noCloneChecked: true,\n-         clearCloneStyle: true,\n-         pixelPosition: [Function: pixelPosition],\n-         boxSizingReliable: [Function: boxSizingReliable],\n-         pixelMarginRight: [Function: pixelMarginRight],\n-         reliableMarginLeft: [Function: reliableMarginLeft],\n-         checkOn: true,\n-         optSelected: true,\n-         radioValue: true,\n-         focusin: false,\n-         cors: true,\n-         ajax: true,\n-         createHTMLDocument: true },\n-      find: \n-       { [Function: Sizzle]\n-         support: [Object],\n-         isXML: [Function],\n-         setDocument: [Function],\n-         matches: [Function],\n-         matchesSelector: [Function],\n-         contains: [Function],\n-         attr: [Function],\n-         escape: [Function],\n-         error: [Function],\n-         uniqueSort: [Function],\n-         getText: [Function],\n-         selectors: [Object],\n-         tokenize: [Function],\n-         compile: [Function],\n-         select: [Function] },\n-      expr: \n-       { cacheLength: 1,\n-         createPseudo: [Function: markFunction],\n-         match: [Object],\n-         attrHandle: [Object],\n-         find: [Object],\n-         relative: [Object],\n-         preFilter: [Object],\n-         filter: [Object],\n-         pseudos: [Object],\n-         filters: [Object],\n-         setFilters: [Object],\n-         ':': [Object] },\n-      unique: [Function],\n-      uniqueSort: [Function],\n-      text: [Function],\n-      isXMLDoc: [Function],\n-      contains: [Function],\n-      escapeSelector: [Function],\n-      filter: [Function],\n-      Callbacks: [Function],\n-      Deferred: { [Function: Deferred] exceptionHook: [Function] },\n-      when: [Function: when],\n-      readyException: [Function],\n-      readyWait: 0,\n-      holdReady: [Function: holdReady],\n-      ready: { [Function: ready] then: [Function: then] },\n-      hasData: [Function: hasData],\n-      data: [Function: data],\n-      removeData: [Function: removeData],\n-      _data: [Function: _data],\n-      _removeData: [Function: _removeData],\n-      queue: [Function: queue],\n-      dequeue: [Function: dequeue],\n-      _queueHooks: [Function: _queueHooks],\n-      event: \n-       { global: [Object],\n-         add: [Function: add],\n-         remove: [Function: remove],\n-         dispatch: [Function: dispatch],\n-         handlers: [Function: handlers],\n-         addProp: [Function: addProp],\n-         fix: [Function: fix],\n-         special: [Object],\n-         trigger: [Function: trigger],\n-         simulate: [Function: simulate] },\n-      removeEvent: [Function],\n-      Event: [Function],\n-      htmlPrefilter: [Function: htmlPrefilter],\n-      clone: [Function: clone],\n-      cleanData: [Function: cleanData],\n-      cssHooks: \n-       { opacity: [Object],\n-         height: [Object],\n-         width: [Object],\n-         marginLeft: [Object],\n-         margin: [Object],\n-         padding: [Object],\n-         borderWidth: [Object],\n-         top: [Object],\n-         left: [Object] },\n-      cssNumber: \n-       { animationIterationCount: true,\n-         columnCount: true,\n-         fillOpacity: true,\n-         flexGrow: true,\n-         flexShrink: true,\n-         fontWeight: true,\n-         lineHeight: true,\n-         opacity: true,\n-         order: true,\n-         orphans: true,\n-         widows: true,\n-         zIndex: true,\n-         zoom: true },\n-      cssProps: \n-       { float: 'cssFloat',\n-         width: 'width',\n-         display: 'display',\n-         boxSizing: 'boxSizing',\n-         height: 'height',\n-         overflow: 'overflow',\n-         overflowY: 'overflowY',\n-         overflowX: 'overflowX',\n-         visibility: 'visibility',\n-         position: 'position',\n-         backgroundColor: 'backgroundColor',\n-         border: 'border',\n-         paddingRight: 'paddingRight',\n-         borderRightWidth: 'borderRightWidth',\n-         paddingLeft: 'paddingLeft',\n-         borderLeftWidth: 'borderLeftWidth',\n-         paddingTop: 'paddingTop',\n-         borderTopWidth: 'borderTopWidth',\n-         paddingBottom: 'paddingBottom',\n-         borderBottomWidth: 'borderBottomWidth' },\n-      style: [Function: style],\n-      css: [Function: css],\n-      Tween: { [Function: Tween] propHooks: [Object] },\n-      easing: \n-       { linear: [Function: linear],\n-         swing: [Function: swing],\n-         _default: 'swing' },\n-      fx: \n-       { [Function: init]\n-         step: {},\n-         tick: [Function],\n-         timer: [Function],\n-         interval: 13,\n-         start: [Function],\n-         stop: [Function],\n-         speeds: [Object] },\n-      Animation: \n-       { [Function: Animation]\n-         tweeners: [Object],\n-         tweener: [Function: tweener],\n-         prefilters: [Object],\n-         prefilter: [Function: prefilter] },\n-      speed: [Function],\n-      timers: [],\n-      attr: [Function: attr],\n-      attrHooks: { type: [Object] },\n-      removeAttr: [Function: removeAttr],\n-      prop: [Function: prop],\n-      propHooks: { tabIndex: [Object] },\n-      propFix: \n-       { for: 'htmlFor',\n-         class: 'className',\n-         tabindex: 'tabIndex',\n-         readonly: 'readOnly',\n-         maxlength: 'maxLength',\n-         cellspacing: 'cellSpacing',\n-         cellpadding: 'cellPadding',\n-         rowspan: 'rowSpan',\n-         colspan: 'colSpan',\n-         usemap: 'useMap',\n-         frameborder: 'frameBorder',\n-         contenteditable: 'contentEditable' },\n-      valHooks: \n-       { option: [Object],\n-         select: [Object],\n-         radio: [Object],\n-         checkbox: [Object] },\n-      parseXML: [Function],\n-      param: [Function],\n-      active: 0,\n-      lastModified: {},\n-      etag: {},\n-      ajaxSettings: \n-       { url: 'http://localhost:41941/__/#/tests/integration/project.spec.js',\n-         type: 'GET',\n-         isLocal: false,\n-         global: true,\n-         processData: true,\n-         async: true,\n-         contentType: 'application/x-www-form-urlencoded; charset=UTF-8',\n-         accepts: [Object],\n-         contents: [Object],\n-         responseFields: [Object],\n-         converters: [Object],\n-         flatOptions: [Object],\n-         xhr: [Function],\n-         jsonp: 'callback',\n-         jsonpCallback: [Function: jsonpCallback],\n-         cache: false },\n-      ajaxSetup: [Function: ajaxSetup],\n-      ajaxPrefilter: [Function],\n-      ajaxTransport: [Function],\n-      ajax: [Function: ajax],\n-      getJSON: [Function: getJSON],\n-      getScript: [Function: getScript],\n-      get: [Function],\n-      post: [Function],\n-      _evalUrl: [Function],\n-      parseHTML: [Function],\n-      offset: { setOffset: [Function: setOffset] },\n-      parseJSON: [Function: parse],\n-      noConflict: [Function],\n-      scrollTo: { [Function] defaults: [Object], max: [Function] } },\n-   toArray: [Function: toArray],\n-   get: [Function: get],\n-   pushStack: [Function: pushStack],\n-   each: [Function: each],\n-   map: [Function: map],\n-   slice: [Function: slice],\n-   first: [Function: first],\n-   last: [Function: last],\n-   eq: [Function: eq],\n-   end: [Function: end],\n-   push: [Function: push],\n-   sort: [Function: sort],\n-   splice: [Function: splice],\n-   extend: [Function],\n-   find: [Function: find],\n-   filter: [Function: filter],\n-   not: [Function: not],\n-   is: [Function: is],\n-   init: [Function],\n-   has: [Function: has],\n-   closest: [Function: closest],\n-   index: [Function: index],\n-   add: [Function: add],\n-   addBack: [Function: addBack],\n-   parent: [Function],\n-   parents: [Function],\n-   parentsUntil: [Function],\n-   next: [Function],\n-   prev: [Function],\n-   nextAll: [Function],\n-   prevAll: [Function],\n-   nextUntil: [Function],\n-   prevUntil: [Function],\n-   siblings: [Function],\n-   children: [Function],\n-   contents: [Function],\n-   ready: [Function],\n-   data: [Function: data],\n-   removeData: [Function: removeData],\n-   queue: [Function: queue],\n-   dequeue: [Function: dequeue],\n-   clearQueue: [Function: clearQueue],\n-   promise: [Function: promise],\n-   show: [Function],\n-   hide: [Function],\n-   toggle: [Function],\n-   on: [Function: on],\n-   one: [Function: one],\n-   off: [Function: off],\n-   detach: [Function: detach],\n-   remove: [Function: remove],\n-   text: [Function: text],\n-   append: [Function: append],\n-   prepend: [Function: prepend],\n-   before: [Function: before],\n-   after: [Function: after],\n-   empty: [Function: empty],\n-   clone: [Function: clone],\n-   html: [Function: html],\n-   replaceWith: [Function: replaceWith],\n-   appendTo: [Function],\n-   prependTo: [Function],\n-   insertBefore: [Function],\n-   insertAfter: [Function],\n-   replaceAll: [Function],\n-   css: [Function: css],\n-   fadeTo: [Function: fadeTo],\n-   animate: [Function: animate],\n-   stop: [Function: stop],\n-   finish: [Function: finish],\n-   slideDown: [Function],\n-   slideUp: [Function],\n-   slideToggle: [Function],\n-   fadeIn: [Function],\n-   fadeOut: [Function],\n-   fadeToggle: [Function],\n-   delay: [Function],\n-   attr: [Function: attr],\n-   removeAttr: [Function: removeAttr],\n-   prop: [Function: prop],\n-   removeProp: [Function: removeProp],\n-   addClass: [Function: addClass],\n-   removeClass: [Function: removeClass],\n-   toggleClass: [Function: toggleClass],\n-   hasClass: [Function: hasClass],\n-   val: [Function: val],\n-   trigger: [Function: trigger],\n-   triggerHandler: [Function: triggerHandler],\n-   blur: [Function],\n-   focus: [Function],\n-   focusin: [Function],\n-   focusout: [Function],\n-   resize: [Function],\n-   scroll: [Function],\n-   click: [Function],\n-   dblclick: [Function],\n-   mousedown: [Function],\n-   mouseup: [Function],\n-   mousemove: [Function],\n-   mouseover: [Function],\n-   mouseout: [Function],\n-   mouseenter: [Function],\n-   mouseleave: [Function],\n-   change: [Function],\n-   select: [Function],\n-   submit: [Function],\n-   keydown: [Function],\n-   keypress: [Function],\n-   keyup: [Function],\n-   contextmenu: [Function],\n-   hover: [Function: hover],\n-   serialize: [Function: serialize],\n-   serializeArray: [Function: serializeArray],\n-   wrapAll: [Function: wrapAll],\n-   wrapInner: [Function: wrapInner],\n-   wrap: [Function: wrap],\n-   unwrap: [Function: unwrap],\n-   load: [Function],\n-   ajaxStart: [Function],\n-   ajaxStop: [Function],\n-   ajaxComplete: [Function],\n-   ajaxError: [Function],\n-   ajaxSuccess: [Function],\n-   ajaxSend: [Function],\n-   offset: [Function: offset],\n-   position: [Function: position],\n-   offsetParent: [Function: offsetParent],\n-   scrollLeft: [Function],\n-   scrollTop: [Function],\n-   innerHeight: [Function],\n-   height: [Function],\n-   outerHeight: [Function],\n-   innerWidth: [Function],\n-   width: [Function],\n-   outerWidth: [Function],\n-   bind: [Function: bind],\n-   unbind: [Function: unbind],\n-   delegate: [Function: delegate],\n-   undelegate: [Function: undelegate],\n-   scrollTo: [Function] }\n+ 'selected'\n"
              },
              "uuid": "5b724788-b0c8-4672-9b78-714cabdf64f7",
              "parentUUID": "c3bd4253-5671-40c6-8f28-4e5e65c88b29",
              "isHook": false,
              "skipped": false
            },
            {
              "title": "Verifica se os pixels dentro do quadro não têm a classe `selected` quando são clicados",
              "fullTitle": "7 - Clicar em uma das cores da paleta, faz com que ela seja selecionada e utilizada para preencher os pixels no quadro. Verifica se os pixels dentro do quadro não têm a classe `selected` quando são clicados",
              "timedOut": null,
              "duration": 9104,
              "state": "passed",
              "speed": "slow",
              "pass": true,
              "fail": false,
              "pending": false,
              "context": null,
              "code": "cy.get('.color').each(function (color) {\n  var backgroundColor = color.css('background-color');\n  cy.wrap(color).click();\n  cy.get('.pixel').each(function (pixel) {\n    cy.wrap(pixel).click().should('not.have.class', 'selected');\n  });\n});",
              "err": {},
              "uuid": "673fed28-baf4-44bf-a085-076a85881379",
              "parentUUID": "c3bd4253-5671-40c6-8f28-4e5e65c88b29",
              "isHook": false,
              "skipped": false
            }
          ],
          "suites": [],
          "passes": [
            "673fed28-baf4-44bf-a085-076a85881379"
          ],
          "failures": [
            "5b724788-b0c8-4672-9b78-714cabdf64f7"
          ],
          "pending": [],
          "skipped": [],
          "duration": 9568,
          "root": false,
          "rootEmpty": false,
          "_timeout": 2000
        },
        {
          "uuid": "1cc18a75-e522-43b4-b6f9-2c3bd0fbc631",
          "title": "8 - Clicar em um pixel dentro do quadro após selecionar uma cor na paleta, faz com que o pixel seja preenchido com a cor selecionada.",
          "fullFile": "",
          "file": "",
          "beforeHooks": [],
          "afterHooks": [],
          "tests": [
            {
              "title": "Verifica se ao carregar a página deve ser possível pintar os pixels de preto",
              "fullTitle": "8 - Clicar em um pixel dentro do quadro após selecionar uma cor na paleta, faz com que o pixel seja preenchido com a cor selecionada. Verifica se ao carregar a página deve ser possível pintar os pixels de preto",
              "timedOut": null,
              "duration": 4344,
              "state": "failed",
              "speed": null,
              "pass": false,
              "fail": true,
              "pending": false,
              "context": null,
              "code": "cy.get('.pixel').each(function (pixel) {\n  cy.wrap(pixel).click().should('have.css', 'background-color', BLACK);\n});",
              "err": {
                "message": "CypressError: Timed out retrying: expected '<div.pixel>' to have CSS property 'background-color' with the value 'rgb(0, 0, 0)', but the value was 'rgba(0, 0, 0, 0)'",
                "estack": "CypressError: Timed out retrying: expected '<div.pixel>' to have CSS property 'background-color' with the value 'rgb(0, 0, 0)', but the value was 'rgba(0, 0, 0, 0)'\n    at cypressErr (http://localhost:41941/__cypress/runner/cypress_runner.js:149934:9)\n    at throwErr (http://localhost:41941/__cypress/runner/cypress_runner.js:149867:11)\n    at Object.throwErrByPath (http://localhost:41941/__cypress/runner/cypress_runner.js:149915:3)\n    at retry (http://localhost:41941/__cypress/runner/cypress_runner.js:144197:19)\n    at onFailFn (http://localhost:41941/__cypress/runner/cypress_runner.js:132448:16)\n    at tryCatcher (http://localhost:41941/__cypress/runner/cypress_runner.js:167415:23)\n    at Promise._settlePromiseFromHandler (http://localhost:41941/__cypress/runner/cypress_runner.js:165351:31)\n    at Promise._settlePromise (http://localhost:41941/__cypress/runner/cypress_runner.js:165408:18)\n    at Promise._settlePromise0 (http://localhost:41941/__cypress/runner/cypress_runner.js:165453:10)\n    at Promise._settlePromises (http://localhost:41941/__cypress/runner/cypress_runner.js:165528:18)\n    at Async../node_modules/bluebird/js/release/async.js.Async._drainQueue (http://localhost:41941/__cypress/runner/cypress_runner.js:162140:16)\n    at Async../node_modules/bluebird/js/release/async.js.Async._drainQueues (http://localhost:41941/__cypress/runner/cypress_runner.js:162150:10)\n    at Async.drainQueues (http://localhost:41941/__cypress/runner/cypress_runner.js:162024:14)",
                "diff": null
              },
              "uuid": "ae30b8c2-3cf6-4217-8b3e-035001015b62",
              "parentUUID": "1cc18a75-e522-43b4-b6f9-2c3bd0fbc631",
              "isHook": false,
              "skipped": false
            },
            {
              "title": "Verifica se após selecionar uma outra cor na paleta, é possível pintar os pixels com essa cor",
              "fullTitle": "8 - Clicar em um pixel dentro do quadro após selecionar uma cor na paleta, faz com que o pixel seja preenchido com a cor selecionada. Verifica se após selecionar uma outra cor na paleta, é possível pintar os pixels com essa cor",
              "timedOut": null,
              "duration": 4407,
              "state": "failed",
              "speed": null,
              "pass": false,
              "fail": true,
              "pending": false,
              "context": null,
              "code": "cy.get('.color').each(function (color) {\n  var backgroundColor = color.css('background-color');\n  cy.wrap(color).click();\n  cy.get('.pixel').each(function (pixel) {\n    cy.wrap(pixel).click().should('have.css', 'background-color', backgroundColor);\n  });\n});",
              "err": {
                "message": "CypressError: Timed out retrying: expected '<div.pixel>' to have CSS property 'background-color' with the value 'rgb(0, 0, 0)', but the value was 'rgba(0, 0, 0, 0)'",
                "estack": "CypressError: Timed out retrying: expected '<div.pixel>' to have CSS property 'background-color' with the value 'rgb(0, 0, 0)', but the value was 'rgba(0, 0, 0, 0)'\n    at cypressErr (http://localhost:41941/__cypress/runner/cypress_runner.js:149934:9)\n    at throwErr (http://localhost:41941/__cypress/runner/cypress_runner.js:149867:11)\n    at Object.throwErrByPath (http://localhost:41941/__cypress/runner/cypress_runner.js:149915:3)\n    at retry (http://localhost:41941/__cypress/runner/cypress_runner.js:144197:19)\n    at onFailFn (http://localhost:41941/__cypress/runner/cypress_runner.js:132448:16)\n    at tryCatcher (http://localhost:41941/__cypress/runner/cypress_runner.js:167415:23)\n    at Promise._settlePromiseFromHandler (http://localhost:41941/__cypress/runner/cypress_runner.js:165351:31)\n    at Promise._settlePromise (http://localhost:41941/__cypress/runner/cypress_runner.js:165408:18)\n    at Promise._settlePromise0 (http://localhost:41941/__cypress/runner/cypress_runner.js:165453:10)\n    at Promise._settlePromises (http://localhost:41941/__cypress/runner/cypress_runner.js:165528:18)\n    at Async../node_modules/bluebird/js/release/async.js.Async._drainQueue (http://localhost:41941/__cypress/runner/cypress_runner.js:162140:16)\n    at Async../node_modules/bluebird/js/release/async.js.Async._drainQueues (http://localhost:41941/__cypress/runner/cypress_runner.js:162150:10)\n    at Async.drainQueues (http://localhost:41941/__cypress/runner/cypress_runner.js:162024:14)",
                "diff": null
              },
              "uuid": "056d0c5b-34b7-4889-8061-8fb2b62a542c",
              "parentUUID": "1cc18a75-e522-43b4-b6f9-2c3bd0fbc631",
              "isHook": false,
              "skipped": false
            },
            {
              "title": "Verifica se somente o pixel que foi clicado foi preenchido com a cor selecionada, sem influenciar na cor dos demais pixels.",
              "fullTitle": "8 - Clicar em um pixel dentro do quadro após selecionar uma cor na paleta, faz com que o pixel seja preenchido com a cor selecionada. Verifica se somente o pixel que foi clicado foi preenchido com a cor selecionada, sem influenciar na cor dos demais pixels.",
              "timedOut": null,
              "duration": 1304,
              "state": "passed",
              "speed": "slow",
              "pass": true,
              "fail": false,
              "pending": false,
              "context": null,
              "code": "var colorToPixelIndexMap = {\n  0: 6,\n  1: 8,\n  2: 16,\n  3: 18\n};\ncy.get('.color').each(function (color, index) {\n  cy.wrap(color).click();\n  var backgroundColor = color.css('background-color');\n  var clickedPixelIndex = colorToPixelIndexMap[index];\n  cy.get('.pixel').eq(clickedPixelIndex).click();\n  cy.get('.pixel').eq(clickedPixelIndex - 1).should('not.have.css', 'background-color', backgroundColor);\n  cy.get('.pixel').eq(clickedPixelIndex + 1).should('not.have.css', 'background-color', backgroundColor);\n  cy.get('.pixel').eq(clickedPixelIndex - 5).should('not.have.css', 'background-color', backgroundColor);\n  cy.get('.pixel').eq(clickedPixelIndex + 5).should('not.have.css', 'background-color', backgroundColor);\n  cy.get('.pixel').eq(clickedPixelIndex - 6).should('not.have.css', 'background-color', backgroundColor);\n  cy.get('.pixel').eq(clickedPixelIndex - 4).should('not.have.css', 'background-color', backgroundColor);\n  cy.get('.pixel').eq(clickedPixelIndex + 4).should('not.have.css', 'background-color', backgroundColor);\n  cy.get('.pixel').eq(clickedPixelIndex + 6).should('not.have.css', 'background-color', backgroundColor);\n});",
              "err": {},
              "uuid": "cbde04e3-b12b-44ae-a3c7-adefb9ebc0f3",
              "parentUUID": "1cc18a75-e522-43b4-b6f9-2c3bd0fbc631",
              "isHook": false,
              "skipped": false
            }
          ],
          "suites": [],
          "passes": [
            "cbde04e3-b12b-44ae-a3c7-adefb9ebc0f3"
          ],
          "failures": [
            "ae30b8c2-3cf6-4217-8b3e-035001015b62",
            "056d0c5b-34b7-4889-8061-8fb2b62a542c"
          ],
          "pending": [],
          "skipped": [],
          "duration": 10055,
          "root": false,
          "rootEmpty": false,
          "_timeout": 2000
        },
        {
          "uuid": "05e9fa44-7fd6-46b0-9210-e9766b835bd1",
          "title": "9 - Crie um botão que, ao ser clicado, limpa o quadro preenchendo a cor de todos seus pixels com branco.",
          "fullFile": "",
          "file": "",
          "beforeHooks": [],
          "afterHooks": [],
          "tests": [
            {
              "title": "Verifica se o botão tem o `id` denominado `clear-board`",
              "fullTitle": "9 - Crie um botão que, ao ser clicado, limpa o quadro preenchendo a cor de todos seus pixels com branco. Verifica se o botão tem o `id` denominado `clear-board`",
              "timedOut": null,
              "duration": 4290,
              "state": "failed",
              "speed": null,
              "pass": false,
              "fail": true,
              "pending": false,
              "context": null,
              "code": "cy.get('#clear-board').should('be.visible');",
              "err": {
                "message": "CypressError: Timed out retrying: Expected to find element: '#clear-board', but never found it.",
                "estack": "CypressError: Timed out retrying: Expected to find element: '#clear-board', but never found it.\n    at cypressErr (http://localhost:41941/__cypress/runner/cypress_runner.js:149934:9)\n    at throwErr (http://localhost:41941/__cypress/runner/cypress_runner.js:149867:11)\n    at Object.throwErrByPath (http://localhost:41941/__cypress/runner/cypress_runner.js:149915:3)\n    at retry (http://localhost:41941/__cypress/runner/cypress_runner.js:144197:19)\n    at onFailFn (http://localhost:41941/__cypress/runner/cypress_runner.js:132448:16)\n    at tryCatcher (http://localhost:41941/__cypress/runner/cypress_runner.js:167415:23)\n    at Promise._settlePromiseFromHandler (http://localhost:41941/__cypress/runner/cypress_runner.js:165351:31)\n    at Promise._settlePromise (http://localhost:41941/__cypress/runner/cypress_runner.js:165408:18)\n    at Promise._settlePromise0 (http://localhost:41941/__cypress/runner/cypress_runner.js:165453:10)\n    at Promise._settlePromises (http://localhost:41941/__cypress/runner/cypress_runner.js:165528:18)\n    at Async../node_modules/bluebird/js/release/async.js.Async._drainQueue (http://localhost:41941/__cypress/runner/cypress_runner.js:162140:16)\n    at Async../node_modules/bluebird/js/release/async.js.Async._drainQueues (http://localhost:41941/__cypress/runner/cypress_runner.js:162150:10)\n    at Async.drainQueues (http://localhost:41941/__cypress/runner/cypress_runner.js:162024:14)",
                "diff": null
              },
              "uuid": "19b3ea8c-0331-4511-90d0-1b66f654a642",
              "parentUUID": "05e9fa44-7fd6-46b0-9210-e9766b835bd1",
              "isHook": false,
              "skipped": false
            },
            {
              "title": "Verifica se o botão está posicionado entre a paleta de cores e o quadro de pixels",
              "fullTitle": "9 - Crie um botão que, ao ser clicado, limpa o quadro preenchendo a cor de todos seus pixels com branco. Verifica se o botão está posicionado entre a paleta de cores e o quadro de pixels",
              "timedOut": null,
              "duration": 4240,
              "state": "failed",
              "speed": null,
              "pass": false,
              "fail": true,
              "pending": false,
              "context": null,
              "code": "cy.get('#color-palette').then(function (palette) {\n  cy.get('#clear-board').should('be.belowOf', palette);\n});\ncy.get('#clear-board').then(function (clearBtn) {\n  cy.get('#pixel-board').should('be.belowOf', clearBtn);\n});",
              "err": {
                "message": "CypressError: Timed out retrying: Expected to find element: '#clear-board', but never found it.",
                "estack": "CypressError: Timed out retrying: Expected to find element: '#clear-board', but never found it.\n    at cypressErr (http://localhost:41941/__cypress/runner/cypress_runner.js:149934:9)\n    at throwErr (http://localhost:41941/__cypress/runner/cypress_runner.js:149867:11)\n    at Object.throwErrByPath (http://localhost:41941/__cypress/runner/cypress_runner.js:149915:3)\n    at retry (http://localhost:41941/__cypress/runner/cypress_runner.js:144197:19)\n    at onFailFn (http://localhost:41941/__cypress/runner/cypress_runner.js:132448:16)\n    at tryCatcher (http://localhost:41941/__cypress/runner/cypress_runner.js:167415:23)\n    at Promise._settlePromiseFromHandler (http://localhost:41941/__cypress/runner/cypress_runner.js:165351:31)\n    at Promise._settlePromise (http://localhost:41941/__cypress/runner/cypress_runner.js:165408:18)\n    at Promise._settlePromise0 (http://localhost:41941/__cypress/runner/cypress_runner.js:165453:10)\n    at Promise._settlePromises (http://localhost:41941/__cypress/runner/cypress_runner.js:165528:18)\n    at Async../node_modules/bluebird/js/release/async.js.Async._drainQueue (http://localhost:41941/__cypress/runner/cypress_runner.js:162140:16)\n    at Async../node_modules/bluebird/js/release/async.js.Async._drainQueues (http://localhost:41941/__cypress/runner/cypress_runner.js:162150:10)\n    at Async.drainQueues (http://localhost:41941/__cypress/runner/cypress_runner.js:162024:14)",
                "diff": null
              },
              "uuid": "95772928-d599-4087-ad1b-33bc28c6a92b",
              "parentUUID": "05e9fa44-7fd6-46b0-9210-e9766b835bd1",
              "isHook": false,
              "skipped": false
            },
            {
              "title": "Verifica se o texto do botão é 'Limpar'",
              "fullTitle": "9 - Crie um botão que, ao ser clicado, limpa o quadro preenchendo a cor de todos seus pixels com branco. Verifica se o texto do botão é 'Limpar'",
              "timedOut": null,
              "duration": 4268,
              "state": "failed",
              "speed": null,
              "pass": false,
              "fail": true,
              "pending": false,
              "context": null,
              "code": "cy.get('#clear-board').should('contain.text', 'Limpar');",
              "err": {
                "message": "CypressError: Timed out retrying: Expected to find element: '#clear-board', but never found it.",
                "estack": "CypressError: Timed out retrying: Expected to find element: '#clear-board', but never found it.\n    at cypressErr (http://localhost:41941/__cypress/runner/cypress_runner.js:149934:9)\n    at throwErr (http://localhost:41941/__cypress/runner/cypress_runner.js:149867:11)\n    at Object.throwErrByPath (http://localhost:41941/__cypress/runner/cypress_runner.js:149915:3)\n    at retry (http://localhost:41941/__cypress/runner/cypress_runner.js:144197:19)\n    at onFailFn (http://localhost:41941/__cypress/runner/cypress_runner.js:132448:16)\n    at tryCatcher (http://localhost:41941/__cypress/runner/cypress_runner.js:167415:23)\n    at Promise._settlePromiseFromHandler (http://localhost:41941/__cypress/runner/cypress_runner.js:165351:31)\n    at Promise._settlePromise (http://localhost:41941/__cypress/runner/cypress_runner.js:165408:18)\n    at Promise._settlePromise0 (http://localhost:41941/__cypress/runner/cypress_runner.js:165453:10)\n    at Promise._settlePromises (http://localhost:41941/__cypress/runner/cypress_runner.js:165528:18)\n    at Async../node_modules/bluebird/js/release/async.js.Async._drainQueue (http://localhost:41941/__cypress/runner/cypress_runner.js:162140:16)\n    at Async../node_modules/bluebird/js/release/async.js.Async._drainQueues (http://localhost:41941/__cypress/runner/cypress_runner.js:162150:10)\n    at Async.drainQueues (http://localhost:41941/__cypress/runner/cypress_runner.js:162024:14)",
                "diff": null
              },
              "uuid": "f7cb3706-0707-47d3-844e-e0b0a6b4a8b3",
              "parentUUID": "05e9fa44-7fd6-46b0-9210-e9766b835bd1",
              "isHook": false,
              "skipped": false
            },
            {
              "title": "Verifica se ao clicar no botão, o quadro de pixels é totalmente preenchido de branco",
              "fullTitle": "9 - Crie um botão que, ao ser clicado, limpa o quadro preenchendo a cor de todos seus pixels com branco. Verifica se ao clicar no botão, o quadro de pixels é totalmente preenchido de branco",
              "timedOut": null,
              "duration": 4445,
              "state": "failed",
              "speed": null,
              "pass": false,
              "fail": true,
              "pending": false,
              "context": null,
              "code": "cy.get('.color').eq(1).then(function (color) {\n  var backgroundColor = color.css('background-color');\n  cy.wrap(color).click();\n  cy.get('.pixel').each(function (pixel) {\n    cy.wrap(pixel).click().should('have.css', 'background-color', backgroundColor);\n  });\n});\ncy.get('#clear-board').click();\ncy.get('.pixel').each(function (pixel) {\n  cy.wrap(pixel).should('have.css', 'background-color', WHITE);\n});",
              "err": {
                "message": "CypressError: Timed out retrying: expected '<div.pixel>' to have CSS property 'background-color' with the value 'rgb(0, 0, 255)', but the value was 'rgba(0, 0, 0, 0)'",
                "estack": "CypressError: Timed out retrying: expected '<div.pixel>' to have CSS property 'background-color' with the value 'rgb(0, 0, 255)', but the value was 'rgba(0, 0, 0, 0)'\n    at cypressErr (http://localhost:41941/__cypress/runner/cypress_runner.js:149934:9)\n    at throwErr (http://localhost:41941/__cypress/runner/cypress_runner.js:149867:11)\n    at Object.throwErrByPath (http://localhost:41941/__cypress/runner/cypress_runner.js:149915:3)\n    at retry (http://localhost:41941/__cypress/runner/cypress_runner.js:144197:19)\n    at onFailFn (http://localhost:41941/__cypress/runner/cypress_runner.js:132448:16)\n    at tryCatcher (http://localhost:41941/__cypress/runner/cypress_runner.js:167415:23)\n    at Promise._settlePromiseFromHandler (http://localhost:41941/__cypress/runner/cypress_runner.js:165351:31)\n    at Promise._settlePromise (http://localhost:41941/__cypress/runner/cypress_runner.js:165408:18)\n    at Promise._settlePromise0 (http://localhost:41941/__cypress/runner/cypress_runner.js:165453:10)\n    at Promise._settlePromises (http://localhost:41941/__cypress/runner/cypress_runner.js:165528:18)\n    at Async../node_modules/bluebird/js/release/async.js.Async._drainQueue (http://localhost:41941/__cypress/runner/cypress_runner.js:162140:16)\n    at Async../node_modules/bluebird/js/release/async.js.Async._drainQueues (http://localhost:41941/__cypress/runner/cypress_runner.js:162150:10)\n    at Async.drainQueues (http://localhost:41941/__cypress/runner/cypress_runner.js:162024:14)",
                "diff": null
              },
              "uuid": "a90f42a4-47ce-45d4-a2b1-1d01290800f2",
              "parentUUID": "05e9fa44-7fd6-46b0-9210-e9766b835bd1",
              "isHook": false,
              "skipped": false
            }
          ],
          "suites": [],
          "passes": [],
          "failures": [
            "19b3ea8c-0331-4511-90d0-1b66f654a642",
            "95772928-d599-4087-ad1b-33bc28c6a92b",
            "f7cb3706-0707-47d3-844e-e0b0a6b4a8b3",
            "a90f42a4-47ce-45d4-a2b1-1d01290800f2"
          ],
          "pending": [],
          "skipped": [],
          "duration": 17243,
          "root": false,
          "rootEmpty": false,
          "_timeout": 2000
        },
        {
          "uuid": "ce6c5780-7970-4d33-b99f-e9844d25394e",
          "title": "10 - Faça o quadro de pixels ter seu tamanho definido pelo usuário.",
          "fullFile": "",
          "file": "",
          "beforeHooks": [],
          "afterHooks": [],
          "tests": [
            {
              "title": "Verifica se existe um input com o id `board-size`",
              "fullTitle": "10 - Faça o quadro de pixels ter seu tamanho definido pelo usuário. Verifica se existe um input com o id `board-size`",
              "timedOut": null,
              "duration": 4279,
              "state": "failed",
              "speed": null,
              "pass": false,
              "fail": true,
              "pending": false,
              "context": null,
              "code": "cy.get('#board-size').should('be.visible');",
              "err": {
                "message": "CypressError: Timed out retrying: Expected to find element: '#board-size', but never found it.",
                "estack": "CypressError: Timed out retrying: Expected to find element: '#board-size', but never found it.\n    at cypressErr (http://localhost:41941/__cypress/runner/cypress_runner.js:149934:9)\n    at throwErr (http://localhost:41941/__cypress/runner/cypress_runner.js:149867:11)\n    at Object.throwErrByPath (http://localhost:41941/__cypress/runner/cypress_runner.js:149915:3)\n    at retry (http://localhost:41941/__cypress/runner/cypress_runner.js:144197:19)\n    at onFailFn (http://localhost:41941/__cypress/runner/cypress_runner.js:132448:16)\n    at tryCatcher (http://localhost:41941/__cypress/runner/cypress_runner.js:167415:23)\n    at Promise._settlePromiseFromHandler (http://localhost:41941/__cypress/runner/cypress_runner.js:165351:31)\n    at Promise._settlePromise (http://localhost:41941/__cypress/runner/cypress_runner.js:165408:18)\n    at Promise._settlePromise0 (http://localhost:41941/__cypress/runner/cypress_runner.js:165453:10)\n    at Promise._settlePromises (http://localhost:41941/__cypress/runner/cypress_runner.js:165528:18)\n    at Async../node_modules/bluebird/js/release/async.js.Async._drainQueue (http://localhost:41941/__cypress/runner/cypress_runner.js:162140:16)\n    at Async../node_modules/bluebird/js/release/async.js.Async._drainQueues (http://localhost:41941/__cypress/runner/cypress_runner.js:162150:10)\n    at Async.drainQueues (http://localhost:41941/__cypress/runner/cypress_runner.js:162024:14)",
                "diff": null
              },
              "uuid": "c407b5d3-751d-4eb0-b59d-74dce1a940ed",
              "parentUUID": "ce6c5780-7970-4d33-b99f-e9844d25394e",
              "isHook": false,
              "skipped": false
            },
            {
              "title": "Verifica se existe um botão com o id `generate-board`",
              "fullTitle": "10 - Faça o quadro de pixels ter seu tamanho definido pelo usuário. Verifica se existe um botão com o id `generate-board`",
              "timedOut": null,
              "duration": 4263,
              "state": "failed",
              "speed": null,
              "pass": false,
              "fail": true,
              "pending": false,
              "context": null,
              "code": "cy.get('#generate-board').should('be.visible');",
              "err": {
                "message": "CypressError: Timed out retrying: Expected to find element: '#generate-board', but never found it.",
                "estack": "CypressError: Timed out retrying: Expected to find element: '#generate-board', but never found it.\n    at cypressErr (http://localhost:41941/__cypress/runner/cypress_runner.js:149934:9)\n    at throwErr (http://localhost:41941/__cypress/runner/cypress_runner.js:149867:11)\n    at Object.throwErrByPath (http://localhost:41941/__cypress/runner/cypress_runner.js:149915:3)\n    at retry (http://localhost:41941/__cypress/runner/cypress_runner.js:144197:19)\n    at onFailFn (http://localhost:41941/__cypress/runner/cypress_runner.js:132448:16)\n    at tryCatcher (http://localhost:41941/__cypress/runner/cypress_runner.js:167415:23)\n    at Promise._settlePromiseFromHandler (http://localhost:41941/__cypress/runner/cypress_runner.js:165351:31)\n    at Promise._settlePromise (http://localhost:41941/__cypress/runner/cypress_runner.js:165408:18)\n    at Promise._settlePromise0 (http://localhost:41941/__cypress/runner/cypress_runner.js:165453:10)\n    at Promise._settlePromises (http://localhost:41941/__cypress/runner/cypress_runner.js:165528:18)\n    at Async../node_modules/bluebird/js/release/async.js.Async._drainQueue (http://localhost:41941/__cypress/runner/cypress_runner.js:162140:16)\n    at Async../node_modules/bluebird/js/release/async.js.Async._drainQueues (http://localhost:41941/__cypress/runner/cypress_runner.js:162150:10)\n    at Async.drainQueues (http://localhost:41941/__cypress/runner/cypress_runner.js:162024:14)",
                "diff": null
              },
              "uuid": "f4515227-7d2e-4b32-810a-0ad753e452af",
              "parentUUID": "ce6c5780-7970-4d33-b99f-e9844d25394e",
              "isHook": false,
              "skipped": false
            },
            {
              "title": "Verifica se o input só aceita número maiores que zero. Essa restrição deve ser feita usando os atributos do elemento `input`",
              "fullTitle": "10 - Faça o quadro de pixels ter seu tamanho definido pelo usuário. Verifica se o input só aceita número maiores que zero. Essa restrição deve ser feita usando os atributos do elemento `input`",
              "timedOut": null,
              "duration": 4429,
              "state": "failed",
              "speed": null,
              "pass": false,
              "fail": true,
              "pending": false,
              "context": null,
              "code": "cy.get('#board-size[type=\\'number\\'][min=\\'1\\']');",
              "err": {
                "message": "CypressError: Timed out retrying: Expected to find element: '#board-size[type='number'][min='1']', but never found it.",
[...]
                "diff": null
              },
              "uuid": "b7ecb69d-cc27-4105-9c9e-2faeaa1de407",
              "parentUUID": "ce6c5780-7970-4d33-b99f-e9844d25394e",
              "isHook": false,
              "skipped": false
            },
            {
              "title": "Verifica se o novo quadro tem todos os pixels preenchidos com a cor branca",
              "fullTitle": "10 - Faça o quadro de pixels ter seu tamanho definido pelo usuário. Verifica se o novo quadro tem todos os pixels preenchidos com a cor branca",
              "timedOut": null,
              "duration": 4267,
              "state": "failed",
              "speed": null,
              "pass": false,
              "fail": true,
              "pending": false,
              "context": null,
              "code": "cy.get('#board-size').clear().type(6);\ncy.get('#generate-board').click();\ncy.get('.pixel').should('have.length', 36).each(function (pixel) {\n  expect(pixel).to.have.css('background-color', WHITE);\n});",
              "err": {
                "message": "CypressError: Timed out retrying: Expected to find element: '#board-size', but never found it.",
                "estack": "CypressError: Timed out retrying: Expected to find element: '#board-size', but never found it.\n    at cypressErr (http://localhost:41941/__cypress/runner/cypress_runner.js:149934:9)\n    at throwErr (http://localhost:41941/__cypress/runner/cypress_runner.js:149867:11)\n    at Object.throwErrByPath (http://localhost:41941/__cypress/runner/cypress_runner.js:149915:3)\n    at retry (http://localhost:41941/__cypress/runner/cypress_runner.js:144197:19)\n    at onFailFn (http://localhost:41941/__cypress/runner/cypress_runner.js:132448:16)\n    at tryCatcher (http://localhost:41941/__cypress/runner/cypress_runner.js:167415:23)\n    at Promise._settlePromiseFromHandler (http://localhost:41941/__cypress/runner/cypress_runner.js:165351:31)\n    at Promise._settlePromise (http://localhost:41941/__cypress/runner/cypress_runner.js:165408:18)\n    at Promise._settlePromise0 (http://localhost:41941/__cypress/runner/cypress_runner.js:165453:10)\n    at Promise._settlePromises (http://localhost:41941/__cypress/runner/cypress_runner.js:165528:18)\n    at Async../node_modules/bluebird/js/release/async.js.Async._drainQueue (http://localhost:41941/__cypress/runner/cypress_runner.js:162140:16)\n    at Async../node_modules/bluebird/js/release/async.js.Async._drainQueues (http://localhost:41941/__cypress/runner/cypress_runner.js:162150:10)\n    at Async.drainQueues (http://localhost:41941/__cypress/runner/cypress_runner.js:162024:14)",
                "diff": null
              },
              "uuid": "43773800-77b6-4334-a48e-d9feab82cd02",
              "parentUUID": "ce6c5780-7970-4d33-b99f-e9844d25394e",
              "isHook": false,
              "skipped": false
            }
          ],
          "suites": [],
          "passes": [],
          "failures": [
            "c407b5d3-751d-4eb0-b59d-74dce1a940ed",
            "f4515227-7d2e-4b32-810a-0ad753e452af",
            "d834fb65-72a2-4240-9810-01559c691845",
            "cbe10274-c5f8-4846-a538-7cef78efb7c2",
            "d7c44138-1d49-44cb-8c91-07b3b193e9ac",
            "e47e6bc1-e716-4627-a252-aa2fda7cc2d9",
            "d0ca4ffb-eb68-4fcb-8880-a56c731c26a4",
            "b7ecb69d-cc27-4105-9c9e-2faeaa1de407",
            "43773800-77b6-4334-a48e-d9feab82cd02"
          ],
          "pending": [],
          "skipped": [],
          "duration": 38695,
          "root": false,
          "rootEmpty": false,
          "_timeout": 2000
        },
        {
          "uuid": "2ec32ce8-94d7-4895-9551-e94a2b63f12b",
          "title": "11 - Limite o tamanho mínimo e máximo do board.",
          "fullFile": "",
          "file": "",
          "beforeHooks": [],
          "afterHooks": [],
          "tests": [
            {
              "title": "Verifica se a altura máxima do board é 50",
              "fullTitle": "11 - Limite o tamanho mínimo e máximo do board. Verifica se a altura máxima do board é 50",
              "timedOut": null,
              "duration": 4322,
              "state": "failed",
              "speed": null,
              "pass": false,
              "fail": true,
              "pending": false,
              "context": null,
              "code": "cy.get('#board-size').clear().type(50);\ncy.get('#generate-board').click();\ncy.get('.pixel').should('have.length', 2500);",
              "err": {
                "message": "CypressError: Timed out retrying: Expected to find element: '#board-size', but never found it.",
                "estack": "CypressError: Timed out retrying: Expected to find element: '#board-size', but never found it.\n    at cypressErr (http://localhost:41941/__cypress/runner/cypress_runner.js:149934:9)\n    at throwErr (http://localhost:41941/__cypress/runner/cypress_runner.js:149867:11)\n    at Object.throwErrByPath (http://localhost:41941/__cypress/runner/cypress_runner.js:149915:3)\n    at retry (http://localhost:41941/__cypress/runner/cypress_runner.js:144197:19)\n    at onFailFn (http://localhost:41941/__cypress/runner/cypress_runner.js:132448:16)\n    at tryCatcher (http://localhost:41941/__cypress/runner/cypress_runner.js:167415:23)\n    at Promise._settlePromiseFromHandler (http://localhost:41941/__cypress/runner/cypress_runner.js:165351:31)\n    at Promise._settlePromise (http://localhost:41941/__cypress/runner/cypress_runner.js:165408:18)\n    at Promise._settlePromise0 (http://localhost:41941/__cypress/runner/cypress_runner.js:165453:10)\n    at Promise._settlePromises (http://localhost:41941/__cypress/runner/cypress_runner.js:165528:18)\n    at Async../node_modules/bluebird/js/release/async.js.Async._drainQueue (http://localhost:41941/__cypress/runner/cypress_runner.js:162140:16)\n    at Async../node_modules/bluebird/js/release/async.js.Async._drainQueues (http://localhost:41941/__cypress/runner/cypress_runner.js:162150:10)\n    at Async.drainQueues (http://localhost:41941/__cypress/runner/cypress_runner.js:162024:14)",
                "diff": null
              },
              "uuid": "c10b0729-135c-47dc-afbf-f49df4a7a396",
              "parentUUID": "2ec32ce8-94d7-4895-9551-e94a2b63f12b",
              "isHook": false,
              "skipped": false
            },
            {
              "title": "Verifica se a altura do board é 5 quando um valor menor é colocado no input",
              "fullTitle": "11 - Limite o tamanho mínimo e máximo do board. Verifica se a altura do board é 5 quando um valor menor é colocado no input",
              "timedOut": null,
              "duration": 4304,
              "state": "failed",
              "speed": null,
              "pass": false,
              "fail": true,
              "pending": false,
              "context": null,
              "code": "cy.get('#board-size').clear().type(4);\ncy.get('#generate-board').click();\ncy.get('.pixel').should('have.length', 25);",
              "err": {
                "message": "CypressError: Timed out retrying: Expected to find element: '#board-size', but never found it.",
                "estack": "CypressError: Timed out retrying: Expected to find element: '#board-size', but never found it.\n    at cypressErr (http://localhost:41941/__cypress/runner/cypress_runner.js:149934:9)\n    at throwErr (http://localhost:41941/__cypress/runner/cypress_runner.js:149867:11)\n    at Object.throwErrByPath (http://localhost:41941/__cypress/runner/cypress_runner.js:149915:3)\n    at retry (http://localhost:41941/__cypress/runner/cypress_runner.js:144197:19)\n    at onFailFn (http://localhost:41941/__cypress/runner/cypress_runner.js:132448:16)\n    at tryCatcher (http://localhost:41941/__cypress/runner/cypress_runner.js:167415:23)\n    at Promise._settlePromiseFromHandler (http://localhost:41941/__cypress/runner/cypress_runner.js:165351:31)\n    at Promise._settlePromise (http://localhost:41941/__cypress/runner/cypress_runner.js:165408:18)\n    at Promise._settlePromise0 (http://localhost:41941/__cypress/runner/cypress_runner.js:165453:10)\n    at Promise._settlePromises (http://localhost:41941/__cypress/runner/cypress_runner.js:165528:18)\n    at Async../node_modules/bluebird/js/release/async.js.Async._drainQueue (http://localhost:41941/__cypress/runner/cypress_runner.js:162140:16)\n    at Async../node_modules/bluebird/js/release/async.js.Async._drainQueues (http://localhost:41941/__cypress/runner/cypress_runner.js:162150:10)\n    at Async.drainQueues (http://localhost:41941/__cypress/runner/cypress_runner.js:162024:14)",
                "diff": null
              },
              "uuid": "a87ae8c8-2d4c-40ea-b75a-a64209ce8884",
              "parentUUID": "2ec32ce8-94d7-4895-9551-e94a2b63f12b",
              "isHook": false,
              "skipped": false
            },
            {
              "title": "Verifica se a altura do board é 50 quando um valor maior é colocado no input",
              "fullTitle": "11 - Limite o tamanho mínimo e máximo do board. Verifica se a altura do board é 50 quando um valor maior é colocado no input",
              "timedOut": null,
              "duration": 4365,
              "state": "failed",
              "speed": null,
              "pass": false,
              "fail": true,
              "pending": false,
              "context": null,
              "code": "cy.get('#board-size').clear().type(51);\ncy.get('#generate-board').click();\ncy.get('.pixel').should('have.length', 2500);",
              "err": {
                "message": "CypressError: Timed out retrying: Expected to find element: '#board-size', but never found it.",
                "estack": "CypressError: Timed out retrying: Expected to find element: '#board-size', but never found it.\n    at cypressErr (http://localhost:41941/__cypress/runner/cypress_runner.js:149934:9)\n    at throwErr (http://localhost:41941/__cypress/runner/cypress_runner.js:149867:11)\n    at Object.throwErrByPath (http://localhost:41941/__cypress/runner/cypress_runner.js:149915:3)\n    at retry (http://localhost:41941/__cypress/runner/cypress_runner.js:144197:19)\n    at onFailFn (http://localhost:41941/__cypress/runner/cypress_runner.js:132448:16)\n    at tryCatcher (http://localhost:41941/__cypress/runner/cypress_runner.js:167415:23)\n    at Promise._settlePromiseFromHandler (http://localhost:41941/__cypress/runner/cypress_runner.js:165351:31)\n    at Promise._settlePromise (http://localhost:41941/__cypress/runner/cypress_runner.js:165408:18)\n    at Promise._settlePromise0 (http://localhost:41941/__cypress/runner/cypress_runner.js:165453:10)\n    at Promise._settlePromises (http://localhost:41941/__cypress/runner/cypress_runner.js:165528:18)\n    at Async../node_modules/bluebird/js/release/async.js.Async._drainQueue (http://localhost:41941/__cypress/runner/cypress_runner.js:162140:16)\n    at Async../node_modules/bluebird/js/release/async.js.Async._drainQueues (http://localhost:41941/__cypress/runner/cypress_runner.js:162150:10)\n    at Async.drainQueues (http://localhost:41941/__cypress/runner/cypress_runner.js:162024:14)",
                "diff": null
              },
              "uuid": "cbc4bb67-0c41-41f6-8351-85d54643a564",
              "parentUUID": "2ec32ce8-94d7-4895-9551-e94a2b63f12b",
              "isHook": false,
              "skipped": false
            }
          ],
          "suites": [],
          "passes": [],
          "failures": [
            "c10b0729-135c-47dc-afbf-f49df4a7a396",
            "a87ae8c8-2d4c-40ea-b75a-a64209ce8884",
            "cbc4bb67-0c41-41f6-8351-85d54643a564"
          ],
          "pending": [],
          "skipped": [],
          "duration": 12991,
          "root": false,
          "rootEmpty": false,
          "_timeout": 2000
        },
        {
          "uuid": "f8cb7cc9-50be-4421-a053-64b332b5ea4f",
          "title": "12 - Faça com que as cores da paleta sejam geradas aleatoriamente ao carregar a página.",
          "fullFile": "",
          "file": "",
          "beforeHooks": [],
          "afterHooks": [],
          "tests": [
            {
              "title": "Verifica se as cores geradas na paleta são diferentes a cada carregamento da página",
              "fullTitle": "12 - Faça com que as cores da paleta sejam geradas aleatoriamente ao carregar a página. Verifica se as cores geradas na paleta são diferentes a cada carregamento da página",
              "timedOut": null,
              "duration": 353,
              "state": "failed",
              "speed": null,
              "pass": false,
              "fail": true,
              "pending": false,
              "context": null,
              "code": "cy.get('.color').then(function (colors) {\n  var currentColors;\n  var previousColors;\n  previousColors = Array.from(colors).map(function (color) {\n    return Cypress.$(color).css('background-color');\n  });\n  for (var i = 0; i < 5; i += 1) {\n    cy.reload();\n    cy.get('.color').then(function (colors) {\n      currentColors = Array.from(colors).map(function (color) {\n        return Cypress.$(color).css('background-color');\n      });\n      expect(currentColors).not.to.deep.equal(previousColors);\n      previousColors = currentColors;\n    });\n  }\n});",
              "err": {
                "message": "AssertionError: expected [ Array(4) ] to not deeply equal [ Array(4) ]",
                "estack": "AssertionError: expected [ Array(4) ] to not deeply equal [ Array(4) ]\n    at getRet (http://localhost:41941/__cypress/runner/cypress_runner.js:136585:16)\n    at tryCatcher (http://localhost:41941/__cypress/runner/cypress_runner.js:167415:23)\n    at Function.Promise.attempt.Promise.try (http://localhost:41941/__cypress/runner/cypress_runner.js:164690:29)\n    at Context.thenFn (http://localhost:41941/__cypress/runner/cypress_runner.js:136599:23)\n    at Context.then (http://localhost:41941/__cypress/runner/cypress_runner.js:136971:21)\n    at Context.<anonymous> (http://localhost:41941/__cypress/runner/cypress_runner.js:148875:21)\n    at http://localhost:41941/__cypress/runner/cypress_runner.js:148351:33\n    at tryCatcher (http://localhost:41941/__cypress/runner/cypress_runner.js:167415:23)\n    at Promise._settlePromiseFromHandler (http://localhost:41941/__cypress/runner/cypress_runner.js:165351:31)\n    at Promise._settlePromise (http://localhost:41941/__cypress/runner/cypress_runner.js:165408:18)\n    at Promise._settlePromiseCtx (http://localhost:41941/__cypress/runner/cypress_runner.js:165445:10)\n    at Async../node_modules/bluebird/js/release/async.js.Async._drainQueue (http://localhost:41941/__cypress/runner/cypress_runner.js:162145:12)\n    at Async../node_modules/bluebird/js/release/async.js.Async._drainQueues (http://localhost:41941/__cypress/runner/cypress_runner.js:162150:10)\n    at Async.drainQueues (http://localhost:41941/__cypress/runner/cypress_runner.js:162024:14)",
                "diff": ""
              },
              "uuid": "8aee9c11-2dd6-4820-a2ee-c6423b8e679c",
              "parentUUID": "f8cb7cc9-50be-4421-a053-64b332b5ea4f",
              "isHook": false,
              "skipped": false
            },
            {
              "title": "Verifica se a cor preta ainda está presente e é a primeira na sua paleta de cores",
              "fullTitle": "12 - Faça com que as cores da paleta sejam geradas aleatoriamente ao carregar a página. Verifica se a cor preta ainda está presente e é a primeira na sua paleta de cores",
              "timedOut": null,
              "duration": 399,
              "state": "failed",
              "speed": null,
              "pass": false,
              "fail": true,
              "pending": false,
              "context": null,
              "code": "cy.get('.color').then(function (colors) {\n  var currentColors;\n  var previousColors;\n  previousColors = Array.from(colors).map(function (color) {\n    return Cypress.$(color).css('background-color');\n  });\n  expect(previousColors[0]).to.eq(BLACK);\n  for (var i = 0; i < 5; i += 1) {\n    cy.reload();\n    cy.get('.color').then(function (colors) {\n      currentColors = Array.from(colors).map(function (color) {\n        return Cypress.$(color).css('background-color');\n      });\n      expect(currentColors[0]).to.eq(BLACK);\n      expect(currentColors).not.to.deep.equal(previousColors);\n      previousColors = currentColors;\n    });\n  }\n});",
              "err": {
                "message": "AssertionError: expected [ Array(4) ] to not deeply equal [ Array(4) ]",
                "estack": "AssertionError: expected [ Array(4) ] to not deeply equal [ Array(4) ]\n    at getRet (http://localhost:41941/__cypress/runner/cypress_runner.js:136585:16)\n    at tryCatcher (http://localhost:41941/__cypress/runner/cypress_runner.js:167415:23)\n    at Function.Promise.attempt.Promise.try (http://localhost:41941/__cypress/runner/cypress_runner.js:164690:29)\n    at Context.thenFn (http://localhost:41941/__cypress/runner/cypress_runner.js:136599:23)\n    at Context.then (http://localhost:41941/__cypress/runner/cypress_runner.js:136971:21)\n    at Context.<anonymous> (http://localhost:41941/__cypress/runner/cypress_runner.js:148875:21)\n    at http://localhost:41941/__cypress/runner/cypress_runner.js:148351:33\n    at tryCatcher (http://localhost:41941/__cypress/runner/cypress_runner.js:167415:23)\n    at Promise._settlePromiseFromHandler (http://localhost:41941/__cypress/runner/cypress_runner.js:165351:31)\n    at Promise._settlePromise (http://localhost:41941/__cypress/runner/cypress_runner.js:165408:18)\n    at Promise._settlePromiseCtx (http://localhost:41941/__cypress/runner/cypress_runner.js:165445:10)\n    at Async../node_modules/bluebird/js/release/async.js.Async._drainQueue (http://localhost:41941/__cypress/runner/cypress_runner.js:162145:12)\n    at Async../node_modules/bluebird/js/release/async.js.Async._drainQueues (http://localhost:41941/__cypress/runner/cypress_runner.js:162150:10)\n    at Async.drainQueues (http://localhost:41941/__cypress/runner/cypress_runner.js:162024:14)",
                "diff": ""
              },
              "uuid": "e60eec81-58b5-4a05-9b70-0c4d6ee15f89",
              "parentUUID": "f8cb7cc9-50be-4421-a053-64b332b5ea4f",
              "isHook": false,
              "skipped": false
            }
          ],
          "suites": [],
          "passes": [],
          "failures": [
            "8aee9c11-2dd6-4820-a2ee-c6423b8e679c",
            "e60eec81-58b5-4a05-9b70-0c4d6ee15f89"
          ],
          "pending": [],
          "skipped": [],
          "duration": 752,
          "root": false,
          "rootEmpty": false,
          "_timeout": 2000
        }
      ],
      "passes": [],
      "failures": [],
      "pending": [],
      "skipped": [],
      "duration": 0,
      "root": true,
      "rootEmpty": true,
      "_timeout": 2000
    }
  ],
  "meta": {
    "mocha": {
      "version": "7.0.1"
    },
    "mochawesome": {
      "options": {
        "quiet": false,
        "reportFilename": "mochawesome",
        "saveHtml": false,
        "saveJson": true,
        "consoleReporter": "spec",
        "useInlineDiffs": false
      },
      "version": "4.1.0"
    },
    "marge": {
      "options": {
        "id": "default",
        "reportDir": "cypress/reports",
        "overwrite": true,
        "html": false,
        "json": true
      },
      "version": "4.1.0"
    }
  }
}