{
  "stats": {
    "suites": 12,
    "tests": 41,
    "passes": 20,
    "pending": 0,
    "failures": 21,
    "start": "2021-09-11T15:39:38.938Z",
    "end": "2021-09-11T15:42:47.347Z",
    "duration": 188409,
    "testsRegistered": 41,
    "passPercent": 48.78048780487805,
    "pendingPercent": 0,
    "other": 0,
    "hasOther": false,
    "skipped": 0,
    "hasSkipped": false
  },
  "results": [
    {
      "uuid": "ee6dc060-d9b3-4fb5-af28-92dfd4432f5b",
      "title": "",
      "fullFile": "cypress/integration/project.spec.js",
      "file": "cypress/integration/project.spec.js",
      "beforeHooks": [],
      "afterHooks": [],
      "tests": [],
      "suites": [
        {
          "uuid": "9eb3964e-f9a0-4a5e-8c89-c141f43cfa1b",
          "title": "1 - Adicione à página o título \"Paleta de Cores\".",
          "fullFile": "",
          "file": "",
          "beforeHooks": [],
          "afterHooks": [],
          "tests": [
            {
              "title": "Verifica se contém um elemento `h1` com o id `title` com o título correto",
              "fullTitle": "1 - Adicione à página o título \"Paleta de Cores\". Verifica se contém um elemento `h1` com o id `title` com o título correto",
              "timedOut": null,
              "duration": 276,
              "state": "passed",
              "speed": "slow",
              "pass": true,
              "fail": false,
              "pending": false,
              "context": null,
              "code": "cy.get('h1#title').should('contain.text', 'Paleta de Cores');",
              "err": {},
              "uuid": "03ebc52c-d79b-474d-bed9-f5adef61936f",
              "parentUUID": "9eb3964e-f9a0-4a5e-8c89-c141f43cfa1b",
              "isHook": false,
              "skipped": false
            }
          ],
          "suites": [],
          "passes": [
            "03ebc52c-d79b-474d-bed9-f5adef61936f"
          ],
          "failures": [],
          "pending": [],
          "skipped": [],
          "duration": 276,
          "root": false,
          "rootEmpty": false,
          "_timeout": 2000
        },
        {
          "uuid": "11cfa8a6-48dd-4d8c-919c-649e96ca95a7",
          "title": "2 - Adicione à página uma paleta de quatro cores distintas.",
          "fullFile": "",
          "file": "",
          "beforeHooks": [],
          "afterHooks": [],
          "tests": [
            {
              "title": "A paleta de cores deve ser um elemento com `id` denominado `color-palette`",
              "fullTitle": "2 - Adicione à página uma paleta de quatro cores distintas. A paleta de cores deve ser um elemento com `id` denominado `color-palette`",
              "timedOut": null,
              "duration": 192,
              "state": "passed",
              "speed": "slow",
              "pass": true,
              "fail": false,
              "pending": false,
              "context": null,
              "code": "cy.get('#color-palette').should('be.visible');\ncy.get('#color-palette').children('.color');",
              "err": {},
              "uuid": "e6d70bf2-628e-44ec-b4a1-041b8171903d",
              "parentUUID": "11cfa8a6-48dd-4d8c-919c-649e96ca95a7",
              "isHook": false,
              "skipped": false
            },
            {
              "title": "Verifica se cada cor individual da paleta de cores possui a `classe` chamada `color`.",
              "fullTitle": "2 - Adicione à página uma paleta de quatro cores distintas. Verifica se cada cor individual da paleta de cores possui a `classe` chamada `color`.",
              "timedOut": null,
              "duration": 222,
              "state": "passed",
              "speed": "slow",
              "pass": true,
              "fail": false,
              "pending": false,
              "context": null,
              "code": "cy.get('.color').should('have.length', 4).then(function (colors) {\n  for (var i = 0; i < colors.length; i++) {\n    cy.wrap(colors[i]).should('be.visible');\n  }\n});",
              "err": {},
              "uuid": "3febf307-d64c-4207-94cf-3cdba83b237d",
              "parentUUID": "11cfa8a6-48dd-4d8c-919c-649e96ca95a7",
              "isHook": false,
              "skipped": false
            },
            {
              "title": "Verifica se a cor de fundo de cada elemento da paleta é a cor que o elemento representa. **A única cor não permitida na paleta é a cor branca.**",
              "fullTitle": "2 - Adicione à página uma paleta de quatro cores distintas. Verifica se a cor de fundo de cada elemento da paleta é a cor que o elemento representa. **A única cor não permitida na paleta é a cor branca.**",
              "timedOut": null,
              "duration": 214,
              "state": "passed",
              "speed": "slow",
              "pass": true,
              "fail": false,
              "pending": false,
              "context": null,
              "code": "cy.get('.color').each(function (color) {\n  cy.wrap(color).should('have.class', 'color').and('not.have.css', 'background-color', WHITE);\n  cy.wrap(color).should('have.css', 'background-color');\n});",
              "err": {},
              "uuid": "dacf578a-113a-424d-a6f7-d3b659089397",
              "parentUUID": "11cfa8a6-48dd-4d8c-919c-649e96ca95a7",
              "isHook": false,
              "skipped": false
            },
            {
              "title": "Verifica se cada elemento da paleta de cores tem uma borda preta, sólida e com 1 pixel de largura;",
              "fullTitle": "2 - Adicione à página uma paleta de quatro cores distintas. Verifica se cada elemento da paleta de cores tem uma borda preta, sólida e com 1 pixel de largura;",
              "timedOut": null,
              "duration": 205,
              "state": "passed",
              "speed": "slow",
              "pass": true,
              "fail": false,
              "pending": false,
              "context": null,
              "code": "cy.get('.color').each(function (color) {\n  cy.wrap(color).and('have.css', 'border', \"1px solid \".concat(BLACK)).and('have.class', 'color');\n});",
              "err": {},
              "uuid": "e3b27cd1-89d3-427c-83a8-1de8a90210e8",
              "parentUUID": "11cfa8a6-48dd-4d8c-919c-649e96ca95a7",
              "isHook": false,
              "skipped": false
            },
            {
              "title": "Verifica se a paleta lista todas as cores disponíveis para utilização, lado a lado.",
              "fullTitle": "2 - Adicione à página uma paleta de quatro cores distintas. Verifica se a paleta lista todas as cores disponíveis para utilização, lado a lado.",
              "timedOut": null,
              "duration": 163,
              "state": "passed",
              "speed": "slow",
              "pass": true,
              "fail": false,
              "pending": false,
              "context": null,
              "code": "cy.get('.color').then(function (colors) {\n  for (var index = 1; index < colors.length; index += 1) {\n    var currentColor = colors[index];\n    var previousColor = colors[index - 1];\n    cy.wrap(currentColor).should('be.onTheRightOf', previousColor).and('be.horizontallyAlignedWith', previousColor);\n  }\n});",
              "err": {},
              "uuid": "afc3d6e1-6431-41ce-989c-cf13d5f61b2d",
              "parentUUID": "11cfa8a6-48dd-4d8c-919c-649e96ca95a7",
              "isHook": false,
              "skipped": false
            },
            {
              "title": "Verifica se a paleta de cores está posicionada abaixo do título 'Paleta de Cores'",
              "fullTitle": "2 - Adicione à página uma paleta de quatro cores distintas. Verifica se a paleta de cores está posicionada abaixo do título 'Paleta de Cores'",
              "timedOut": null,
              "duration": 130,
              "state": "passed",
              "speed": "slow",
              "pass": true,
              "fail": false,
              "pending": false,
              "context": null,
              "code": "cy.get('h1#title').then(function (title) {\n  cy.get('#color-palette').should('be.belowOf', title);\n});",
              "err": {},
              "uuid": "25eec1af-905f-43d2-af72-9969f85e98c1",
              "parentUUID": "11cfa8a6-48dd-4d8c-919c-649e96ca95a7",
              "isHook": false,
              "skipped": false
            },
            {
              "title": "Verifica se a paleta de cores não contém cores repetidas.",
              "fullTitle": "2 - Adicione à página uma paleta de quatro cores distintas. Verifica se a paleta de cores não contém cores repetidas.",
              "timedOut": null,
              "duration": 143,
              "state": "passed",
              "speed": "slow",
              "pass": true,
              "fail": false,
              "pending": false,
              "context": null,
              "code": "cy.get('.color').then(function (colors) {\n  var allColors = Array.from(colors).map(function (color) {\n    return Cypress.$(color).css('background-color');\n  });\n  cy.log(allColors);\n  var uniqColors = (0, _toConsumableArray2[\"default\"])(new Set(allColors));\n  cy.log(uniqColors);\n  expect(allColors.length).to.eq(uniqColors.length);\n});",
              "err": {},
              "uuid": "c89d0876-a54a-4035-a7e5-804fac90dfab",
              "parentUUID": "11cfa8a6-48dd-4d8c-919c-649e96ca95a7",
              "isHook": false,
              "skipped": false
            }
          ],
          "suites": [],
          "passes": [
            "e6d70bf2-628e-44ec-b4a1-041b8171903d",
            "3febf307-d64c-4207-94cf-3cdba83b237d",
            "dacf578a-113a-424d-a6f7-d3b659089397",
            "e3b27cd1-89d3-427c-83a8-1de8a90210e8",
            "afc3d6e1-6431-41ce-989c-cf13d5f61b2d",
            "25eec1af-905f-43d2-af72-9969f85e98c1",
            "c89d0876-a54a-4035-a7e5-804fac90dfab"
          ],
          "failures": [],
          "pending": [],
          "skipped": [],
          "duration": 1269,
          "root": false,
          "rootEmpty": false,
          "_timeout": 2000
        },
        {
          "uuid": "7d40cf9d-1094-4eb5-8f07-32e44e162059",
          "title": "3 - Adicione a cor **preta** como a primeira cor da paleta de cores.",
          "fullFile": "",
          "file": "",
          "beforeHooks": [],
          "afterHooks": [],
          "tests": [
            {
              "title": "Verifica se a primeira cor da paleta é preta",
              "fullTitle": "3 - Adicione a cor **preta** como a primeira cor da paleta de cores. Verifica se a primeira cor da paleta é preta",
              "timedOut": null,
              "duration": 136,
              "state": "passed",
              "speed": "slow",
              "pass": true,
              "fail": false,
              "pending": false,
              "context": null,
              "code": "cy.get('.color').first().should('have.css', 'background-color', BLACK);",
              "err": {},
              "uuid": "d00f7c1f-1b0a-4cf8-a94f-dd778e3d4639",
              "parentUUID": "7d40cf9d-1094-4eb5-8f07-32e44e162059",
              "isHook": false,
              "skipped": false
            },
            {
              "title": "Verifica se as demais cores podem ser escolhidas livremente.",
              "fullTitle": "3 - Adicione a cor **preta** como a primeira cor da paleta de cores. Verifica se as demais cores podem ser escolhidas livremente.",
              "timedOut": null,
              "duration": 290,
              "state": "passed",
              "speed": "slow",
              "pass": true,
              "fail": false,
              "pending": false,
              "context": null,
              "code": "cy.get('.color').eq(1).should('not.have.css', 'background-color', BLACK);\ncy.get('.color').eq(1).should('not.have.css', 'background-color', WHITE);\ncy.get('.color').eq(1).should('not.have.css', 'background-color', 'rgba(0, 0, 0, 0)');\ncy.get('.color').eq(1).should('have.css', 'background-color');\ncy.get('.color').eq(2).should('not.have.css', 'background-color', BLACK);\ncy.get('.color').eq(2).should('not.have.css', 'background-color', WHITE);\ncy.get('.color').eq(2).should('not.have.css', 'background-color', 'rgba(0, 0, 0, 0)');\ncy.get('.color').eq(2).should('have.css', 'background-color');\ncy.get('.color').eq(3).should('not.have.css', 'background-color', BLACK);\ncy.get('.color').eq(3).should('not.have.css', 'background-color', WHITE);\ncy.get('.color').eq(3).should('not.have.css', 'background-color', 'rgba(0, 0, 0, 0)');\ncy.get('.color').eq(3).should('have.css', 'background-color');",
              "err": {},
              "uuid": "4013b809-9295-4b22-9819-d37e592d3890",
              "parentUUID": "7d40cf9d-1094-4eb5-8f07-32e44e162059",
              "isHook": false,
              "skipped": false
            }
          ],
          "suites": [],
          "passes": [
            "d00f7c1f-1b0a-4cf8-a94f-dd778e3d4639",
            "4013b809-9295-4b22-9819-d37e592d3890"
          ],
          "failures": [],
          "pending": [],
          "skipped": [],
          "duration": 426,
          "root": false,
          "rootEmpty": false,
          "_timeout": 2000
        },
        {
          "uuid": "1d37ec44-34ea-417d-b57c-8826df8213ad",
          "title": "4 - Adicione à página um quadro de pixels, com 25 pixels.",
          "fullFile": "",
          "file": "",
          "beforeHooks": [],
          "afterHooks": [],
          "tests": [
            {
              "title": "Verifica se o quadro de pixels possui o `id` denominado `pixel-board`",
              "fullTitle": "4 - Adicione à página um quadro de pixels, com 25 pixels. Verifica se o quadro de pixels possui o `id` denominado `pixel-board`",
              "timedOut": null,
              "duration": 144,
              "state": "passed",
              "speed": "slow",
              "pass": true,
              "fail": false,
              "pending": false,
              "context": null,
              "code": "cy.get('#pixel-board').should('be.visible');",
              "err": {},
              "uuid": "a418be4a-399d-4dd0-adbe-28ad261b1fa6",
              "parentUUID": "1d37ec44-34ea-417d-b57c-8826df8213ad",
              "isHook": false,
              "skipped": false
            },
            {
              "title": "Verifica se cada pixel individual dentro do quadro possui a `classe` denominada `pixel`.",
              "fullTitle": "4 - Adicione à página um quadro de pixels, com 25 pixels. Verifica se cada pixel individual dentro do quadro possui a `classe` denominada `pixel`.",
              "timedOut": null,
              "duration": 4554,
              "state": "failed",
              "speed": null,
              "pass": false,
              "fail": true,
              "pending": false,
              "context": null,
              "code": "cy.get('.pixel').should('have.length', 25);",
              "err": {
                "message": "CypressError: Timed out retrying: Too many elements found. Found '100', expected '25'.",
                "estack": "CypressError: Timed out retrying: Too many elements found. Found '100', expected '25'.\n    at cypressErr (http://localhost:41239/__cypress/runner/cypress_runner.js:149934:9)\n    at throwErr (http://localhost:41239/__cypress/runner/cypress_runner.js:149867:11)\n    at Object.throwErrByPath (http://localhost:41239/__cypress/runner/cypress_runner.js:149915:3)\n    at retry (http://localhost:41239/__cypress/runner/cypress_runner.js:144197:19)\n    at onFailFn (http://localhost:41239/__cypress/runner/cypress_runner.js:132448:16)\n    at tryCatcher (http://localhost:41239/__cypress/runner/cypress_runner.js:167415:23)\n    at Promise._settlePromiseFromHandler (http://localhost:41239/__cypress/runner/cypress_runner.js:165351:31)\n    at Promise._settlePromise (http://localhost:41239/__cypress/runner/cypress_runner.js:165408:18)\n    at Promise._settlePromise0 (http://localhost:41239/__cypress/runner/cypress_runner.js:165453:10)\n    at Promise._settlePromises (http://localhost:41239/__cypress/runner/cypress_runner.js:165528:18)\n    at Async../node_modules/bluebird/js/release/async.js.Async._drainQueue (http://localhost:41239/__cypress/runner/cypress_runner.js:162140:16)\n    at Async../node_modules/bluebird/js/release/async.js.Async._drainQueues (http://localhost:41239/__cypress/runner/cypress_runner.js:162150:10)\n    at Async.drainQueues (http://localhost:41239/__cypress/runner/cypress_runner.js:162024:14)",
                "diff": null
              },
              "uuid": "c91858e6-0602-486e-9b4a-dcdde3440645",
              "parentUUID": "1d37ec44-34ea-417d-b57c-8826df8213ad",
              "isHook": false,
              "skipped": false
            },
            {
              "title": "Verifica se a cor inicial dos pixels dentro do quadro, ao abrir a página, é branca.",
              "fullTitle": "4 - Adicione à página um quadro de pixels, com 25 pixels. Verifica se a cor inicial dos pixels dentro do quadro, ao abrir a página, é branca.",
              "timedOut": null,
              "duration": 4678,
              "state": "failed",
              "speed": null,
              "pass": false,
              "fail": true,
              "pending": false,
              "context": null,
              "code": "cy.get('.pixel').should('have.length', 25).each(function (pixel) {\n  expect(pixel).to.have.css('background-color', WHITE);\n});",
              "err": {
                "message": "CypressError: Timed out retrying: Too many elements found. Found '100', expected '25'.",
                "estack": "CypressError: Timed out retrying: Too many elements found. Found '100', expected '25'.\n    at cypressErr (http://localhost:41239/__cypress/runner/cypress_runner.js:149934:9)\n    at throwErr (http://localhost:41239/__cypress/runner/cypress_runner.js:149867:11)\n    at Object.throwErrByPath (http://localhost:41239/__cypress/runner/cypress_runner.js:149915:3)\n    at retry (http://localhost:41239/__cypress/runner/cypress_runner.js:144197:19)\n    at onFailFn (http://localhost:41239/__cypress/runner/cypress_runner.js:132448:16)\n    at tryCatcher (http://localhost:41239/__cypress/runner/cypress_runner.js:167415:23)\n    at Promise._settlePromiseFromHandler (http://localhost:41239/__cypress/runner/cypress_runner.js:165351:31)\n    at Promise._settlePromise (http://localhost:41239/__cypress/runner/cypress_runner.js:165408:18)\n    at Promise._settlePromise0 (http://localhost:41239/__cypress/runner/cypress_runner.js:165453:10)\n    at Promise._settlePromises (http://localhost:41239/__cypress/runner/cypress_runner.js:165528:18)\n    at Async../node_modules/bluebird/js/release/async.js.Async._drainQueue (http://localhost:41239/__cypress/runner/cypress_runner.js:162140:16)\n    at Async../node_modules/bluebird/js/release/async.js.Async._drainQueues (http://localhost:41239/__cypress/runner/cypress_runner.js:162150:10)\n    at Async.drainQueues (http://localhost:41239/__cypress/runner/cypress_runner.js:162024:14)",
                "diff": null
              },
              "uuid": "60cb2dd3-f7db-4852-82b1-a32ba737543e",
              "parentUUID": "1d37ec44-34ea-417d-b57c-8826df8213ad",
              "isHook": false,
              "skipped": false
            },
            {
              "title": "Verifica se o quadro de pixels aparece abaixo da paleta de cores",
              "fullTitle": "4 - Adicione à página um quadro de pixels, com 25 pixels. Verifica se o quadro de pixels aparece abaixo da paleta de cores",
              "timedOut": null,
              "duration": 227,
              "state": "passed",
              "speed": "slow",
              "pass": true,
              "fail": false,
              "pending": false,
              "context": null,
              "code": "cy.get('#color-palette').then(function (palette) {\n  cy.get('#pixel-board').should('be.belowOf', palette);\n});",
              "err": {},
              "uuid": "6e6432e4-f8c8-45e3-9808-e1c9d4aed7d8",
              "parentUUID": "1d37ec44-34ea-417d-b57c-8826df8213ad",
              "isHook": false,
              "skipped": false
            }
          ],
          "suites": [],
          "passes": [
            "a418be4a-399d-4dd0-adbe-28ad261b1fa6",
            "6e6432e4-f8c8-45e3-9808-e1c9d4aed7d8"
          ],
          "failures": [
            "c91858e6-0602-486e-9b4a-dcdde3440645",
            "60cb2dd3-f7db-4852-82b1-a32ba737543e"
          ],
          "pending": [],
          "skipped": [],
          "duration": 9603,
          "root": false,
          "rootEmpty": false,
          "_timeout": 2000
        },
        {
          "uuid": "5873e0e3-f66b-469c-9cd3-b83e9ccc9743",
          "title": "5 - Faça com que cada elemento do quadro de pixels possua 40 pixels de largura, 40 pixels de altura e seja delimitado por uma borda preta de 1 pixel.",
          "fullFile": "",
          "file": "",
          "beforeHooks": [],
          "afterHooks": [],
          "tests": [
            {
              "title": "Verifica se o quadro de pixels tem altura e comprimento de 5 elementos",
              "fullTitle": "5 - Faça com que cada elemento do quadro de pixels possua 40 pixels de largura, 40 pixels de altura e seja delimitado por uma borda preta de 1 pixel. Verifica se o quadro de pixels tem altura e comprimento de 5 elementos",
              "timedOut": null,
              "duration": 4624,
              "state": "failed",
              "speed": null,
              "pass": false,
              "fail": true,
              "pending": false,
              "context": null,
              "code": "cy.get('.pixel').should('have.length', 25).each(function (pixel) {\n  expect(pixel).to.have.css('background-color', WHITE);\n}).and(function (pixels) {\n  var rows = chunk(pixels, 5);\n  rows.forEach(function (row) {\n    for (var index = 1; index < row.length; index += 1) {\n      var current = pixels[index];\n      var previous = pixels[index - 1];\n      cy.wrap(current).should('be.onTheRightOf', previous).and('be.horizontallyAlignedWith', previous);\n    }\n  });\n  for (var index = 1; index < 5; index += 1) {\n    expect(pixels[index * 5]).to.be.belowOf(pixels[(index - 1) * 5]);\n  }\n});",
              "err": {
                "message": "CypressError: Timed out retrying: Too many elements found. Found '100', expected '25'.",
                "estack": "CypressError: Timed out retrying: Too many elements found. Found '100', expected '25'.\n    at cypressErr (http://localhost:41239/__cypress/runner/cypress_runner.js:149934:9)\n    at throwErr (http://localhost:41239/__cypress/runner/cypress_runner.js:149867:11)\n    at Object.throwErrByPath (http://localhost:41239/__cypress/runner/cypress_runner.js:149915:3)\n    at retry (http://localhost:41239/__cypress/runner/cypress_runner.js:144197:19)\n    at onFailFn (http://localhost:41239/__cypress/runner/cypress_runner.js:132448:16)\n    at tryCatcher (http://localhost:41239/__cypress/runner/cypress_runner.js:167415:23)\n    at Promise._settlePromiseFromHandler (http://localhost:41239/__cypress/runner/cypress_runner.js:165351:31)\n    at Promise._settlePromise (http://localhost:41239/__cypress/runner/cypress_runner.js:165408:18)\n    at Promise._settlePromise0 (http://localhost:41239/__cypress/runner/cypress_runner.js:165453:10)\n    at Promise._settlePromises (http://localhost:41239/__cypress/runner/cypress_runner.js:165528:18)\n    at Async../node_modules/bluebird/js/release/async.js.Async._drainQueue (http://localhost:41239/__cypress/runner/cypress_runner.js:162140:16)\n    at Async../node_modules/bluebird/js/release/async.js.Async._drainQueues (http://localhost:41239/__cypress/runner/cypress_runner.js:162150:10)\n    at Async.drainQueues (http://localhost:41239/__cypress/runner/cypress_runner.js:162024:14)",
                "diff": null
              },
              "uuid": "2d5991c6-4c32-456c-bf5b-52bbdea3cc75",
              "parentUUID": "5873e0e3-f66b-469c-9cd3-b83e9ccc9743",
              "isHook": false,
              "skipped": false
            },
            {
              "title": "Verifica se 40 pixels é o tamanho total do elemento, incluindo seu conteúdo e excluindo a borda preta, que deve ser criada à parte.",
              "fullTitle": "5 - Faça com que cada elemento do quadro de pixels possua 40 pixels de largura, 40 pixels de altura e seja delimitado por uma borda preta de 1 pixel. Verifica se 40 pixels é o tamanho total do elemento, incluindo seu conteúdo e excluindo a borda preta, que deve ser criada à parte.",
              "timedOut": null,
              "duration": 1248,
              "state": "passed",
              "speed": "slow",
              "pass": true,
              "fail": false,
              "pending": false,
              "context": null,
              "code": "cy.get('.pixel').each(function (pixel) {\n  cy.wrap(pixel).should('have.css', 'height', '40px').and('have.css', 'width', '40px').and('have.css', 'border', \"1px solid \".concat(BLACK));\n});",
              "err": {},
              "uuid": "cdec2af1-7776-4a7d-84eb-7363062c0fd8",
              "parentUUID": "5873e0e3-f66b-469c-9cd3-b83e9ccc9743",
              "isHook": false,
              "skipped": false
            }
          ],
          "suites": [],
          "passes": [
            "cdec2af1-7776-4a7d-84eb-7363062c0fd8"
          ],
          "failures": [
            "2d5991c6-4c32-456c-bf5b-52bbdea3cc75"
          ],
          "pending": [],
          "skipped": [],
          "duration": 5872,
          "root": false,
          "rootEmpty": false,
          "_timeout": 2000
        },
        {
          "uuid": "e14cda0f-5b91-45e8-bca6-8a73ef3f2893",
          "title": "6 - Defina a cor preta como cor inicial. Ao carregar a página a cor preta já deve estar selecionada para pintar os pixels",
          "fullFile": "",
          "file": "",
          "beforeHooks": [],
          "afterHooks": [],
          "tests": [
            {
              "title": "Verifica se o elemento da cor preta possui, inicialmente, a `classe` `selected`",
              "fullTitle": "6 - Defina a cor preta como cor inicial. Ao carregar a página a cor preta já deve estar selecionada para pintar os pixels Verifica se o elemento da cor preta possui, inicialmente, a `classe` `selected`",
              "timedOut": null,
              "duration": 217,
              "state": "passed",
              "speed": "slow",
              "pass": true,
              "fail": false,
              "pending": false,
              "context": null,
              "code": "cy.get('.selected').first().should('have.css', 'background-color', BLACK);",
              "err": {},
              "uuid": "e9fe486a-6ed7-4e6b-ae7b-f68edbbc6c14",
              "parentUUID": "e14cda0f-5b91-45e8-bca6-8a73ef3f2893",
              "isHook": false,
              "skipped": false
            },
            {
              "title": "Verifica se nenhuma outra cor da paleta tem a `classe` `selected`",
              "fullTitle": "6 - Defina a cor preta como cor inicial. Ao carregar a página a cor preta já deve estar selecionada para pintar os pixels Verifica se nenhuma outra cor da paleta tem a `classe` `selected`",
              "timedOut": null,
              "duration": 132,
              "state": "passed",
              "speed": "slow",
              "pass": true,
              "fail": false,
              "pending": false,
              "context": null,
              "code": "cy.get('.color:not(:first-child)').each(function (color) {\n  cy.wrap(color).should('not.have.class', 'selected');\n});",
              "err": {},
              "uuid": "3d77c50d-0baa-4f5f-adbe-b73da323a37e",
              "parentUUID": "e14cda0f-5b91-45e8-bca6-8a73ef3f2893",
              "isHook": false,
              "skipped": false
            }
          ],
          "suites": [],
          "passes": [
            "e9fe486a-6ed7-4e6b-ae7b-f68edbbc6c14",
            "3d77c50d-0baa-4f5f-adbe-b73da323a37e"
          ],
          "failures": [],
          "pending": [],
          "skipped": [],
          "duration": 349,
          "root": false,
          "rootEmpty": false,
          "_timeout": 2000
        },
        {
          "uuid": "0a05272b-7065-4e53-aae8-f24970d797fe",
          "title": "7 - Clicar em uma das cores da paleta, faz com que ela seja selecionada e utilizada para preencher os pixels no quadro.",
          "fullFile": "",
          "file": "",
          "beforeHooks": [],
          "afterHooks": [],
          "tests": [
            {
              "title": "Verifica se somente uma cor da paleta de cores tem a classe `selected` de cada vez",
              "fullTitle": "7 - Clicar em uma das cores da paleta, faz com que ela seja selecionada e utilizada para preencher os pixels no quadro. Verifica se somente uma cor da paleta de cores tem a classe `selected` de cada vez",
              "timedOut": null,
              "duration": 530,
              "state": "passed",
              "speed": "slow",
              "pass": true,
              "fail": false,
              "pending": false,
              "context": null,
              "code": "cy.get('.color').each(function (selectedColor, selectedColorIndex) {\n  cy.wrap(selectedColor).click();\n  cy.get('.color').each(function (color, colorIndex) {\n    if (colorIndex === selectedColorIndex) {\n      expect(color).to.have[\"class\"]('selected');\n    } else {\n      expect(color).not.to.have[\"class\"]('selected');\n    }\n  });\n});",
              "err": {},
              "uuid": "203ca837-b318-4fe7-8da1-1bb26ad28f04",
              "parentUUID": "0a05272b-7065-4e53-aae8-f24970d797fe",
              "isHook": false,
              "skipped": false
            },
            {
              "title": "Verifica se os pixels dentro do quadro não têm a classe `selected` quando são clicados",
              "fullTitle": "7 - Clicar em uma das cores da paleta, faz com que ela seja selecionada e utilizada para preencher os pixels no quadro. Verifica se os pixels dentro do quadro não têm a classe `selected` quando são clicados",
              "timedOut": null,
              "duration": 35561,
              "state": "passed",
              "speed": "slow",
              "pass": true,
              "fail": false,
              "pending": false,
              "context": null,
              "code": "cy.get('.color').each(function (color) {\n  var backgroundColor = color.css('background-color');\n  cy.wrap(color).click();\n  cy.get('.pixel').each(function (pixel) {\n    cy.wrap(pixel).click().should('not.have.class', 'selected');\n  });\n});",
              "err": {},
              "uuid": "54d879d8-d168-4eab-8b49-45e00a3935f1",
              "parentUUID": "0a05272b-7065-4e53-aae8-f24970d797fe",
              "isHook": false,
              "skipped": false
            }
          ],
          "suites": [],
          "passes": [
            "203ca837-b318-4fe7-8da1-1bb26ad28f04",
            "54d879d8-d168-4eab-8b49-45e00a3935f1"
          ],
          "failures": [],
          "pending": [],
          "skipped": [],
          "duration": 36091,
          "root": false,
          "rootEmpty": false,
          "_timeout": 2000
        },
        {
          "uuid": "32e42bb8-076b-40e4-a92f-e8ffa7a43526",
          "title": "8 - Clicar em um pixel dentro do quadro após selecionar uma cor na paleta, faz com que o pixel seja preenchido com a cor selecionada.",
          "fullFile": "",
          "file": "",
          "beforeHooks": [],
          "afterHooks": [],
          "tests": [
            {
              "title": "Verifica se ao carregar a página deve ser possível pintar os pixels de preto",
              "fullTitle": "8 - Clicar em um pixel dentro do quadro após selecionar uma cor na paleta, faz com que o pixel seja preenchido com a cor selecionada. Verifica se ao carregar a página deve ser possível pintar os pixels de preto",
              "timedOut": null,
              "duration": 8860,
              "state": "passed",
              "speed": "slow",
              "pass": true,
              "fail": false,
              "pending": false,
              "context": null,
              "code": "cy.get('.pixel').each(function (pixel) {\n  cy.wrap(pixel).click().should('have.css', 'background-color', BLACK);\n});",
              "err": {},
              "uuid": "be466ebf-3a46-4878-81b4-cb85f292eb98",
              "parentUUID": "32e42bb8-076b-40e4-a92f-e8ffa7a43526",
              "isHook": false,
              "skipped": false
            },
            {
              "title": "Verifica se após selecionar uma outra cor na paleta, é possível pintar os pixels com essa cor",
              "fullTitle": "8 - Clicar em um pixel dentro do quadro após selecionar uma cor na paleta, faz com que o pixel seja preenchido com a cor selecionada. Verifica se após selecionar uma outra cor na paleta, é possível pintar os pixels com essa cor",
              "timedOut": null,
              "duration": 35311,
              "state": "passed",
              "speed": "slow",
              "pass": true,
              "fail": false,
              "pending": false,
              "context": null,
              "code": "cy.get('.color').each(function (color) {\n  var backgroundColor = color.css('background-color');\n  cy.wrap(color).click();\n  cy.get('.pixel').each(function (pixel) {\n    cy.wrap(pixel).click().should('have.css', 'background-color', backgroundColor);\n  });\n});",
              "err": {},
              "uuid": "c1285a97-bec9-4196-85bc-67258904988f",
              "parentUUID": "32e42bb8-076b-40e4-a92f-e8ffa7a43526",
              "isHook": false,
              "skipped": false
            },
            {
              "title": "Verifica se somente o pixel que foi clicado foi preenchido com a cor selecionada, sem influenciar na cor dos demais pixels.",
              "fullTitle": "8 - Clicar em um pixel dentro do quadro após selecionar uma cor na paleta, faz com que o pixel seja preenchido com a cor selecionada. Verifica se somente o pixel que foi clicado foi preenchido com a cor selecionada, sem influenciar na cor dos demais pixels.",
              "timedOut": null,
              "duration": 5658,
              "state": "passed",
              "speed": "slow",
              "pass": true,
              "fail": false,
              "pending": false,
              "context": null,
              "code": "var colorToPixelIndexMap = {\n  0: 6,\n  1: 8,\n  2: 16,\n  3: 18\n};\ncy.get('.color').each(function (color, index) {\n  cy.wrap(color).click();\n  var backgroundColor = color.css('background-color');\n  var clickedPixelIndex = colorToPixelIndexMap[index];\n  cy.get('.pixel').eq(clickedPixelIndex).click();\n  cy.get('.pixel').eq(clickedPixelIndex - 1).should('not.have.css', 'background-color', backgroundColor);\n  cy.get('.pixel').eq(clickedPixelIndex + 1).should('not.have.css', 'background-color', backgroundColor);\n  cy.get('.pixel').eq(clickedPixelIndex - 5).should('not.have.css', 'background-color', backgroundColor);\n  cy.get('.pixel').eq(clickedPixelIndex + 5).should('not.have.css', 'background-color', backgroundColor);\n  cy.get('.pixel').eq(clickedPixelIndex - 6).should('not.have.css', 'background-color', backgroundColor);\n  cy.get('.pixel').eq(clickedPixelIndex - 4).should('not.have.css', 'background-color', backgroundColor);\n  cy.get('.pixel').eq(clickedPixelIndex + 4).should('not.have.css', 'background-color', backgroundColor);\n  cy.get('.pixel').eq(clickedPixelIndex + 6).should('not.have.css', 'background-color', backgroundColor);\n});",
              "err": {},
              "uuid": "eb8c30ad-37d9-48e8-aa61-9d6c3385d41a",
              "parentUUID": "32e42bb8-076b-40e4-a92f-e8ffa7a43526",
              "isHook": false,
              "skipped": false
            }
          ],
          "suites": [],
          "passes": [
            "be466ebf-3a46-4878-81b4-cb85f292eb98",
            "c1285a97-bec9-4196-85bc-67258904988f",
            "eb8c30ad-37d9-48e8-aa61-9d6c3385d41a"
          ],
          "failures": [],
          "pending": [],
          "skipped": [],
          "duration": 49829,
          "root": false,
          "rootEmpty": false,
          "_timeout": 2000
        },
        {
          "uuid": "ef08e186-8ca0-4e29-9f22-fd1fe5934b79",
          "title": "9 - Crie um botão que, ao ser clicado, limpa o quadro preenchendo a cor de todos seus pixels com branco.",
          "fullFile": "",
          "file": "",
          "beforeHooks": [],
          "afterHooks": [],
          "tests": [
            {
              "title": "Verifica se o botão tem o `id` denominado `clear-board`",
              "fullTitle": "9 - Crie um botão que, ao ser clicado, limpa o quadro preenchendo a cor de todos seus pixels com branco. Verifica se o botão tem o `id` denominado `clear-board`",
              "timedOut": null,
              "duration": 4391,
              "state": "failed",
              "speed": null,
              "pass": false,
              "fail": true,
              "pending": false,
              "context": null,
              "code": "cy.get('#clear-board').should('be.visible');",
              "err": {
                "message": "CypressError: Timed out retrying: Expected to find element: '#clear-board', but never found it.",
                "estack": "CypressError: Timed out retrying: Expected to find element: '#clear-board', but never found it.\n    at cypressErr (http://localhost:41239/__cypress/runner/cypress_runner.js:149934:9)\n    at throwErr (http://localhost:41239/__cypress/runner/cypress_runner.js:149867:11)\n    at Object.throwErrByPath (http://localhost:41239/__cypress/runner/cypress_runner.js:149915:3)\n    at retry (http://localhost:41239/__cypress/runner/cypress_runner.js:144197:19)\n    at onFailFn (http://localhost:41239/__cypress/runner/cypress_runner.js:132448:16)\n    at tryCatcher (http://localhost:41239/__cypress/runner/cypress_runner.js:167415:23)\n    at Promise._settlePromiseFromHandler (http://localhost:41239/__cypress/runner/cypress_runner.js:165351:31)\n    at Promise._settlePromise (http://localhost:41239/__cypress/runner/cypress_runner.js:165408:18)\n    at Promise._settlePromise0 (http://localhost:41239/__cypress/runner/cypress_runner.js:165453:10)\n    at Promise._settlePromises (http://localhost:41239/__cypress/runner/cypress_runner.js:165528:18)\n    at Async../node_modules/bluebird/js/release/async.js.Async._drainQueue (http://localhost:41239/__cypress/runner/cypress_runner.js:162140:16)\n    at Async../node_modules/bluebird/js/release/async.js.Async._drainQueues (http://localhost:41239/__cypress/runner/cypress_runner.js:162150:10)\n    at Async.drainQueues (http://localhost:41239/__cypress/runner/cypress_runner.js:162024:14)",
                "diff": null
              },
              "uuid": "6aae17f1-d4ed-4a36-b250-9501bec5df80",
              "parentUUID": "ef08e186-8ca0-4e29-9f22-fd1fe5934b79",
              "isHook": false,
              "skipped": false
            },
            {
              "title": "Verifica se o botão está posicionado entre a paleta de cores e o quadro de pixels",
              "fullTitle": "9 - Crie um botão que, ao ser clicado, limpa o quadro preenchendo a cor de todos seus pixels com branco. Verifica se o botão está posicionado entre a paleta de cores e o quadro de pixels",
              "timedOut": null,
              "duration": 4400,
              "state": "failed",
              "speed": null,
              "pass": false,
              "fail": true,
              "pending": false,
              "context": null,
              "code": "cy.get('#color-palette').then(function (palette) {\n  cy.get('#clear-board').should('be.belowOf', palette);\n});\ncy.get('#clear-board').then(function (clearBtn) {\n  cy.get('#pixel-board').should('be.belowOf', clearBtn);\n});",
              "err": {
                "message": "CypressError: Timed out retrying: Expected to find element: '#clear-board', but never found it.",
                "estack": "CypressError: Timed out retrying: Expected to find element: '#clear-board', but never found it.\n    at cypressErr (http://localhost:41239/__cypress/runner/cypress_runner.js:149934:9)\n    at throwErr (http://localhost:41239/__cypress/runner/cypress_runner.js:149867:11)\n    at Object.throwErrByPath (http://localhost:41239/__cypress/runner/cypress_runner.js:149915:3)\n    at retry (http://localhost:41239/__cypress/runner/cypress_runner.js:144197:19)\n    at onFailFn (http://localhost:41239/__cypress/runner/cypress_runner.js:132448:16)\n    at tryCatcher (http://localhost:41239/__cypress/runner/cypress_runner.js:167415:23)\n    at Promise._settlePromiseFromHandler (http://localhost:41239/__cypress/runner/cypress_runner.js:165351:31)\n    at Promise._settlePromise (http://localhost:41239/__cypress/runner/cypress_runner.js:165408:18)\n    at Promise._settlePromise0 (http://localhost:41239/__cypress/runner/cypress_runner.js:165453:10)\n    at Promise._settlePromises (http://localhost:41239/__cypress/runner/cypress_runner.js:165528:18)\n    at Async../node_modules/bluebird/js/release/async.js.Async._drainQueue (http://localhost:41239/__cypress/runner/cypress_runner.js:162140:16)\n    at Async../node_modules/bluebird/js/release/async.js.Async._drainQueues (http://localhost:41239/__cypress/runner/cypress_runner.js:162150:10)\n    at Async.drainQueues (http://localhost:41239/__cypress/runner/cypress_runner.js:162024:14)",
                "diff": null
              },
              "uuid": "4fda3025-d2bc-4652-a166-e39af6693e8e",
              "parentUUID": "ef08e186-8ca0-4e29-9f22-fd1fe5934b79",
              "isHook": false,
              "skipped": false
            },
            {
              "title": "Verifica se o texto do botão é 'Limpar'",
              "fullTitle": "9 - Crie um botão que, ao ser clicado, limpa o quadro preenchendo a cor de todos seus pixels com branco. Verifica se o texto do botão é 'Limpar'",
              "timedOut": null,
              "duration": 4369,
              "state": "failed",
              "speed": null,
              "pass": false,
              "fail": true,
              "pending": false,
              "context": null,
              "code": "cy.get('#clear-board').should('contain.text', 'Limpar');",
              "err": {
                "message": "CypressError: Timed out retrying: Expected to find element: '#clear-board', but never found it.",
                "estack": "CypressError: Timed out retrying: Expected to find element: '#clear-board', but never found it.\n    at cypressErr (http://localhost:41239/__cypress/runner/cypress_runner.js:149934:9)\n    at throwErr (http://localhost:41239/__cypress/runner/cypress_runner.js:149867:11)\n    at Object.throwErrByPath (http://localhost:41239/__cypress/runner/cypress_runner.js:149915:3)\n    at retry (http://localhost:41239/__cypress/runner/cypress_runner.js:144197:19)\n    at onFailFn (http://localhost:41239/__cypress/runner/cypress_runner.js:132448:16)\n    at tryCatcher (http://localhost:41239/__cypress/runner/cypress_runner.js:167415:23)\n    at Promise._settlePromiseFromHandler (http://localhost:41239/__cypress/runner/cypress_runner.js:165351:31)\n    at Promise._settlePromise (http://localhost:41239/__cypress/runner/cypress_runner.js:165408:18)\n    at Promise._settlePromise0 (http://localhost:41239/__cypress/runner/cypress_runner.js:165453:10)\n    at Promise._settlePromises (http://localhost:41239/__cypress/runner/cypress_runner.js:165528:18)\n    at Async../node_modules/bluebird/js/release/async.js.Async._drainQueue (http://localhost:41239/__cypress/runner/cypress_runner.js:162140:16)\n    at Async../node_modules/bluebird/js/release/async.js.Async._drainQueues (http://localhost:41239/__cypress/runner/cypress_runner.js:162150:10)\n    at Async.drainQueues (http://localhost:41239/__cypress/runner/cypress_runner.js:162024:14)",
                "diff": null
              },
              "uuid": "00985225-6b68-46e0-a6fc-192311a582cc",
              "parentUUID": "ef08e186-8ca0-4e29-9f22-fd1fe5934b79",
              "isHook": false,
              "skipped": false
            },
            {
              "title": "Verifica se ao clicar no botão, o quadro de pixels é totalmente preenchido de branco",
              "fullTitle": "9 - Crie um botão que, ao ser clicado, limpa o quadro preenchendo a cor de todos seus pixels com branco. Verifica se ao clicar no botão, o quadro de pixels é totalmente preenchido de branco",
              "timedOut": null,
              "duration": 13229,
              "state": "failed",
              "speed": null,
              "pass": false,
              "fail": true,
              "pending": false,
              "context": null,
              "code": "cy.get('.color').eq(1).then(function (color) {\n  var backgroundColor = color.css('background-color');\n  cy.wrap(color).click();\n  cy.get('.pixel').each(function (pixel) {\n    cy.wrap(pixel).click().should('have.css', 'background-color', backgroundColor);\n  });\n});\ncy.get('#clear-board').click();\ncy.get('.pixel').each(function (pixel) {\n  cy.wrap(pixel).should('have.css', 'background-color', WHITE);\n});",
              "err": {
                "message": "CypressError: Timed out retrying: Expected to find element: '#clear-board', but never found it.",
                "estack": "CypressError: Timed out retrying: Expected to find element: '#clear-board', but never found it.\n    at cypressErr (http://localhost:41239/__cypress/runner/cypress_runner.js:149934:9)\n    at throwErr (http://localhost:41239/__cypress/runner/cypress_runner.js:149867:11)\n    at Object.throwErrByPath (http://localhost:41239/__cypress/runner/cypress_runner.js:149915:3)\n    at retry (http://localhost:41239/__cypress/runner/cypress_runner.js:144197:19)\n    at onFailFn (http://localhost:41239/__cypress/runner/cypress_runner.js:132448:16)\n    at tryCatcher (http://localhost:41239/__cypress/runner/cypress_runner.js:167415:23)\n    at Promise._settlePromiseFromHandler (http://localhost:41239/__cypress/runner/cypress_runner.js:165351:31)\n    at Promise._settlePromise (http://localhost:41239/__cypress/runner/cypress_runner.js:165408:18)\n    at Promise._settlePromise0 (http://localhost:41239/__cypress/runner/cypress_runner.js:165453:10)\n    at Promise._settlePromises (http://localhost:41239/__cypress/runner/cypress_runner.js:165528:18)\n    at Async../node_modules/bluebird/js/release/async.js.Async._drainQueue (http://localhost:41239/__cypress/runner/cypress_runner.js:162140:16)\n    at Async../node_modules/bluebird/js/release/async.js.Async._drainQueues (http://localhost:41239/__cypress/runner/cypress_runner.js:162150:10)\n    at Async.drainQueues (http://localhost:41239/__cypress/runner/cypress_runner.js:162024:14)",
                "diff": null
              },
              "uuid": "68e3f6c5-457b-42e2-8e35-2dae0d28f7b1",
              "parentUUID": "ef08e186-8ca0-4e29-9f22-fd1fe5934b79",
              "isHook": false,
              "skipped": false
            }
          ],
          "suites": [],
          "passes": [],
          "failures": [
            "6aae17f1-d4ed-4a36-b250-9501bec5df80",
            "4fda3025-d2bc-4652-a166-e39af6693e8e",
            "00985225-6b68-46e0-a6fc-192311a582cc",
            "68e3f6c5-457b-42e2-8e35-2dae0d28f7b1"
          ],
          "pending": [],
          "skipped": [],
          "duration": 26389,
          "root": false,
          "rootEmpty": false,
          "_timeout": 2000
        },
        {
          "uuid": "3cd27d49-a571-45a0-89d3-eccdfbc5d492",
          "title": "10 - Faça o quadro de pixels ter seu tamanho definido pelo usuário.",
          "fullFile": "",
          "file": "",
          "beforeHooks": [],
          "afterHooks": [],
          "tests": [
            {
              "title": "Verifica se existe um input com o id `board-size`",
              "fullTitle": "10 - Faça o quadro de pixels ter seu tamanho definido pelo usuário. Verifica se existe um input com o id `board-size`",
              "timedOut": null,
              "duration": 4589,
              "state": "failed",
              "speed": null,
              "pass": false,
              "fail": true,
              "pending": false,
              "context": null,
              "code": "cy.get('#board-size').should('be.visible');",
              "err": {
                "message": "CypressError: Timed out retrying: Expected to find element: '#board-size', but never found it.",
                "estack": "CypressError: Timed out retrying: Expected to find element: '#board-size', but never found it.\n    at cypressErr (http://localhost:41239/__cypress/runner/cypress_runner.js:149934:9)\n    at throwErr (http://localhost:41239/__cypress/runner/cypress_runner.js:149867:11)\n    at Object.throwErrByPath (http://localhost:41239/__cypress/runner/cypress_runner.js:149915:3)\n    at retry (http://localhost:41239/__cypress/runner/cypress_runner.js:144197:19)\n    at onFailFn (http://localhost:41239/__cypress/runner/cypress_runner.js:132448:16)\n    at tryCatcher (http://localhost:41239/__cypress/runner/cypress_runner.js:167415:23)\n    at Promise._settlePromiseFromHandler (http://localhost:41239/__cypress/runner/cypress_runner.js:165351:31)\n    at Promise._settlePromise (http://localhost:41239/__cypress/runner/cypress_runner.js:165408:18)\n    at Promise._settlePromise0 (http://localhost:41239/__cypress/runner/cypress_runner.js:165453:10)\n    at Promise._settlePromises (http://localhost:41239/__cypress/runner/cypress_runner.js:165528:18)\n    at Async../node_modules/bluebird/js/release/async.js.Async._drainQueue (http://localhost:41239/__cypress/runner/cypress_runner.js:162140:16)\n    at Async../node_modules/bluebird/js/release/async.js.Async._drainQueues (http://localhost:41239/__cypress/runner/cypress_runner.js:162150:10)\n    at Async.drainQueues (http://localhost:41239/__cypress/runner/cypress_runner.js:162024:14)",
                "diff": null
              },
              "uuid": "7394e672-826e-460b-95ec-b070f4f6c771",
              "parentUUID": "3cd27d49-a571-45a0-89d3-eccdfbc5d492",
              "isHook": false,
              "skipped": false
            },
            {
              "title": "Verifica se existe um botão com o id `generate-board`",
              "fullTitle": "10 - Faça o quadro de pixels ter seu tamanho definido pelo usuário. Verifica se existe um botão com o id `generate-board`",
              "timedOut": null,
              "duration": 4576,
              "state": "failed",
              "speed": null,
              "pass": false,
              "fail": true,
              "pending": false,
              "context": null,
              "code": "cy.get('#generate-board').should('be.visible');",
              "err": {
                "message": "CypressError: Timed out retrying: Expected to find element: '#generate-board', but never found it.",
                "estack": "CypressError: Timed out retrying: Expected to find element: '#generate-board', but never found it.\n    at cypressErr (http://localhost:41239/__cypress/runner/cypress_runner.js:149934:9)\n    at throwErr (http://localhost:41239/__cypress/runner/cypress_runner.js:149867:11)\n    at Object.throwErrByPath (http://localhost:41239/__cypress/runner/cypress_runner.js:149915:3)\n    at retry (http://localhost:41239/__cypress/runner/cypress_runner.js:144197:19)\n    at onFailFn (http://localhost:41239/__cypress/runner/cypress_runner.js:132448:16)\n    at tryCatcher (http://localhost:41239/__cypress/runner/cypress_runner.js:167415:23)\n    at Promise._settlePromiseFromHandler (http://localhost:41239/__cypress/runner/cypress_runner.js:165351:31)\n    at Promise._settlePromise (http://localhost:41239/__cypress/runner/cypress_runner.js:165408:18)\n    at Promise._settlePromise0 (http://localhost:41239/__cypress/runner/cypress_runner.js:165453:10)\n    at Promise._settlePromises (http://localhost:41239/__cypress/runner/cypress_runner.js:165528:18)\n    at Async../node_modules/bluebird/js/release/async.js.Async._drainQueue (http://localhost:41239/__cypress/runner/cypress_runner.js:162140:16)\n    at Async../node_modules/bluebird/js/release/async.js.Async._drainQueues (http://localhost:41239/__cypress/runner/cypress_runner.js:162150:10)\n    at Async.drainQueues (http://localhost:41239/__cypress/runner/cypress_runner.js:162024:14)",
                "diff": null
              },
              "uuid": "38cdb1ae-9e60-4327-944c-a30d45028413",
              "parentUUID": "3cd27d49-a571-45a0-89d3-eccdfbc5d492",
              "isHook": false,
              "skipped": false
            },
            {
              "title": "Verifica se o input só aceita número maiores que zero. Essa restrição deve ser feita usando os atributos do elemento `input`",
              "fullTitle": "10 - Faça o quadro de pixels ter seu tamanho definido pelo usuário. Verifica se o input só aceita número maiores que zero. Essa restrição deve ser feita usando os atributos do elemento `input`",
              "timedOut": null,
              "duration": 4554,
              "state": "failed",
              "speed": null,
              "pass": false,
              "fail": true,
              "pending": false,
              "context": null,
              "code": "cy.get('#board-size[type=\\'number\\'][min=\\'1\\']');",
              "err": {
                "message": "CypressError: Timed out retrying: Expected to find element: '#board-size[type='number'][min='1']', but never found it.",
                "estack": "CypressError: Timed out retrying: Expected to find element: '#board-size[type='number'][min='1']', but never found it.\n    at cypressErr (http://localhost:41239/__cypress/runner/cypress_runner.js:149934:9)\n    at throwErr (http://localhost:41239/__cypress/runner/cypress_runner.js:149867:11)\n    at Object.throwErrByPath (http://localhost:41239/__cypress/runner/cypress_runner.js:149915:3)\n    at retry (http://localhost:41239/__cypress/runner/cypress_runner.js:144197:19)\n    at onFailFn (http://localhost:41239/__cypress/runner/cypress_runner.js:132448:16)\n    at tryCatcher (http://localhost:41239/__cypress/runner/cypress_runner.js:167415:23)\n    at Promise._settlePromiseFromHandler (http://localhost:41239/__cypress/runner/cypress_runner.js:165351:31)\n    at Promise._settlePromise (http://localhost:41239/__cypress/runner/cypress_runner.js:165408:18)\n    at Promise._settlePromise0 (http://localhost:41239/__cypress/runner/cypress_runner.js:165453:10)\n    at Promise._settlePromises (http://localhost:41239/__cypress/runner/cypress_runner.js:165528:18)\n    at Async../node_modules/bluebird/js/release/async.js.Async._drainQueue (http://localhost:41239/__cypress/runner/cypress_runner.js:162140:16)\n    at Async../node_modules/bluebird/js/release/async.js.Async._drainQueues (http://localhost:41239/__cypress/runner/cypress_runner.js:162150:10)\n    at Async.drainQueues (http://localhost:41239/__cypress/runner/cypress_runner.js:162024:14)",
                "diff": null
              },
              "uuid": "4b5827c7-ac8e-4728-9c01-e36c3e01b88d",
              "parentUUID": "3cd27d49-a571-45a0-89d3-eccdfbc5d492",
              "isHook": false,
              "skipped": false
            },
            {
              "title": "Verifica se o botão contém o texto 'VQV'",
              "fullTitle": "10 - Faça o quadro de pixels ter seu tamanho definido pelo usuário. Verifica se o botão contém o texto 'VQV'",
              "timedOut": null,
              "duration": 4592,
              "state": "failed",
              "speed": null,
              "pass": false,
              "fail": true,
              "pending": false,
              "context": null,
              "code": "cy.get('#generate-board').contains(/vqv/i);",
              "err": {
                "message": "CypressError: Timed out retrying: Expected to find element: '#generate-board', but never found it.",
                "estack": "CypressError: Timed out retrying: Expected to find element: '#generate-board', but never found it.\n    at cypressErr (http://localhost:41239/__cypress/runner/cypress_runner.js:149934:9)\n    at throwErr (http://localhost:41239/__cypress/runner/cypress_runner.js:149867:11)\n    at Object.throwErrByPath (http://localhost:41239/__cypress/runner/cypress_runner.js:149915:3)\n    at retry (http://localhost:41239/__cypress/runner/cypress_runner.js:144197:19)\n    at onFailFn (http://localhost:41239/__cypress/runner/cypress_runner.js:132448:16)\n    at tryCatcher (http://localhost:41239/__cypress/runner/cypress_runner.js:167415:23)\n    at Promise._settlePromiseFromHandler (http://localhost:41239/__cypress/runner/cypress_runner.js:165351:31)\n    at Promise._settlePromise (http://localhost:41239/__cypress/runner/cypress_runner.js:165408:18)\n    at Promise._settlePromise0 (http://localhost:41239/__cypress/runner/cypress_runner.js:165453:10)\n    at Promise._settlePromises (http://localhost:41239/__cypress/runner/cypress_runner.js:165528:18)\n    at Async../node_modules/bluebird/js/release/async.js.Async._drainQueue (http://localhost:41239/__cypress/runner/cypress_runner.js:162140:16)\n    at Async../node_modules/bluebird/js/release/async.js.Async._drainQueues (http://localhost:41239/__cypress/runner/cypress_runner.js:162150:10)\n    at Async.drainQueues (http://localhost:41239/__cypress/runner/cypress_runner.js:162024:14)",
                "diff": null
              },
              "uuid": "fc406bc8-09cf-47cf-bcd1-cfd0b537d075",
              "parentUUID": "3cd27d49-a571-45a0-89d3-eccdfbc5d492",
              "isHook": false,
              "skipped": false
            },
            {
              "title": "Verifica se o input está posicionado entre a paleta de cores e o quadro de pixels",
              "fullTitle": "10 - Faça o quadro de pixels ter seu tamanho definido pelo usuário. Verifica se o input está posicionado entre a paleta de cores e o quadro de pixels",
              "timedOut": null,
              "duration": 4534,
              "state": "failed",
              "speed": null,
              "pass": false,
              "fail": true,
              "pending": false,
              "context": null,
              "code": "cy.get('#color-palette').then(function (palette) {\n  cy.get('#board-size').should('be.belowOf', palette);\n});\ncy.get('#board-size').then(function (palette) {\n  cy.get('#pixel-board').should('be.belowOf', palette);\n});",
              "err": {
                "message": "CypressError: Timed out retrying: Expected to find element: '#board-size', but never found it.",
                "estack": "CypressError: Timed out retrying: Expected to find element: '#board-size', but never found it.\n    at cypressErr (http://localhost:41239/__cypress/runner/cypress_runner.js:149934:9)\n    at throwErr (http://localhost:41239/__cypress/runner/cypress_runner.js:149867:11)\n    at Object.throwErrByPath (http://localhost:41239/__cypress/runner/cypress_runner.js:149915:3)\n    at retry (http://localhost:41239/__cypress/runner/cypress_runner.js:144197:19)\n    at onFailFn (http://localhost:41239/__cypress/runner/cypress_runner.js:132448:16)\n    at tryCatcher (http://localhost:41239/__cypress/runner/cypress_runner.js:167415:23)\n    at Promise._settlePromiseFromHandler (http://localhost:41239/__cypress/runner/cypress_runner.js:165351:31)\n    at Promise._settlePromise (http://localhost:41239/__cypress/runner/cypress_runner.js:165408:18)\n    at Promise._settlePromise0 (http://localhost:41239/__cypress/runner/cypress_runner.js:165453:10)\n    at Promise._settlePromises (http://localhost:41239/__cypress/runner/cypress_runner.js:165528:18)\n    at Async../node_modules/bluebird/js/release/async.js.Async._drainQueue (http://localhost:41239/__cypress/runner/cypress_runner.js:162140:16)\n    at Async../node_modules/bluebird/js/release/async.js.Async._drainQueues (http://localhost:41239/__cypress/runner/cypress_runner.js:162150:10)\n    at Async.drainQueues (http://localhost:41239/__cypress/runner/cypress_runner.js:162024:14)",
                "diff": null
              },
              "uuid": "45e4dcb2-d279-456c-9511-cdd404e44ece",
              "parentUUID": "3cd27d49-a571-45a0-89d3-eccdfbc5d492",
              "isHook": false,
              "skipped": false
            },
            {
              "title": "Verifica se o botão está posicionado ao lado do input",
              "fullTitle": "10 - Faça o quadro de pixels ter seu tamanho definido pelo usuário. Verifica se o botão está posicionado ao lado do input",
              "timedOut": null,
              "duration": 4594,
              "state": "failed",
              "speed": null,
              "pass": false,
              "fail": true,
              "pending": false,
              "context": null,
              "code": "cy.get('#board-size').then(function (board) {\n  cy.get('#generate-board').should('be.onTheRightOf', board);\n});",
              "err": {
                "message": "CypressError: Timed out retrying: Expected to find element: '#board-size', but never found it.",
                "estack": "CypressError: Timed out retrying: Expected to find element: '#board-size', but never found it.\n    at cypressErr (http://localhost:41239/__cypress/runner/cypress_runner.js:149934:9)\n    at throwErr (http://localhost:41239/__cypress/runner/cypress_runner.js:149867:11)\n    at Object.throwErrByPath (http://localhost:41239/__cypress/runner/cypress_runner.js:149915:3)\n    at retry (http://localhost:41239/__cypress/runner/cypress_runner.js:144197:19)\n    at onFailFn (http://localhost:41239/__cypress/runner/cypress_runner.js:132448:16)\n    at tryCatcher (http://localhost:41239/__cypress/runner/cypress_runner.js:167415:23)\n    at Promise._settlePromiseFromHandler (http://localhost:41239/__cypress/runner/cypress_runner.js:165351:31)\n    at Promise._settlePromise (http://localhost:41239/__cypress/runner/cypress_runner.js:165408:18)\n    at Promise._settlePromise0 (http://localhost:41239/__cypress/runner/cypress_runner.js:165453:10)\n    at Promise._settlePromises (http://localhost:41239/__cypress/runner/cypress_runner.js:165528:18)\n    at Async../node_modules/bluebird/js/release/async.js.Async._drainQueue (http://localhost:41239/__cypress/runner/cypress_runner.js:162140:16)\n    at Async../node_modules/bluebird/js/release/async.js.Async._drainQueues (http://localhost:41239/__cypress/runner/cypress_runner.js:162150:10)\n    at Async.drainQueues (http://localhost:41239/__cypress/runner/cypress_runner.js:162024:14)",
                "diff": null
              },
              "uuid": "da96c676-b373-4b37-9b58-8495bff15a35",
              "parentUUID": "3cd27d49-a571-45a0-89d3-eccdfbc5d492",
              "isHook": false,
              "skipped": false
            },
            {
              "title": "Verifica se nenhum valor for colocado no input ao clicar no botão, um `alert` é exibido com o texto: 'Board inválido!'",
              "fullTitle": "10 - Faça o quadro de pixels ter seu tamanho definido pelo usuário. Verifica se nenhum valor for colocado no input ao clicar no botão, um `alert` é exibido com o texto: 'Board inválido!'",
              "timedOut": null,
              "duration": 4567,
              "state": "failed",
              "speed": null,
              "pass": false,
              "fail": true,
              "pending": false,
              "context": null,
              "code": "var alerted = false;\ncy.on('window:alert', function (msg) {\n  return alerted = msg;\n});\ncy.get('#generate-board').click().then(function () {\n  return expect(alerted).to.match(/Board inválido!/i);\n});",
              "err": {
                "message": "CypressError: Timed out retrying: Expected to find element: '#generate-board', but never found it.",
                "estack": "CypressError: Timed out retrying: Expected to find element: '#generate-board', but never found it.\n    at cypressErr (http://localhost:41239/__cypress/runner/cypress_runner.js:149934:9)\n    at throwErr (http://localhost:41239/__cypress/runner/cypress_runner.js:149867:11)\n    at Object.throwErrByPath (http://localhost:41239/__cypress/runner/cypress_runner.js:149915:3)\n    at retry (http://localhost:41239/__cypress/runner/cypress_runner.js:144197:19)\n    at onFailFn (http://localhost:41239/__cypress/runner/cypress_runner.js:132448:16)\n    at tryCatcher (http://localhost:41239/__cypress/runner/cypress_runner.js:167415:23)\n    at Promise._settlePromiseFromHandler (http://localhost:41239/__cypress/runner/cypress_runner.js:165351:31)\n    at Promise._settlePromise (http://localhost:41239/__cypress/runner/cypress_runner.js:165408:18)\n    at Promise._settlePromise0 (http://localhost:41239/__cypress/runner/cypress_runner.js:165453:10)\n    at Promise._settlePromises (http://localhost:41239/__cypress/runner/cypress_runner.js:165528:18)\n    at Async../node_modules/bluebird/js/release/async.js.Async._drainQueue (http://localhost:41239/__cypress/runner/cypress_runner.js:162140:16)\n    at Async../node_modules/bluebird/js/release/async.js.Async._drainQueues (http://localhost:41239/__cypress/runner/cypress_runner.js:162150:10)\n    at Async.drainQueues (http://localhost:41239/__cypress/runner/cypress_runner.js:162024:14)",
                "diff": null
              },
              "uuid": "f296dc44-d148-4012-b0ee-a00d42ea665a",
              "parentUUID": "3cd27d49-a571-45a0-89d3-eccdfbc5d492",
              "isHook": false,
              "skipped": false
            },
            {
              "title": "Verifica se ao clicar no botão com um valor preenchido, o tamanho do board muda.",
              "fullTitle": "10 - Faça o quadro de pixels ter seu tamanho definido pelo usuário. Verifica se ao clicar no botão com um valor preenchido, o tamanho do board muda.",
              "timedOut": null,
              "duration": 4545,
              "state": "failed",
              "speed": null,
              "pass": false,
              "fail": true,
              "pending": false,
              "context": null,
              "code": "cy.get('#board-size').clear().type(10);\ncy.get('#generate-board').click();\ncy.get('.pixel').should('have.length', 100);",
              "err": {
                "message": "CypressError: Timed out retrying: Expected to find element: '#board-size', but never found it.",
                "estack": "CypressError: Timed out retrying: Expected to find element: '#board-size', but never found it.\n    at cypressErr (http://localhost:41239/__cypress/runner/cypress_runner.js:149934:9)\n    at throwErr (http://localhost:41239/__cypress/runner/cypress_runner.js:149867:11)\n    at Object.throwErrByPath (http://localhost:41239/__cypress/runner/cypress_runner.js:149915:3)\n    at retry (http://localhost:41239/__cypress/runner/cypress_runner.js:144197:19)\n    at onFailFn (http://localhost:41239/__cypress/runner/cypress_runner.js:132448:16)\n    at tryCatcher (http://localhost:41239/__cypress/runner/cypress_runner.js:167415:23)\n    at Promise._settlePromiseFromHandler (http://localhost:41239/__cypress/runner/cypress_runner.js:165351:31)\n    at Promise._settlePromise (http://localhost:41239/__cypress/runner/cypress_runner.js:165408:18)\n    at Promise._settlePromise0 (http://localhost:41239/__cypress/runner/cypress_runner.js:165453:10)\n    at Promise._settlePromises (http://localhost:41239/__cypress/runner/cypress_runner.js:165528:18)\n    at Async../node_modules/bluebird/js/release/async.js.Async._drainQueue (http://localhost:41239/__cypress/runner/cypress_runner.js:162140:16)\n    at Async../node_modules/bluebird/js/release/async.js.Async._drainQueues (http://localhost:41239/__cypress/runner/cypress_runner.js:162150:10)\n    at Async.drainQueues (http://localhost:41239/__cypress/runner/cypress_runner.js:162024:14)",
                "diff": null
              },
              "uuid": "700d3a50-d12d-42a6-923a-315b677956ea",
              "parentUUID": "3cd27d49-a571-45a0-89d3-eccdfbc5d492",
              "isHook": false,
              "skipped": false
            },
            {
              "title": "Verifica se o novo quadro tem todos os pixels preenchidos com a cor branca",
              "fullTitle": "10 - Faça o quadro de pixels ter seu tamanho definido pelo usuário. Verifica se o novo quadro tem todos os pixels preenchidos com a cor branca",
              "timedOut": null,
              "duration": 4538,
              "state": "failed",
              "speed": null,
              "pass": false,
              "fail": true,
              "pending": false,
              "context": null,
              "code": "cy.get('#board-size').clear().type(6);\ncy.get('#generate-board').click();\ncy.get('.pixel').should('have.length', 36).each(function (pixel) {\n  expect(pixel).to.have.css('background-color', WHITE);\n});",
              "err": {
                "message": "CypressError: Timed out retrying: Expected to find element: '#board-size', but never found it.",
                "estack": "CypressError: Timed out retrying: Expected to find element: '#board-size', but never found it.\n    at cypressErr (http://localhost:41239/__cypress/runner/cypress_runner.js:149934:9)\n    at throwErr (http://localhost:41239/__cypress/runner/cypress_runner.js:149867:11)\n    at Object.throwErrByPath (http://localhost:41239/__cypress/runner/cypress_runner.js:149915:3)\n    at retry (http://localhost:41239/__cypress/runner/cypress_runner.js:144197:19)\n    at onFailFn (http://localhost:41239/__cypress/runner/cypress_runner.js:132448:16)\n    at tryCatcher (http://localhost:41239/__cypress/runner/cypress_runner.js:167415:23)\n    at Promise._settlePromiseFromHandler (http://localhost:41239/__cypress/runner/cypress_runner.js:165351:31)\n    at Promise._settlePromise (http://localhost:41239/__cypress/runner/cypress_runner.js:165408:18)\n    at Promise._settlePromise0 (http://localhost:41239/__cypress/runner/cypress_runner.js:165453:10)\n    at Promise._settlePromises (http://localhost:41239/__cypress/runner/cypress_runner.js:165528:18)\n    at Async../node_modules/bluebird/js/release/async.js.Async._drainQueue (http://localhost:41239/__cypress/runner/cypress_runner.js:162140:16)\n    at Async../node_modules/bluebird/js/release/async.js.Async._drainQueues (http://localhost:41239/__cypress/runner/cypress_runner.js:162150:10)\n    at Async.drainQueues (http://localhost:41239/__cypress/runner/cypress_runner.js:162024:14)",
                "diff": null
              },
              "uuid": "1f6d4417-2d8b-41c1-9ec0-31a38fddb70e",
              "parentUUID": "3cd27d49-a571-45a0-89d3-eccdfbc5d492",
              "isHook": false,
              "skipped": false
            }
          ],
          "suites": [],
          "passes": [],
          "failures": [
            "7394e672-826e-460b-95ec-b070f4f6c771",
            "38cdb1ae-9e60-4327-944c-a30d45028413",
            "4b5827c7-ac8e-4728-9c01-e36c3e01b88d",
            "fc406bc8-09cf-47cf-bcd1-cfd0b537d075",
            "45e4dcb2-d279-456c-9511-cdd404e44ece",
            "da96c676-b373-4b37-9b58-8495bff15a35",
            "f296dc44-d148-4012-b0ee-a00d42ea665a",
            "700d3a50-d12d-42a6-923a-315b677956ea",
            "1f6d4417-2d8b-41c1-9ec0-31a38fddb70e"
          ],
          "pending": [],
          "skipped": [],
          "duration": 41089,
          "root": false,
          "rootEmpty": false,
          "_timeout": 2000
        },
        {
          "uuid": "6d65b9c4-b477-40c1-b1d9-859bb7a0d974",
          "title": "11 - Limite o tamanho mínimo e máximo do board.",
          "fullFile": "",
          "file": "",
          "beforeHooks": [],
          "afterHooks": [],
          "tests": [
            {
              "title": "Verifica se a altura máxima do board é 50",
              "fullTitle": "11 - Limite o tamanho mínimo e máximo do board. Verifica se a altura máxima do board é 50",
              "timedOut": null,
              "duration": 4549,
              "state": "failed",
              "speed": null,
              "pass": false,
              "fail": true,
              "pending": false,
              "context": null,
              "code": "cy.get('#board-size').clear().type(50);\ncy.get('#generate-board').click();\ncy.get('.pixel').should('have.length', 2500);",
              "err": {
                "message": "CypressError: Timed out retrying: Expected to find element: '#board-size', but never found it.",
                "estack": "CypressError: Timed out retrying: Expected to find element: '#board-size', but never found it.\n    at cypressErr (http://localhost:41239/__cypress/runner/cypress_runner.js:149934:9)\n    at throwErr (http://localhost:41239/__cypress/runner/cypress_runner.js:149867:11)\n    at Object.throwErrByPath (http://localhost:41239/__cypress/runner/cypress_runner.js:149915:3)\n    at retry (http://localhost:41239/__cypress/runner/cypress_runner.js:144197:19)\n    at onFailFn (http://localhost:41239/__cypress/runner/cypress_runner.js:132448:16)\n    at tryCatcher (http://localhost:41239/__cypress/runner/cypress_runner.js:167415:23)\n    at Promise._settlePromiseFromHandler (http://localhost:41239/__cypress/runner/cypress_runner.js:165351:31)\n    at Promise._settlePromise (http://localhost:41239/__cypress/runner/cypress_runner.js:165408:18)\n    at Promise._settlePromise0 (http://localhost:41239/__cypress/runner/cypress_runner.js:165453:10)\n    at Promise._settlePromises (http://localhost:41239/__cypress/runner/cypress_runner.js:165528:18)\n    at Async../node_modules/bluebird/js/release/async.js.Async._drainQueue (http://localhost:41239/__cypress/runner/cypress_runner.js:162140:16)\n    at Async../node_modules/bluebird/js/release/async.js.Async._drainQueues (http://localhost:41239/__cypress/runner/cypress_runner.js:162150:10)\n    at Async.drainQueues (http://localhost:41239/__cypress/runner/cypress_runner.js:162024:14)",
                "diff": null
              },
              "uuid": "ff6d9ecd-5dcc-43d2-bac4-f95e9bd2547d",
              "parentUUID": "6d65b9c4-b477-40c1-b1d9-859bb7a0d974",
              "isHook": false,
              "skipped": false
            },
            {
              "title": "Verifica se a altura do board é 5 quando um valor menor é colocado no input",
              "fullTitle": "11 - Limite o tamanho mínimo e máximo do board. Verifica se a altura do board é 5 quando um valor menor é colocado no input",
              "timedOut": null,
              "duration": 4522,
              "state": "failed",
              "speed": null,
              "pass": false,
              "fail": true,
              "pending": false,
              "context": null,
              "code": "cy.get('#board-size').clear().type(4);\ncy.get('#generate-board').click();\ncy.get('.pixel').should('have.length', 25);",
              "err": {
                "message": "CypressError: Timed out retrying: Expected to find element: '#board-size', but never found it.",
                "estack": "CypressError: Timed out retrying: Expected to find element: '#board-size', but never found it.\n    at cypressErr (http://localhost:41239/__cypress/runner/cypress_runner.js:149934:9)\n    at throwErr (http://localhost:41239/__cypress/runner/cypress_runner.js:149867:11)\n    at Object.throwErrByPath (http://localhost:41239/__cypress/runner/cypress_runner.js:149915:3)\n    at retry (http://localhost:41239/__cypress/runner/cypress_runner.js:144197:19)\n    at onFailFn (http://localhost:41239/__cypress/runner/cypress_runner.js:132448:16)\n    at tryCatcher (http://localhost:41239/__cypress/runner/cypress_runner.js:167415:23)\n    at Promise._settlePromiseFromHandler (http://localhost:41239/__cypress/runner/cypress_runner.js:165351:31)\n    at Promise._settlePromise (http://localhost:41239/__cypress/runner/cypress_runner.js:165408:18)\n    at Promise._settlePromise0 (http://localhost:41239/__cypress/runner/cypress_runner.js:165453:10)\n    at Promise._settlePromises (http://localhost:41239/__cypress/runner/cypress_runner.js:165528:18)\n    at Async../node_modules/bluebird/js/release/async.js.Async._drainQueue (http://localhost:41239/__cypress/runner/cypress_runner.js:162140:16)\n    at Async../node_modules/bluebird/js/release/async.js.Async._drainQueues (http://localhost:41239/__cypress/runner/cypress_runner.js:162150:10)\n    at Async.drainQueues (http://localhost:41239/__cypress/runner/cypress_runner.js:162024:14)",
                "diff": null
              },
              "uuid": "d5b5ef8d-36b7-4120-8d31-d736ec2fedc7",
              "parentUUID": "6d65b9c4-b477-40c1-b1d9-859bb7a0d974",
              "isHook": false,
              "skipped": false
            },
            {
              "title": "Verifica se a altura do board é 50 quando um valor maior é colocado no input",
              "fullTitle": "11 - Limite o tamanho mínimo e máximo do board. Verifica se a altura do board é 50 quando um valor maior é colocado no input",
              "timedOut": null,
              "duration": 4568,
              "state": "failed",
              "speed": null,
              "pass": false,
              "fail": true,
              "pending": false,
              "context": null,
              "code": "cy.get('#board-size').clear().type(51);\ncy.get('#generate-board').click();\ncy.get('.pixel').should('have.length', 2500);",
              "err": {
                "message": "CypressError: Timed out retrying: Expected to find element: '#board-size', but never found it.",
                "estack": "CypressError: Timed out retrying: Expected to find element: '#board-size', but never found it.\n    at cypressErr (http://localhost:41239/__cypress/runner/cypress_runner.js:149934:9)\n    at throwErr (http://localhost:41239/__cypress/runner/cypress_runner.js:149867:11)\n    at Object.throwErrByPath (http://localhost:41239/__cypress/runner/cypress_runner.js:149915:3)\n    at retry (http://localhost:41239/__cypress/runner/cypress_runner.js:144197:19)\n    at onFailFn (http://localhost:41239/__cypress/runner/cypress_runner.js:132448:16)\n    at tryCatcher (http://localhost:41239/__cypress/runner/cypress_runner.js:167415:23)\n    at Promise._settlePromiseFromHandler (http://localhost:41239/__cypress/runner/cypress_runner.js:165351:31)\n    at Promise._settlePromise (http://localhost:41239/__cypress/runner/cypress_runner.js:165408:18)\n    at Promise._settlePromise0 (http://localhost:41239/__cypress/runner/cypress_runner.js:165453:10)\n    at Promise._settlePromises (http://localhost:41239/__cypress/runner/cypress_runner.js:165528:18)\n    at Async../node_modules/bluebird/js/release/async.js.Async._drainQueue (http://localhost:41239/__cypress/runner/cypress_runner.js:162140:16)\n    at Async../node_modules/bluebird/js/release/async.js.Async._drainQueues (http://localhost:41239/__cypress/runner/cypress_runner.js:162150:10)\n    at Async.drainQueues (http://localhost:41239/__cypress/runner/cypress_runner.js:162024:14)",
                "diff": null
              },
              "uuid": "ef075f65-2787-42e3-9d95-62d47f946bd9",
              "parentUUID": "6d65b9c4-b477-40c1-b1d9-859bb7a0d974",
              "isHook": false,
              "skipped": false
            }
          ],
          "suites": [],
          "passes": [],
          "failures": [
            "ff6d9ecd-5dcc-43d2-bac4-f95e9bd2547d",
            "d5b5ef8d-36b7-4120-8d31-d736ec2fedc7",
            "ef075f65-2787-42e3-9d95-62d47f946bd9"
          ],
          "pending": [],
          "skipped": [],
          "duration": 13639,
          "root": false,
          "rootEmpty": false,
          "_timeout": 2000
        },
        {
          "uuid": "66afa2de-3e5b-4367-8a3f-2e29986b7520",
          "title": "12 - Faça com que as cores da paleta sejam geradas aleatoriamente ao carregar a página.",
          "fullFile": "",
          "file": "",
          "beforeHooks": [],
          "afterHooks": [],
          "tests": [
            {
              "title": "Verifica se as cores geradas na paleta são diferentes a cada carregamento da página",
              "fullTitle": "12 - Faça com que as cores da paleta sejam geradas aleatoriamente ao carregar a página. Verifica se as cores geradas na paleta são diferentes a cada carregamento da página",
              "timedOut": null,
              "duration": 774,
              "state": "failed",
              "speed": null,
              "pass": false,
              "fail": true,
              "pending": false,
              "context": null,
              "code": "cy.get('.color').then(function (colors) {\n  var currentColors;\n  var previousColors;\n  previousColors = Array.from(colors).map(function (color) {\n    return Cypress.$(color).css('background-color');\n  });\n  for (var i = 0; i < 5; i += 1) {\n    cy.reload();\n    cy.get('.color').then(function (colors) {\n      currentColors = Array.from(colors).map(function (color) {\n        return Cypress.$(color).css('background-color');\n      });\n      expect(currentColors).not.to.deep.equal(previousColors);\n      previousColors = currentColors;\n    });\n  }\n});",
              "err": {
                "message": "AssertionError: expected [ Array(4) ] to not deeply equal [ Array(4) ]",
                "estack": "AssertionError: expected [ Array(4) ] to not deeply equal [ Array(4) ]\n    at getRet (http://localhost:41239/__cypress/runner/cypress_runner.js:136585:16)\n    at tryCatcher (http://localhost:41239/__cypress/runner/cypress_runner.js:167415:23)\n    at Function.Promise.attempt.Promise.try (http://localhost:41239/__cypress/runner/cypress_runner.js:164690:29)\n    at Context.thenFn (http://localhost:41239/__cypress/runner/cypress_runner.js:136599:23)\n    at Context.then (http://localhost:41239/__cypress/runner/cypress_runner.js:136971:21)\n    at Context.<anonymous> (http://localhost:41239/__cypress/runner/cypress_runner.js:148875:21)\n    at http://localhost:41239/__cypress/runner/cypress_runner.js:148351:33\n    at tryCatcher (http://localhost:41239/__cypress/runner/cypress_runner.js:167415:23)\n    at Promise._settlePromiseFromHandler (http://localhost:41239/__cypress/runner/cypress_runner.js:165351:31)\n    at Promise._settlePromise (http://localhost:41239/__cypress/runner/cypress_runner.js:165408:18)\n    at Promise._settlePromiseCtx (http://localhost:41239/__cypress/runner/cypress_runner.js:165445:10)\n    at Async../node_modules/bluebird/js/release/async.js.Async._drainQueue (http://localhost:41239/__cypress/runner/cypress_runner.js:162145:12)\n    at Async../node_modules/bluebird/js/release/async.js.Async._drainQueues (http://localhost:41239/__cypress/runner/cypress_runner.js:162150:10)\n    at Async.drainQueues (http://localhost:41239/__cypress/runner/cypress_runner.js:162024:14)",
                "diff": ""
              },
              "uuid": "286e8e09-7949-414a-a949-dc0a5c857c3b",
              "parentUUID": "66afa2de-3e5b-4367-8a3f-2e29986b7520",
              "isHook": false,
              "skipped": false
            },
            {
              "title": "Verifica se a cor preta ainda está presente e é a primeira na sua paleta de cores",
              "fullTitle": "12 - Faça com que as cores da paleta sejam geradas aleatoriamente ao carregar a página. Verifica se a cor preta ainda está presente e é a primeira na sua paleta de cores",
              "timedOut": null,
              "duration": 655,
              "state": "failed",
              "speed": null,
              "pass": false,
              "fail": true,
              "pending": false,
              "context": null,
              "code": "cy.get('.color').then(function (colors) {\n  var currentColors;\n  var previousColors;\n  previousColors = Array.from(colors).map(function (color) {\n    return Cypress.$(color).css('background-color');\n  });\n  expect(previousColors[0]).to.eq(BLACK);\n  for (var i = 0; i < 5; i += 1) {\n    cy.reload();\n    cy.get('.color').then(function (colors) {\n      currentColors = Array.from(colors).map(function (color) {\n        return Cypress.$(color).css('background-color');\n      });\n      expect(currentColors[0]).to.eq(BLACK);\n      expect(currentColors).not.to.deep.equal(previousColors);\n      previousColors = currentColors;\n    });\n  }\n});",
              "err": {
                "message": "AssertionError: expected [ Array(4) ] to not deeply equal [ Array(4) ]",
                "estack": "AssertionError: expected [ Array(4) ] to not deeply equal [ Array(4) ]\n    at getRet (http://localhost:41239/__cypress/runner/cypress_runner.js:136585:16)\n    at tryCatcher (http://localhost:41239/__cypress/runner/cypress_runner.js:167415:23)\n    at Function.Promise.attempt.Promise.try (http://localhost:41239/__cypress/runner/cypress_runner.js:164690:29)\n    at Context.thenFn (http://localhost:41239/__cypress/runner/cypress_runner.js:136599:23)\n    at Context.then (http://localhost:41239/__cypress/runner/cypress_runner.js:136971:21)\n    at Context.<anonymous> (http://localhost:41239/__cypress/runner/cypress_runner.js:148875:21)\n    at http://localhost:41239/__cypress/runner/cypress_runner.js:148351:33\n    at tryCatcher (http://localhost:41239/__cypress/runner/cypress_runner.js:167415:23)\n    at Promise._settlePromiseFromHandler (http://localhost:41239/__cypress/runner/cypress_runner.js:165351:31)\n    at Promise._settlePromise (http://localhost:41239/__cypress/runner/cypress_runner.js:165408:18)\n    at Promise._settlePromiseCtx (http://localhost:41239/__cypress/runner/cypress_runner.js:165445:10)\n    at Async../node_modules/bluebird/js/release/async.js.Async._drainQueue (http://localhost:41239/__cypress/runner/cypress_runner.js:162145:12)\n    at Async../node_modules/bluebird/js/release/async.js.Async._drainQueues (http://localhost:41239/__cypress/runner/cypress_runner.js:162150:10)\n    at Async.drainQueues (http://localhost:41239/__cypress/runner/cypress_runner.js:162024:14)",
                "diff": ""
              },
              "uuid": "5be861ca-1800-46d7-a607-4f5e71fcd19d",
              "parentUUID": "66afa2de-3e5b-4367-8a3f-2e29986b7520",
              "isHook": false,
              "skipped": false
            }
          ],
          "suites": [],
          "passes": [],
          "failures": [
            "286e8e09-7949-414a-a949-dc0a5c857c3b",
            "5be861ca-1800-46d7-a607-4f5e71fcd19d"
          ],
          "pending": [],
          "skipped": [],
          "duration": 1429,
          "root": false,
          "rootEmpty": false,
          "_timeout": 2000
        }
      ],
      "passes": [],
      "failures": [],
      "pending": [],
      "skipped": [],
      "duration": 0,
      "root": true,
      "rootEmpty": true,
      "_timeout": 2000
    }
  ],
  "meta": {
    "mocha": {
      "version": "7.0.1"
    },
    "mochawesome": {
      "options": {
        "quiet": false,
        "reportFilename": "mochawesome",
        "saveHtml": false,
        "saveJson": true,
        "consoleReporter": "spec",
        "useInlineDiffs": false
      },
      "version": "4.1.0"
    },
    "marge": {
      "options": {
        "id": "default",
        "reportDir": "cypress/reports",
        "overwrite": true,
        "html": false,
        "json": true
      },
      "version": "4.1.0"
    }
  }
}