{
  "stats": {
    "suites": 12,
    "tests": 41,
    "passes": 21,
    "pending": 0,
    "failures": 20,
    "start": "2021-09-17T09:41:35.472Z",
    "end": "2021-09-17T09:43:15.684Z",
    "duration": 100212,
    "testsRegistered": 41,
    "passPercent": 51.21951219512195,
    "pendingPercent": 0,
    "other": 0,
    "hasOther": false,
    "skipped": 0,
    "hasSkipped": false
  },
  "results": [
    {
      "uuid": "06a1ebc0-4ba7-4281-8ba8-ac498d076ca7",
      "title": "",
      "fullFile": "cypress/integration/project.spec.js",
      "file": "cypress/integration/project.spec.js",
      "beforeHooks": [],
      "afterHooks": [],
      "tests": [],
      "suites": [
        {
          "uuid": "f801ea52-55dc-419b-b8cf-2a69218cf520",
          "title": "1 - Adicione à página o título \"Paleta de Cores\".",
          "fullFile": "",
          "file": "",
          "beforeHooks": [],
          "afterHooks": [],
          "tests": [
            {
              "title": "Verifica se contém um elemento `h1` com o id `title` com o título correto",
              "fullTitle": "1 - Adicione à página o título \"Paleta de Cores\". Verifica se contém um elemento `h1` com o id `title` com o título correto",
              "timedOut": null,
              "duration": 315,
              "state": "passed",
              "speed": "slow",
              "pass": true,
              "fail": false,
              "pending": false,
              "context": null,
              "code": "cy.get('h1#title').should('contain.text', 'Paleta de Cores');",
              "err": {},
              "uuid": "0b6338b9-facf-4266-8a21-4d84cb861a06",
              "parentUUID": "f801ea52-55dc-419b-b8cf-2a69218cf520",
              "isHook": false,
              "skipped": false
            }
          ],
          "suites": [],
          "passes": [
            "0b6338b9-facf-4266-8a21-4d84cb861a06"
          ],
          "failures": [],
          "pending": [],
          "skipped": [],
          "duration": 315,
          "root": false,
          "rootEmpty": false,
          "_timeout": 2000
        },
        {
          "uuid": "c75b53be-3e56-4bf5-976c-a59fe67581e8",
          "title": "2 - Adicione à página uma paleta de quatro cores distintas.",
          "fullFile": "",
          "file": "",
          "beforeHooks": [],
          "afterHooks": [],
          "tests": [
            {
              "title": "A paleta de cores deve ser um elemento com `id` denominado `color-palette`",
              "fullTitle": "2 - Adicione à página uma paleta de quatro cores distintas. A paleta de cores deve ser um elemento com `id` denominado `color-palette`",
              "timedOut": null,
              "duration": 150,
              "state": "passed",
              "speed": "slow",
              "pass": true,
              "fail": false,
              "pending": false,
              "context": null,
              "code": "cy.get('#color-palette').should('be.visible');\ncy.get('#color-palette').children('.color');",
              "err": {},
              "uuid": "47bbe66c-9250-43af-8e8f-ddf6bb8c9eb9",
              "parentUUID": "c75b53be-3e56-4bf5-976c-a59fe67581e8",
              "isHook": false,
              "skipped": false
            },
            {
              "title": "Verifica se cada cor individual da paleta de cores possui a `classe` chamada `color`.",
              "fullTitle": "2 - Adicione à página uma paleta de quatro cores distintas. Verifica se cada cor individual da paleta de cores possui a `classe` chamada `color`.",
              "timedOut": null,
              "duration": 300,
              "state": "passed",
              "speed": "slow",
              "pass": true,
              "fail": false,
              "pending": false,
              "context": null,
              "code": "cy.get('.color').should('have.length', 4).then(function (colors) {\n  for (var i = 0; i < colors.length; i++) {\n    cy.wrap(colors[i]).should('be.visible');\n  }\n});",
              "err": {},
              "uuid": "92304d38-ca11-4fbe-bed0-10991aebc60c",
              "parentUUID": "c75b53be-3e56-4bf5-976c-a59fe67581e8",
              "isHook": false,
              "skipped": false
            },
            {
              "title": "Verifica se a cor de fundo de cada elemento da paleta é a cor que o elemento representa. **A única cor não permitida na paleta é a cor branca.**",
              "fullTitle": "2 - Adicione à página uma paleta de quatro cores distintas. Verifica se a cor de fundo de cada elemento da paleta é a cor que o elemento representa. **A única cor não permitida na paleta é a cor branca.**",
              "timedOut": null,
              "duration": 244,
              "state": "passed",
              "speed": "slow",
              "pass": true,
              "fail": false,
              "pending": false,
              "context": null,
              "code": "cy.get('.color').each(function (color) {\n  cy.wrap(color).should('have.class', 'color').and('not.have.css', 'background-color', WHITE);\n  cy.wrap(color).should('have.css', 'background-color');\n});",
              "err": {},
              "uuid": "20821f6f-fca5-41e9-86e2-a0e1d50e4cbe",
              "parentUUID": "c75b53be-3e56-4bf5-976c-a59fe67581e8",
              "isHook": false,
              "skipped": false
            },
            {
              "title": "Verifica se cada elemento da paleta de cores tem uma borda preta, sólida e com 1 pixel de largura;",
              "fullTitle": "2 - Adicione à página uma paleta de quatro cores distintas. Verifica se cada elemento da paleta de cores tem uma borda preta, sólida e com 1 pixel de largura;",
              "timedOut": null,
              "duration": 202,
              "state": "passed",
              "speed": "slow",
              "pass": true,
              "fail": false,
              "pending": false,
              "context": null,
              "code": "cy.get('.color').each(function (color) {\n  cy.wrap(color).and('have.css', 'border', \"1px solid \".concat(BLACK)).and('have.class', 'color');\n});",
              "err": {},
              "uuid": "4c18770f-3614-4874-b78c-fe703a06cfa4",
              "parentUUID": "c75b53be-3e56-4bf5-976c-a59fe67581e8",
              "isHook": false,
              "skipped": false
            },
            {
              "title": "Verifica se a paleta lista todas as cores disponíveis para utilização, lado a lado.",
              "fullTitle": "2 - Adicione à página uma paleta de quatro cores distintas. Verifica se a paleta lista todas as cores disponíveis para utilização, lado a lado.",
              "timedOut": null,
              "duration": 139,
              "state": "passed",
              "speed": "slow",
              "pass": true,
              "fail": false,
              "pending": false,
              "context": null,
              "code": "cy.get('.color').then(function (colors) {\n  for (var index = 1; index < colors.length; index += 1) {\n    var currentColor = colors[index];\n    var previousColor = colors[index - 1];\n    cy.wrap(currentColor).should('be.onTheRightOf', previousColor).and('be.horizontallyAlignedWith', previousColor);\n  }\n});",
              "err": {},
              "uuid": "8e0d1b3e-dd4e-471d-ae58-37f96620f6a3",
              "parentUUID": "c75b53be-3e56-4bf5-976c-a59fe67581e8",
              "isHook": false,
              "skipped": false
            },
            {
              "title": "Verifica se a paleta de cores está posicionada abaixo do título 'Paleta de Cores'",
              "fullTitle": "2 - Adicione à página uma paleta de quatro cores distintas. Verifica se a paleta de cores está posicionada abaixo do título 'Paleta de Cores'",
              "timedOut": null,
              "duration": 123,
              "state": "passed",
              "speed": "slow",
              "pass": true,
              "fail": false,
              "pending": false,
              "context": null,
              "code": "cy.get('h1#title').then(function (title) {\n  cy.get('#color-palette').should('be.belowOf', title);\n});",
              "err": {},
              "uuid": "3559bca9-e1d4-44ed-b5cf-b8609d397da8",
              "parentUUID": "c75b53be-3e56-4bf5-976c-a59fe67581e8",
              "isHook": false,
              "skipped": false
            },
            {
              "title": "Verifica se a paleta de cores não contém cores repetidas.",
              "fullTitle": "2 - Adicione à página uma paleta de quatro cores distintas. Verifica se a paleta de cores não contém cores repetidas.",
              "timedOut": null,
              "duration": 155,
              "state": "passed",
              "speed": "slow",
              "pass": true,
              "fail": false,
              "pending": false,
              "context": null,
              "code": "cy.get('.color').then(function (colors) {\n  var allColors = Array.from(colors).map(function (color) {\n    return Cypress.$(color).css('background-color');\n  });\n  cy.log(allColors);\n  var uniqColors = (0, _toConsumableArray2[\"default\"])(new Set(allColors));\n  cy.log(uniqColors);\n  expect(allColors.length).to.eq(uniqColors.length);\n});",
              "err": {},
              "uuid": "850c3096-40b0-4dfe-b0ad-15111d55ab3d",
              "parentUUID": "c75b53be-3e56-4bf5-976c-a59fe67581e8",
              "isHook": false,
              "skipped": false
            }
          ],
          "suites": [],
          "passes": [
            "47bbe66c-9250-43af-8e8f-ddf6bb8c9eb9",
            "92304d38-ca11-4fbe-bed0-10991aebc60c",
            "20821f6f-fca5-41e9-86e2-a0e1d50e4cbe",
            "4c18770f-3614-4874-b78c-fe703a06cfa4",
            "8e0d1b3e-dd4e-471d-ae58-37f96620f6a3",
            "3559bca9-e1d4-44ed-b5cf-b8609d397da8",
            "850c3096-40b0-4dfe-b0ad-15111d55ab3d"
          ],
          "failures": [],
          "pending": [],
          "skipped": [],
          "duration": 1313,
          "root": false,
          "rootEmpty": false,
          "_timeout": 2000
        },
        {
          "uuid": "73a521ae-d663-47f8-8f48-6ce97f3fe3e3",
          "title": "3 - Adicione a cor **preta** como a primeira cor da paleta de cores.",
          "fullFile": "",
          "file": "",
          "beforeHooks": [],
          "afterHooks": [],
          "tests": [
            {
              "title": "Verifica se a primeira cor da paleta é preta",
              "fullTitle": "3 - Adicione a cor **preta** como a primeira cor da paleta de cores. Verifica se a primeira cor da paleta é preta",
              "timedOut": null,
              "duration": 109,
              "state": "passed",
              "speed": "slow",
              "pass": true,
              "fail": false,
              "pending": false,
              "context": null,
              "code": "cy.get('.color').first().should('have.css', 'background-color', BLACK);",
              "err": {},
              "uuid": "ea34120b-e0a0-48ee-8b9b-64ca8527cba9",
              "parentUUID": "73a521ae-d663-47f8-8f48-6ce97f3fe3e3",
              "isHook": false,
              "skipped": false
            },
            {
              "title": "Verifica se as demais cores podem ser escolhidas livremente.",
              "fullTitle": "3 - Adicione a cor **preta** como a primeira cor da paleta de cores. Verifica se as demais cores podem ser escolhidas livremente.",
              "timedOut": null,
              "duration": 298,
              "state": "passed",
              "speed": "slow",
              "pass": true,
              "fail": false,
              "pending": false,
              "context": null,
              "code": "cy.get('.color').eq(1).should('not.have.css', 'background-color', BLACK);\ncy.get('.color').eq(1).should('not.have.css', 'background-color', WHITE);\ncy.get('.color').eq(1).should('not.have.css', 'background-color', 'rgba(0, 0, 0, 0)');\ncy.get('.color').eq(1).should('have.css', 'background-color');\ncy.get('.color').eq(2).should('not.have.css', 'background-color', BLACK);\ncy.get('.color').eq(2).should('not.have.css', 'background-color', WHITE);\ncy.get('.color').eq(2).should('not.have.css', 'background-color', 'rgba(0, 0, 0, 0)');\ncy.get('.color').eq(2).should('have.css', 'background-color');\ncy.get('.color').eq(3).should('not.have.css', 'background-color', BLACK);\ncy.get('.color').eq(3).should('not.have.css', 'background-color', WHITE);\ncy.get('.color').eq(3).should('not.have.css', 'background-color', 'rgba(0, 0, 0, 0)');\ncy.get('.color').eq(3).should('have.css', 'background-color');",
              "err": {},
              "uuid": "4874efdc-1cdf-4a0a-ad7e-1f52adb9da91",
              "parentUUID": "73a521ae-d663-47f8-8f48-6ce97f3fe3e3",
              "isHook": false,
              "skipped": false
            }
          ],
          "suites": [],
          "passes": [
            "ea34120b-e0a0-48ee-8b9b-64ca8527cba9",
            "4874efdc-1cdf-4a0a-ad7e-1f52adb9da91"
          ],
          "failures": [],
          "pending": [],
          "skipped": [],
          "duration": 407,
          "root": false,
          "rootEmpty": false,
          "_timeout": 2000
        },
        {
          "uuid": "a6527cac-3162-4c2d-9cd8-cc4ed2a47ebf",
          "title": "4 - Adicione à página um quadro de pixels, com 25 pixels.",
          "fullFile": "",
          "file": "",
          "beforeHooks": [],
          "afterHooks": [],
          "tests": [
            {
              "title": "Verifica se o quadro de pixels possui o `id` denominado `pixel-board`",
              "fullTitle": "4 - Adicione à página um quadro de pixels, com 25 pixels. Verifica se o quadro de pixels possui o `id` denominado `pixel-board`",
              "timedOut": null,
              "duration": 163,
              "state": "passed",
              "speed": "slow",
              "pass": true,
              "fail": false,
              "pending": false,
              "context": null,
              "code": "cy.get('#pixel-board').should('be.visible');",
              "err": {},
              "uuid": "b23da4dd-9f1a-4ab1-9cb5-2190fea1763e",
              "parentUUID": "a6527cac-3162-4c2d-9cd8-cc4ed2a47ebf",
              "isHook": false,
              "skipped": false
            },
            {
              "title": "Verifica se cada pixel individual dentro do quadro possui a `classe` denominada `pixel`.",
              "fullTitle": "4 - Adicione à página um quadro de pixels, com 25 pixels. Verifica se cada pixel individual dentro do quadro possui a `classe` denominada `pixel`.",
              "timedOut": null,
              "duration": 138,
              "state": "passed",
              "speed": "slow",
              "pass": true,
              "fail": false,
              "pending": false,
              "context": null,
              "code": "cy.get('.pixel').should('have.length', 25);",
              "err": {},
              "uuid": "7db1ff00-5879-438a-8ebe-39ba402f743b",
              "parentUUID": "a6527cac-3162-4c2d-9cd8-cc4ed2a47ebf",
              "isHook": false,
              "skipped": false
            },
            {
              "title": "Verifica se a cor inicial dos pixels dentro do quadro, ao abrir a página, é branca.",
              "fullTitle": "4 - Adicione à página um quadro de pixels, com 25 pixels. Verifica se a cor inicial dos pixels dentro do quadro, ao abrir a página, é branca.",
              "timedOut": null,
              "duration": 254,
              "state": "passed",
              "speed": "slow",
              "pass": true,
              "fail": false,
              "pending": false,
              "context": null,
              "code": "cy.get('.pixel').should('have.length', 25).each(function (pixel) {\n  expect(pixel).to.have.css('background-color', WHITE);\n});",
              "err": {},
              "uuid": "2e66aec2-a0b2-4a53-a60a-fabec45199f5",
              "parentUUID": "a6527cac-3162-4c2d-9cd8-cc4ed2a47ebf",
              "isHook": false,
              "skipped": false
            },
            {
              "title": "Verifica se o quadro de pixels aparece abaixo da paleta de cores",
              "fullTitle": "4 - Adicione à página um quadro de pixels, com 25 pixels. Verifica se o quadro de pixels aparece abaixo da paleta de cores",
              "timedOut": null,
              "duration": 148,
              "state": "passed",
              "speed": "slow",
              "pass": true,
              "fail": false,
              "pending": false,
              "context": null,
              "code": "cy.get('#color-palette').then(function (palette) {\n  cy.get('#pixel-board').should('be.belowOf', palette);\n});",
              "err": {},
              "uuid": "0e85f9b0-e0f0-4ff3-a18a-cae90c4f89e1",
              "parentUUID": "a6527cac-3162-4c2d-9cd8-cc4ed2a47ebf",
              "isHook": false,
              "skipped": false
            }
          ],
          "suites": [],
          "passes": [
            "b23da4dd-9f1a-4ab1-9cb5-2190fea1763e",
            "7db1ff00-5879-438a-8ebe-39ba402f743b",
            "2e66aec2-a0b2-4a53-a60a-fabec45199f5",
            "0e85f9b0-e0f0-4ff3-a18a-cae90c4f89e1"
          ],
          "failures": [],
          "pending": [],
          "skipped": [],
          "duration": 703,
          "root": false,
          "rootEmpty": false,
          "_timeout": 2000
        },
        {
          "uuid": "b4cbe113-099b-49a7-ac65-16a7cfeea430",
          "title": "5 - Faça com que cada elemento do quadro de pixels possua 40 pixels de largura, 40 pixels de altura e seja delimitado por uma borda preta de 1 pixel.",
          "fullFile": "",
          "file": "",
          "beforeHooks": [],
          "afterHooks": [],
          "tests": [
            {
              "title": "Verifica se o quadro de pixels tem altura e comprimento de 5 elementos",
              "fullTitle": "5 - Faça com que cada elemento do quadro de pixels possua 40 pixels de largura, 40 pixels de altura e seja delimitado por uma borda preta de 1 pixel. Verifica se o quadro de pixels tem altura e comprimento de 5 elementos",
              "timedOut": null,
              "duration": 360,
              "state": "passed",
              "speed": "slow",
              "pass": true,
              "fail": false,
              "pending": false,
              "context": null,
              "code": "cy.get('.pixel').should('have.length', 25).each(function (pixel) {\n  expect(pixel).to.have.css('background-color', WHITE);\n}).and(function (pixels) {\n  var rows = chunk(pixels, 5);\n  rows.forEach(function (row) {\n    for (var index = 1; index < row.length; index += 1) {\n      var current = pixels[index];\n      var previous = pixels[index - 1];\n      cy.wrap(current).should('be.onTheRightOf', previous).and('be.horizontallyAlignedWith', previous);\n    }\n  });\n  for (var index = 1; index < 5; index += 1) {\n    expect(pixels[index * 5]).to.be.belowOf(pixels[(index - 1) * 5]);\n  }\n});",
              "err": {},
              "uuid": "2efdbf53-8dfe-49e5-8ddd-0643667ab040",
              "parentUUID": "b4cbe113-099b-49a7-ac65-16a7cfeea430",
              "isHook": false,
              "skipped": false
            },
            {
              "title": "Verifica se 40 pixels é o tamanho total do elemento, incluindo seu conteúdo e excluindo a borda preta, que deve ser criada à parte.",
              "fullTitle": "5 - Faça com que cada elemento do quadro de pixels possua 40 pixels de largura, 40 pixels de altura e seja delimitado por uma borda preta de 1 pixel. Verifica se 40 pixels é o tamanho total do elemento, incluindo seu conteúdo e excluindo a borda preta, que deve ser criada à parte.",
              "timedOut": null,
              "duration": 348,
              "state": "passed",
              "speed": "slow",
              "pass": true,
              "fail": false,
              "pending": false,
              "context": null,
              "code": "cy.get('.pixel').each(function (pixel) {\n  cy.wrap(pixel).should('have.css', 'height', '40px').and('have.css', 'width', '40px').and('have.css', 'border', \"1px solid \".concat(BLACK));\n});",
              "err": {},
              "uuid": "ce0d07eb-105d-4bd4-81a1-d303fe5768c2",
              "parentUUID": "b4cbe113-099b-49a7-ac65-16a7cfeea430",
              "isHook": false,
              "skipped": false
            }
          ],
          "suites": [],
          "passes": [
            "2efdbf53-8dfe-49e5-8ddd-0643667ab040",
            "ce0d07eb-105d-4bd4-81a1-d303fe5768c2"
          ],
          "failures": [],
          "pending": [],
          "skipped": [],
          "duration": 708,
          "root": false,
          "rootEmpty": false,
          "_timeout": 2000
        },
        {
          "uuid": "800d57f3-5aaa-4ffd-8df3-b2ec7429bc9e",
          "title": "6 - Defina a cor preta como cor inicial. Ao carregar a página a cor preta já deve estar selecionada para pintar os pixels",
          "fullFile": "",
          "file": "",
          "beforeHooks": [],
          "afterHooks": [],
          "tests": [
            {
              "title": "Verifica se o elemento da cor preta possui, inicialmente, a `classe` `selected`",
              "fullTitle": "6 - Defina a cor preta como cor inicial. Ao carregar a página a cor preta já deve estar selecionada para pintar os pixels Verifica se o elemento da cor preta possui, inicialmente, a `classe` `selected`",
              "timedOut": null,
              "duration": 140,
              "state": "passed",
              "speed": "slow",
              "pass": true,
              "fail": false,
              "pending": false,
              "context": null,
              "code": "cy.get('.selected').first().should('have.css', 'background-color', BLACK);",
              "err": {},
              "uuid": "375eeae4-21ea-4126-ab52-86d8590ded6a",
              "parentUUID": "800d57f3-5aaa-4ffd-8df3-b2ec7429bc9e",
              "isHook": false,
              "skipped": false
            },
            {
              "title": "Verifica se nenhuma outra cor da paleta tem a `classe` `selected`",
              "fullTitle": "6 - Defina a cor preta como cor inicial. Ao carregar a página a cor preta já deve estar selecionada para pintar os pixels Verifica se nenhuma outra cor da paleta tem a `classe` `selected`",
              "timedOut": null,
              "duration": 95,
              "state": "passed",
              "speed": "slow",
              "pass": true,
              "fail": false,
              "pending": false,
              "context": null,
              "code": "cy.get('.color:not(:first-child)').each(function (color) {\n  cy.wrap(color).should('not.have.class', 'selected');\n});",
              "err": {},
              "uuid": "760de719-9473-4914-9eba-d90b70ff9f04",
              "parentUUID": "800d57f3-5aaa-4ffd-8df3-b2ec7429bc9e",
              "isHook": false,
              "skipped": false
            }
          ],
          "suites": [],
          "passes": [
            "375eeae4-21ea-4126-ab52-86d8590ded6a",
            "760de719-9473-4914-9eba-d90b70ff9f04"
          ],
          "failures": [],
          "pending": [],
          "skipped": [],
          "duration": 235,
          "root": false,
          "rootEmpty": false,
          "_timeout": 2000
        },
        {
          "uuid": "cd43e91d-f0c4-4f60-b82b-1fd7f55a31f7",
          "title": "7 - Clicar em uma das cores da paleta, faz com que ela seja selecionada e utilizada para preencher os pixels no quadro.",
          "fullFile": "",
          "file": "",
          "beforeHooks": [],
          "afterHooks": [],
          "tests": [
            {
              "title": "Verifica se somente uma cor da paleta de cores tem a classe `selected` de cada vez",
              "fullTitle": "7 - Clicar em uma das cores da paleta, faz com que ela seja selecionada e utilizada para preencher os pixels no quadro. Verifica se somente uma cor da paleta de cores tem a classe `selected` de cada vez",
              "timedOut": null,
              "duration": 534,
              "state": "passed",
              "speed": "slow",
              "pass": true,
              "fail": false,
              "pending": false,
              "context": null,
              "code": "cy.get('.color').each(function (selectedColor, selectedColorIndex) {\n  cy.wrap(selectedColor).click();\n  cy.get('.color').each(function (color, colorIndex) {\n    if (colorIndex === selectedColorIndex) {\n      expect(color).to.have[\"class\"]('selected');\n    } else {\n      expect(color).not.to.have[\"class\"]('selected');\n    }\n  });\n});",
              "err": {},
              "uuid": "056d6671-2f90-410d-976f-8900d2541f7c",
              "parentUUID": "cd43e91d-f0c4-4f60-b82b-1fd7f55a31f7",
              "isHook": false,
              "skipped": false
            },
            {
              "title": "Verifica se os pixels dentro do quadro não têm a classe `selected` quando são clicados",
              "fullTitle": "7 - Clicar em uma das cores da paleta, faz com que ela seja selecionada e utilizada para preencher os pixels no quadro. Verifica se os pixels dentro do quadro não têm a classe `selected` quando são clicados",
              "timedOut": null,
              "duration": 9169,
              "state": "passed",
              "speed": "slow",
              "pass": true,
              "fail": false,
              "pending": false,
              "context": null,
              "code": "cy.get('.color').each(function (color) {\n  var backgroundColor = color.css('background-color');\n  cy.wrap(color).click();\n  cy.get('.pixel').each(function (pixel) {\n    cy.wrap(pixel).click().should('not.have.class', 'selected');\n  });\n});",
              "err": {},
              "uuid": "899c5559-95f8-4a6c-a801-a30a3b0f6a4b",
              "parentUUID": "cd43e91d-f0c4-4f60-b82b-1fd7f55a31f7",
              "isHook": false,
              "skipped": false
            }
          ],
          "suites": [],
          "passes": [
            "056d6671-2f90-410d-976f-8900d2541f7c",
            "899c5559-95f8-4a6c-a801-a30a3b0f6a4b"
          ],
          "failures": [],
          "pending": [],
          "skipped": [],
          "duration": 9703,
          "root": false,
          "rootEmpty": false,
          "_timeout": 2000
        },
        {
          "uuid": "7f0b159a-4dfd-4aa7-9fd4-9abde3a728dc",
          "title": "8 - Clicar em um pixel dentro do quadro após selecionar uma cor na paleta, faz com que o pixel seja preenchido com a cor selecionada.",
          "fullFile": "",
          "file": "",
          "beforeHooks": [],
          "afterHooks": [],
          "tests": [
            {
              "title": "Verifica se ao carregar a página deve ser possível pintar os pixels de preto",
              "fullTitle": "8 - Clicar em um pixel dentro do quadro após selecionar uma cor na paleta, faz com que o pixel seja preenchido com a cor selecionada. Verifica se ao carregar a página deve ser possível pintar os pixels de preto",
              "timedOut": null,
              "duration": 4513,
              "state": "failed",
              "speed": null,
              "pass": false,
              "fail": true,
              "pending": false,
              "context": null,
              "code": "cy.get('.pixel').each(function (pixel) {\n  cy.wrap(pixel).click().should('have.css', 'background-color', BLACK);\n});",
              "err": {
                "message": "CypressError: Timed out retrying: expected '<div.pixel>' to have CSS property 'background-color' with the value 'rgb(0, 0, 0)', but the value was 'rgb(255, 255, 255)'",
                "estack": "CypressError: Timed out retrying: expected '<div.pixel>' to have CSS property 'background-color' with the value 'rgb(0, 0, 0)', but the value was 'rgb(255, 255, 255)'\n    at cypressErr (http://localhost:44661/__cypress/runner/cypress_runner.js:149934:9)\n    at throwErr (http://localhost:44661/__cypress/runner/cypress_runner.js:149867:11)\n    at Object.throwErrByPath (http://localhost:44661/__cypress/runner/cypress_runner.js:149915:3)\n    at retry (http://localhost:44661/__cypress/runner/cypress_runner.js:144197:19)\n    at onFailFn (http://localhost:44661/__cypress/runner/cypress_runner.js:132448:16)\n    at tryCatcher (http://localhost:44661/__cypress/runner/cypress_runner.js:167415:23)\n    at Promise._settlePromiseFromHandler (http://localhost:44661/__cypress/runner/cypress_runner.js:165351:31)\n    at Promise._settlePromise (http://localhost:44661/__cypress/runner/cypress_runner.js:165408:18)\n    at Promise._settlePromise0 (http://localhost:44661/__cypress/runner/cypress_runner.js:165453:10)\n    at Promise._settlePromises (http://localhost:44661/__cypress/runner/cypress_runner.js:165528:18)\n    at Async../node_modules/bluebird/js/release/async.js.Async._drainQueue (http://localhost:44661/__cypress/runner/cypress_runner.js:162140:16)\n    at Async../node_modules/bluebird/js/release/async.js.Async._drainQueues (http://localhost:44661/__cypress/runner/cypress_runner.js:162150:10)\n    at Async.drainQueues (http://localhost:44661/__cypress/runner/cypress_runner.js:162024:14)",
                "diff": null
              },
              "uuid": "407f0e4d-7e92-429a-b58e-eec5f6c7a4e2",
              "parentUUID": "7f0b159a-4dfd-4aa7-9fd4-9abde3a728dc",
              "isHook": false,
              "skipped": false
            },
            {
              "title": "Verifica se após selecionar uma outra cor na paleta, é possível pintar os pixels com essa cor",
              "fullTitle": "8 - Clicar em um pixel dentro do quadro após selecionar uma cor na paleta, faz com que o pixel seja preenchido com a cor selecionada. Verifica se após selecionar uma outra cor na paleta, é possível pintar os pixels com essa cor",
              "timedOut": null,
              "duration": 4750,
              "state": "failed",
              "speed": null,
              "pass": false,
              "fail": true,
              "pending": false,
              "context": null,
              "code": "cy.get('.color').each(function (color) {\n  var backgroundColor = color.css('background-color');\n  cy.wrap(color).click();\n  cy.get('.pixel').each(function (pixel) {\n    cy.wrap(pixel).click().should('have.css', 'background-color', backgroundColor);\n  });\n});",
              "err": {
                "message": "CypressError: Timed out retrying: expected '<div.pixel>' to have CSS property 'background-color' with the value 'rgb(0, 0, 0)', but the value was 'rgb(255, 255, 255)'",
                "estack": "CypressError: Timed out retrying: expected '<div.pixel>' to have CSS property 'background-color' with the value 'rgb(0, 0, 0)', but the value was 'rgb(255, 255, 255)'\n    at cypressErr (http://localhost:44661/__cypress/runner/cypress_runner.js:149934:9)\n    at throwErr (http://localhost:44661/__cypress/runner/cypress_runner.js:149867:11)\n    at Object.throwErrByPath (http://localhost:44661/__cypress/runner/cypress_runner.js:149915:3)\n    at retry (http://localhost:44661/__cypress/runner/cypress_runner.js:144197:19)\n    at onFailFn (http://localhost:44661/__cypress/runner/cypress_runner.js:132448:16)\n    at tryCatcher (http://localhost:44661/__cypress/runner/cypress_runner.js:167415:23)\n    at Promise._settlePromiseFromHandler (http://localhost:44661/__cypress/runner/cypress_runner.js:165351:31)\n    at Promise._settlePromise (http://localhost:44661/__cypress/runner/cypress_runner.js:165408:18)\n    at Promise._settlePromise0 (http://localhost:44661/__cypress/runner/cypress_runner.js:165453:10)\n    at Promise._settlePromises (http://localhost:44661/__cypress/runner/cypress_runner.js:165528:18)\n    at Async../node_modules/bluebird/js/release/async.js.Async._drainQueue (http://localhost:44661/__cypress/runner/cypress_runner.js:162140:16)\n    at Async../node_modules/bluebird/js/release/async.js.Async._drainQueues (http://localhost:44661/__cypress/runner/cypress_runner.js:162150:10)\n    at Async.drainQueues (http://localhost:44661/__cypress/runner/cypress_runner.js:162024:14)",
                "diff": null
              },
              "uuid": "664b0b6e-8318-4202-8ace-cdc418ea5cbf",
              "parentUUID": "7f0b159a-4dfd-4aa7-9fd4-9abde3a728dc",
              "isHook": false,
              "skipped": false
            },
            {
              "title": "Verifica se somente o pixel que foi clicado foi preenchido com a cor selecionada, sem influenciar na cor dos demais pixels.",
              "fullTitle": "8 - Clicar em um pixel dentro do quadro após selecionar uma cor na paleta, faz com que o pixel seja preenchido com a cor selecionada. Verifica se somente o pixel que foi clicado foi preenchido com a cor selecionada, sem influenciar na cor dos demais pixels.",
              "timedOut": null,
              "duration": 1919,
              "state": "passed",
              "speed": "slow",
              "pass": true,
              "fail": false,
              "pending": false,
              "context": null,
              "code": "var colorToPixelIndexMap = {\n  0: 6,\n  1: 8,\n  2: 16,\n  3: 18\n};\ncy.get('.color').each(function (color, index) {\n  cy.wrap(color).click();\n  var backgroundColor = color.css('background-color');\n  var clickedPixelIndex = colorToPixelIndexMap[index];\n  cy.get('.pixel').eq(clickedPixelIndex).click();\n  cy.get('.pixel').eq(clickedPixelIndex - 1).should('not.have.css', 'background-color', backgroundColor);\n  cy.get('.pixel').eq(clickedPixelIndex + 1).should('not.have.css', 'background-color', backgroundColor);\n  cy.get('.pixel').eq(clickedPixelIndex - 5).should('not.have.css', 'background-color', backgroundColor);\n  cy.get('.pixel').eq(clickedPixelIndex + 5).should('not.have.css', 'background-color', backgroundColor);\n  cy.get('.pixel').eq(clickedPixelIndex - 6).should('not.have.css', 'background-color', backgroundColor);\n  cy.get('.pixel').eq(clickedPixelIndex - 4).should('not.have.css', 'background-color', backgroundColor);\n  cy.get('.pixel').eq(clickedPixelIndex + 4).should('not.have.css', 'background-color', backgroundColor);\n  cy.get('.pixel').eq(clickedPixelIndex + 6).should('not.have.css', 'background-color', backgroundColor);\n});",
              "err": {},
              "uuid": "6e95ad67-b33d-44c3-988a-89b5c94f8651",
              "parentUUID": "7f0b159a-4dfd-4aa7-9fd4-9abde3a728dc",
              "isHook": false,
              "skipped": false
            }
          ],
          "suites": [],
          "passes": [
            "6e95ad67-b33d-44c3-988a-89b5c94f8651"
          ],
          "failures": [
            "407f0e4d-7e92-429a-b58e-eec5f6c7a4e2",
            "664b0b6e-8318-4202-8ace-cdc418ea5cbf"
          ],
          "pending": [],
          "skipped": [],
          "duration": 11182,
          "root": false,
          "rootEmpty": false,
          "_timeout": 2000
        },
        {
          "uuid": "e9be262a-496b-42da-a07a-6f8a2e1873e1",
          "title": "9 - Crie um botão que, ao ser clicado, limpa o quadro preenchendo a cor de todos seus pixels com branco.",
          "fullFile": "",
          "file": "",
          "beforeHooks": [],
          "afterHooks": [],
          "tests": [
            {
              "title": "Verifica se o botão tem o `id` denominado `clear-board`",
              "fullTitle": "9 - Crie um botão que, ao ser clicado, limpa o quadro preenchendo a cor de todos seus pixels com branco. Verifica se o botão tem o `id` denominado `clear-board`",
              "timedOut": null,
              "duration": 4427,
              "state": "failed",
              "speed": null,
              "pass": false,
              "fail": true,
              "pending": false,
              "context": null,
              "code": "cy.get('#clear-board').should('be.visible');",
              "err": {
                "message": "CypressError: Timed out retrying: Expected to find element: '#clear-board', but never found it.",
                "estack": "CypressError: Timed out retrying: Expected to find element: '#clear-board', but never found it.\n    at cypressErr (http://localhost:44661/__cypress/runner/cypress_runner.js:149934:9)\n    at throwErr (http://localhost:44661/__cypress/runner/cypress_runner.js:149867:11)\n    at Object.throwErrByPath (http://localhost:44661/__cypress/runner/cypress_runner.js:149915:3)\n    at retry (http://localhost:44661/__cypress/runner/cypress_runner.js:144197:19)\n    at onFailFn (http://localhost:44661/__cypress/runner/cypress_runner.js:132448:16)\n    at tryCatcher (http://localhost:44661/__cypress/runner/cypress_runner.js:167415:23)\n    at Promise._settlePromiseFromHandler (http://localhost:44661/__cypress/runner/cypress_runner.js:165351:31)\n    at Promise._settlePromise (http://localhost:44661/__cypress/runner/cypress_runner.js:165408:18)\n    at Promise._settlePromise0 (http://localhost:44661/__cypress/runner/cypress_runner.js:165453:10)\n    at Promise._settlePromises (http://localhost:44661/__cypress/runner/cypress_runner.js:165528:18)\n    at Async../node_modules/bluebird/js/release/async.js.Async._drainQueue (http://localhost:44661/__cypress/runner/cypress_runner.js:162140:16)\n    at Async../node_modules/bluebird/js/release/async.js.Async._drainQueues (http://localhost:44661/__cypress/runner/cypress_runner.js:162150:10)\n    at Async.drainQueues (http://localhost:44661/__cypress/runner/cypress_runner.js:162024:14)",
                "diff": null
              },
              "uuid": "fb0584ae-0691-4767-a165-63439580921a",
              "parentUUID": "e9be262a-496b-42da-a07a-6f8a2e1873e1",
              "isHook": false,
              "skipped": false
            },
            {
              "title": "Verifica se o botão está posicionado entre a paleta de cores e o quadro de pixels",
              "fullTitle": "9 - Crie um botão que, ao ser clicado, limpa o quadro preenchendo a cor de todos seus pixels com branco. Verifica se o botão está posicionado entre a paleta de cores e o quadro de pixels",
              "timedOut": null,
              "duration": 4463,
              "state": "failed",
              "speed": null,
              "pass": false,
              "fail": true,
              "pending": false,
              "context": null,
              "code": "cy.get('#color-palette').then(function (palette) {\n  cy.get('#clear-board').should('be.belowOf', palette);\n});\ncy.get('#clear-board').then(function (clearBtn) {\n  cy.get('#pixel-board').should('be.belowOf', clearBtn);\n});",
              "err": {
                "message": "CypressError: Timed out retrying: Expected to find element: '#clear-board', but never found it.",
                "estack": "CypressError: Timed out retrying: Expected to find element: '#clear-board', but never found it.\n    at cypressErr (http://localhost:44661/__cypress/runner/cypress_runner.js:149934:9)\n    at throwErr (http://localhost:44661/__cypress/runner/cypress_runner.js:149867:11)\n    at Object.throwErrByPath (http://localhost:44661/__cypress/runner/cypress_runner.js:149915:3)\n    at retry (http://localhost:44661/__cypress/runner/cypress_runner.js:144197:19)\n    at onFailFn (http://localhost:44661/__cypress/runner/cypress_runner.js:132448:16)\n    at tryCatcher (http://localhost:44661/__cypress/runner/cypress_runner.js:167415:23)\n    at Promise._settlePromiseFromHandler (http://localhost:44661/__cypress/runner/cypress_runner.js:165351:31)\n    at Promise._settlePromise (http://localhost:44661/__cypress/runner/cypress_runner.js:165408:18)\n    at Promise._settlePromise0 (http://localhost:44661/__cypress/runner/cypress_runner.js:165453:10)\n    at Promise._settlePromises (http://localhost:44661/__cypress/runner/cypress_runner.js:165528:18)\n    at Async../node_modules/bluebird/js/release/async.js.Async._drainQueue (http://localhost:44661/__cypress/runner/cypress_runner.js:162140:16)\n    at Async../node_modules/bluebird/js/release/async.js.Async._drainQueues (http://localhost:44661/__cypress/runner/cypress_runner.js:162150:10)\n    at Async.drainQueues (http://localhost:44661/__cypress/runner/cypress_runner.js:162024:14)",
                "diff": null
              },
              "uuid": "9eac1a5a-f959-412b-bc3e-d2b11d7110f4",
              "parentUUID": "e9be262a-496b-42da-a07a-6f8a2e1873e1",
              "isHook": false,
              "skipped": false
            },
            {
              "title": "Verifica se o texto do botão é 'Limpar'",
              "fullTitle": "9 - Crie um botão que, ao ser clicado, limpa o quadro preenchendo a cor de todos seus pixels com branco. Verifica se o texto do botão é 'Limpar'",
              "timedOut": null,
              "duration": 4583,
              "state": "failed",
              "speed": null,
              "pass": false,
              "fail": true,
              "pending": false,
              "context": null,
              "code": "cy.get('#clear-board').should('contain.text', 'Limpar');",
              "err": {
                "message": "CypressError: Timed out retrying: Expected to find element: '#clear-board', but never found it.",
                "estack": "CypressError: Timed out retrying: Expected to find element: '#clear-board', but never found it.\n    at cypressErr (http://localhost:44661/__cypress/runner/cypress_runner.js:149934:9)\n    at throwErr (http://localhost:44661/__cypress/runner/cypress_runner.js:149867:11)\n    at Object.throwErrByPath (http://localhost:44661/__cypress/runner/cypress_runner.js:149915:3)\n    at retry (http://localhost:44661/__cypress/runner/cypress_runner.js:144197:19)\n    at onFailFn (http://localhost:44661/__cypress/runner/cypress_runner.js:132448:16)\n    at tryCatcher (http://localhost:44661/__cypress/runner/cypress_runner.js:167415:23)\n    at Promise._settlePromiseFromHandler (http://localhost:44661/__cypress/runner/cypress_runner.js:165351:31)\n    at Promise._settlePromise (http://localhost:44661/__cypress/runner/cypress_runner.js:165408:18)\n    at Promise._settlePromise0 (http://localhost:44661/__cypress/runner/cypress_runner.js:165453:10)\n    at Promise._settlePromises (http://localhost:44661/__cypress/runner/cypress_runner.js:165528:18)\n    at Async../node_modules/bluebird/js/release/async.js.Async._drainQueue (http://localhost:44661/__cypress/runner/cypress_runner.js:162140:16)\n    at Async../node_modules/bluebird/js/release/async.js.Async._drainQueues (http://localhost:44661/__cypress/runner/cypress_runner.js:162150:10)\n    at Async.drainQueues (http://localhost:44661/__cypress/runner/cypress_runner.js:162024:14)",
                "diff": null
              },
              "uuid": "6c709948-c53d-4afa-827a-864c838cb521",
              "parentUUID": "e9be262a-496b-42da-a07a-6f8a2e1873e1",
              "isHook": false,
              "skipped": false
            },
            {
              "title": "Verifica se ao clicar no botão, o quadro de pixels é totalmente preenchido de branco",
              "fullTitle": "9 - Crie um botão que, ao ser clicado, limpa o quadro preenchendo a cor de todos seus pixels com branco. Verifica se ao clicar no botão, o quadro de pixels é totalmente preenchido de branco",
              "timedOut": null,
              "duration": 4610,
              "state": "failed",
              "speed": null,
              "pass": false,
              "fail": true,
              "pending": false,
              "context": null,
              "code": "cy.get('.color').eq(1).then(function (color) {\n  var backgroundColor = color.css('background-color');\n  cy.wrap(color).click();\n  cy.get('.pixel').each(function (pixel) {\n    cy.wrap(pixel).click().should('have.css', 'background-color', backgroundColor);\n  });\n});\ncy.get('#clear-board').click();\ncy.get('.pixel').each(function (pixel) {\n  cy.wrap(pixel).should('have.css', 'background-color', WHITE);\n});",
              "err": {
                "message": "CypressError: Timed out retrying: expected '<div.pixel>' to have CSS property 'background-color' with the value 'rgb(0, 0, 255)', but the value was 'rgb(255, 255, 255)'",
                "estack": "CypressError: Timed out retrying: expected '<div.pixel>' to have CSS property 'background-color' with the value 'rgb(0, 0, 255)', but the value was 'rgb(255, 255, 255)'\n    at cypressErr (http://localhost:44661/__cypress/runner/cypress_runner.js:149934:9)\n    at throwErr (http://localhost:44661/__cypress/runner/cypress_runner.js:149867:11)\n    at Object.throwErrByPath (http://localhost:44661/__cypress/runner/cypress_runner.js:149915:3)\n    at retry (http://localhost:44661/__cypress/runner/cypress_runner.js:144197:19)\n    at onFailFn (http://localhost:44661/__cypress/runner/cypress_runner.js:132448:16)\n    at tryCatcher (http://localhost:44661/__cypress/runner/cypress_runner.js:167415:23)\n    at Promise._settlePromiseFromHandler (http://localhost:44661/__cypress/runner/cypress_runner.js:165351:31)\n    at Promise._settlePromise (http://localhost:44661/__cypress/runner/cypress_runner.js:165408:18)\n    at Promise._settlePromise0 (http://localhost:44661/__cypress/runner/cypress_runner.js:165453:10)\n    at Promise._settlePromises (http://localhost:44661/__cypress/runner/cypress_runner.js:165528:18)\n    at Async../node_modules/bluebird/js/release/async.js.Async._drainQueue (http://localhost:44661/__cypress/runner/cypress_runner.js:162140:16)\n    at Async../node_modules/bluebird/js/release/async.js.Async._drainQueues (http://localhost:44661/__cypress/runner/cypress_runner.js:162150:10)\n    at Async.drainQueues (http://localhost:44661/__cypress/runner/cypress_runner.js:162024:14)",
                "diff": null
              },
              "uuid": "5a6a1676-28e3-415c-9520-c4ddd354e7b1",
              "parentUUID": "e9be262a-496b-42da-a07a-6f8a2e1873e1",
              "isHook": false,
              "skipped": false
            }
          ],
          "suites": [],
          "passes": [],
          "failures": [
            "fb0584ae-0691-4767-a165-63439580921a",
            "9eac1a5a-f959-412b-bc3e-d2b11d7110f4",
            "6c709948-c53d-4afa-827a-864c838cb521",
            "5a6a1676-28e3-415c-9520-c4ddd354e7b1"
          ],
          "pending": [],
          "skipped": [],
          "duration": 18083,
          "root": false,
          "rootEmpty": false,
          "_timeout": 2000
        },
        {
          "uuid": "4edc19c2-a1b0-415b-bfcf-04ec4d29771d",
          "title": "10 - Faça o quadro de pixels ter seu tamanho definido pelo usuário.",
          "fullFile": "",
          "file": "",
          "beforeHooks": [],
          "afterHooks": [],
          "tests": [
            {
              "title": "Verifica se existe um input com o id `board-size`",
              "fullTitle": "10 - Faça o quadro de pixels ter seu tamanho definido pelo usuário. Verifica se existe um input com o id `board-size`",
              "timedOut": null,
              "duration": 4401,
              "state": "failed",
              "speed": null,
              "pass": false,
              "fail": true,
              "pending": false,
              "context": null,
              "code": "cy.get('#board-size').should('be.visible');",
              "err": {
                "message": "CypressError: Timed out retrying: Expected to find element: '#board-size', but never found it.",
                "estack": "CypressError: Timed out retrying: Expected to find element: '#board-size', but never found it.\n    at cypressErr (http://localhost:44661/__cypress/runner/cypress_runner.js:149934:9)\n    at throwErr (http://localhost:44661/__cypress/runner/cypress_runner.js:149867:11)\n    at Object.throwErrByPath (http://localhost:44661/__cypress/runner/cypress_runner.js:149915:3)\n    at retry (http://localhost:44661/__cypress/runner/cypress_runner.js:144197:19)\n    at onFailFn (http://localhost:44661/__cypress/runner/cypress_runner.js:132448:16)\n    at tryCatcher (http://localhost:44661/__cypress/runner/cypress_runner.js:167415:23)\n    at Promise._settlePromiseFromHandler (http://localhost:44661/__cypress/runner/cypress_runner.js:165351:31)\n    at Promise._settlePromise (http://localhost:44661/__cypress/runner/cypress_runner.js:165408:18)\n    at Promise._settlePromise0 (http://localhost:44661/__cypress/runner/cypress_runner.js:165453:10)\n    at Promise._settlePromises (http://localhost:44661/__cypress/runner/cypress_runner.js:165528:18)\n    at Async../node_modules/bluebird/js/release/async.js.Async._drainQueue (http://localhost:44661/__cypress/runner/cypress_runner.js:162140:16)\n    at Async../node_modules/bluebird/js/release/async.js.Async._drainQueues (http://localhost:44661/__cypress/runner/cypress_runner.js:162150:10)\n    at Async.drainQueues (http://localhost:44661/__cypress/runner/cypress_runner.js:162024:14)",
                "diff": null
              },
              "uuid": "d7116cfd-a441-46da-bf08-770e095a38a4",
              "parentUUID": "4edc19c2-a1b0-415b-bfcf-04ec4d29771d",
              "isHook": false,
              "skipped": false
            },
            {
              "title": "Verifica se existe um botão com o id `generate-board`",
              "fullTitle": "10 - Faça o quadro de pixels ter seu tamanho definido pelo usuário. Verifica se existe um botão com o id `generate-board`",
              "timedOut": null,
              "duration": 4412,
              "state": "failed",
              "speed": null,
              "pass": false,
              "fail": true,
              "pending": false,
              "context": null,
              "code": "cy.get('#generate-board').should('be.visible');",
              "err": {
                "message": "CypressError: Timed out retrying: Expected to find element: '#generate-board', but never found it.",
                "estack": "CypressError: Timed out retrying: Expected to find element: '#generate-board', but never found it.\n    at cypressErr (http://localhost:44661/__cypress/runner/cypress_runner.js:149934:9)\n    at throwErr (http://localhost:44661/__cypress/runner/cypress_runner.js:149867:11)\n    at Object.throwErrByPath (http://localhost:44661/__cypress/runner/cypress_runner.js:149915:3)\n    at retry (http://localhost:44661/__cypress/runner/cypress_runner.js:144197:19)\n    at onFailFn (http://localhost:44661/__cypress/runner/cypress_runner.js:132448:16)\n    at tryCatcher (http://localhost:44661/__cypress/runner/cypress_runner.js:167415:23)\n    at Promise._settlePromiseFromHandler (http://localhost:44661/__cypress/runner/cypress_runner.js:165351:31)\n    at Promise._settlePromise (http://localhost:44661/__cypress/runner/cypress_runner.js:165408:18)\n    at Promise._settlePromise0 (http://localhost:44661/__cypress/runner/cypress_runner.js:165453:10)\n    at Promise._settlePromises (http://localhost:44661/__cypress/runner/cypress_runner.js:165528:18)\n    at Async../node_modules/bluebird/js/release/async.js.Async._drainQueue (http://localhost:44661/__cypress/runner/cypress_runner.js:162140:16)\n    at Async../node_modules/bluebird/js/release/async.js.Async._drainQueues (http://localhost:44661/__cypress/runner/cypress_runner.js:162150:10)\n    at Async.drainQueues (http://localhost:44661/__cypress/runner/cypress_runner.js:162024:14)",
                "diff": null
              },
              "uuid": "a4e73791-aed1-4594-a3d3-47cf2432440b",
              "parentUUID": "4edc19c2-a1b0-415b-bfcf-04ec4d29771d",
              "isHook": false,
              "skipped": false
            },
            {
              "title": "Verifica se o input só aceita número maiores que zero. Essa restrição deve ser feita usando os atributos do elemento `input`",
              "fullTitle": "10 - Faça o quadro de pixels ter seu tamanho definido pelo usuário. Verifica se o input só aceita número maiores que zero. Essa restrição deve ser feita usando os atributos do elemento `input`",
              "timedOut": null,
              "duration": 4502,
              "state": "failed",
              "speed": null,
              "pass": false,
              "fail": true,
              "pending": false,
              "context": null,
              "code": "cy.get('#board-size[type=\\'number\\'][min=\\'1\\']');",
              "err": {
                "message": "CypressError: Timed out retrying: Expected to find element: '#board-size[type='number'][min='1']', but never found it.",
                "estack": "CypressError: Timed out retrying: Expected to find element: '#board-size[type='number'][min='1']', but never found it.\n    at cypressErr (http://localhost:44661/__cypress/runner/cypress_runner.js:149934:9)\n    at throwErr (http://localhost:44661/__cypress/runner/cypress_runner.js:149867:11)\n    at Object.throwErrByPath (http://localhost:44661/__cypress/runner/cypress_runner.js:149915:3)\n    at retry (http://localhost:44661/__cypress/runner/cypress_runner.js:144197:19)\n    at onFailFn (http://localhost:44661/__cypress/runner/cypress_runner.js:132448:16)\n    at tryCatcher (http://localhost:44661/__cypress/runner/cypress_runner.js:167415:23)\n    at Promise._settlePromiseFromHandler (http://localhost:44661/__cypress/runner/cypress_runner.js:165351:31)\n    at Promise._settlePromise (http://localhost:44661/__cypress/runner/cypress_runner.js:165408:18)\n    at Promise._settlePromise0 (http://localhost:44661/__cypress/runner/cypress_runner.js:165453:10)\n    at Promise._settlePromises (http://localhost:44661/__cypress/runner/cypress_runner.js:165528:18)\n    at Async../node_modules/bluebird/js/release/async.js.Async._drainQueue (http://localhost:44661/__cypress/runner/cypress_runner.js:162140:16)\n    at Async../node_modules/bluebird/js/release/async.js.Async._drainQueues (http://localhost:44661/__cypress/runner/cypress_runner.js:162150:10)\n    at Async.drainQueues (http://localhost:44661/__cypress/runner/cypress_runner.js:162024:14)",
                "diff": null
              },
              "uuid": "5d69364c-6ae0-4137-acb8-95a2d76e60c9",
              "parentUUID": "4edc19c2-a1b0-415b-bfcf-04ec4d29771d",
              "isHook": false,
              "skipped": false
            },
            {
              "title": "Verifica se o botão contém o texto 'VQV'",
              "fullTitle": "10 - Faça o quadro de pixels ter seu tamanho definido pelo usuário. Verifica se o botão contém o texto 'VQV'",
              "timedOut": null,
              "duration": 4631,
              "state": "failed",
              "speed": null,
              "pass": false,
              "fail": true,
              "pending": false,
              "context": null,
              "code": "cy.get('#generate-board').contains(/vqv/i);",
              "err": {
                "message": "CypressError: Timed out retrying: Expected to find element: '#generate-board', but never found it.",
                "estack": "CypressError: Timed out retrying: Expected to find element: '#generate-board', but never found it.\n    at cypressErr (http://localhost:44661/__cypress/runner/cypress_runner.js:149934:9)\n    at throwErr (http://localhost:44661/__cypress/runner/cypress_runner.js:149867:11)\n    at Object.throwErrByPath (http://localhost:44661/__cypress/runner/cypress_runner.js:149915:3)\n    at retry (http://localhost:44661/__cypress/runner/cypress_runner.js:144197:19)\n    at onFailFn (http://localhost:44661/__cypress/runner/cypress_runner.js:132448:16)\n    at tryCatcher (http://localhost:44661/__cypress/runner/cypress_runner.js:167415:23)\n    at Promise._settlePromiseFromHandler (http://localhost:44661/__cypress/runner/cypress_runner.js:165351:31)\n    at Promise._settlePromise (http://localhost:44661/__cypress/runner/cypress_runner.js:165408:18)\n    at Promise._settlePromise0 (http://localhost:44661/__cypress/runner/cypress_runner.js:165453:10)\n    at Promise._settlePromises (http://localhost:44661/__cypress/runner/cypress_runner.js:165528:18)\n    at Async../node_modules/bluebird/js/release/async.js.Async._drainQueue (http://localhost:44661/__cypress/runner/cypress_runner.js:162140:16)\n    at Async../node_modules/bluebird/js/release/async.js.Async._drainQueues (http://localhost:44661/__cypress/runner/cypress_runner.js:162150:10)\n    at Async.drainQueues (http://localhost:44661/__cypress/runner/cypress_runner.js:162024:14)",
                "diff": null
              },
              "uuid": "718016d8-f065-4349-aecb-49a44ecd6155",
              "parentUUID": "4edc19c2-a1b0-415b-bfcf-04ec4d29771d",
              "isHook": false,
              "skipped": false
            },
            {
              "title": "Verifica se o input está posicionado entre a paleta de cores e o quadro de pixels",
              "fullTitle": "10 - Faça o quadro de pixels ter seu tamanho definido pelo usuário. Verifica se o input está posicionado entre a paleta de cores e o quadro de pixels",
              "timedOut": null,
              "duration": 4513,
              "state": "failed",
              "speed": null,
              "pass": false,
              "fail": true,
              "pending": false,
              "context": null,
              "code": "cy.get('#color-palette').then(function (palette) {\n  cy.get('#board-size').should('be.belowOf', palette);\n});\ncy.get('#board-size').then(function (palette) {\n  cy.get('#pixel-board').should('be.belowOf', palette);\n});",
              "err": {
                "message": "CypressError: Timed out retrying: Expected to find element: '#board-size', but never found it.",
                "estack": "CypressError: Timed out retrying: Expected to find element: '#board-size', but never found it.\n    at cypressErr (http://localhost:44661/__cypress/runner/cypress_runner.js:149934:9)\n    at throwErr (http://localhost:44661/__cypress/runner/cypress_runner.js:149867:11)\n    at Object.throwErrByPath (http://localhost:44661/__cypress/runner/cypress_runner.js:149915:3)\n    at retry (http://localhost:44661/__cypress/runner/cypress_runner.js:144197:19)\n    at onFailFn (http://localhost:44661/__cypress/runner/cypress_runner.js:132448:16)\n    at tryCatcher (http://localhost:44661/__cypress/runner/cypress_runner.js:167415:23)\n    at Promise._settlePromiseFromHandler (http://localhost:44661/__cypress/runner/cypress_runner.js:165351:31)\n    at Promise._settlePromise (http://localhost:44661/__cypress/runner/cypress_runner.js:165408:18)\n    at Promise._settlePromise0 (http://localhost:44661/__cypress/runner/cypress_runner.js:165453:10)\n    at Promise._settlePromises (http://localhost:44661/__cypress/runner/cypress_runner.js:165528:18)\n    at Async../node_modules/bluebird/js/release/async.js.Async._drainQueue (http://localhost:44661/__cypress/runner/cypress_runner.js:162140:16)\n    at Async../node_modules/bluebird/js/release/async.js.Async._drainQueues (http://localhost:44661/__cypress/runner/cypress_runner.js:162150:10)\n    at Async.drainQueues (http://localhost:44661/__cypress/runner/cypress_runner.js:162024:14)",
                "diff": null
              },
              "uuid": "03a17172-93a7-42e3-86e8-9b9d1c232662",
              "parentUUID": "4edc19c2-a1b0-415b-bfcf-04ec4d29771d",
              "isHook": false,
              "skipped": false
            },
            {
              "title": "Verifica se o botão está posicionado ao lado do input",
              "fullTitle": "10 - Faça o quadro de pixels ter seu tamanho definido pelo usuário. Verifica se o botão está posicionado ao lado do input",
              "timedOut": null,
              "duration": 4384,
              "state": "failed",
              "speed": null,
              "pass": false,
              "fail": true,
              "pending": false,
              "context": null,
              "code": "cy.get('#board-size').then(function (board) {\n  cy.get('#generate-board').should('be.onTheRightOf', board);\n});",
              "err": {
                "message": "CypressError: Timed out retrying: Expected to find element: '#board-size', but never found it.",
                "estack": "CypressError: Timed out retrying: Expected to find element: '#board-size', but never found it.\n    at cypressErr (http://localhost:44661/__cypress/runner/cypress_runner.js:149934:9)\n    at throwErr (http://localhost:44661/__cypress/runner/cypress_runner.js:149867:11)\n    at Object.throwErrByPath (http://localhost:44661/__cypress/runner/cypress_runner.js:149915:3)\n    at retry (http://localhost:44661/__cypress/runner/cypress_runner.js:144197:19)\n    at onFailFn (http://localhost:44661/__cypress/runner/cypress_runner.js:132448:16)\n    at tryCatcher (http://localhost:44661/__cypress/runner/cypress_runner.js:167415:23)\n    at Promise._settlePromiseFromHandler (http://localhost:44661/__cypress/runner/cypress_runner.js:165351:31)\n    at Promise._settlePromise (http://localhost:44661/__cypress/runner/cypress_runner.js:165408:18)\n    at Promise._settlePromise0 (http://localhost:44661/__cypress/runner/cypress_runner.js:165453:10)\n    at Promise._settlePromises (http://localhost:44661/__cypress/runner/cypress_runner.js:165528:18)\n    at Async../node_modules/bluebird/js/release/async.js.Async._drainQueue (http://localhost:44661/__cypress/runner/cypress_runner.js:162140:16)\n    at Async../node_modules/bluebird/js/release/async.js.Async._drainQueues (http://localhost:44661/__cypress/runner/cypress_runner.js:162150:10)\n    at Async.drainQueues (http://localhost:44661/__cypress/runner/cypress_runner.js:162024:14)",
                "diff": null
              },
              "uuid": "e9f006b7-1d21-405b-9973-80efe0cc37e0",
              "parentUUID": "4edc19c2-a1b0-415b-bfcf-04ec4d29771d",
              "isHook": false,
              "skipped": false
            },
            {
              "title": "Verifica se nenhum valor for colocado no input ao clicar no botão, um `alert` é exibido com o texto: 'Board inválido!'",
              "fullTitle": "10 - Faça o quadro de pixels ter seu tamanho definido pelo usuário. Verifica se nenhum valor for colocado no input ao clicar no botão, um `alert` é exibido com o texto: 'Board inválido!'",
              "timedOut": null,
              "duration": 4486,
              "state": "failed",
              "speed": null,
              "pass": false,
              "fail": true,
              "pending": false,
              "context": null,
              "code": "var alerted = false;\ncy.on('window:alert', function (msg) {\n  return alerted = msg;\n});\ncy.get('#generate-board').click().then(function () {\n  return expect(alerted).to.match(/Board inválido!/i);\n});",
              "err": {
                "message": "CypressError: Timed out retrying: Expected to find element: '#generate-board', but never found it.",
                "estack": "CypressError: Timed out retrying: Expected to find element: '#generate-board', but never found it.\n    at cypressErr (http://localhost:44661/__cypress/runner/cypress_runner.js:149934:9)\n    at throwErr (http://localhost:44661/__cypress/runner/cypress_runner.js:149867:11)\n    at Object.throwErrByPath (http://localhost:44661/__cypress/runner/cypress_runner.js:149915:3)\n    at retry (http://localhost:44661/__cypress/runner/cypress_runner.js:144197:19)\n    at onFailFn (http://localhost:44661/__cypress/runner/cypress_runner.js:132448:16)\n    at tryCatcher (http://localhost:44661/__cypress/runner/cypress_runner.js:167415:23)\n    at Promise._settlePromiseFromHandler (http://localhost:44661/__cypress/runner/cypress_runner.js:165351:31)\n    at Promise._settlePromise (http://localhost:44661/__cypress/runner/cypress_runner.js:165408:18)\n    at Promise._settlePromise0 (http://localhost:44661/__cypress/runner/cypress_runner.js:165453:10)\n    at Promise._settlePromises (http://localhost:44661/__cypress/runner/cypress_runner.js:165528:18)\n    at Async../node_modules/bluebird/js/release/async.js.Async._drainQueue (http://localhost:44661/__cypress/runner/cypress_runner.js:162140:16)\n    at Async../node_modules/bluebird/js/release/async.js.Async._drainQueues (http://localhost:44661/__cypress/runner/cypress_runner.js:162150:10)\n    at Async.drainQueues (http://localhost:44661/__cypress/runner/cypress_runner.js:162024:14)",
                "diff": null
              },
              "uuid": "59cbd115-9483-4162-aa11-bf13b71afee1",
              "parentUUID": "4edc19c2-a1b0-415b-bfcf-04ec4d29771d",
              "isHook": false,
              "skipped": false
            },
            {
              "title": "Verifica se ao clicar no botão com um valor preenchido, o tamanho do board muda.",
              "fullTitle": "10 - Faça o quadro de pixels ter seu tamanho definido pelo usuário. Verifica se ao clicar no botão com um valor preenchido, o tamanho do board muda.",
              "timedOut": null,
              "duration": 4570,
              "state": "failed",
              "speed": null,
              "pass": false,
              "fail": true,
              "pending": false,
              "context": null,
              "code": "cy.get('#board-size').clear().type(10);\ncy.get('#generate-board').click();\ncy.get('.pixel').should('have.length', 100);",
              "err": {
                "message": "CypressError: Timed out retrying: Expected to find element: '#board-size', but never found it.",
                "estack": "CypressError: Timed out retrying: Expected to find element: '#board-size', but never found it.\n    at cypressErr (http://localhost:44661/__cypress/runner/cypress_runner.js:149934:9)\n    at throwErr (http://localhost:44661/__cypress/runner/cypress_runner.js:149867:11)\n    at Object.throwErrByPath (http://localhost:44661/__cypress/runner/cypress_runner.js:149915:3)\n    at retry (http://localhost:44661/__cypress/runner/cypress_runner.js:144197:19)\n    at onFailFn (http://localhost:44661/__cypress/runner/cypress_runner.js:132448:16)\n    at tryCatcher (http://localhost:44661/__cypress/runner/cypress_runner.js:167415:23)\n    at Promise._settlePromiseFromHandler (http://localhost:44661/__cypress/runner/cypress_runner.js:165351:31)\n    at Promise._settlePromise (http://localhost:44661/__cypress/runner/cypress_runner.js:165408:18)\n    at Promise._settlePromise0 (http://localhost:44661/__cypress/runner/cypress_runner.js:165453:10)\n    at Promise._settlePromises (http://localhost:44661/__cypress/runner/cypress_runner.js:165528:18)\n    at Async../node_modules/bluebird/js/release/async.js.Async._drainQueue (http://localhost:44661/__cypress/runner/cypress_runner.js:162140:16)\n    at Async../node_modules/bluebird/js/release/async.js.Async._drainQueues (http://localhost:44661/__cypress/runner/cypress_runner.js:162150:10)\n    at Async.drainQueues (http://localhost:44661/__cypress/runner/cypress_runner.js:162024:14)",
                "diff": null
              },
              "uuid": "c488a858-f566-414b-80bb-f24cd55ea274",
              "parentUUID": "4edc19c2-a1b0-415b-bfcf-04ec4d29771d",
              "isHook": false,
              "skipped": false
            },
            {
              "title": "Verifica se o novo quadro tem todos os pixels preenchidos com a cor branca",
              "fullTitle": "10 - Faça o quadro de pixels ter seu tamanho definido pelo usuário. Verifica se o novo quadro tem todos os pixels preenchidos com a cor branca",
              "timedOut": null,
              "duration": 4577,
              "state": "failed",
              "speed": null,
              "pass": false,
              "fail": true,
              "pending": false,
              "context": null,
              "code": "cy.get('#board-size').clear().type(6);\ncy.get('#generate-board').click();\ncy.get('.pixel').should('have.length', 36).each(function (pixel) {\n  expect(pixel).to.have.css('background-color', WHITE);\n});",
              "err": {
                "message": "CypressError: Timed out retrying: Expected to find element: '#board-size', but never found it.",
                "estack": "CypressError: Timed out retrying: Expected to find element: '#board-size', but never found it.\n    at cypressErr (http://localhost:44661/__cypress/runner/cypress_runner.js:149934:9)\n    at throwErr (http://localhost:44661/__cypress/runner/cypress_runner.js:149867:11)\n    at Object.throwErrByPath (http://localhost:44661/__cypress/runner/cypress_runner.js:149915:3)\n    at retry (http://localhost:44661/__cypress/runner/cypress_runner.js:144197:19)\n    at onFailFn (http://localhost:44661/__cypress/runner/cypress_runner.js:132448:16)\n    at tryCatcher (http://localhost:44661/__cypress/runner/cypress_runner.js:167415:23)\n    at Promise._settlePromiseFromHandler (http://localhost:44661/__cypress/runner/cypress_runner.js:165351:31)\n    at Promise._settlePromise (http://localhost:44661/__cypress/runner/cypress_runner.js:165408:18)\n    at Promise._settlePromise0 (http://localhost:44661/__cypress/runner/cypress_runner.js:165453:10)\n    at Promise._settlePromises (http://localhost:44661/__cypress/runner/cypress_runner.js:165528:18)\n    at Async../node_modules/bluebird/js/release/async.js.Async._drainQueue (http://localhost:44661/__cypress/runner/cypress_runner.js:162140:16)\n    at Async../node_modules/bluebird/js/release/async.js.Async._drainQueues (http://localhost:44661/__cypress/runner/cypress_runner.js:162150:10)\n    at Async.drainQueues (http://localhost:44661/__cypress/runner/cypress_runner.js:162024:14)",
                "diff": null
              },
              "uuid": "9f4c253a-a1b8-4ab7-b4d6-f2f6bb72dc91",
              "parentUUID": "4edc19c2-a1b0-415b-bfcf-04ec4d29771d",
              "isHook": false,
              "skipped": false
            }
          ],
          "suites": [],
          "passes": [],
          "failures": [
            "d7116cfd-a441-46da-bf08-770e095a38a4",
            "a4e73791-aed1-4594-a3d3-47cf2432440b",
            "5d69364c-6ae0-4137-acb8-95a2d76e60c9",
            "718016d8-f065-4349-aecb-49a44ecd6155",
            "03a17172-93a7-42e3-86e8-9b9d1c232662",
            "e9f006b7-1d21-405b-9973-80efe0cc37e0",
            "59cbd115-9483-4162-aa11-bf13b71afee1",
            "c488a858-f566-414b-80bb-f24cd55ea274",
            "9f4c253a-a1b8-4ab7-b4d6-f2f6bb72dc91"
          ],
          "pending": [],
          "skipped": [],
          "duration": 40476,
          "root": false,
          "rootEmpty": false,
          "_timeout": 2000
        },
        {
          "uuid": "7d2cddb5-3b8b-4be7-9a73-4bb5365483b4",
          "title": "11 - Limite o tamanho mínimo e máximo do board.",
          "fullFile": "",
          "file": "",
          "beforeHooks": [],
          "afterHooks": [],
          "tests": [
            {
              "title": "Verifica se a altura máxima do board é 50",
              "fullTitle": "11 - Limite o tamanho mínimo e máximo do board. Verifica se a altura máxima do board é 50",
              "timedOut": null,
              "duration": 4644,
              "state": "failed",
              "speed": null,
              "pass": false,
              "fail": true,
              "pending": false,
              "context": null,
              "code": "cy.get('#board-size').clear().type(50);\ncy.get('#generate-board').click();\ncy.get('.pixel').should('have.length', 2500);",
              "err": {
                "message": "CypressError: Timed out retrying: Expected to find element: '#board-size', but never found it.",
                "estack": "CypressError: Timed out retrying: Expected to find element: '#board-size', but never found it.\n    at cypressErr (http://localhost:44661/__cypress/runner/cypress_runner.js:149934:9)\n    at throwErr (http://localhost:44661/__cypress/runner/cypress_runner.js:149867:11)\n    at Object.throwErrByPath (http://localhost:44661/__cypress/runner/cypress_runner.js:149915:3)\n    at retry (http://localhost:44661/__cypress/runner/cypress_runner.js:144197:19)\n    at onFailFn (http://localhost:44661/__cypress/runner/cypress_runner.js:132448:16)\n    at tryCatcher (http://localhost:44661/__cypress/runner/cypress_runner.js:167415:23)\n    at Promise._settlePromiseFromHandler (http://localhost:44661/__cypress/runner/cypress_runner.js:165351:31)\n    at Promise._settlePromise (http://localhost:44661/__cypress/runner/cypress_runner.js:165408:18)\n    at Promise._settlePromise0 (http://localhost:44661/__cypress/runner/cypress_runner.js:165453:10)\n    at Promise._settlePromises (http://localhost:44661/__cypress/runner/cypress_runner.js:165528:18)\n    at Async../node_modules/bluebird/js/release/async.js.Async._drainQueue (http://localhost:44661/__cypress/runner/cypress_runner.js:162140:16)\n    at Async../node_modules/bluebird/js/release/async.js.Async._drainQueues (http://localhost:44661/__cypress/runner/cypress_runner.js:162150:10)\n    at Async.drainQueues (http://localhost:44661/__cypress/runner/cypress_runner.js:162024:14)",
                "diff": null
              },
              "uuid": "7b550ac7-e237-422c-af15-e5d7770691b1",
              "parentUUID": "7d2cddb5-3b8b-4be7-9a73-4bb5365483b4",
              "isHook": false,
              "skipped": false
            },
            {
              "title": "Verifica se a altura do board é 5 quando um valor menor é colocado no input",
              "fullTitle": "11 - Limite o tamanho mínimo e máximo do board. Verifica se a altura do board é 5 quando um valor menor é colocado no input",
              "timedOut": null,
              "duration": 4568,
              "state": "failed",
              "speed": null,
              "pass": false,
              "fail": true,
              "pending": false,
              "context": null,
              "code": "cy.get('#board-size').clear().type(4);\ncy.get('#generate-board').click();\ncy.get('.pixel').should('have.length', 25);",
              "err": {
                "message": "CypressError: Timed out retrying: Expected to find element: '#board-size', but never found it.",
                "estack": "CypressError: Timed out retrying: Expected to find element: '#board-size', but never found it.\n    at cypressErr (http://localhost:44661/__cypress/runner/cypress_runner.js:149934:9)\n    at throwErr (http://localhost:44661/__cypress/runner/cypress_runner.js:149867:11)\n    at Object.throwErrByPath (http://localhost:44661/__cypress/runner/cypress_runner.js:149915:3)\n    at retry (http://localhost:44661/__cypress/runner/cypress_runner.js:144197:19)\n    at onFailFn (http://localhost:44661/__cypress/runner/cypress_runner.js:132448:16)\n    at tryCatcher (http://localhost:44661/__cypress/runner/cypress_runner.js:167415:23)\n    at Promise._settlePromiseFromHandler (http://localhost:44661/__cypress/runner/cypress_runner.js:165351:31)\n    at Promise._settlePromise (http://localhost:44661/__cypress/runner/cypress_runner.js:165408:18)\n    at Promise._settlePromise0 (http://localhost:44661/__cypress/runner/cypress_runner.js:165453:10)\n    at Promise._settlePromises (http://localhost:44661/__cypress/runner/cypress_runner.js:165528:18)\n    at Async../node_modules/bluebird/js/release/async.js.Async._drainQueue (http://localhost:44661/__cypress/runner/cypress_runner.js:162140:16)\n    at Async../node_modules/bluebird/js/release/async.js.Async._drainQueues (http://localhost:44661/__cypress/runner/cypress_runner.js:162150:10)\n    at Async.drainQueues (http://localhost:44661/__cypress/runner/cypress_runner.js:162024:14)",
                "diff": null
              },
              "uuid": "a112df6a-03a9-4a2e-8219-d2097e040896",
              "parentUUID": "7d2cddb5-3b8b-4be7-9a73-4bb5365483b4",
              "isHook": false,
              "skipped": false
            },
            {
              "title": "Verifica se a altura do board é 50 quando um valor maior é colocado no input",
              "fullTitle": "11 - Limite o tamanho mínimo e máximo do board. Verifica se a altura do board é 50 quando um valor maior é colocado no input",
              "timedOut": null,
              "duration": 4580,
              "state": "failed",
              "speed": null,
              "pass": false,
              "fail": true,
              "pending": false,
              "context": null,
              "code": "cy.get('#board-size').clear().type(51);\ncy.get('#generate-board').click();\ncy.get('.pixel').should('have.length', 2500);",
              "err": {
                "message": "CypressError: Timed out retrying: Expected to find element: '#board-size', but never found it.",
                "estack": "CypressError: Timed out retrying: Expected to find element: '#board-size', but never found it.\n    at cypressErr (http://localhost:44661/__cypress/runner/cypress_runner.js:149934:9)\n    at throwErr (http://localhost:44661/__cypress/runner/cypress_runner.js:149867:11)\n    at Object.throwErrByPath (http://localhost:44661/__cypress/runner/cypress_runner.js:149915:3)\n    at retry (http://localhost:44661/__cypress/runner/cypress_runner.js:144197:19)\n    at onFailFn (http://localhost:44661/__cypress/runner/cypress_runner.js:132448:16)\n    at tryCatcher (http://localhost:44661/__cypress/runner/cypress_runner.js:167415:23)\n    at Promise._settlePromiseFromHandler (http://localhost:44661/__cypress/runner/cypress_runner.js:165351:31)\n    at Promise._settlePromise (http://localhost:44661/__cypress/runner/cypress_runner.js:165408:18)\n    at Promise._settlePromise0 (http://localhost:44661/__cypress/runner/cypress_runner.js:165453:10)\n    at Promise._settlePromises (http://localhost:44661/__cypress/runner/cypress_runner.js:165528:18)\n    at Async../node_modules/bluebird/js/release/async.js.Async._drainQueue (http://localhost:44661/__cypress/runner/cypress_runner.js:162140:16)\n    at Async../node_modules/bluebird/js/release/async.js.Async._drainQueues (http://localhost:44661/__cypress/runner/cypress_runner.js:162150:10)\n    at Async.drainQueues (http://localhost:44661/__cypress/runner/cypress_runner.js:162024:14)",
                "diff": null
              },
              "uuid": "1baddb3d-97c5-4948-aba1-77f46df867e2",
              "parentUUID": "7d2cddb5-3b8b-4be7-9a73-4bb5365483b4",
              "isHook": false,
              "skipped": false
            }
          ],
          "suites": [],
          "passes": [],
          "failures": [
            "7b550ac7-e237-422c-af15-e5d7770691b1",
            "a112df6a-03a9-4a2e-8219-d2097e040896",
            "1baddb3d-97c5-4948-aba1-77f46df867e2"
          ],
          "pending": [],
          "skipped": [],
          "duration": 13792,
          "root": false,
          "rootEmpty": false,
          "_timeout": 2000
        },
        {
          "uuid": "9147ee44-7196-4e62-9fd0-69afe19bada6",
          "title": "12 - Faça com que as cores da paleta sejam geradas aleatoriamente ao carregar a página.",
          "fullFile": "",
          "file": "",
          "beforeHooks": [],
          "afterHooks": [],
          "tests": [
            {
              "title": "Verifica se as cores geradas na paleta são diferentes a cada carregamento da página",
              "fullTitle": "12 - Faça com que as cores da paleta sejam geradas aleatoriamente ao carregar a página. Verifica se as cores geradas na paleta são diferentes a cada carregamento da página",
              "timedOut": null,
              "duration": 905,
              "state": "failed",
              "speed": null,
              "pass": false,
              "fail": true,
              "pending": false,
              "context": null,
              "code": "cy.get('.color').then(function (colors) {\n  var currentColors;\n  var previousColors;\n  previousColors = Array.from(colors).map(function (color) {\n    return Cypress.$(color).css('background-color');\n  });\n  for (var i = 0; i < 5; i += 1) {\n    cy.reload();\n    cy.get('.color').then(function (colors) {\n      currentColors = Array.from(colors).map(function (color) {\n        return Cypress.$(color).css('background-color');\n      });\n      expect(currentColors).not.to.deep.equal(previousColors);\n      previousColors = currentColors;\n    });\n  }\n});",
              "err": {
                "message": "AssertionError: expected [ Array(4) ] to not deeply equal [ Array(4) ]",
                "estack": "AssertionError: expected [ Array(4) ] to not deeply equal [ Array(4) ]\n    at getRet (http://localhost:44661/__cypress/runner/cypress_runner.js:136585:16)\n    at tryCatcher (http://localhost:44661/__cypress/runner/cypress_runner.js:167415:23)\n    at Function.Promise.attempt.Promise.try (http://localhost:44661/__cypress/runner/cypress_runner.js:164690:29)\n    at Context.thenFn (http://localhost:44661/__cypress/runner/cypress_runner.js:136599:23)\n    at Context.then (http://localhost:44661/__cypress/runner/cypress_runner.js:136971:21)\n    at Context.<anonymous> (http://localhost:44661/__cypress/runner/cypress_runner.js:148875:21)\n    at http://localhost:44661/__cypress/runner/cypress_runner.js:148351:33\n    at tryCatcher (http://localhost:44661/__cypress/runner/cypress_runner.js:167415:23)\n    at Promise._settlePromiseFromHandler (http://localhost:44661/__cypress/runner/cypress_runner.js:165351:31)\n    at Promise._settlePromise (http://localhost:44661/__cypress/runner/cypress_runner.js:165408:18)\n    at Promise._settlePromiseCtx (http://localhost:44661/__cypress/runner/cypress_runner.js:165445:10)\n    at Async../node_modules/bluebird/js/release/async.js.Async._drainQueue (http://localhost:44661/__cypress/runner/cypress_runner.js:162145:12)\n    at Async../node_modules/bluebird/js/release/async.js.Async._drainQueues (http://localhost:44661/__cypress/runner/cypress_runner.js:162150:10)\n    at Async.drainQueues (http://localhost:44661/__cypress/runner/cypress_runner.js:162024:14)",
                "diff": ""
              },
              "uuid": "25dc8b4d-7195-4d6d-9f09-d8f5fa01aa24",
              "parentUUID": "9147ee44-7196-4e62-9fd0-69afe19bada6",
              "isHook": false,
              "skipped": false
            },
            {
              "title": "Verifica se a cor preta ainda está presente e é a primeira na sua paleta de cores",
              "fullTitle": "12 - Faça com que as cores da paleta sejam geradas aleatoriamente ao carregar a página. Verifica se a cor preta ainda está presente e é a primeira na sua paleta de cores",
              "timedOut": null,
              "duration": 890,
              "state": "failed",
              "speed": null,
              "pass": false,
              "fail": true,
              "pending": false,
              "context": null,
              "code": "cy.get('.color').then(function (colors) {\n  var currentColors;\n  var previousColors;\n  previousColors = Array.from(colors).map(function (color) {\n    return Cypress.$(color).css('background-color');\n  });\n  expect(previousColors[0]).to.eq(BLACK);\n  for (var i = 0; i < 5; i += 1) {\n    cy.reload();\n    cy.get('.color').then(function (colors) {\n      currentColors = Array.from(colors).map(function (color) {\n        return Cypress.$(color).css('background-color');\n      });\n      expect(currentColors[0]).to.eq(BLACK);\n      expect(currentColors).not.to.deep.equal(previousColors);\n      previousColors = currentColors;\n    });\n  }\n});",
              "err": {
                "message": "AssertionError: expected [ Array(4) ] to not deeply equal [ Array(4) ]",
                "estack": "AssertionError: expected [ Array(4) ] to not deeply equal [ Array(4) ]\n    at getRet (http://localhost:44661/__cypress/runner/cypress_runner.js:136585:16)\n    at tryCatcher (http://localhost:44661/__cypress/runner/cypress_runner.js:167415:23)\n    at Function.Promise.attempt.Promise.try (http://localhost:44661/__cypress/runner/cypress_runner.js:164690:29)\n    at Context.thenFn (http://localhost:44661/__cypress/runner/cypress_runner.js:136599:23)\n    at Context.then (http://localhost:44661/__cypress/runner/cypress_runner.js:136971:21)\n    at Context.<anonymous> (http://localhost:44661/__cypress/runner/cypress_runner.js:148875:21)\n    at http://localhost:44661/__cypress/runner/cypress_runner.js:148351:33\n    at tryCatcher (http://localhost:44661/__cypress/runner/cypress_runner.js:167415:23)\n    at Promise._settlePromiseFromHandler (http://localhost:44661/__cypress/runner/cypress_runner.js:165351:31)\n    at Promise._settlePromise (http://localhost:44661/__cypress/runner/cypress_runner.js:165408:18)\n    at Promise._settlePromiseCtx (http://localhost:44661/__cypress/runner/cypress_runner.js:165445:10)\n    at Async../node_modules/bluebird/js/release/async.js.Async._drainQueue (http://localhost:44661/__cypress/runner/cypress_runner.js:162145:12)\n    at Async../node_modules/bluebird/js/release/async.js.Async._drainQueues (http://localhost:44661/__cypress/runner/cypress_runner.js:162150:10)\n    at Async.drainQueues (http://localhost:44661/__cypress/runner/cypress_runner.js:162024:14)",
                "diff": ""
              },
              "uuid": "a1dce701-452c-4376-a4dd-9286db85aadb",
              "parentUUID": "9147ee44-7196-4e62-9fd0-69afe19bada6",
              "isHook": false,
              "skipped": false
            }
          ],
          "suites": [],
          "passes": [],
          "failures": [
            "25dc8b4d-7195-4d6d-9f09-d8f5fa01aa24",
            "a1dce701-452c-4376-a4dd-9286db85aadb"
          ],
          "pending": [],
          "skipped": [],
          "duration": 1795,
          "root": false,
          "rootEmpty": false,
          "_timeout": 2000
        }
      ],
      "passes": [],
      "failures": [],
      "pending": [],
      "skipped": [],
      "duration": 0,
      "root": true,
      "rootEmpty": true,
      "_timeout": 2000
    }
  ],
  "meta": {
    "mocha": {
      "version": "7.0.1"
    },
    "mochawesome": {
      "options": {
        "quiet": false,
        "reportFilename": "mochawesome",
        "saveHtml": false,
        "saveJson": true,
        "consoleReporter": "spec",
        "useInlineDiffs": false
      },
      "version": "4.1.0"
    },
    "marge": {
      "options": {
        "id": "default",
        "reportDir": "cypress/reports",
        "overwrite": true,
        "html": false,
        "json": true
      },
      "version": "4.1.0"
    }
  }
}