{
  "stats": {
    "suites": 12,
    "tests": 41,
    "passes": 21,
    "pending": 0,
    "failures": 20,
    "start": "2021-09-12T04:38:45.312Z",
    "end": "2021-09-12T04:40:44.492Z",
    "duration": 119180,
    "testsRegistered": 41,
    "passPercent": 51.21951219512195,
    "pendingPercent": 0,
    "other": 0,
    "hasOther": false,
    "skipped": 0,
    "hasSkipped": false
  },
  "results": [
    {
      "uuid": "29ad60ff-f6fa-4a4a-a0a2-396704846586",
      "title": "",
      "fullFile": "cypress/integration/project.spec.js",
      "file": "cypress/integration/project.spec.js",
      "beforeHooks": [],
      "afterHooks": [],
      "tests": [],
      "suites": [
        {
          "uuid": "6359ae34-7f33-44cc-974b-8ae9cac0b8e2",
          "title": "1 - Adicione à página o título \"Paleta de Cores\".",
          "fullFile": "",
          "file": "",
          "beforeHooks": [],
          "afterHooks": [],
          "tests": [
            {
              "title": "Verifica se contém um elemento `h1` com o id `title` com o título correto",
              "fullTitle": "1 - Adicione à página o título \"Paleta de Cores\". Verifica se contém um elemento `h1` com o id `title` com o título correto",
              "timedOut": null,
              "duration": 381,
              "state": "passed",
              "speed": "slow",
              "pass": true,
              "fail": false,
              "pending": false,
              "context": null,
              "code": "cy.get('h1#title').should('contain.text', 'Paleta de Cores');",
              "err": {},
              "uuid": "f0f574ea-faa3-44c3-907e-5b774e43d896",
              "parentUUID": "6359ae34-7f33-44cc-974b-8ae9cac0b8e2",
              "isHook": false,
              "skipped": false
            }
          ],
          "suites": [],
          "passes": [
            "f0f574ea-faa3-44c3-907e-5b774e43d896"
          ],
          "failures": [],
          "pending": [],
          "skipped": [],
          "duration": 381,
          "root": false,
          "rootEmpty": false,
          "_timeout": 2000
        },
        {
          "uuid": "78ce81a5-22c5-47e8-bf72-33154ae8c31b",
          "title": "2 - Adicione à página uma paleta de quatro cores distintas.",
          "fullFile": "",
          "file": "",
          "beforeHooks": [],
          "afterHooks": [],
          "tests": [
            {
              "title": "A paleta de cores deve ser um elemento com `id` denominado `color-palette`",
              "fullTitle": "2 - Adicione à página uma paleta de quatro cores distintas. A paleta de cores deve ser um elemento com `id` denominado `color-palette`",
              "timedOut": null,
              "duration": 345,
              "state": "passed",
              "speed": "slow",
              "pass": true,
              "fail": false,
              "pending": false,
              "context": null,
              "code": "cy.get('#color-palette').should('be.visible');\ncy.get('#color-palette').children('.color');",
              "err": {},
              "uuid": "5abe471f-3d8d-41b6-8a4c-719c6068e7f0",
              "parentUUID": "78ce81a5-22c5-47e8-bf72-33154ae8c31b",
              "isHook": false,
              "skipped": false
            },
            {
              "title": "Verifica se cada cor individual da paleta de cores possui a `classe` chamada `color`.",
              "fullTitle": "2 - Adicione à página uma paleta de quatro cores distintas. Verifica se cada cor individual da paleta de cores possui a `classe` chamada `color`.",
              "timedOut": null,
              "duration": 478,
              "state": "passed",
              "speed": "slow",
              "pass": true,
              "fail": false,
              "pending": false,
              "context": null,
              "code": "cy.get('.color').should('have.length', 4).then(function (colors) {\n  for (var i = 0; i < colors.length; i++) {\n    cy.wrap(colors[i]).should('be.visible');\n  }\n});",
              "err": {},
              "uuid": "21f6759a-8735-4daa-aa5f-453edcabad87",
              "parentUUID": "78ce81a5-22c5-47e8-bf72-33154ae8c31b",
              "isHook": false,
              "skipped": false
            },
            {
              "title": "Verifica se a cor de fundo de cada elemento da paleta é a cor que o elemento representa. **A única cor não permitida na paleta é a cor branca.**",
              "fullTitle": "2 - Adicione à página uma paleta de quatro cores distintas. Verifica se a cor de fundo de cada elemento da paleta é a cor que o elemento representa. **A única cor não permitida na paleta é a cor branca.**",
              "timedOut": null,
              "duration": 421,
              "state": "passed",
              "speed": "slow",
              "pass": true,
              "fail": false,
              "pending": false,
              "context": null,
              "code": "cy.get('.color').each(function (color) {\n  cy.wrap(color).should('have.class', 'color').and('not.have.css', 'background-color', WHITE);\n  cy.wrap(color).should('have.css', 'background-color');\n});",
              "err": {},
              "uuid": "a702d2f6-7a59-4583-986e-8e7fa5a440fd",
              "parentUUID": "78ce81a5-22c5-47e8-bf72-33154ae8c31b",
              "isHook": false,
              "skipped": false
            },
            {
              "title": "Verifica se cada elemento da paleta de cores tem uma borda preta, sólida e com 1 pixel de largura;",
              "fullTitle": "2 - Adicione à página uma paleta de quatro cores distintas. Verifica se cada elemento da paleta de cores tem uma borda preta, sólida e com 1 pixel de largura;",
              "timedOut": null,
              "duration": 393,
              "state": "passed",
              "speed": "slow",
              "pass": true,
              "fail": false,
              "pending": false,
              "context": null,
              "code": "cy.get('.color').each(function (color) {\n  cy.wrap(color).and('have.css', 'border', \"1px solid \".concat(BLACK)).and('have.class', 'color');\n});",
              "err": {},
              "uuid": "539b906b-819c-4d90-b7ac-3e9b5d93dcd9",
              "parentUUID": "78ce81a5-22c5-47e8-bf72-33154ae8c31b",
              "isHook": false,
              "skipped": false
            },
            {
              "title": "Verifica se a paleta lista todas as cores disponíveis para utilização, lado a lado.",
              "fullTitle": "2 - Adicione à página uma paleta de quatro cores distintas. Verifica se a paleta lista todas as cores disponíveis para utilização, lado a lado.",
              "timedOut": null,
              "duration": 350,
              "state": "passed",
              "speed": "slow",
              "pass": true,
              "fail": false,
              "pending": false,
              "context": null,
              "code": "cy.get('.color').then(function (colors) {\n  for (var index = 1; index < colors.length; index += 1) {\n    var currentColor = colors[index];\n    var previousColor = colors[index - 1];\n    cy.wrap(currentColor).should('be.onTheRightOf', previousColor).and('be.horizontallyAlignedWith', previousColor);\n  }\n});",
              "err": {},
              "uuid": "5adcb8e8-9b1a-4ec8-894f-2a371b2612b1",
              "parentUUID": "78ce81a5-22c5-47e8-bf72-33154ae8c31b",
              "isHook": false,
              "skipped": false
            },
            {
              "title": "Verifica se a paleta de cores está posicionada abaixo do título 'Paleta de Cores'",
              "fullTitle": "2 - Adicione à página uma paleta de quatro cores distintas. Verifica se a paleta de cores está posicionada abaixo do título 'Paleta de Cores'",
              "timedOut": null,
              "duration": 259,
              "state": "passed",
              "speed": "slow",
              "pass": true,
              "fail": false,
              "pending": false,
              "context": null,
              "code": "cy.get('h1#title').then(function (title) {\n  cy.get('#color-palette').should('be.belowOf', title);\n});",
              "err": {},
              "uuid": "4d60150f-e2a2-45d9-8767-01bfca5d98a5",
              "parentUUID": "78ce81a5-22c5-47e8-bf72-33154ae8c31b",
              "isHook": false,
              "skipped": false
            },
            {
              "title": "Verifica se a paleta de cores não contém cores repetidas.",
              "fullTitle": "2 - Adicione à página uma paleta de quatro cores distintas. Verifica se a paleta de cores não contém cores repetidas.",
              "timedOut": null,
              "duration": 265,
              "state": "passed",
              "speed": "slow",
              "pass": true,
              "fail": false,
              "pending": false,
              "context": null,
              "code": "cy.get('.color').then(function (colors) {\n  var allColors = Array.from(colors).map(function (color) {\n    return Cypress.$(color).css('background-color');\n  });\n  cy.log(allColors);\n  var uniqColors = (0, _toConsumableArray2[\"default\"])(new Set(allColors));\n  cy.log(uniqColors);\n  expect(allColors.length).to.eq(uniqColors.length);\n});",
              "err": {},
              "uuid": "fb23a190-2623-4ee3-8496-e11b33efc666",
              "parentUUID": "78ce81a5-22c5-47e8-bf72-33154ae8c31b",
              "isHook": false,
              "skipped": false
            }
          ],
          "suites": [],
          "passes": [
            "5abe471f-3d8d-41b6-8a4c-719c6068e7f0",
            "21f6759a-8735-4daa-aa5f-453edcabad87",
            "a702d2f6-7a59-4583-986e-8e7fa5a440fd",
            "539b906b-819c-4d90-b7ac-3e9b5d93dcd9",
            "5adcb8e8-9b1a-4ec8-894f-2a371b2612b1",
            "4d60150f-e2a2-45d9-8767-01bfca5d98a5",
            "fb23a190-2623-4ee3-8496-e11b33efc666"
          ],
          "failures": [],
          "pending": [],
          "skipped": [],
          "duration": 2511,
          "root": false,
          "rootEmpty": false,
          "_timeout": 2000
        },
        {
          "uuid": "bf3c9730-24bb-437b-82e0-0dac0224bb9e",
          "title": "3 - Adicione a cor **preta** como a primeira cor da paleta de cores.",
          "fullFile": "",
          "file": "",
          "beforeHooks": [],
          "afterHooks": [],
          "tests": [
            {
              "title": "Verifica se a primeira cor da paleta é preta",
              "fullTitle": "3 - Adicione a cor **preta** como a primeira cor da paleta de cores. Verifica se a primeira cor da paleta é preta",
              "timedOut": null,
              "duration": 180,
              "state": "passed",
              "speed": "slow",
              "pass": true,
              "fail": false,
              "pending": false,
              "context": null,
              "code": "cy.get('.color').first().should('have.css', 'background-color', BLACK);",
              "err": {},
              "uuid": "dfe02b09-34f2-4ebd-8a68-821efaf1bc18",
              "parentUUID": "bf3c9730-24bb-437b-82e0-0dac0224bb9e",
              "isHook": false,
              "skipped": false
            },
            {
              "title": "Verifica se as demais cores podem ser escolhidas livremente.",
              "fullTitle": "3 - Adicione a cor **preta** como a primeira cor da paleta de cores. Verifica se as demais cores podem ser escolhidas livremente.",
              "timedOut": null,
              "duration": 485,
              "state": "passed",
              "speed": "slow",
              "pass": true,
              "fail": false,
              "pending": false,
              "context": null,
              "code": "cy.get('.color').eq(1).should('not.have.css', 'background-color', BLACK);\ncy.get('.color').eq(1).should('not.have.css', 'background-color', WHITE);\ncy.get('.color').eq(1).should('not.have.css', 'background-color', 'rgba(0, 0, 0, 0)');\ncy.get('.color').eq(1).should('have.css', 'background-color');\ncy.get('.color').eq(2).should('not.have.css', 'background-color', BLACK);\ncy.get('.color').eq(2).should('not.have.css', 'background-color', WHITE);\ncy.get('.color').eq(2).should('not.have.css', 'background-color', 'rgba(0, 0, 0, 0)');\ncy.get('.color').eq(2).should('have.css', 'background-color');\ncy.get('.color').eq(3).should('not.have.css', 'background-color', BLACK);\ncy.get('.color').eq(3).should('not.have.css', 'background-color', WHITE);\ncy.get('.color').eq(3).should('not.have.css', 'background-color', 'rgba(0, 0, 0, 0)');\ncy.get('.color').eq(3).should('have.css', 'background-color');",
              "err": {},
              "uuid": "ee160f7e-0e1e-4a05-867a-7a58aacba442",
              "parentUUID": "bf3c9730-24bb-437b-82e0-0dac0224bb9e",
              "isHook": false,
              "skipped": false
            }
          ],
          "suites": [],
          "passes": [
            "dfe02b09-34f2-4ebd-8a68-821efaf1bc18",
            "ee160f7e-0e1e-4a05-867a-7a58aacba442"
          ],
          "failures": [],
          "pending": [],
          "skipped": [],
          "duration": 665,
          "root": false,
          "rootEmpty": false,
          "_timeout": 2000
        },
        {
          "uuid": "37180d26-5078-48f9-aea8-15be2aa82806",
          "title": "4 - Adicione à página um quadro de pixels, com 25 pixels.",
          "fullFile": "",
          "file": "",
          "beforeHooks": [],
          "afterHooks": [],
          "tests": [
            {
              "title": "Verifica se o quadro de pixels possui o `id` denominado `pixel-board`",
              "fullTitle": "4 - Adicione à página um quadro de pixels, com 25 pixels. Verifica se o quadro de pixels possui o `id` denominado `pixel-board`",
              "timedOut": null,
              "duration": 326,
              "state": "passed",
              "speed": "slow",
              "pass": true,
              "fail": false,
              "pending": false,
              "context": null,
              "code": "cy.get('#pixel-board').should('be.visible');",
              "err": {},
              "uuid": "97920dc6-35c0-4869-9881-237093ae7598",
              "parentUUID": "37180d26-5078-48f9-aea8-15be2aa82806",
              "isHook": false,
              "skipped": false
            },
            {
              "title": "Verifica se cada pixel individual dentro do quadro possui a `classe` denominada `pixel`.",
              "fullTitle": "4 - Adicione à página um quadro de pixels, com 25 pixels. Verifica se cada pixel individual dentro do quadro possui a `classe` denominada `pixel`.",
              "timedOut": null,
              "duration": 361,
              "state": "passed",
              "speed": "slow",
              "pass": true,
              "fail": false,
              "pending": false,
              "context": null,
              "code": "cy.get('.pixel').should('have.length', 25);",
              "err": {},
              "uuid": "85f05937-343d-4236-b1c4-82c79f8d1ebe",
              "parentUUID": "37180d26-5078-48f9-aea8-15be2aa82806",
              "isHook": false,
              "skipped": false
            },
            {
              "title": "Verifica se a cor inicial dos pixels dentro do quadro, ao abrir a página, é branca.",
              "fullTitle": "4 - Adicione à página um quadro de pixels, com 25 pixels. Verifica se a cor inicial dos pixels dentro do quadro, ao abrir a página, é branca.",
              "timedOut": null,
              "duration": 564,
              "state": "passed",
              "speed": "slow",
              "pass": true,
              "fail": false,
              "pending": false,
              "context": null,
              "code": "cy.get('.pixel').should('have.length', 25).each(function (pixel) {\n  expect(pixel).to.have.css('background-color', WHITE);\n});",
              "err": {},
              "uuid": "a00ca59b-9721-487c-b243-b838a89d57d8",
              "parentUUID": "37180d26-5078-48f9-aea8-15be2aa82806",
              "isHook": false,
              "skipped": false
            },
            {
              "title": "Verifica se o quadro de pixels aparece abaixo da paleta de cores",
              "fullTitle": "4 - Adicione à página um quadro de pixels, com 25 pixels. Verifica se o quadro de pixels aparece abaixo da paleta de cores",
              "timedOut": null,
              "duration": 238,
              "state": "passed",
              "speed": "slow",
              "pass": true,
              "fail": false,
              "pending": false,
              "context": null,
              "code": "cy.get('#color-palette').then(function (palette) {\n  cy.get('#pixel-board').should('be.belowOf', palette);\n});",
              "err": {},
              "uuid": "27dffbb4-d2ce-4e30-953b-4809518a5639",
              "parentUUID": "37180d26-5078-48f9-aea8-15be2aa82806",
              "isHook": false,
              "skipped": false
            }
          ],
          "suites": [],
          "passes": [
            "97920dc6-35c0-4869-9881-237093ae7598",
            "85f05937-343d-4236-b1c4-82c79f8d1ebe",
            "a00ca59b-9721-487c-b243-b838a89d57d8",
            "27dffbb4-d2ce-4e30-953b-4809518a5639"
          ],
          "failures": [],
          "pending": [],
          "skipped": [],
          "duration": 1489,
          "root": false,
          "rootEmpty": false,
          "_timeout": 2000
        },
        {
          "uuid": "8366dfa8-35ec-464c-ada1-fd90c1693dcd",
          "title": "5 - Faça com que cada elemento do quadro de pixels possua 40 pixels de largura, 40 pixels de altura e seja delimitado por uma borda preta de 1 pixel.",
          "fullFile": "",
          "file": "",
          "beforeHooks": [],
          "afterHooks": [],
          "tests": [
            {
              "title": "Verifica se o quadro de pixels tem altura e comprimento de 5 elementos",
              "fullTitle": "5 - Faça com que cada elemento do quadro de pixels possua 40 pixels de largura, 40 pixels de altura e seja delimitado por uma borda preta de 1 pixel. Verifica se o quadro de pixels tem altura e comprimento de 5 elementos",
              "timedOut": null,
              "duration": 690,
              "state": "passed",
              "speed": "slow",
              "pass": true,
              "fail": false,
              "pending": false,
              "context": null,
              "code": "cy.get('.pixel').should('have.length', 25).each(function (pixel) {\n  expect(pixel).to.have.css('background-color', WHITE);\n}).and(function (pixels) {\n  var rows = chunk(pixels, 5);\n  rows.forEach(function (row) {\n    for (var index = 1; index < row.length; index += 1) {\n      var current = pixels[index];\n      var previous = pixels[index - 1];\n      cy.wrap(current).should('be.onTheRightOf', previous).and('be.horizontallyAlignedWith', previous);\n    }\n  });\n  for (var index = 1; index < 5; index += 1) {\n    expect(pixels[index * 5]).to.be.belowOf(pixels[(index - 1) * 5]);\n  }\n});",
              "err": {},
              "uuid": "ab1f62ba-60d0-4098-b60d-6a27837251ae",
              "parentUUID": "8366dfa8-35ec-464c-ada1-fd90c1693dcd",
              "isHook": false,
              "skipped": false
            },
            {
              "title": "Verifica se 40 pixels é o tamanho total do elemento, incluindo seu conteúdo e excluindo a borda preta, que deve ser criada à parte.",
              "fullTitle": "5 - Faça com que cada elemento do quadro de pixels possua 40 pixels de largura, 40 pixels de altura e seja delimitado por uma borda preta de 1 pixel. Verifica se 40 pixels é o tamanho total do elemento, incluindo seu conteúdo e excluindo a borda preta, que deve ser criada à parte.",
              "timedOut": null,
              "duration": 615,
              "state": "passed",
              "speed": "slow",
              "pass": true,
              "fail": false,
              "pending": false,
              "context": null,
              "code": "cy.get('.pixel').each(function (pixel) {\n  cy.wrap(pixel).should('have.css', 'height', '40px').and('have.css', 'width', '40px').and('have.css', 'border', \"1px solid \".concat(BLACK));\n});",
              "err": {},
              "uuid": "95740ca7-5e2b-4224-a29c-692806964361",
              "parentUUID": "8366dfa8-35ec-464c-ada1-fd90c1693dcd",
              "isHook": false,
              "skipped": false
            }
          ],
          "suites": [],
          "passes": [
            "ab1f62ba-60d0-4098-b60d-6a27837251ae",
            "95740ca7-5e2b-4224-a29c-692806964361"
          ],
          "failures": [],
          "pending": [],
          "skipped": [],
          "duration": 1305,
          "root": false,
          "rootEmpty": false,
          "_timeout": 2000
        },
        {
          "uuid": "1ec15106-1e9d-4cdf-8054-4d6481282e84",
          "title": "6 - Defina a cor preta como cor inicial. Ao carregar a página a cor preta já deve estar selecionada para pintar os pixels",
          "fullFile": "",
          "file": "",
          "beforeHooks": [],
          "afterHooks": [],
          "tests": [
            {
              "title": "Verifica se o elemento da cor preta possui, inicialmente, a `classe` `selected`",
              "fullTitle": "6 - Defina a cor preta como cor inicial. Ao carregar a página a cor preta já deve estar selecionada para pintar os pixels Verifica se o elemento da cor preta possui, inicialmente, a `classe` `selected`",
              "timedOut": null,
              "duration": 384,
              "state": "passed",
              "speed": "slow",
              "pass": true,
              "fail": false,
              "pending": false,
              "context": null,
              "code": "cy.get('.selected').first().should('have.css', 'background-color', BLACK);",
              "err": {},
              "uuid": "37e726a8-7af9-4433-bf46-32aafe96de4d",
              "parentUUID": "1ec15106-1e9d-4cdf-8054-4d6481282e84",
              "isHook": false,
              "skipped": false
            },
            {
              "title": "Verifica se nenhuma outra cor da paleta tem a `classe` `selected`",
              "fullTitle": "6 - Defina a cor preta como cor inicial. Ao carregar a página a cor preta já deve estar selecionada para pintar os pixels Verifica se nenhuma outra cor da paleta tem a `classe` `selected`",
              "timedOut": null,
              "duration": 219,
              "state": "passed",
              "speed": "slow",
              "pass": true,
              "fail": false,
              "pending": false,
              "context": null,
              "code": "cy.get('.color:not(:first-child)').each(function (color) {\n  cy.wrap(color).should('not.have.class', 'selected');\n});",
              "err": {},
              "uuid": "714a4621-18ee-4211-9fde-e7d8246645dc",
              "parentUUID": "1ec15106-1e9d-4cdf-8054-4d6481282e84",
              "isHook": false,
              "skipped": false
            }
          ],
          "suites": [],
          "passes": [
            "37e726a8-7af9-4433-bf46-32aafe96de4d",
            "714a4621-18ee-4211-9fde-e7d8246645dc"
          ],
          "failures": [],
          "pending": [],
          "skipped": [],
          "duration": 603,
          "root": false,
          "rootEmpty": false,
          "_timeout": 2000
        },
        {
          "uuid": "8f86bc15-d382-46d8-8ab5-6de7678fb936",
          "title": "7 - Clicar em uma das cores da paleta, faz com que ela seja selecionada e utilizada para preencher os pixels no quadro.",
          "fullFile": "",
          "file": "",
          "beforeHooks": [],
          "afterHooks": [],
          "tests": [
            {
              "title": "Verifica se somente uma cor da paleta de cores tem a classe `selected` de cada vez",
              "fullTitle": "7 - Clicar em uma das cores da paleta, faz com que ela seja selecionada e utilizada para preencher os pixels no quadro. Verifica se somente uma cor da paleta de cores tem a classe `selected` de cada vez",
              "timedOut": null,
              "duration": 686,
              "state": "passed",
              "speed": "slow",
              "pass": true,
              "fail": false,
              "pending": false,
              "context": null,
              "code": "cy.get('.color').each(function (selectedColor, selectedColorIndex) {\n  cy.wrap(selectedColor).click();\n  cy.get('.color').each(function (color, colorIndex) {\n    if (colorIndex === selectedColorIndex) {\n      expect(color).to.have[\"class\"]('selected');\n    } else {\n      expect(color).not.to.have[\"class\"]('selected');\n    }\n  });\n});",
              "err": {},
              "uuid": "60c88eed-d7e3-4558-a808-60febc7240eb",
              "parentUUID": "8f86bc15-d382-46d8-8ab5-6de7678fb936",
              "isHook": false,
              "skipped": false
            },
            {
              "title": "Verifica se os pixels dentro do quadro não têm a classe `selected` quando são clicados",
              "fullTitle": "7 - Clicar em uma das cores da paleta, faz com que ela seja selecionada e utilizada para preencher os pixels no quadro. Verifica se os pixels dentro do quadro não têm a classe `selected` quando são clicados",
              "timedOut": null,
              "duration": 9502,
              "state": "passed",
              "speed": "slow",
              "pass": true,
              "fail": false,
              "pending": false,
              "context": null,
              "code": "cy.get('.color').each(function (color) {\n  var backgroundColor = color.css('background-color');\n  cy.wrap(color).click();\n  cy.get('.pixel').each(function (pixel) {\n    cy.wrap(pixel).click().should('not.have.class', 'selected');\n  });\n});",
              "err": {},
              "uuid": "8dd4303f-50e4-4653-97b2-de5f3476b4d4",
              "parentUUID": "8f86bc15-d382-46d8-8ab5-6de7678fb936",
              "isHook": false,
              "skipped": false
            }
          ],
          "suites": [],
          "passes": [
            "60c88eed-d7e3-4558-a808-60febc7240eb",
            "8dd4303f-50e4-4653-97b2-de5f3476b4d4"
          ],
          "failures": [],
          "pending": [],
          "skipped": [],
          "duration": 10188,
          "root": false,
          "rootEmpty": false,
          "_timeout": 2000
        },
        {
          "uuid": "2cf9920c-429f-4992-8027-921bf9b50299",
          "title": "8 - Clicar em um pixel dentro do quadro após selecionar uma cor na paleta, faz com que o pixel seja preenchido com a cor selecionada.",
          "fullFile": "",
          "file": "",
          "beforeHooks": [],
          "afterHooks": [],
          "tests": [
            {
              "title": "Verifica se ao carregar a página deve ser possível pintar os pixels de preto",
              "fullTitle": "8 - Clicar em um pixel dentro do quadro após selecionar uma cor na paleta, faz com que o pixel seja preenchido com a cor selecionada. Verifica se ao carregar a página deve ser possível pintar os pixels de preto",
              "timedOut": null,
              "duration": 4862,
              "state": "failed",
              "speed": null,
              "pass": false,
              "fail": true,
              "pending": false,
              "context": null,
              "code": "cy.get('.pixel').each(function (pixel) {\n  cy.wrap(pixel).click().should('have.css', 'background-color', BLACK);\n});",
              "err": {
                "message": "CypressError: Timed out retrying: expected '<div.pixel>' to have CSS property 'background-color' with the value 'rgb(0, 0, 0)', but the value was 'rgb(255, 255, 255)'",
                "estack": "CypressError: Timed out retrying: expected '<div.pixel>' to have CSS property 'background-color' with the value 'rgb(0, 0, 0)', but the value was 'rgb(255, 255, 255)'\n    at cypressErr (http://localhost:50043/__cypress/runner/cypress_runner.js:149934:9)\n    at throwErr (http://localhost:50043/__cypress/runner/cypress_runner.js:149867:11)\n    at Object.throwErrByPath (http://localhost:50043/__cypress/runner/cypress_runner.js:149915:3)\n    at retry (http://localhost:50043/__cypress/runner/cypress_runner.js:144197:19)\n    at onFailFn (http://localhost:50043/__cypress/runner/cypress_runner.js:132448:16)\n    at tryCatcher (http://localhost:50043/__cypress/runner/cypress_runner.js:167415:23)\n    at Promise._settlePromiseFromHandler (http://localhost:50043/__cypress/runner/cypress_runner.js:165351:31)\n    at Promise._settlePromise (http://localhost:50043/__cypress/runner/cypress_runner.js:165408:18)\n    at Promise._settlePromise0 (http://localhost:50043/__cypress/runner/cypress_runner.js:165453:10)\n    at Promise._settlePromises (http://localhost:50043/__cypress/runner/cypress_runner.js:165528:18)\n    at Async../node_modules/bluebird/js/release/async.js.Async._drainQueue (http://localhost:50043/__cypress/runner/cypress_runner.js:162140:16)\n    at Async../node_modules/bluebird/js/release/async.js.Async._drainQueues (http://localhost:50043/__cypress/runner/cypress_runner.js:162150:10)\n    at Async.drainQueues (http://localhost:50043/__cypress/runner/cypress_runner.js:162024:14)",
                "diff": null
              },
              "uuid": "c902db43-ea99-4984-8968-c6caba1fdcc0",
              "parentUUID": "2cf9920c-429f-4992-8027-921bf9b50299",
              "isHook": false,
              "skipped": false
            },
            {
              "title": "Verifica se após selecionar uma outra cor na paleta, é possível pintar os pixels com essa cor",
              "fullTitle": "8 - Clicar em um pixel dentro do quadro após selecionar uma cor na paleta, faz com que o pixel seja preenchido com a cor selecionada. Verifica se após selecionar uma outra cor na paleta, é possível pintar os pixels com essa cor",
              "timedOut": null,
              "duration": 5144,
              "state": "failed",
              "speed": null,
              "pass": false,
              "fail": true,
              "pending": false,
              "context": null,
              "code": "cy.get('.color').each(function (color) {\n  var backgroundColor = color.css('background-color');\n  cy.wrap(color).click();\n  cy.get('.pixel').each(function (pixel) {\n    cy.wrap(pixel).click().should('have.css', 'background-color', backgroundColor);\n  });\n});",
              "err": {
                "message": "CypressError: Timed out retrying: expected '<div.pixel>' to have CSS property 'background-color' with the value 'rgb(0, 0, 0)', but the value was 'rgb(255, 255, 255)'",
                "estack": "CypressError: Timed out retrying: expected '<div.pixel>' to have CSS property 'background-color' with the value 'rgb(0, 0, 0)', but the value was 'rgb(255, 255, 255)'\n    at cypressErr (http://localhost:50043/__cypress/runner/cypress_runner.js:149934:9)\n    at throwErr (http://localhost:50043/__cypress/runner/cypress_runner.js:149867:11)\n    at Object.throwErrByPath (http://localhost:50043/__cypress/runner/cypress_runner.js:149915:3)\n    at retry (http://localhost:50043/__cypress/runner/cypress_runner.js:144197:19)\n    at onFailFn (http://localhost:50043/__cypress/runner/cypress_runner.js:132448:16)\n    at tryCatcher (http://localhost:50043/__cypress/runner/cypress_runner.js:167415:23)\n    at Promise._settlePromiseFromHandler (http://localhost:50043/__cypress/runner/cypress_runner.js:165351:31)\n    at Promise._settlePromise (http://localhost:50043/__cypress/runner/cypress_runner.js:165408:18)\n    at Promise._settlePromise0 (http://localhost:50043/__cypress/runner/cypress_runner.js:165453:10)\n    at Promise._settlePromises (http://localhost:50043/__cypress/runner/cypress_runner.js:165528:18)\n    at Async../node_modules/bluebird/js/release/async.js.Async._drainQueue (http://localhost:50043/__cypress/runner/cypress_runner.js:162140:16)\n    at Async../node_modules/bluebird/js/release/async.js.Async._drainQueues (http://localhost:50043/__cypress/runner/cypress_runner.js:162150:10)\n    at Async.drainQueues (http://localhost:50043/__cypress/runner/cypress_runner.js:162024:14)",
                "diff": null
              },
              "uuid": "077fceb4-4b23-4082-95af-069fb370864b",
              "parentUUID": "2cf9920c-429f-4992-8027-921bf9b50299",
              "isHook": false,
              "skipped": false
            },
            {
              "title": "Verifica se somente o pixel que foi clicado foi preenchido com a cor selecionada, sem influenciar na cor dos demais pixels.",
              "fullTitle": "8 - Clicar em um pixel dentro do quadro após selecionar uma cor na paleta, faz com que o pixel seja preenchido com a cor selecionada. Verifica se somente o pixel que foi clicado foi preenchido com a cor selecionada, sem influenciar na cor dos demais pixels.",
              "timedOut": null,
              "duration": 3540,
              "state": "passed",
              "speed": "slow",
              "pass": true,
              "fail": false,
              "pending": false,
              "context": null,
              "code": "var colorToPixelIndexMap = {\n  0: 6,\n  1: 8,\n  2: 16,\n  3: 18\n};\ncy.get('.color').each(function (color, index) {\n  cy.wrap(color).click();\n  var backgroundColor = color.css('background-color');\n  var clickedPixelIndex = colorToPixelIndexMap[index];\n  cy.get('.pixel').eq(clickedPixelIndex).click();\n  cy.get('.pixel').eq(clickedPixelIndex - 1).should('not.have.css', 'background-color', backgroundColor);\n  cy.get('.pixel').eq(clickedPixelIndex + 1).should('not.have.css', 'background-color', backgroundColor);\n  cy.get('.pixel').eq(clickedPixelIndex - 5).should('not.have.css', 'background-color', backgroundColor);\n  cy.get('.pixel').eq(clickedPixelIndex + 5).should('not.have.css', 'background-color', backgroundColor);\n  cy.get('.pixel').eq(clickedPixelIndex - 6).should('not.have.css', 'background-color', backgroundColor);\n  cy.get('.pixel').eq(clickedPixelIndex - 4).should('not.have.css', 'background-color', backgroundColor);\n  cy.get('.pixel').eq(clickedPixelIndex + 4).should('not.have.css', 'background-color', backgroundColor);\n  cy.get('.pixel').eq(clickedPixelIndex + 6).should('not.have.css', 'background-color', backgroundColor);\n});",
              "err": {},
              "uuid": "12d49c66-f3bc-490a-90a9-3cafa5c90f87",
              "parentUUID": "2cf9920c-429f-4992-8027-921bf9b50299",
              "isHook": false,
              "skipped": false
            }
          ],
          "suites": [],
          "passes": [
            "12d49c66-f3bc-490a-90a9-3cafa5c90f87"
          ],
          "failures": [
            "c902db43-ea99-4984-8968-c6caba1fdcc0",
            "077fceb4-4b23-4082-95af-069fb370864b"
          ],
          "pending": [],
          "skipped": [],
          "duration": 13546,
          "root": false,
          "rootEmpty": false,
          "_timeout": 2000
        },
        {
          "uuid": "619f2b1e-d6c9-4425-baf8-bd0ca8681d3c",
          "title": "9 - Crie um botão que, ao ser clicado, limpa o quadro preenchendo a cor de todos seus pixels com branco.",
          "fullFile": "",
          "file": "",
          "beforeHooks": [],
          "afterHooks": [],
          "tests": [
            {
              "title": "Verifica se o botão tem o `id` denominado `clear-board`",
              "fullTitle": "9 - Crie um botão que, ao ser clicado, limpa o quadro preenchendo a cor de todos seus pixels com branco. Verifica se o botão tem o `id` denominado `clear-board`",
              "timedOut": null,
              "duration": 4831,
              "state": "failed",
              "speed": null,
              "pass": false,
              "fail": true,
              "pending": false,
              "context": null,
              "code": "cy.get('#clear-board').should('be.visible');",
              "err": {
                "message": "CypressError: Timed out retrying: Expected to find element: '#clear-board', but never found it.",
                "estack": "CypressError: Timed out retrying: Expected to find element: '#clear-board', but never found it.\n    at cypressErr (http://localhost:50043/__cypress/runner/cypress_runner.js:149934:9)\n    at throwErr (http://localhost:50043/__cypress/runner/cypress_runner.js:149867:11)\n    at Object.throwErrByPath (http://localhost:50043/__cypress/runner/cypress_runner.js:149915:3)\n    at retry (http://localhost:50043/__cypress/runner/cypress_runner.js:144197:19)\n    at onFailFn (http://localhost:50043/__cypress/runner/cypress_runner.js:132448:16)\n    at tryCatcher (http://localhost:50043/__cypress/runner/cypress_runner.js:167415:23)\n    at Promise._settlePromiseFromHandler (http://localhost:50043/__cypress/runner/cypress_runner.js:165351:31)\n    at Promise._settlePromise (http://localhost:50043/__cypress/runner/cypress_runner.js:165408:18)\n    at Promise._settlePromise0 (http://localhost:50043/__cypress/runner/cypress_runner.js:165453:10)\n    at Promise._settlePromises (http://localhost:50043/__cypress/runner/cypress_runner.js:165528:18)\n    at Async../node_modules/bluebird/js/release/async.js.Async._drainQueue (http://localhost:50043/__cypress/runner/cypress_runner.js:162140:16)\n    at Async../node_modules/bluebird/js/release/async.js.Async._drainQueues (http://localhost:50043/__cypress/runner/cypress_runner.js:162150:10)\n    at Async.drainQueues (http://localhost:50043/__cypress/runner/cypress_runner.js:162024:14)",
                "diff": null
              },
              "uuid": "39d9c7e4-f7a9-42d7-b028-6faf00d4db11",
              "parentUUID": "619f2b1e-d6c9-4425-baf8-bd0ca8681d3c",
              "isHook": false,
              "skipped": false
            },
            {
              "title": "Verifica se o botão está posicionado entre a paleta de cores e o quadro de pixels",
              "fullTitle": "9 - Crie um botão que, ao ser clicado, limpa o quadro preenchendo a cor de todos seus pixels com branco. Verifica se o botão está posicionado entre a paleta de cores e o quadro de pixels",
              "timedOut": null,
              "duration": 5023,
              "state": "failed",
              "speed": null,
              "pass": false,
              "fail": true,
              "pending": false,
              "context": null,
              "code": "cy.get('#color-palette').then(function (palette) {\n  cy.get('#clear-board').should('be.belowOf', palette);\n});\ncy.get('#clear-board').then(function (clearBtn) {\n  cy.get('#pixel-board').should('be.belowOf', clearBtn);\n});",
              "err": {
                "message": "CypressError: Timed out retrying: Expected to find element: '#clear-board', but never found it.",
                "estack": "CypressError: Timed out retrying: Expected to find element: '#clear-board', but never found it.\n    at cypressErr (http://localhost:50043/__cypress/runner/cypress_runner.js:149934:9)\n    at throwErr (http://localhost:50043/__cypress/runner/cypress_runner.js:149867:11)\n    at Object.throwErrByPath (http://localhost:50043/__cypress/runner/cypress_runner.js:149915:3)\n    at retry (http://localhost:50043/__cypress/runner/cypress_runner.js:144197:19)\n    at onFailFn (http://localhost:50043/__cypress/runner/cypress_runner.js:132448:16)\n    at tryCatcher (http://localhost:50043/__cypress/runner/cypress_runner.js:167415:23)\n    at Promise._settlePromiseFromHandler (http://localhost:50043/__cypress/runner/cypress_runner.js:165351:31)\n    at Promise._settlePromise (http://localhost:50043/__cypress/runner/cypress_runner.js:165408:18)\n    at Promise._settlePromise0 (http://localhost:50043/__cypress/runner/cypress_runner.js:165453:10)\n    at Promise._settlePromises (http://localhost:50043/__cypress/runner/cypress_runner.js:165528:18)\n    at Async../node_modules/bluebird/js/release/async.js.Async._drainQueue (http://localhost:50043/__cypress/runner/cypress_runner.js:162140:16)\n    at Async../node_modules/bluebird/js/release/async.js.Async._drainQueues (http://localhost:50043/__cypress/runner/cypress_runner.js:162150:10)\n    at Async.drainQueues (http://localhost:50043/__cypress/runner/cypress_runner.js:162024:14)",
                "diff": null
              },
              "uuid": "309661d5-4568-4c29-9234-2b3a789070fc",
              "parentUUID": "619f2b1e-d6c9-4425-baf8-bd0ca8681d3c",
              "isHook": false,
              "skipped": false
            },
            {
              "title": "Verifica se o texto do botão é 'Limpar'",
              "fullTitle": "9 - Crie um botão que, ao ser clicado, limpa o quadro preenchendo a cor de todos seus pixels com branco. Verifica se o texto do botão é 'Limpar'",
              "timedOut": null,
              "duration": 5331,
              "state": "failed",
              "speed": null,
              "pass": false,
              "fail": true,
              "pending": false,
              "context": null,
              "code": "cy.get('#clear-board').should('contain.text', 'Limpar');",
              "err": {
                "message": "CypressError: Timed out retrying: Expected to find element: '#clear-board', but never found it.",
                "estack": "CypressError: Timed out retrying: Expected to find element: '#clear-board', but never found it.\n    at cypressErr (http://localhost:50043/__cypress/runner/cypress_runner.js:149934:9)\n    at throwErr (http://localhost:50043/__cypress/runner/cypress_runner.js:149867:11)\n    at Object.throwErrByPath (http://localhost:50043/__cypress/runner/cypress_runner.js:149915:3)\n    at retry (http://localhost:50043/__cypress/runner/cypress_runner.js:144197:19)\n    at onFailFn (http://localhost:50043/__cypress/runner/cypress_runner.js:132448:16)\n    at tryCatcher (http://localhost:50043/__cypress/runner/cypress_runner.js:167415:23)\n    at Promise._settlePromiseFromHandler (http://localhost:50043/__cypress/runner/cypress_runner.js:165351:31)\n    at Promise._settlePromise (http://localhost:50043/__cypress/runner/cypress_runner.js:165408:18)\n    at Promise._settlePromise0 (http://localhost:50043/__cypress/runner/cypress_runner.js:165453:10)\n    at Promise._settlePromises (http://localhost:50043/__cypress/runner/cypress_runner.js:165528:18)\n    at Async../node_modules/bluebird/js/release/async.js.Async._drainQueue (http://localhost:50043/__cypress/runner/cypress_runner.js:162140:16)\n    at Async../node_modules/bluebird/js/release/async.js.Async._drainQueues (http://localhost:50043/__cypress/runner/cypress_runner.js:162150:10)\n    at Async.drainQueues (http://localhost:50043/__cypress/runner/cypress_runner.js:162024:14)",
                "diff": null
              },
              "uuid": "b97c45c9-6db5-43c9-85ed-42eb6b588442",
              "parentUUID": "619f2b1e-d6c9-4425-baf8-bd0ca8681d3c",
              "isHook": false,
              "skipped": false
            },
            {
              "title": "Verifica se ao clicar no botão, o quadro de pixels é totalmente preenchido de branco",
              "fullTitle": "9 - Crie um botão que, ao ser clicado, limpa o quadro preenchendo a cor de todos seus pixels com branco. Verifica se ao clicar no botão, o quadro de pixels é totalmente preenchido de branco",
              "timedOut": null,
              "duration": 5237,
              "state": "failed",
              "speed": null,
              "pass": false,
              "fail": true,
              "pending": false,
              "context": null,
              "code": "cy.get('.color').eq(1).then(function (color) {\n  var backgroundColor = color.css('background-color');\n  cy.wrap(color).click();\n  cy.get('.pixel').each(function (pixel) {\n    cy.wrap(pixel).click().should('have.css', 'background-color', backgroundColor);\n  });\n});\ncy.get('#clear-board').click();\ncy.get('.pixel').each(function (pixel) {\n  cy.wrap(pixel).should('have.css', 'background-color', WHITE);\n});",
              "err": {
                "message": "CypressError: Timed out retrying: expected '<div.pixel>' to have CSS property 'background-color' with the value 'rgb(255, 0, 0)', but the value was 'rgb(255, 255, 255)'",
                "estack": "CypressError: Timed out retrying: expected '<div.pixel>' to have CSS property 'background-color' with the value 'rgb(255, 0, 0)', but the value was 'rgb(255, 255, 255)'\n    at cypressErr (http://localhost:50043/__cypress/runner/cypress_runner.js:149934:9)\n    at throwErr (http://localhost:50043/__cypress/runner/cypress_runner.js:149867:11)\n    at Object.throwErrByPath (http://localhost:50043/__cypress/runner/cypress_runner.js:149915:3)\n    at retry (http://localhost:50043/__cypress/runner/cypress_runner.js:144197:19)\n    at onFailFn (http://localhost:50043/__cypress/runner/cypress_runner.js:132448:16)\n    at tryCatcher (http://localhost:50043/__cypress/runner/cypress_runner.js:167415:23)\n    at Promise._settlePromiseFromHandler (http://localhost:50043/__cypress/runner/cypress_runner.js:165351:31)\n    at Promise._settlePromise (http://localhost:50043/__cypress/runner/cypress_runner.js:165408:18)\n    at Promise._settlePromise0 (http://localhost:50043/__cypress/runner/cypress_runner.js:165453:10)\n    at Promise._settlePromises (http://localhost:50043/__cypress/runner/cypress_runner.js:165528:18)\n    at Async../node_modules/bluebird/js/release/async.js.Async._drainQueue (http://localhost:50043/__cypress/runner/cypress_runner.js:162140:16)\n    at Async../node_modules/bluebird/js/release/async.js.Async._drainQueues (http://localhost:50043/__cypress/runner/cypress_runner.js:162150:10)\n    at Async.drainQueues (http://localhost:50043/__cypress/runner/cypress_runner.js:162024:14)",
                "diff": null
              },
              "uuid": "42f44b85-1a93-433a-b231-c6a68992f36a",
              "parentUUID": "619f2b1e-d6c9-4425-baf8-bd0ca8681d3c",
              "isHook": false,
              "skipped": false
            }
          ],
          "suites": [],
          "passes": [],
          "failures": [
            "39d9c7e4-f7a9-42d7-b028-6faf00d4db11",
            "309661d5-4568-4c29-9234-2b3a789070fc",
            "b97c45c9-6db5-43c9-85ed-42eb6b588442",
            "42f44b85-1a93-433a-b231-c6a68992f36a"
          ],
          "pending": [],
          "skipped": [],
          "duration": 20422,
          "root": false,
          "rootEmpty": false,
          "_timeout": 2000
        },
        {
          "uuid": "d31be439-d4d3-436a-ab45-4b5fda0d5136",
          "title": "10 - Faça o quadro de pixels ter seu tamanho definido pelo usuário.",
          "fullFile": "",
          "file": "",
          "beforeHooks": [],
          "afterHooks": [],
          "tests": [
            {
              "title": "Verifica se existe um input com o id `board-size`",
              "fullTitle": "10 - Faça o quadro de pixels ter seu tamanho definido pelo usuário. Verifica se existe um input com o id `board-size`",
              "timedOut": null,
              "duration": 5060,
              "state": "failed",
              "speed": null,
              "pass": false,
              "fail": true,
              "pending": false,
              "context": null,
              "code": "cy.get('#board-size').should('be.visible');",
              "err": {
                "message": "CypressError: Timed out retrying: Expected to find element: '#board-size', but never found it.",
                "estack": "CypressError: Timed out retrying: Expected to find element: '#board-size', but never found it.\n    at cypressErr (http://localhost:50043/__cypress/runner/cypress_runner.js:149934:9)\n    at throwErr (http://localhost:50043/__cypress/runner/cypress_runner.js:149867:11)\n    at Object.throwErrByPath (http://localhost:50043/__cypress/runner/cypress_runner.js:149915:3)\n    at retry (http://localhost:50043/__cypress/runner/cypress_runner.js:144197:19)\n    at onFailFn (http://localhost:50043/__cypress/runner/cypress_runner.js:132448:16)\n    at tryCatcher (http://localhost:50043/__cypress/runner/cypress_runner.js:167415:23)\n    at Promise._settlePromiseFromHandler (http://localhost:50043/__cypress/runner/cypress_runner.js:165351:31)\n    at Promise._settlePromise (http://localhost:50043/__cypress/runner/cypress_runner.js:165408:18)\n    at Promise._settlePromise0 (http://localhost:50043/__cypress/runner/cypress_runner.js:165453:10)\n    at Promise._settlePromises (http://localhost:50043/__cypress/runner/cypress_runner.js:165528:18)\n    at Async../node_modules/bluebird/js/release/async.js.Async._drainQueue (http://localhost:50043/__cypress/runner/cypress_runner.js:162140:16)\n    at Async../node_modules/bluebird/js/release/async.js.Async._drainQueues (http://localhost:50043/__cypress/runner/cypress_runner.js:162150:10)\n    at Async.drainQueues (http://localhost:50043/__cypress/runner/cypress_runner.js:162024:14)",
                "diff": null
              },
              "uuid": "07510055-1b81-42f7-a56c-c39759fcec89",
              "parentUUID": "d31be439-d4d3-436a-ab45-4b5fda0d5136",
              "isHook": false,
              "skipped": false
            },
            {
              "title": "Verifica se existe um botão com o id `generate-board`",
              "fullTitle": "10 - Faça o quadro de pixels ter seu tamanho definido pelo usuário. Verifica se existe um botão com o id `generate-board`",
              "timedOut": null,
              "duration": 5164,
              "state": "failed",
              "speed": null,
              "pass": false,
              "fail": true,
              "pending": false,
              "context": null,
              "code": "cy.get('#generate-board').should('be.visible');",
              "err": {
                "message": "CypressError: Timed out retrying: Expected to find element: '#generate-board', but never found it.",
                "estack": "CypressError: Timed out retrying: Expected to find element: '#generate-board', but never found it.\n    at cypressErr (http://localhost:50043/__cypress/runner/cypress_runner.js:149934:9)\n    at throwErr (http://localhost:50043/__cypress/runner/cypress_runner.js:149867:11)\n    at Object.throwErrByPath (http://localhost:50043/__cypress/runner/cypress_runner.js:149915:3)\n    at retry (http://localhost:50043/__cypress/runner/cypress_runner.js:144197:19)\n    at onFailFn (http://localhost:50043/__cypress/runner/cypress_runner.js:132448:16)\n    at tryCatcher (http://localhost:50043/__cypress/runner/cypress_runner.js:167415:23)\n    at Promise._settlePromiseFromHandler (http://localhost:50043/__cypress/runner/cypress_runner.js:165351:31)\n    at Promise._settlePromise (http://localhost:50043/__cypress/runner/cypress_runner.js:165408:18)\n    at Promise._settlePromise0 (http://localhost:50043/__cypress/runner/cypress_runner.js:165453:10)\n    at Promise._settlePromises (http://localhost:50043/__cypress/runner/cypress_runner.js:165528:18)\n    at Async../node_modules/bluebird/js/release/async.js.Async._drainQueue (http://localhost:50043/__cypress/runner/cypress_runner.js:162140:16)\n    at Async../node_modules/bluebird/js/release/async.js.Async._drainQueues (http://localhost:50043/__cypress/runner/cypress_runner.js:162150:10)\n    at Async.drainQueues (http://localhost:50043/__cypress/runner/cypress_runner.js:162024:14)",
                "diff": null
              },
              "uuid": "81f3539b-eaa7-4773-ab22-670f77efeb4d",
              "parentUUID": "d31be439-d4d3-436a-ab45-4b5fda0d5136",
              "isHook": false,
              "skipped": false
            },
            {
              "title": "Verifica se o input só aceita número maiores que zero. Essa restrição deve ser feita usando os atributos do elemento `input`",
              "fullTitle": "10 - Faça o quadro de pixels ter seu tamanho definido pelo usuário. Verifica se o input só aceita número maiores que zero. Essa restrição deve ser feita usando os atributos do elemento `input`",
              "timedOut": null,
              "duration": 5354,
              "state": "failed",
              "speed": null,
              "pass": false,
              "fail": true,
              "pending": false,
              "context": null,
              "code": "cy.get('#board-size[type=\\'number\\'][min=\\'1\\']');",
              "err": {
                "message": "CypressError: Timed out retrying: Expected to find element: '#board-size[type='number'][min='1']', but never found it.",
                "estack": "CypressError: Timed out retrying: Expected to find element: '#board-size[type='number'][min='1']', but never found it.\n    at cypressErr (http://localhost:50043/__cypress/runner/cypress_runner.js:149934:9)\n    at throwErr (http://localhost:50043/__cypress/runner/cypress_runner.js:149867:11)\n    at Object.throwErrByPath (http://localhost:50043/__cypress/runner/cypress_runner.js:149915:3)\n    at retry (http://localhost:50043/__cypress/runner/cypress_runner.js:144197:19)\n    at onFailFn (http://localhost:50043/__cypress/runner/cypress_runner.js:132448:16)\n    at tryCatcher (http://localhost:50043/__cypress/runner/cypress_runner.js:167415:23)\n    at Promise._settlePromiseFromHandler (http://localhost:50043/__cypress/runner/cypress_runner.js:165351:31)\n    at Promise._settlePromise (http://localhost:50043/__cypress/runner/cypress_runner.js:165408:18)\n    at Promise._settlePromise0 (http://localhost:50043/__cypress/runner/cypress_runner.js:165453:10)\n    at Promise._settlePromises (http://localhost:50043/__cypress/runner/cypress_runner.js:165528:18)\n    at Async../node_modules/bluebird/js/release/async.js.Async._drainQueue (http://localhost:50043/__cypress/runner/cypress_runner.js:162140:16)\n    at Async../node_modules/bluebird/js/release/async.js.Async._drainQueues (http://localhost:50043/__cypress/runner/cypress_runner.js:162150:10)\n    at Async.drainQueues (http://localhost:50043/__cypress/runner/cypress_runner.js:162024:14)",
                "diff": null
              },
              "uuid": "5bf65a61-33c5-42aa-a876-154b45dc5ef6",
              "parentUUID": "d31be439-d4d3-436a-ab45-4b5fda0d5136",
              "isHook": false,
              "skipped": false
            },
            {
              "title": "Verifica se o botão contém o texto 'VQV'",
              "fullTitle": "10 - Faça o quadro de pixels ter seu tamanho definido pelo usuário. Verifica se o botão contém o texto 'VQV'",
              "timedOut": null,
              "duration": 4988,
              "state": "failed",
              "speed": null,
              "pass": false,
              "fail": true,
              "pending": false,
              "context": null,
              "code": "cy.get('#generate-board').contains(/vqv/i);",
              "err": {
                "message": "CypressError: Timed out retrying: Expected to find element: '#generate-board', but never found it.",
                "estack": "CypressError: Timed out retrying: Expected to find element: '#generate-board', but never found it.\n    at cypressErr (http://localhost:50043/__cypress/runner/cypress_runner.js:149934:9)\n    at throwErr (http://localhost:50043/__cypress/runner/cypress_runner.js:149867:11)\n    at Object.throwErrByPath (http://localhost:50043/__cypress/runner/cypress_runner.js:149915:3)\n    at retry (http://localhost:50043/__cypress/runner/cypress_runner.js:144197:19)\n    at onFailFn (http://localhost:50043/__cypress/runner/cypress_runner.js:132448:16)\n    at tryCatcher (http://localhost:50043/__cypress/runner/cypress_runner.js:167415:23)\n    at Promise._settlePromiseFromHandler (http://localhost:50043/__cypress/runner/cypress_runner.js:165351:31)\n    at Promise._settlePromise (http://localhost:50043/__cypress/runner/cypress_runner.js:165408:18)\n    at Promise._settlePromise0 (http://localhost:50043/__cypress/runner/cypress_runner.js:165453:10)\n    at Promise._settlePromises (http://localhost:50043/__cypress/runner/cypress_runner.js:165528:18)\n    at Async../node_modules/bluebird/js/release/async.js.Async._drainQueue (http://localhost:50043/__cypress/runner/cypress_runner.js:162140:16)\n    at Async../node_modules/bluebird/js/release/async.js.Async._drainQueues (http://localhost:50043/__cypress/runner/cypress_runner.js:162150:10)\n    at Async.drainQueues (http://localhost:50043/__cypress/runner/cypress_runner.js:162024:14)",
                "diff": null
              },
              "uuid": "cb817b1f-83b4-4c83-9dfa-984e1411dd35",
              "parentUUID": "d31be439-d4d3-436a-ab45-4b5fda0d5136",
              "isHook": false,
              "skipped": false
            },
            {
              "title": "Verifica se o input está posicionado entre a paleta de cores e o quadro de pixels",
              "fullTitle": "10 - Faça o quadro de pixels ter seu tamanho definido pelo usuário. Verifica se o input está posicionado entre a paleta de cores e o quadro de pixels",
              "timedOut": null,
              "duration": 5294,
              "state": "failed",
              "speed": null,
              "pass": false,
              "fail": true,
              "pending": false,
              "context": null,
              "code": "cy.get('#color-palette').then(function (palette) {\n  cy.get('#board-size').should('be.belowOf', palette);\n});\ncy.get('#board-size').then(function (palette) {\n  cy.get('#pixel-board').should('be.belowOf', palette);\n});",
              "err": {
                "message": "CypressError: Timed out retrying: Expected to find element: '#board-size', but never found it.",
                "estack": "CypressError: Timed out retrying: Expected to find element: '#board-size', but never found it.\n    at cypressErr (http://localhost:50043/__cypress/runner/cypress_runner.js:149934:9)\n    at throwErr (http://localhost:50043/__cypress/runner/cypress_runner.js:149867:11)\n    at Object.throwErrByPath (http://localhost:50043/__cypress/runner/cypress_runner.js:149915:3)\n    at retry (http://localhost:50043/__cypress/runner/cypress_runner.js:144197:19)\n    at onFailFn (http://localhost:50043/__cypress/runner/cypress_runner.js:132448:16)\n    at tryCatcher (http://localhost:50043/__cypress/runner/cypress_runner.js:167415:23)\n    at Promise._settlePromiseFromHandler (http://localhost:50043/__cypress/runner/cypress_runner.js:165351:31)\n    at Promise._settlePromise (http://localhost:50043/__cypress/runner/cypress_runner.js:165408:18)\n    at Promise._settlePromise0 (http://localhost:50043/__cypress/runner/cypress_runner.js:165453:10)\n    at Promise._settlePromises (http://localhost:50043/__cypress/runner/cypress_runner.js:165528:18)\n    at Async../node_modules/bluebird/js/release/async.js.Async._drainQueue (http://localhost:50043/__cypress/runner/cypress_runner.js:162140:16)\n    at Async../node_modules/bluebird/js/release/async.js.Async._drainQueues (http://localhost:50043/__cypress/runner/cypress_runner.js:162150:10)\n    at Async.drainQueues (http://localhost:50043/__cypress/runner/cypress_runner.js:162024:14)",
                "diff": null
              },
              "uuid": "cd32c48f-2229-4427-a70b-ca658636dfb1",
              "parentUUID": "d31be439-d4d3-436a-ab45-4b5fda0d5136",
              "isHook": false,
              "skipped": false
            },
            {
              "title": "Verifica se o botão está posicionado ao lado do input",
              "fullTitle": "10 - Faça o quadro de pixels ter seu tamanho definido pelo usuário. Verifica se o botão está posicionado ao lado do input",
              "timedOut": null,
              "duration": 5186,
              "state": "failed",
              "speed": null,
              "pass": false,
              "fail": true,
              "pending": false,
              "context": null,
              "code": "cy.get('#board-size').then(function (board) {\n  cy.get('#generate-board').should('be.onTheRightOf', board);\n});",
              "err": {
                "message": "CypressError: Timed out retrying: Expected to find element: '#board-size', but never found it.",
                "estack": "CypressError: Timed out retrying: Expected to find element: '#board-size', but never found it.\n    at cypressErr (http://localhost:50043/__cypress/runner/cypress_runner.js:149934:9)\n    at throwErr (http://localhost:50043/__cypress/runner/cypress_runner.js:149867:11)\n    at Object.throwErrByPath (http://localhost:50043/__cypress/runner/cypress_runner.js:149915:3)\n    at retry (http://localhost:50043/__cypress/runner/cypress_runner.js:144197:19)\n    at onFailFn (http://localhost:50043/__cypress/runner/cypress_runner.js:132448:16)\n    at tryCatcher (http://localhost:50043/__cypress/runner/cypress_runner.js:167415:23)\n    at Promise._settlePromiseFromHandler (http://localhost:50043/__cypress/runner/cypress_runner.js:165351:31)\n    at Promise._settlePromise (http://localhost:50043/__cypress/runner/cypress_runner.js:165408:18)\n    at Promise._settlePromise0 (http://localhost:50043/__cypress/runner/cypress_runner.js:165453:10)\n    at Promise._settlePromises (http://localhost:50043/__cypress/runner/cypress_runner.js:165528:18)\n    at Async../node_modules/bluebird/js/release/async.js.Async._drainQueue (http://localhost:50043/__cypress/runner/cypress_runner.js:162140:16)\n    at Async../node_modules/bluebird/js/release/async.js.Async._drainQueues (http://localhost:50043/__cypress/runner/cypress_runner.js:162150:10)\n    at Async.drainQueues (http://localhost:50043/__cypress/runner/cypress_runner.js:162024:14)",
                "diff": null
              },
              "uuid": "dcedf299-c3cd-4c44-ace7-664bef4ede98",
              "parentUUID": "d31be439-d4d3-436a-ab45-4b5fda0d5136",
              "isHook": false,
              "skipped": false
            },
            {
              "title": "Verifica se nenhum valor for colocado no input ao clicar no botão, um `alert` é exibido com o texto: 'Board inválido!'",
              "fullTitle": "10 - Faça o quadro de pixels ter seu tamanho definido pelo usuário. Verifica se nenhum valor for colocado no input ao clicar no botão, um `alert` é exibido com o texto: 'Board inválido!'",
              "timedOut": null,
              "duration": 5130,
              "state": "failed",
              "speed": null,
              "pass": false,
              "fail": true,
              "pending": false,
              "context": null,
              "code": "var alerted = false;\ncy.on('window:alert', function (msg) {\n  return alerted = msg;\n});\ncy.get('#generate-board').click().then(function () {\n  return expect(alerted).to.match(/Board inválido!/i);\n});",
              "err": {
                "message": "CypressError: Timed out retrying: Expected to find element: '#generate-board', but never found it.",
                "estack": "CypressError: Timed out retrying: Expected to find element: '#generate-board', but never found it.\n    at cypressErr (http://localhost:50043/__cypress/runner/cypress_runner.js:149934:9)\n    at throwErr (http://localhost:50043/__cypress/runner/cypress_runner.js:149867:11)\n    at Object.throwErrByPath (http://localhost:50043/__cypress/runner/cypress_runner.js:149915:3)\n    at retry (http://localhost:50043/__cypress/runner/cypress_runner.js:144197:19)\n    at onFailFn (http://localhost:50043/__cypress/runner/cypress_runner.js:132448:16)\n    at tryCatcher (http://localhost:50043/__cypress/runner/cypress_runner.js:167415:23)\n    at Promise._settlePromiseFromHandler (http://localhost:50043/__cypress/runner/cypress_runner.js:165351:31)\n    at Promise._settlePromise (http://localhost:50043/__cypress/runner/cypress_runner.js:165408:18)\n    at Promise._settlePromise0 (http://localhost:50043/__cypress/runner/cypress_runner.js:165453:10)\n    at Promise._settlePromises (http://localhost:50043/__cypress/runner/cypress_runner.js:165528:18)\n    at Async../node_modules/bluebird/js/release/async.js.Async._drainQueue (http://localhost:50043/__cypress/runner/cypress_runner.js:162140:16)\n    at Async../node_modules/bluebird/js/release/async.js.Async._drainQueues (http://localhost:50043/__cypress/runner/cypress_runner.js:162150:10)\n    at Async.drainQueues (http://localhost:50043/__cypress/runner/cypress_runner.js:162024:14)",
                "diff": null
              },
              "uuid": "f3cc2736-98eb-450f-bf67-308ec796cde2",
              "parentUUID": "d31be439-d4d3-436a-ab45-4b5fda0d5136",
              "isHook": false,
              "skipped": false
            },
            {
              "title": "Verifica se ao clicar no botão com um valor preenchido, o tamanho do board muda.",
              "fullTitle": "10 - Faça o quadro de pixels ter seu tamanho definido pelo usuário. Verifica se ao clicar no botão com um valor preenchido, o tamanho do board muda.",
              "timedOut": null,
              "duration": 5470,
              "state": "failed",
              "speed": null,
              "pass": false,
              "fail": true,
              "pending": false,
              "context": null,
              "code": "cy.get('#board-size').clear().type(10);\ncy.get('#generate-board').click();\ncy.get('.pixel').should('have.length', 100);",
              "err": {
                "message": "CypressError: Timed out retrying: Expected to find element: '#board-size', but never found it.",
                "estack": "CypressError: Timed out retrying: Expected to find element: '#board-size', but never found it.\n    at cypressErr (http://localhost:50043/__cypress/runner/cypress_runner.js:149934:9)\n    at throwErr (http://localhost:50043/__cypress/runner/cypress_runner.js:149867:11)\n    at Object.throwErrByPath (http://localhost:50043/__cypress/runner/cypress_runner.js:149915:3)\n    at retry (http://localhost:50043/__cypress/runner/cypress_runner.js:144197:19)\n    at onFailFn (http://localhost:50043/__cypress/runner/cypress_runner.js:132448:16)\n    at tryCatcher (http://localhost:50043/__cypress/runner/cypress_runner.js:167415:23)\n    at Promise._settlePromiseFromHandler (http://localhost:50043/__cypress/runner/cypress_runner.js:165351:31)\n    at Promise._settlePromise (http://localhost:50043/__cypress/runner/cypress_runner.js:165408:18)\n    at Promise._settlePromise0 (http://localhost:50043/__cypress/runner/cypress_runner.js:165453:10)\n    at Promise._settlePromises (http://localhost:50043/__cypress/runner/cypress_runner.js:165528:18)\n    at Async../node_modules/bluebird/js/release/async.js.Async._drainQueue (http://localhost:50043/__cypress/runner/cypress_runner.js:162140:16)\n    at Async../node_modules/bluebird/js/release/async.js.Async._drainQueues (http://localhost:50043/__cypress/runner/cypress_runner.js:162150:10)\n    at Async.drainQueues (http://localhost:50043/__cypress/runner/cypress_runner.js:162024:14)",
                "diff": null
              },
              "uuid": "324ef982-534b-4d0a-8180-3820262eff30",
              "parentUUID": "d31be439-d4d3-436a-ab45-4b5fda0d5136",
              "isHook": false,
              "skipped": false
            },
            {
              "title": "Verifica se o novo quadro tem todos os pixels preenchidos com a cor branca",
              "fullTitle": "10 - Faça o quadro de pixels ter seu tamanho definido pelo usuário. Verifica se o novo quadro tem todos os pixels preenchidos com a cor branca",
              "timedOut": null,
              "duration": 5121,
              "state": "failed",
              "speed": null,
              "pass": false,
              "fail": true,
              "pending": false,
              "context": null,
              "code": "cy.get('#board-size').clear().type(6);\ncy.get('#generate-board').click();\ncy.get('.pixel').should('have.length', 36).each(function (pixel) {\n  expect(pixel).to.have.css('background-color', WHITE);\n});",
              "err": {
                "message": "CypressError: Timed out retrying: Expected to find element: '#board-size', but never found it.",
                "estack": "CypressError: Timed out retrying: Expected to find element: '#board-size', but never found it.\n    at cypressErr (http://localhost:50043/__cypress/runner/cypress_runner.js:149934:9)\n    at throwErr (http://localhost:50043/__cypress/runner/cypress_runner.js:149867:11)\n    at Object.throwErrByPath (http://localhost:50043/__cypress/runner/cypress_runner.js:149915:3)\n    at retry (http://localhost:50043/__cypress/runner/cypress_runner.js:144197:19)\n    at onFailFn (http://localhost:50043/__cypress/runner/cypress_runner.js:132448:16)\n    at tryCatcher (http://localhost:50043/__cypress/runner/cypress_runner.js:167415:23)\n    at Promise._settlePromiseFromHandler (http://localhost:50043/__cypress/runner/cypress_runner.js:165351:31)\n    at Promise._settlePromise (http://localhost:50043/__cypress/runner/cypress_runner.js:165408:18)\n    at Promise._settlePromise0 (http://localhost:50043/__cypress/runner/cypress_runner.js:165453:10)\n    at Promise._settlePromises (http://localhost:50043/__cypress/runner/cypress_runner.js:165528:18)\n    at Async../node_modules/bluebird/js/release/async.js.Async._drainQueue (http://localhost:50043/__cypress/runner/cypress_runner.js:162140:16)\n    at Async../node_modules/bluebird/js/release/async.js.Async._drainQueues (http://localhost:50043/__cypress/runner/cypress_runner.js:162150:10)\n    at Async.drainQueues (http://localhost:50043/__cypress/runner/cypress_runner.js:162024:14)",
                "diff": null
              },
              "uuid": "fe3d497d-16f8-4676-aba8-b67fd5e0910f",
              "parentUUID": "d31be439-d4d3-436a-ab45-4b5fda0d5136",
              "isHook": false,
              "skipped": false
            }
          ],
          "suites": [],
          "passes": [],
          "failures": [
            "07510055-1b81-42f7-a56c-c39759fcec89",
            "81f3539b-eaa7-4773-ab22-670f77efeb4d",
            "5bf65a61-33c5-42aa-a876-154b45dc5ef6",
            "cb817b1f-83b4-4c83-9dfa-984e1411dd35",
            "cd32c48f-2229-4427-a70b-ca658636dfb1",
            "dcedf299-c3cd-4c44-ace7-664bef4ede98",
            "f3cc2736-98eb-450f-bf67-308ec796cde2",
            "324ef982-534b-4d0a-8180-3820262eff30",
            "fe3d497d-16f8-4676-aba8-b67fd5e0910f"
          ],
          "pending": [],
          "skipped": [],
          "duration": 46767,
          "root": false,
          "rootEmpty": false,
          "_timeout": 2000
        },
        {
          "uuid": "18fe2b1a-0ec0-4c54-af63-03acdbc7ad04",
          "title": "11 - Limite o tamanho mínimo e máximo do board.",
          "fullFile": "",
          "file": "",
          "beforeHooks": [],
          "afterHooks": [],
          "tests": [
            {
              "title": "Verifica se a altura máxima do board é 50",
              "fullTitle": "11 - Limite o tamanho mínimo e máximo do board. Verifica se a altura máxima do board é 50",
              "timedOut": null,
              "duration": 5207,
              "state": "failed",
              "speed": null,
              "pass": false,
              "fail": true,
              "pending": false,
              "context": null,
              "code": "cy.get('#board-size').clear().type(50);\ncy.get('#generate-board').click();\ncy.get('.pixel').should('have.length', 2500);",
              "err": {
                "message": "CypressError: Timed out retrying: Expected to find element: '#board-size', but never found it.",
                "estack": "CypressError: Timed out retrying: Expected to find element: '#board-size', but never found it.\n    at cypressErr (http://localhost:50043/__cypress/runner/cypress_runner.js:149934:9)\n    at throwErr (http://localhost:50043/__cypress/runner/cypress_runner.js:149867:11)\n    at Object.throwErrByPath (http://localhost:50043/__cypress/runner/cypress_runner.js:149915:3)\n    at retry (http://localhost:50043/__cypress/runner/cypress_runner.js:144197:19)\n    at onFailFn (http://localhost:50043/__cypress/runner/cypress_runner.js:132448:16)\n    at tryCatcher (http://localhost:50043/__cypress/runner/cypress_runner.js:167415:23)\n    at Promise._settlePromiseFromHandler (http://localhost:50043/__cypress/runner/cypress_runner.js:165351:31)\n    at Promise._settlePromise (http://localhost:50043/__cypress/runner/cypress_runner.js:165408:18)\n    at Promise._settlePromise0 (http://localhost:50043/__cypress/runner/cypress_runner.js:165453:10)\n    at Promise._settlePromises (http://localhost:50043/__cypress/runner/cypress_runner.js:165528:18)\n    at Async../node_modules/bluebird/js/release/async.js.Async._drainQueue (http://localhost:50043/__cypress/runner/cypress_runner.js:162140:16)\n    at Async../node_modules/bluebird/js/release/async.js.Async._drainQueues (http://localhost:50043/__cypress/runner/cypress_runner.js:162150:10)\n    at Async.drainQueues (http://localhost:50043/__cypress/runner/cypress_runner.js:162024:14)",
                "diff": null
              },
              "uuid": "55e131f5-4954-44d0-a3be-3a3c8a3dcf4c",
              "parentUUID": "18fe2b1a-0ec0-4c54-af63-03acdbc7ad04",
              "isHook": false,
              "skipped": false
            },
            {
              "title": "Verifica se a altura do board é 5 quando um valor menor é colocado no input",
              "fullTitle": "11 - Limite o tamanho mínimo e máximo do board. Verifica se a altura do board é 5 quando um valor menor é colocado no input",
              "timedOut": null,
              "duration": 5425,
              "state": "failed",
              "speed": null,
              "pass": false,
              "fail": true,
              "pending": false,
              "context": null,
              "code": "cy.get('#board-size').clear().type(4);\ncy.get('#generate-board').click();\ncy.get('.pixel').should('have.length', 25);",
              "err": {
                "message": "CypressError: Timed out retrying: Expected to find element: '#board-size', but never found it.",
                "estack": "CypressError: Timed out retrying: Expected to find element: '#board-size', but never found it.\n    at cypressErr (http://localhost:50043/__cypress/runner/cypress_runner.js:149934:9)\n    at throwErr (http://localhost:50043/__cypress/runner/cypress_runner.js:149867:11)\n    at Object.throwErrByPath (http://localhost:50043/__cypress/runner/cypress_runner.js:149915:3)\n    at retry (http://localhost:50043/__cypress/runner/cypress_runner.js:144197:19)\n    at onFailFn (http://localhost:50043/__cypress/runner/cypress_runner.js:132448:16)\n    at tryCatcher (http://localhost:50043/__cypress/runner/cypress_runner.js:167415:23)\n    at Promise._settlePromiseFromHandler (http://localhost:50043/__cypress/runner/cypress_runner.js:165351:31)\n    at Promise._settlePromise (http://localhost:50043/__cypress/runner/cypress_runner.js:165408:18)\n    at Promise._settlePromise0 (http://localhost:50043/__cypress/runner/cypress_runner.js:165453:10)\n    at Promise._settlePromises (http://localhost:50043/__cypress/runner/cypress_runner.js:165528:18)\n    at Async../node_modules/bluebird/js/release/async.js.Async._drainQueue (http://localhost:50043/__cypress/runner/cypress_runner.js:162140:16)\n    at Async../node_modules/bluebird/js/release/async.js.Async._drainQueues (http://localhost:50043/__cypress/runner/cypress_runner.js:162150:10)\n    at Async.drainQueues (http://localhost:50043/__cypress/runner/cypress_runner.js:162024:14)",
                "diff": null
              },
              "uuid": "c76740ed-b696-40ed-94da-ef3112318ec1",
              "parentUUID": "18fe2b1a-0ec0-4c54-af63-03acdbc7ad04",
              "isHook": false,
              "skipped": false
            },
            {
              "title": "Verifica se a altura do board é 50 quando um valor maior é colocado no input",
              "fullTitle": "11 - Limite o tamanho mínimo e máximo do board. Verifica se a altura do board é 50 quando um valor maior é colocado no input",
              "timedOut": null,
              "duration": 4943,
              "state": "failed",
              "speed": null,
              "pass": false,
              "fail": true,
              "pending": false,
              "context": null,
              "code": "cy.get('#board-size').clear().type(51);\ncy.get('#generate-board').click();\ncy.get('.pixel').should('have.length', 2500);",
              "err": {
                "message": "CypressError: Timed out retrying: Expected to find element: '#board-size', but never found it.",
                "estack": "CypressError: Timed out retrying: Expected to find element: '#board-size', but never found it.\n    at cypressErr (http://localhost:50043/__cypress/runner/cypress_runner.js:149934:9)\n    at throwErr (http://localhost:50043/__cypress/runner/cypress_runner.js:149867:11)\n    at Object.throwErrByPath (http://localhost:50043/__cypress/runner/cypress_runner.js:149915:3)\n    at retry (http://localhost:50043/__cypress/runner/cypress_runner.js:144197:19)\n    at onFailFn (http://localhost:50043/__cypress/runner/cypress_runner.js:132448:16)\n    at tryCatcher (http://localhost:50043/__cypress/runner/cypress_runner.js:167415:23)\n    at Promise._settlePromiseFromHandler (http://localhost:50043/__cypress/runner/cypress_runner.js:165351:31)\n    at Promise._settlePromise (http://localhost:50043/__cypress/runner/cypress_runner.js:165408:18)\n    at Promise._settlePromise0 (http://localhost:50043/__cypress/runner/cypress_runner.js:165453:10)\n    at Promise._settlePromises (http://localhost:50043/__cypress/runner/cypress_runner.js:165528:18)\n    at Async../node_modules/bluebird/js/release/async.js.Async._drainQueue (http://localhost:50043/__cypress/runner/cypress_runner.js:162140:16)\n    at Async../node_modules/bluebird/js/release/async.js.Async._drainQueues (http://localhost:50043/__cypress/runner/cypress_runner.js:162150:10)\n    at Async.drainQueues (http://localhost:50043/__cypress/runner/cypress_runner.js:162024:14)",
                "diff": null
              },
              "uuid": "52918af7-a56b-49e6-b246-7afae102b977",
              "parentUUID": "18fe2b1a-0ec0-4c54-af63-03acdbc7ad04",
              "isHook": false,
              "skipped": false
            }
          ],
          "suites": [],
          "passes": [],
          "failures": [
            "55e131f5-4954-44d0-a3be-3a3c8a3dcf4c",
            "c76740ed-b696-40ed-94da-ef3112318ec1",
            "52918af7-a56b-49e6-b246-7afae102b977"
          ],
          "pending": [],
          "skipped": [],
          "duration": 15575,
          "root": false,
          "rootEmpty": false,
          "_timeout": 2000
        },
        {
          "uuid": "a1a32bc7-0f14-409f-9107-95ae180d645d",
          "title": "12 - Faça com que as cores da paleta sejam geradas aleatoriamente ao carregar a página.",
          "fullFile": "",
          "file": "",
          "beforeHooks": [],
          "afterHooks": [],
          "tests": [
            {
              "title": "Verifica se as cores geradas na paleta são diferentes a cada carregamento da página",
              "fullTitle": "12 - Faça com que as cores da paleta sejam geradas aleatoriamente ao carregar a página. Verifica se as cores geradas na paleta são diferentes a cada carregamento da página",
              "timedOut": null,
              "duration": 1603,
              "state": "failed",
              "speed": null,
              "pass": false,
              "fail": true,
              "pending": false,
              "context": null,
              "code": "cy.get('.color').then(function (colors) {\n  var currentColors;\n  var previousColors;\n  previousColors = Array.from(colors).map(function (color) {\n    return Cypress.$(color).css('background-color');\n  });\n  for (var i = 0; i < 5; i += 1) {\n    cy.reload();\n    cy.get('.color').then(function (colors) {\n      currentColors = Array.from(colors).map(function (color) {\n        return Cypress.$(color).css('background-color');\n      });\n      expect(currentColors).not.to.deep.equal(previousColors);\n      previousColors = currentColors;\n    });\n  }\n});",
              "err": {
                "message": "AssertionError: expected [ Array(4) ] to not deeply equal [ Array(4) ]",
                "estack": "AssertionError: expected [ Array(4) ] to not deeply equal [ Array(4) ]\n    at getRet (http://localhost:50043/__cypress/runner/cypress_runner.js:136585:16)\n    at tryCatcher (http://localhost:50043/__cypress/runner/cypress_runner.js:167415:23)\n    at Function.Promise.attempt.Promise.try (http://localhost:50043/__cypress/runner/cypress_runner.js:164690:29)\n    at Context.thenFn (http://localhost:50043/__cypress/runner/cypress_runner.js:136599:23)\n    at Context.then (http://localhost:50043/__cypress/runner/cypress_runner.js:136971:21)\n    at Context.<anonymous> (http://localhost:50043/__cypress/runner/cypress_runner.js:148875:21)\n    at http://localhost:50043/__cypress/runner/cypress_runner.js:148351:33\n    at tryCatcher (http://localhost:50043/__cypress/runner/cypress_runner.js:167415:23)\n    at Promise._settlePromiseFromHandler (http://localhost:50043/__cypress/runner/cypress_runner.js:165351:31)\n    at Promise._settlePromise (http://localhost:50043/__cypress/runner/cypress_runner.js:165408:18)\n    at Promise._settlePromiseCtx (http://localhost:50043/__cypress/runner/cypress_runner.js:165445:10)\n    at Async../node_modules/bluebird/js/release/async.js.Async._drainQueue (http://localhost:50043/__cypress/runner/cypress_runner.js:162145:12)\n    at Async../node_modules/bluebird/js/release/async.js.Async._drainQueues (http://localhost:50043/__cypress/runner/cypress_runner.js:162150:10)\n    at Async.drainQueues (http://localhost:50043/__cypress/runner/cypress_runner.js:162024:14)",
                "diff": ""
              },
              "uuid": "3ccc18e7-292c-4c2f-be7c-422b59aa92f8",
              "parentUUID": "a1a32bc7-0f14-409f-9107-95ae180d645d",
              "isHook": false,
              "skipped": false
            },
            {
              "title": "Verifica se a cor preta ainda está presente e é a primeira na sua paleta de cores",
              "fullTitle": "12 - Faça com que as cores da paleta sejam geradas aleatoriamente ao carregar a página. Verifica se a cor preta ainda está presente e é a primeira na sua paleta de cores",
              "timedOut": null,
              "duration": 1605,
              "state": "failed",
              "speed": null,
              "pass": false,
              "fail": true,
              "pending": false,
              "context": null,
              "code": "cy.get('.color').then(function (colors) {\n  var currentColors;\n  var previousColors;\n  previousColors = Array.from(colors).map(function (color) {\n    return Cypress.$(color).css('background-color');\n  });\n  expect(previousColors[0]).to.eq(BLACK);\n  for (var i = 0; i < 5; i += 1) {\n    cy.reload();\n    cy.get('.color').then(function (colors) {\n      currentColors = Array.from(colors).map(function (color) {\n        return Cypress.$(color).css('background-color');\n      });\n      expect(currentColors[0]).to.eq(BLACK);\n      expect(currentColors).not.to.deep.equal(previousColors);\n      previousColors = currentColors;\n    });\n  }\n});",
              "err": {
                "message": "AssertionError: expected [ Array(4) ] to not deeply equal [ Array(4) ]",
                "estack": "AssertionError: expected [ Array(4) ] to not deeply equal [ Array(4) ]\n    at getRet (http://localhost:50043/__cypress/runner/cypress_runner.js:136585:16)\n    at tryCatcher (http://localhost:50043/__cypress/runner/cypress_runner.js:167415:23)\n    at Function.Promise.attempt.Promise.try (http://localhost:50043/__cypress/runner/cypress_runner.js:164690:29)\n    at Context.thenFn (http://localhost:50043/__cypress/runner/cypress_runner.js:136599:23)\n    at Context.then (http://localhost:50043/__cypress/runner/cypress_runner.js:136971:21)\n    at Context.<anonymous> (http://localhost:50043/__cypress/runner/cypress_runner.js:148875:21)\n    at http://localhost:50043/__cypress/runner/cypress_runner.js:148351:33\n    at tryCatcher (http://localhost:50043/__cypress/runner/cypress_runner.js:167415:23)\n    at Promise._settlePromiseFromHandler (http://localhost:50043/__cypress/runner/cypress_runner.js:165351:31)\n    at Promise._settlePromise (http://localhost:50043/__cypress/runner/cypress_runner.js:165408:18)\n    at Promise._settlePromiseCtx (http://localhost:50043/__cypress/runner/cypress_runner.js:165445:10)\n    at Async../node_modules/bluebird/js/release/async.js.Async._drainQueue (http://localhost:50043/__cypress/runner/cypress_runner.js:162145:12)\n    at Async../node_modules/bluebird/js/release/async.js.Async._drainQueues (http://localhost:50043/__cypress/runner/cypress_runner.js:162150:10)\n    at Async.drainQueues (http://localhost:50043/__cypress/runner/cypress_runner.js:162024:14)",
                "diff": ""
              },
              "uuid": "dfb214f5-8fae-4f68-b969-ee4c605f0dba",
              "parentUUID": "a1a32bc7-0f14-409f-9107-95ae180d645d",
              "isHook": false,
              "skipped": false
            }
          ],
          "suites": [],
          "passes": [],
          "failures": [
            "3ccc18e7-292c-4c2f-be7c-422b59aa92f8",
            "dfb214f5-8fae-4f68-b969-ee4c605f0dba"
          ],
          "pending": [],
          "skipped": [],
          "duration": 3208,
          "root": false,
          "rootEmpty": false,
          "_timeout": 2000
        }
      ],
      "passes": [],
      "failures": [],
      "pending": [],
      "skipped": [],
      "duration": 0,
      "root": true,
      "rootEmpty": true,
      "_timeout": 2000
    }
  ],
  "meta": {
    "mocha": {
      "version": "7.0.1"
    },
    "mochawesome": {
      "options": {
        "quiet": false,
        "reportFilename": "mochawesome",
        "saveHtml": false,
        "saveJson": true,
        "consoleReporter": "spec",
        "useInlineDiffs": false
      },
      "version": "4.1.0"
    },
    "marge": {
      "options": {
        "id": "default",
        "reportDir": "cypress/reports",
        "overwrite": true,
        "html": false,
        "json": true
      },
      "version": "4.1.0"
    }
  }
}