{
  "stats": {
    "suites": 12,
    "tests": 41,
    "passes": 21,
    "pending": 0,
    "failures": 20,
    "start": "2021-09-10T22:18:53.625Z",
    "end": "2021-09-10T22:20:31.040Z",
    "duration": 97415,
    "testsRegistered": 41,
    "passPercent": 51.21951219512195,
    "pendingPercent": 0,
    "other": 0,
    "hasOther": false,
    "skipped": 0,
    "hasSkipped": false
  },
  "results": [
    {
      "uuid": "327fafe1-cf84-419c-9354-ada2595970a6",
      "title": "",
      "fullFile": "cypress/integration/project.spec.js",
      "file": "cypress/integration/project.spec.js",
      "beforeHooks": [],
      "afterHooks": [],
      "tests": [],
      "suites": [
        {
          "uuid": "e8d2b80c-e350-424a-a5a6-49052b024218",
          "title": "1 - Adicione à página o título \"Paleta de Cores\".",
          "fullFile": "",
          "file": "",
          "beforeHooks": [],
          "afterHooks": [],
          "tests": [
            {
              "title": "Verifica se contém um elemento `h1` com o id `title` com o título correto",
              "fullTitle": "1 - Adicione à página o título \"Paleta de Cores\". Verifica se contém um elemento `h1` com o id `title` com o título correto",
              "timedOut": null,
              "duration": 248,
              "state": "passed",
              "speed": "slow",
              "pass": true,
              "fail": false,
              "pending": false,
              "context": null,
              "code": "cy.get('h1#title').should('contain.text', 'Paleta de Cores');",
              "err": {},
              "uuid": "aaa6d0a9-17e2-48a8-80d3-f2b7414ff38f",
              "parentUUID": "e8d2b80c-e350-424a-a5a6-49052b024218",
              "isHook": false,
              "skipped": false
            }
          ],
          "suites": [],
          "passes": [
            "aaa6d0a9-17e2-48a8-80d3-f2b7414ff38f"
          ],
          "failures": [],
          "pending": [],
          "skipped": [],
          "duration": 248,
          "root": false,
          "rootEmpty": false,
          "_timeout": 2000
        },
        {
          "uuid": "2faf5731-2e70-45fc-9140-321a91366ad8",
          "title": "2 - Adicione à página uma paleta de quatro cores distintas.",
          "fullFile": "",
          "file": "",
          "beforeHooks": [],
          "afterHooks": [],
          "tests": [
            {
              "title": "A paleta de cores deve ser um elemento com `id` denominado `color-palette`",
              "fullTitle": "2 - Adicione à página uma paleta de quatro cores distintas. A paleta de cores deve ser um elemento com `id` denominado `color-palette`",
              "timedOut": null,
              "duration": 192,
              "state": "passed",
              "speed": "slow",
              "pass": true,
              "fail": false,
              "pending": false,
              "context": null,
              "code": "cy.get('#color-palette').should('be.visible');\ncy.get('#color-palette').children('.color');",
              "err": {},
              "uuid": "64372876-a95d-41ff-8435-08324ddde99e",
              "parentUUID": "2faf5731-2e70-45fc-9140-321a91366ad8",
              "isHook": false,
              "skipped": false
            },
            {
              "title": "Verifica se cada cor individual da paleta de cores possui a `classe` chamada `color`.",
              "fullTitle": "2 - Adicione à página uma paleta de quatro cores distintas. Verifica se cada cor individual da paleta de cores possui a `classe` chamada `color`.",
              "timedOut": null,
              "duration": 204,
              "state": "passed",
              "speed": "slow",
              "pass": true,
              "fail": false,
              "pending": false,
              "context": null,
              "code": "cy.get('.color').should('have.length', 4).then(function (colors) {\n  for (var i = 0; i < colors.length; i++) {\n    cy.wrap(colors[i]).should('be.visible');\n  }\n});",
              "err": {},
              "uuid": "55be529c-d274-4dc3-971d-c490b7f8bf61",
              "parentUUID": "2faf5731-2e70-45fc-9140-321a91366ad8",
              "isHook": false,
              "skipped": false
            },
            {
              "title": "Verifica se a cor de fundo de cada elemento da paleta é a cor que o elemento representa. **A única cor não permitida na paleta é a cor branca.**",
              "fullTitle": "2 - Adicione à página uma paleta de quatro cores distintas. Verifica se a cor de fundo de cada elemento da paleta é a cor que o elemento representa. **A única cor não permitida na paleta é a cor branca.**",
              "timedOut": null,
              "duration": 247,
              "state": "passed",
              "speed": "slow",
              "pass": true,
              "fail": false,
              "pending": false,
              "context": null,
              "code": "cy.get('.color').each(function (color) {\n  cy.wrap(color).should('have.class', 'color').and('not.have.css', 'background-color', WHITE);\n  cy.wrap(color).should('have.css', 'background-color');\n});",
              "err": {},
              "uuid": "1e83a596-0251-4e2d-a174-9cc4e7de47e7",
              "parentUUID": "2faf5731-2e70-45fc-9140-321a91366ad8",
              "isHook": false,
              "skipped": false
            },
            {
              "title": "Verifica se cada elemento da paleta de cores tem uma borda preta, sólida e com 1 pixel de largura;",
              "fullTitle": "2 - Adicione à página uma paleta de quatro cores distintas. Verifica se cada elemento da paleta de cores tem uma borda preta, sólida e com 1 pixel de largura;",
              "timedOut": null,
              "duration": 206,
              "state": "passed",
              "speed": "slow",
              "pass": true,
              "fail": false,
              "pending": false,
              "context": null,
              "code": "cy.get('.color').each(function (color) {\n  cy.wrap(color).and('have.css', 'border', \"1px solid \".concat(BLACK)).and('have.class', 'color');\n});",
              "err": {},
              "uuid": "db37d9a9-b45a-420a-bd21-334d0654751b",
              "parentUUID": "2faf5731-2e70-45fc-9140-321a91366ad8",
              "isHook": false,
              "skipped": false
            },
            {
              "title": "Verifica se a paleta lista todas as cores disponíveis para utilização, lado a lado.",
              "fullTitle": "2 - Adicione à página uma paleta de quatro cores distintas. Verifica se a paleta lista todas as cores disponíveis para utilização, lado a lado.",
              "timedOut": null,
              "duration": 121,
              "state": "passed",
              "speed": "slow",
              "pass": true,
              "fail": false,
              "pending": false,
              "context": null,
              "code": "cy.get('.color').then(function (colors) {\n  for (var index = 1; index < colors.length; index += 1) {\n    var currentColor = colors[index];\n    var previousColor = colors[index - 1];\n    cy.wrap(currentColor).should('be.onTheRightOf', previousColor).and('be.horizontallyAlignedWith', previousColor);\n  }\n});",
              "err": {},
              "uuid": "2be7a2f7-30c5-4b1b-9ac4-817fc6c6987b",
              "parentUUID": "2faf5731-2e70-45fc-9140-321a91366ad8",
              "isHook": false,
              "skipped": false
            },
            {
              "title": "Verifica se a paleta de cores está posicionada abaixo do título 'Paleta de Cores'",
              "fullTitle": "2 - Adicione à página uma paleta de quatro cores distintas. Verifica se a paleta de cores está posicionada abaixo do título 'Paleta de Cores'",
              "timedOut": null,
              "duration": 150,
              "state": "passed",
              "speed": "slow",
              "pass": true,
              "fail": false,
              "pending": false,
              "context": null,
              "code": "cy.get('h1#title').then(function (title) {\n  cy.get('#color-palette').should('be.belowOf', title);\n});",
              "err": {},
              "uuid": "b6dfd89d-59cc-4d6c-ac11-334592cef98d",
              "parentUUID": "2faf5731-2e70-45fc-9140-321a91366ad8",
              "isHook": false,
              "skipped": false
            },
            {
              "title": "Verifica se a paleta de cores não contém cores repetidas.",
              "fullTitle": "2 - Adicione à página uma paleta de quatro cores distintas. Verifica se a paleta de cores não contém cores repetidas.",
              "timedOut": null,
              "duration": 106,
              "state": "passed",
              "speed": "slow",
              "pass": true,
              "fail": false,
              "pending": false,
              "context": null,
              "code": "cy.get('.color').then(function (colors) {\n  var allColors = Array.from(colors).map(function (color) {\n    return Cypress.$(color).css('background-color');\n  });\n  cy.log(allColors);\n  var uniqColors = (0, _toConsumableArray2[\"default\"])(new Set(allColors));\n  cy.log(uniqColors);\n  expect(allColors.length).to.eq(uniqColors.length);\n});",
              "err": {},
              "uuid": "001012ba-82b1-4ba3-a0da-34880e5a7cad",
              "parentUUID": "2faf5731-2e70-45fc-9140-321a91366ad8",
              "isHook": false,
              "skipped": false
            }
          ],
          "suites": [],
          "passes": [
            "64372876-a95d-41ff-8435-08324ddde99e",
            "55be529c-d274-4dc3-971d-c490b7f8bf61",
            "1e83a596-0251-4e2d-a174-9cc4e7de47e7",
            "db37d9a9-b45a-420a-bd21-334d0654751b",
            "2be7a2f7-30c5-4b1b-9ac4-817fc6c6987b",
            "b6dfd89d-59cc-4d6c-ac11-334592cef98d",
            "001012ba-82b1-4ba3-a0da-34880e5a7cad"
          ],
          "failures": [],
          "pending": [],
          "skipped": [],
          "duration": 1226,
          "root": false,
          "rootEmpty": false,
          "_timeout": 2000
        },
        {
          "uuid": "df08d250-aa3f-4a93-a41c-443b6f6c947d",
          "title": "3 - Adicione a cor **preta** como a primeira cor da paleta de cores.",
          "fullFile": "",
          "file": "",
          "beforeHooks": [],
          "afterHooks": [],
          "tests": [
            {
              "title": "Verifica se a primeira cor da paleta é preta",
              "fullTitle": "3 - Adicione a cor **preta** como a primeira cor da paleta de cores. Verifica se a primeira cor da paleta é preta",
              "timedOut": null,
              "duration": 148,
              "state": "passed",
              "speed": "slow",
              "pass": true,
              "fail": false,
              "pending": false,
              "context": null,
              "code": "cy.get('.color').first().should('have.css', 'background-color', BLACK);",
              "err": {},
              "uuid": "5188788d-2a2a-4aa2-8956-74218d66c1bd",
              "parentUUID": "df08d250-aa3f-4a93-a41c-443b6f6c947d",
              "isHook": false,
              "skipped": false
            },
            {
              "title": "Verifica se as demais cores podem ser escolhidas livremente.",
              "fullTitle": "3 - Adicione a cor **preta** como a primeira cor da paleta de cores. Verifica se as demais cores podem ser escolhidas livremente.",
              "timedOut": null,
              "duration": 241,
              "state": "passed",
              "speed": "slow",
              "pass": true,
              "fail": false,
              "pending": false,
              "context": null,
              "code": "cy.get('.color').eq(1).should('not.have.css', 'background-color', BLACK);\ncy.get('.color').eq(1).should('not.have.css', 'background-color', WHITE);\ncy.get('.color').eq(1).should('not.have.css', 'background-color', 'rgba(0, 0, 0, 0)');\ncy.get('.color').eq(1).should('have.css', 'background-color');\ncy.get('.color').eq(2).should('not.have.css', 'background-color', BLACK);\ncy.get('.color').eq(2).should('not.have.css', 'background-color', WHITE);\ncy.get('.color').eq(2).should('not.have.css', 'background-color', 'rgba(0, 0, 0, 0)');\ncy.get('.color').eq(2).should('have.css', 'background-color');\ncy.get('.color').eq(3).should('not.have.css', 'background-color', BLACK);\ncy.get('.color').eq(3).should('not.have.css', 'background-color', WHITE);\ncy.get('.color').eq(3).should('not.have.css', 'background-color', 'rgba(0, 0, 0, 0)');\ncy.get('.color').eq(3).should('have.css', 'background-color');",
              "err": {},
              "uuid": "d829954b-dc7f-4496-a68a-7137479dee6f",
              "parentUUID": "df08d250-aa3f-4a93-a41c-443b6f6c947d",
              "isHook": false,
              "skipped": false
            }
          ],
          "suites": [],
          "passes": [
            "5188788d-2a2a-4aa2-8956-74218d66c1bd",
            "d829954b-dc7f-4496-a68a-7137479dee6f"
          ],
          "failures": [],
          "pending": [],
          "skipped": [],
          "duration": 389,
          "root": false,
          "rootEmpty": false,
          "_timeout": 2000
        },
        {
          "uuid": "1e24d459-9957-44d6-bbc4-0c874dce5599",
          "title": "4 - Adicione à página um quadro de pixels, com 25 pixels.",
          "fullFile": "",
          "file": "",
          "beforeHooks": [],
          "afterHooks": [],
          "tests": [
            {
              "title": "Verifica se o quadro de pixels possui o `id` denominado `pixel-board`",
              "fullTitle": "4 - Adicione à página um quadro de pixels, com 25 pixels. Verifica se o quadro de pixels possui o `id` denominado `pixel-board`",
              "timedOut": null,
              "duration": 129,
              "state": "passed",
              "speed": "slow",
              "pass": true,
              "fail": false,
              "pending": false,
              "context": null,
              "code": "cy.get('#pixel-board').should('be.visible');",
              "err": {},
              "uuid": "75e8e82a-49b2-4ab9-ab3a-59095ae6bc36",
              "parentUUID": "1e24d459-9957-44d6-bbc4-0c874dce5599",
              "isHook": false,
              "skipped": false
            },
            {
              "title": "Verifica se cada pixel individual dentro do quadro possui a `classe` denominada `pixel`.",
              "fullTitle": "4 - Adicione à página um quadro de pixels, com 25 pixels. Verifica se cada pixel individual dentro do quadro possui a `classe` denominada `pixel`.",
              "timedOut": null,
              "duration": 163,
              "state": "passed",
              "speed": "slow",
              "pass": true,
              "fail": false,
              "pending": false,
              "context": null,
              "code": "cy.get('.pixel').should('have.length', 25);",
              "err": {},
              "uuid": "f0e93ca5-fd9b-4dff-84ad-3f49b0bc5e82",
              "parentUUID": "1e24d459-9957-44d6-bbc4-0c874dce5599",
              "isHook": false,
              "skipped": false
            },
            {
              "title": "Verifica se a cor inicial dos pixels dentro do quadro, ao abrir a página, é branca.",
              "fullTitle": "4 - Adicione à página um quadro de pixels, com 25 pixels. Verifica se a cor inicial dos pixels dentro do quadro, ao abrir a página, é branca.",
              "timedOut": null,
              "duration": 260,
              "state": "passed",
              "speed": "slow",
              "pass": true,
              "fail": false,
              "pending": false,
              "context": null,
              "code": "cy.get('.pixel').should('have.length', 25).each(function (pixel) {\n  expect(pixel).to.have.css('background-color', WHITE);\n});",
              "err": {},
              "uuid": "854677e1-82ff-4095-801d-37d9b24d33d1",
              "parentUUID": "1e24d459-9957-44d6-bbc4-0c874dce5599",
              "isHook": false,
              "skipped": false
            },
            {
              "title": "Verifica se o quadro de pixels aparece abaixo da paleta de cores",
              "fullTitle": "4 - Adicione à página um quadro de pixels, com 25 pixels. Verifica se o quadro de pixels aparece abaixo da paleta de cores",
              "timedOut": null,
              "duration": 127,
              "state": "passed",
              "speed": "slow",
              "pass": true,
              "fail": false,
              "pending": false,
              "context": null,
              "code": "cy.get('#color-palette').then(function (palette) {\n  cy.get('#pixel-board').should('be.belowOf', palette);\n});",
              "err": {},
              "uuid": "a676a1ac-f391-4590-90ae-0a53ca594332",
              "parentUUID": "1e24d459-9957-44d6-bbc4-0c874dce5599",
              "isHook": false,
              "skipped": false
            }
          ],
          "suites": [],
          "passes": [
            "75e8e82a-49b2-4ab9-ab3a-59095ae6bc36",
            "f0e93ca5-fd9b-4dff-84ad-3f49b0bc5e82",
            "854677e1-82ff-4095-801d-37d9b24d33d1",
            "a676a1ac-f391-4590-90ae-0a53ca594332"
          ],
          "failures": [],
          "pending": [],
          "skipped": [],
          "duration": 679,
          "root": false,
          "rootEmpty": false,
          "_timeout": 2000
        },
        {
          "uuid": "c13d2be7-1970-459c-a406-d3568cb768d1",
          "title": "5 - Faça com que cada elemento do quadro de pixels possua 40 pixels de largura, 40 pixels de altura e seja delimitado por uma borda preta de 1 pixel.",
          "fullFile": "",
          "file": "",
          "beforeHooks": [],
          "afterHooks": [],
          "tests": [
            {
              "title": "Verifica se o quadro de pixels tem altura e comprimento de 5 elementos",
              "fullTitle": "5 - Faça com que cada elemento do quadro de pixels possua 40 pixels de largura, 40 pixels de altura e seja delimitado por uma borda preta de 1 pixel. Verifica se o quadro de pixels tem altura e comprimento de 5 elementos",
              "timedOut": null,
              "duration": 357,
              "state": "passed",
              "speed": "slow",
              "pass": true,
              "fail": false,
              "pending": false,
              "context": null,
              "code": "cy.get('.pixel').should('have.length', 25).each(function (pixel) {\n  expect(pixel).to.have.css('background-color', WHITE);\n}).and(function (pixels) {\n  var rows = chunk(pixels, 5);\n  rows.forEach(function (row) {\n    for (var index = 1; index < row.length; index += 1) {\n      var current = pixels[index];\n      var previous = pixels[index - 1];\n      cy.wrap(current).should('be.onTheRightOf', previous).and('be.horizontallyAlignedWith', previous);\n    }\n  });\n  for (var index = 1; index < 5; index += 1) {\n    expect(pixels[index * 5]).to.be.belowOf(pixels[(index - 1) * 5]);\n  }\n});",
              "err": {},
              "uuid": "ac19cb62-7db1-4fb8-aba7-d070acc9637d",
              "parentUUID": "c13d2be7-1970-459c-a406-d3568cb768d1",
              "isHook": false,
              "skipped": false
            },
            {
              "title": "Verifica se 40 pixels é o tamanho total do elemento, incluindo seu conteúdo e excluindo a borda preta, que deve ser criada à parte.",
              "fullTitle": "5 - Faça com que cada elemento do quadro de pixels possua 40 pixels de largura, 40 pixels de altura e seja delimitado por uma borda preta de 1 pixel. Verifica se 40 pixels é o tamanho total do elemento, incluindo seu conteúdo e excluindo a borda preta, que deve ser criada à parte.",
              "timedOut": null,
              "duration": 324,
              "state": "passed",
              "speed": "slow",
              "pass": true,
              "fail": false,
              "pending": false,
              "context": null,
              "code": "cy.get('.pixel').each(function (pixel) {\n  cy.wrap(pixel).should('have.css', 'height', '40px').and('have.css', 'width', '40px').and('have.css', 'border', \"1px solid \".concat(BLACK));\n});",
              "err": {},
              "uuid": "b8466e6f-e637-421d-96be-89918497e9f4",
              "parentUUID": "c13d2be7-1970-459c-a406-d3568cb768d1",
              "isHook": false,
              "skipped": false
            }
          ],
          "suites": [],
          "passes": [
            "ac19cb62-7db1-4fb8-aba7-d070acc9637d",
            "b8466e6f-e637-421d-96be-89918497e9f4"
          ],
          "failures": [],
          "pending": [],
          "skipped": [],
          "duration": 681,
          "root": false,
          "rootEmpty": false,
          "_timeout": 2000
        },
        {
          "uuid": "c23aca77-abc6-4be5-9939-cea51158baae",
          "title": "6 - Defina a cor preta como cor inicial. Ao carregar a página a cor preta já deve estar selecionada para pintar os pixels",
          "fullFile": "",
          "file": "",
          "beforeHooks": [],
          "afterHooks": [],
          "tests": [
            {
              "title": "Verifica se o elemento da cor preta possui, inicialmente, a `classe` `selected`",
              "fullTitle": "6 - Defina a cor preta como cor inicial. Ao carregar a página a cor preta já deve estar selecionada para pintar os pixels Verifica se o elemento da cor preta possui, inicialmente, a `classe` `selected`",
              "timedOut": null,
              "duration": 102,
              "state": "passed",
              "speed": "slow",
              "pass": true,
              "fail": false,
              "pending": false,
              "context": null,
              "code": "cy.get('.selected').first().should('have.css', 'background-color', BLACK);",
              "err": {},
              "uuid": "531e5391-0b97-4633-a40e-bda992847927",
              "parentUUID": "c23aca77-abc6-4be5-9939-cea51158baae",
              "isHook": false,
              "skipped": false
            },
            {
              "title": "Verifica se nenhuma outra cor da paleta tem a `classe` `selected`",
              "fullTitle": "6 - Defina a cor preta como cor inicial. Ao carregar a página a cor preta já deve estar selecionada para pintar os pixels Verifica se nenhuma outra cor da paleta tem a `classe` `selected`",
              "timedOut": null,
              "duration": 128,
              "state": "passed",
              "speed": "slow",
              "pass": true,
              "fail": false,
              "pending": false,
              "context": null,
              "code": "cy.get('.color:not(:first-child)').each(function (color) {\n  cy.wrap(color).should('not.have.class', 'selected');\n});",
              "err": {},
              "uuid": "e0e0023f-9047-4f78-a7a6-3d212262e2a5",
              "parentUUID": "c23aca77-abc6-4be5-9939-cea51158baae",
              "isHook": false,
              "skipped": false
            }
          ],
          "suites": [],
          "passes": [
            "531e5391-0b97-4633-a40e-bda992847927",
            "e0e0023f-9047-4f78-a7a6-3d212262e2a5"
          ],
          "failures": [],
          "pending": [],
          "skipped": [],
          "duration": 230,
          "root": false,
          "rootEmpty": false,
          "_timeout": 2000
        },
        {
          "uuid": "5775194b-ee01-44ef-b971-5ad47906cc5b",
          "title": "7 - Clicar em uma das cores da paleta, faz com que ela seja selecionada e utilizada para preencher os pixels no quadro.",
          "fullFile": "",
          "file": "",
          "beforeHooks": [],
          "afterHooks": [],
          "tests": [
            {
              "title": "Verifica se somente uma cor da paleta de cores tem a classe `selected` de cada vez",
              "fullTitle": "7 - Clicar em uma das cores da paleta, faz com que ela seja selecionada e utilizada para preencher os pixels no quadro. Verifica se somente uma cor da paleta de cores tem a classe `selected` de cada vez",
              "timedOut": null,
              "duration": 490,
              "state": "passed",
              "speed": "slow",
              "pass": true,
              "fail": false,
              "pending": false,
              "context": null,
              "code": "cy.get('.color').each(function (selectedColor, selectedColorIndex) {\n  cy.wrap(selectedColor).click();\n  cy.get('.color').each(function (color, colorIndex) {\n    if (colorIndex === selectedColorIndex) {\n      expect(color).to.have[\"class\"]('selected');\n    } else {\n      expect(color).not.to.have[\"class\"]('selected');\n    }\n  });\n});",
              "err": {},
              "uuid": "c7db36a0-4c79-4588-b371-1c9cc9411737",
              "parentUUID": "5775194b-ee01-44ef-b971-5ad47906cc5b",
              "isHook": false,
              "skipped": false
            },
            {
              "title": "Verifica se os pixels dentro do quadro não têm a classe `selected` quando são clicados",
              "fullTitle": "7 - Clicar em uma das cores da paleta, faz com que ela seja selecionada e utilizada para preencher os pixels no quadro. Verifica se os pixels dentro do quadro não têm a classe `selected` quando são clicados",
              "timedOut": null,
              "duration": 9130,
              "state": "passed",
              "speed": "slow",
              "pass": true,
              "fail": false,
              "pending": false,
              "context": null,
              "code": "cy.get('.color').each(function (color) {\n  var backgroundColor = color.css('background-color');\n  cy.wrap(color).click();\n  cy.get('.pixel').each(function (pixel) {\n    cy.wrap(pixel).click().should('not.have.class', 'selected');\n  });\n});",
              "err": {},
              "uuid": "04242b2b-4623-48b5-abfe-d92cda690de1",
              "parentUUID": "5775194b-ee01-44ef-b971-5ad47906cc5b",
              "isHook": false,
              "skipped": false
            }
          ],
          "suites": [],
          "passes": [
            "c7db36a0-4c79-4588-b371-1c9cc9411737",
            "04242b2b-4623-48b5-abfe-d92cda690de1"
          ],
          "failures": [],
          "pending": [],
          "skipped": [],
          "duration": 9620,
          "root": false,
          "rootEmpty": false,
          "_timeout": 2000
        },
        {
          "uuid": "f75f51a6-6b72-416d-98ba-ba97a37212f5",
          "title": "8 - Clicar em um pixel dentro do quadro após selecionar uma cor na paleta, faz com que o pixel seja preenchido com a cor selecionada.",
          "fullFile": "",
          "file": "",
          "beforeHooks": [],
          "afterHooks": [],
          "tests": [
            {
              "title": "Verifica se ao carregar a página deve ser possível pintar os pixels de preto",
              "fullTitle": "8 - Clicar em um pixel dentro do quadro após selecionar uma cor na paleta, faz com que o pixel seja preenchido com a cor selecionada. Verifica se ao carregar a página deve ser possível pintar os pixels de preto",
              "timedOut": null,
              "duration": 4494,
              "state": "failed",
              "speed": null,
              "pass": false,
              "fail": true,
              "pending": false,
              "context": null,
              "code": "cy.get('.pixel').each(function (pixel) {\n  cy.wrap(pixel).click().should('have.css', 'background-color', BLACK);\n});",
              "err": {
                "message": "CypressError: Timed out retrying: expected '<div.pixel>' to have CSS property 'background-color' with the value 'rgb(0, 0, 0)', but the value was 'rgb(255, 255, 255)'",
                "estack": "CypressError: Timed out retrying: expected '<div.pixel>' to have CSS property 'background-color' with the value 'rgb(0, 0, 0)', but the value was 'rgb(255, 255, 255)'\n    at cypressErr (http://localhost:45681/__cypress/runner/cypress_runner.js:149934:9)\n    at throwErr (http://localhost:45681/__cypress/runner/cypress_runner.js:149867:11)\n    at Object.throwErrByPath (http://localhost:45681/__cypress/runner/cypress_runner.js:149915:3)\n    at retry (http://localhost:45681/__cypress/runner/cypress_runner.js:144197:19)\n    at onFailFn (http://localhost:45681/__cypress/runner/cypress_runner.js:132448:16)\n    at tryCatcher (http://localhost:45681/__cypress/runner/cypress_runner.js:167415:23)\n    at Promise._settlePromiseFromHandler (http://localhost:45681/__cypress/runner/cypress_runner.js:165351:31)\n    at Promise._settlePromise (http://localhost:45681/__cypress/runner/cypress_runner.js:165408:18)\n    at Promise._settlePromise0 (http://localhost:45681/__cypress/runner/cypress_runner.js:165453:10)\n    at Promise._settlePromises (http://localhost:45681/__cypress/runner/cypress_runner.js:165528:18)\n    at Async../node_modules/bluebird/js/release/async.js.Async._drainQueue (http://localhost:45681/__cypress/runner/cypress_runner.js:162140:16)\n    at Async../node_modules/bluebird/js/release/async.js.Async._drainQueues (http://localhost:45681/__cypress/runner/cypress_runner.js:162150:10)\n    at Async.drainQueues (http://localhost:45681/__cypress/runner/cypress_runner.js:162024:14)",
                "diff": null
              },
              "uuid": "af233a3e-cd82-491e-b188-e5a90cb8686b",
              "parentUUID": "f75f51a6-6b72-416d-98ba-ba97a37212f5",
              "isHook": false,
              "skipped": false
            },
            {
              "title": "Verifica se após selecionar uma outra cor na paleta, é possível pintar os pixels com essa cor",
              "fullTitle": "8 - Clicar em um pixel dentro do quadro após selecionar uma cor na paleta, faz com que o pixel seja preenchido com a cor selecionada. Verifica se após selecionar uma outra cor na paleta, é possível pintar os pixels com essa cor",
              "timedOut": null,
              "duration": 4551,
              "state": "failed",
              "speed": null,
              "pass": false,
              "fail": true,
              "pending": false,
              "context": null,
              "code": "cy.get('.color').each(function (color) {\n  var backgroundColor = color.css('background-color');\n  cy.wrap(color).click();\n  cy.get('.pixel').each(function (pixel) {\n    cy.wrap(pixel).click().should('have.css', 'background-color', backgroundColor);\n  });\n});",
              "err": {
                "message": "CypressError: Timed out retrying: expected '<div.pixel>' to have CSS property 'background-color' with the value 'rgb(0, 0, 0)', but the value was 'rgb(255, 255, 255)'",
                "estack": "CypressError: Timed out retrying: expected '<div.pixel>' to have CSS property 'background-color' with the value 'rgb(0, 0, 0)', but the value was 'rgb(255, 255, 255)'\n    at cypressErr (http://localhost:45681/__cypress/runner/cypress_runner.js:149934:9)\n    at throwErr (http://localhost:45681/__cypress/runner/cypress_runner.js:149867:11)\n    at Object.throwErrByPath (http://localhost:45681/__cypress/runner/cypress_runner.js:149915:3)\n    at retry (http://localhost:45681/__cypress/runner/cypress_runner.js:144197:19)\n    at onFailFn (http://localhost:45681/__cypress/runner/cypress_runner.js:132448:16)\n    at tryCatcher (http://localhost:45681/__cypress/runner/cypress_runner.js:167415:23)\n    at Promise._settlePromiseFromHandler (http://localhost:45681/__cypress/runner/cypress_runner.js:165351:31)\n    at Promise._settlePromise (http://localhost:45681/__cypress/runner/cypress_runner.js:165408:18)\n    at Promise._settlePromise0 (http://localhost:45681/__cypress/runner/cypress_runner.js:165453:10)\n    at Promise._settlePromises (http://localhost:45681/__cypress/runner/cypress_runner.js:165528:18)\n    at Async../node_modules/bluebird/js/release/async.js.Async._drainQueue (http://localhost:45681/__cypress/runner/cypress_runner.js:162140:16)\n    at Async../node_modules/bluebird/js/release/async.js.Async._drainQueues (http://localhost:45681/__cypress/runner/cypress_runner.js:162150:10)\n    at Async.drainQueues (http://localhost:45681/__cypress/runner/cypress_runner.js:162024:14)",
                "diff": null
              },
              "uuid": "95763b36-639f-4630-ac4e-1c5d6e9587d6",
              "parentUUID": "f75f51a6-6b72-416d-98ba-ba97a37212f5",
              "isHook": false,
              "skipped": false
            },
            {
              "title": "Verifica se somente o pixel que foi clicado foi preenchido com a cor selecionada, sem influenciar na cor dos demais pixels.",
              "fullTitle": "8 - Clicar em um pixel dentro do quadro após selecionar uma cor na paleta, faz com que o pixel seja preenchido com a cor selecionada. Verifica se somente o pixel que foi clicado foi preenchido com a cor selecionada, sem influenciar na cor dos demais pixels.",
              "timedOut": null,
              "duration": 2005,
              "state": "passed",
              "speed": "slow",
              "pass": true,
              "fail": false,
              "pending": false,
              "context": null,
              "code": "var colorToPixelIndexMap = {\n  0: 6,\n  1: 8,\n  2: 16,\n  3: 18\n};\ncy.get('.color').each(function (color, index) {\n  cy.wrap(color).click();\n  var backgroundColor = color.css('background-color');\n  var clickedPixelIndex = colorToPixelIndexMap[index];\n  cy.get('.pixel').eq(clickedPixelIndex).click();\n  cy.get('.pixel').eq(clickedPixelIndex - 1).should('not.have.css', 'background-color', backgroundColor);\n  cy.get('.pixel').eq(clickedPixelIndex + 1).should('not.have.css', 'background-color', backgroundColor);\n  cy.get('.pixel').eq(clickedPixelIndex - 5).should('not.have.css', 'background-color', backgroundColor);\n  cy.get('.pixel').eq(clickedPixelIndex + 5).should('not.have.css', 'background-color', backgroundColor);\n  cy.get('.pixel').eq(clickedPixelIndex - 6).should('not.have.css', 'background-color', backgroundColor);\n  cy.get('.pixel').eq(clickedPixelIndex - 4).should('not.have.css', 'background-color', backgroundColor);\n  cy.get('.pixel').eq(clickedPixelIndex + 4).should('not.have.css', 'background-color', backgroundColor);\n  cy.get('.pixel').eq(clickedPixelIndex + 6).should('not.have.css', 'background-color', backgroundColor);\n});",
              "err": {},
              "uuid": "7be29056-60f8-423c-9400-3e5c624a5fdb",
              "parentUUID": "f75f51a6-6b72-416d-98ba-ba97a37212f5",
              "isHook": false,
              "skipped": false
            }
          ],
          "suites": [],
          "passes": [
            "7be29056-60f8-423c-9400-3e5c624a5fdb"
          ],
          "failures": [
            "af233a3e-cd82-491e-b188-e5a90cb8686b",
            "95763b36-639f-4630-ac4e-1c5d6e9587d6"
          ],
          "pending": [],
          "skipped": [],
          "duration": 11050,
          "root": false,
          "rootEmpty": false,
          "_timeout": 2000
        },
        {
          "uuid": "3beada3b-4b2e-4435-8b89-d0f47f4f18c9",
          "title": "9 - Crie um botão que, ao ser clicado, limpa o quadro preenchendo a cor de todos seus pixels com branco.",
          "fullFile": "",
          "file": "",
          "beforeHooks": [],
          "afterHooks": [],
          "tests": [
            {
              "title": "Verifica se o botão tem o `id` denominado `clear-board`",
              "fullTitle": "9 - Crie um botão que, ao ser clicado, limpa o quadro preenchendo a cor de todos seus pixels com branco. Verifica se o botão tem o `id` denominado `clear-board`",
              "timedOut": null,
              "duration": 4432,
              "state": "failed",
              "speed": null,
              "pass": false,
              "fail": true,
              "pending": false,
              "context": null,
              "code": "cy.get('#clear-board').should('be.visible');",
              "err": {
                "message": "CypressError: Timed out retrying: Expected to find element: '#clear-board', but never found it.",
                "estack": "CypressError: Timed out retrying: Expected to find element: '#clear-board', but never found it.\n    at cypressErr (http://localhost:45681/__cypress/runner/cypress_runner.js:149934:9)\n    at throwErr (http://localhost:45681/__cypress/runner/cypress_runner.js:149867:11)\n    at Object.throwErrByPath (http://localhost:45681/__cypress/runner/cypress_runner.js:149915:3)\n    at retry (http://localhost:45681/__cypress/runner/cypress_runner.js:144197:19)\n    at onFailFn (http://localhost:45681/__cypress/runner/cypress_runner.js:132448:16)\n    at tryCatcher (http://localhost:45681/__cypress/runner/cypress_runner.js:167415:23)\n    at Promise._settlePromiseFromHandler (http://localhost:45681/__cypress/runner/cypress_runner.js:165351:31)\n    at Promise._settlePromise (http://localhost:45681/__cypress/runner/cypress_runner.js:165408:18)\n    at Promise._settlePromise0 (http://localhost:45681/__cypress/runner/cypress_runner.js:165453:10)\n    at Promise._settlePromises (http://localhost:45681/__cypress/runner/cypress_runner.js:165528:18)\n    at Async../node_modules/bluebird/js/release/async.js.Async._drainQueue (http://localhost:45681/__cypress/runner/cypress_runner.js:162140:16)\n    at Async../node_modules/bluebird/js/release/async.js.Async._drainQueues (http://localhost:45681/__cypress/runner/cypress_runner.js:162150:10)\n    at Async.drainQueues (http://localhost:45681/__cypress/runner/cypress_runner.js:162024:14)",
                "diff": null
              },
              "uuid": "dc7c7dd3-3244-40d0-a5a4-e8cdd2ee27c0",
              "parentUUID": "3beada3b-4b2e-4435-8b89-d0f47f4f18c9",
              "isHook": false,
              "skipped": false
            },
            {
              "title": "Verifica se o botão está posicionado entre a paleta de cores e o quadro de pixels",
              "fullTitle": "9 - Crie um botão que, ao ser clicado, limpa o quadro preenchendo a cor de todos seus pixels com branco. Verifica se o botão está posicionado entre a paleta de cores e o quadro de pixels",
              "timedOut": null,
              "duration": 4421,
              "state": "failed",
              "speed": null,
              "pass": false,
              "fail": true,
              "pending": false,
              "context": null,
              "code": "cy.get('#color-palette').then(function (palette) {\n  cy.get('#clear-board').should('be.belowOf', palette);\n});\ncy.get('#clear-board').then(function (clearBtn) {\n  cy.get('#pixel-board').should('be.belowOf', clearBtn);\n});",
              "err": {
                "message": "CypressError: Timed out retrying: Expected to find element: '#clear-board', but never found it.",
                "estack": "CypressError: Timed out retrying: Expected to find element: '#clear-board', but never found it.\n    at cypressErr (http://localhost:45681/__cypress/runner/cypress_runner.js:149934:9)\n    at throwErr (http://localhost:45681/__cypress/runner/cypress_runner.js:149867:11)\n    at Object.throwErrByPath (http://localhost:45681/__cypress/runner/cypress_runner.js:149915:3)\n    at retry (http://localhost:45681/__cypress/runner/cypress_runner.js:144197:19)\n    at onFailFn (http://localhost:45681/__cypress/runner/cypress_runner.js:132448:16)\n    at tryCatcher (http://localhost:45681/__cypress/runner/cypress_runner.js:167415:23)\n    at Promise._settlePromiseFromHandler (http://localhost:45681/__cypress/runner/cypress_runner.js:165351:31)\n    at Promise._settlePromise (http://localhost:45681/__cypress/runner/cypress_runner.js:165408:18)\n    at Promise._settlePromise0 (http://localhost:45681/__cypress/runner/cypress_runner.js:165453:10)\n    at Promise._settlePromises (http://localhost:45681/__cypress/runner/cypress_runner.js:165528:18)\n    at Async../node_modules/bluebird/js/release/async.js.Async._drainQueue (http://localhost:45681/__cypress/runner/cypress_runner.js:162140:16)\n    at Async../node_modules/bluebird/js/release/async.js.Async._drainQueues (http://localhost:45681/__cypress/runner/cypress_runner.js:162150:10)\n    at Async.drainQueues (http://localhost:45681/__cypress/runner/cypress_runner.js:162024:14)",
                "diff": null
              },
              "uuid": "b714e9cb-5152-442b-8501-82d1cb66df63",
              "parentUUID": "3beada3b-4b2e-4435-8b89-d0f47f4f18c9",
              "isHook": false,
              "skipped": false
            },
            {
              "title": "Verifica se o texto do botão é 'Limpar'",
              "fullTitle": "9 - Crie um botão que, ao ser clicado, limpa o quadro preenchendo a cor de todos seus pixels com branco. Verifica se o texto do botão é 'Limpar'",
              "timedOut": null,
              "duration": 4394,
              "state": "failed",
              "speed": null,
              "pass": false,
              "fail": true,
              "pending": false,
              "context": null,
              "code": "cy.get('#clear-board').should('contain.text', 'Limpar');",
              "err": {
                "message": "CypressError: Timed out retrying: Expected to find element: '#clear-board', but never found it.",
                "estack": "CypressError: Timed out retrying: Expected to find element: '#clear-board', but never found it.\n    at cypressErr (http://localhost:45681/__cypress/runner/cypress_runner.js:149934:9)\n    at throwErr (http://localhost:45681/__cypress/runner/cypress_runner.js:149867:11)\n    at Object.throwErrByPath (http://localhost:45681/__cypress/runner/cypress_runner.js:149915:3)\n    at retry (http://localhost:45681/__cypress/runner/cypress_runner.js:144197:19)\n    at onFailFn (http://localhost:45681/__cypress/runner/cypress_runner.js:132448:16)\n    at tryCatcher (http://localhost:45681/__cypress/runner/cypress_runner.js:167415:23)\n    at Promise._settlePromiseFromHandler (http://localhost:45681/__cypress/runner/cypress_runner.js:165351:31)\n    at Promise._settlePromise (http://localhost:45681/__cypress/runner/cypress_runner.js:165408:18)\n    at Promise._settlePromise0 (http://localhost:45681/__cypress/runner/cypress_runner.js:165453:10)\n    at Promise._settlePromises (http://localhost:45681/__cypress/runner/cypress_runner.js:165528:18)\n    at Async../node_modules/bluebird/js/release/async.js.Async._drainQueue (http://localhost:45681/__cypress/runner/cypress_runner.js:162140:16)\n    at Async../node_modules/bluebird/js/release/async.js.Async._drainQueues (http://localhost:45681/__cypress/runner/cypress_runner.js:162150:10)\n    at Async.drainQueues (http://localhost:45681/__cypress/runner/cypress_runner.js:162024:14)",
                "diff": null
              },
              "uuid": "3a1a6ace-d0bc-45e0-a873-91b8d9ee5db8",
              "parentUUID": "3beada3b-4b2e-4435-8b89-d0f47f4f18c9",
              "isHook": false,
              "skipped": false
            },
            {
              "title": "Verifica se ao clicar no botão, o quadro de pixels é totalmente preenchido de branco",
              "fullTitle": "9 - Crie um botão que, ao ser clicado, limpa o quadro preenchendo a cor de todos seus pixels com branco. Verifica se ao clicar no botão, o quadro de pixels é totalmente preenchido de branco",
              "timedOut": null,
              "duration": 4558,
              "state": "failed",
              "speed": null,
              "pass": false,
              "fail": true,
              "pending": false,
              "context": null,
              "code": "cy.get('.color').eq(1).then(function (color) {\n  var backgroundColor = color.css('background-color');\n  cy.wrap(color).click();\n  cy.get('.pixel').each(function (pixel) {\n    cy.wrap(pixel).click().should('have.css', 'background-color', backgroundColor);\n  });\n});\ncy.get('#clear-board').click();\ncy.get('.pixel').each(function (pixel) {\n  cy.wrap(pixel).should('have.css', 'background-color', WHITE);\n});",
              "err": {
                "message": "CypressError: Timed out retrying: expected '<div.pixel>' to have CSS property 'background-color' with the value 'rgb(0, 128, 0)', but the value was 'rgb(255, 255, 255)'",
                "estack": "CypressError: Timed out retrying: expected '<div.pixel>' to have CSS property 'background-color' with the value 'rgb(0, 128, 0)', but the value was 'rgb(255, 255, 255)'\n    at cypressErr (http://localhost:45681/__cypress/runner/cypress_runner.js:149934:9)\n    at throwErr (http://localhost:45681/__cypress/runner/cypress_runner.js:149867:11)\n    at Object.throwErrByPath (http://localhost:45681/__cypress/runner/cypress_runner.js:149915:3)\n    at retry (http://localhost:45681/__cypress/runner/cypress_runner.js:144197:19)\n    at onFailFn (http://localhost:45681/__cypress/runner/cypress_runner.js:132448:16)\n    at tryCatcher (http://localhost:45681/__cypress/runner/cypress_runner.js:167415:23)\n    at Promise._settlePromiseFromHandler (http://localhost:45681/__cypress/runner/cypress_runner.js:165351:31)\n    at Promise._settlePromise (http://localhost:45681/__cypress/runner/cypress_runner.js:165408:18)\n    at Promise._settlePromise0 (http://localhost:45681/__cypress/runner/cypress_runner.js:165453:10)\n    at Promise._settlePromises (http://localhost:45681/__cypress/runner/cypress_runner.js:165528:18)\n    at Async../node_modules/bluebird/js/release/async.js.Async._drainQueue (http://localhost:45681/__cypress/runner/cypress_runner.js:162140:16)\n    at Async../node_modules/bluebird/js/release/async.js.Async._drainQueues (http://localhost:45681/__cypress/runner/cypress_runner.js:162150:10)\n    at Async.drainQueues (http://localhost:45681/__cypress/runner/cypress_runner.js:162024:14)",
                "diff": null
              },
              "uuid": "ce058606-0215-446e-a9ee-f3e859f6e9f3",
              "parentUUID": "3beada3b-4b2e-4435-8b89-d0f47f4f18c9",
              "isHook": false,
              "skipped": false
            }
          ],
          "suites": [],
          "passes": [],
          "failures": [
            "dc7c7dd3-3244-40d0-a5a4-e8cdd2ee27c0",
            "b714e9cb-5152-442b-8501-82d1cb66df63",
            "3a1a6ace-d0bc-45e0-a873-91b8d9ee5db8",
            "ce058606-0215-446e-a9ee-f3e859f6e9f3"
          ],
          "pending": [],
          "skipped": [],
          "duration": 17805,
          "root": false,
          "rootEmpty": false,
          "_timeout": 2000
        },
        {
          "uuid": "ebbf8350-e14a-4e9e-9d62-5bfb6c3b9004",
          "title": "10 - Faça o quadro de pixels ter seu tamanho definido pelo usuário.",
          "fullFile": "",
          "file": "",
          "beforeHooks": [],
          "afterHooks": [],
          "tests": [
            {
              "title": "Verifica se existe um input com o id `board-size`",
              "fullTitle": "10 - Faça o quadro de pixels ter seu tamanho definido pelo usuário. Verifica se existe um input com o id `board-size`",
              "timedOut": null,
              "duration": 4439,
              "state": "failed",
              "speed": null,
              "pass": false,
              "fail": true,
              "pending": false,
              "context": null,
              "code": "cy.get('#board-size').should('be.visible');",
              "err": {
                "message": "CypressError: Timed out retrying: Expected to find element: '#board-size', but never found it.",
                "estack": "CypressError: Timed out retrying: Expected to find element: '#board-size', but never found it.\n    at cypressErr (http://localhost:45681/__cypress/runner/cypress_runner.js:149934:9)\n    at throwErr (http://localhost:45681/__cypress/runner/cypress_runner.js:149867:11)\n    at Object.throwErrByPath (http://localhost:45681/__cypress/runner/cypress_runner.js:149915:3)\n    at retry (http://localhost:45681/__cypress/runner/cypress_runner.js:144197:19)\n    at onFailFn (http://localhost:45681/__cypress/runner/cypress_runner.js:132448:16)\n    at tryCatcher (http://localhost:45681/__cypress/runner/cypress_runner.js:167415:23)\n    at Promise._settlePromiseFromHandler (http://localhost:45681/__cypress/runner/cypress_runner.js:165351:31)\n    at Promise._settlePromise (http://localhost:45681/__cypress/runner/cypress_runner.js:165408:18)\n    at Promise._settlePromise0 (http://localhost:45681/__cypress/runner/cypress_runner.js:165453:10)\n    at Promise._settlePromises (http://localhost:45681/__cypress/runner/cypress_runner.js:165528:18)\n    at Async../node_modules/bluebird/js/release/async.js.Async._drainQueue (http://localhost:45681/__cypress/runner/cypress_runner.js:162140:16)\n    at Async../node_modules/bluebird/js/release/async.js.Async._drainQueues (http://localhost:45681/__cypress/runner/cypress_runner.js:162150:10)\n    at Async.drainQueues (http://localhost:45681/__cypress/runner/cypress_runner.js:162024:14)",
                "diff": null
              },
              "uuid": "a6a225a1-64e9-4f9e-9f02-9f9cd72066d2",
              "parentUUID": "ebbf8350-e14a-4e9e-9d62-5bfb6c3b9004",
              "isHook": false,
              "skipped": false
            },
            {
              "title": "Verifica se existe um botão com o id `generate-board`",
              "fullTitle": "10 - Faça o quadro de pixels ter seu tamanho definido pelo usuário. Verifica se existe um botão com o id `generate-board`",
              "timedOut": null,
              "duration": 4415,
              "state": "failed",
              "speed": null,
              "pass": false,
              "fail": true,
              "pending": false,
              "context": null,
              "code": "cy.get('#generate-board').should('be.visible');",
              "err": {
                "message": "CypressError: Timed out retrying: Expected to find element: '#generate-board', but never found it.",
                "estack": "CypressError: Timed out retrying: Expected to find element: '#generate-board', but never found it.\n    at cypressErr (http://localhost:45681/__cypress/runner/cypress_runner.js:149934:9)\n    at throwErr (http://localhost:45681/__cypress/runner/cypress_runner.js:149867:11)\n    at Object.throwErrByPath (http://localhost:45681/__cypress/runner/cypress_runner.js:149915:3)\n    at retry (http://localhost:45681/__cypress/runner/cypress_runner.js:144197:19)\n    at onFailFn (http://localhost:45681/__cypress/runner/cypress_runner.js:132448:16)\n    at tryCatcher (http://localhost:45681/__cypress/runner/cypress_runner.js:167415:23)\n    at Promise._settlePromiseFromHandler (http://localhost:45681/__cypress/runner/cypress_runner.js:165351:31)\n    at Promise._settlePromise (http://localhost:45681/__cypress/runner/cypress_runner.js:165408:18)\n    at Promise._settlePromise0 (http://localhost:45681/__cypress/runner/cypress_runner.js:165453:10)\n    at Promise._settlePromises (http://localhost:45681/__cypress/runner/cypress_runner.js:165528:18)\n    at Async../node_modules/bluebird/js/release/async.js.Async._drainQueue (http://localhost:45681/__cypress/runner/cypress_runner.js:162140:16)\n    at Async../node_modules/bluebird/js/release/async.js.Async._drainQueues (http://localhost:45681/__cypress/runner/cypress_runner.js:162150:10)\n    at Async.drainQueues (http://localhost:45681/__cypress/runner/cypress_runner.js:162024:14)",
                "diff": null
              },
              "uuid": "3cee116c-6b24-4b90-a5f2-59fc606e505e",
              "parentUUID": "ebbf8350-e14a-4e9e-9d62-5bfb6c3b9004",
              "isHook": false,
              "skipped": false
            },
            {
              "title": "Verifica se o input só aceita número maiores que zero. Essa restrição deve ser feita usando os atributos do elemento `input`",
              "fullTitle": "10 - Faça o quadro de pixels ter seu tamanho definido pelo usuário. Verifica se o input só aceita número maiores que zero. Essa restrição deve ser feita usando os atributos do elemento `input`",
              "timedOut": null,
              "duration": 4443,
              "state": "failed",
              "speed": null,
              "pass": false,
              "fail": true,
              "pending": false,
              "context": null,
              "code": "cy.get('#board-size[type=\\'number\\'][min=\\'1\\']');",
              "err": {
                "message": "CypressError: Timed out retrying: Expected to find element: '#board-size[type='number'][min='1']', but never found it.",
                "estack": "CypressError: Timed out retrying: Expected to find element: '#board-size[type='number'][min='1']', but never found it.\n    at cypressErr (http://localhost:45681/__cypress/runner/cypress_runner.js:149934:9)\n    at throwErr (http://localhost:45681/__cypress/runner/cypress_runner.js:149867:11)\n    at Object.throwErrByPath (http://localhost:45681/__cypress/runner/cypress_runner.js:149915:3)\n    at retry (http://localhost:45681/__cypress/runner/cypress_runner.js:144197:19)\n    at onFailFn (http://localhost:45681/__cypress/runner/cypress_runner.js:132448:16)\n    at tryCatcher (http://localhost:45681/__cypress/runner/cypress_runner.js:167415:23)\n    at Promise._settlePromiseFromHandler (http://localhost:45681/__cypress/runner/cypress_runner.js:165351:31)\n    at Promise._settlePromise (http://localhost:45681/__cypress/runner/cypress_runner.js:165408:18)\n    at Promise._settlePromise0 (http://localhost:45681/__cypress/runner/cypress_runner.js:165453:10)\n    at Promise._settlePromises (http://localhost:45681/__cypress/runner/cypress_runner.js:165528:18)\n    at Async../node_modules/bluebird/js/release/async.js.Async._drainQueue (http://localhost:45681/__cypress/runner/cypress_runner.js:162140:16)\n    at Async../node_modules/bluebird/js/release/async.js.Async._drainQueues (http://localhost:45681/__cypress/runner/cypress_runner.js:162150:10)\n    at Async.drainQueues (http://localhost:45681/__cypress/runner/cypress_runner.js:162024:14)",
                "diff": null
              },
              "uuid": "382cb420-cfee-4bce-8fc3-dc5f75b1221c",
              "parentUUID": "ebbf8350-e14a-4e9e-9d62-5bfb6c3b9004",
              "isHook": false,
              "skipped": false
            },
            {
              "title": "Verifica se o botão contém o texto 'VQV'",
              "fullTitle": "10 - Faça o quadro de pixels ter seu tamanho definido pelo usuário. Verifica se o botão contém o texto 'VQV'",
              "timedOut": null,
              "duration": 4399,
              "state": "failed",
              "speed": null,
              "pass": false,
              "fail": true,
              "pending": false,
              "context": null,
              "code": "cy.get('#generate-board').contains(/vqv/i);",
              "err": {
                "message": "CypressError: Timed out retrying: Expected to find element: '#generate-board', but never found it.",
                "estack": "CypressError: Timed out retrying: Expected to find element: '#generate-board', but never found it.\n    at cypressErr (http://localhost:45681/__cypress/runner/cypress_runner.js:149934:9)\n    at throwErr (http://localhost:45681/__cypress/runner/cypress_runner.js:149867:11)\n    at Object.throwErrByPath (http://localhost:45681/__cypress/runner/cypress_runner.js:149915:3)\n    at retry (http://localhost:45681/__cypress/runner/cypress_runner.js:144197:19)\n    at onFailFn (http://localhost:45681/__cypress/runner/cypress_runner.js:132448:16)\n    at tryCatcher (http://localhost:45681/__cypress/runner/cypress_runner.js:167415:23)\n    at Promise._settlePromiseFromHandler (http://localhost:45681/__cypress/runner/cypress_runner.js:165351:31)\n    at Promise._settlePromise (http://localhost:45681/__cypress/runner/cypress_runner.js:165408:18)\n    at Promise._settlePromise0 (http://localhost:45681/__cypress/runner/cypress_runner.js:165453:10)\n    at Promise._settlePromises (http://localhost:45681/__cypress/runner/cypress_runner.js:165528:18)\n    at Async../node_modules/bluebird/js/release/async.js.Async._drainQueue (http://localhost:45681/__cypress/runner/cypress_runner.js:162140:16)\n    at Async../node_modules/bluebird/js/release/async.js.Async._drainQueues (http://localhost:45681/__cypress/runner/cypress_runner.js:162150:10)\n    at Async.drainQueues (http://localhost:45681/__cypress/runner/cypress_runner.js:162024:14)",
                "diff": null
              },
              "uuid": "0dfeebb5-aa3e-4386-bab9-c638c140da91",
              "parentUUID": "ebbf8350-e14a-4e9e-9d62-5bfb6c3b9004",
              "isHook": false,
              "skipped": false
            },
            {
              "title": "Verifica se o input está posicionado entre a paleta de cores e o quadro de pixels",
              "fullTitle": "10 - Faça o quadro de pixels ter seu tamanho definido pelo usuário. Verifica se o input está posicionado entre a paleta de cores e o quadro de pixels",
              "timedOut": null,
              "duration": 4386,
              "state": "failed",
              "speed": null,
              "pass": false,
              "fail": true,
              "pending": false,
              "context": null,
              "code": "cy.get('#color-palette').then(function (palette) {\n  cy.get('#board-size').should('be.belowOf', palette);\n});\ncy.get('#board-size').then(function (palette) {\n  cy.get('#pixel-board').should('be.belowOf', palette);\n});",
              "err": {
                "message": "CypressError: Timed out retrying: Expected to find element: '#board-size', but never found it.",
                "estack": "CypressError: Timed out retrying: Expected to find element: '#board-size', but never found it.\n    at cypressErr (http://localhost:45681/__cypress/runner/cypress_runner.js:149934:9)\n    at throwErr (http://localhost:45681/__cypress/runner/cypress_runner.js:149867:11)\n    at Object.throwErrByPath (http://localhost:45681/__cypress/runner/cypress_runner.js:149915:3)\n    at retry (http://localhost:45681/__cypress/runner/cypress_runner.js:144197:19)\n    at onFailFn (http://localhost:45681/__cypress/runner/cypress_runner.js:132448:16)\n    at tryCatcher (http://localhost:45681/__cypress/runner/cypress_runner.js:167415:23)\n    at Promise._settlePromiseFromHandler (http://localhost:45681/__cypress/runner/cypress_runner.js:165351:31)\n    at Promise._settlePromise (http://localhost:45681/__cypress/runner/cypress_runner.js:165408:18)\n    at Promise._settlePromise0 (http://localhost:45681/__cypress/runner/cypress_runner.js:165453:10)\n    at Promise._settlePromises (http://localhost:45681/__cypress/runner/cypress_runner.js:165528:18)\n    at Async../node_modules/bluebird/js/release/async.js.Async._drainQueue (http://localhost:45681/__cypress/runner/cypress_runner.js:162140:16)\n    at Async../node_modules/bluebird/js/release/async.js.Async._drainQueues (http://localhost:45681/__cypress/runner/cypress_runner.js:162150:10)\n    at Async.drainQueues (http://localhost:45681/__cypress/runner/cypress_runner.js:162024:14)",
                "diff": null
              },
              "uuid": "c68881c6-813e-41e0-872e-a2385d11d64f",
              "parentUUID": "ebbf8350-e14a-4e9e-9d62-5bfb6c3b9004",
              "isHook": false,
              "skipped": false
            },
            {
              "title": "Verifica se o botão está posicionado ao lado do input",
              "fullTitle": "10 - Faça o quadro de pixels ter seu tamanho definido pelo usuário. Verifica se o botão está posicionado ao lado do input",
              "timedOut": null,
              "duration": 4429,
              "state": "failed",
              "speed": null,
              "pass": false,
              "fail": true,
              "pending": false,
              "context": null,
              "code": "cy.get('#board-size').then(function (board) {\n  cy.get('#generate-board').should('be.onTheRightOf', board);\n});",
              "err": {
                "message": "CypressError: Timed out retrying: Expected to find element: '#board-size', but never found it.",
                "estack": "CypressError: Timed out retrying: Expected to find element: '#board-size', but never found it.\n    at cypressErr (http://localhost:45681/__cypress/runner/cypress_runner.js:149934:9)\n    at throwErr (http://localhost:45681/__cypress/runner/cypress_runner.js:149867:11)\n    at Object.throwErrByPath (http://localhost:45681/__cypress/runner/cypress_runner.js:149915:3)\n    at retry (http://localhost:45681/__cypress/runner/cypress_runner.js:144197:19)\n    at onFailFn (http://localhost:45681/__cypress/runner/cypress_runner.js:132448:16)\n    at tryCatcher (http://localhost:45681/__cypress/runner/cypress_runner.js:167415:23)\n    at Promise._settlePromiseFromHandler (http://localhost:45681/__cypress/runner/cypress_runner.js:165351:31)\n    at Promise._settlePromise (http://localhost:45681/__cypress/runner/cypress_runner.js:165408:18)\n    at Promise._settlePromise0 (http://localhost:45681/__cypress/runner/cypress_runner.js:165453:10)\n    at Promise._settlePromises (http://localhost:45681/__cypress/runner/cypress_runner.js:165528:18)\n    at Async../node_modules/bluebird/js/release/async.js.Async._drainQueue (http://localhost:45681/__cypress/runner/cypress_runner.js:162140:16)\n    at Async../node_modules/bluebird/js/release/async.js.Async._drainQueues (http://localhost:45681/__cypress/runner/cypress_runner.js:162150:10)\n    at Async.drainQueues (http://localhost:45681/__cypress/runner/cypress_runner.js:162024:14)",
                "diff": null
              },
              "uuid": "1a68710d-603e-4171-937e-5da20945c557",
              "parentUUID": "ebbf8350-e14a-4e9e-9d62-5bfb6c3b9004",
              "isHook": false,
              "skipped": false
            },
            {
              "title": "Verifica se nenhum valor for colocado no input ao clicar no botão, um `alert` é exibido com o texto: 'Board inválido!'",
              "fullTitle": "10 - Faça o quadro de pixels ter seu tamanho definido pelo usuário. Verifica se nenhum valor for colocado no input ao clicar no botão, um `alert` é exibido com o texto: 'Board inválido!'",
              "timedOut": null,
              "duration": 4440,
              "state": "failed",
              "speed": null,
              "pass": false,
              "fail": true,
              "pending": false,
              "context": null,
              "code": "var alerted = false;\ncy.on('window:alert', function (msg) {\n  return alerted = msg;\n});\ncy.get('#generate-board').click().then(function () {\n  return expect(alerted).to.match(/Board inválido!/i);\n});",
              "err": {
                "message": "CypressError: Timed out retrying: Expected to find element: '#generate-board', but never found it.",
                "estack": "CypressError: Timed out retrying: Expected to find element: '#generate-board', but never found it.\n    at cypressErr (http://localhost:45681/__cypress/runner/cypress_runner.js:149934:9)\n    at throwErr (http://localhost:45681/__cypress/runner/cypress_runner.js:149867:11)\n    at Object.throwErrByPath (http://localhost:45681/__cypress/runner/cypress_runner.js:149915:3)\n    at retry (http://localhost:45681/__cypress/runner/cypress_runner.js:144197:19)\n    at onFailFn (http://localhost:45681/__cypress/runner/cypress_runner.js:132448:16)\n    at tryCatcher (http://localhost:45681/__cypress/runner/cypress_runner.js:167415:23)\n    at Promise._settlePromiseFromHandler (http://localhost:45681/__cypress/runner/cypress_runner.js:165351:31)\n    at Promise._settlePromise (http://localhost:45681/__cypress/runner/cypress_runner.js:165408:18)\n    at Promise._settlePromise0 (http://localhost:45681/__cypress/runner/cypress_runner.js:165453:10)\n    at Promise._settlePromises (http://localhost:45681/__cypress/runner/cypress_runner.js:165528:18)\n    at Async../node_modules/bluebird/js/release/async.js.Async._drainQueue (http://localhost:45681/__cypress/runner/cypress_runner.js:162140:16)\n    at Async../node_modules/bluebird/js/release/async.js.Async._drainQueues (http://localhost:45681/__cypress/runner/cypress_runner.js:162150:10)\n    at Async.drainQueues (http://localhost:45681/__cypress/runner/cypress_runner.js:162024:14)",
                "diff": null
              },
              "uuid": "3ca50860-ca50-41ee-bc1c-3c0d55c90405",
              "parentUUID": "ebbf8350-e14a-4e9e-9d62-5bfb6c3b9004",
              "isHook": false,
              "skipped": false
            },
            {
              "title": "Verifica se ao clicar no botão com um valor preenchido, o tamanho do board muda.",
              "fullTitle": "10 - Faça o quadro de pixels ter seu tamanho definido pelo usuário. Verifica se ao clicar no botão com um valor preenchido, o tamanho do board muda.",
              "timedOut": null,
              "duration": 4430,
              "state": "failed",
              "speed": null,
              "pass": false,
              "fail": true,
              "pending": false,
              "context": null,
              "code": "cy.get('#board-size').clear().type(10);\ncy.get('#generate-board').click();\ncy.get('.pixel').should('have.length', 100);",
              "err": {
                "message": "CypressError: Timed out retrying: Expected to find element: '#board-size', but never found it.",
                "estack": "CypressError: Timed out retrying: Expected to find element: '#board-size', but never found it.\n    at cypressErr (http://localhost:45681/__cypress/runner/cypress_runner.js:149934:9)\n    at throwErr (http://localhost:45681/__cypress/runner/cypress_runner.js:149867:11)\n    at Object.throwErrByPath (http://localhost:45681/__cypress/runner/cypress_runner.js:149915:3)\n    at retry (http://localhost:45681/__cypress/runner/cypress_runner.js:144197:19)\n    at onFailFn (http://localhost:45681/__cypress/runner/cypress_runner.js:132448:16)\n    at tryCatcher (http://localhost:45681/__cypress/runner/cypress_runner.js:167415:23)\n    at Promise._settlePromiseFromHandler (http://localhost:45681/__cypress/runner/cypress_runner.js:165351:31)\n    at Promise._settlePromise (http://localhost:45681/__cypress/runner/cypress_runner.js:165408:18)\n    at Promise._settlePromise0 (http://localhost:45681/__cypress/runner/cypress_runner.js:165453:10)\n    at Promise._settlePromises (http://localhost:45681/__cypress/runner/cypress_runner.js:165528:18)\n    at Async../node_modules/bluebird/js/release/async.js.Async._drainQueue (http://localhost:45681/__cypress/runner/cypress_runner.js:162140:16)\n    at Async../node_modules/bluebird/js/release/async.js.Async._drainQueues (http://localhost:45681/__cypress/runner/cypress_runner.js:162150:10)\n    at Async.drainQueues (http://localhost:45681/__cypress/runner/cypress_runner.js:162024:14)",
                "diff": null
              },
              "uuid": "286adfdc-8c2a-4d5a-b6a3-d169936b7fb2",
              "parentUUID": "ebbf8350-e14a-4e9e-9d62-5bfb6c3b9004",
              "isHook": false,
              "skipped": false
            },
            {
              "title": "Verifica se o novo quadro tem todos os pixels preenchidos com a cor branca",
              "fullTitle": "10 - Faça o quadro de pixels ter seu tamanho definido pelo usuário. Verifica se o novo quadro tem todos os pixels preenchidos com a cor branca",
              "timedOut": null,
              "duration": 4440,
              "state": "failed",
              "speed": null,
              "pass": false,
              "fail": true,
              "pending": false,
              "context": null,
              "code": "cy.get('#board-size').clear().type(6);\ncy.get('#generate-board').click();\ncy.get('.pixel').should('have.length', 36).each(function (pixel) {\n  expect(pixel).to.have.css('background-color', WHITE);\n});",
              "err": {
                "message": "CypressError: Timed out retrying: Expected to find element: '#board-size', but never found it.",
                "estack": "CypressError: Timed out retrying: Expected to find element: '#board-size', but never found it.\n    at cypressErr (http://localhost:45681/__cypress/runner/cypress_runner.js:149934:9)\n    at throwErr (http://localhost:45681/__cypress/runner/cypress_runner.js:149867:11)\n    at Object.throwErrByPath (http://localhost:45681/__cypress/runner/cypress_runner.js:149915:3)\n    at retry (http://localhost:45681/__cypress/runner/cypress_runner.js:144197:19)\n    at onFailFn (http://localhost:45681/__cypress/runner/cypress_runner.js:132448:16)\n    at tryCatcher (http://localhost:45681/__cypress/runner/cypress_runner.js:167415:23)\n    at Promise._settlePromiseFromHandler (http://localhost:45681/__cypress/runner/cypress_runner.js:165351:31)\n    at Promise._settlePromise (http://localhost:45681/__cypress/runner/cypress_runner.js:165408:18)\n    at Promise._settlePromise0 (http://localhost:45681/__cypress/runner/cypress_runner.js:165453:10)\n    at Promise._settlePromises (http://localhost:45681/__cypress/runner/cypress_runner.js:165528:18)\n    at Async../node_modules/bluebird/js/release/async.js.Async._drainQueue (http://localhost:45681/__cypress/runner/cypress_runner.js:162140:16)\n    at Async../node_modules/bluebird/js/release/async.js.Async._drainQueues (http://localhost:45681/__cypress/runner/cypress_runner.js:162150:10)\n    at Async.drainQueues (http://localhost:45681/__cypress/runner/cypress_runner.js:162024:14)",
                "diff": null
              },
              "uuid": "dc4fb787-e39a-47e0-881b-b8ac496898b3",
              "parentUUID": "ebbf8350-e14a-4e9e-9d62-5bfb6c3b9004",
              "isHook": false,
              "skipped": false
            }
          ],
          "suites": [],
          "passes": [],
          "failures": [
            "a6a225a1-64e9-4f9e-9f02-9f9cd72066d2",
            "3cee116c-6b24-4b90-a5f2-59fc606e505e",
            "382cb420-cfee-4bce-8fc3-dc5f75b1221c",
            "0dfeebb5-aa3e-4386-bab9-c638c140da91",
            "c68881c6-813e-41e0-872e-a2385d11d64f",
            "1a68710d-603e-4171-937e-5da20945c557",
            "3ca50860-ca50-41ee-bc1c-3c0d55c90405",
            "286adfdc-8c2a-4d5a-b6a3-d169936b7fb2",
            "dc4fb787-e39a-47e0-881b-b8ac496898b3"
          ],
          "pending": [],
          "skipped": [],
          "duration": 39821,
          "root": false,
          "rootEmpty": false,
          "_timeout": 2000
        },
        {
          "uuid": "15503ba0-5008-4c35-9119-1575f4bf48d4",
          "title": "11 - Limite o tamanho mínimo e máximo do board.",
          "fullFile": "",
          "file": "",
          "beforeHooks": [],
          "afterHooks": [],
          "tests": [
            {
              "title": "Verifica se a altura máxima do board é 50",
              "fullTitle": "11 - Limite o tamanho mínimo e máximo do board. Verifica se a altura máxima do board é 50",
              "timedOut": null,
              "duration": 4402,
              "state": "failed",
              "speed": null,
              "pass": false,
              "fail": true,
              "pending": false,
              "context": null,
              "code": "cy.get('#board-size').clear().type(50);\ncy.get('#generate-board').click();\ncy.get('.pixel').should('have.length', 2500);",
              "err": {
                "message": "CypressError: Timed out retrying: Expected to find element: '#board-size', but never found it.",
                "estack": "CypressError: Timed out retrying: Expected to find element: '#board-size', but never found it.\n    at cypressErr (http://localhost:45681/__cypress/runner/cypress_runner.js:149934:9)\n    at throwErr (http://localhost:45681/__cypress/runner/cypress_runner.js:149867:11)\n    at Object.throwErrByPath (http://localhost:45681/__cypress/runner/cypress_runner.js:149915:3)\n    at retry (http://localhost:45681/__cypress/runner/cypress_runner.js:144197:19)\n    at onFailFn (http://localhost:45681/__cypress/runner/cypress_runner.js:132448:16)\n    at tryCatcher (http://localhost:45681/__cypress/runner/cypress_runner.js:167415:23)\n    at Promise._settlePromiseFromHandler (http://localhost:45681/__cypress/runner/cypress_runner.js:165351:31)\n    at Promise._settlePromise (http://localhost:45681/__cypress/runner/cypress_runner.js:165408:18)\n    at Promise._settlePromise0 (http://localhost:45681/__cypress/runner/cypress_runner.js:165453:10)\n    at Promise._settlePromises (http://localhost:45681/__cypress/runner/cypress_runner.js:165528:18)\n    at Async../node_modules/bluebird/js/release/async.js.Async._drainQueue (http://localhost:45681/__cypress/runner/cypress_runner.js:162140:16)\n    at Async../node_modules/bluebird/js/release/async.js.Async._drainQueues (http://localhost:45681/__cypress/runner/cypress_runner.js:162150:10)\n    at Async.drainQueues (http://localhost:45681/__cypress/runner/cypress_runner.js:162024:14)",
                "diff": null
              },
              "uuid": "028c83a0-b8ed-47ab-ad1d-a60901b268cc",
              "parentUUID": "15503ba0-5008-4c35-9119-1575f4bf48d4",
              "isHook": false,
              "skipped": false
            },
            {
              "title": "Verifica se a altura do board é 5 quando um valor menor é colocado no input",
              "fullTitle": "11 - Limite o tamanho mínimo e máximo do board. Verifica se a altura do board é 5 quando um valor menor é colocado no input",
              "timedOut": null,
              "duration": 4434,
              "state": "failed",
              "speed": null,
              "pass": false,
              "fail": true,
              "pending": false,
              "context": null,
              "code": "cy.get('#board-size').clear().type(4);\ncy.get('#generate-board').click();\ncy.get('.pixel').should('have.length', 25);",
              "err": {
                "message": "CypressError: Timed out retrying: Expected to find element: '#board-size', but never found it.",
                "estack": "CypressError: Timed out retrying: Expected to find element: '#board-size', but never found it.\n    at cypressErr (http://localhost:45681/__cypress/runner/cypress_runner.js:149934:9)\n    at throwErr (http://localhost:45681/__cypress/runner/cypress_runner.js:149867:11)\n    at Object.throwErrByPath (http://localhost:45681/__cypress/runner/cypress_runner.js:149915:3)\n    at retry (http://localhost:45681/__cypress/runner/cypress_runner.js:144197:19)\n    at onFailFn (http://localhost:45681/__cypress/runner/cypress_runner.js:132448:16)\n    at tryCatcher (http://localhost:45681/__cypress/runner/cypress_runner.js:167415:23)\n    at Promise._settlePromiseFromHandler (http://localhost:45681/__cypress/runner/cypress_runner.js:165351:31)\n    at Promise._settlePromise (http://localhost:45681/__cypress/runner/cypress_runner.js:165408:18)\n    at Promise._settlePromise0 (http://localhost:45681/__cypress/runner/cypress_runner.js:165453:10)\n    at Promise._settlePromises (http://localhost:45681/__cypress/runner/cypress_runner.js:165528:18)\n    at Async../node_modules/bluebird/js/release/async.js.Async._drainQueue (http://localhost:45681/__cypress/runner/cypress_runner.js:162140:16)\n    at Async../node_modules/bluebird/js/release/async.js.Async._drainQueues (http://localhost:45681/__cypress/runner/cypress_runner.js:162150:10)\n    at Async.drainQueues (http://localhost:45681/__cypress/runner/cypress_runner.js:162024:14)",
                "diff": null
              },
              "uuid": "8740c3b6-6445-44e6-ad76-1b07059cab46",
              "parentUUID": "15503ba0-5008-4c35-9119-1575f4bf48d4",
              "isHook": false,
              "skipped": false
            },
            {
              "title": "Verifica se a altura do board é 50 quando um valor maior é colocado no input",
              "fullTitle": "11 - Limite o tamanho mínimo e máximo do board. Verifica se a altura do board é 50 quando um valor maior é colocado no input",
              "timedOut": null,
              "duration": 4440,
              "state": "failed",
              "speed": null,
              "pass": false,
              "fail": true,
              "pending": false,
              "context": null,
              "code": "cy.get('#board-size').clear().type(51);\ncy.get('#generate-board').click();\ncy.get('.pixel').should('have.length', 2500);",
              "err": {
                "message": "CypressError: Timed out retrying: Expected to find element: '#board-size', but never found it.",
                "estack": "CypressError: Timed out retrying: Expected to find element: '#board-size', but never found it.\n    at cypressErr (http://localhost:45681/__cypress/runner/cypress_runner.js:149934:9)\n    at throwErr (http://localhost:45681/__cypress/runner/cypress_runner.js:149867:11)\n    at Object.throwErrByPath (http://localhost:45681/__cypress/runner/cypress_runner.js:149915:3)\n    at retry (http://localhost:45681/__cypress/runner/cypress_runner.js:144197:19)\n    at onFailFn (http://localhost:45681/__cypress/runner/cypress_runner.js:132448:16)\n    at tryCatcher (http://localhost:45681/__cypress/runner/cypress_runner.js:167415:23)\n    at Promise._settlePromiseFromHandler (http://localhost:45681/__cypress/runner/cypress_runner.js:165351:31)\n    at Promise._settlePromise (http://localhost:45681/__cypress/runner/cypress_runner.js:165408:18)\n    at Promise._settlePromise0 (http://localhost:45681/__cypress/runner/cypress_runner.js:165453:10)\n    at Promise._settlePromises (http://localhost:45681/__cypress/runner/cypress_runner.js:165528:18)\n    at Async../node_modules/bluebird/js/release/async.js.Async._drainQueue (http://localhost:45681/__cypress/runner/cypress_runner.js:162140:16)\n    at Async../node_modules/bluebird/js/release/async.js.Async._drainQueues (http://localhost:45681/__cypress/runner/cypress_runner.js:162150:10)\n    at Async.drainQueues (http://localhost:45681/__cypress/runner/cypress_runner.js:162024:14)",
                "diff": null
              },
              "uuid": "1ec752a1-c24e-4209-8890-45de185aaec3",
              "parentUUID": "15503ba0-5008-4c35-9119-1575f4bf48d4",
              "isHook": false,
              "skipped": false
            }
          ],
          "suites": [],
          "passes": [],
          "failures": [
            "028c83a0-b8ed-47ab-ad1d-a60901b268cc",
            "8740c3b6-6445-44e6-ad76-1b07059cab46",
            "1ec752a1-c24e-4209-8890-45de185aaec3"
          ],
          "pending": [],
          "skipped": [],
          "duration": 13276,
          "root": false,
          "rootEmpty": false,
          "_timeout": 2000
        },
        {
          "uuid": "be5c656a-a4fa-4ad0-90f4-04d66a9d4bbd",
          "title": "12 - Faça com que as cores da paleta sejam geradas aleatoriamente ao carregar a página.",
          "fullFile": "",
          "file": "",
          "beforeHooks": [],
          "afterHooks": [],
          "tests": [
            {
              "title": "Verifica se as cores geradas na paleta são diferentes a cada carregamento da página",
              "fullTitle": "12 - Faça com que as cores da paleta sejam geradas aleatoriamente ao carregar a página. Verifica se as cores geradas na paleta são diferentes a cada carregamento da página",
              "timedOut": null,
              "duration": 566,
              "state": "failed",
              "speed": null,
              "pass": false,
              "fail": true,
              "pending": false,
              "context": null,
              "code": "cy.get('.color').then(function (colors) {\n  var currentColors;\n  var previousColors;\n  previousColors = Array.from(colors).map(function (color) {\n    return Cypress.$(color).css('background-color');\n  });\n  for (var i = 0; i < 5; i += 1) {\n    cy.reload();\n    cy.get('.color').then(function (colors) {\n      currentColors = Array.from(colors).map(function (color) {\n        return Cypress.$(color).css('background-color');\n      });\n      expect(currentColors).not.to.deep.equal(previousColors);\n      previousColors = currentColors;\n    });\n  }\n});",
              "err": {
                "message": "AssertionError: expected [ Array(4) ] to not deeply equal [ Array(4) ]",
                "estack": "AssertionError: expected [ Array(4) ] to not deeply equal [ Array(4) ]\n    at getRet (http://localhost:45681/__cypress/runner/cypress_runner.js:136585:16)\n    at tryCatcher (http://localhost:45681/__cypress/runner/cypress_runner.js:167415:23)\n    at Function.Promise.attempt.Promise.try (http://localhost:45681/__cypress/runner/cypress_runner.js:164690:29)\n    at Context.thenFn (http://localhost:45681/__cypress/runner/cypress_runner.js:136599:23)\n    at Context.then (http://localhost:45681/__cypress/runner/cypress_runner.js:136971:21)\n    at Context.<anonymous> (http://localhost:45681/__cypress/runner/cypress_runner.js:148875:21)\n    at http://localhost:45681/__cypress/runner/cypress_runner.js:148351:33\n    at tryCatcher (http://localhost:45681/__cypress/runner/cypress_runner.js:167415:23)\n    at Promise._settlePromiseFromHandler (http://localhost:45681/__cypress/runner/cypress_runner.js:165351:31)\n    at Promise._settlePromise (http://localhost:45681/__cypress/runner/cypress_runner.js:165408:18)\n    at Promise._settlePromiseCtx (http://localhost:45681/__cypress/runner/cypress_runner.js:165445:10)\n    at Async../node_modules/bluebird/js/release/async.js.Async._drainQueue (http://localhost:45681/__cypress/runner/cypress_runner.js:162145:12)\n    at Async../node_modules/bluebird/js/release/async.js.Async._drainQueues (http://localhost:45681/__cypress/runner/cypress_runner.js:162150:10)\n    at Async.drainQueues (http://localhost:45681/__cypress/runner/cypress_runner.js:162024:14)",
                "diff": ""
              },
              "uuid": "1513ee40-edcd-4b0f-b61a-73c14f651d98",
              "parentUUID": "be5c656a-a4fa-4ad0-90f4-04d66a9d4bbd",
              "isHook": false,
              "skipped": false
            },
            {
              "title": "Verifica se a cor preta ainda está presente e é a primeira na sua paleta de cores",
              "fullTitle": "12 - Faça com que as cores da paleta sejam geradas aleatoriamente ao carregar a página. Verifica se a cor preta ainda está presente e é a primeira na sua paleta de cores",
              "timedOut": null,
              "duration": 518,
              "state": "failed",
              "speed": null,
              "pass": false,
              "fail": true,
              "pending": false,
              "context": null,
              "code": "cy.get('.color').then(function (colors) {\n  var currentColors;\n  var previousColors;\n  previousColors = Array.from(colors).map(function (color) {\n    return Cypress.$(color).css('background-color');\n  });\n  expect(previousColors[0]).to.eq(BLACK);\n  for (var i = 0; i < 5; i += 1) {\n    cy.reload();\n    cy.get('.color').then(function (colors) {\n      currentColors = Array.from(colors).map(function (color) {\n        return Cypress.$(color).css('background-color');\n      });\n      expect(currentColors[0]).to.eq(BLACK);\n      expect(currentColors).not.to.deep.equal(previousColors);\n      previousColors = currentColors;\n    });\n  }\n});",
              "err": {
                "message": "AssertionError: expected [ Array(4) ] to not deeply equal [ Array(4) ]",
                "estack": "AssertionError: expected [ Array(4) ] to not deeply equal [ Array(4) ]\n    at getRet (http://localhost:45681/__cypress/runner/cypress_runner.js:136585:16)\n    at tryCatcher (http://localhost:45681/__cypress/runner/cypress_runner.js:167415:23)\n    at Function.Promise.attempt.Promise.try (http://localhost:45681/__cypress/runner/cypress_runner.js:164690:29)\n    at Context.thenFn (http://localhost:45681/__cypress/runner/cypress_runner.js:136599:23)\n    at Context.then (http://localhost:45681/__cypress/runner/cypress_runner.js:136971:21)\n    at Context.<anonymous> (http://localhost:45681/__cypress/runner/cypress_runner.js:148875:21)\n    at http://localhost:45681/__cypress/runner/cypress_runner.js:148351:33\n    at tryCatcher (http://localhost:45681/__cypress/runner/cypress_runner.js:167415:23)\n    at Promise._settlePromiseFromHandler (http://localhost:45681/__cypress/runner/cypress_runner.js:165351:31)\n    at Promise._settlePromise (http://localhost:45681/__cypress/runner/cypress_runner.js:165408:18)\n    at Promise._settlePromiseCtx (http://localhost:45681/__cypress/runner/cypress_runner.js:165445:10)\n    at Async../node_modules/bluebird/js/release/async.js.Async._drainQueue (http://localhost:45681/__cypress/runner/cypress_runner.js:162145:12)\n    at Async../node_modules/bluebird/js/release/async.js.Async._drainQueues (http://localhost:45681/__cypress/runner/cypress_runner.js:162150:10)\n    at Async.drainQueues (http://localhost:45681/__cypress/runner/cypress_runner.js:162024:14)",
                "diff": ""
              },
              "uuid": "369d2594-0235-40e9-8ee4-d990146926ec",
              "parentUUID": "be5c656a-a4fa-4ad0-90f4-04d66a9d4bbd",
              "isHook": false,
              "skipped": false
            }
          ],
          "suites": [],
          "passes": [],
          "failures": [
            "1513ee40-edcd-4b0f-b61a-73c14f651d98",
            "369d2594-0235-40e9-8ee4-d990146926ec"
          ],
          "pending": [],
          "skipped": [],
          "duration": 1084,
          "root": false,
          "rootEmpty": false,
          "_timeout": 2000
        }
      ],
      "passes": [],
      "failures": [],
      "pending": [],
      "skipped": [],
      "duration": 0,
      "root": true,
      "rootEmpty": true,
      "_timeout": 2000
    }
  ],
  "meta": {
    "mocha": {
      "version": "7.0.1"
    },
    "mochawesome": {
      "options": {
        "quiet": false,
        "reportFilename": "mochawesome",
        "saveHtml": false,
        "saveJson": true,
        "consoleReporter": "spec",
        "useInlineDiffs": false
      },
      "version": "4.1.0"
    },
    "marge": {
      "options": {
        "id": "default",
        "reportDir": "cypress/reports",
        "overwrite": true,
        "html": false,
        "json": true
      },
      "version": "4.1.0"
    }
  }
}