{
  "stats": {
    "suites": 12,
    "tests": 41,
    "passes": 23,
    "pending": 0,
    "failures": 18,
    "start": "2021-09-14T18:47:01.043Z",
    "end": "2021-09-14T18:48:44.097Z",
    "duration": 103054,
    "testsRegistered": 41,
    "passPercent": 56.09756097560976,
    "pendingPercent": 0,
    "other": 0,
    "hasOther": false,
    "skipped": 0,
    "hasSkipped": false
  },
  "results": [
    {
      "uuid": "4e80488f-d2b8-4b32-a619-388a1e427aca",
      "title": "",
      "fullFile": "cypress/integration/project.spec.js",
      "file": "cypress/integration/project.spec.js",
      "beforeHooks": [],
      "afterHooks": [],
      "tests": [],
      "suites": [
        {
          "uuid": "b1da3005-4d43-4da8-9469-97fc45d9bc9a",
          "title": "1 - Adicione à página o título \"Paleta de Cores\".",
          "fullFile": "",
          "file": "",
          "beforeHooks": [],
          "afterHooks": [],
          "tests": [
            {
              "title": "Verifica se contém um elemento `h1` com o id `title` com o título correto",
              "fullTitle": "1 - Adicione à página o título \"Paleta de Cores\". Verifica se contém um elemento `h1` com o id `title` com o título correto",
              "timedOut": null,
              "duration": 519,
              "state": "passed",
              "speed": "slow",
              "pass": true,
              "fail": false,
              "pending": false,
              "context": null,
              "code": "cy.get('h1#title').should('contain.text', 'Paleta de Cores');",
              "err": {},
              "uuid": "f27732a5-b30b-4155-a5e4-33702e43cffb",
              "parentUUID": "b1da3005-4d43-4da8-9469-97fc45d9bc9a",
              "isHook": false,
              "skipped": false
            }
          ],
          "suites": [],
          "passes": [
            "f27732a5-b30b-4155-a5e4-33702e43cffb"
          ],
          "failures": [],
          "pending": [],
          "skipped": [],
          "duration": 519,
          "root": false,
          "rootEmpty": false,
          "_timeout": 2000
        },
        {
          "uuid": "b747bfde-9eb4-454a-ab9a-8798c010538c",
          "title": "2 - Adicione à página uma paleta de quatro cores distintas.",
          "fullFile": "",
          "file": "",
          "beforeHooks": [],
          "afterHooks": [],
          "tests": [
            {
              "title": "A paleta de cores deve ser um elemento com `id` denominado `color-palette`",
              "fullTitle": "2 - Adicione à página uma paleta de quatro cores distintas. A paleta de cores deve ser um elemento com `id` denominado `color-palette`",
              "timedOut": null,
              "duration": 277,
              "state": "passed",
              "speed": "slow",
              "pass": true,
              "fail": false,
              "pending": false,
              "context": null,
              "code": "cy.get('#color-palette').should('be.visible');\ncy.get('#color-palette').children('.color');",
              "err": {},
              "uuid": "74a63b97-fc6a-4965-b9a6-e38259866852",
              "parentUUID": "b747bfde-9eb4-454a-ab9a-8798c010538c",
              "isHook": false,
              "skipped": false
            },
            {
              "title": "Verifica se cada cor individual da paleta de cores possui a `classe` chamada `color`.",
              "fullTitle": "2 - Adicione à página uma paleta de quatro cores distintas. Verifica se cada cor individual da paleta de cores possui a `classe` chamada `color`.",
              "timedOut": null,
              "duration": 224,
              "state": "passed",
              "speed": "slow",
              "pass": true,
              "fail": false,
              "pending": false,
              "context": null,
              "code": "cy.get('.color').should('have.length', 4).then(function (colors) {\n  for (var i = 0; i < colors.length; i++) {\n    cy.wrap(colors[i]).should('be.visible');\n  }\n});",
              "err": {},
              "uuid": "cab2b82e-c06d-4ff5-9a19-6e17406b8a3d",
              "parentUUID": "b747bfde-9eb4-454a-ab9a-8798c010538c",
              "isHook": false,
              "skipped": false
            },
            {
              "title": "Verifica se a cor de fundo de cada elemento da paleta é a cor que o elemento representa. **A única cor não permitida na paleta é a cor branca.**",
              "fullTitle": "2 - Adicione à página uma paleta de quatro cores distintas. Verifica se a cor de fundo de cada elemento da paleta é a cor que o elemento representa. **A única cor não permitida na paleta é a cor branca.**",
              "timedOut": null,
              "duration": 196,
              "state": "passed",
              "speed": "slow",
              "pass": true,
              "fail": false,
              "pending": false,
              "context": null,
              "code": "cy.get('.color').each(function (color) {\n  cy.wrap(color).should('have.class', 'color').and('not.have.css', 'background-color', WHITE);\n  cy.wrap(color).should('have.css', 'background-color');\n});",
              "err": {},
              "uuid": "cc3c7884-2195-41f0-8f27-445037bcc820",
              "parentUUID": "b747bfde-9eb4-454a-ab9a-8798c010538c",
              "isHook": false,
              "skipped": false
            },
            {
              "title": "Verifica se cada elemento da paleta de cores tem uma borda preta, sólida e com 1 pixel de largura;",
              "fullTitle": "2 - Adicione à página uma paleta de quatro cores distintas. Verifica se cada elemento da paleta de cores tem uma borda preta, sólida e com 1 pixel de largura;",
              "timedOut": null,
              "duration": 160,
              "state": "passed",
              "speed": "slow",
              "pass": true,
              "fail": false,
              "pending": false,
              "context": null,
              "code": "cy.get('.color').each(function (color) {\n  cy.wrap(color).and('have.css', 'border', \"1px solid \".concat(BLACK)).and('have.class', 'color');\n});",
              "err": {},
              "uuid": "771d0d2a-32da-4780-8425-81849d96e1ca",
              "parentUUID": "b747bfde-9eb4-454a-ab9a-8798c010538c",
              "isHook": false,
              "skipped": false
            },
            {
              "title": "Verifica se a paleta lista todas as cores disponíveis para utilização, lado a lado.",
              "fullTitle": "2 - Adicione à página uma paleta de quatro cores distintas. Verifica se a paleta lista todas as cores disponíveis para utilização, lado a lado.",
              "timedOut": null,
              "duration": 136,
              "state": "passed",
              "speed": "slow",
              "pass": true,
              "fail": false,
              "pending": false,
              "context": null,
              "code": "cy.get('.color').then(function (colors) {\n  for (var index = 1; index < colors.length; index += 1) {\n    var currentColor = colors[index];\n    var previousColor = colors[index - 1];\n    cy.wrap(currentColor).should('be.onTheRightOf', previousColor).and('be.horizontallyAlignedWith', previousColor);\n  }\n});",
              "err": {},
              "uuid": "783d82eb-d7e1-466f-bddd-ae7524f96357",
              "parentUUID": "b747bfde-9eb4-454a-ab9a-8798c010538c",
              "isHook": false,
              "skipped": false
            },
            {
              "title": "Verifica se a paleta de cores está posicionada abaixo do título 'Paleta de Cores'",
              "fullTitle": "2 - Adicione à página uma paleta de quatro cores distintas. Verifica se a paleta de cores está posicionada abaixo do título 'Paleta de Cores'",
              "timedOut": null,
              "duration": 147,
              "state": "passed",
              "speed": "slow",
              "pass": true,
              "fail": false,
              "pending": false,
              "context": null,
              "code": "cy.get('h1#title').then(function (title) {\n  cy.get('#color-palette').should('be.belowOf', title);\n});",
              "err": {},
              "uuid": "188e3120-680e-48a5-98e6-8c4ed4a56da5",
              "parentUUID": "b747bfde-9eb4-454a-ab9a-8798c010538c",
              "isHook": false,
              "skipped": false
            },
            {
              "title": "Verifica se a paleta de cores não contém cores repetidas.",
              "fullTitle": "2 - Adicione à página uma paleta de quatro cores distintas. Verifica se a paleta de cores não contém cores repetidas.",
              "timedOut": null,
              "duration": 183,
              "state": "passed",
              "speed": "slow",
              "pass": true,
              "fail": false,
              "pending": false,
              "context": null,
              "code": "cy.get('.color').then(function (colors) {\n  var allColors = Array.from(colors).map(function (color) {\n    return Cypress.$(color).css('background-color');\n  });\n  cy.log(allColors);\n  var uniqColors = (0, _toConsumableArray2[\"default\"])(new Set(allColors));\n  cy.log(uniqColors);\n  expect(allColors.length).to.eq(uniqColors.length);\n});",
              "err": {},
              "uuid": "6fc35711-8b90-4595-a9ac-1585c7db0a1e",
              "parentUUID": "b747bfde-9eb4-454a-ab9a-8798c010538c",
              "isHook": false,
              "skipped": false
            }
          ],
          "suites": [],
          "passes": [
            "74a63b97-fc6a-4965-b9a6-e38259866852",
            "cab2b82e-c06d-4ff5-9a19-6e17406b8a3d",
            "cc3c7884-2195-41f0-8f27-445037bcc820",
            "771d0d2a-32da-4780-8425-81849d96e1ca",
            "783d82eb-d7e1-466f-bddd-ae7524f96357",
            "188e3120-680e-48a5-98e6-8c4ed4a56da5",
            "6fc35711-8b90-4595-a9ac-1585c7db0a1e"
          ],
          "failures": [],
          "pending": [],
          "skipped": [],
          "duration": 1323,
          "root": false,
          "rootEmpty": false,
          "_timeout": 2000
        },
        {
          "uuid": "f5988749-6236-44e5-91eb-bfe86221b527",
          "title": "3 - Adicione a cor **preta** como a primeira cor da paleta de cores.",
          "fullFile": "",
          "file": "",
          "beforeHooks": [],
          "afterHooks": [],
          "tests": [
            {
              "title": "Verifica se a primeira cor da paleta é preta",
              "fullTitle": "3 - Adicione a cor **preta** como a primeira cor da paleta de cores. Verifica se a primeira cor da paleta é preta",
              "timedOut": null,
              "duration": 174,
              "state": "passed",
              "speed": "slow",
              "pass": true,
              "fail": false,
              "pending": false,
              "context": null,
              "code": "cy.get('.color').first().should('have.css', 'background-color', BLACK);",
              "err": {},
              "uuid": "d574ebc9-ce07-4aba-8074-c6180f6e8cbd",
              "parentUUID": "f5988749-6236-44e5-91eb-bfe86221b527",
              "isHook": false,
              "skipped": false
            },
            {
              "title": "Verifica se as demais cores podem ser escolhidas livremente.",
              "fullTitle": "3 - Adicione a cor **preta** como a primeira cor da paleta de cores. Verifica se as demais cores podem ser escolhidas livremente.",
              "timedOut": null,
              "duration": 246,
              "state": "passed",
              "speed": "slow",
              "pass": true,
              "fail": false,
              "pending": false,
              "context": null,
              "code": "cy.get('.color').eq(1).should('not.have.css', 'background-color', BLACK);\ncy.get('.color').eq(1).should('not.have.css', 'background-color', WHITE);\ncy.get('.color').eq(1).should('not.have.css', 'background-color', 'rgba(0, 0, 0, 0)');\ncy.get('.color').eq(1).should('have.css', 'background-color');\ncy.get('.color').eq(2).should('not.have.css', 'background-color', BLACK);\ncy.get('.color').eq(2).should('not.have.css', 'background-color', WHITE);\ncy.get('.color').eq(2).should('not.have.css', 'background-color', 'rgba(0, 0, 0, 0)');\ncy.get('.color').eq(2).should('have.css', 'background-color');\ncy.get('.color').eq(3).should('not.have.css', 'background-color', BLACK);\ncy.get('.color').eq(3).should('not.have.css', 'background-color', WHITE);\ncy.get('.color').eq(3).should('not.have.css', 'background-color', 'rgba(0, 0, 0, 0)');\ncy.get('.color').eq(3).should('have.css', 'background-color');",
              "err": {},
              "uuid": "27ad791c-06dc-429f-84a7-91d66ab678a9",
              "parentUUID": "f5988749-6236-44e5-91eb-bfe86221b527",
              "isHook": false,
              "skipped": false
            }
          ],
          "suites": [],
          "passes": [
            "d574ebc9-ce07-4aba-8074-c6180f6e8cbd",
            "27ad791c-06dc-429f-84a7-91d66ab678a9"
          ],
          "failures": [],
          "pending": [],
          "skipped": [],
          "duration": 420,
          "root": false,
          "rootEmpty": false,
          "_timeout": 2000
        },
        {
          "uuid": "3d45f82c-9180-41ea-90e9-e559c8f040f8",
          "title": "4 - Adicione à página um quadro de pixels, com 25 pixels.",
          "fullFile": "",
          "file": "",
          "beforeHooks": [],
          "afterHooks": [],
          "tests": [
            {
              "title": "Verifica se o quadro de pixels possui o `id` denominado `pixel-board`",
              "fullTitle": "4 - Adicione à página um quadro de pixels, com 25 pixels. Verifica se o quadro de pixels possui o `id` denominado `pixel-board`",
              "timedOut": null,
              "duration": 176,
              "state": "passed",
              "speed": "slow",
              "pass": true,
              "fail": false,
              "pending": false,
              "context": null,
              "code": "cy.get('#pixel-board').should('be.visible');",
              "err": {},
              "uuid": "17708e4a-05a5-4a89-8e3b-78737cd18483",
              "parentUUID": "3d45f82c-9180-41ea-90e9-e559c8f040f8",
              "isHook": false,
              "skipped": false
            },
            {
              "title": "Verifica se cada pixel individual dentro do quadro possui a `classe` denominada `pixel`.",
              "fullTitle": "4 - Adicione à página um quadro de pixels, com 25 pixels. Verifica se cada pixel individual dentro do quadro possui a `classe` denominada `pixel`.",
              "timedOut": null,
              "duration": 159,
              "state": "passed",
              "speed": "slow",
              "pass": true,
              "fail": false,
              "pending": false,
              "context": null,
              "code": "cy.get('.pixel').should('have.length', 25);",
              "err": {},
              "uuid": "db6ddebd-e202-462f-aeb5-3f525024f964",
              "parentUUID": "3d45f82c-9180-41ea-90e9-e559c8f040f8",
              "isHook": false,
              "skipped": false
            },
            {
              "title": "Verifica se a cor inicial dos pixels dentro do quadro, ao abrir a página, é branca.",
              "fullTitle": "4 - Adicione à página um quadro de pixels, com 25 pixels. Verifica se a cor inicial dos pixels dentro do quadro, ao abrir a página, é branca.",
              "timedOut": null,
              "duration": 237,
              "state": "passed",
              "speed": "slow",
              "pass": true,
              "fail": false,
              "pending": false,
              "context": null,
              "code": "cy.get('.pixel').should('have.length', 25).each(function (pixel) {\n  expect(pixel).to.have.css('background-color', WHITE);\n});",
              "err": {},
              "uuid": "d438b0b7-6409-4300-b3c8-01a67ebd5452",
              "parentUUID": "3d45f82c-9180-41ea-90e9-e559c8f040f8",
              "isHook": false,
              "skipped": false
            },
            {
              "title": "Verifica se o quadro de pixels aparece abaixo da paleta de cores",
              "fullTitle": "4 - Adicione à página um quadro de pixels, com 25 pixels. Verifica se o quadro de pixels aparece abaixo da paleta de cores",
              "timedOut": null,
              "duration": 158,
              "state": "passed",
              "speed": "slow",
              "pass": true,
              "fail": false,
              "pending": false,
              "context": null,
              "code": "cy.get('#color-palette').then(function (palette) {\n  cy.get('#pixel-board').should('be.belowOf', palette);\n});",
              "err": {},
              "uuid": "b9b4975f-6921-452c-9abd-87167d258f90",
              "parentUUID": "3d45f82c-9180-41ea-90e9-e559c8f040f8",
              "isHook": false,
              "skipped": false
            }
          ],
          "suites": [],
          "passes": [
            "17708e4a-05a5-4a89-8e3b-78737cd18483",
            "db6ddebd-e202-462f-aeb5-3f525024f964",
            "d438b0b7-6409-4300-b3c8-01a67ebd5452",
            "b9b4975f-6921-452c-9abd-87167d258f90"
          ],
          "failures": [],
          "pending": [],
          "skipped": [],
          "duration": 730,
          "root": false,
          "rootEmpty": false,
          "_timeout": 2000
        },
        {
          "uuid": "3005b39a-ffd5-476c-873a-a420ec68abf8",
          "title": "5 - Faça com que cada elemento do quadro de pixels possua 40 pixels de largura, 40 pixels de altura e seja delimitado por uma borda preta de 1 pixel.",
          "fullFile": "",
          "file": "",
          "beforeHooks": [],
          "afterHooks": [],
          "tests": [
            {
              "title": "Verifica se o quadro de pixels tem altura e comprimento de 5 elementos",
              "fullTitle": "5 - Faça com que cada elemento do quadro de pixels possua 40 pixels de largura, 40 pixels de altura e seja delimitado por uma borda preta de 1 pixel. Verifica se o quadro de pixels tem altura e comprimento de 5 elementos",
              "timedOut": null,
              "duration": 375,
              "state": "passed",
              "speed": "slow",
              "pass": true,
              "fail": false,
              "pending": false,
              "context": null,
              "code": "cy.get('.pixel').should('have.length', 25).each(function (pixel) {\n  expect(pixel).to.have.css('background-color', WHITE);\n}).and(function (pixels) {\n  var rows = chunk(pixels, 5);\n  rows.forEach(function (row) {\n    for (var index = 1; index < row.length; index += 1) {\n      var current = pixels[index];\n      var previous = pixels[index - 1];\n      cy.wrap(current).should('be.onTheRightOf', previous).and('be.horizontallyAlignedWith', previous);\n    }\n  });\n  for (var index = 1; index < 5; index += 1) {\n    expect(pixels[index * 5]).to.be.belowOf(pixels[(index - 1) * 5]);\n  }\n});",
              "err": {},
              "uuid": "4a14cded-a911-4494-86ee-f06edd4d78e0",
              "parentUUID": "3005b39a-ffd5-476c-873a-a420ec68abf8",
              "isHook": false,
              "skipped": false
            },
            {
              "title": "Verifica se 40 pixels é o tamanho total do elemento, incluindo seu conteúdo e excluindo a borda preta, que deve ser criada à parte.",
              "fullTitle": "5 - Faça com que cada elemento do quadro de pixels possua 40 pixels de largura, 40 pixels de altura e seja delimitado por uma borda preta de 1 pixel. Verifica se 40 pixels é o tamanho total do elemento, incluindo seu conteúdo e excluindo a borda preta, que deve ser criada à parte.",
              "timedOut": null,
              "duration": 340,
              "state": "passed",
              "speed": "slow",
              "pass": true,
              "fail": false,
              "pending": false,
              "context": null,
              "code": "cy.get('.pixel').each(function (pixel) {\n  cy.wrap(pixel).should('have.css', 'height', '40px').and('have.css', 'width', '40px').and('have.css', 'border', \"1px solid \".concat(BLACK));\n});",
              "err": {},
              "uuid": "fbe3883a-a133-45a7-a107-f560bce17745",
              "parentUUID": "3005b39a-ffd5-476c-873a-a420ec68abf8",
              "isHook": false,
              "skipped": false
            }
          ],
          "suites": [],
          "passes": [
            "4a14cded-a911-4494-86ee-f06edd4d78e0",
            "fbe3883a-a133-45a7-a107-f560bce17745"
          ],
          "failures": [],
          "pending": [],
          "skipped": [],
          "duration": 715,
          "root": false,
          "rootEmpty": false,
          "_timeout": 2000
        },
        {
          "uuid": "a91f9512-5b40-4993-9231-192c97e1c0e3",
          "title": "6 - Defina a cor preta como cor inicial. Ao carregar a página a cor preta já deve estar selecionada para pintar os pixels",
          "fullFile": "",
          "file": "",
          "beforeHooks": [],
          "afterHooks": [],
          "tests": [
            {
              "title": "Verifica se o elemento da cor preta possui, inicialmente, a `classe` `selected`",
              "fullTitle": "6 - Defina a cor preta como cor inicial. Ao carregar a página a cor preta já deve estar selecionada para pintar os pixels Verifica se o elemento da cor preta possui, inicialmente, a `classe` `selected`",
              "timedOut": null,
              "duration": 184,
              "state": "passed",
              "speed": "slow",
              "pass": true,
              "fail": false,
              "pending": false,
              "context": null,
              "code": "cy.get('.selected').first().should('have.css', 'background-color', BLACK);",
              "err": {},
              "uuid": "03aed8a5-9a32-44e9-adde-055e391ff5a4",
              "parentUUID": "a91f9512-5b40-4993-9231-192c97e1c0e3",
              "isHook": false,
              "skipped": false
            },
            {
              "title": "Verifica se nenhuma outra cor da paleta tem a `classe` `selected`",
              "fullTitle": "6 - Defina a cor preta como cor inicial. Ao carregar a página a cor preta já deve estar selecionada para pintar os pixels Verifica se nenhuma outra cor da paleta tem a `classe` `selected`",
              "timedOut": null,
              "duration": 119,
              "state": "passed",
              "speed": "slow",
              "pass": true,
              "fail": false,
              "pending": false,
              "context": null,
              "code": "cy.get('.color:not(:first-child)').each(function (color) {\n  cy.wrap(color).should('not.have.class', 'selected');\n});",
              "err": {},
              "uuid": "7dbff983-1ef1-4c52-9a6f-1c3a0bd82a00",
              "parentUUID": "a91f9512-5b40-4993-9231-192c97e1c0e3",
              "isHook": false,
              "skipped": false
            }
          ],
          "suites": [],
          "passes": [
            "03aed8a5-9a32-44e9-adde-055e391ff5a4",
            "7dbff983-1ef1-4c52-9a6f-1c3a0bd82a00"
          ],
          "failures": [],
          "pending": [],
          "skipped": [],
          "duration": 303,
          "root": false,
          "rootEmpty": false,
          "_timeout": 2000
        },
        {
          "uuid": "4384730d-52f9-46ce-a2a5-b4d0628fb86f",
          "title": "7 - Clicar em uma das cores da paleta, faz com que ela seja selecionada e utilizada para preencher os pixels no quadro.",
          "fullFile": "",
          "file": "",
          "beforeHooks": [],
          "afterHooks": [],
          "tests": [
            {
              "title": "Verifica se somente uma cor da paleta de cores tem a classe `selected` de cada vez",
              "fullTitle": "7 - Clicar em uma das cores da paleta, faz com que ela seja selecionada e utilizada para preencher os pixels no quadro. Verifica se somente uma cor da paleta de cores tem a classe `selected` de cada vez",
              "timedOut": null,
              "duration": 528,
              "state": "passed",
              "speed": "slow",
              "pass": true,
              "fail": false,
              "pending": false,
              "context": null,
              "code": "cy.get('.color').each(function (selectedColor, selectedColorIndex) {\n  cy.wrap(selectedColor).click();\n  cy.get('.color').each(function (color, colorIndex) {\n    if (colorIndex === selectedColorIndex) {\n      expect(color).to.have[\"class\"]('selected');\n    } else {\n      expect(color).not.to.have[\"class\"]('selected');\n    }\n  });\n});",
              "err": {},
              "uuid": "4a53712b-6ee0-4717-adc2-dbe7ec7a07f3",
              "parentUUID": "4384730d-52f9-46ce-a2a5-b4d0628fb86f",
              "isHook": false,
              "skipped": false
            },
            {
              "title": "Verifica se os pixels dentro do quadro não têm a classe `selected` quando são clicados",
              "fullTitle": "7 - Clicar em uma das cores da paleta, faz com que ela seja selecionada e utilizada para preencher os pixels no quadro. Verifica se os pixels dentro do quadro não têm a classe `selected` quando são clicados",
              "timedOut": null,
              "duration": 9068,
              "state": "passed",
              "speed": "slow",
              "pass": true,
              "fail": false,
              "pending": false,
              "context": null,
              "code": "cy.get('.color').each(function (color) {\n  var backgroundColor = color.css('background-color');\n  cy.wrap(color).click();\n  cy.get('.pixel').each(function (pixel) {\n    cy.wrap(pixel).click().should('not.have.class', 'selected');\n  });\n});",
              "err": {},
              "uuid": "db818d4e-3f4f-40a7-a746-1d1b7f76dac0",
              "parentUUID": "4384730d-52f9-46ce-a2a5-b4d0628fb86f",
              "isHook": false,
              "skipped": false
            }
          ],
          "suites": [],
          "passes": [
            "4a53712b-6ee0-4717-adc2-dbe7ec7a07f3",
            "db818d4e-3f4f-40a7-a746-1d1b7f76dac0"
          ],
          "failures": [],
          "pending": [],
          "skipped": [],
          "duration": 9596,
          "root": false,
          "rootEmpty": false,
          "_timeout": 2000
        },
        {
          "uuid": "c6f64cc9-c3e9-4625-ab2f-e1995b36336b",
          "title": "8 - Clicar em um pixel dentro do quadro após selecionar uma cor na paleta, faz com que o pixel seja preenchido com a cor selecionada.",
          "fullFile": "",
          "file": "",
          "beforeHooks": [],
          "afterHooks": [],
          "tests": [
            {
              "title": "Verifica se ao carregar a página deve ser possível pintar os pixels de preto",
              "fullTitle": "8 - Clicar em um pixel dentro do quadro após selecionar uma cor na paleta, faz com que o pixel seja preenchido com a cor selecionada. Verifica se ao carregar a página deve ser possível pintar os pixels de preto",
              "timedOut": null,
              "duration": 2367,
              "state": "passed",
              "speed": "slow",
              "pass": true,
              "fail": false,
              "pending": false,
              "context": null,
              "code": "cy.get('.pixel').each(function (pixel) {\n  cy.wrap(pixel).click().should('have.css', 'background-color', BLACK);\n});",
              "err": {},
              "uuid": "7fbb4a89-9a34-45f0-a7fe-c3363fe74ba4",
              "parentUUID": "c6f64cc9-c3e9-4625-ab2f-e1995b36336b",
              "isHook": false,
              "skipped": false
            },
            {
              "title": "Verifica se após selecionar uma outra cor na paleta, é possível pintar os pixels com essa cor",
              "fullTitle": "8 - Clicar em um pixel dentro do quadro após selecionar uma cor na paleta, faz com que o pixel seja preenchido com a cor selecionada. Verifica se após selecionar uma outra cor na paleta, é possível pintar os pixels com essa cor",
              "timedOut": null,
              "duration": 9060,
              "state": "passed",
              "speed": "slow",
              "pass": true,
              "fail": false,
              "pending": false,
              "context": null,
              "code": "cy.get('.color').each(function (color) {\n  var backgroundColor = color.css('background-color');\n  cy.wrap(color).click();\n  cy.get('.pixel').each(function (pixel) {\n    cy.wrap(pixel).click().should('have.css', 'background-color', backgroundColor);\n  });\n});",
              "err": {},
              "uuid": "dbeed111-6422-4328-9ef7-3d8d96408eb1",
              "parentUUID": "c6f64cc9-c3e9-4625-ab2f-e1995b36336b",
              "isHook": false,
              "skipped": false
            },
            {
              "title": "Verifica se somente o pixel que foi clicado foi preenchido com a cor selecionada, sem influenciar na cor dos demais pixels.",
              "fullTitle": "8 - Clicar em um pixel dentro do quadro após selecionar uma cor na paleta, faz com que o pixel seja preenchido com a cor selecionada. Verifica se somente o pixel que foi clicado foi preenchido com a cor selecionada, sem influenciar na cor dos demais pixels.",
              "timedOut": null,
              "duration": 1595,
              "state": "passed",
              "speed": "slow",
              "pass": true,
              "fail": false,
              "pending": false,
              "context": null,
              "code": "var colorToPixelIndexMap = {\n  0: 6,\n  1: 8,\n  2: 16,\n  3: 18\n};\ncy.get('.color').each(function (color, index) {\n  cy.wrap(color).click();\n  var backgroundColor = color.css('background-color');\n  var clickedPixelIndex = colorToPixelIndexMap[index];\n  cy.get('.pixel').eq(clickedPixelIndex).click();\n  cy.get('.pixel').eq(clickedPixelIndex - 1).should('not.have.css', 'background-color', backgroundColor);\n  cy.get('.pixel').eq(clickedPixelIndex + 1).should('not.have.css', 'background-color', backgroundColor);\n  cy.get('.pixel').eq(clickedPixelIndex - 5).should('not.have.css', 'background-color', backgroundColor);\n  cy.get('.pixel').eq(clickedPixelIndex + 5).should('not.have.css', 'background-color', backgroundColor);\n  cy.get('.pixel').eq(clickedPixelIndex - 6).should('not.have.css', 'background-color', backgroundColor);\n  cy.get('.pixel').eq(clickedPixelIndex - 4).should('not.have.css', 'background-color', backgroundColor);\n  cy.get('.pixel').eq(clickedPixelIndex + 4).should('not.have.css', 'background-color', backgroundColor);\n  cy.get('.pixel').eq(clickedPixelIndex + 6).should('not.have.css', 'background-color', backgroundColor);\n});",
              "err": {},
              "uuid": "520c685d-fcd3-4c31-aea9-21e2a826b2a1",
              "parentUUID": "c6f64cc9-c3e9-4625-ab2f-e1995b36336b",
              "isHook": false,
              "skipped": false
            }
          ],
          "suites": [],
          "passes": [
            "7fbb4a89-9a34-45f0-a7fe-c3363fe74ba4",
            "dbeed111-6422-4328-9ef7-3d8d96408eb1",
            "520c685d-fcd3-4c31-aea9-21e2a826b2a1"
          ],
          "failures": [],
          "pending": [],
          "skipped": [],
          "duration": 13022,
          "root": false,
          "rootEmpty": false,
          "_timeout": 2000
        },
        {
          "uuid": "cfc7f141-2a38-4383-b755-55dcb07f6eb3",
          "title": "9 - Crie um botão que, ao ser clicado, limpa o quadro preenchendo a cor de todos seus pixels com branco.",
          "fullFile": "",
          "file": "",
          "beforeHooks": [],
          "afterHooks": [],
          "tests": [
            {
              "title": "Verifica se o botão tem o `id` denominado `clear-board`",
              "fullTitle": "9 - Crie um botão que, ao ser clicado, limpa o quadro preenchendo a cor de todos seus pixels com branco. Verifica se o botão tem o `id` denominado `clear-board`",
              "timedOut": null,
              "duration": 4420,
              "state": "failed",
              "speed": null,
              "pass": false,
              "fail": true,
              "pending": false,
              "context": null,
              "code": "cy.get('#clear-board').should('be.visible');",
              "err": {
                "message": "CypressError: Timed out retrying: Expected to find element: '#clear-board', but never found it.",
                "estack": "CypressError: Timed out retrying: Expected to find element: '#clear-board', but never found it.\n    at cypressErr (http://localhost:41519/__cypress/runner/cypress_runner.js:149934:9)\n    at throwErr (http://localhost:41519/__cypress/runner/cypress_runner.js:149867:11)\n    at Object.throwErrByPath (http://localhost:41519/__cypress/runner/cypress_runner.js:149915:3)\n    at retry (http://localhost:41519/__cypress/runner/cypress_runner.js:144197:19)\n    at onFailFn (http://localhost:41519/__cypress/runner/cypress_runner.js:132448:16)\n    at tryCatcher (http://localhost:41519/__cypress/runner/cypress_runner.js:167415:23)\n    at Promise._settlePromiseFromHandler (http://localhost:41519/__cypress/runner/cypress_runner.js:165351:31)\n    at Promise._settlePromise (http://localhost:41519/__cypress/runner/cypress_runner.js:165408:18)\n    at Promise._settlePromise0 (http://localhost:41519/__cypress/runner/cypress_runner.js:165453:10)\n    at Promise._settlePromises (http://localhost:41519/__cypress/runner/cypress_runner.js:165528:18)\n    at Async../node_modules/bluebird/js/release/async.js.Async._drainQueue (http://localhost:41519/__cypress/runner/cypress_runner.js:162140:16)\n    at Async../node_modules/bluebird/js/release/async.js.Async._drainQueues (http://localhost:41519/__cypress/runner/cypress_runner.js:162150:10)\n    at Async.drainQueues (http://localhost:41519/__cypress/runner/cypress_runner.js:162024:14)",
                "diff": null
              },
              "uuid": "54b0efa0-dabb-4db7-ba9f-c71ac09bdf62",
              "parentUUID": "cfc7f141-2a38-4383-b755-55dcb07f6eb3",
              "isHook": false,
              "skipped": false
            },
            {
              "title": "Verifica se o botão está posicionado entre a paleta de cores e o quadro de pixels",
              "fullTitle": "9 - Crie um botão que, ao ser clicado, limpa o quadro preenchendo a cor de todos seus pixels com branco. Verifica se o botão está posicionado entre a paleta de cores e o quadro de pixels",
              "timedOut": null,
              "duration": 4388,
              "state": "failed",
              "speed": null,
              "pass": false,
              "fail": true,
              "pending": false,
              "context": null,
              "code": "cy.get('#color-palette').then(function (palette) {\n  cy.get('#clear-board').should('be.belowOf', palette);\n});\ncy.get('#clear-board').then(function (clearBtn) {\n  cy.get('#pixel-board').should('be.belowOf', clearBtn);\n});",
              "err": {
                "message": "CypressError: Timed out retrying: Expected to find element: '#clear-board', but never found it.",
                "estack": "CypressError: Timed out retrying: Expected to find element: '#clear-board', but never found it.\n    at cypressErr (http://localhost:41519/__cypress/runner/cypress_runner.js:149934:9)\n    at throwErr (http://localhost:41519/__cypress/runner/cypress_runner.js:149867:11)\n    at Object.throwErrByPath (http://localhost:41519/__cypress/runner/cypress_runner.js:149915:3)\n    at retry (http://localhost:41519/__cypress/runner/cypress_runner.js:144197:19)\n    at onFailFn (http://localhost:41519/__cypress/runner/cypress_runner.js:132448:16)\n    at tryCatcher (http://localhost:41519/__cypress/runner/cypress_runner.js:167415:23)\n    at Promise._settlePromiseFromHandler (http://localhost:41519/__cypress/runner/cypress_runner.js:165351:31)\n    at Promise._settlePromise (http://localhost:41519/__cypress/runner/cypress_runner.js:165408:18)\n    at Promise._settlePromise0 (http://localhost:41519/__cypress/runner/cypress_runner.js:165453:10)\n    at Promise._settlePromises (http://localhost:41519/__cypress/runner/cypress_runner.js:165528:18)\n    at Async../node_modules/bluebird/js/release/async.js.Async._drainQueue (http://localhost:41519/__cypress/runner/cypress_runner.js:162140:16)\n    at Async../node_modules/bluebird/js/release/async.js.Async._drainQueues (http://localhost:41519/__cypress/runner/cypress_runner.js:162150:10)\n    at Async.drainQueues (http://localhost:41519/__cypress/runner/cypress_runner.js:162024:14)",
                "diff": null
              },
              "uuid": "ee2aeff1-8ac1-41d9-a094-d650ef3e7db2",
              "parentUUID": "cfc7f141-2a38-4383-b755-55dcb07f6eb3",
              "isHook": false,
              "skipped": false
            },
            {
              "title": "Verifica se o texto do botão é 'Limpar'",
              "fullTitle": "9 - Crie um botão que, ao ser clicado, limpa o quadro preenchendo a cor de todos seus pixels com branco. Verifica se o texto do botão é 'Limpar'",
              "timedOut": null,
              "duration": 4428,
              "state": "failed",
              "speed": null,
              "pass": false,
              "fail": true,
              "pending": false,
              "context": null,
              "code": "cy.get('#clear-board').should('contain.text', 'Limpar');",
              "err": {
                "message": "CypressError: Timed out retrying: Expected to find element: '#clear-board', but never found it.",
                "estack": "CypressError: Timed out retrying: Expected to find element: '#clear-board', but never found it.\n    at cypressErr (http://localhost:41519/__cypress/runner/cypress_runner.js:149934:9)\n    at throwErr (http://localhost:41519/__cypress/runner/cypress_runner.js:149867:11)\n    at Object.throwErrByPath (http://localhost:41519/__cypress/runner/cypress_runner.js:149915:3)\n    at retry (http://localhost:41519/__cypress/runner/cypress_runner.js:144197:19)\n    at onFailFn (http://localhost:41519/__cypress/runner/cypress_runner.js:132448:16)\n    at tryCatcher (http://localhost:41519/__cypress/runner/cypress_runner.js:167415:23)\n    at Promise._settlePromiseFromHandler (http://localhost:41519/__cypress/runner/cypress_runner.js:165351:31)\n    at Promise._settlePromise (http://localhost:41519/__cypress/runner/cypress_runner.js:165408:18)\n    at Promise._settlePromise0 (http://localhost:41519/__cypress/runner/cypress_runner.js:165453:10)\n    at Promise._settlePromises (http://localhost:41519/__cypress/runner/cypress_runner.js:165528:18)\n    at Async../node_modules/bluebird/js/release/async.js.Async._drainQueue (http://localhost:41519/__cypress/runner/cypress_runner.js:162140:16)\n    at Async../node_modules/bluebird/js/release/async.js.Async._drainQueues (http://localhost:41519/__cypress/runner/cypress_runner.js:162150:10)\n    at Async.drainQueues (http://localhost:41519/__cypress/runner/cypress_runner.js:162024:14)",
                "diff": null
              },
              "uuid": "a5542a32-17aa-4cdb-b66e-5febf305849c",
              "parentUUID": "cfc7f141-2a38-4383-b755-55dcb07f6eb3",
              "isHook": false,
              "skipped": false
            },
            {
              "title": "Verifica se ao clicar no botão, o quadro de pixels é totalmente preenchido de branco",
              "fullTitle": "9 - Crie um botão que, ao ser clicado, limpa o quadro preenchendo a cor de todos seus pixels com branco. Verifica se ao clicar no botão, o quadro de pixels é totalmente preenchido de branco",
              "timedOut": null,
              "duration": 6663,
              "state": "failed",
              "speed": null,
              "pass": false,
              "fail": true,
              "pending": false,
              "context": null,
              "code": "cy.get('.color').eq(1).then(function (color) {\n  var backgroundColor = color.css('background-color');\n  cy.wrap(color).click();\n  cy.get('.pixel').each(function (pixel) {\n    cy.wrap(pixel).click().should('have.css', 'background-color', backgroundColor);\n  });\n});\ncy.get('#clear-board').click();\ncy.get('.pixel').each(function (pixel) {\n  cy.wrap(pixel).should('have.css', 'background-color', WHITE);\n});",
              "err": {
                "message": "CypressError: Timed out retrying: Expected to find element: '#clear-board', but never found it.",
                "estack": "CypressError: Timed out retrying: Expected to find element: '#clear-board', but never found it.\n    at cypressErr (http://localhost:41519/__cypress/runner/cypress_runner.js:149934:9)\n    at throwErr (http://localhost:41519/__cypress/runner/cypress_runner.js:149867:11)\n    at Object.throwErrByPath (http://localhost:41519/__cypress/runner/cypress_runner.js:149915:3)\n    at retry (http://localhost:41519/__cypress/runner/cypress_runner.js:144197:19)\n    at onFailFn (http://localhost:41519/__cypress/runner/cypress_runner.js:132448:16)\n    at tryCatcher (http://localhost:41519/__cypress/runner/cypress_runner.js:167415:23)\n    at Promise._settlePromiseFromHandler (http://localhost:41519/__cypress/runner/cypress_runner.js:165351:31)\n    at Promise._settlePromise (http://localhost:41519/__cypress/runner/cypress_runner.js:165408:18)\n    at Promise._settlePromise0 (http://localhost:41519/__cypress/runner/cypress_runner.js:165453:10)\n    at Promise._settlePromises (http://localhost:41519/__cypress/runner/cypress_runner.js:165528:18)\n    at Async../node_modules/bluebird/js/release/async.js.Async._drainQueue (http://localhost:41519/__cypress/runner/cypress_runner.js:162140:16)\n    at Async../node_modules/bluebird/js/release/async.js.Async._drainQueues (http://localhost:41519/__cypress/runner/cypress_runner.js:162150:10)\n    at Async.drainQueues (http://localhost:41519/__cypress/runner/cypress_runner.js:162024:14)",
                "diff": null
              },
              "uuid": "a33cf629-2707-402f-918e-e9a3a321b2a6",
              "parentUUID": "cfc7f141-2a38-4383-b755-55dcb07f6eb3",
              "isHook": false,
              "skipped": false
            }
          ],
          "suites": [],
          "passes": [],
          "failures": [
            "54b0efa0-dabb-4db7-ba9f-c71ac09bdf62",
            "ee2aeff1-8ac1-41d9-a094-d650ef3e7db2",
            "a5542a32-17aa-4cdb-b66e-5febf305849c",
            "a33cf629-2707-402f-918e-e9a3a321b2a6"
          ],
          "pending": [],
          "skipped": [],
          "duration": 19899,
          "root": false,
          "rootEmpty": false,
          "_timeout": 2000
        },
        {
          "uuid": "b818a1da-3f53-4775-a284-a3c377a5e398",
          "title": "10 - Faça o quadro de pixels ter seu tamanho definido pelo usuário.",
          "fullFile": "",
          "file": "",
          "beforeHooks": [],
          "afterHooks": [],
          "tests": [
            {
              "title": "Verifica se existe um input com o id `board-size`",
              "fullTitle": "10 - Faça o quadro de pixels ter seu tamanho definido pelo usuário. Verifica se existe um input com o id `board-size`",
              "timedOut": null,
              "duration": 4469,
              "state": "failed",
              "speed": null,
              "pass": false,
              "fail": true,
              "pending": false,
              "context": null,
              "code": "cy.get('#board-size').should('be.visible');",
              "err": {
                "message": "CypressError: Timed out retrying: Expected to find element: '#board-size', but never found it.",
                "estack": "CypressError: Timed out retrying: Expected to find element: '#board-size', but never found it.\n    at cypressErr (http://localhost:41519/__cypress/runner/cypress_runner.js:149934:9)\n    at throwErr (http://localhost:41519/__cypress/runner/cypress_runner.js:149867:11)\n    at Object.throwErrByPath (http://localhost:41519/__cypress/runner/cypress_runner.js:149915:3)\n    at retry (http://localhost:41519/__cypress/runner/cypress_runner.js:144197:19)\n    at onFailFn (http://localhost:41519/__cypress/runner/cypress_runner.js:132448:16)\n    at tryCatcher (http://localhost:41519/__cypress/runner/cypress_runner.js:167415:23)\n    at Promise._settlePromiseFromHandler (http://localhost:41519/__cypress/runner/cypress_runner.js:165351:31)\n    at Promise._settlePromise (http://localhost:41519/__cypress/runner/cypress_runner.js:165408:18)\n    at Promise._settlePromise0 (http://localhost:41519/__cypress/runner/cypress_runner.js:165453:10)\n    at Promise._settlePromises (http://localhost:41519/__cypress/runner/cypress_runner.js:165528:18)\n    at Async../node_modules/bluebird/js/release/async.js.Async._drainQueue (http://localhost:41519/__cypress/runner/cypress_runner.js:162140:16)\n    at Async../node_modules/bluebird/js/release/async.js.Async._drainQueues (http://localhost:41519/__cypress/runner/cypress_runner.js:162150:10)\n    at Async.drainQueues (http://localhost:41519/__cypress/runner/cypress_runner.js:162024:14)",
                "diff": null
              },
              "uuid": "c27ec5fd-be8a-4a90-ba1f-01b0dd8b38f2",
              "parentUUID": "b818a1da-3f53-4775-a284-a3c377a5e398",
              "isHook": false,
              "skipped": false
            },
            {
              "title": "Verifica se existe um botão com o id `generate-board`",
              "fullTitle": "10 - Faça o quadro de pixels ter seu tamanho definido pelo usuário. Verifica se existe um botão com o id `generate-board`",
              "timedOut": null,
              "duration": 4495,
              "state": "failed",
              "speed": null,
              "pass": false,
              "fail": true,
              "pending": false,
              "context": null,
              "code": "cy.get('#generate-board').should('be.visible');",
              "err": {
                "message": "CypressError: Timed out retrying: Expected to find element: '#generate-board', but never found it.",
                "estack": "CypressError: Timed out retrying: Expected to find element: '#generate-board', but never found it.\n    at cypressErr (http://localhost:41519/__cypress/runner/cypress_runner.js:149934:9)\n    at throwErr (http://localhost:41519/__cypress/runner/cypress_runner.js:149867:11)\n    at Object.throwErrByPath (http://localhost:41519/__cypress/runner/cypress_runner.js:149915:3)\n    at retry (http://localhost:41519/__cypress/runner/cypress_runner.js:144197:19)\n    at onFailFn (http://localhost:41519/__cypress/runner/cypress_runner.js:132448:16)\n    at tryCatcher (http://localhost:41519/__cypress/runner/cypress_runner.js:167415:23)\n    at Promise._settlePromiseFromHandler (http://localhost:41519/__cypress/runner/cypress_runner.js:165351:31)\n    at Promise._settlePromise (http://localhost:41519/__cypress/runner/cypress_runner.js:165408:18)\n    at Promise._settlePromise0 (http://localhost:41519/__cypress/runner/cypress_runner.js:165453:10)\n    at Promise._settlePromises (http://localhost:41519/__cypress/runner/cypress_runner.js:165528:18)\n    at Async../node_modules/bluebird/js/release/async.js.Async._drainQueue (http://localhost:41519/__cypress/runner/cypress_runner.js:162140:16)\n    at Async../node_modules/bluebird/js/release/async.js.Async._drainQueues (http://localhost:41519/__cypress/runner/cypress_runner.js:162150:10)\n    at Async.drainQueues (http://localhost:41519/__cypress/runner/cypress_runner.js:162024:14)",
                "diff": null
              },
              "uuid": "0e3a0f94-af36-49ae-a86c-a2cce2802c5a",
              "parentUUID": "b818a1da-3f53-4775-a284-a3c377a5e398",
              "isHook": false,
              "skipped": false
            },
            {
              "title": "Verifica se o input só aceita número maiores que zero. Essa restrição deve ser feita usando os atributos do elemento `input`",
              "fullTitle": "10 - Faça o quadro de pixels ter seu tamanho definido pelo usuário. Verifica se o input só aceita número maiores que zero. Essa restrição deve ser feita usando os atributos do elemento `input`",
              "timedOut": null,
              "duration": 4475,
              "state": "failed",
              "speed": null,
              "pass": false,
              "fail": true,
              "pending": false,
              "context": null,
              "code": "cy.get('#board-size[type=\\'number\\'][min=\\'1\\']');",
              "err": {
                "message": "CypressError: Timed out retrying: Expected to find element: '#board-size[type='number'][min='1']', but never found it.",
                "estack": "CypressError: Timed out retrying: Expected to find element: '#board-size[type='number'][min='1']', but never found it.\n    at cypressErr (http://localhost:41519/__cypress/runner/cypress_runner.js:149934:9)\n    at throwErr (http://localhost:41519/__cypress/runner/cypress_runner.js:149867:11)\n    at Object.throwErrByPath (http://localhost:41519/__cypress/runner/cypress_runner.js:149915:3)\n    at retry (http://localhost:41519/__cypress/runner/cypress_runner.js:144197:19)\n    at onFailFn (http://localhost:41519/__cypress/runner/cypress_runner.js:132448:16)\n    at tryCatcher (http://localhost:41519/__cypress/runner/cypress_runner.js:167415:23)\n    at Promise._settlePromiseFromHandler (http://localhost:41519/__cypress/runner/cypress_runner.js:165351:31)\n    at Promise._settlePromise (http://localhost:41519/__cypress/runner/cypress_runner.js:165408:18)\n    at Promise._settlePromise0 (http://localhost:41519/__cypress/runner/cypress_runner.js:165453:10)\n    at Promise._settlePromises (http://localhost:41519/__cypress/runner/cypress_runner.js:165528:18)\n    at Async../node_modules/bluebird/js/release/async.js.Async._drainQueue (http://localhost:41519/__cypress/runner/cypress_runner.js:162140:16)\n    at Async../node_modules/bluebird/js/release/async.js.Async._drainQueues (http://localhost:41519/__cypress/runner/cypress_runner.js:162150:10)\n    at Async.drainQueues (http://localhost:41519/__cypress/runner/cypress_runner.js:162024:14)",
                "diff": null
              },
              "uuid": "a96a8a35-b2e9-4f8e-a659-3ec50a5c46b4",
              "parentUUID": "b818a1da-3f53-4775-a284-a3c377a5e398",
              "isHook": false,
              "skipped": false
            },
            {
              "title": "Verifica se o botão contém o texto 'VQV'",
              "fullTitle": "10 - Faça o quadro de pixels ter seu tamanho definido pelo usuário. Verifica se o botão contém o texto 'VQV'",
              "timedOut": null,
              "duration": 4477,
              "state": "failed",
              "speed": null,
              "pass": false,
              "fail": true,
              "pending": false,
              "context": null,
              "code": "cy.get('#generate-board').contains(/vqv/i);",
              "err": {
                "message": "CypressError: Timed out retrying: Expected to find element: '#generate-board', but never found it.",
                "estack": "CypressError: Timed out retrying: Expected to find element: '#generate-board', but never found it.\n    at cypressErr (http://localhost:41519/__cypress/runner/cypress_runner.js:149934:9)\n    at throwErr (http://localhost:41519/__cypress/runner/cypress_runner.js:149867:11)\n    at Object.throwErrByPath (http://localhost:41519/__cypress/runner/cypress_runner.js:149915:3)\n    at retry (http://localhost:41519/__cypress/runner/cypress_runner.js:144197:19)\n    at onFailFn (http://localhost:41519/__cypress/runner/cypress_runner.js:132448:16)\n    at tryCatcher (http://localhost:41519/__cypress/runner/cypress_runner.js:167415:23)\n    at Promise._settlePromiseFromHandler (http://localhost:41519/__cypress/runner/cypress_runner.js:165351:31)\n    at Promise._settlePromise (http://localhost:41519/__cypress/runner/cypress_runner.js:165408:18)\n    at Promise._settlePromise0 (http://localhost:41519/__cypress/runner/cypress_runner.js:165453:10)\n    at Promise._settlePromises (http://localhost:41519/__cypress/runner/cypress_runner.js:165528:18)\n    at Async../node_modules/bluebird/js/release/async.js.Async._drainQueue (http://localhost:41519/__cypress/runner/cypress_runner.js:162140:16)\n    at Async../node_modules/bluebird/js/release/async.js.Async._drainQueues (http://localhost:41519/__cypress/runner/cypress_runner.js:162150:10)\n    at Async.drainQueues (http://localhost:41519/__cypress/runner/cypress_runner.js:162024:14)",
                "diff": null
              },
              "uuid": "27e2d776-0cd7-42c7-846c-d29d5cb4db07",
              "parentUUID": "b818a1da-3f53-4775-a284-a3c377a5e398",
              "isHook": false,
              "skipped": false
            },
            {
              "title": "Verifica se o input está posicionado entre a paleta de cores e o quadro de pixels",
              "fullTitle": "10 - Faça o quadro de pixels ter seu tamanho definido pelo usuário. Verifica se o input está posicionado entre a paleta de cores e o quadro de pixels",
              "timedOut": null,
              "duration": 4488,
              "state": "failed",
              "speed": null,
              "pass": false,
              "fail": true,
              "pending": false,
              "context": null,
              "code": "cy.get('#color-palette').then(function (palette) {\n  cy.get('#board-size').should('be.belowOf', palette);\n});\ncy.get('#board-size').then(function (palette) {\n  cy.get('#pixel-board').should('be.belowOf', palette);\n});",
              "err": {
                "message": "CypressError: Timed out retrying: Expected to find element: '#board-size', but never found it.",
                "estack": "CypressError: Timed out retrying: Expected to find element: '#board-size', but never found it.\n    at cypressErr (http://localhost:41519/__cypress/runner/cypress_runner.js:149934:9)\n    at throwErr (http://localhost:41519/__cypress/runner/cypress_runner.js:149867:11)\n    at Object.throwErrByPath (http://localhost:41519/__cypress/runner/cypress_runner.js:149915:3)\n    at retry (http://localhost:41519/__cypress/runner/cypress_runner.js:144197:19)\n    at onFailFn (http://localhost:41519/__cypress/runner/cypress_runner.js:132448:16)\n    at tryCatcher (http://localhost:41519/__cypress/runner/cypress_runner.js:167415:23)\n    at Promise._settlePromiseFromHandler (http://localhost:41519/__cypress/runner/cypress_runner.js:165351:31)\n    at Promise._settlePromise (http://localhost:41519/__cypress/runner/cypress_runner.js:165408:18)\n    at Promise._settlePromise0 (http://localhost:41519/__cypress/runner/cypress_runner.js:165453:10)\n    at Promise._settlePromises (http://localhost:41519/__cypress/runner/cypress_runner.js:165528:18)\n    at Async../node_modules/bluebird/js/release/async.js.Async._drainQueue (http://localhost:41519/__cypress/runner/cypress_runner.js:162140:16)\n    at Async../node_modules/bluebird/js/release/async.js.Async._drainQueues (http://localhost:41519/__cypress/runner/cypress_runner.js:162150:10)\n    at Async.drainQueues (http://localhost:41519/__cypress/runner/cypress_runner.js:162024:14)",
                "diff": null
              },
              "uuid": "244f4680-2752-4340-9718-9394c498ccff",
              "parentUUID": "b818a1da-3f53-4775-a284-a3c377a5e398",
              "isHook": false,
              "skipped": false
            },
            {
              "title": "Verifica se o botão está posicionado ao lado do input",
              "fullTitle": "10 - Faça o quadro de pixels ter seu tamanho definido pelo usuário. Verifica se o botão está posicionado ao lado do input",
              "timedOut": null,
              "duration": 4463,
              "state": "failed",
              "speed": null,
              "pass": false,
              "fail": true,
              "pending": false,
              "context": null,
              "code": "cy.get('#board-size').then(function (board) {\n  cy.get('#generate-board').should('be.onTheRightOf', board);\n});",
              "err": {
                "message": "CypressError: Timed out retrying: Expected to find element: '#board-size', but never found it.",
                "estack": "CypressError: Timed out retrying: Expected to find element: '#board-size', but never found it.\n    at cypressErr (http://localhost:41519/__cypress/runner/cypress_runner.js:149934:9)\n    at throwErr (http://localhost:41519/__cypress/runner/cypress_runner.js:149867:11)\n    at Object.throwErrByPath (http://localhost:41519/__cypress/runner/cypress_runner.js:149915:3)\n    at retry (http://localhost:41519/__cypress/runner/cypress_runner.js:144197:19)\n    at onFailFn (http://localhost:41519/__cypress/runner/cypress_runner.js:132448:16)\n    at tryCatcher (http://localhost:41519/__cypress/runner/cypress_runner.js:167415:23)\n    at Promise._settlePromiseFromHandler (http://localhost:41519/__cypress/runner/cypress_runner.js:165351:31)\n    at Promise._settlePromise (http://localhost:41519/__cypress/runner/cypress_runner.js:165408:18)\n    at Promise._settlePromise0 (http://localhost:41519/__cypress/runner/cypress_runner.js:165453:10)\n    at Promise._settlePromises (http://localhost:41519/__cypress/runner/cypress_runner.js:165528:18)\n    at Async../node_modules/bluebird/js/release/async.js.Async._drainQueue (http://localhost:41519/__cypress/runner/cypress_runner.js:162140:16)\n    at Async../node_modules/bluebird/js/release/async.js.Async._drainQueues (http://localhost:41519/__cypress/runner/cypress_runner.js:162150:10)\n    at Async.drainQueues (http://localhost:41519/__cypress/runner/cypress_runner.js:162024:14)",
                "diff": null
              },
              "uuid": "8b5e4b18-e6fb-47c1-9eef-8e4e0509bed2",
              "parentUUID": "b818a1da-3f53-4775-a284-a3c377a5e398",
              "isHook": false,
              "skipped": false
            },
            {
              "title": "Verifica se nenhum valor for colocado no input ao clicar no botão, um `alert` é exibido com o texto: 'Board inválido!'",
              "fullTitle": "10 - Faça o quadro de pixels ter seu tamanho definido pelo usuário. Verifica se nenhum valor for colocado no input ao clicar no botão, um `alert` é exibido com o texto: 'Board inválido!'",
              "timedOut": null,
              "duration": 4508,
              "state": "failed",
              "speed": null,
              "pass": false,
              "fail": true,
              "pending": false,
              "context": null,
              "code": "var alerted = false;\ncy.on('window:alert', function (msg) {\n  return alerted = msg;\n});\ncy.get('#generate-board').click().then(function () {\n  return expect(alerted).to.match(/Board inválido!/i);\n});",
              "err": {
                "message": "CypressError: Timed out retrying: Expected to find element: '#generate-board', but never found it.",
                "estack": "CypressError: Timed out retrying: Expected to find element: '#generate-board', but never found it.\n    at cypressErr (http://localhost:41519/__cypress/runner/cypress_runner.js:149934:9)\n    at throwErr (http://localhost:41519/__cypress/runner/cypress_runner.js:149867:11)\n    at Object.throwErrByPath (http://localhost:41519/__cypress/runner/cypress_runner.js:149915:3)\n    at retry (http://localhost:41519/__cypress/runner/cypress_runner.js:144197:19)\n    at onFailFn (http://localhost:41519/__cypress/runner/cypress_runner.js:132448:16)\n    at tryCatcher (http://localhost:41519/__cypress/runner/cypress_runner.js:167415:23)\n    at Promise._settlePromiseFromHandler (http://localhost:41519/__cypress/runner/cypress_runner.js:165351:31)\n    at Promise._settlePromise (http://localhost:41519/__cypress/runner/cypress_runner.js:165408:18)\n    at Promise._settlePromise0 (http://localhost:41519/__cypress/runner/cypress_runner.js:165453:10)\n    at Promise._settlePromises (http://localhost:41519/__cypress/runner/cypress_runner.js:165528:18)\n    at Async../node_modules/bluebird/js/release/async.js.Async._drainQueue (http://localhost:41519/__cypress/runner/cypress_runner.js:162140:16)\n    at Async../node_modules/bluebird/js/release/async.js.Async._drainQueues (http://localhost:41519/__cypress/runner/cypress_runner.js:162150:10)\n    at Async.drainQueues (http://localhost:41519/__cypress/runner/cypress_runner.js:162024:14)",
                "diff": null
              },
              "uuid": "e62d4814-17b4-48aa-90b0-7ca46471e636",
              "parentUUID": "b818a1da-3f53-4775-a284-a3c377a5e398",
              "isHook": false,
              "skipped": false
            },
            {
              "title": "Verifica se ao clicar no botão com um valor preenchido, o tamanho do board muda.",
              "fullTitle": "10 - Faça o quadro de pixels ter seu tamanho definido pelo usuário. Verifica se ao clicar no botão com um valor preenchido, o tamanho do board muda.",
              "timedOut": null,
              "duration": 4464,
              "state": "failed",
              "speed": null,
              "pass": false,
              "fail": true,
              "pending": false,
              "context": null,
              "code": "cy.get('#board-size').clear().type(10);\ncy.get('#generate-board').click();\ncy.get('.pixel').should('have.length', 100);",
              "err": {
                "message": "CypressError: Timed out retrying: Expected to find element: '#board-size', but never found it.",
                "estack": "CypressError: Timed out retrying: Expected to find element: '#board-size', but never found it.\n    at cypressErr (http://localhost:41519/__cypress/runner/cypress_runner.js:149934:9)\n    at throwErr (http://localhost:41519/__cypress/runner/cypress_runner.js:149867:11)\n    at Object.throwErrByPath (http://localhost:41519/__cypress/runner/cypress_runner.js:149915:3)\n    at retry (http://localhost:41519/__cypress/runner/cypress_runner.js:144197:19)\n    at onFailFn (http://localhost:41519/__cypress/runner/cypress_runner.js:132448:16)\n    at tryCatcher (http://localhost:41519/__cypress/runner/cypress_runner.js:167415:23)\n    at Promise._settlePromiseFromHandler (http://localhost:41519/__cypress/runner/cypress_runner.js:165351:31)\n    at Promise._settlePromise (http://localhost:41519/__cypress/runner/cypress_runner.js:165408:18)\n    at Promise._settlePromise0 (http://localhost:41519/__cypress/runner/cypress_runner.js:165453:10)\n    at Promise._settlePromises (http://localhost:41519/__cypress/runner/cypress_runner.js:165528:18)\n    at Async../node_modules/bluebird/js/release/async.js.Async._drainQueue (http://localhost:41519/__cypress/runner/cypress_runner.js:162140:16)\n    at Async../node_modules/bluebird/js/release/async.js.Async._drainQueues (http://localhost:41519/__cypress/runner/cypress_runner.js:162150:10)\n    at Async.drainQueues (http://localhost:41519/__cypress/runner/cypress_runner.js:162024:14)",
                "diff": null
              },
              "uuid": "3b455c8f-831f-42ce-86f0-6d7397001d82",
              "parentUUID": "b818a1da-3f53-4775-a284-a3c377a5e398",
              "isHook": false,
              "skipped": false
            },
            {
              "title": "Verifica se o novo quadro tem todos os pixels preenchidos com a cor branca",
              "fullTitle": "10 - Faça o quadro de pixels ter seu tamanho definido pelo usuário. Verifica se o novo quadro tem todos os pixels preenchidos com a cor branca",
              "timedOut": null,
              "duration": 4481,
              "state": "failed",
              "speed": null,
              "pass": false,
              "fail": true,
              "pending": false,
              "context": null,
              "code": "cy.get('#board-size').clear().type(6);\ncy.get('#generate-board').click();\ncy.get('.pixel').should('have.length', 36).each(function (pixel) {\n  expect(pixel).to.have.css('background-color', WHITE);\n});",
              "err": {
                "message": "CypressError: Timed out retrying: Expected to find element: '#board-size', but never found it.",
                "estack": "CypressError: Timed out retrying: Expected to find element: '#board-size', but never found it.\n    at cypressErr (http://localhost:41519/__cypress/runner/cypress_runner.js:149934:9)\n    at throwErr (http://localhost:41519/__cypress/runner/cypress_runner.js:149867:11)\n    at Object.throwErrByPath (http://localhost:41519/__cypress/runner/cypress_runner.js:149915:3)\n    at retry (http://localhost:41519/__cypress/runner/cypress_runner.js:144197:19)\n    at onFailFn (http://localhost:41519/__cypress/runner/cypress_runner.js:132448:16)\n    at tryCatcher (http://localhost:41519/__cypress/runner/cypress_runner.js:167415:23)\n    at Promise._settlePromiseFromHandler (http://localhost:41519/__cypress/runner/cypress_runner.js:165351:31)\n    at Promise._settlePromise (http://localhost:41519/__cypress/runner/cypress_runner.js:165408:18)\n    at Promise._settlePromise0 (http://localhost:41519/__cypress/runner/cypress_runner.js:165453:10)\n    at Promise._settlePromises (http://localhost:41519/__cypress/runner/cypress_runner.js:165528:18)\n    at Async../node_modules/bluebird/js/release/async.js.Async._drainQueue (http://localhost:41519/__cypress/runner/cypress_runner.js:162140:16)\n    at Async../node_modules/bluebird/js/release/async.js.Async._drainQueues (http://localhost:41519/__cypress/runner/cypress_runner.js:162150:10)\n    at Async.drainQueues (http://localhost:41519/__cypress/runner/cypress_runner.js:162024:14)",
                "diff": null
              },
              "uuid": "69416fdf-f523-483f-9df8-08e5eb4c2cc9",
              "parentUUID": "b818a1da-3f53-4775-a284-a3c377a5e398",
              "isHook": false,
              "skipped": false
            }
          ],
          "suites": [],
          "passes": [],
          "failures": [
            "c27ec5fd-be8a-4a90-ba1f-01b0dd8b38f2",
            "0e3a0f94-af36-49ae-a86c-a2cce2802c5a",
            "a96a8a35-b2e9-4f8e-a659-3ec50a5c46b4",
            "27e2d776-0cd7-42c7-846c-d29d5cb4db07",
            "244f4680-2752-4340-9718-9394c498ccff",
            "8b5e4b18-e6fb-47c1-9eef-8e4e0509bed2",
            "e62d4814-17b4-48aa-90b0-7ca46471e636",
            "3b455c8f-831f-42ce-86f0-6d7397001d82",
            "69416fdf-f523-483f-9df8-08e5eb4c2cc9"
          ],
          "pending": [],
          "skipped": [],
          "duration": 40320,
          "root": false,
          "rootEmpty": false,
          "_timeout": 2000
        },
        {
          "uuid": "67c36fd7-0c5d-4075-8ba4-efc299943d31",
          "title": "11 - Limite o tamanho mínimo e máximo do board.",
          "fullFile": "",
          "file": "",
          "beforeHooks": [],
          "afterHooks": [],
          "tests": [
            {
              "title": "Verifica se a altura máxima do board é 50",
              "fullTitle": "11 - Limite o tamanho mínimo e máximo do board. Verifica se a altura máxima do board é 50",
              "timedOut": null,
              "duration": 4502,
              "state": "failed",
              "speed": null,
              "pass": false,
              "fail": true,
              "pending": false,
              "context": null,
              "code": "cy.get('#board-size').clear().type(50);\ncy.get('#generate-board').click();\ncy.get('.pixel').should('have.length', 2500);",
              "err": {
                "message": "CypressError: Timed out retrying: Expected to find element: '#board-size', but never found it.",
                "estack": "CypressError: Timed out retrying: Expected to find element: '#board-size', but never found it.\n    at cypressErr (http://localhost:41519/__cypress/runner/cypress_runner.js:149934:9)\n    at throwErr (http://localhost:41519/__cypress/runner/cypress_runner.js:149867:11)\n    at Object.throwErrByPath (http://localhost:41519/__cypress/runner/cypress_runner.js:149915:3)\n    at retry (http://localhost:41519/__cypress/runner/cypress_runner.js:144197:19)\n    at onFailFn (http://localhost:41519/__cypress/runner/cypress_runner.js:132448:16)\n    at tryCatcher (http://localhost:41519/__cypress/runner/cypress_runner.js:167415:23)\n    at Promise._settlePromiseFromHandler (http://localhost:41519/__cypress/runner/cypress_runner.js:165351:31)\n    at Promise._settlePromise (http://localhost:41519/__cypress/runner/cypress_runner.js:165408:18)\n    at Promise._settlePromise0 (http://localhost:41519/__cypress/runner/cypress_runner.js:165453:10)\n    at Promise._settlePromises (http://localhost:41519/__cypress/runner/cypress_runner.js:165528:18)\n    at Async../node_modules/bluebird/js/release/async.js.Async._drainQueue (http://localhost:41519/__cypress/runner/cypress_runner.js:162140:16)\n    at Async../node_modules/bluebird/js/release/async.js.Async._drainQueues (http://localhost:41519/__cypress/runner/cypress_runner.js:162150:10)\n    at Async.drainQueues (http://localhost:41519/__cypress/runner/cypress_runner.js:162024:14)",
                "diff": null
              },
              "uuid": "fd3ca5eb-44fb-43d3-8819-57c6755a1aaa",
              "parentUUID": "67c36fd7-0c5d-4075-8ba4-efc299943d31",
              "isHook": false,
              "skipped": false
            },
            {
              "title": "Verifica se a altura do board é 5 quando um valor menor é colocado no input",
              "fullTitle": "11 - Limite o tamanho mínimo e máximo do board. Verifica se a altura do board é 5 quando um valor menor é colocado no input",
              "timedOut": null,
              "duration": 4467,
              "state": "failed",
              "speed": null,
              "pass": false,
              "fail": true,
              "pending": false,
              "context": null,
              "code": "cy.get('#board-size').clear().type(4);\ncy.get('#generate-board').click();\ncy.get('.pixel').should('have.length', 25);",
              "err": {
                "message": "CypressError: Timed out retrying: Expected to find element: '#board-size', but never found it.",
                "estack": "CypressError: Timed out retrying: Expected to find element: '#board-size', but never found it.\n    at cypressErr (http://localhost:41519/__cypress/runner/cypress_runner.js:149934:9)\n    at throwErr (http://localhost:41519/__cypress/runner/cypress_runner.js:149867:11)\n    at Object.throwErrByPath (http://localhost:41519/__cypress/runner/cypress_runner.js:149915:3)\n    at retry (http://localhost:41519/__cypress/runner/cypress_runner.js:144197:19)\n    at onFailFn (http://localhost:41519/__cypress/runner/cypress_runner.js:132448:16)\n    at tryCatcher (http://localhost:41519/__cypress/runner/cypress_runner.js:167415:23)\n    at Promise._settlePromiseFromHandler (http://localhost:41519/__cypress/runner/cypress_runner.js:165351:31)\n    at Promise._settlePromise (http://localhost:41519/__cypress/runner/cypress_runner.js:165408:18)\n    at Promise._settlePromise0 (http://localhost:41519/__cypress/runner/cypress_runner.js:165453:10)\n    at Promise._settlePromises (http://localhost:41519/__cypress/runner/cypress_runner.js:165528:18)\n    at Async../node_modules/bluebird/js/release/async.js.Async._drainQueue (http://localhost:41519/__cypress/runner/cypress_runner.js:162140:16)\n    at Async../node_modules/bluebird/js/release/async.js.Async._drainQueues (http://localhost:41519/__cypress/runner/cypress_runner.js:162150:10)\n    at Async.drainQueues (http://localhost:41519/__cypress/runner/cypress_runner.js:162024:14)",
                "diff": null
              },
              "uuid": "1475ae5b-258a-4c0f-a873-0a9617f9fc86",
              "parentUUID": "67c36fd7-0c5d-4075-8ba4-efc299943d31",
              "isHook": false,
              "skipped": false
            },
            {
              "title": "Verifica se a altura do board é 50 quando um valor maior é colocado no input",
              "fullTitle": "11 - Limite o tamanho mínimo e máximo do board. Verifica se a altura do board é 50 quando um valor maior é colocado no input",
              "timedOut": null,
              "duration": 4470,
              "state": "failed",
              "speed": null,
              "pass": false,
              "fail": true,
              "pending": false,
              "context": null,
              "code": "cy.get('#board-size').clear().type(51);\ncy.get('#generate-board').click();\ncy.get('.pixel').should('have.length', 2500);",
              "err": {
                "message": "CypressError: Timed out retrying: Expected to find element: '#board-size', but never found it.",
                "estack": "CypressError: Timed out retrying: Expected to find element: '#board-size', but never found it.\n    at cypressErr (http://localhost:41519/__cypress/runner/cypress_runner.js:149934:9)\n    at throwErr (http://localhost:41519/__cypress/runner/cypress_runner.js:149867:11)\n    at Object.throwErrByPath (http://localhost:41519/__cypress/runner/cypress_runner.js:149915:3)\n    at retry (http://localhost:41519/__cypress/runner/cypress_runner.js:144197:19)\n    at onFailFn (http://localhost:41519/__cypress/runner/cypress_runner.js:132448:16)\n    at tryCatcher (http://localhost:41519/__cypress/runner/cypress_runner.js:167415:23)\n    at Promise._settlePromiseFromHandler (http://localhost:41519/__cypress/runner/cypress_runner.js:165351:31)\n    at Promise._settlePromise (http://localhost:41519/__cypress/runner/cypress_runner.js:165408:18)\n    at Promise._settlePromise0 (http://localhost:41519/__cypress/runner/cypress_runner.js:165453:10)\n    at Promise._settlePromises (http://localhost:41519/__cypress/runner/cypress_runner.js:165528:18)\n    at Async../node_modules/bluebird/js/release/async.js.Async._drainQueue (http://localhost:41519/__cypress/runner/cypress_runner.js:162140:16)\n    at Async../node_modules/bluebird/js/release/async.js.Async._drainQueues (http://localhost:41519/__cypress/runner/cypress_runner.js:162150:10)\n    at Async.drainQueues (http://localhost:41519/__cypress/runner/cypress_runner.js:162024:14)",
                "diff": null
              },
              "uuid": "1c28c1f4-d235-48bb-9bd3-fcd339552ec2",
              "parentUUID": "67c36fd7-0c5d-4075-8ba4-efc299943d31",
              "isHook": false,
              "skipped": false
            }
          ],
          "suites": [],
          "passes": [],
          "failures": [
            "fd3ca5eb-44fb-43d3-8819-57c6755a1aaa",
            "1475ae5b-258a-4c0f-a873-0a9617f9fc86",
            "1c28c1f4-d235-48bb-9bd3-fcd339552ec2"
          ],
          "pending": [],
          "skipped": [],
          "duration": 13439,
          "root": false,
          "rootEmpty": false,
          "_timeout": 2000
        },
        {
          "uuid": "26730e00-4630-475a-acb6-ce0dac8c1062",
          "title": "12 - Faça com que as cores da paleta sejam geradas aleatoriamente ao carregar a página.",
          "fullFile": "",
          "file": "",
          "beforeHooks": [],
          "afterHooks": [],
          "tests": [
            {
              "title": "Verifica se as cores geradas na paleta são diferentes a cada carregamento da página",
              "fullTitle": "12 - Faça com que as cores da paleta sejam geradas aleatoriamente ao carregar a página. Verifica se as cores geradas na paleta são diferentes a cada carregamento da página",
              "timedOut": null,
              "duration": 602,
              "state": "failed",
              "speed": null,
              "pass": false,
              "fail": true,
              "pending": false,
              "context": null,
              "code": "cy.get('.color').then(function (colors) {\n  var currentColors;\n  var previousColors;\n  previousColors = Array.from(colors).map(function (color) {\n    return Cypress.$(color).css('background-color');\n  });\n  for (var i = 0; i < 5; i += 1) {\n    cy.reload();\n    cy.get('.color').then(function (colors) {\n      currentColors = Array.from(colors).map(function (color) {\n        return Cypress.$(color).css('background-color');\n      });\n      expect(currentColors).not.to.deep.equal(previousColors);\n      previousColors = currentColors;\n    });\n  }\n});",
              "err": {
                "message": "AssertionError: expected [ Array(4) ] to not deeply equal [ Array(4) ]",
                "estack": "AssertionError: expected [ Array(4) ] to not deeply equal [ Array(4) ]\n    at getRet (http://localhost:41519/__cypress/runner/cypress_runner.js:136585:16)\n    at tryCatcher (http://localhost:41519/__cypress/runner/cypress_runner.js:167415:23)\n    at Function.Promise.attempt.Promise.try (http://localhost:41519/__cypress/runner/cypress_runner.js:164690:29)\n    at Context.thenFn (http://localhost:41519/__cypress/runner/cypress_runner.js:136599:23)\n    at Context.then (http://localhost:41519/__cypress/runner/cypress_runner.js:136971:21)\n    at Context.<anonymous> (http://localhost:41519/__cypress/runner/cypress_runner.js:148875:21)\n    at http://localhost:41519/__cypress/runner/cypress_runner.js:148351:33\n    at tryCatcher (http://localhost:41519/__cypress/runner/cypress_runner.js:167415:23)\n    at Promise._settlePromiseFromHandler (http://localhost:41519/__cypress/runner/cypress_runner.js:165351:31)\n    at Promise._settlePromise (http://localhost:41519/__cypress/runner/cypress_runner.js:165408:18)\n    at Promise._settlePromiseCtx (http://localhost:41519/__cypress/runner/cypress_runner.js:165445:10)\n    at Async../node_modules/bluebird/js/release/async.js.Async._drainQueue (http://localhost:41519/__cypress/runner/cypress_runner.js:162145:12)\n    at Async../node_modules/bluebird/js/release/async.js.Async._drainQueues (http://localhost:41519/__cypress/runner/cypress_runner.js:162150:10)\n    at Async.drainQueues (http://localhost:41519/__cypress/runner/cypress_runner.js:162024:14)",
                "diff": ""
              },
              "uuid": "de0faf8c-46f5-406d-861d-f4a5e5478b6f",
              "parentUUID": "26730e00-4630-475a-acb6-ce0dac8c1062",
              "isHook": false,
              "skipped": false
            },
            {
              "title": "Verifica se a cor preta ainda está presente e é a primeira na sua paleta de cores",
              "fullTitle": "12 - Faça com que as cores da paleta sejam geradas aleatoriamente ao carregar a página. Verifica se a cor preta ainda está presente e é a primeira na sua paleta de cores",
              "timedOut": null,
              "duration": 606,
              "state": "failed",
              "speed": null,
              "pass": false,
              "fail": true,
              "pending": false,
              "context": null,
              "code": "cy.get('.color').then(function (colors) {\n  var currentColors;\n  var previousColors;\n  previousColors = Array.from(colors).map(function (color) {\n    return Cypress.$(color).css('background-color');\n  });\n  expect(previousColors[0]).to.eq(BLACK);\n  for (var i = 0; i < 5; i += 1) {\n    cy.reload();\n    cy.get('.color').then(function (colors) {\n      currentColors = Array.from(colors).map(function (color) {\n        return Cypress.$(color).css('background-color');\n      });\n      expect(currentColors[0]).to.eq(BLACK);\n      expect(currentColors).not.to.deep.equal(previousColors);\n      previousColors = currentColors;\n    });\n  }\n});",
              "err": {
                "message": "AssertionError: expected [ Array(4) ] to not deeply equal [ Array(4) ]",
                "estack": "AssertionError: expected [ Array(4) ] to not deeply equal [ Array(4) ]\n    at getRet (http://localhost:41519/__cypress/runner/cypress_runner.js:136585:16)\n    at tryCatcher (http://localhost:41519/__cypress/runner/cypress_runner.js:167415:23)\n    at Function.Promise.attempt.Promise.try (http://localhost:41519/__cypress/runner/cypress_runner.js:164690:29)\n    at Context.thenFn (http://localhost:41519/__cypress/runner/cypress_runner.js:136599:23)\n    at Context.then (http://localhost:41519/__cypress/runner/cypress_runner.js:136971:21)\n    at Context.<anonymous> (http://localhost:41519/__cypress/runner/cypress_runner.js:148875:21)\n    at http://localhost:41519/__cypress/runner/cypress_runner.js:148351:33\n    at tryCatcher (http://localhost:41519/__cypress/runner/cypress_runner.js:167415:23)\n    at Promise._settlePromiseFromHandler (http://localhost:41519/__cypress/runner/cypress_runner.js:165351:31)\n    at Promise._settlePromise (http://localhost:41519/__cypress/runner/cypress_runner.js:165408:18)\n    at Promise._settlePromiseCtx (http://localhost:41519/__cypress/runner/cypress_runner.js:165445:10)\n    at Async../node_modules/bluebird/js/release/async.js.Async._drainQueue (http://localhost:41519/__cypress/runner/cypress_runner.js:162145:12)\n    at Async../node_modules/bluebird/js/release/async.js.Async._drainQueues (http://localhost:41519/__cypress/runner/cypress_runner.js:162150:10)\n    at Async.drainQueues (http://localhost:41519/__cypress/runner/cypress_runner.js:162024:14)",
                "diff": ""
              },
              "uuid": "cb244259-18a1-48a4-b159-8e75be1473a0",
              "parentUUID": "26730e00-4630-475a-acb6-ce0dac8c1062",
              "isHook": false,
              "skipped": false
            }
          ],
          "suites": [],
          "passes": [],
          "failures": [
            "de0faf8c-46f5-406d-861d-f4a5e5478b6f",
            "cb244259-18a1-48a4-b159-8e75be1473a0"
          ],
          "pending": [],
          "skipped": [],
          "duration": 1208,
          "root": false,
          "rootEmpty": false,
          "_timeout": 2000
        }
      ],
      "passes": [],
      "failures": [],
      "pending": [],
      "skipped": [],
      "duration": 0,
      "root": true,
      "rootEmpty": true,
      "_timeout": 2000
    }
  ],
  "meta": {
    "mocha": {
      "version": "7.0.1"
    },
    "mochawesome": {
      "options": {
        "quiet": false,
        "reportFilename": "mochawesome",
        "saveHtml": false,
        "saveJson": true,
        "consoleReporter": "spec",
        "useInlineDiffs": false
      },
      "version": "4.1.0"
    },
    "marge": {
      "options": {
        "id": "default",
        "reportDir": "cypress/reports",
        "overwrite": true,
        "html": false,
        "json": true
      },
      "version": "4.1.0"
    }
  }
}