{
  "stats": {
    "suites": 12,
    "tests": 41,
    "passes": 5,
    "pending": 0,
    "failures": 36,
    "start": "2021-09-13T14:56:45.115Z",
    "end": "2021-09-13T14:59:11.322Z",
    "duration": 146207,
    "testsRegistered": 41,
    "passPercent": 12.195121951219512,
    "pendingPercent": 0,
    "other": 0,
    "hasOther": false,
    "skipped": 0,
    "hasSkipped": false
  },
  "results": [
    {
      "uuid": "2bbe8b2e-520a-41e2-98f0-816937e13002",
      "title": "",
      "fullFile": "cypress/integration/project.spec.js",
      "file": "cypress/integration/project.spec.js",
      "beforeHooks": [],
      "afterHooks": [],
      "tests": [],
      "suites": [
        {
          "uuid": "6ecfb87f-7544-4061-aa87-541a46ee3cba",
          "title": "1 - Adicione à página o título \"Paleta de Cores\".",
          "fullFile": "",
          "file": "",
          "beforeHooks": [],
          "afterHooks": [],
          "tests": [
            {
              "title": "Verifica se contém um elemento `h1` com o id `title` com o título correto",
              "fullTitle": "1 - Adicione à página o título \"Paleta de Cores\". Verifica se contém um elemento `h1` com o id `title` com o título correto",
              "timedOut": null,
              "duration": 144,
              "state": "passed",
              "speed": "slow",
              "pass": true,
              "fail": false,
              "pending": false,
              "context": null,
              "code": "cy.get('h1#title').should('contain.text', 'Paleta de Cores');",
              "err": {},
              "uuid": "34724a71-9892-42f7-8d30-d7beed621907",
              "parentUUID": "6ecfb87f-7544-4061-aa87-541a46ee3cba",
              "isHook": false,
              "skipped": false
            }
          ],
          "suites": [],
          "passes": [
            "34724a71-9892-42f7-8d30-d7beed621907"
          ],
          "failures": [],
          "pending": [],
          "skipped": [],
          "duration": 144,
          "root": false,
          "rootEmpty": false,
          "_timeout": 2000
        },
        {
          "uuid": "5aa2aca4-61f4-4252-917d-bb86c1a42169",
          "title": "2 - Adicione à página uma paleta de quatro cores distintas.",
          "fullFile": "",
          "file": "",
          "beforeHooks": [],
          "afterHooks": [],
          "tests": [
            {
              "title": "A paleta de cores deve ser um elemento com `id` denominado `color-palette`",
              "fullTitle": "2 - Adicione à página uma paleta de quatro cores distintas. A paleta de cores deve ser um elemento com `id` denominado `color-palette`",
              "timedOut": null,
              "duration": 4236,
              "state": "failed",
              "speed": null,
              "pass": false,
              "fail": true,
              "pending": false,
              "context": null,
              "code": "cy.get('#color-palette').should('be.visible');\ncy.get('#color-palette').children('.color');",
              "err": {
                "message": "CypressError: Timed out retrying: expected '<container#color-palette>' to be 'visible'\n\nThis element '<container#color-palette>' is not visible because it has an effective width and height of: '0 x 0' pixels.",
                "estack": "CypressError: Timed out retrying: expected '<container#color-palette>' to be 'visible'\n\nThis element '<container#color-palette>' is not visible because it has an effective width and height of: '0 x 0' pixels.\n    at cypressErr (http://localhost:33199/__cypress/runner/cypress_runner.js:149934:9)\n    at throwErr (http://localhost:33199/__cypress/runner/cypress_runner.js:149867:11)\n    at Object.throwErrByPath (http://localhost:33199/__cypress/runner/cypress_runner.js:149915:3)\n    at retry (http://localhost:33199/__cypress/runner/cypress_runner.js:144197:19)\n    at onFailFn (http://localhost:33199/__cypress/runner/cypress_runner.js:132448:16)\n    at tryCatcher (http://localhost:33199/__cypress/runner/cypress_runner.js:167415:23)\n    at Promise._settlePromiseFromHandler (http://localhost:33199/__cypress/runner/cypress_runner.js:165351:31)\n    at Promise._settlePromise (http://localhost:33199/__cypress/runner/cypress_runner.js:165408:18)\n    at Promise._settlePromise0 (http://localhost:33199/__cypress/runner/cypress_runner.js:165453:10)\n    at Promise._settlePromises (http://localhost:33199/__cypress/runner/cypress_runner.js:165528:18)\n    at Async../node_modules/bluebird/js/release/async.js.Async._drainQueue (http://localhost:33199/__cypress/runner/cypress_runner.js:162140:16)\n    at Async../node_modules/bluebird/js/release/async.js.Async._drainQueues (http://localhost:33199/__cypress/runner/cypress_runner.js:162150:10)\n    at Async.drainQueues (http://localhost:33199/__cypress/runner/cypress_runner.js:162024:14)",
                "diff": null
              },
              "uuid": "fe1b3840-087b-432e-a3d8-6dc5de5087d0",
              "parentUUID": "5aa2aca4-61f4-4252-917d-bb86c1a42169",
              "isHook": false,
              "skipped": false
            },
            {
              "title": "Verifica se cada cor individual da paleta de cores possui a `classe` chamada `color`.",
              "fullTitle": "2 - Adicione à página uma paleta de quatro cores distintas. Verifica se cada cor individual da paleta de cores possui a `classe` chamada `color`.",
              "timedOut": null,
              "duration": 4281,
              "state": "failed",
              "speed": null,
              "pass": false,
              "fail": true,
              "pending": false,
              "context": null,
              "code": "cy.get('.color').should('have.length', 4).then(function (colors) {\n  for (var i = 0; i < colors.length; i++) {\n    cy.wrap(colors[i]).should('be.visible');\n  }\n});",
              "err": {
                "message": "CypressError: Timed out retrying: expected '<div#red.color>' to be 'visible'\n\nThis element '<div#red.color>' is not visible because it has an effective width and height of: '1350 x 0' pixels.",
                "estack": "CypressError: Timed out retrying: expected '<div#red.color>' to be 'visible'\n\nThis element '<div#red.color>' is not visible because it has an effective width and height of: '1350 x 0' pixels.\n    at cypressErr (http://localhost:33199/__cypress/runner/cypress_runner.js:149934:9)\n    at throwErr (http://localhost:33199/__cypress/runner/cypress_runner.js:149867:11)\n    at Object.throwErrByPath (http://localhost:33199/__cypress/runner/cypress_runner.js:149915:3)\n    at retry (http://localhost:33199/__cypress/runner/cypress_runner.js:144197:19)\n    at onFailFn (http://localhost:33199/__cypress/runner/cypress_runner.js:132448:16)\n    at tryCatcher (http://localhost:33199/__cypress/runner/cypress_runner.js:167415:23)\n    at Promise._settlePromiseFromHandler (http://localhost:33199/__cypress/runner/cypress_runner.js:165351:31)\n    at Promise._settlePromise (http://localhost:33199/__cypress/runner/cypress_runner.js:165408:18)\n    at Promise._settlePromise0 (http://localhost:33199/__cypress/runner/cypress_runner.js:165453:10)\n    at Promise._settlePromises (http://localhost:33199/__cypress/runner/cypress_runner.js:165528:18)\n    at Async../node_modules/bluebird/js/release/async.js.Async._drainQueue (http://localhost:33199/__cypress/runner/cypress_runner.js:162140:16)\n    at Async../node_modules/bluebird/js/release/async.js.Async._drainQueues (http://localhost:33199/__cypress/runner/cypress_runner.js:162150:10)\n    at Async.drainQueues (http://localhost:33199/__cypress/runner/cypress_runner.js:162024:14)",
                "diff": null
              },
              "uuid": "96e55a16-2578-4d0e-99f9-60f38bf3718a",
              "parentUUID": "5aa2aca4-61f4-4252-917d-bb86c1a42169",
              "isHook": false,
              "skipped": false
            },
            {
              "title": "Verifica se a cor de fundo de cada elemento da paleta é a cor que o elemento representa. **A única cor não permitida na paleta é a cor branca.**",
              "fullTitle": "2 - Adicione à página uma paleta de quatro cores distintas. Verifica se a cor de fundo de cada elemento da paleta é a cor que o elemento representa. **A única cor não permitida na paleta é a cor branca.**",
              "timedOut": null,
              "duration": 129,
              "state": "passed",
              "speed": "slow",
              "pass": true,
              "fail": false,
              "pending": false,
              "context": null,
              "code": "cy.get('.color').each(function (color) {\n  cy.wrap(color).should('have.class', 'color').and('not.have.css', 'background-color', WHITE);\n  cy.wrap(color).should('have.css', 'background-color');\n});",
              "err": {},
              "uuid": "33c38a98-276f-4180-8959-d062bc54782a",
              "parentUUID": "5aa2aca4-61f4-4252-917d-bb86c1a42169",
              "isHook": false,
              "skipped": false
            },
            {
              "title": "Verifica se cada elemento da paleta de cores tem uma borda preta, sólida e com 1 pixel de largura;",
              "fullTitle": "2 - Adicione à página uma paleta de quatro cores distintas. Verifica se cada elemento da paleta de cores tem uma borda preta, sólida e com 1 pixel de largura;",
              "timedOut": null,
              "duration": 4190,
              "state": "failed",
              "speed": null,
              "pass": false,
              "fail": true,
              "pending": false,
              "context": null,
              "code": "cy.get('.color').each(function (color) {\n  cy.wrap(color).and('have.css', 'border', \"1px solid \".concat(BLACK)).and('have.class', 'color');\n});",
              "err": {
                "message": "CypressError: Timed out retrying: expected '<div#red.color>' to have CSS property 'border' with the value '1px solid rgb(0, 0, 0)', but the value was '0px none rgb(0, 0, 0)'",
                "estack": "CypressError: Timed out retrying: expected '<div#red.color>' to have CSS property 'border' with the value '1px solid rgb(0, 0, 0)', but the value was '0px none rgb(0, 0, 0)'\n    at cypressErr (http://localhost:33199/__cypress/runner/cypress_runner.js:149934:9)\n    at throwErr (http://localhost:33199/__cypress/runner/cypress_runner.js:149867:11)\n    at Object.throwErrByPath (http://localhost:33199/__cypress/runner/cypress_runner.js:149915:3)\n    at retry (http://localhost:33199/__cypress/runner/cypress_runner.js:144197:19)\n    at onFailFn (http://localhost:33199/__cypress/runner/cypress_runner.js:132448:16)\n    at tryCatcher (http://localhost:33199/__cypress/runner/cypress_runner.js:167415:23)\n    at Promise._settlePromiseFromHandler (http://localhost:33199/__cypress/runner/cypress_runner.js:165351:31)\n    at Promise._settlePromise (http://localhost:33199/__cypress/runner/cypress_runner.js:165408:18)\n    at Promise._settlePromise0 (http://localhost:33199/__cypress/runner/cypress_runner.js:165453:10)\n    at Promise._settlePromises (http://localhost:33199/__cypress/runner/cypress_runner.js:165528:18)\n    at Async../node_modules/bluebird/js/release/async.js.Async._drainQueue (http://localhost:33199/__cypress/runner/cypress_runner.js:162140:16)\n    at Async../node_modules/bluebird/js/release/async.js.Async._drainQueues (http://localhost:33199/__cypress/runner/cypress_runner.js:162150:10)\n    at Async.drainQueues (http://localhost:33199/__cypress/runner/cypress_runner.js:162024:14)",
                "diff": null
              },
              "uuid": "418770e9-61b1-414f-b1d8-6b6126c440ff",
              "parentUUID": "5aa2aca4-61f4-4252-917d-bb86c1a42169",
              "isHook": false,
              "skipped": false
            },
            {
              "title": "Verifica se a paleta lista todas as cores disponíveis para utilização, lado a lado.",
              "fullTitle": "2 - Adicione à página uma paleta de quatro cores distintas. Verifica se a paleta lista todas as cores disponíveis para utilização, lado a lado.",
              "timedOut": null,
              "duration": 4355,
              "state": "failed",
              "speed": null,
              "pass": false,
              "fail": true,
              "pending": false,
              "context": null,
              "code": "cy.get('.color').then(function (colors) {\n  for (var index = 1; index < colors.length; index += 1) {\n    var currentColor = colors[index];\n    var previousColor = colors[index - 1];\n    cy.wrap(currentColor).should('be.onTheRightOf', previousColor).and('be.horizontallyAlignedWith', previousColor);\n  }\n});",
              "err": {
                "message": "CypressError: Timed out retrying: expected '<div#green.color>' to be on the right of <div class=\"color\" id=\"red\"></div>",
                "estack": "CypressError: Timed out retrying: expected '<div#green.color>' to be on the right of <div class=\"color\" id=\"red\"></div>\n    at cypressErr (http://localhost:33199/__cypress/runner/cypress_runner.js:149934:9)\n    at throwErr (http://localhost:33199/__cypress/runner/cypress_runner.js:149867:11)\n    at Object.throwErrByPath (http://localhost:33199/__cypress/runner/cypress_runner.js:149915:3)\n    at retry (http://localhost:33199/__cypress/runner/cypress_runner.js:144197:19)\n    at onFailFn (http://localhost:33199/__cypress/runner/cypress_runner.js:132448:16)\n    at tryCatcher (http://localhost:33199/__cypress/runner/cypress_runner.js:167415:23)\n    at Promise._settlePromiseFromHandler (http://localhost:33199/__cypress/runner/cypress_runner.js:165351:31)\n    at Promise._settlePromise (http://localhost:33199/__cypress/runner/cypress_runner.js:165408:18)\n    at Promise._settlePromise0 (http://localhost:33199/__cypress/runner/cypress_runner.js:165453:10)\n    at Promise._settlePromises (http://localhost:33199/__cypress/runner/cypress_runner.js:165528:18)\n    at Async../node_modules/bluebird/js/release/async.js.Async._drainQueue (http://localhost:33199/__cypress/runner/cypress_runner.js:162140:16)\n    at Async../node_modules/bluebird/js/release/async.js.Async._drainQueues (http://localhost:33199/__cypress/runner/cypress_runner.js:162150:10)\n    at Async.drainQueues (http://localhost:33199/__cypress/runner/cypress_runner.js:162024:14)",
                "diff": null
              },
              "uuid": "f94eac64-43fd-4546-bd96-04183b854e1b",
              "parentUUID": "5aa2aca4-61f4-4252-917d-bb86c1a42169",
              "isHook": false,
              "skipped": false
            },
            {
              "title": "Verifica se a paleta de cores está posicionada abaixo do título 'Paleta de Cores'",
              "fullTitle": "2 - Adicione à página uma paleta de quatro cores distintas. Verifica se a paleta de cores está posicionada abaixo do título 'Paleta de Cores'",
              "timedOut": null,
              "duration": 108,
              "state": "passed",
              "speed": "slow",
              "pass": true,
              "fail": false,
              "pending": false,
              "context": null,
              "code": "cy.get('h1#title').then(function (title) {\n  cy.get('#color-palette').should('be.belowOf', title);\n});",
              "err": {},
              "uuid": "195a1d8b-40cf-4fbf-bff5-c45cd7f42566",
              "parentUUID": "5aa2aca4-61f4-4252-917d-bb86c1a42169",
              "isHook": false,
              "skipped": false
            },
            {
              "title": "Verifica se a paleta de cores não contém cores repetidas.",
              "fullTitle": "2 - Adicione à página uma paleta de quatro cores distintas. Verifica se a paleta de cores não contém cores repetidas.",
              "timedOut": null,
              "duration": 247,
              "state": "failed",
              "speed": null,
              "pass": false,
              "fail": true,
              "pending": false,
              "context": null,
              "code": "cy.get('.color').then(function (colors) {\n  var allColors = Array.from(colors).map(function (color) {\n    return Cypress.$(color).css('background-color');\n  });\n  cy.log(allColors);\n  var uniqColors = (0, _toConsumableArray2[\"default\"])(new Set(allColors));\n  cy.log(uniqColors);\n  expect(allColors.length).to.eq(uniqColors.length);\n});",
              "err": {
                "message": "AssertionError: expected 4 to equal 1",
                "estack": "AssertionError: expected 4 to equal 1\n    at getRet (http://localhost:33199/__cypress/runner/cypress_runner.js:136585:16)\n    at tryCatcher (http://localhost:33199/__cypress/runner/cypress_runner.js:167415:23)\n    at Function.Promise.attempt.Promise.try (http://localhost:33199/__cypress/runner/cypress_runner.js:164690:29)\n    at Context.thenFn (http://localhost:33199/__cypress/runner/cypress_runner.js:136599:23)\n    at Context.then (http://localhost:33199/__cypress/runner/cypress_runner.js:136971:21)\n    at Context.<anonymous> (http://localhost:33199/__cypress/runner/cypress_runner.js:148875:21)\n    at http://localhost:33199/__cypress/runner/cypress_runner.js:148351:33\n    at tryCatcher (http://localhost:33199/__cypress/runner/cypress_runner.js:167415:23)\n    at Promise._settlePromiseFromHandler (http://localhost:33199/__cypress/runner/cypress_runner.js:165351:31)\n    at Promise._settlePromise (http://localhost:33199/__cypress/runner/cypress_runner.js:165408:18)\n    at Promise._settlePromiseCtx (http://localhost:33199/__cypress/runner/cypress_runner.js:165445:10)\n    at Async../node_modules/bluebird/js/release/async.js.Async._drainQueue (http://localhost:33199/__cypress/runner/cypress_runner.js:162145:12)\n    at Async../node_modules/bluebird/js/release/async.js.Async._drainQueues (http://localhost:33199/__cypress/runner/cypress_runner.js:162150:10)\n    at Async.drainQueues (http://localhost:33199/__cypress/runner/cypress_runner.js:162024:14)",
                "diff": "- 4\n+ 1\n"
              },
              "uuid": "26f51009-2424-472f-8a93-7ef6fa8c32c3",
              "parentUUID": "5aa2aca4-61f4-4252-917d-bb86c1a42169",
              "isHook": false,
              "skipped": false
            }
          ],
          "suites": [],
          "passes": [
            "33c38a98-276f-4180-8959-d062bc54782a",
            "195a1d8b-40cf-4fbf-bff5-c45cd7f42566"
          ],
          "failures": [
            "fe1b3840-087b-432e-a3d8-6dc5de5087d0",
            "96e55a16-2578-4d0e-99f9-60f38bf3718a",
            "418770e9-61b1-414f-b1d8-6b6126c440ff",
            "f94eac64-43fd-4546-bd96-04183b854e1b",
            "26f51009-2424-472f-8a93-7ef6fa8c32c3"
          ],
          "pending": [],
          "skipped": [],
          "duration": 17546,
          "root": false,
          "rootEmpty": false,
          "_timeout": 2000
        },
        {
          "uuid": "50cf6e49-471d-449f-84e4-af5bc81227c1",
          "title": "3 - Adicione a cor **preta** como a primeira cor da paleta de cores.",
          "fullFile": "",
          "file": "",
          "beforeHooks": [],
          "afterHooks": [],
          "tests": [
            {
              "title": "Verifica se a primeira cor da paleta é preta",
              "fullTitle": "3 - Adicione a cor **preta** como a primeira cor da paleta de cores. Verifica se a primeira cor da paleta é preta",
              "timedOut": null,
              "duration": 4310,
              "state": "failed",
              "speed": null,
              "pass": false,
              "fail": true,
              "pending": false,
              "context": null,
              "code": "cy.get('.color').first().should('have.css', 'background-color', BLACK);",
              "err": {
                "message": "CypressError: Timed out retrying: expected '<div#red.color>' to have CSS property 'background-color' with the value 'rgb(0, 0, 0)', but the value was 'rgba(0, 0, 0, 0)'",
                "estack": "CypressError: Timed out retrying: expected '<div#red.color>' to have CSS property 'background-color' with the value 'rgb(0, 0, 0)', but the value was 'rgba(0, 0, 0, 0)'\n    at cypressErr (http://localhost:33199/__cypress/runner/cypress_runner.js:149934:9)\n    at throwErr (http://localhost:33199/__cypress/runner/cypress_runner.js:149867:11)\n    at Object.throwErrByPath (http://localhost:33199/__cypress/runner/cypress_runner.js:149915:3)\n    at retry (http://localhost:33199/__cypress/runner/cypress_runner.js:144197:19)\n    at onFailFn (http://localhost:33199/__cypress/runner/cypress_runner.js:132448:16)\n    at tryCatcher (http://localhost:33199/__cypress/runner/cypress_runner.js:167415:23)\n    at Promise._settlePromiseFromHandler (http://localhost:33199/__cypress/runner/cypress_runner.js:165351:31)\n    at Promise._settlePromise (http://localhost:33199/__cypress/runner/cypress_runner.js:165408:18)\n    at Promise._settlePromise0 (http://localhost:33199/__cypress/runner/cypress_runner.js:165453:10)\n    at Promise._settlePromises (http://localhost:33199/__cypress/runner/cypress_runner.js:165528:18)\n    at Async../node_modules/bluebird/js/release/async.js.Async._drainQueue (http://localhost:33199/__cypress/runner/cypress_runner.js:162140:16)\n    at Async../node_modules/bluebird/js/release/async.js.Async._drainQueues (http://localhost:33199/__cypress/runner/cypress_runner.js:162150:10)\n    at Async.drainQueues (http://localhost:33199/__cypress/runner/cypress_runner.js:162024:14)",
                "diff": null
              },
              "uuid": "560328ad-79c9-46aa-807f-3dbab8a228b0",
              "parentUUID": "50cf6e49-471d-449f-84e4-af5bc81227c1",
              "isHook": false,
              "skipped": false
            },
            {
              "title": "Verifica se as demais cores podem ser escolhidas livremente.",
              "fullTitle": "3 - Adicione a cor **preta** como a primeira cor da paleta de cores. Verifica se as demais cores podem ser escolhidas livremente.",
              "timedOut": null,
              "duration": 4301,
              "state": "failed",
              "speed": null,
              "pass": false,
              "fail": true,
              "pending": false,
              "context": null,
              "code": "cy.get('.color').eq(1).should('not.have.css', 'background-color', BLACK);\ncy.get('.color').eq(1).should('not.have.css', 'background-color', WHITE);\ncy.get('.color').eq(1).should('not.have.css', 'background-color', 'rgba(0, 0, 0, 0)');\ncy.get('.color').eq(1).should('have.css', 'background-color');\ncy.get('.color').eq(2).should('not.have.css', 'background-color', BLACK);\ncy.get('.color').eq(2).should('not.have.css', 'background-color', WHITE);\ncy.get('.color').eq(2).should('not.have.css', 'background-color', 'rgba(0, 0, 0, 0)');\ncy.get('.color').eq(2).should('have.css', 'background-color');\ncy.get('.color').eq(3).should('not.have.css', 'background-color', BLACK);\ncy.get('.color').eq(3).should('not.have.css', 'background-color', WHITE);\ncy.get('.color').eq(3).should('not.have.css', 'background-color', 'rgba(0, 0, 0, 0)');\ncy.get('.color').eq(3).should('have.css', 'background-color');",
              "err": {
                "message": "CypressError: Timed out retrying: expected '<div#green.color>' not to have CSS property 'background-color' with the value 'rgba(0, 0, 0, 0)', but the value was 'rgba(0, 0, 0, 0)'",
                "estack": "CypressError: Timed out retrying: expected '<div#green.color>' not to have CSS property 'background-color' with the value 'rgba(0, 0, 0, 0)', but the value was 'rgba(0, 0, 0, 0)'\n    at cypressErr (http://localhost:33199/__cypress/runner/cypress_runner.js:149934:9)\n    at throwErr (http://localhost:33199/__cypress/runner/cypress_runner.js:149867:11)\n    at Object.throwErrByPath (http://localhost:33199/__cypress/runner/cypress_runner.js:149915:3)\n    at retry (http://localhost:33199/__cypress/runner/cypress_runner.js:144197:19)\n    at onFailFn (http://localhost:33199/__cypress/runner/cypress_runner.js:132448:16)\n    at tryCatcher (http://localhost:33199/__cypress/runner/cypress_runner.js:167415:23)\n    at Promise._settlePromiseFromHandler (http://localhost:33199/__cypress/runner/cypress_runner.js:165351:31)\n    at Promise._settlePromise (http://localhost:33199/__cypress/runner/cypress_runner.js:165408:18)\n    at Promise._settlePromise0 (http://localhost:33199/__cypress/runner/cypress_runner.js:165453:10)\n    at Promise._settlePromises (http://localhost:33199/__cypress/runner/cypress_runner.js:165528:18)\n    at Async../node_modules/bluebird/js/release/async.js.Async._drainQueue (http://localhost:33199/__cypress/runner/cypress_runner.js:162140:16)\n    at Async../node_modules/bluebird/js/release/async.js.Async._drainQueues (http://localhost:33199/__cypress/runner/cypress_runner.js:162150:10)\n    at Async.drainQueues (http://localhost:33199/__cypress/runner/cypress_runner.js:162024:14)",
                "diff": null
              },
              "uuid": "d5455da3-7897-4307-9538-33812bc4ffc9",
              "parentUUID": "50cf6e49-471d-449f-84e4-af5bc81227c1",
              "isHook": false,
              "skipped": false
            }
          ],
          "suites": [],
          "passes": [],
          "failures": [
            "560328ad-79c9-46aa-807f-3dbab8a228b0",
            "d5455da3-7897-4307-9538-33812bc4ffc9"
          ],
          "pending": [],
          "skipped": [],
          "duration": 8611,
          "root": false,
          "rootEmpty": false,
          "_timeout": 2000
        },
        {
          "uuid": "2f8d3da1-32cd-4f47-b3b4-4c20091bc17a",
          "title": "4 - Adicione à página um quadro de pixels, com 25 pixels.",
          "fullFile": "",
          "file": "",
          "beforeHooks": [],
          "afterHooks": [],
          "tests": [
            {
              "title": "Verifica se o quadro de pixels possui o `id` denominado `pixel-board`",
              "fullTitle": "4 - Adicione à página um quadro de pixels, com 25 pixels. Verifica se o quadro de pixels possui o `id` denominado `pixel-board`",
              "timedOut": null,
              "duration": 4339,
              "state": "failed",
              "speed": null,
              "pass": false,
              "fail": true,
              "pending": false,
              "context": null,
              "code": "cy.get('#pixel-board').should('be.visible');",
              "err": {
                "message": "CypressError: Timed out retrying: expected '<container#pixel-board>' to be 'visible'\n\nThis element '<container#pixel-board>' is not visible because it has an effective width and height of: '0 x 0' pixels.",
                "estack": "CypressError: Timed out retrying: expected '<container#pixel-board>' to be 'visible'\n\nThis element '<container#pixel-board>' is not visible because it has an effective width and height of: '0 x 0' pixels.\n    at cypressErr (http://localhost:33199/__cypress/runner/cypress_runner.js:149934:9)\n    at throwErr (http://localhost:33199/__cypress/runner/cypress_runner.js:149867:11)\n    at Object.throwErrByPath (http://localhost:33199/__cypress/runner/cypress_runner.js:149915:3)\n    at retry (http://localhost:33199/__cypress/runner/cypress_runner.js:144197:19)\n    at onFailFn (http://localhost:33199/__cypress/runner/cypress_runner.js:132448:16)\n    at tryCatcher (http://localhost:33199/__cypress/runner/cypress_runner.js:167415:23)\n    at Promise._settlePromiseFromHandler (http://localhost:33199/__cypress/runner/cypress_runner.js:165351:31)\n    at Promise._settlePromise (http://localhost:33199/__cypress/runner/cypress_runner.js:165408:18)\n    at Promise._settlePromise0 (http://localhost:33199/__cypress/runner/cypress_runner.js:165453:10)\n    at Promise._settlePromises (http://localhost:33199/__cypress/runner/cypress_runner.js:165528:18)\n    at Async../node_modules/bluebird/js/release/async.js.Async._drainQueue (http://localhost:33199/__cypress/runner/cypress_runner.js:162140:16)\n    at Async../node_modules/bluebird/js/release/async.js.Async._drainQueues (http://localhost:33199/__cypress/runner/cypress_runner.js:162150:10)\n    at Async.drainQueues (http://localhost:33199/__cypress/runner/cypress_runner.js:162024:14)",
                "diff": null
              },
              "uuid": "b81f7da8-26ca-4716-891a-0dfe32997475",
              "parentUUID": "2f8d3da1-32cd-4f47-b3b4-4c20091bc17a",
              "isHook": false,
              "skipped": false
            },
            {
              "title": "Verifica se cada pixel individual dentro do quadro possui a `classe` denominada `pixel`.",
              "fullTitle": "4 - Adicione à página um quadro de pixels, com 25 pixels. Verifica se cada pixel individual dentro do quadro possui a `classe` denominada `pixel`.",
              "timedOut": null,
              "duration": 4292,
              "state": "failed",
              "speed": null,
              "pass": false,
              "fail": true,
              "pending": false,
              "context": null,
              "code": "cy.get('.pixel').should('have.length', 25);",
              "err": {
                "message": "CypressError: Timed out retrying: Not enough elements found. Found '10', expected '25'.",
                "estack": "CypressError: Timed out retrying: Not enough elements found. Found '10', expected '25'.\n    at cypressErr (http://localhost:33199/__cypress/runner/cypress_runner.js:149934:9)\n    at throwErr (http://localhost:33199/__cypress/runner/cypress_runner.js:149867:11)\n    at Object.throwErrByPath (http://localhost:33199/__cypress/runner/cypress_runner.js:149915:3)\n    at retry (http://localhost:33199/__cypress/runner/cypress_runner.js:144197:19)\n    at onFailFn (http://localhost:33199/__cypress/runner/cypress_runner.js:132448:16)\n    at tryCatcher (http://localhost:33199/__cypress/runner/cypress_runner.js:167415:23)\n    at Promise._settlePromiseFromHandler (http://localhost:33199/__cypress/runner/cypress_runner.js:165351:31)\n    at Promise._settlePromise (http://localhost:33199/__cypress/runner/cypress_runner.js:165408:18)\n    at Promise._settlePromise0 (http://localhost:33199/__cypress/runner/cypress_runner.js:165453:10)\n    at Promise._settlePromises (http://localhost:33199/__cypress/runner/cypress_runner.js:165528:18)\n    at Async../node_modules/bluebird/js/release/async.js.Async._drainQueue (http://localhost:33199/__cypress/runner/cypress_runner.js:162140:16)\n    at Async../node_modules/bluebird/js/release/async.js.Async._drainQueues (http://localhost:33199/__cypress/runner/cypress_runner.js:162150:10)\n    at Async.drainQueues (http://localhost:33199/__cypress/runner/cypress_runner.js:162024:14)",
                "diff": null
              },
              "uuid": "1d901041-becf-4a46-92f2-dd8fe2774314",
              "parentUUID": "2f8d3da1-32cd-4f47-b3b4-4c20091bc17a",
              "isHook": false,
              "skipped": false
            },
            {
              "title": "Verifica se a cor inicial dos pixels dentro do quadro, ao abrir a página, é branca.",
              "fullTitle": "4 - Adicione à página um quadro de pixels, com 25 pixels. Verifica se a cor inicial dos pixels dentro do quadro, ao abrir a página, é branca.",
              "timedOut": null,
              "duration": 4323,
              "state": "failed",
              "speed": null,
              "pass": false,
              "fail": true,
              "pending": false,
              "context": null,
              "code": "cy.get('.pixel').should('have.length', 25).each(function (pixel) {\n  expect(pixel).to.have.css('background-color', WHITE);\n});",
              "err": {
                "message": "CypressError: Timed out retrying: Not enough elements found. Found '10', expected '25'.",
                "estack": "CypressError: Timed out retrying: Not enough elements found. Found '10', expected '25'.\n    at cypressErr (http://localhost:33199/__cypress/runner/cypress_runner.js:149934:9)\n    at throwErr (http://localhost:33199/__cypress/runner/cypress_runner.js:149867:11)\n    at Object.throwErrByPath (http://localhost:33199/__cypress/runner/cypress_runner.js:149915:3)\n    at retry (http://localhost:33199/__cypress/runner/cypress_runner.js:144197:19)\n    at onFailFn (http://localhost:33199/__cypress/runner/cypress_runner.js:132448:16)\n    at tryCatcher (http://localhost:33199/__cypress/runner/cypress_runner.js:167415:23)\n    at Promise._settlePromiseFromHandler (http://localhost:33199/__cypress/runner/cypress_runner.js:165351:31)\n    at Promise._settlePromise (http://localhost:33199/__cypress/runner/cypress_runner.js:165408:18)\n    at Promise._settlePromise0 (http://localhost:33199/__cypress/runner/cypress_runner.js:165453:10)\n    at Promise._settlePromises (http://localhost:33199/__cypress/runner/cypress_runner.js:165528:18)\n    at Async../node_modules/bluebird/js/release/async.js.Async._drainQueue (http://localhost:33199/__cypress/runner/cypress_runner.js:162140:16)\n    at Async../node_modules/bluebird/js/release/async.js.Async._drainQueues (http://localhost:33199/__cypress/runner/cypress_runner.js:162150:10)\n    at Async.drainQueues (http://localhost:33199/__cypress/runner/cypress_runner.js:162024:14)",
                "diff": null
              },
              "uuid": "a72dbc63-7c28-48ad-b340-95c685528b69",
              "parentUUID": "2f8d3da1-32cd-4f47-b3b4-4c20091bc17a",
              "isHook": false,
              "skipped": false
            },
            {
              "title": "Verifica se o quadro de pixels aparece abaixo da paleta de cores",
              "fullTitle": "4 - Adicione à página um quadro de pixels, com 25 pixels. Verifica se o quadro de pixels aparece abaixo da paleta de cores",
              "timedOut": null,
              "duration": 122,
              "state": "passed",
              "speed": "slow",
              "pass": true,
              "fail": false,
              "pending": false,
              "context": null,
              "code": "cy.get('#color-palette').then(function (palette) {\n  cy.get('#pixel-board').should('be.belowOf', palette);\n});",
              "err": {},
              "uuid": "761ebe32-b844-44c8-a3c3-bfe8ac28cdee",
              "parentUUID": "2f8d3da1-32cd-4f47-b3b4-4c20091bc17a",
              "isHook": false,
              "skipped": false
            }
          ],
          "suites": [],
          "passes": [
            "761ebe32-b844-44c8-a3c3-bfe8ac28cdee"
          ],
          "failures": [
            "b81f7da8-26ca-4716-891a-0dfe32997475",
            "1d901041-becf-4a46-92f2-dd8fe2774314",
            "a72dbc63-7c28-48ad-b340-95c685528b69"
          ],
          "pending": [],
          "skipped": [],
          "duration": 13076,
          "root": false,
          "rootEmpty": false,
          "_timeout": 2000
        },
        {
          "uuid": "560004dd-2b7a-4b2b-94af-d3453dd33076",
          "title": "5 - Faça com que cada elemento do quadro de pixels possua 40 pixels de largura, 40 pixels de altura e seja delimitado por uma borda preta de 1 pixel.",
          "fullFile": "",
          "file": "",
          "beforeHooks": [],
          "afterHooks": [],
          "tests": [
            {
              "title": "Verifica se o quadro de pixels tem altura e comprimento de 5 elementos",
              "fullTitle": "5 - Faça com que cada elemento do quadro de pixels possua 40 pixels de largura, 40 pixels de altura e seja delimitado por uma borda preta de 1 pixel. Verifica se o quadro de pixels tem altura e comprimento de 5 elementos",
              "timedOut": null,
              "duration": 4300,
              "state": "failed",
              "speed": null,
              "pass": false,
              "fail": true,
              "pending": false,
              "context": null,
              "code": "cy.get('.pixel').should('have.length', 25).each(function (pixel) {\n  expect(pixel).to.have.css('background-color', WHITE);\n}).and(function (pixels) {\n  var rows = chunk(pixels, 5);\n  rows.forEach(function (row) {\n    for (var index = 1; index < row.length; index += 1) {\n      var current = pixels[index];\n      var previous = pixels[index - 1];\n      cy.wrap(current).should('be.onTheRightOf', previous).and('be.horizontallyAlignedWith', previous);\n    }\n  });\n  for (var index = 1; index < 5; index += 1) {\n    expect(pixels[index * 5]).to.be.belowOf(pixels[(index - 1) * 5]);\n  }\n});",
              "err": {
                "message": "CypressError: Timed out retrying: Not enough elements found. Found '10', expected '25'.",
                "estack": "CypressError: Timed out retrying: Not enough elements found. Found '10', expected '25'.\n    at cypressErr (http://localhost:33199/__cypress/runner/cypress_runner.js:149934:9)\n    at throwErr (http://localhost:33199/__cypress/runner/cypress_runner.js:149867:11)\n    at Object.throwErrByPath (http://localhost:33199/__cypress/runner/cypress_runner.js:149915:3)\n    at retry (http://localhost:33199/__cypress/runner/cypress_runner.js:144197:19)\n    at onFailFn (http://localhost:33199/__cypress/runner/cypress_runner.js:132448:16)\n    at tryCatcher (http://localhost:33199/__cypress/runner/cypress_runner.js:167415:23)\n    at Promise._settlePromiseFromHandler (http://localhost:33199/__cypress/runner/cypress_runner.js:165351:31)\n    at Promise._settlePromise (http://localhost:33199/__cypress/runner/cypress_runner.js:165408:18)\n    at Promise._settlePromise0 (http://localhost:33199/__cypress/runner/cypress_runner.js:165453:10)\n    at Promise._settlePromises (http://localhost:33199/__cypress/runner/cypress_runner.js:165528:18)\n    at Async../node_modules/bluebird/js/release/async.js.Async._drainQueue (http://localhost:33199/__cypress/runner/cypress_runner.js:162140:16)\n    at Async../node_modules/bluebird/js/release/async.js.Async._drainQueues (http://localhost:33199/__cypress/runner/cypress_runner.js:162150:10)\n    at Async.drainQueues (http://localhost:33199/__cypress/runner/cypress_runner.js:162024:14)",
                "diff": null
              },
              "uuid": "8e65d122-ab9a-4455-964e-83d7db01abfb",
              "parentUUID": "560004dd-2b7a-4b2b-94af-d3453dd33076",
              "isHook": false,
              "skipped": false
            },
            {
              "title": "Verifica se 40 pixels é o tamanho total do elemento, incluindo seu conteúdo e excluindo a borda preta, que deve ser criada à parte.",
              "fullTitle": "5 - Faça com que cada elemento do quadro de pixels possua 40 pixels de largura, 40 pixels de altura e seja delimitado por uma borda preta de 1 pixel. Verifica se 40 pixels é o tamanho total do elemento, incluindo seu conteúdo e excluindo a borda preta, que deve ser criada à parte.",
              "timedOut": null,
              "duration": 4296,
              "state": "failed",
              "speed": null,
              "pass": false,
              "fail": true,
              "pending": false,
              "context": null,
              "code": "cy.get('.pixel').each(function (pixel) {\n  cy.wrap(pixel).should('have.css', 'height', '40px').and('have.css', 'width', '40px').and('have.css', 'border', \"1px solid \".concat(BLACK));\n});",
              "err": {
                "message": "CypressError: Timed out retrying: expected '<div.pixel>' to have CSS property 'height' with the value '40px', but the value was '0px'",
                "estack": "CypressError: Timed out retrying: expected '<div.pixel>' to have CSS property 'height' with the value '40px', but the value was '0px'\n    at cypressErr (http://localhost:33199/__cypress/runner/cypress_runner.js:149934:9)\n    at throwErr (http://localhost:33199/__cypress/runner/cypress_runner.js:149867:11)\n    at Object.throwErrByPath (http://localhost:33199/__cypress/runner/cypress_runner.js:149915:3)\n    at retry (http://localhost:33199/__cypress/runner/cypress_runner.js:144197:19)\n    at onFailFn (http://localhost:33199/__cypress/runner/cypress_runner.js:132448:16)\n    at tryCatcher (http://localhost:33199/__cypress/runner/cypress_runner.js:167415:23)\n    at Promise._settlePromiseFromHandler (http://localhost:33199/__cypress/runner/cypress_runner.js:165351:31)\n    at Promise._settlePromise (http://localhost:33199/__cypress/runner/cypress_runner.js:165408:18)\n    at Promise._settlePromise0 (http://localhost:33199/__cypress/runner/cypress_runner.js:165453:10)\n    at Promise._settlePromises (http://localhost:33199/__cypress/runner/cypress_runner.js:165528:18)\n    at Async../node_modules/bluebird/js/release/async.js.Async._drainQueue (http://localhost:33199/__cypress/runner/cypress_runner.js:162140:16)\n    at Async../node_modules/bluebird/js/release/async.js.Async._drainQueues (http://localhost:33199/__cypress/runner/cypress_runner.js:162150:10)\n    at Async.drainQueues (http://localhost:33199/__cypress/runner/cypress_runner.js:162024:14)",
                "diff": null
              },
              "uuid": "46a4f57f-7f86-4434-952c-75f2be8e414e",
              "parentUUID": "560004dd-2b7a-4b2b-94af-d3453dd33076",
              "isHook": false,
              "skipped": false
            }
          ],
          "suites": [],
          "passes": [],
          "failures": [
            "8e65d122-ab9a-4455-964e-83d7db01abfb",
            "46a4f57f-7f86-4434-952c-75f2be8e414e"
          ],
          "pending": [],
          "skipped": [],
          "duration": 8596,
          "root": false,
          "rootEmpty": false,
          "_timeout": 2000
        },
        {
          "uuid": "928b9b03-ab81-4c10-b113-e54da13b8aad",
          "title": "6 - Defina a cor preta como cor inicial. Ao carregar a página a cor preta já deve estar selecionada para pintar os pixels",
          "fullFile": "",
          "file": "",
          "beforeHooks": [],
          "afterHooks": [],
          "tests": [
            {
              "title": "Verifica se o elemento da cor preta possui, inicialmente, a `classe` `selected`",
              "fullTitle": "6 - Defina a cor preta como cor inicial. Ao carregar a página a cor preta já deve estar selecionada para pintar os pixels Verifica se o elemento da cor preta possui, inicialmente, a `classe` `selected`",
              "timedOut": null,
              "duration": 4338,
              "state": "failed",
              "speed": null,
              "pass": false,
              "fail": true,
              "pending": false,
              "context": null,
              "code": "cy.get('.selected').first().should('have.css', 'background-color', BLACK);",
              "err": {
                "message": "CypressError: Timed out retrying: Expected to find element: '.selected', but never found it.",
                "estack": "CypressError: Timed out retrying: Expected to find element: '.selected', but never found it.\n    at cypressErr (http://localhost:33199/__cypress/runner/cypress_runner.js:149934:9)\n    at throwErr (http://localhost:33199/__cypress/runner/cypress_runner.js:149867:11)\n    at Object.throwErrByPath (http://localhost:33199/__cypress/runner/cypress_runner.js:149915:3)\n    at retry (http://localhost:33199/__cypress/runner/cypress_runner.js:144197:19)\n    at onFailFn (http://localhost:33199/__cypress/runner/cypress_runner.js:132448:16)\n    at tryCatcher (http://localhost:33199/__cypress/runner/cypress_runner.js:167415:23)\n    at Promise._settlePromiseFromHandler (http://localhost:33199/__cypress/runner/cypress_runner.js:165351:31)\n    at Promise._settlePromise (http://localhost:33199/__cypress/runner/cypress_runner.js:165408:18)\n    at Promise._settlePromise0 (http://localhost:33199/__cypress/runner/cypress_runner.js:165453:10)\n    at Promise._settlePromises (http://localhost:33199/__cypress/runner/cypress_runner.js:165528:18)\n    at Async../node_modules/bluebird/js/release/async.js.Async._drainQueue (http://localhost:33199/__cypress/runner/cypress_runner.js:162140:16)\n    at Async../node_modules/bluebird/js/release/async.js.Async._drainQueues (http://localhost:33199/__cypress/runner/cypress_runner.js:162150:10)\n    at Async.drainQueues (http://localhost:33199/__cypress/runner/cypress_runner.js:162024:14)",
                "diff": null
              },
              "uuid": "b04ff8fb-26f9-44d8-9947-66f9b367b10a",
              "parentUUID": "928b9b03-ab81-4c10-b113-e54da13b8aad",
              "isHook": false,
              "skipped": false
            },
            {
              "title": "Verifica se nenhuma outra cor da paleta tem a `classe` `selected`",
              "fullTitle": "6 - Defina a cor preta como cor inicial. Ao carregar a página a cor preta já deve estar selecionada para pintar os pixels Verifica se nenhuma outra cor da paleta tem a `classe` `selected`",
              "timedOut": null,
              "duration": 134,
              "state": "passed",
              "speed": "slow",
              "pass": true,
              "fail": false,
              "pending": false,
              "context": null,
              "code": "cy.get('.color:not(:first-child)').each(function (color) {\n  cy.wrap(color).should('not.have.class', 'selected');\n});",
              "err": {},
              "uuid": "bbbbfec6-f154-402f-a6c6-3a11a5f8423b",
              "parentUUID": "928b9b03-ab81-4c10-b113-e54da13b8aad",
              "isHook": false,
              "skipped": false
            }
          ],
          "suites": [],
          "passes": [
            "bbbbfec6-f154-402f-a6c6-3a11a5f8423b"
          ],
          "failures": [
            "b04ff8fb-26f9-44d8-9947-66f9b367b10a"
          ],
          "pending": [],
          "skipped": [],
          "duration": 4472,
          "root": false,
          "rootEmpty": false,
          "_timeout": 2000
        },
        {
          "uuid": "717d2177-3961-45ad-ab35-b185ff372641",
          "title": "7 - Clicar em uma das cores da paleta, faz com que ela seja selecionada e utilizada para preencher os pixels no quadro.",
          "fullFile": "",
          "file": "",
          "beforeHooks": [],
          "afterHooks": [],
          "tests": [
            {
              "title": "Verifica se somente uma cor da paleta de cores tem a classe `selected` de cada vez",
              "fullTitle": "7 - Clicar em uma das cores da paleta, faz com que ela seja selecionada e utilizada para preencher os pixels no quadro. Verifica se somente uma cor da paleta de cores tem a classe `selected` de cada vez",
              "timedOut": null,
              "duration": 4412,
              "state": "failed",
              "speed": null,
              "pass": false,
              "fail": true,
              "pending": false,
              "context": null,
              "code": "cy.get('.color').each(function (selectedColor, selectedColorIndex) {\n  cy.wrap(selectedColor).click();\n  cy.get('.color').each(function (color, colorIndex) {\n    if (colorIndex === selectedColorIndex) {\n      expect(color).to.have[\"class\"]('selected');\n    } else {\n      expect(color).not.to.have[\"class\"]('selected');\n    }\n  });\n});",
              "err": {
                "message": "CypressError: Timed out retrying: cy.click() failed because this element is not visible:\n\n<div class=\"color\" id=\"red\"></div>\n\nThis element '<div#red.color>' is not visible because it has an effective width and height of: '1350 x 0' pixels.\n\nFix this problem, or use {force: true} to disable error checking.\n\nhttps://on.cypress.io/element-cannot-be-interacted-with",
                "estack": "CypressError: Timed out retrying: cy.click() failed because this element is not visible:\n\n<div class=\"color\" id=\"red\"></div>\n\nThis element '<div#red.color>' is not visible because it has an effective width and height of: '1350 x 0' pixels.\n\nFix this problem, or use {force: true} to disable error checking.\n\nhttps://on.cypress.io/element-cannot-be-interacted-with\n    at cypressErr (http://localhost:33199/__cypress/runner/cypress_runner.js:149934:9)\n    at throwErr (http://localhost:33199/__cypress/runner/cypress_runner.js:149867:11)\n    at Object.throwErrByPath (http://localhost:33199/__cypress/runner/cypress_runner.js:149915:3)\n    at Object.retry (http://localhost:33199/__cypress/runner/cypress_runner.js:144197:19)\n    at retryActionability (http://localhost:33199/__cypress/runner/cypress_runner.js:132052:19)\n    at tryCatcher (http://localhost:33199/__cypress/runner/cypress_runner.js:167415:23)\n    at Function.Promise.attempt.Promise.try (http://localhost:33199/__cypress/runner/cypress_runner.js:164690:29)\n    at tryFn (http://localhost:33199/__cypress/runner/cypress_runner.js:144661:21)\n    at whenStable (http://localhost:33199/__cypress/runner/cypress_runner.js:144696:12)\n    at http://localhost:33199/__cypress/runner/cypress_runner.js:144240:16\n    at tryCatcher (http://localhost:33199/__cypress/runner/cypress_runner.js:167415:23)\n    at Promise._settlePromiseFromHandler (http://localhost:33199/__cypress/runner/cypress_runner.js:165351:31)\n    at Promise._settlePromise (http://localhost:33199/__cypress/runner/cypress_runner.js:165408:18)\n    at Promise._settlePromise0 (http://localhost:33199/__cypress/runner/cypress_runner.js:165453:10)\n    at Promise._settlePromises (http://localhost:33199/__cypress/runner/cypress_runner.js:165532:18)\n    at Promise._fulfill (http://localhost:33199/__cypress/runner/cypress_runner.js:165477:18)",
                "diff": null
              },
              "uuid": "3e08cc32-cf22-449e-9c84-c70c4bdb5b0e",
              "parentUUID": "717d2177-3961-45ad-ab35-b185ff372641",
              "isHook": false,
              "skipped": false
            },
            {
              "title": "Verifica se os pixels dentro do quadro não têm a classe `selected` quando são clicados",
              "fullTitle": "7 - Clicar em uma das cores da paleta, faz com que ela seja selecionada e utilizada para preencher os pixels no quadro. Verifica se os pixels dentro do quadro não têm a classe `selected` quando são clicados",
              "timedOut": null,
              "duration": 4365,
              "state": "failed",
              "speed": null,
              "pass": false,
              "fail": true,
              "pending": false,
              "context": null,
              "code": "cy.get('.color').each(function (color) {\n  var backgroundColor = color.css('background-color');\n  cy.wrap(color).click();\n  cy.get('.pixel').each(function (pixel) {\n    cy.wrap(pixel).click().should('not.have.class', 'selected');\n  });\n});",
              "err": {
                "message": "CypressError: Timed out retrying: cy.click() failed because this element is not visible:\n\n<div class=\"color\" id=\"red\"></div>\n\nThis element '<div#red.color>' is not visible because it has an effective width and height of: '1350 x 0' pixels.\n\nFix this problem, or use {force: true} to disable error checking.\n\nhttps://on.cypress.io/element-cannot-be-interacted-with",
                "estack": "CypressError: Timed out retrying: cy.click() failed because this element is not visible:\n\n<div class=\"color\" id=\"red\"></div>\n\nThis element '<div#red.color>' is not visible because it has an effective width and height of: '1350 x 0' pixels.\n\nFix this problem, or use {force: true} to disable error checking.\n\nhttps://on.cypress.io/element-cannot-be-interacted-with\n    at cypressErr (http://localhost:33199/__cypress/runner/cypress_runner.js:149934:9)\n    at throwErr (http://localhost:33199/__cypress/runner/cypress_runner.js:149867:11)\n    at Object.throwErrByPath (http://localhost:33199/__cypress/runner/cypress_runner.js:149915:3)\n    at Object.retry (http://localhost:33199/__cypress/runner/cypress_runner.js:144197:19)\n    at retryActionability (http://localhost:33199/__cypress/runner/cypress_runner.js:132052:19)\n    at tryCatcher (http://localhost:33199/__cypress/runner/cypress_runner.js:167415:23)\n    at Function.Promise.attempt.Promise.try (http://localhost:33199/__cypress/runner/cypress_runner.js:164690:29)\n    at tryFn (http://localhost:33199/__cypress/runner/cypress_runner.js:144661:21)\n    at whenStable (http://localhost:33199/__cypress/runner/cypress_runner.js:144696:12)\n    at http://localhost:33199/__cypress/runner/cypress_runner.js:144240:16\n    at tryCatcher (http://localhost:33199/__cypress/runner/cypress_runner.js:167415:23)\n    at Promise._settlePromiseFromHandler (http://localhost:33199/__cypress/runner/cypress_runner.js:165351:31)\n    at Promise._settlePromise (http://localhost:33199/__cypress/runner/cypress_runner.js:165408:18)\n    at Promise._settlePromise0 (http://localhost:33199/__cypress/runner/cypress_runner.js:165453:10)\n    at Promise._settlePromises (http://localhost:33199/__cypress/runner/cypress_runner.js:165532:18)\n    at Promise._fulfill (http://localhost:33199/__cypress/runner/cypress_runner.js:165477:18)",
                "diff": null
              },
              "uuid": "b8aa60b5-bea7-4d77-b6f3-475bb8441527",
              "parentUUID": "717d2177-3961-45ad-ab35-b185ff372641",
              "isHook": false,
              "skipped": false
            }
          ],
          "suites": [],
          "passes": [],
          "failures": [
            "3e08cc32-cf22-449e-9c84-c70c4bdb5b0e",
            "b8aa60b5-bea7-4d77-b6f3-475bb8441527"
          ],
          "pending": [],
          "skipped": [],
          "duration": 8777,
          "root": false,
          "rootEmpty": false,
          "_timeout": 2000
        },
        {
          "uuid": "28b2527f-5294-4341-bb2b-e292d9ad48c8",
          "title": "8 - Clicar em um pixel dentro do quadro após selecionar uma cor na paleta, faz com que o pixel seja preenchido com a cor selecionada.",
          "fullFile": "",
          "file": "",
          "beforeHooks": [],
          "afterHooks": [],
          "tests": [
            {
              "title": "Verifica se ao carregar a página deve ser possível pintar os pixels de preto",
              "fullTitle": "8 - Clicar em um pixel dentro do quadro após selecionar uma cor na paleta, faz com que o pixel seja preenchido com a cor selecionada. Verifica se ao carregar a página deve ser possível pintar os pixels de preto",
              "timedOut": null,
              "duration": 4372,
              "state": "failed",
              "speed": null,
              "pass": false,
              "fail": true,
              "pending": false,
              "context": null,
              "code": "cy.get('.pixel').each(function (pixel) {\n  cy.wrap(pixel).click().should('have.css', 'background-color', BLACK);\n});",
              "err": {
                "message": "CypressError: Timed out retrying: cy.click() failed because this element is not visible:\n\n<div class=\"pixel\"></div>\n\nThis element '<div.pixel>' is not visible because it has an effective width and height of: '1350 x 0' pixels.\n\nFix this problem, or use {force: true} to disable error checking.\n\nhttps://on.cypress.io/element-cannot-be-interacted-with",
                "estack": "CypressError: Timed out retrying: cy.click() failed because this element is not visible:\n\n<div class=\"pixel\"></div>\n\nThis element '<div.pixel>' is not visible because it has an effective width and height of: '1350 x 0' pixels.\n\nFix this problem, or use {force: true} to disable error checking.\n\nhttps://on.cypress.io/element-cannot-be-interacted-with\n    at cypressErr (http://localhost:33199/__cypress/runner/cypress_runner.js:149934:9)\n    at throwErr (http://localhost:33199/__cypress/runner/cypress_runner.js:149867:11)\n    at Object.throwErrByPath (http://localhost:33199/__cypress/runner/cypress_runner.js:149915:3)\n    at Object.retry (http://localhost:33199/__cypress/runner/cypress_runner.js:144197:19)\n    at retryActionability (http://localhost:33199/__cypress/runner/cypress_runner.js:132052:19)\n    at tryCatcher (http://localhost:33199/__cypress/runner/cypress_runner.js:167415:23)\n    at Function.Promise.attempt.Promise.try (http://localhost:33199/__cypress/runner/cypress_runner.js:164690:29)\n    at tryFn (http://localhost:33199/__cypress/runner/cypress_runner.js:144661:21)\n    at whenStable (http://localhost:33199/__cypress/runner/cypress_runner.js:144696:12)\n    at http://localhost:33199/__cypress/runner/cypress_runner.js:144240:16\n    at tryCatcher (http://localhost:33199/__cypress/runner/cypress_runner.js:167415:23)\n    at Promise._settlePromiseFromHandler (http://localhost:33199/__cypress/runner/cypress_runner.js:165351:31)\n    at Promise._settlePromise (http://localhost:33199/__cypress/runner/cypress_runner.js:165408:18)\n    at Promise._settlePromise0 (http://localhost:33199/__cypress/runner/cypress_runner.js:165453:10)\n    at Promise._settlePromises (http://localhost:33199/__cypress/runner/cypress_runner.js:165532:18)\n    at Promise._fulfill (http://localhost:33199/__cypress/runner/cypress_runner.js:165477:18)",
                "diff": null
              },
              "uuid": "463c1d6a-a9ff-4f76-a974-7af82e5d87d7",
              "parentUUID": "28b2527f-5294-4341-bb2b-e292d9ad48c8",
              "isHook": false,
              "skipped": false
            },
            {
              "title": "Verifica se após selecionar uma outra cor na paleta, é possível pintar os pixels com essa cor",
              "fullTitle": "8 - Clicar em um pixel dentro do quadro após selecionar uma cor na paleta, faz com que o pixel seja preenchido com a cor selecionada. Verifica se após selecionar uma outra cor na paleta, é possível pintar os pixels com essa cor",
              "timedOut": null,
              "duration": 4416,
              "state": "failed",
              "speed": null,
              "pass": false,
              "fail": true,
              "pending": false,
              "context": null,
              "code": "cy.get('.color').each(function (color) {\n  var backgroundColor = color.css('background-color');\n  cy.wrap(color).click();\n  cy.get('.pixel').each(function (pixel) {\n    cy.wrap(pixel).click().should('have.css', 'background-color', backgroundColor);\n  });\n});",
              "err": {
                "message": "CypressError: Timed out retrying: cy.click() failed because this element is not visible:\n\n<div class=\"color\" id=\"red\"></div>\n\nThis element '<div#red.color>' is not visible because it has an effective width and height of: '1350 x 0' pixels.\n\nFix this problem, or use {force: true} to disable error checking.\n\nhttps://on.cypress.io/element-cannot-be-interacted-with",
                "estack": "CypressError: Timed out retrying: cy.click() failed because this element is not visible:\n\n<div class=\"color\" id=\"red\"></div>\n\nThis element '<div#red.color>' is not visible because it has an effective width and height of: '1350 x 0' pixels.\n\nFix this problem, or use {force: true} to disable error checking.\n\nhttps://on.cypress.io/element-cannot-be-interacted-with\n    at cypressErr (http://localhost:33199/__cypress/runner/cypress_runner.js:149934:9)\n    at throwErr (http://localhost:33199/__cypress/runner/cypress_runner.js:149867:11)\n    at Object.throwErrByPath (http://localhost:33199/__cypress/runner/cypress_runner.js:149915:3)\n    at Object.retry (http://localhost:33199/__cypress/runner/cypress_runner.js:144197:19)\n    at retryActionability (http://localhost:33199/__cypress/runner/cypress_runner.js:132052:19)\n    at tryCatcher (http://localhost:33199/__cypress/runner/cypress_runner.js:167415:23)\n    at Function.Promise.attempt.Promise.try (http://localhost:33199/__cypress/runner/cypress_runner.js:164690:29)\n    at tryFn (http://localhost:33199/__cypress/runner/cypress_runner.js:144661:21)\n    at whenStable (http://localhost:33199/__cypress/runner/cypress_runner.js:144696:12)\n    at http://localhost:33199/__cypress/runner/cypress_runner.js:144240:16\n    at tryCatcher (http://localhost:33199/__cypress/runner/cypress_runner.js:167415:23)\n    at Promise._settlePromiseFromHandler (http://localhost:33199/__cypress/runner/cypress_runner.js:165351:31)\n    at Promise._settlePromise (http://localhost:33199/__cypress/runner/cypress_runner.js:165408:18)\n    at Promise._settlePromise0 (http://localhost:33199/__cypress/runner/cypress_runner.js:165453:10)\n    at Promise._settlePromises (http://localhost:33199/__cypress/runner/cypress_runner.js:165532:18)\n    at Promise._fulfill (http://localhost:33199/__cypress/runner/cypress_runner.js:165477:18)",
                "diff": null
              },
              "uuid": "36e7b012-a0b3-4b02-be87-d9084e07a939",
              "parentUUID": "28b2527f-5294-4341-bb2b-e292d9ad48c8",
              "isHook": false,
              "skipped": false
            },
            {
              "title": "Verifica se somente o pixel que foi clicado foi preenchido com a cor selecionada, sem influenciar na cor dos demais pixels.",
              "fullTitle": "8 - Clicar em um pixel dentro do quadro após selecionar uma cor na paleta, faz com que o pixel seja preenchido com a cor selecionada. Verifica se somente o pixel que foi clicado foi preenchido com a cor selecionada, sem influenciar na cor dos demais pixels.",
              "timedOut": null,
              "duration": 4393,
              "state": "failed",
              "speed": null,
              "pass": false,
              "fail": true,
              "pending": false,
              "context": null,
              "code": "var colorToPixelIndexMap = {\n  0: 6,\n  1: 8,\n  2: 16,\n  3: 18\n};\ncy.get('.color').each(function (color, index) {\n  cy.wrap(color).click();\n  var backgroundColor = color.css('background-color');\n  var clickedPixelIndex = colorToPixelIndexMap[index];\n  cy.get('.pixel').eq(clickedPixelIndex).click();\n  cy.get('.pixel').eq(clickedPixelIndex - 1).should('not.have.css', 'background-color', backgroundColor);\n  cy.get('.pixel').eq(clickedPixelIndex + 1).should('not.have.css', 'background-color', backgroundColor);\n  cy.get('.pixel').eq(clickedPixelIndex - 5).should('not.have.css', 'background-color', backgroundColor);\n  cy.get('.pixel').eq(clickedPixelIndex + 5).should('not.have.css', 'background-color', backgroundColor);\n  cy.get('.pixel').eq(clickedPixelIndex - 6).should('not.have.css', 'background-color', backgroundColor);\n  cy.get('.pixel').eq(clickedPixelIndex - 4).should('not.have.css', 'background-color', backgroundColor);\n  cy.get('.pixel').eq(clickedPixelIndex + 4).should('not.have.css', 'background-color', backgroundColor);\n  cy.get('.pixel').eq(clickedPixelIndex + 6).should('not.have.css', 'background-color', backgroundColor);\n});",
              "err": {
                "message": "CypressError: Timed out retrying: cy.click() failed because this element is not visible:\n\n<div class=\"color\" id=\"red\"></div>\n\nThis element '<div#red.color>' is not visible because it has an effective width and height of: '1350 x 0' pixels.\n\nFix this problem, or use {force: true} to disable error checking.\n\nhttps://on.cypress.io/element-cannot-be-interacted-with",
                "estack": "CypressError: Timed out retrying: cy.click() failed because this element is not visible:\n\n<div class=\"color\" id=\"red\"></div>\n\nThis element '<div#red.color>' is not visible because it has an effective width and height of: '1350 x 0' pixels.\n\nFix this problem, or use {force: true} to disable error checking.\n\nhttps://on.cypress.io/element-cannot-be-interacted-with\n    at cypressErr (http://localhost:33199/__cypress/runner/cypress_runner.js:149934:9)\n    at throwErr (http://localhost:33199/__cypress/runner/cypress_runner.js:149867:11)\n    at Object.throwErrByPath (http://localhost:33199/__cypress/runner/cypress_runner.js:149915:3)\n    at Object.retry (http://localhost:33199/__cypress/runner/cypress_runner.js:144197:19)\n    at retryActionability (http://localhost:33199/__cypress/runner/cypress_runner.js:132052:19)\n    at tryCatcher (http://localhost:33199/__cypress/runner/cypress_runner.js:167415:23)\n    at Function.Promise.attempt.Promise.try (http://localhost:33199/__cypress/runner/cypress_runner.js:164690:29)\n    at tryFn (http://localhost:33199/__cypress/runner/cypress_runner.js:144661:21)\n    at whenStable (http://localhost:33199/__cypress/runner/cypress_runner.js:144696:12)\n    at http://localhost:33199/__cypress/runner/cypress_runner.js:144240:16\n    at tryCatcher (http://localhost:33199/__cypress/runner/cypress_runner.js:167415:23)\n    at Promise._settlePromiseFromHandler (http://localhost:33199/__cypress/runner/cypress_runner.js:165351:31)\n    at Promise._settlePromise (http://localhost:33199/__cypress/runner/cypress_runner.js:165408:18)\n    at Promise._settlePromise0 (http://localhost:33199/__cypress/runner/cypress_runner.js:165453:10)\n    at Promise._settlePromises (http://localhost:33199/__cypress/runner/cypress_runner.js:165532:18)\n    at Promise._fulfill (http://localhost:33199/__cypress/runner/cypress_runner.js:165477:18)",
                "diff": null
              },
              "uuid": "a97eab39-1c6e-4e68-a71b-6d0130db6732",
              "parentUUID": "28b2527f-5294-4341-bb2b-e292d9ad48c8",
              "isHook": false,
              "skipped": false
            }
          ],
          "suites": [],
          "passes": [],
          "failures": [
            "463c1d6a-a9ff-4f76-a974-7af82e5d87d7",
            "36e7b012-a0b3-4b02-be87-d9084e07a939",
            "a97eab39-1c6e-4e68-a71b-6d0130db6732"
          ],
          "pending": [],
          "skipped": [],
          "duration": 13181,
          "root": false,
          "rootEmpty": false,
          "_timeout": 2000
        },
        {
          "uuid": "b59648d0-e58a-4830-8b9f-ed77c6d5a2de",
          "title": "9 - Crie um botão que, ao ser clicado, limpa o quadro preenchendo a cor de todos seus pixels com branco.",
          "fullFile": "",
          "file": "",
          "beforeHooks": [],
          "afterHooks": [],
          "tests": [
            {
              "title": "Verifica se o botão tem o `id` denominado `clear-board`",
              "fullTitle": "9 - Crie um botão que, ao ser clicado, limpa o quadro preenchendo a cor de todos seus pixels com branco. Verifica se o botão tem o `id` denominado `clear-board`",
              "timedOut": null,
              "duration": 4357,
              "state": "failed",
              "speed": null,
              "pass": false,
              "fail": true,
              "pending": false,
              "context": null,
              "code": "cy.get('#clear-board').should('be.visible');",
              "err": {
                "message": "CypressError: Timed out retrying: Expected to find element: '#clear-board', but never found it.",
                "estack": "CypressError: Timed out retrying: Expected to find element: '#clear-board', but never found it.\n    at cypressErr (http://localhost:33199/__cypress/runner/cypress_runner.js:149934:9)\n    at throwErr (http://localhost:33199/__cypress/runner/cypress_runner.js:149867:11)\n    at Object.throwErrByPath (http://localhost:33199/__cypress/runner/cypress_runner.js:149915:3)\n    at retry (http://localhost:33199/__cypress/runner/cypress_runner.js:144197:19)\n    at onFailFn (http://localhost:33199/__cypress/runner/cypress_runner.js:132448:16)\n    at tryCatcher (http://localhost:33199/__cypress/runner/cypress_runner.js:167415:23)\n    at Promise._settlePromiseFromHandler (http://localhost:33199/__cypress/runner/cypress_runner.js:165351:31)\n    at Promise._settlePromise (http://localhost:33199/__cypress/runner/cypress_runner.js:165408:18)\n    at Promise._settlePromise0 (http://localhost:33199/__cypress/runner/cypress_runner.js:165453:10)\n    at Promise._settlePromises (http://localhost:33199/__cypress/runner/cypress_runner.js:165528:18)\n    at Async../node_modules/bluebird/js/release/async.js.Async._drainQueue (http://localhost:33199/__cypress/runner/cypress_runner.js:162140:16)\n    at Async../node_modules/bluebird/js/release/async.js.Async._drainQueues (http://localhost:33199/__cypress/runner/cypress_runner.js:162150:10)\n    at Async.drainQueues (http://localhost:33199/__cypress/runner/cypress_runner.js:162024:14)",
                "diff": null
              },
              "uuid": "77466bc5-3f4b-44c6-bd81-99f9165e5237",
              "parentUUID": "b59648d0-e58a-4830-8b9f-ed77c6d5a2de",
              "isHook": false,
              "skipped": false
            },
            {
              "title": "Verifica se o botão está posicionado entre a paleta de cores e o quadro de pixels",
              "fullTitle": "9 - Crie um botão que, ao ser clicado, limpa o quadro preenchendo a cor de todos seus pixels com branco. Verifica se o botão está posicionado entre a paleta de cores e o quadro de pixels",
              "timedOut": null,
              "duration": 4333,
              "state": "failed",
              "speed": null,
              "pass": false,
              "fail": true,
              "pending": false,
              "context": null,
              "code": "cy.get('#color-palette').then(function (palette) {\n  cy.get('#clear-board').should('be.belowOf', palette);\n});\ncy.get('#clear-board').then(function (clearBtn) {\n  cy.get('#pixel-board').should('be.belowOf', clearBtn);\n});",
              "err": {
                "message": "CypressError: Timed out retrying: Expected to find element: '#clear-board', but never found it.",
                "estack": "CypressError: Timed out retrying: Expected to find element: '#clear-board', but never found it.\n    at cypressErr (http://localhost:33199/__cypress/runner/cypress_runner.js:149934:9)\n    at throwErr (http://localhost:33199/__cypress/runner/cypress_runner.js:149867:11)\n    at Object.throwErrByPath (http://localhost:33199/__cypress/runner/cypress_runner.js:149915:3)\n    at retry (http://localhost:33199/__cypress/runner/cypress_runner.js:144197:19)\n    at onFailFn (http://localhost:33199/__cypress/runner/cypress_runner.js:132448:16)\n    at tryCatcher (http://localhost:33199/__cypress/runner/cypress_runner.js:167415:23)\n    at Promise._settlePromiseFromHandler (http://localhost:33199/__cypress/runner/cypress_runner.js:165351:31)\n    at Promise._settlePromise (http://localhost:33199/__cypress/runner/cypress_runner.js:165408:18)\n    at Promise._settlePromise0 (http://localhost:33199/__cypress/runner/cypress_runner.js:165453:10)\n    at Promise._settlePromises (http://localhost:33199/__cypress/runner/cypress_runner.js:165528:18)\n    at Async../node_modules/bluebird/js/release/async.js.Async._drainQueue (http://localhost:33199/__cypress/runner/cypress_runner.js:162140:16)\n    at Async../node_modules/bluebird/js/release/async.js.Async._drainQueues (http://localhost:33199/__cypress/runner/cypress_runner.js:162150:10)\n    at Async.drainQueues (http://localhost:33199/__cypress/runner/cypress_runner.js:162024:14)",
                "diff": null
              },
              "uuid": "d1b06a2b-cf3e-4133-a137-c38aa24ea7cc",
              "parentUUID": "b59648d0-e58a-4830-8b9f-ed77c6d5a2de",
              "isHook": false,
              "skipped": false
            },
            {
              "title": "Verifica se o texto do botão é 'Limpar'",
              "fullTitle": "9 - Crie um botão que, ao ser clicado, limpa o quadro preenchendo a cor de todos seus pixels com branco. Verifica se o texto do botão é 'Limpar'",
              "timedOut": null,
              "duration": 4369,
              "state": "failed",
              "speed": null,
              "pass": false,
              "fail": true,
              "pending": false,
              "context": null,
              "code": "cy.get('#clear-board').should('contain.text', 'Limpar');",
              "err": {
                "message": "CypressError: Timed out retrying: Expected to find element: '#clear-board', but never found it.",
                "estack": "CypressError: Timed out retrying: Expected to find element: '#clear-board', but never found it.\n    at cypressErr (http://localhost:33199/__cypress/runner/cypress_runner.js:149934:9)\n    at throwErr (http://localhost:33199/__cypress/runner/cypress_runner.js:149867:11)\n    at Object.throwErrByPath (http://localhost:33199/__cypress/runner/cypress_runner.js:149915:3)\n    at retry (http://localhost:33199/__cypress/runner/cypress_runner.js:144197:19)\n    at onFailFn (http://localhost:33199/__cypress/runner/cypress_runner.js:132448:16)\n    at tryCatcher (http://localhost:33199/__cypress/runner/cypress_runner.js:167415:23)\n    at Promise._settlePromiseFromHandler (http://localhost:33199/__cypress/runner/cypress_runner.js:165351:31)\n    at Promise._settlePromise (http://localhost:33199/__cypress/runner/cypress_runner.js:165408:18)\n    at Promise._settlePromise0 (http://localhost:33199/__cypress/runner/cypress_runner.js:165453:10)\n    at Promise._settlePromises (http://localhost:33199/__cypress/runner/cypress_runner.js:165528:18)\n    at Async../node_modules/bluebird/js/release/async.js.Async._drainQueue (http://localhost:33199/__cypress/runner/cypress_runner.js:162140:16)\n    at Async../node_modules/bluebird/js/release/async.js.Async._drainQueues (http://localhost:33199/__cypress/runner/cypress_runner.js:162150:10)\n    at Async.drainQueues (http://localhost:33199/__cypress/runner/cypress_runner.js:162024:14)",
                "diff": null
              },
              "uuid": "eea1f398-0e02-492e-89c8-b6c8ec812144",
              "parentUUID": "b59648d0-e58a-4830-8b9f-ed77c6d5a2de",
              "isHook": false,
              "skipped": false
            },
            {
              "title": "Verifica se ao clicar no botão, o quadro de pixels é totalmente preenchido de branco",
              "fullTitle": "9 - Crie um botão que, ao ser clicado, limpa o quadro preenchendo a cor de todos seus pixels com branco. Verifica se ao clicar no botão, o quadro de pixels é totalmente preenchido de branco",
              "timedOut": null,
              "duration": 4391,
              "state": "failed",
              "speed": null,
              "pass": false,
              "fail": true,
              "pending": false,
              "context": null,
              "code": "cy.get('.color').eq(1).then(function (color) {\n  var backgroundColor = color.css('background-color');\n  cy.wrap(color).click();\n  cy.get('.pixel').each(function (pixel) {\n    cy.wrap(pixel).click().should('have.css', 'background-color', backgroundColor);\n  });\n});\ncy.get('#clear-board').click();\ncy.get('.pixel').each(function (pixel) {\n  cy.wrap(pixel).should('have.css', 'background-color', WHITE);\n});",
              "err": {
                "message": "CypressError: Timed out retrying: cy.click() failed because this element is not visible:\n\n<div class=\"color\" id=\"green\"></div>\n\nThis element '<div#green.color>' is not visible because it has an effective width and height of: '1350 x 0' pixels.\n\nFix this problem, or use {force: true} to disable error checking.\n\nhttps://on.cypress.io/element-cannot-be-interacted-with",
                "estack": "CypressError: Timed out retrying: cy.click() failed because this element is not visible:\n\n<div class=\"color\" id=\"green\"></div>\n\nThis element '<div#green.color>' is not visible because it has an effective width and height of: '1350 x 0' pixels.\n\nFix this problem, or use {force: true} to disable error checking.\n\nhttps://on.cypress.io/element-cannot-be-interacted-with\n    at cypressErr (http://localhost:33199/__cypress/runner/cypress_runner.js:149934:9)\n    at throwErr (http://localhost:33199/__cypress/runner/cypress_runner.js:149867:11)\n    at Object.throwErrByPath (http://localhost:33199/__cypress/runner/cypress_runner.js:149915:3)\n    at Object.retry (http://localhost:33199/__cypress/runner/cypress_runner.js:144197:19)\n    at retryActionability (http://localhost:33199/__cypress/runner/cypress_runner.js:132052:19)\n    at tryCatcher (http://localhost:33199/__cypress/runner/cypress_runner.js:167415:23)\n    at Function.Promise.attempt.Promise.try (http://localhost:33199/__cypress/runner/cypress_runner.js:164690:29)\n    at tryFn (http://localhost:33199/__cypress/runner/cypress_runner.js:144661:21)\n    at whenStable (http://localhost:33199/__cypress/runner/cypress_runner.js:144696:12)\n    at http://localhost:33199/__cypress/runner/cypress_runner.js:144240:16\n    at tryCatcher (http://localhost:33199/__cypress/runner/cypress_runner.js:167415:23)\n    at Promise._settlePromiseFromHandler (http://localhost:33199/__cypress/runner/cypress_runner.js:165351:31)\n    at Promise._settlePromise (http://localhost:33199/__cypress/runner/cypress_runner.js:165408:18)\n    at Promise._settlePromise0 (http://localhost:33199/__cypress/runner/cypress_runner.js:165453:10)\n    at Promise._settlePromises (http://localhost:33199/__cypress/runner/cypress_runner.js:165532:18)\n    at Promise._fulfill (http://localhost:33199/__cypress/runner/cypress_runner.js:165477:18)",
                "diff": null
              },
              "uuid": "74657727-6c60-4185-a88c-224be141e901",
              "parentUUID": "b59648d0-e58a-4830-8b9f-ed77c6d5a2de",
              "isHook": false,
              "skipped": false
            }
          ],
          "suites": [],
          "passes": [],
          "failures": [
            "77466bc5-3f4b-44c6-bd81-99f9165e5237",
            "d1b06a2b-cf3e-4133-a137-c38aa24ea7cc",
            "eea1f398-0e02-492e-89c8-b6c8ec812144",
            "74657727-6c60-4185-a88c-224be141e901"
          ],
          "pending": [],
          "skipped": [],
          "duration": 17450,
          "root": false,
          "rootEmpty": false,
          "_timeout": 2000
        },
        {
          "uuid": "5c593986-f526-4a06-8172-a843234e870c",
          "title": "10 - Faça o quadro de pixels ter seu tamanho definido pelo usuário.",
          "fullFile": "",
          "file": "",
          "beforeHooks": [],
          "afterHooks": [],
          "tests": [
            {
              "title": "Verifica se existe um input com o id `board-size`",
              "fullTitle": "10 - Faça o quadro de pixels ter seu tamanho definido pelo usuário. Verifica se existe um input com o id `board-size`",
              "timedOut": null,
              "duration": 4464,
              "state": "failed",
              "speed": null,
              "pass": false,
              "fail": true,
              "pending": false,
              "context": null,
              "code": "cy.get('#board-size').should('be.visible');",
              "err": {
                "message": "CypressError: Timed out retrying: Expected to find element: '#board-size', but never found it.",
[...]
                "diff": null
              },
              "uuid": "372301d6-b5a6-4a7d-8571-0ab9ae348e02",
              "parentUUID": "5c593986-f526-4a06-8172-a843234e870c",
              "isHook": false,
              "skipped": false
            },
            {
              "title": "Verifica se o novo quadro tem todos os pixels preenchidos com a cor branca",
              "fullTitle": "10 - Faça o quadro de pixels ter seu tamanho definido pelo usuário. Verifica se o novo quadro tem todos os pixels preenchidos com a cor branca",
              "timedOut": null,
              "duration": 4387,
              "state": "failed",
              "speed": null,
              "pass": false,
              "fail": true,
              "pending": false,
              "context": null,
              "code": "cy.get('#board-size').clear().type(6);\ncy.get('#generate-board').click();\ncy.get('.pixel').should('have.length', 36).each(function (pixel) {\n  expect(pixel).to.have.css('background-color', WHITE);\n});",
              "err": {
                "message": "CypressError: Timed out retrying: Expected to find element: '#board-size', but never found it.",
                "estack": "CypressError: Timed out retrying: Expected to find element: '#board-size', but never found it.\n    at cypressErr (http://localhost:33199/__cypress/runner/cypress_runner.js:149934:9)\n    at throwErr (http://localhost:33199/__cypress/runner/cypress_runner.js:149867:11)\n    at Object.throwErrByPath (http://localhost:33199/__cypress/runner/cypress_runner.js:149915:3)\n    at retry (http://localhost:33199/__cypress/runner/cypress_runner.js:144197:19)\n    at onFailFn (http://localhost:33199/__cypress/runner/cypress_runner.js:132448:16)\n    at tryCatcher (http://localhost:33199/__cypress/runner/cypress_runner.js:167415:23)\n    at Promise._settlePromiseFromHandler (http://localhost:33199/__cypress/runner/cypress_runner.js:165351:31)\n    at Promise._settlePromise (http://localhost:33199/__cypress/runner/cypress_runner.js:165408:18)\n    at Promise._settlePromise0 (http://localhost:33199/__cypress/runner/cypress_runner.js:165453:10)\n    at Promise._settlePromises (http://localhost:33199/__cypress/runner/cypress_runner.js:165528:18)\n    at Async../node_modules/bluebird/js/release/async.js.Async._drainQueue (http://localhost:33199/__cypress/runner/cypress_runner.js:162140:16)\n    at Async../node_modules/bluebird/js/release/async.js.Async._drainQueues (http://localhost:33199/__cypress/runner/cypress_runner.js:162150:10)\n    at Async.drainQueues (http://localhost:33199/__cypress/runner/cypress_runner.js:162024:14)",
                "diff": null
              },
              "uuid": "549c1510-bf17-4999-b220-f6951caae5f5",
              "parentUUID": "5c593986-f526-4a06-8172-a843234e870c",
              "isHook": false,
              "skipped": false
            }
          ],
          "suites": [],
          "passes": [],
          "failures": [
            "ad1080d6-0fe8-4317-9c5b-7cb9051398fd",
            "7b95c1fb-ac76-49f3-af28-f9890e7311bc",
            "1262e089-84bb-4303-b0ac-38bd98cb7a42",
            "cb595c95-7696-4209-8509-a834cb5e6749",
            "2122c751-eba7-4900-858d-b85e2de193d9",
            "08b86200-6b5d-4802-889c-09ca523c70f6",
            "dc4d42af-2581-4474-96cb-2d19d3343071",
            "372301d6-b5a6-4a7d-8571-0ab9ae348e02",
            "549c1510-bf17-4999-b220-f6951caae5f5"
          ],
          "pending": [],
          "skipped": [],
          "duration": 39488,
          "root": false,
          "rootEmpty": false,
          "_timeout": 2000
        },
        {
          "uuid": "b0ec5bf6-4304-4883-ab38-d627767c144d",
          "title": "11 - Limite o tamanho mínimo e máximo do board.",
          "fullFile": "",
          "file": "",
          "beforeHooks": [],
          "afterHooks": [],
          "tests": [
            {
              "title": "Verifica se a altura máxima do board é 50",
              "fullTitle": "11 - Limite o tamanho mínimo e máximo do board. Verifica se a altura máxima do board é 50",
              "timedOut": null,
              "duration": 4380,
              "state": "failed",
              "speed": null,
              "pass": false,
              "fail": true,
              "pending": false,
              "context": null,
              "code": "cy.get('#board-size').clear().type(50);\ncy.get('#generate-board').click();\ncy.get('.pixel').should('have.length', 2500);",
              "err": {
                "message": "CypressError: Timed out retrying: Expected to find element: '#board-size', but never found it.",
                "estack": "CypressError: Timed out retrying: Expected to find element: '#board-size', but never found it.\n    at cypressErr (http://localhost:33199/__cypress/runner/cypress_runner.js:149934:9)\n    at throwErr (http://localhost:33199/__cypress/runner/cypress_runner.js:149867:11)\n    at Object.throwErrByPath (http://localhost:33199/__cypress/runner/cypress_runner.js:149915:3)\n    at retry (http://localhost:33199/__cypress/runner/cypress_runner.js:144197:19)\n    at onFailFn (http://localhost:33199/__cypress/runner/cypress_runner.js:132448:16)\n    at tryCatcher (http://localhost:33199/__cypress/runner/cypress_runner.js:167415:23)\n    at Promise._settlePromiseFromHandler (http://localhost:33199/__cypress/runner/cypress_runner.js:165351:31)\n    at Promise._settlePromise (http://localhost:33199/__cypress/runner/cypress_runner.js:165408:18)\n    at Promise._settlePromise0 (http://localhost:33199/__cypress/runner/cypress_runner.js:165453:10)\n    at Promise._settlePromises (http://localhost:33199/__cypress/runner/cypress_runner.js:165528:18)\n    at Async../node_modules/bluebird/js/release/async.js.Async._drainQueue (http://localhost:33199/__cypress/runner/cypress_runner.js:162140:16)\n    at Async../node_modules/bluebird/js/release/async.js.Async._drainQueues (http://localhost:33199/__cypress/runner/cypress_runner.js:162150:10)\n    at Async.drainQueues (http://localhost:33199/__cypress/runner/cypress_runner.js:162024:14)",
                "diff": null
              },
              "uuid": "8141f9b5-7262-44da-a61b-abc674a57d99",
              "parentUUID": "b0ec5bf6-4304-4883-ab38-d627767c144d",
              "isHook": false,
              "skipped": false
            },
            {
              "title": "Verifica se a altura do board é 5 quando um valor menor é colocado no input",
              "fullTitle": "11 - Limite o tamanho mínimo e máximo do board. Verifica se a altura do board é 5 quando um valor menor é colocado no input",
              "timedOut": null,
              "duration": 4443,
              "state": "failed",
              "speed": null,
              "pass": false,
              "fail": true,
              "pending": false,
              "context": null,
              "code": "cy.get('#board-size').clear().type(4);\ncy.get('#generate-board').click();\ncy.get('.pixel').should('have.length', 25);",
              "err": {
                "message": "CypressError: Timed out retrying: Expected to find element: '#board-size', but never found it.",
                "estack": "CypressError: Timed out retrying: Expected to find element: '#board-size', but never found it.\n    at cypressErr (http://localhost:33199/__cypress/runner/cypress_runner.js:149934:9)\n    at throwErr (http://localhost:33199/__cypress/runner/cypress_runner.js:149867:11)\n    at Object.throwErrByPath (http://localhost:33199/__cypress/runner/cypress_runner.js:149915:3)\n    at retry (http://localhost:33199/__cypress/runner/cypress_runner.js:144197:19)\n    at onFailFn (http://localhost:33199/__cypress/runner/cypress_runner.js:132448:16)\n    at tryCatcher (http://localhost:33199/__cypress/runner/cypress_runner.js:167415:23)\n    at Promise._settlePromiseFromHandler (http://localhost:33199/__cypress/runner/cypress_runner.js:165351:31)\n    at Promise._settlePromise (http://localhost:33199/__cypress/runner/cypress_runner.js:165408:18)\n    at Promise._settlePromise0 (http://localhost:33199/__cypress/runner/cypress_runner.js:165453:10)\n    at Promise._settlePromises (http://localhost:33199/__cypress/runner/cypress_runner.js:165528:18)\n    at Async../node_modules/bluebird/js/release/async.js.Async._drainQueue (http://localhost:33199/__cypress/runner/cypress_runner.js:162140:16)\n    at Async../node_modules/bluebird/js/release/async.js.Async._drainQueues (http://localhost:33199/__cypress/runner/cypress_runner.js:162150:10)\n    at Async.drainQueues (http://localhost:33199/__cypress/runner/cypress_runner.js:162024:14)",
                "diff": null
              },
              "uuid": "12e40e68-3031-48c3-b14a-0b7a596dcc59",
              "parentUUID": "b0ec5bf6-4304-4883-ab38-d627767c144d",
              "isHook": false,
              "skipped": false
            },
            {
              "title": "Verifica se a altura do board é 50 quando um valor maior é colocado no input",
              "fullTitle": "11 - Limite o tamanho mínimo e máximo do board. Verifica se a altura do board é 50 quando um valor maior é colocado no input",
              "timedOut": null,
              "duration": 4387,
              "state": "failed",
              "speed": null,
              "pass": false,
              "fail": true,
              "pending": false,
              "context": null,
              "code": "cy.get('#board-size').clear().type(51);\ncy.get('#generate-board').click();\ncy.get('.pixel').should('have.length', 2500);",
              "err": {
                "message": "CypressError: Timed out retrying: Expected to find element: '#board-size', but never found it.",
                "estack": "CypressError: Timed out retrying: Expected to find element: '#board-size', but never found it.\n    at cypressErr (http://localhost:33199/__cypress/runner/cypress_runner.js:149934:9)\n    at throwErr (http://localhost:33199/__cypress/runner/cypress_runner.js:149867:11)\n    at Object.throwErrByPath (http://localhost:33199/__cypress/runner/cypress_runner.js:149915:3)\n    at retry (http://localhost:33199/__cypress/runner/cypress_runner.js:144197:19)\n    at onFailFn (http://localhost:33199/__cypress/runner/cypress_runner.js:132448:16)\n    at tryCatcher (http://localhost:33199/__cypress/runner/cypress_runner.js:167415:23)\n    at Promise._settlePromiseFromHandler (http://localhost:33199/__cypress/runner/cypress_runner.js:165351:31)\n    at Promise._settlePromise (http://localhost:33199/__cypress/runner/cypress_runner.js:165408:18)\n    at Promise._settlePromise0 (http://localhost:33199/__cypress/runner/cypress_runner.js:165453:10)\n    at Promise._settlePromises (http://localhost:33199/__cypress/runner/cypress_runner.js:165528:18)\n    at Async../node_modules/bluebird/js/release/async.js.Async._drainQueue (http://localhost:33199/__cypress/runner/cypress_runner.js:162140:16)\n    at Async../node_modules/bluebird/js/release/async.js.Async._drainQueues (http://localhost:33199/__cypress/runner/cypress_runner.js:162150:10)\n    at Async.drainQueues (http://localhost:33199/__cypress/runner/cypress_runner.js:162024:14)",
                "diff": null
              },
              "uuid": "7fa44bf5-de00-4d5b-aa65-0d66c2d7228d",
              "parentUUID": "b0ec5bf6-4304-4883-ab38-d627767c144d",
              "isHook": false,
              "skipped": false
            }
          ],
          "suites": [],
          "passes": [],
          "failures": [
            "8141f9b5-7262-44da-a61b-abc674a57d99",
            "12e40e68-3031-48c3-b14a-0b7a596dcc59",
            "7fa44bf5-de00-4d5b-aa65-0d66c2d7228d"
          ],
          "pending": [],
          "skipped": [],
          "duration": 13210,
          "root": false,
          "rootEmpty": false,
          "_timeout": 2000
        },
        {
          "uuid": "9c503afd-664f-4abf-bf07-c63df63bba33",
          "title": "12 - Faça com que as cores da paleta sejam geradas aleatoriamente ao carregar a página.",
          "fullFile": "",
          "file": "",
          "beforeHooks": [],
          "afterHooks": [],
          "tests": [
            {
              "title": "Verifica se as cores geradas na paleta são diferentes a cada carregamento da página",
              "fullTitle": "12 - Faça com que as cores da paleta sejam geradas aleatoriamente ao carregar a página. Verifica se as cores geradas na paleta são diferentes a cada carregamento da página",
              "timedOut": null,
              "duration": 374,
              "state": "failed",
              "speed": null,
              "pass": false,
              "fail": true,
              "pending": false,
              "context": null,
              "code": "cy.get('.color').then(function (colors) {\n  var currentColors;\n  var previousColors;\n  previousColors = Array.from(colors).map(function (color) {\n    return Cypress.$(color).css('background-color');\n  });\n  for (var i = 0; i < 5; i += 1) {\n    cy.reload();\n    cy.get('.color').then(function (colors) {\n      currentColors = Array.from(colors).map(function (color) {\n        return Cypress.$(color).css('background-color');\n      });\n      expect(currentColors).not.to.deep.equal(previousColors);\n      previousColors = currentColors;\n    });\n  }\n});",
              "err": {
                "message": "AssertionError: expected [ Array(4) ] to not deeply equal [ Array(4) ]",
                "estack": "AssertionError: expected [ Array(4) ] to not deeply equal [ Array(4) ]\n    at getRet (http://localhost:33199/__cypress/runner/cypress_runner.js:136585:16)\n    at tryCatcher (http://localhost:33199/__cypress/runner/cypress_runner.js:167415:23)\n    at Function.Promise.attempt.Promise.try (http://localhost:33199/__cypress/runner/cypress_runner.js:164690:29)\n    at Context.thenFn (http://localhost:33199/__cypress/runner/cypress_runner.js:136599:23)\n    at Context.then (http://localhost:33199/__cypress/runner/cypress_runner.js:136971:21)\n    at Context.<anonymous> (http://localhost:33199/__cypress/runner/cypress_runner.js:148875:21)\n    at http://localhost:33199/__cypress/runner/cypress_runner.js:148351:33\n    at tryCatcher (http://localhost:33199/__cypress/runner/cypress_runner.js:167415:23)\n    at Promise._settlePromiseFromHandler (http://localhost:33199/__cypress/runner/cypress_runner.js:165351:31)\n    at Promise._settlePromise (http://localhost:33199/__cypress/runner/cypress_runner.js:165408:18)\n    at Promise._settlePromiseCtx (http://localhost:33199/__cypress/runner/cypress_runner.js:165445:10)\n    at Async../node_modules/bluebird/js/release/async.js.Async._drainQueue (http://localhost:33199/__cypress/runner/cypress_runner.js:162145:12)\n    at Async../node_modules/bluebird/js/release/async.js.Async._drainQueues (http://localhost:33199/__cypress/runner/cypress_runner.js:162150:10)\n    at Async.drainQueues (http://localhost:33199/__cypress/runner/cypress_runner.js:162024:14)",
                "diff": ""
              },
              "uuid": "03c4b78c-fccc-4776-bbf5-0ad16cf4604a",
              "parentUUID": "9c503afd-664f-4abf-bf07-c63df63bba33",
              "isHook": false,
              "skipped": false
            },
            {
              "title": "Verifica se a cor preta ainda está presente e é a primeira na sua paleta de cores",
              "fullTitle": "12 - Faça com que as cores da paleta sejam geradas aleatoriamente ao carregar a página. Verifica se a cor preta ainda está presente e é a primeira na sua paleta de cores",
              "timedOut": null,
              "duration": 294,
              "state": "failed",
              "speed": null,
              "pass": false,
              "fail": true,
              "pending": false,
              "context": null,
              "code": "cy.get('.color').then(function (colors) {\n  var currentColors;\n  var previousColors;\n  previousColors = Array.from(colors).map(function (color) {\n    return Cypress.$(color).css('background-color');\n  });\n  expect(previousColors[0]).to.eq(BLACK);\n  for (var i = 0; i < 5; i += 1) {\n    cy.reload();\n    cy.get('.color').then(function (colors) {\n      currentColors = Array.from(colors).map(function (color) {\n        return Cypress.$(color).css('background-color');\n      });\n      expect(currentColors[0]).to.eq(BLACK);\n      expect(currentColors).not.to.deep.equal(previousColors);\n      previousColors = currentColors;\n    });\n  }\n});",
              "err": {
                "message": "AssertionError: expected 'rgba(0, 0, 0, 0)' to equal 'rgb(0, 0, 0)'",
                "estack": "AssertionError: expected 'rgba(0, 0, 0, 0)' to equal 'rgb(0, 0, 0)'\n    at getRet (http://localhost:33199/__cypress/runner/cypress_runner.js:136585:16)\n    at tryCatcher (http://localhost:33199/__cypress/runner/cypress_runner.js:167415:23)\n    at Function.Promise.attempt.Promise.try (http://localhost:33199/__cypress/runner/cypress_runner.js:164690:29)\n    at Context.thenFn (http://localhost:33199/__cypress/runner/cypress_runner.js:136599:23)\n    at Context.then (http://localhost:33199/__cypress/runner/cypress_runner.js:136971:21)\n    at Context.<anonymous> (http://localhost:33199/__cypress/runner/cypress_runner.js:148875:21)\n    at http://localhost:33199/__cypress/runner/cypress_runner.js:148351:33\n    at tryCatcher (http://localhost:33199/__cypress/runner/cypress_runner.js:167415:23)\n    at Promise._settlePromiseFromHandler (http://localhost:33199/__cypress/runner/cypress_runner.js:165351:31)\n    at Promise._settlePromise (http://localhost:33199/__cypress/runner/cypress_runner.js:165408:18)\n    at Promise._settlePromiseCtx (http://localhost:33199/__cypress/runner/cypress_runner.js:165445:10)\n    at Async../node_modules/bluebird/js/release/async.js.Async._drainQueue (http://localhost:33199/__cypress/runner/cypress_runner.js:162145:12)\n    at Async../node_modules/bluebird/js/release/async.js.Async._drainQueues (http://localhost:33199/__cypress/runner/cypress_runner.js:162150:10)\n    at Async.drainQueues (http://localhost:33199/__cypress/runner/cypress_runner.js:162024:14)",
                "diff": "- 'rgba(0, 0, 0, 0)'\n+ 'rgb(0, 0, 0)'\n"
              },
              "uuid": "5254b1d0-72c3-46e8-8230-e1022e819b9a",
              "parentUUID": "9c503afd-664f-4abf-bf07-c63df63bba33",
              "isHook": false,
              "skipped": false
            }
          ],
          "suites": [],
          "passes": [],
          "failures": [
            "03c4b78c-fccc-4776-bbf5-0ad16cf4604a",
            "5254b1d0-72c3-46e8-8230-e1022e819b9a"
          ],
          "pending": [],
          "skipped": [],
          "duration": 668,
          "root": false,
          "rootEmpty": false,
          "_timeout": 2000
        }
      ],
      "passes": [],
      "failures": [],
      "pending": [],
      "skipped": [],
      "duration": 0,
      "root": true,
      "rootEmpty": true,
      "_timeout": 2000
    }
  ],
  "meta": {
    "mocha": {
      "version": "7.0.1"
    },
    "mochawesome": {
      "options": {
        "quiet": false,
        "reportFilename": "mochawesome",
        "saveHtml": false,
        "saveJson": true,
        "consoleReporter": "spec",
        "useInlineDiffs": false
      },
      "version": "4.1.0"
    },
    "marge": {
      "options": {
        "id": "default",
        "reportDir": "cypress/reports",
        "overwrite": true,
        "html": false,
        "json": true
      },
      "version": "4.1.0"
    }
  }
}