{
  "stats": {
    "suites": 12,
    "tests": 41,
    "passes": 15,
    "pending": 0,
    "failures": 26,
    "start": "2021-09-10T22:41:12.740Z",
    "end": "2021-09-10T22:43:07.966Z",
    "duration": 115226,
    "testsRegistered": 41,
    "passPercent": 36.58536585365854,
    "pendingPercent": 0,
    "other": 0,
    "hasOther": false,
    "skipped": 0,
    "hasSkipped": false
  },
  "results": [
    {
      "uuid": "dbbd0aaa-c96b-43c6-9f95-36ca401e55c2",
      "title": "",
      "fullFile": "cypress/integration/project.spec.js",
      "file": "cypress/integration/project.spec.js",
      "beforeHooks": [],
      "afterHooks": [],
      "tests": [],
      "suites": [
        {
          "uuid": "2d0d0f5d-8517-46a7-bbf2-27d120e6bbcd",
          "title": "1 - Adicione à página o título \"Paleta de Cores\".",
          "fullFile": "",
          "file": "",
          "beforeHooks": [],
          "afterHooks": [],
          "tests": [
            {
              "title": "Verifica se contém um elemento `h1` com o id `title` com o título correto",
              "fullTitle": "1 - Adicione à página o título \"Paleta de Cores\". Verifica se contém um elemento `h1` com o id `title` com o título correto",
              "timedOut": null,
              "duration": 572,
              "state": "passed",
              "speed": "slow",
              "pass": true,
              "fail": false,
              "pending": false,
              "context": null,
              "code": "cy.get('h1#title').should('contain.text', 'Paleta de Cores');",
              "err": {},
              "uuid": "031614ac-8da3-42d0-b5e3-4db65f5d48c0",
              "parentUUID": "2d0d0f5d-8517-46a7-bbf2-27d120e6bbcd",
              "isHook": false,
              "skipped": false
            }
          ],
          "suites": [],
          "passes": [
            "031614ac-8da3-42d0-b5e3-4db65f5d48c0"
          ],
          "failures": [],
          "pending": [],
          "skipped": [],
          "duration": 572,
          "root": false,
          "rootEmpty": false,
          "_timeout": 2000
        },
        {
          "uuid": "fee3cc71-7ae0-4b76-a773-7fbf087e62af",
          "title": "2 - Adicione à página uma paleta de quatro cores distintas.",
          "fullFile": "",
          "file": "",
          "beforeHooks": [],
          "afterHooks": [],
          "tests": [
            {
              "title": "A paleta de cores deve ser um elemento com `id` denominado `color-palette`",
              "fullTitle": "2 - Adicione à página uma paleta de quatro cores distintas. A paleta de cores deve ser um elemento com `id` denominado `color-palette`",
              "timedOut": null,
              "duration": 102,
              "state": "passed",
              "speed": "slow",
              "pass": true,
              "fail": false,
              "pending": false,
              "context": null,
              "code": "cy.get('#color-palette').should('be.visible');\ncy.get('#color-palette').children('.color');",
              "err": {},
              "uuid": "e2c112c3-2e0d-49dc-b7bd-d2658a39f9fd",
              "parentUUID": "fee3cc71-7ae0-4b76-a773-7fbf087e62af",
              "isHook": false,
              "skipped": false
            },
            {
              "title": "Verifica se cada cor individual da paleta de cores possui a `classe` chamada `color`.",
              "fullTitle": "2 - Adicione à página uma paleta de quatro cores distintas. Verifica se cada cor individual da paleta de cores possui a `classe` chamada `color`.",
              "timedOut": null,
              "duration": 135,
              "state": "passed",
              "speed": "slow",
              "pass": true,
              "fail": false,
              "pending": false,
              "context": null,
              "code": "cy.get('.color').should('have.length', 4).then(function (colors) {\n  for (var i = 0; i < colors.length; i++) {\n    cy.wrap(colors[i]).should('be.visible');\n  }\n});",
              "err": {},
              "uuid": "da55f810-1aba-4c67-85a4-5a2beb242c61",
              "parentUUID": "fee3cc71-7ae0-4b76-a773-7fbf087e62af",
              "isHook": false,
              "skipped": false
            },
            {
              "title": "Verifica se a cor de fundo de cada elemento da paleta é a cor que o elemento representa. **A única cor não permitida na paleta é a cor branca.**",
              "fullTitle": "2 - Adicione à página uma paleta de quatro cores distintas. Verifica se a cor de fundo de cada elemento da paleta é a cor que o elemento representa. **A única cor não permitida na paleta é a cor branca.**",
              "timedOut": null,
              "duration": 156,
              "state": "passed",
              "speed": "slow",
              "pass": true,
              "fail": false,
              "pending": false,
              "context": null,
              "code": "cy.get('.color').each(function (color) {\n  cy.wrap(color).should('have.class', 'color').and('not.have.css', 'background-color', WHITE);\n  cy.wrap(color).should('have.css', 'background-color');\n});",
              "err": {},
              "uuid": "acd21826-c4bc-4922-bf08-b415bf6592cb",
              "parentUUID": "fee3cc71-7ae0-4b76-a773-7fbf087e62af",
              "isHook": false,
              "skipped": false
            },
            {
              "title": "Verifica se cada elemento da paleta de cores tem uma borda preta, sólida e com 1 pixel de largura;",
              "fullTitle": "2 - Adicione à página uma paleta de quatro cores distintas. Verifica se cada elemento da paleta de cores tem uma borda preta, sólida e com 1 pixel de largura;",
              "timedOut": null,
              "duration": 94,
              "state": "passed",
              "speed": "slow",
              "pass": true,
              "fail": false,
              "pending": false,
              "context": null,
              "code": "cy.get('.color').each(function (color) {\n  cy.wrap(color).and('have.css', 'border', \"1px solid \".concat(BLACK)).and('have.class', 'color');\n});",
              "err": {},
              "uuid": "f85e45ba-7308-494f-a8bd-8e11f139e80d",
              "parentUUID": "fee3cc71-7ae0-4b76-a773-7fbf087e62af",
              "isHook": false,
              "skipped": false
            },
            {
              "title": "Verifica se a paleta lista todas as cores disponíveis para utilização, lado a lado.",
              "fullTitle": "2 - Adicione à página uma paleta de quatro cores distintas. Verifica se a paleta lista todas as cores disponíveis para utilização, lado a lado.",
              "timedOut": null,
              "duration": 76,
              "state": "passed",
              "speed": "slow",
              "pass": true,
              "fail": false,
              "pending": false,
              "context": null,
              "code": "cy.get('.color').then(function (colors) {\n  for (var index = 1; index < colors.length; index += 1) {\n    var currentColor = colors[index];\n    var previousColor = colors[index - 1];\n    cy.wrap(currentColor).should('be.onTheRightOf', previousColor).and('be.horizontallyAlignedWith', previousColor);\n  }\n});",
              "err": {},
              "uuid": "692b15a3-c5f4-447c-bca9-87981431e4f0",
              "parentUUID": "fee3cc71-7ae0-4b76-a773-7fbf087e62af",
              "isHook": false,
              "skipped": false
            },
            {
              "title": "Verifica se a paleta de cores está posicionada abaixo do título 'Paleta de Cores'",
              "fullTitle": "2 - Adicione à página uma paleta de quatro cores distintas. Verifica se a paleta de cores está posicionada abaixo do título 'Paleta de Cores'",
              "timedOut": null,
              "duration": 105,
              "state": "passed",
              "speed": "slow",
              "pass": true,
              "fail": false,
              "pending": false,
              "context": null,
              "code": "cy.get('h1#title').then(function (title) {\n  cy.get('#color-palette').should('be.belowOf', title);\n});",
              "err": {},
              "uuid": "c0103a66-a04d-49fa-9942-bff688d38744",
              "parentUUID": "fee3cc71-7ae0-4b76-a773-7fbf087e62af",
              "isHook": false,
              "skipped": false
            },
            {
              "title": "Verifica se a paleta de cores não contém cores repetidas.",
              "fullTitle": "2 - Adicione à página uma paleta de quatro cores distintas. Verifica se a paleta de cores não contém cores repetidas.",
              "timedOut": null,
              "duration": 86,
              "state": "passed",
              "speed": "slow",
              "pass": true,
              "fail": false,
              "pending": false,
              "context": null,
              "code": "cy.get('.color').then(function (colors) {\n  var allColors = Array.from(colors).map(function (color) {\n    return Cypress.$(color).css('background-color');\n  });\n  cy.log(allColors);\n  var uniqColors = (0, _toConsumableArray2[\"default\"])(new Set(allColors));\n  cy.log(uniqColors);\n  expect(allColors.length).to.eq(uniqColors.length);\n});",
              "err": {},
              "uuid": "1cfdc1c8-b31a-4d2c-8641-a824e9dc18bf",
              "parentUUID": "fee3cc71-7ae0-4b76-a773-7fbf087e62af",
              "isHook": false,
              "skipped": false
            }
          ],
          "suites": [],
          "passes": [
            "e2c112c3-2e0d-49dc-b7bd-d2658a39f9fd",
            "da55f810-1aba-4c67-85a4-5a2beb242c61",
            "acd21826-c4bc-4922-bf08-b415bf6592cb",
            "f85e45ba-7308-494f-a8bd-8e11f139e80d",
            "692b15a3-c5f4-447c-bca9-87981431e4f0",
            "c0103a66-a04d-49fa-9942-bff688d38744",
            "1cfdc1c8-b31a-4d2c-8641-a824e9dc18bf"
          ],
          "failures": [],
          "pending": [],
          "skipped": [],
          "duration": 754,
          "root": false,
          "rootEmpty": false,
          "_timeout": 2000
        },
        {
          "uuid": "074b066f-6f29-4406-bf79-956ccae91528",
          "title": "3 - Adicione a cor **preta** como a primeira cor da paleta de cores.",
          "fullFile": "",
          "file": "",
          "beforeHooks": [],
          "afterHooks": [],
          "tests": [
            {
              "title": "Verifica se a primeira cor da paleta é preta",
              "fullTitle": "3 - Adicione a cor **preta** como a primeira cor da paleta de cores. Verifica se a primeira cor da paleta é preta",
              "timedOut": null,
              "duration": 97,
              "state": "passed",
              "speed": "slow",
              "pass": true,
              "fail": false,
              "pending": false,
              "context": null,
              "code": "cy.get('.color').first().should('have.css', 'background-color', BLACK);",
              "err": {},
              "uuid": "014b65dc-67ad-4897-9589-5614f75ffea2",
              "parentUUID": "074b066f-6f29-4406-bf79-956ccae91528",
              "isHook": false,
              "skipped": false
            },
            {
              "title": "Verifica se as demais cores podem ser escolhidas livremente.",
              "fullTitle": "3 - Adicione a cor **preta** como a primeira cor da paleta de cores. Verifica se as demais cores podem ser escolhidas livremente.",
              "timedOut": null,
              "duration": 169,
              "state": "passed",
              "speed": "slow",
              "pass": true,
              "fail": false,
              "pending": false,
              "context": null,
              "code": "cy.get('.color').eq(1).should('not.have.css', 'background-color', BLACK);\ncy.get('.color').eq(1).should('not.have.css', 'background-color', WHITE);\ncy.get('.color').eq(1).should('not.have.css', 'background-color', 'rgba(0, 0, 0, 0)');\ncy.get('.color').eq(1).should('have.css', 'background-color');\ncy.get('.color').eq(2).should('not.have.css', 'background-color', BLACK);\ncy.get('.color').eq(2).should('not.have.css', 'background-color', WHITE);\ncy.get('.color').eq(2).should('not.have.css', 'background-color', 'rgba(0, 0, 0, 0)');\ncy.get('.color').eq(2).should('have.css', 'background-color');\ncy.get('.color').eq(3).should('not.have.css', 'background-color', BLACK);\ncy.get('.color').eq(3).should('not.have.css', 'background-color', WHITE);\ncy.get('.color').eq(3).should('not.have.css', 'background-color', 'rgba(0, 0, 0, 0)');\ncy.get('.color').eq(3).should('have.css', 'background-color');",
              "err": {},
              "uuid": "917b579a-0a8b-4ef0-af64-3dc79d225e08",
              "parentUUID": "074b066f-6f29-4406-bf79-956ccae91528",
              "isHook": false,
              "skipped": false
            }
          ],
          "suites": [],
          "passes": [
            "014b65dc-67ad-4897-9589-5614f75ffea2",
            "917b579a-0a8b-4ef0-af64-3dc79d225e08"
          ],
          "failures": [],
          "pending": [],
          "skipped": [],
          "duration": 266,
          "root": false,
          "rootEmpty": false,
          "_timeout": 2000
        },
        {
          "uuid": "7919d2f6-49cd-4c9d-b415-257a643cef98",
          "title": "4 - Adicione à página um quadro de pixels, com 25 pixels.",
          "fullFile": "",
          "file": "",
          "beforeHooks": [],
          "afterHooks": [],
          "tests": [
            {
              "title": "Verifica se o quadro de pixels possui o `id` denominado `pixel-board`",
              "fullTitle": "4 - Adicione à página um quadro de pixels, com 25 pixels. Verifica se o quadro de pixels possui o `id` denominado `pixel-board`",
              "timedOut": null,
              "duration": 98,
              "state": "passed",
              "speed": "slow",
              "pass": true,
              "fail": false,
              "pending": false,
              "context": null,
              "code": "cy.get('#pixel-board').should('be.visible');",
              "err": {},
              "uuid": "323cbece-d17e-4438-af22-312c840b2ce1",
              "parentUUID": "7919d2f6-49cd-4c9d-b415-257a643cef98",
              "isHook": false,
              "skipped": false
            },
            {
              "title": "Verifica se cada pixel individual dentro do quadro possui a `classe` denominada `pixel`.",
              "fullTitle": "4 - Adicione à página um quadro de pixels, com 25 pixels. Verifica se cada pixel individual dentro do quadro possui a `classe` denominada `pixel`.",
              "timedOut": null,
              "duration": 4453,
              "state": "failed",
              "speed": null,
              "pass": false,
              "fail": true,
              "pending": false,
              "context": null,
              "code": "cy.get('.pixel').should('have.length', 25);",
              "err": {
                "message": "CypressError: Timed out retrying: Not enough elements found. Found '5', expected '25'.",
                "estack": "CypressError: Timed out retrying: Not enough elements found. Found '5', expected '25'.\n    at cypressErr (http://localhost:58598/__cypress/runner/cypress_runner.js:149934:9)\n    at throwErr (http://localhost:58598/__cypress/runner/cypress_runner.js:149867:11)\n    at Object.throwErrByPath (http://localhost:58598/__cypress/runner/cypress_runner.js:149915:3)\n    at retry (http://localhost:58598/__cypress/runner/cypress_runner.js:144197:19)\n    at onFailFn (http://localhost:58598/__cypress/runner/cypress_runner.js:132448:16)\n    at tryCatcher (http://localhost:58598/__cypress/runner/cypress_runner.js:167415:23)\n    at Promise._settlePromiseFromHandler (http://localhost:58598/__cypress/runner/cypress_runner.js:165351:31)\n    at Promise._settlePromise (http://localhost:58598/__cypress/runner/cypress_runner.js:165408:18)\n    at Promise._settlePromise0 (http://localhost:58598/__cypress/runner/cypress_runner.js:165453:10)\n    at Promise._settlePromises (http://localhost:58598/__cypress/runner/cypress_runner.js:165528:18)\n    at Async../node_modules/bluebird/js/release/async.js.Async._drainQueue (http://localhost:58598/__cypress/runner/cypress_runner.js:162140:16)\n    at Async../node_modules/bluebird/js/release/async.js.Async._drainQueues (http://localhost:58598/__cypress/runner/cypress_runner.js:162150:10)\n    at Async.drainQueues (http://localhost:58598/__cypress/runner/cypress_runner.js:162024:14)",
                "diff": null
              },
              "uuid": "bb269fff-657a-4c1c-9224-376b221de59d",
              "parentUUID": "7919d2f6-49cd-4c9d-b415-257a643cef98",
              "isHook": false,
              "skipped": false
            },
            {
              "title": "Verifica se a cor inicial dos pixels dentro do quadro, ao abrir a página, é branca.",
              "fullTitle": "4 - Adicione à página um quadro de pixels, com 25 pixels. Verifica se a cor inicial dos pixels dentro do quadro, ao abrir a página, é branca.",
              "timedOut": null,
              "duration": 4491,
              "state": "failed",
              "speed": null,
              "pass": false,
              "fail": true,
              "pending": false,
              "context": null,
              "code": "cy.get('.pixel').should('have.length', 25).each(function (pixel) {\n  expect(pixel).to.have.css('background-color', WHITE);\n});",
              "err": {
                "message": "CypressError: Timed out retrying: Not enough elements found. Found '5', expected '25'.",
                "estack": "CypressError: Timed out retrying: Not enough elements found. Found '5', expected '25'.\n    at cypressErr (http://localhost:58598/__cypress/runner/cypress_runner.js:149934:9)\n    at throwErr (http://localhost:58598/__cypress/runner/cypress_runner.js:149867:11)\n    at Object.throwErrByPath (http://localhost:58598/__cypress/runner/cypress_runner.js:149915:3)\n    at retry (http://localhost:58598/__cypress/runner/cypress_runner.js:144197:19)\n    at onFailFn (http://localhost:58598/__cypress/runner/cypress_runner.js:132448:16)\n    at tryCatcher (http://localhost:58598/__cypress/runner/cypress_runner.js:167415:23)\n    at Promise._settlePromiseFromHandler (http://localhost:58598/__cypress/runner/cypress_runner.js:165351:31)\n    at Promise._settlePromise (http://localhost:58598/__cypress/runner/cypress_runner.js:165408:18)\n    at Promise._settlePromise0 (http://localhost:58598/__cypress/runner/cypress_runner.js:165453:10)\n    at Promise._settlePromises (http://localhost:58598/__cypress/runner/cypress_runner.js:165528:18)\n    at Async../node_modules/bluebird/js/release/async.js.Async._drainQueue (http://localhost:58598/__cypress/runner/cypress_runner.js:162140:16)\n    at Async../node_modules/bluebird/js/release/async.js.Async._drainQueues (http://localhost:58598/__cypress/runner/cypress_runner.js:162150:10)\n    at Async.drainQueues (http://localhost:58598/__cypress/runner/cypress_runner.js:162024:14)",
                "diff": null
              },
              "uuid": "1001fad9-3ee8-46c1-b972-f7e07fa568e2",
              "parentUUID": "7919d2f6-49cd-4c9d-b415-257a643cef98",
              "isHook": false,
              "skipped": false
            },
            {
              "title": "Verifica se o quadro de pixels aparece abaixo da paleta de cores",
              "fullTitle": "4 - Adicione à página um quadro de pixels, com 25 pixels. Verifica se o quadro de pixels aparece abaixo da paleta de cores",
              "timedOut": null,
              "duration": 169,
              "state": "passed",
              "speed": "slow",
              "pass": true,
              "fail": false,
              "pending": false,
              "context": null,
              "code": "cy.get('#color-palette').then(function (palette) {\n  cy.get('#pixel-board').should('be.belowOf', palette);\n});",
              "err": {},
              "uuid": "b54766bc-2444-4c3a-8c6e-7eda6fc787ef",
              "parentUUID": "7919d2f6-49cd-4c9d-b415-257a643cef98",
              "isHook": false,
              "skipped": false
            }
          ],
          "suites": [],
          "passes": [
            "323cbece-d17e-4438-af22-312c840b2ce1",
            "b54766bc-2444-4c3a-8c6e-7eda6fc787ef"
          ],
          "failures": [
            "bb269fff-657a-4c1c-9224-376b221de59d",
            "1001fad9-3ee8-46c1-b972-f7e07fa568e2"
          ],
          "pending": [],
          "skipped": [],
          "duration": 9211,
          "root": false,
          "rootEmpty": false,
          "_timeout": 2000
        },
        {
          "uuid": "d0f58db6-a01f-42a0-b2ef-f43d0ab50dc8",
          "title": "5 - Faça com que cada elemento do quadro de pixels possua 40 pixels de largura, 40 pixels de altura e seja delimitado por uma borda preta de 1 pixel.",
          "fullFile": "",
          "file": "",
          "beforeHooks": [],
          "afterHooks": [],
          "tests": [
            {
              "title": "Verifica se o quadro de pixels tem altura e comprimento de 5 elementos",
              "fullTitle": "5 - Faça com que cada elemento do quadro de pixels possua 40 pixels de largura, 40 pixels de altura e seja delimitado por uma borda preta de 1 pixel. Verifica se o quadro de pixels tem altura e comprimento de 5 elementos",
              "timedOut": null,
              "duration": 4588,
              "state": "failed",
              "speed": null,
              "pass": false,
              "fail": true,
              "pending": false,
              "context": null,
              "code": "cy.get('.pixel').should('have.length', 25).each(function (pixel) {\n  expect(pixel).to.have.css('background-color', WHITE);\n}).and(function (pixels) {\n  var rows = chunk(pixels, 5);\n  rows.forEach(function (row) {\n    for (var index = 1; index < row.length; index += 1) {\n      var current = pixels[index];\n      var previous = pixels[index - 1];\n      cy.wrap(current).should('be.onTheRightOf', previous).and('be.horizontallyAlignedWith', previous);\n    }\n  });\n  for (var index = 1; index < 5; index += 1) {\n    expect(pixels[index * 5]).to.be.belowOf(pixels[(index - 1) * 5]);\n  }\n});",
              "err": {
                "message": "CypressError: Timed out retrying: Not enough elements found. Found '5', expected '25'.",
                "estack": "CypressError: Timed out retrying: Not enough elements found. Found '5', expected '25'.\n    at cypressErr (http://localhost:58598/__cypress/runner/cypress_runner.js:149934:9)\n    at throwErr (http://localhost:58598/__cypress/runner/cypress_runner.js:149867:11)\n    at Object.throwErrByPath (http://localhost:58598/__cypress/runner/cypress_runner.js:149915:3)\n    at retry (http://localhost:58598/__cypress/runner/cypress_runner.js:144197:19)\n    at onFailFn (http://localhost:58598/__cypress/runner/cypress_runner.js:132448:16)\n    at tryCatcher (http://localhost:58598/__cypress/runner/cypress_runner.js:167415:23)\n    at Promise._settlePromiseFromHandler (http://localhost:58598/__cypress/runner/cypress_runner.js:165351:31)\n    at Promise._settlePromise (http://localhost:58598/__cypress/runner/cypress_runner.js:165408:18)\n    at Promise._settlePromise0 (http://localhost:58598/__cypress/runner/cypress_runner.js:165453:10)\n    at Promise._settlePromises (http://localhost:58598/__cypress/runner/cypress_runner.js:165528:18)\n    at Async../node_modules/bluebird/js/release/async.js.Async._drainQueue (http://localhost:58598/__cypress/runner/cypress_runner.js:162140:16)\n    at Async../node_modules/bluebird/js/release/async.js.Async._drainQueues (http://localhost:58598/__cypress/runner/cypress_runner.js:162150:10)\n    at Async.drainQueues (http://localhost:58598/__cypress/runner/cypress_runner.js:162024:14)",
                "diff": null
              },
              "uuid": "13605f36-2dbb-4e88-928b-142bac173f94",
              "parentUUID": "d0f58db6-a01f-42a0-b2ef-f43d0ab50dc8",
              "isHook": false,
              "skipped": false
            },
            {
              "title": "Verifica se 40 pixels é o tamanho total do elemento, incluindo seu conteúdo e excluindo a borda preta, que deve ser criada à parte.",
              "fullTitle": "5 - Faça com que cada elemento do quadro de pixels possua 40 pixels de largura, 40 pixels de altura e seja delimitado por uma borda preta de 1 pixel. Verifica se 40 pixels é o tamanho total do elemento, incluindo seu conteúdo e excluindo a borda preta, que deve ser criada à parte.",
              "timedOut": null,
              "duration": 373,
              "state": "passed",
              "speed": "slow",
              "pass": true,
              "fail": false,
              "pending": false,
              "context": null,
              "code": "cy.get('.pixel').each(function (pixel) {\n  cy.wrap(pixel).should('have.css', 'height', '40px').and('have.css', 'width', '40px').and('have.css', 'border', \"1px solid \".concat(BLACK));\n});",
              "err": {},
              "uuid": "290c0505-494e-4ea5-a27e-f22d74c76a9d",
              "parentUUID": "d0f58db6-a01f-42a0-b2ef-f43d0ab50dc8",
              "isHook": false,
              "skipped": false
            }
          ],
          "suites": [],
          "passes": [
            "290c0505-494e-4ea5-a27e-f22d74c76a9d"
          ],
          "failures": [
            "13605f36-2dbb-4e88-928b-142bac173f94"
          ],
          "pending": [],
          "skipped": [],
          "duration": 4961,
          "root": false,
          "rootEmpty": false,
          "_timeout": 2000
        },
        {
          "uuid": "d20e33de-870a-4ab2-9eff-4d3d1bc08454",
          "title": "6 - Defina a cor preta como cor inicial. Ao carregar a página a cor preta já deve estar selecionada para pintar os pixels",
          "fullFile": "",
          "file": "",
          "beforeHooks": [],
          "afterHooks": [],
          "tests": [
            {
              "title": "Verifica se o elemento da cor preta possui, inicialmente, a `classe` `selected`",
              "fullTitle": "6 - Defina a cor preta como cor inicial. Ao carregar a página a cor preta já deve estar selecionada para pintar os pixels Verifica se o elemento da cor preta possui, inicialmente, a `classe` `selected`",
              "timedOut": null,
              "duration": 4573,
              "state": "failed",
              "speed": null,
              "pass": false,
              "fail": true,
              "pending": false,
              "context": null,
              "code": "cy.get('.selected').first().should('have.css', 'background-color', BLACK);",
              "err": {
                "message": "CypressError: Timed out retrying: Expected to find element: '.selected', but never found it.",
                "estack": "CypressError: Timed out retrying: Expected to find element: '.selected', but never found it.\n    at cypressErr (http://localhost:58598/__cypress/runner/cypress_runner.js:149934:9)\n    at throwErr (http://localhost:58598/__cypress/runner/cypress_runner.js:149867:11)\n    at Object.throwErrByPath (http://localhost:58598/__cypress/runner/cypress_runner.js:149915:3)\n    at retry (http://localhost:58598/__cypress/runner/cypress_runner.js:144197:19)\n    at onFailFn (http://localhost:58598/__cypress/runner/cypress_runner.js:132448:16)\n    at tryCatcher (http://localhost:58598/__cypress/runner/cypress_runner.js:167415:23)\n    at Promise._settlePromiseFromHandler (http://localhost:58598/__cypress/runner/cypress_runner.js:165351:31)\n    at Promise._settlePromise (http://localhost:58598/__cypress/runner/cypress_runner.js:165408:18)\n    at Promise._settlePromise0 (http://localhost:58598/__cypress/runner/cypress_runner.js:165453:10)\n    at Promise._settlePromises (http://localhost:58598/__cypress/runner/cypress_runner.js:165528:18)\n    at Async../node_modules/bluebird/js/release/async.js.Async._drainQueue (http://localhost:58598/__cypress/runner/cypress_runner.js:162140:16)\n    at Async../node_modules/bluebird/js/release/async.js.Async._drainQueues (http://localhost:58598/__cypress/runner/cypress_runner.js:162150:10)\n    at Async.drainQueues (http://localhost:58598/__cypress/runner/cypress_runner.js:162024:14)",
                "diff": null
              },
              "uuid": "0d496a54-a897-4722-95a6-c85892da4fa8",
              "parentUUID": "d20e33de-870a-4ab2-9eff-4d3d1bc08454",
              "isHook": false,
              "skipped": false
            },
            {
              "title": "Verifica se nenhuma outra cor da paleta tem a `classe` `selected`",
              "fullTitle": "6 - Defina a cor preta como cor inicial. Ao carregar a página a cor preta já deve estar selecionada para pintar os pixels Verifica se nenhuma outra cor da paleta tem a `classe` `selected`",
              "timedOut": null,
              "duration": 394,
              "state": "passed",
              "speed": "slow",
              "pass": true,
              "fail": false,
              "pending": false,
              "context": null,
              "code": "cy.get('.color:not(:first-child)').each(function (color) {\n  cy.wrap(color).should('not.have.class', 'selected');\n});",
              "err": {},
              "uuid": "22feaee8-fc6a-4deb-8f5a-cf183cf6a7a3",
              "parentUUID": "d20e33de-870a-4ab2-9eff-4d3d1bc08454",
              "isHook": false,
              "skipped": false
            }
          ],
          "suites": [],
          "passes": [
            "22feaee8-fc6a-4deb-8f5a-cf183cf6a7a3"
          ],
          "failures": [
            "0d496a54-a897-4722-95a6-c85892da4fa8"
          ],
          "pending": [],
          "skipped": [],
          "duration": 4967,
          "root": false,
          "rootEmpty": false,
          "_timeout": 2000
        },
        {
          "uuid": "6f00cb88-ad17-4cee-bb3b-9350749e22c8",
          "title": "7 - Clicar em uma das cores da paleta, faz com que ela seja selecionada e utilizada para preencher os pixels no quadro.",
          "fullFile": "",
          "file": "",
          "beforeHooks": [],
          "afterHooks": [],
          "tests": [
            {
              "title": "Verifica se somente uma cor da paleta de cores tem a classe `selected` de cada vez",
              "fullTitle": "7 - Clicar em uma das cores da paleta, faz com que ela seja selecionada e utilizada para preencher os pixels no quadro. Verifica se somente uma cor da paleta de cores tem a classe `selected` de cada vez",
              "timedOut": null,
              "duration": 729,
              "state": "failed",
              "speed": null,
              "pass": false,
              "fail": true,
              "pending": false,
              "context": null,
              "code": "cy.get('.color').each(function (selectedColor, selectedColorIndex) {\n  cy.wrap(selectedColor).click();\n  cy.get('.color').each(function (color, colorIndex) {\n    if (colorIndex === selectedColorIndex) {\n      expect(color).to.have[\"class\"]('selected');\n    } else {\n      expect(color).not.to.have[\"class\"]('selected');\n    }\n  });\n});",
              "err": {
                "message": "AssertionError: expected '<div.color.first-color>' to have class 'selected'",
                "estack": "AssertionError: expected '<div.color.first-color>' to have class 'selected'\n    at callback (http://localhost:58598/__cypress/runner/cypress_runner.js:136947:20)\n    at getRet (http://localhost:58598/__cypress/runner/cypress_runner.js:136585:16)\n    at tryCatcher (http://localhost:58598/__cypress/runner/cypress_runner.js:167415:23)\n    at Function.Promise.attempt.Promise.try (http://localhost:58598/__cypress/runner/cypress_runner.js:164690:29)\n    at thenFn (http://localhost:58598/__cypress/runner/cypress_runner.js:136599:23)\n    at yieldItem (http://localhost:58598/__cypress/runner/cypress_runner.js:136954:16)\n    at tryCatcher (http://localhost:58598/__cypress/runner/cypress_runner.js:167415:23)\n    at Object.gotValue (http://localhost:58598/__cypress/runner/cypress_runner.js:166557:18)\n    at Object.gotAccum (http://localhost:58598/__cypress/runner/cypress_runner.js:166546:25)\n    at Object.tryCatcher (http://localhost:58598/__cypress/runner/cypress_runner.js:167415:23)\n    at Promise._settlePromiseFromHandler (http://localhost:58598/__cypress/runner/cypress_runner.js:165351:31)\n    at Promise._settlePromise (http://localhost:58598/__cypress/runner/cypress_runner.js:165408:18)\n    at Promise._settlePromiseCtx (http://localhost:58598/__cypress/runner/cypress_runner.js:165445:10)\n    at Async../node_modules/bluebird/js/release/async.js.Async._drainQueue (http://localhost:58598/__cypress/runner/cypress_runner.js:162145:12)\n    at Async../node_modules/bluebird/js/release/async.js.Async._drainQueues (http://localhost:58598/__cypress/runner/cypress_runner.js:162150:10)\n    at Async.drainQueues (http://localhost:58598/__cypress/runner/cypress_runner.js:162024:14)",
                "diff": "- { '0': <div class=\"color first-color\"></div>,\n-   length: 1,\n-   jquery: '3.1.1',\n-   constructor: \n-    { [Function: jQuery]\n-      fn: \n-       { jquery: '3.1.1',\n-         constructor: [Circular],\n-         length: 0,\n-         toArray: [Function: toArray],\n-         get: [Function: get],\n-         pushStack: [Function: pushStack],\n-         each: [Function: each],\n-         map: [Function: map],\n-         slice: [Function: slice],\n-         first: [Function: first],\n-         last: [Function: last],\n-         eq: [Function: eq],\n-         end: [Function: end],\n-         push: [Function: push],\n-         sort: [Function: sort],\n-         splice: [Function: splice],\n-         extend: [Function],\n-         find: [Function: find],\n-         filter: [Function: filter],\n-         not: [Function: not],\n-         is: [Function: is],\n-         init: [Function],\n-         has: [Function: has],\n-         closest: [Function: closest],\n-         index: [Function: index],\n-         add: [Function: add],\n-         addBack: [Function: addBack],\n-         parent: [Function],\n-         parents: [Function],\n-         parentsUntil: [Function],\n-         next: [Function],\n-         prev: [Function],\n-         nextAll: [Function],\n-         prevAll: [Function],\n-         nextUntil: [Function],\n-         prevUntil: [Function],\n-         siblings: [Function],\n-         children: [Function],\n-         contents: [Function],\n-         ready: [Function],\n-         data: [Function: data],\n-         removeData: [Function: removeData],\n-         queue: [Function: queue],\n-         dequeue: [Function: dequeue],\n-         clearQueue: [Function: clearQueue],\n-         promise: [Function: promise],\n-         show: [Function],\n-         hide: [Function],\n-         toggle: [Function],\n-         on: [Function: on],\n-         one: [Function: one],\n-         off: [Function: off],\n-         detach: [Function: detach],\n-         remove: [Function: remove],\n-         text: [Function: text],\n-         append: [Function: append],\n-         prepend: [Function: prepend],\n-         before: [Function: before],\n-         after: [Function: after],\n-         empty: [Function: empty],\n-         clone: [Function: clone],\n-         html: [Function: html],\n-         replaceWith: [Function: replaceWith],\n-         appendTo: [Function],\n-         prependTo: [Function],\n-         insertBefore: [Function],\n-         insertAfter: [Function],\n-         replaceAll: [Function],\n-         css: [Function: css],\n-         fadeTo: [Function: fadeTo],\n-         animate: [Function: animate],\n-         stop: [Function: stop],\n-         finish: [Function: finish],\n-         slideDown: [Function],\n-         slideUp: [Function],\n-         slideToggle: [Function],\n-         fadeIn: [Function],\n-         fadeOut: [Function],\n-         fadeToggle: [Function],\n-         delay: [Function],\n-         attr: [Function: attr],\n-         removeAttr: [Function: removeAttr],\n-         prop: [Function: prop],\n-         removeProp: [Function: removeProp],\n-         addClass: [Function: addClass],\n-         removeClass: [Function: removeClass],\n-         toggleClass: [Function: toggleClass],\n-         hasClass: [Function: hasClass],\n-         val: [Function: val],\n-         trigger: [Function: trigger],\n-         triggerHandler: [Function: triggerHandler],\n-         blur: [Function],\n-         focus: [Function],\n-         focusin: [Function],\n-         focusout: [Function],\n-         resize: [Function],\n-         scroll: [Function],\n-         click: [Function],\n-         dblclick: [Function],\n-         mousedown: [Function],\n-         mouseup: [Function],\n-         mousemove: [Function],\n-         mouseover: [Function],\n-         mouseout: [Function],\n-         mouseenter: [Function],\n-         mouseleave: [Function],\n-         change: [Function],\n-         select: [Function],\n-         submit: [Function],\n-         keydown: [Function],\n-         keypress: [Function],\n-         keyup: [Function],\n-         contextmenu: [Function],\n-         hover: [Function: hover],\n-         serialize: [Function: serialize],\n-         serializeArray: [Function: serializeArray],\n-         wrapAll: [Function: wrapAll],\n-         wrapInner: [Function: wrapInner],\n-         wrap: [Function: wrap],\n-         unwrap: [Function: unwrap],\n-         load: [Function],\n-         ajaxStart: [Function],\n-         ajaxStop: [Function],\n-         ajaxComplete: [Function],\n-         ajaxError: [Function],\n-         ajaxSuccess: [Function],\n-         ajaxSend: [Function],\n-         offset: [Function: offset],\n-         position: [Function: position],\n-         offsetParent: [Function: offsetParent],\n-         scrollLeft: [Function],\n-         scrollTop: [Function],\n-         innerHeight: [Function],\n-         height: [Function],\n-         outerHeight: [Function],\n-         innerWidth: [Function],\n-         width: [Function],\n-         outerWidth: [Function],\n-         bind: [Function: bind],\n-         unbind: [Function: unbind],\n-         delegate: [Function: delegate],\n-         undelegate: [Function: undelegate],\n-         scrollTo: [Function] },\n-      extend: [Function],\n-      expando: 'jQuery31105314564728861744',\n-      isReady: true,\n-      error: [Function: error],\n-      noop: [Function: noop],\n-      isFunction: [Function: isFunction],\n-      isArray: [Function: isArray],\n-      isWindow: [Function: isWindow],\n-      isNumeric: [Function: isNumeric],\n-      isPlainObject: [Function: isPlainObject],\n-      isEmptyObject: [Function: isEmptyObject],\n-      type: [Function: type],\n-      globalEval: [Function: globalEval],\n-      camelCase: [Function: camelCase],\n-      nodeName: [Function: nodeName],\n-      each: [Function: each],\n-      trim: [Function: trim],\n-      makeArray: [Function: makeArray],\n-      inArray: [Function: inArray],\n-      merge: [Function: merge],\n-      grep: [Function: grep],\n-      map: [Function: map],\n-      guid: 7,\n-      proxy: [Function: proxy],\n-      now: [Function: now],\n-      support: \n-       { checkClone: true,\n-         noCloneChecked: true,\n-         clearCloneStyle: true,\n-         pixelPosition: [Function: pixelPosition],\n-         boxSizingReliable: [Function: boxSizingReliable],\n-         pixelMarginRight: [Function: pixelMarginRight],\n-         reliableMarginLeft: [Function: reliableMarginLeft],\n-         checkOn: true,\n-         optSelected: true,\n-         radioValue: true,\n-         focusin: false,\n-         cors: true,\n-         ajax: true,\n-         createHTMLDocument: true },\n-      find: \n-       { [Function: Sizzle]\n-         support: [Object],\n-         isXML: [Function],\n-         setDocument: [Function],\n-         matches: [Function],\n-         matchesSelector: [Function],\n-         contains: [Function],\n-         attr: [Function],\n-         escape: [Function],\n-         error: [Function],\n-         uniqueSort: [Function],\n-         getText: [Function],\n-         selectors: [Object],\n-         tokenize: [Function],\n-         compile: [Function],\n-         select: [Function] },\n-      expr: \n-       { cacheLength: 1,\n-         createPseudo: [Function: markFunction],\n-         match: [Object],\n-         attrHandle: [Object],\n-         find: [Object],\n-         relative: [Object],\n-         preFilter: [Object],\n-         filter: [Object],\n-         pseudos: [Object],\n-         filters: [Object],\n-         setFilters: [Object],\n-         ':': [Object] },\n-      unique: [Function],\n-      uniqueSort: [Function],\n-      text: [Function],\n-      isXMLDoc: [Function],\n-      contains: [Function],\n-      escapeSelector: [Function],\n-      filter: [Function],\n-      Callbacks: [Function],\n-      Deferred: { [Function: Deferred] exceptionHook: [Function] },\n-      when: [Function: when],\n-      readyException: [Function],\n-      readyWait: 0,\n-      holdReady: [Function: holdReady],\n-      ready: { [Function: ready] then: [Function: then] },\n-      hasData: [Function: hasData],\n-      data: [Function: data],\n-      removeData: [Function: removeData],\n-      _data: [Function: _data],\n-      _removeData: [Function: _removeData],\n-      queue: [Function: queue],\n-      dequeue: [Function: dequeue],\n-      _queueHooks: [Function: _queueHooks],\n-      event: \n-       { global: [Object],\n-         add: [Function: add],\n-         remove: [Function: remove],\n-         dispatch: [Function: dispatch],\n-         handlers: [Function: handlers],\n-         addProp: [Function: addProp],\n-         fix: [Function: fix],\n-         special: [Object],\n-         trigger: [Function: trigger],\n-         simulate: [Function: simulate] },\n-      removeEvent: [Function],\n-      Event: [Function],\n-      htmlPrefilter: [Function: htmlPrefilter],\n-      clone: [Function: clone],\n-      cleanData: [Function: cleanData],\n-      cssHooks: \n-       { opacity: [Object],\n-         height: [Object],\n-         width: [Object],\n-         marginLeft: [Object],\n-         margin: [Object],\n-         padding: [Object],\n-         borderWidth: [Object],\n-         top: [Object],\n-         left: [Object] },\n-      cssNumber: \n-       { animationIterationCount: true,\n-         columnCount: true,\n-         fillOpacity: true,\n-         flexGrow: true,\n-         flexShrink: true,\n-         fontWeight: true,\n-         lineHeight: true,\n-         opacity: true,\n-         order: true,\n-         orphans: true,\n-         widows: true,\n-         zIndex: true,\n-         zoom: true },\n-      cssProps: \n-       { float: 'cssFloat',\n-         width: 'width',\n-         display: 'display',\n-         boxSizing: 'boxSizing',\n-         height: 'height',\n-         overflow: 'overflow',\n-         overflowY: 'overflowY',\n-         overflowX: 'overflowX',\n-         visibility: 'visibility',\n-         position: 'position',\n-         backgroundColor: 'backgroundColor',\n-         border: 'border',\n-         paddingRight: 'paddingRight',\n-         borderRightWidth: 'borderRightWidth',\n-         paddingLeft: 'paddingLeft',\n-         borderLeftWidth: 'borderLeftWidth',\n-         paddingTop: 'paddingTop',\n-         borderTopWidth: 'borderTopWidth',\n-         paddingBottom: 'paddingBottom',\n-         borderBottomWidth: 'borderBottomWidth' },\n-      style: [Function: style],\n-      css: [Function: css],\n-      Tween: { [Function: Tween] propHooks: [Object] },\n-      easing: \n-       { linear: [Function: linear],\n-         swing: [Function: swing],\n-         _default: 'swing' },\n-      fx: \n-       { [Function: init]\n-         step: {},\n-         tick: [Function],\n-         timer: [Function],\n-         interval: 13,\n-         start: [Function],\n-         stop: [Function],\n-         speeds: [Object] },\n-      Animation: \n-       { [Function: Animation]\n-         tweeners: [Object],\n-         tweener: [Function: tweener],\n-         prefilters: [Object],\n-         prefilter: [Function: prefilter] },\n-      speed: [Function],\n-      timers: [],\n-      attr: [Function: attr],\n-      attrHooks: { type: [Object] },\n-      removeAttr: [Function: removeAttr],\n-      prop: [Function: prop],\n-      propHooks: { tabIndex: [Object] },\n-      propFix: \n-       { for: 'htmlFor',\n-         class: 'className',\n-         tabindex: 'tabIndex',\n-         readonly: 'readOnly',\n-         maxlength: 'maxLength',\n-         cellspacing: 'cellSpacing',\n-         cellpadding: 'cellPadding',\n-         rowspan: 'rowSpan',\n-         colspan: 'colSpan',\n-         usemap: 'useMap',\n-         frameborder: 'frameBorder',\n-         contenteditable: 'contentEditable' },\n-      valHooks: \n-       { option: [Object],\n-         select: [Object],\n-         radio: [Object],\n-         checkbox: [Object] },\n-      parseXML: [Function],\n-      param: [Function],\n-      active: 0,\n-      lastModified: {},\n-      etag: {},\n-      ajaxSettings: \n-       { url: 'http://localhost:58598/__/#/tests/integration/project.spec.js',\n-         type: 'GET',\n-         isLocal: false,\n-         global: true,\n-         processData: true,\n-         async: true,\n-         contentType: 'application/x-www-form-urlencoded; charset=UTF-8',\n-         accepts: [Object],\n-         contents: [Object],\n-         responseFields: [Object],\n-         converters: [Object],\n-         flatOptions: [Object],\n-         xhr: [Function],\n-         jsonp: 'callback',\n-         jsonpCallback: [Function: jsonpCallback],\n-         cache: false },\n-      ajaxSetup: [Function: ajaxSetup],\n-      ajaxPrefilter: [Function],\n-      ajaxTransport: [Function],\n-      ajax: [Function: ajax],\n-      getJSON: [Function: getJSON],\n-      getScript: [Function: getScript],\n-      get: [Function],\n-      post: [Function],\n-      _evalUrl: [Function],\n-      parseHTML: [Function],\n-      offset: { setOffset: [Function: setOffset] },\n-      parseJSON: [Function: parse],\n-      noConflict: [Function],\n-      scrollTo: { [Function] defaults: [Object], max: [Function] } },\n-   toArray: [Function: toArray],\n-   get: [Function: get],\n-   pushStack: [Function: pushStack],\n-   each: [Function: each],\n-   map: [Function: map],\n-   slice: [Function: slice],\n-   first: [Function: first],\n-   last: [Function: last],\n-   eq: [Function: eq],\n-   end: [Function: end],\n-   push: [Function: push],\n-   sort: [Function: sort],\n-   splice: [Function: splice],\n-   extend: [Function],\n-   find: [Function: find],\n-   filter: [Function: filter],\n-   not: [Function: not],\n-   is: [Function: is],\n-   init: [Function],\n-   has: [Function: has],\n-   closest: [Function: closest],\n-   index: [Function: index],\n-   add: [Function: add],\n-   addBack: [Function: addBack],\n-   parent: [Function],\n-   parents: [Function],\n-   parentsUntil: [Function],\n-   next: [Function],\n-   prev: [Function],\n-   nextAll: [Function],\n-   prevAll: [Function],\n-   nextUntil: [Function],\n-   prevUntil: [Function],\n-   siblings: [Function],\n-   children: [Function],\n-   contents: [Function],\n-   ready: [Function],\n-   data: [Function: data],\n-   removeData: [Function: removeData],\n-   queue: [Function: queue],\n-   dequeue: [Function: dequeue],\n-   clearQueue: [Function: clearQueue],\n-   promise: [Function: promise],\n-   show: [Function],\n-   hide: [Function],\n-   toggle: [Function],\n-   on: [Function: on],\n-   one: [Function: one],\n-   off: [Function: off],\n-   detach: [Function: detach],\n-   remove: [Function: remove],\n-   text: [Function: text],\n-   append: [Function: append],\n-   prepend: [Function: prepend],\n-   before: [Function: before],\n-   after: [Function: after],\n-   empty: [Function: empty],\n-   clone: [Function: clone],\n-   html: [Function: html],\n-   replaceWith: [Function: replaceWith],\n-   appendTo: [Function],\n-   prependTo: [Function],\n-   insertBefore: [Function],\n-   insertAfter: [Function],\n-   replaceAll: [Function],\n-   css: [Function: css],\n-   fadeTo: [Function: fadeTo],\n-   animate: [Function: animate],\n-   stop: [Function: stop],\n-   finish: [Function: finish],\n-   slideDown: [Function],\n-   slideUp: [Function],\n-   slideToggle: [Function],\n-   fadeIn: [Function],\n-   fadeOut: [Function],\n-   fadeToggle: [Function],\n-   delay: [Function],\n-   attr: [Function: attr],\n-   removeAttr: [Function: removeAttr],\n-   prop: [Function: prop],\n-   removeProp: [Function: removeProp],\n-   addClass: [Function: addClass],\n-   removeClass: [Function: removeClass],\n-   toggleClass: [Function: toggleClass],\n-   hasClass: [Function: hasClass],\n-   val: [Function: val],\n-   trigger: [Function: trigger],\n-   triggerHandler: [Function: triggerHandler],\n-   blur: [Function],\n-   focus: [Function],\n-   focusin: [Function],\n-   focusout: [Function],\n-   resize: [Function],\n-   scroll: [Function],\n-   click: [Function],\n-   dblclick: [Function],\n-   mousedown: [Function],\n-   mouseup: [Function],\n-   mousemove: [Function],\n-   mouseover: [Function],\n-   mouseout: [Function],\n-   mouseenter: [Function],\n-   mouseleave: [Function],\n-   change: [Function],\n-   select: [Function],\n-   submit: [Function],\n-   keydown: [Function],\n-   keypress: [Function],\n-   keyup: [Function],\n-   contextmenu: [Function],\n-   hover: [Function: hover],\n-   serialize: [Function: serialize],\n-   serializeArray: [Function: serializeArray],\n-   wrapAll: [Function: wrapAll],\n-   wrapInner: [Function: wrapInner],\n-   wrap: [Function: wrap],\n-   unwrap: [Function: unwrap],\n-   load: [Function],\n-   ajaxStart: [Function],\n-   ajaxStop: [Function],\n-   ajaxComplete: [Function],\n-   ajaxError: [Function],\n-   ajaxSuccess: [Function],\n-   ajaxSend: [Function],\n-   offset: [Function: offset],\n-   position: [Function: position],\n-   offsetParent: [Function: offsetParent],\n-   scrollLeft: [Function],\n-   scrollTop: [Function],\n-   innerHeight: [Function],\n-   height: [Function],\n-   outerHeight: [Function],\n-   innerWidth: [Function],\n-   width: [Function],\n-   outerWidth: [Function],\n-   bind: [Function: bind],\n-   unbind: [Function: unbind],\n-   delegate: [Function: delegate],\n-   undelegate: [Function: undelegate],\n-   scrollTo: [Function] }\n+ 'selected'\n"
              },
              "uuid": "b45ff0fc-de6c-4490-9992-e3f085cc6911",
              "parentUUID": "6f00cb88-ad17-4cee-bb3b-9350749e22c8",
              "isHook": false,
              "skipped": false
            },
            {
              "title": "Verifica se os pixels dentro do quadro não têm a classe `selected` quando são clicados",
              "fullTitle": "7 - Clicar em uma das cores da paleta, faz com que ela seja selecionada e utilizada para preencher os pixels no quadro. Verifica se os pixels dentro do quadro não têm a classe `selected` quando são clicados",
              "timedOut": null,
              "duration": 2226,
              "state": "passed",
              "speed": "slow",
              "pass": true,
              "fail": false,
              "pending": false,
              "context": null,
              "code": "cy.get('.color').each(function (color) {\n  var backgroundColor = color.css('background-color');\n  cy.wrap(color).click();\n  cy.get('.pixel').each(function (pixel) {\n    cy.wrap(pixel).click().should('not.have.class', 'selected');\n  });\n});",
              "err": {},
              "uuid": "ac2aa40c-b785-4b39-bfda-d264a7910121",
              "parentUUID": "6f00cb88-ad17-4cee-bb3b-9350749e22c8",
              "isHook": false,
              "skipped": false
            }
          ],
          "suites": [],
          "passes": [
            "ac2aa40c-b785-4b39-bfda-d264a7910121"
          ],
          "failures": [
            "b45ff0fc-de6c-4490-9992-e3f085cc6911"
          ],
          "pending": [],
          "skipped": [],
          "duration": 2955,
          "root": false,
          "rootEmpty": false,
          "_timeout": 2000
        },
        {
          "uuid": "3be2f213-8d53-4200-b286-020a06131e61",
          "title": "8 - Clicar em um pixel dentro do quadro após selecionar uma cor na paleta, faz com que o pixel seja preenchido com a cor selecionada.",
          "fullFile": "",
          "file": "",
          "beforeHooks": [],
          "afterHooks": [],
          "tests": [
            {
              "title": "Verifica se ao carregar a página deve ser possível pintar os pixels de preto",
              "fullTitle": "8 - Clicar em um pixel dentro do quadro após selecionar uma cor na paleta, faz com que o pixel seja preenchido com a cor selecionada. Verifica se ao carregar a página deve ser possível pintar os pixels de preto",
              "timedOut": null,
              "duration": 4579,
              "state": "failed",
              "speed": null,
              "pass": false,
              "fail": true,
              "pending": false,
              "context": null,
              "code": "cy.get('.pixel').each(function (pixel) {\n  cy.wrap(pixel).click().should('have.css', 'background-color', BLACK);\n});",
              "err": {
                "message": "CypressError: Timed out retrying: expected '<div.pixel>' to have CSS property 'background-color' with the value 'rgb(0, 0, 0)', but the value was 'rgb(255, 255, 255)'",
                "estack": "CypressError: Timed out retrying: expected '<div.pixel>' to have CSS property 'background-color' with the value 'rgb(0, 0, 0)', but the value was 'rgb(255, 255, 255)'\n    at cypressErr (http://localhost:58598/__cypress/runner/cypress_runner.js:149934:9)\n    at throwErr (http://localhost:58598/__cypress/runner/cypress_runner.js:149867:11)\n    at Object.throwErrByPath (http://localhost:58598/__cypress/runner/cypress_runner.js:149915:3)\n    at retry (http://localhost:58598/__cypress/runner/cypress_runner.js:144197:19)\n    at onFailFn (http://localhost:58598/__cypress/runner/cypress_runner.js:132448:16)\n    at tryCatcher (http://localhost:58598/__cypress/runner/cypress_runner.js:167415:23)\n    at Promise._settlePromiseFromHandler (http://localhost:58598/__cypress/runner/cypress_runner.js:165351:31)\n    at Promise._settlePromise (http://localhost:58598/__cypress/runner/cypress_runner.js:165408:18)\n    at Promise._settlePromise0 (http://localhost:58598/__cypress/runner/cypress_runner.js:165453:10)\n    at Promise._settlePromises (http://localhost:58598/__cypress/runner/cypress_runner.js:165528:18)\n    at Async../node_modules/bluebird/js/release/async.js.Async._drainQueue (http://localhost:58598/__cypress/runner/cypress_runner.js:162140:16)\n    at Async../node_modules/bluebird/js/release/async.js.Async._drainQueues (http://localhost:58598/__cypress/runner/cypress_runner.js:162150:10)\n    at Async.drainQueues (http://localhost:58598/__cypress/runner/cypress_runner.js:162024:14)",
                "diff": null
              },
              "uuid": "49f7ae2a-cd8d-4750-8981-5d64d3df2f0c",
              "parentUUID": "3be2f213-8d53-4200-b286-020a06131e61",
              "isHook": false,
              "skipped": false
            },
            {
              "title": "Verifica se após selecionar uma outra cor na paleta, é possível pintar os pixels com essa cor",
              "fullTitle": "8 - Clicar em um pixel dentro do quadro após selecionar uma cor na paleta, faz com que o pixel seja preenchido com a cor selecionada. Verifica se após selecionar uma outra cor na paleta, é possível pintar os pixels com essa cor",
              "timedOut": null,
              "duration": 4768,
              "state": "failed",
              "speed": null,
              "pass": false,
              "fail": true,
              "pending": false,
              "context": null,
              "code": "cy.get('.color').each(function (color) {\n  var backgroundColor = color.css('background-color');\n  cy.wrap(color).click();\n  cy.get('.pixel').each(function (pixel) {\n    cy.wrap(pixel).click().should('have.css', 'background-color', backgroundColor);\n  });\n});",
              "err": {
                "message": "CypressError: Timed out retrying: expected '<div.pixel>' to have CSS property 'background-color' with the value 'rgb(0, 0, 0)', but the value was 'rgb(255, 255, 255)'",
                "estack": "CypressError: Timed out retrying: expected '<div.pixel>' to have CSS property 'background-color' with the value 'rgb(0, 0, 0)', but the value was 'rgb(255, 255, 255)'\n    at cypressErr (http://localhost:58598/__cypress/runner/cypress_runner.js:149934:9)\n    at throwErr (http://localhost:58598/__cypress/runner/cypress_runner.js:149867:11)\n    at Object.throwErrByPath (http://localhost:58598/__cypress/runner/cypress_runner.js:149915:3)\n    at retry (http://localhost:58598/__cypress/runner/cypress_runner.js:144197:19)\n    at onFailFn (http://localhost:58598/__cypress/runner/cypress_runner.js:132448:16)\n    at tryCatcher (http://localhost:58598/__cypress/runner/cypress_runner.js:167415:23)\n    at Promise._settlePromiseFromHandler (http://localhost:58598/__cypress/runner/cypress_runner.js:165351:31)\n    at Promise._settlePromise (http://localhost:58598/__cypress/runner/cypress_runner.js:165408:18)\n    at Promise._settlePromise0 (http://localhost:58598/__cypress/runner/cypress_runner.js:165453:10)\n    at Promise._settlePromises (http://localhost:58598/__cypress/runner/cypress_runner.js:165528:18)\n    at Async../node_modules/bluebird/js/release/async.js.Async._drainQueue (http://localhost:58598/__cypress/runner/cypress_runner.js:162140:16)\n    at Async../node_modules/bluebird/js/release/async.js.Async._drainQueues (http://localhost:58598/__cypress/runner/cypress_runner.js:162150:10)\n    at Async.drainQueues (http://localhost:58598/__cypress/runner/cypress_runner.js:162024:14)",
                "diff": null
              },
              "uuid": "18ba88c5-275f-408f-9067-be2cb59cf366",
              "parentUUID": "3be2f213-8d53-4200-b286-020a06131e61",
              "isHook": false,
              "skipped": false
            },
            {
              "title": "Verifica se somente o pixel que foi clicado foi preenchido com a cor selecionada, sem influenciar na cor dos demais pixels.",
              "fullTitle": "8 - Clicar em um pixel dentro do quadro após selecionar uma cor na paleta, faz com que o pixel seja preenchido com a cor selecionada. Verifica se somente o pixel que foi clicado foi preenchido com a cor selecionada, sem influenciar na cor dos demais pixels.",
              "timedOut": null,
              "duration": 4711,
              "state": "failed",
              "speed": null,
              "pass": false,
              "fail": true,
              "pending": false,
              "context": null,
              "code": "var colorToPixelIndexMap = {\n  0: 6,\n  1: 8,\n  2: 16,\n  3: 18\n};\ncy.get('.color').each(function (color, index) {\n  cy.wrap(color).click();\n  var backgroundColor = color.css('background-color');\n  var clickedPixelIndex = colorToPixelIndexMap[index];\n  cy.get('.pixel').eq(clickedPixelIndex).click();\n  cy.get('.pixel').eq(clickedPixelIndex - 1).should('not.have.css', 'background-color', backgroundColor);\n  cy.get('.pixel').eq(clickedPixelIndex + 1).should('not.have.css', 'background-color', backgroundColor);\n  cy.get('.pixel').eq(clickedPixelIndex - 5).should('not.have.css', 'background-color', backgroundColor);\n  cy.get('.pixel').eq(clickedPixelIndex + 5).should('not.have.css', 'background-color', backgroundColor);\n  cy.get('.pixel').eq(clickedPixelIndex - 6).should('not.have.css', 'background-color', backgroundColor);\n  cy.get('.pixel').eq(clickedPixelIndex - 4).should('not.have.css', 'background-color', backgroundColor);\n  cy.get('.pixel').eq(clickedPixelIndex + 4).should('not.have.css', 'background-color', backgroundColor);\n  cy.get('.pixel').eq(clickedPixelIndex + 6).should('not.have.css', 'background-color', backgroundColor);\n});",
              "err": {
                "message": "CypressError: Timed out retrying: Expected to find element: '6', but never found it. Queried from element: [ <div.pixel>, 4 more... ]",
                "estack": "CypressError: Timed out retrying: Expected to find element: '6', but never found it. Queried from element: [ <div.pixel>, 4 more... ]\n    at cypressErr (http://localhost:58598/__cypress/runner/cypress_runner.js:149934:9)\n    at throwErr (http://localhost:58598/__cypress/runner/cypress_runner.js:149867:11)\n    at Object.throwErrByPath (http://localhost:58598/__cypress/runner/cypress_runner.js:149915:3)\n    at retry (http://localhost:58598/__cypress/runner/cypress_runner.js:144197:19)\n    at onFailFn (http://localhost:58598/__cypress/runner/cypress_runner.js:132448:16)\n    at tryCatcher (http://localhost:58598/__cypress/runner/cypress_runner.js:167415:23)\n    at Promise._settlePromiseFromHandler (http://localhost:58598/__cypress/runner/cypress_runner.js:165351:31)\n    at Promise._settlePromise (http://localhost:58598/__cypress/runner/cypress_runner.js:165408:18)\n    at Promise._settlePromise0 (http://localhost:58598/__cypress/runner/cypress_runner.js:165453:10)\n    at Promise._settlePromises (http://localhost:58598/__cypress/runner/cypress_runner.js:165528:18)\n    at Async../node_modules/bluebird/js/release/async.js.Async._drainQueue (http://localhost:58598/__cypress/runner/cypress_runner.js:162140:16)\n    at Async../node_modules/bluebird/js/release/async.js.Async._drainQueues (http://localhost:58598/__cypress/runner/cypress_runner.js:162150:10)\n    at Async.drainQueues (http://localhost:58598/__cypress/runner/cypress_runner.js:162024:14)",
                "diff": null
              },
              "uuid": "0602470e-d12c-431a-873a-5cbb83a9705a",
              "parentUUID": "3be2f213-8d53-4200-b286-020a06131e61",
              "isHook": false,
              "skipped": false
            }
          ],
          "suites": [],
          "passes": [],
          "failures": [
            "49f7ae2a-cd8d-4750-8981-5d64d3df2f0c",
            "18ba88c5-275f-408f-9067-be2cb59cf366",
            "0602470e-d12c-431a-873a-5cbb83a9705a"
          ],
          "pending": [],
          "skipped": [],
          "duration": 14058,
          "root": false,
          "rootEmpty": false,
          "_timeout": 2000
        },
        {
          "uuid": "e6e5961b-92c6-42aa-bea6-ca409e1f8fa9",
          "title": "9 - Crie um botão que, ao ser clicado, limpa o quadro preenchendo a cor de todos seus pixels com branco.",
          "fullFile": "",
          "file": "",
          "beforeHooks": [],
          "afterHooks": [],
          "tests": [
            {
              "title": "Verifica se o botão tem o `id` denominado `clear-board`",
              "fullTitle": "9 - Crie um botão que, ao ser clicado, limpa o quadro preenchendo a cor de todos seus pixels com branco. Verifica se o botão tem o `id` denominado `clear-board`",
              "timedOut": null,
              "duration": 4489,
              "state": "failed",
              "speed": null,
              "pass": false,
              "fail": true,
              "pending": false,
              "context": null,
              "code": "cy.get('#clear-board').should('be.visible');",
              "err": {
                "message": "CypressError: Timed out retrying: Expected to find element: '#clear-board', but never found it.",
                "estack": "CypressError: Timed out retrying: Expected to find element: '#clear-board', but never found it.\n    at cypressErr (http://localhost:58598/__cypress/runner/cypress_runner.js:149934:9)\n    at throwErr (http://localhost:58598/__cypress/runner/cypress_runner.js:149867:11)\n    at Object.throwErrByPath (http://localhost:58598/__cypress/runner/cypress_runner.js:149915:3)\n    at retry (http://localhost:58598/__cypress/runner/cypress_runner.js:144197:19)\n    at onFailFn (http://localhost:58598/__cypress/runner/cypress_runner.js:132448:16)\n    at tryCatcher (http://localhost:58598/__cypress/runner/cypress_runner.js:167415:23)\n    at Promise._settlePromiseFromHandler (http://localhost:58598/__cypress/runner/cypress_runner.js:165351:31)\n    at Promise._settlePromise (http://localhost:58598/__cypress/runner/cypress_runner.js:165408:18)\n    at Promise._settlePromise0 (http://localhost:58598/__cypress/runner/cypress_runner.js:165453:10)\n    at Promise._settlePromises (http://localhost:58598/__cypress/runner/cypress_runner.js:165528:18)\n    at Async../node_modules/bluebird/js/release/async.js.Async._drainQueue (http://localhost:58598/__cypress/runner/cypress_runner.js:162140:16)\n    at Async../node_modules/bluebird/js/release/async.js.Async._drainQueues (http://localhost:58598/__cypress/runner/cypress_runner.js:162150:10)\n    at Async.drainQueues (http://localhost:58598/__cypress/runner/cypress_runner.js:162024:14)",
                "diff": null
              },
              "uuid": "fbbdd738-fd76-4b38-b6af-5a2d55700431",
              "parentUUID": "e6e5961b-92c6-42aa-bea6-ca409e1f8fa9",
              "isHook": false,
              "skipped": false
            },
            {
              "title": "Verifica se o botão está posicionado entre a paleta de cores e o quadro de pixels",
              "fullTitle": "9 - Crie um botão que, ao ser clicado, limpa o quadro preenchendo a cor de todos seus pixels com branco. Verifica se o botão está posicionado entre a paleta de cores e o quadro de pixels",
              "timedOut": null,
              "duration": 4502,
              "state": "failed",
              "speed": null,
              "pass": false,
              "fail": true,
              "pending": false,
              "context": null,
              "code": "cy.get('#color-palette').then(function (palette) {\n  cy.get('#clear-board').should('be.belowOf', palette);\n});\ncy.get('#clear-board').then(function (clearBtn) {\n  cy.get('#pixel-board').should('be.belowOf', clearBtn);\n});",
              "err": {
                "message": "CypressError: Timed out retrying: Expected to find element: '#clear-board', but never found it.",
                "estack": "CypressError: Timed out retrying: Expected to find element: '#clear-board', but never found it.\n    at cypressErr (http://localhost:58598/__cypress/runner/cypress_runner.js:149934:9)\n    at throwErr (http://localhost:58598/__cypress/runner/cypress_runner.js:149867:11)\n    at Object.throwErrByPath (http://localhost:58598/__cypress/runner/cypress_runner.js:149915:3)\n    at retry (http://localhost:58598/__cypress/runner/cypress_runner.js:144197:19)\n    at onFailFn (http://localhost:58598/__cypress/runner/cypress_runner.js:132448:16)\n    at tryCatcher (http://localhost:58598/__cypress/runner/cypress_runner.js:167415:23)\n    at Promise._settlePromiseFromHandler (http://localhost:58598/__cypress/runner/cypress_runner.js:165351:31)\n    at Promise._settlePromise (http://localhost:58598/__cypress/runner/cypress_runner.js:165408:18)\n    at Promise._settlePromise0 (http://localhost:58598/__cypress/runner/cypress_runner.js:165453:10)\n    at Promise._settlePromises (http://localhost:58598/__cypress/runner/cypress_runner.js:165528:18)\n    at Async../node_modules/bluebird/js/release/async.js.Async._drainQueue (http://localhost:58598/__cypress/runner/cypress_runner.js:162140:16)\n    at Async../node_modules/bluebird/js/release/async.js.Async._drainQueues (http://localhost:58598/__cypress/runner/cypress_runner.js:162150:10)\n    at Async.drainQueues (http://localhost:58598/__cypress/runner/cypress_runner.js:162024:14)",
                "diff": null
              },
              "uuid": "6a168111-e37d-471f-bc13-6c25ecd2c70e",
              "parentUUID": "e6e5961b-92c6-42aa-bea6-ca409e1f8fa9",
              "isHook": false,
              "skipped": false
            },
            {
              "title": "Verifica se o texto do botão é 'Limpar'",
              "fullTitle": "9 - Crie um botão que, ao ser clicado, limpa o quadro preenchendo a cor de todos seus pixels com branco. Verifica se o texto do botão é 'Limpar'",
              "timedOut": null,
              "duration": 4685,
              "state": "failed",
              "speed": null,
              "pass": false,
              "fail": true,
              "pending": false,
              "context": null,
              "code": "cy.get('#clear-board').should('contain.text', 'Limpar');",
              "err": {
                "message": "CypressError: Timed out retrying: Expected to find element: '#clear-board', but never found it.",
                "estack": "CypressError: Timed out retrying: Expected to find element: '#clear-board', but never found it.\n    at cypressErr (http://localhost:58598/__cypress/runner/cypress_runner.js:149934:9)\n    at throwErr (http://localhost:58598/__cypress/runner/cypress_runner.js:149867:11)\n    at Object.throwErrByPath (http://localhost:58598/__cypress/runner/cypress_runner.js:149915:3)\n    at retry (http://localhost:58598/__cypress/runner/cypress_runner.js:144197:19)\n    at onFailFn (http://localhost:58598/__cypress/runner/cypress_runner.js:132448:16)\n    at tryCatcher (http://localhost:58598/__cypress/runner/cypress_runner.js:167415:23)\n    at Promise._settlePromiseFromHandler (http://localhost:58598/__cypress/runner/cypress_runner.js:165351:31)\n    at Promise._settlePromise (http://localhost:58598/__cypress/runner/cypress_runner.js:165408:18)\n    at Promise._settlePromise0 (http://localhost:58598/__cypress/runner/cypress_runner.js:165453:10)\n    at Promise._settlePromises (http://localhost:58598/__cypress/runner/cypress_runner.js:165528:18)\n    at Async../node_modules/bluebird/js/release/async.js.Async._drainQueue (http://localhost:58598/__cypress/runner/cypress_runner.js:162140:16)\n    at Async../node_modules/bluebird/js/release/async.js.Async._drainQueues (http://localhost:58598/__cypress/runner/cypress_runner.js:162150:10)\n    at Async.drainQueues (http://localhost:58598/__cypress/runner/cypress_runner.js:162024:14)",
                "diff": null
              },
              "uuid": "f5e24005-343f-4847-9737-c93729f90d27",
              "parentUUID": "e6e5961b-92c6-42aa-bea6-ca409e1f8fa9",
              "isHook": false,
              "skipped": false
            },
            {
              "title": "Verifica se ao clicar no botão, o quadro de pixels é totalmente preenchido de branco",
              "fullTitle": "9 - Crie um botão que, ao ser clicado, limpa o quadro preenchendo a cor de todos seus pixels com branco. Verifica se ao clicar no botão, o quadro de pixels é totalmente preenchido de branco",
              "timedOut": null,
              "duration": 4733,
              "state": "failed",
              "speed": null,
              "pass": false,
              "fail": true,
              "pending": false,
              "context": null,
              "code": "cy.get('.color').eq(1).then(function (color) {\n  var backgroundColor = color.css('background-color');\n  cy.wrap(color).click();\n  cy.get('.pixel').each(function (pixel) {\n    cy.wrap(pixel).click().should('have.css', 'background-color', backgroundColor);\n  });\n});\ncy.get('#clear-board').click();\ncy.get('.pixel').each(function (pixel) {\n  cy.wrap(pixel).should('have.css', 'background-color', WHITE);\n});",
              "err": {
                "message": "CypressError: Timed out retrying: expected '<div.pixel>' to have CSS property 'background-color' with the value 'rgb(0, 0, 255)', but the value was 'rgb(255, 255, 255)'",
                "estack": "CypressError: Timed out retrying: expected '<div.pixel>' to have CSS property 'background-color' with the value 'rgb(0, 0, 255)', but the value was 'rgb(255, 255, 255)'\n    at cypressErr (http://localhost:58598/__cypress/runner/cypress_runner.js:149934:9)\n    at throwErr (http://localhost:58598/__cypress/runner/cypress_runner.js:149867:11)\n    at Object.throwErrByPath (http://localhost:58598/__cypress/runner/cypress_runner.js:149915:3)\n    at retry (http://localhost:58598/__cypress/runner/cypress_runner.js:144197:19)\n    at onFailFn (http://localhost:58598/__cypress/runner/cypress_runner.js:132448:16)\n    at tryCatcher (http://localhost:58598/__cypress/runner/cypress_runner.js:167415:23)\n    at Promise._settlePromiseFromHandler (http://localhost:58598/__cypress/runner/cypress_runner.js:165351:31)\n    at Promise._settlePromise (http://localhost:58598/__cypress/runner/cypress_runner.js:165408:18)\n    at Promise._settlePromise0 (http://localhost:58598/__cypress/runner/cypress_runner.js:165453:10)\n    at Promise._settlePromises (http://localhost:58598/__cypress/runner/cypress_runner.js:165528:18)\n    at Async../node_modules/bluebird/js/release/async.js.Async._drainQueue (http://localhost:58598/__cypress/runner/cypress_runner.js:162140:16)\n    at Async../node_modules/bluebird/js/release/async.js.Async._drainQueues (http://localhost:58598/__cypress/runner/cypress_runner.js:162150:10)\n    at Async.drainQueues (http://localhost:58598/__cypress/runner/cypress_runner.js:162024:14)",
                "diff": null
              },
              "uuid": "a3652e8b-a8d5-42f2-a34d-53232e2ed621",
              "parentUUID": "e6e5961b-92c6-42aa-bea6-ca409e1f8fa9",
              "isHook": false,
              "skipped": false
            }
          ],
          "suites": [],
          "passes": [],
          "failures": [
            "fbbdd738-fd76-4b38-b6af-5a2d55700431",
            "6a168111-e37d-471f-bc13-6c25ecd2c70e",
            "f5e24005-343f-4847-9737-c93729f90d27",
            "a3652e8b-a8d5-42f2-a34d-53232e2ed621"
          ],
          "pending": [],
          "skipped": [],
          "duration": 18409,
          "root": false,
          "rootEmpty": false,
          "_timeout": 2000
        },
        {
          "uuid": "f79cb50e-ca01-428b-92f5-dc96980fe586",
          "title": "10 - Faça o quadro de pixels ter seu tamanho definido pelo usuário.",
          "fullFile": "",
          "file": "",
          "beforeHooks": [],
          "afterHooks": [],
          "tests": [
            {
              "title": "Verifica se existe um input com o id `board-size`",
              "fullTitle": "10 - Faça o quadro de pixels ter seu tamanho definido pelo usuário. Verifica se existe um input com o id `board-size`",
              "timedOut": null,
              "duration": 4675,
              "state": "failed",
              "speed": null,
              "pass": false,
              "fail": true,
              "pending": false,
              "context": null,
              "code": "cy.get('#board-size').should('be.visible');",
              "err": {
                "message": "CypressError: Timed out retrying: Expected to find element: '#board-size', but never found it.",
                "estack": "CypressError: Timed out retrying: Expected to find element: '#board-size', but never found it.\n    at cypressErr (http://localhost:58598/__cypress/runner/cypress_runner.js:149934:9)\n    at throwErr (http://localhost:58598/__cypress/runner/cypress_runner.js:149867:11)\n    at Object.throwErrByPath (http://localhost:58598/__cypress/runner/cypress_runner.js:149915:3)\n    at retry (http://localhost:58598/__cypress/runner/cypress_runner.js:144197:19)\n    at onFailFn (http://localhost:58598/__cypress/runner/cypress_runner.js:132448:16)\n    at tryCatcher (http://localhost:58598/__cypress/runner/cypress_runner.js:167415:23)\n    at Promise._settlePromiseFromHandler (http://localhost:58598/__cypress/runner/cypress_runner.js:165351:31)\n    at Promise._settlePromise (http://localhost:58598/__cypress/runner/cypress_runner.js:165408:18)\n    at Promise._settlePromise0 (http://localhost:58598/__cypress/runner/cypress_runner.js:165453:10)\n    at Promise._settlePromises (http://localhost:58598/__cypress/runner/cypress_runner.js:165528:18)\n    at Async../node_modules/bluebird/js/release/async.js.Async._drainQueue (http://localhost:58598/__cypress/runner/cypress_runner.js:162140:16)\n    at Async../node_modules/bluebird/js/release/async.js.Async._drainQueues (http://localhost:58598/__cypress/runner/cypress_runner.js:162150:10)\n    at Async.drainQueues (http://localhost:58598/__cypress/runner/cypress_runner.js:162024:14)",
                "diff": null
              },
              "uuid": "263015d6-b4a8-4986-8d84-5fc729c2f642",
              "parentUUID": "f79cb50e-ca01-428b-92f5-dc96980fe586",
              "isHook": false,
              "skipped": false
            },
            {
              "title": "Verifica se existe um botão com o id `generate-board`",
              "fullTitle": "10 - Faça o quadro de pixels ter seu tamanho definido pelo usuário. Verifica se existe um botão com o id `generate-board`",
              "timedOut": null,
              "duration": 5218,
              "state": "failed",
              "speed": null,
              "pass": false,
              "fail": true,
              "pending": false,
              "context": null,
              "code": "cy.get('#generate-board').should('be.visible');",
              "err": {
                "message": "CypressError: Timed out retrying: Expected to find element: '#generate-board', but never found it.",
                "estack": "CypressError: Timed out retrying: Expected to find element: '#generate-board', but never found it.\n    at cypressErr (http://localhost:58598/__cypress/runner/cypress_runner.js:149934:9)\n    at throwErr (http://localhost:58598/__cypress/runner/cypress_runner.js:149867:11)\n    at Object.throwErrByPath (http://localhost:58598/__cypress/runner/cypress_runner.js:149915:3)\n    at retry (http://localhost:58598/__cypress/runner/cypress_runner.js:144197:19)\n    at onFailFn (http://localhost:58598/__cypress/runner/cypress_runner.js:132448:16)\n    at tryCatcher (http://localhost:58598/__cypress/runner/cypress_runner.js:167415:23)\n    at Promise._settlePromiseFromHandler (http://localhost:58598/__cypress/runner/cypress_runner.js:165351:31)\n    at Promise._settlePromise (http://localhost:58598/__cypress/runner/cypress_runner.js:165408:18)\n    at Promise._settlePromise0 (http://localhost:58598/__cypress/runner/cypress_runner.js:165453:10)\n    at Promise._settlePromises (http://localhost:58598/__cypress/runner/cypress_runner.js:165528:18)\n    at Async../node_modules/bluebird/js/release/async.js.Async._drainQueue (http://localhost:58598/__cypress/runner/cypress_runner.js:162140:16)\n    at Async../node_modules/bluebird/js/release/async.js.Async._drainQueues (http://localhost:58598/__cypress/runner/cypress_runner.js:162150:10)\n    at Async.drainQueues (http://localhost:58598/__cypress/runner/cypress_runner.js:162024:14)",
                "diff": null
              },
              "uuid": "98dcb268-55c1-47ca-a669-f197f57f3fb3",
              "parentUUID": "f79cb50e-ca01-428b-92f5-dc96980fe586",
              "isHook": false,
              "skipped": false
            },
            {
              "title": "Verifica se o input só aceita número maiores que zero. Essa restrição deve ser feita usando os atributos do elemento `input`",
              "fullTitle": "10 - Faça o quadro de pixels ter seu tamanho definido pelo usuário. Verifica se o input só aceita número maiores que zero. Essa restrição deve ser feita usando os atributos do elemento `input`",
              "timedOut": null,
              "duration": 4971,
              "state": "failed",
              "speed": null,
              "pass": false,
              "fail": true,
              "pending": false,
              "context": null,
              "code": "cy.get('#board-size[type=\\'number\\'][min=\\'1\\']');",
              "err": {
[...]
                "diff": null
              },
              "uuid": "d81304f6-109f-4e6a-bf40-10c094d0aaa7",
              "parentUUID": "f79cb50e-ca01-428b-92f5-dc96980fe586",
              "isHook": false,
              "skipped": false
            },
            {
              "title": "Verifica se o novo quadro tem todos os pixels preenchidos com a cor branca",
              "fullTitle": "10 - Faça o quadro de pixels ter seu tamanho definido pelo usuário. Verifica se o novo quadro tem todos os pixels preenchidos com a cor branca",
              "timedOut": null,
              "duration": 4637,
              "state": "failed",
              "speed": null,
              "pass": false,
              "fail": true,
              "pending": false,
              "context": null,
              "code": "cy.get('#board-size').clear().type(6);\ncy.get('#generate-board').click();\ncy.get('.pixel').should('have.length', 36).each(function (pixel) {\n  expect(pixel).to.have.css('background-color', WHITE);\n});",
              "err": {
                "message": "CypressError: Timed out retrying: Expected to find element: '#board-size', but never found it.",
                "estack": "CypressError: Timed out retrying: Expected to find element: '#board-size', but never found it.\n    at cypressErr (http://localhost:58598/__cypress/runner/cypress_runner.js:149934:9)\n    at throwErr (http://localhost:58598/__cypress/runner/cypress_runner.js:149867:11)\n    at Object.throwErrByPath (http://localhost:58598/__cypress/runner/cypress_runner.js:149915:3)\n    at retry (http://localhost:58598/__cypress/runner/cypress_runner.js:144197:19)\n    at onFailFn (http://localhost:58598/__cypress/runner/cypress_runner.js:132448:16)\n    at tryCatcher (http://localhost:58598/__cypress/runner/cypress_runner.js:167415:23)\n    at Promise._settlePromiseFromHandler (http://localhost:58598/__cypress/runner/cypress_runner.js:165351:31)\n    at Promise._settlePromise (http://localhost:58598/__cypress/runner/cypress_runner.js:165408:18)\n    at Promise._settlePromise0 (http://localhost:58598/__cypress/runner/cypress_runner.js:165453:10)\n    at Promise._settlePromises (http://localhost:58598/__cypress/runner/cypress_runner.js:165528:18)\n    at Async../node_modules/bluebird/js/release/async.js.Async._drainQueue (http://localhost:58598/__cypress/runner/cypress_runner.js:162140:16)\n    at Async../node_modules/bluebird/js/release/async.js.Async._drainQueues (http://localhost:58598/__cypress/runner/cypress_runner.js:162150:10)\n    at Async.drainQueues (http://localhost:58598/__cypress/runner/cypress_runner.js:162024:14)",
                "diff": null
              },
              "uuid": "290ae7e8-1b0b-49d8-b70a-f3bb8145844c",
              "parentUUID": "f79cb50e-ca01-428b-92f5-dc96980fe586",
              "isHook": false,
              "skipped": false
            }
          ],
          "suites": [],
          "passes": [],
          "failures": [
            "263015d6-b4a8-4986-8d84-5fc729c2f642",
            "98dcb268-55c1-47ca-a669-f197f57f3fb3",
            "0e08d008-3be2-4019-8beb-3b94bf04a8bc",
            "e9d304bc-2f17-431f-a24d-01ed47202044",
            "a46d4e2f-299a-4b6e-82c1-86d19de03c7e",
            "6e3241f0-1c87-498a-b1f6-7a17488fa699",
            "9768513d-d2c9-46d3-87a4-dc4a0b1c5537",
            "d81304f6-109f-4e6a-bf40-10c094d0aaa7",
            "290ae7e8-1b0b-49d8-b70a-f3bb8145844c"
          ],
          "pending": [],
          "skipped": [],
          "duration": 42770,
          "root": false,
          "rootEmpty": false,
          "_timeout": 2000
        },
        {
          "uuid": "41491e6b-a566-44e7-b564-e078e7bedac1",
          "title": "11 - Limite o tamanho mínimo e máximo do board.",
          "fullFile": "",
          "file": "",
          "beforeHooks": [],
          "afterHooks": [],
          "tests": [
            {
              "title": "Verifica se a altura máxima do board é 50",
              "fullTitle": "11 - Limite o tamanho mínimo e máximo do board. Verifica se a altura máxima do board é 50",
              "timedOut": null,
              "duration": 4522,
              "state": "failed",
              "speed": null,
              "pass": false,
              "fail": true,
              "pending": false,
              "context": null,
              "code": "cy.get('#board-size').clear().type(50);\ncy.get('#generate-board').click();\ncy.get('.pixel').should('have.length', 2500);",
              "err": {
                "message": "CypressError: Timed out retrying: Expected to find element: '#board-size', but never found it.",
                "estack": "CypressError: Timed out retrying: Expected to find element: '#board-size', but never found it.\n    at cypressErr (http://localhost:58598/__cypress/runner/cypress_runner.js:149934:9)\n    at throwErr (http://localhost:58598/__cypress/runner/cypress_runner.js:149867:11)\n    at Object.throwErrByPath (http://localhost:58598/__cypress/runner/cypress_runner.js:149915:3)\n    at retry (http://localhost:58598/__cypress/runner/cypress_runner.js:144197:19)\n    at onFailFn (http://localhost:58598/__cypress/runner/cypress_runner.js:132448:16)\n    at tryCatcher (http://localhost:58598/__cypress/runner/cypress_runner.js:167415:23)\n    at Promise._settlePromiseFromHandler (http://localhost:58598/__cypress/runner/cypress_runner.js:165351:31)\n    at Promise._settlePromise (http://localhost:58598/__cypress/runner/cypress_runner.js:165408:18)\n    at Promise._settlePromise0 (http://localhost:58598/__cypress/runner/cypress_runner.js:165453:10)\n    at Promise._settlePromises (http://localhost:58598/__cypress/runner/cypress_runner.js:165528:18)\n    at Async../node_modules/bluebird/js/release/async.js.Async._drainQueue (http://localhost:58598/__cypress/runner/cypress_runner.js:162140:16)\n    at Async../node_modules/bluebird/js/release/async.js.Async._drainQueues (http://localhost:58598/__cypress/runner/cypress_runner.js:162150:10)\n    at Async.drainQueues (http://localhost:58598/__cypress/runner/cypress_runner.js:162024:14)",
                "diff": null
              },
              "uuid": "82db158d-46a0-4046-9b6f-c27c948d10c2",
              "parentUUID": "41491e6b-a566-44e7-b564-e078e7bedac1",
              "isHook": false,
              "skipped": false
            },
            {
              "title": "Verifica se a altura do board é 5 quando um valor menor é colocado no input",
              "fullTitle": "11 - Limite o tamanho mínimo e máximo do board. Verifica se a altura do board é 5 quando um valor menor é colocado no input",
              "timedOut": null,
              "duration": 4533,
              "state": "failed",
              "speed": null,
              "pass": false,
              "fail": true,
              "pending": false,
              "context": null,
              "code": "cy.get('#board-size').clear().type(4);\ncy.get('#generate-board').click();\ncy.get('.pixel').should('have.length', 25);",
              "err": {
                "message": "CypressError: Timed out retrying: Expected to find element: '#board-size', but never found it.",
                "estack": "CypressError: Timed out retrying: Expected to find element: '#board-size', but never found it.\n    at cypressErr (http://localhost:58598/__cypress/runner/cypress_runner.js:149934:9)\n    at throwErr (http://localhost:58598/__cypress/runner/cypress_runner.js:149867:11)\n    at Object.throwErrByPath (http://localhost:58598/__cypress/runner/cypress_runner.js:149915:3)\n    at retry (http://localhost:58598/__cypress/runner/cypress_runner.js:144197:19)\n    at onFailFn (http://localhost:58598/__cypress/runner/cypress_runner.js:132448:16)\n    at tryCatcher (http://localhost:58598/__cypress/runner/cypress_runner.js:167415:23)\n    at Promise._settlePromiseFromHandler (http://localhost:58598/__cypress/runner/cypress_runner.js:165351:31)\n    at Promise._settlePromise (http://localhost:58598/__cypress/runner/cypress_runner.js:165408:18)\n    at Promise._settlePromise0 (http://localhost:58598/__cypress/runner/cypress_runner.js:165453:10)\n    at Promise._settlePromises (http://localhost:58598/__cypress/runner/cypress_runner.js:165528:18)\n    at Async../node_modules/bluebird/js/release/async.js.Async._drainQueue (http://localhost:58598/__cypress/runner/cypress_runner.js:162140:16)\n    at Async../node_modules/bluebird/js/release/async.js.Async._drainQueues (http://localhost:58598/__cypress/runner/cypress_runner.js:162150:10)\n    at Async.drainQueues (http://localhost:58598/__cypress/runner/cypress_runner.js:162024:14)",
                "diff": null
              },
              "uuid": "87154ee3-fb8e-49d3-a0bf-e958c4a4c16e",
              "parentUUID": "41491e6b-a566-44e7-b564-e078e7bedac1",
              "isHook": false,
              "skipped": false
            },
            {
              "title": "Verifica se a altura do board é 50 quando um valor maior é colocado no input",
              "fullTitle": "11 - Limite o tamanho mínimo e máximo do board. Verifica se a altura do board é 50 quando um valor maior é colocado no input",
              "timedOut": null,
              "duration": 4565,
              "state": "failed",
              "speed": null,
              "pass": false,
              "fail": true,
              "pending": false,
              "context": null,
              "code": "cy.get('#board-size').clear().type(51);\ncy.get('#generate-board').click();\ncy.get('.pixel').should('have.length', 2500);",
              "err": {
                "message": "CypressError: Timed out retrying: Expected to find element: '#board-size', but never found it.",
                "estack": "CypressError: Timed out retrying: Expected to find element: '#board-size', but never found it.\n    at cypressErr (http://localhost:58598/__cypress/runner/cypress_runner.js:149934:9)\n    at throwErr (http://localhost:58598/__cypress/runner/cypress_runner.js:149867:11)\n    at Object.throwErrByPath (http://localhost:58598/__cypress/runner/cypress_runner.js:149915:3)\n    at retry (http://localhost:58598/__cypress/runner/cypress_runner.js:144197:19)\n    at onFailFn (http://localhost:58598/__cypress/runner/cypress_runner.js:132448:16)\n    at tryCatcher (http://localhost:58598/__cypress/runner/cypress_runner.js:167415:23)\n    at Promise._settlePromiseFromHandler (http://localhost:58598/__cypress/runner/cypress_runner.js:165351:31)\n    at Promise._settlePromise (http://localhost:58598/__cypress/runner/cypress_runner.js:165408:18)\n    at Promise._settlePromise0 (http://localhost:58598/__cypress/runner/cypress_runner.js:165453:10)\n    at Promise._settlePromises (http://localhost:58598/__cypress/runner/cypress_runner.js:165528:18)\n    at Async../node_modules/bluebird/js/release/async.js.Async._drainQueue (http://localhost:58598/__cypress/runner/cypress_runner.js:162140:16)\n    at Async../node_modules/bluebird/js/release/async.js.Async._drainQueues (http://localhost:58598/__cypress/runner/cypress_runner.js:162150:10)\n    at Async.drainQueues (http://localhost:58598/__cypress/runner/cypress_runner.js:162024:14)",
                "diff": null
              },
              "uuid": "5b20709b-11b4-4567-ac14-bc82f514f553",
              "parentUUID": "41491e6b-a566-44e7-b564-e078e7bedac1",
              "isHook": false,
              "skipped": false
            }
          ],
          "suites": [],
          "passes": [],
          "failures": [
            "82db158d-46a0-4046-9b6f-c27c948d10c2",
            "87154ee3-fb8e-49d3-a0bf-e958c4a4c16e",
            "5b20709b-11b4-4567-ac14-bc82f514f553"
          ],
          "pending": [],
          "skipped": [],
          "duration": 13620,
          "root": false,
          "rootEmpty": false,
          "_timeout": 2000
        },
        {
          "uuid": "e4351d68-3549-48b3-8a36-6ff4648b755f",
          "title": "12 - Faça com que as cores da paleta sejam geradas aleatoriamente ao carregar a página.",
          "fullFile": "",
          "file": "",
          "beforeHooks": [],
          "afterHooks": [],
          "tests": [
            {
              "title": "Verifica se as cores geradas na paleta são diferentes a cada carregamento da página",
              "fullTitle": "12 - Faça com que as cores da paleta sejam geradas aleatoriamente ao carregar a página. Verifica se as cores geradas na paleta são diferentes a cada carregamento da página",
              "timedOut": null,
              "duration": 926,
              "state": "failed",
              "speed": null,
              "pass": false,
              "fail": true,
              "pending": false,
              "context": null,
              "code": "cy.get('.color').then(function (colors) {\n  var currentColors;\n  var previousColors;\n  previousColors = Array.from(colors).map(function (color) {\n    return Cypress.$(color).css('background-color');\n  });\n  for (var i = 0; i < 5; i += 1) {\n    cy.reload();\n    cy.get('.color').then(function (colors) {\n      currentColors = Array.from(colors).map(function (color) {\n        return Cypress.$(color).css('background-color');\n      });\n      expect(currentColors).not.to.deep.equal(previousColors);\n      previousColors = currentColors;\n    });\n  }\n});",
              "err": {
                "message": "AssertionError: expected [ Array(4) ] to not deeply equal [ Array(4) ]",
                "estack": "AssertionError: expected [ Array(4) ] to not deeply equal [ Array(4) ]\n    at getRet (http://localhost:58598/__cypress/runner/cypress_runner.js:136585:16)\n    at tryCatcher (http://localhost:58598/__cypress/runner/cypress_runner.js:167415:23)\n    at Function.Promise.attempt.Promise.try (http://localhost:58598/__cypress/runner/cypress_runner.js:164690:29)\n    at Context.thenFn (http://localhost:58598/__cypress/runner/cypress_runner.js:136599:23)\n    at Context.then (http://localhost:58598/__cypress/runner/cypress_runner.js:136971:21)\n    at Context.<anonymous> (http://localhost:58598/__cypress/runner/cypress_runner.js:148875:21)\n    at http://localhost:58598/__cypress/runner/cypress_runner.js:148351:33\n    at tryCatcher (http://localhost:58598/__cypress/runner/cypress_runner.js:167415:23)\n    at Promise._settlePromiseFromHandler (http://localhost:58598/__cypress/runner/cypress_runner.js:165351:31)\n    at Promise._settlePromise (http://localhost:58598/__cypress/runner/cypress_runner.js:165408:18)\n    at Promise._settlePromiseCtx (http://localhost:58598/__cypress/runner/cypress_runner.js:165445:10)\n    at Async../node_modules/bluebird/js/release/async.js.Async._drainQueue (http://localhost:58598/__cypress/runner/cypress_runner.js:162145:12)\n    at Async../node_modules/bluebird/js/release/async.js.Async._drainQueues (http://localhost:58598/__cypress/runner/cypress_runner.js:162150:10)\n    at Async.drainQueues (http://localhost:58598/__cypress/runner/cypress_runner.js:162024:14)",
                "diff": ""
              },
              "uuid": "8a3a9e9f-37a4-4096-88a9-2126e68400b1",
              "parentUUID": "e4351d68-3549-48b3-8a36-6ff4648b755f",
              "isHook": false,
              "skipped": false
            },
            {
              "title": "Verifica se a cor preta ainda está presente e é a primeira na sua paleta de cores",
              "fullTitle": "12 - Faça com que as cores da paleta sejam geradas aleatoriamente ao carregar a página. Verifica se a cor preta ainda está presente e é a primeira na sua paleta de cores",
              "timedOut": null,
              "duration": 720,
              "state": "failed",
              "speed": null,
              "pass": false,
              "fail": true,
              "pending": false,
              "context": null,
              "code": "cy.get('.color').then(function (colors) {\n  var currentColors;\n  var previousColors;\n  previousColors = Array.from(colors).map(function (color) {\n    return Cypress.$(color).css('background-color');\n  });\n  expect(previousColors[0]).to.eq(BLACK);\n  for (var i = 0; i < 5; i += 1) {\n    cy.reload();\n    cy.get('.color').then(function (colors) {\n      currentColors = Array.from(colors).map(function (color) {\n        return Cypress.$(color).css('background-color');\n      });\n      expect(currentColors[0]).to.eq(BLACK);\n      expect(currentColors).not.to.deep.equal(previousColors);\n      previousColors = currentColors;\n    });\n  }\n});",
              "err": {
                "message": "AssertionError: expected [ Array(4) ] to not deeply equal [ Array(4) ]",
                "estack": "AssertionError: expected [ Array(4) ] to not deeply equal [ Array(4) ]\n    at getRet (http://localhost:58598/__cypress/runner/cypress_runner.js:136585:16)\n    at tryCatcher (http://localhost:58598/__cypress/runner/cypress_runner.js:167415:23)\n    at Function.Promise.attempt.Promise.try (http://localhost:58598/__cypress/runner/cypress_runner.js:164690:29)\n    at Context.thenFn (http://localhost:58598/__cypress/runner/cypress_runner.js:136599:23)\n    at Context.then (http://localhost:58598/__cypress/runner/cypress_runner.js:136971:21)\n    at Context.<anonymous> (http://localhost:58598/__cypress/runner/cypress_runner.js:148875:21)\n    at http://localhost:58598/__cypress/runner/cypress_runner.js:148351:33\n    at tryCatcher (http://localhost:58598/__cypress/runner/cypress_runner.js:167415:23)\n    at Promise._settlePromiseFromHandler (http://localhost:58598/__cypress/runner/cypress_runner.js:165351:31)\n    at Promise._settlePromise (http://localhost:58598/__cypress/runner/cypress_runner.js:165408:18)\n    at Promise._settlePromiseCtx (http://localhost:58598/__cypress/runner/cypress_runner.js:165445:10)\n    at Async../node_modules/bluebird/js/release/async.js.Async._drainQueue (http://localhost:58598/__cypress/runner/cypress_runner.js:162145:12)\n    at Async../node_modules/bluebird/js/release/async.js.Async._drainQueues (http://localhost:58598/__cypress/runner/cypress_runner.js:162150:10)\n    at Async.drainQueues (http://localhost:58598/__cypress/runner/cypress_runner.js:162024:14)",
                "diff": ""
              },
              "uuid": "aab1fde9-c0d6-4279-82fc-776e42e1a3f4",
              "parentUUID": "e4351d68-3549-48b3-8a36-6ff4648b755f",
              "isHook": false,
              "skipped": false
            }
          ],
          "suites": [],
          "passes": [],
          "failures": [
            "8a3a9e9f-37a4-4096-88a9-2126e68400b1",
            "aab1fde9-c0d6-4279-82fc-776e42e1a3f4"
          ],
          "pending": [],
          "skipped": [],
          "duration": 1646,
          "root": false,
          "rootEmpty": false,
          "_timeout": 2000
        }
      ],
      "passes": [],
      "failures": [],
      "pending": [],
      "skipped": [],
      "duration": 0,
      "root": true,
      "rootEmpty": true,
      "_timeout": 2000
    }
  ],
  "meta": {
    "mocha": {
      "version": "7.0.1"
    },
    "mochawesome": {
      "options": {
        "quiet": false,
        "reportFilename": "mochawesome",
        "saveHtml": false,
        "saveJson": true,
        "consoleReporter": "spec",
        "useInlineDiffs": false
      },
      "version": "4.1.0"
    },
    "marge": {
      "options": {
        "id": "default",
        "reportDir": "cypress/reports",
        "overwrite": true,
        "html": false,
        "json": true
      },
      "version": "4.1.0"
    }
  }
}