{
  "stats": {
    "suites": 12,
    "tests": 41,
    "passes": 9,
    "pending": 0,
    "failures": 32,
    "start": "2021-09-10T20:00:44.932Z",
    "end": "2021-09-10T20:03:08.089Z",
    "duration": 143157,
    "testsRegistered": 41,
    "passPercent": 21.951219512195124,
    "pendingPercent": 0,
    "other": 0,
    "hasOther": false,
    "skipped": 0,
    "hasSkipped": false
  },
  "results": [
    {
      "uuid": "b80a2c1c-91d8-4f96-a8f5-e5b0e2dccfc0",
      "title": "",
      "fullFile": "cypress/integration/project.spec.js",
      "file": "cypress/integration/project.spec.js",
      "beforeHooks": [],
      "afterHooks": [],
      "tests": [],
      "suites": [
        {
          "uuid": "54d0bc84-df72-46e1-97b2-ee9a14a26385",
          "title": "1 - Adicione à página o título \"Paleta de Cores\".",
          "fullFile": "",
          "file": "",
          "beforeHooks": [],
          "afterHooks": [],
          "tests": [
            {
              "title": "Verifica se contém um elemento `h1` com o id `title` com o título correto",
              "fullTitle": "1 - Adicione à página o título \"Paleta de Cores\". Verifica se contém um elemento `h1` com o id `title` com o título correto",
              "timedOut": null,
              "duration": 804,
              "state": "passed",
              "speed": "slow",
              "pass": true,
              "fail": false,
              "pending": false,
              "context": null,
              "code": "cy.get('h1#title').should('contain.text', 'Paleta de Cores');",
              "err": {},
              "uuid": "797f0996-7476-48ba-92d0-b235d48444ce",
              "parentUUID": "54d0bc84-df72-46e1-97b2-ee9a14a26385",
              "isHook": false,
              "skipped": false
            }
          ],
          "suites": [],
          "passes": [
            "797f0996-7476-48ba-92d0-b235d48444ce"
          ],
          "failures": [],
          "pending": [],
          "skipped": [],
          "duration": 804,
          "root": false,
          "rootEmpty": false,
          "_timeout": 2000
        },
        {
          "uuid": "d7894b4b-4fff-4a44-b622-3995121dcae8",
          "title": "2 - Adicione à página uma paleta de quatro cores distintas.",
          "fullFile": "",
          "file": "",
          "beforeHooks": [],
          "afterHooks": [],
          "tests": [
            {
              "title": "A paleta de cores deve ser um elemento com `id` denominado `color-palette`",
              "fullTitle": "2 - Adicione à página uma paleta de quatro cores distintas. A paleta de cores deve ser um elemento com `id` denominado `color-palette`",
              "timedOut": null,
              "duration": 4761,
              "state": "failed",
              "speed": null,
              "pass": false,
              "fail": true,
              "pending": false,
              "context": null,
              "code": "cy.get('#color-palette').should('be.visible');\ncy.get('#color-palette').children('.color');",
              "err": {
                "message": "CypressError: Timed out retrying: Expected to find element: '#color-palette', but never found it.",
                "estack": "CypressError: Timed out retrying: Expected to find element: '#color-palette', but never found it.\n    at cypressErr (http://localhost:33015/__cypress/runner/cypress_runner.js:149934:9)\n    at throwErr (http://localhost:33015/__cypress/runner/cypress_runner.js:149867:11)\n    at Object.throwErrByPath (http://localhost:33015/__cypress/runner/cypress_runner.js:149915:3)\n    at retry (http://localhost:33015/__cypress/runner/cypress_runner.js:144197:19)\n    at onFailFn (http://localhost:33015/__cypress/runner/cypress_runner.js:132448:16)\n    at tryCatcher (http://localhost:33015/__cypress/runner/cypress_runner.js:167415:23)\n    at Promise._settlePromiseFromHandler (http://localhost:33015/__cypress/runner/cypress_runner.js:165351:31)\n    at Promise._settlePromise (http://localhost:33015/__cypress/runner/cypress_runner.js:165408:18)\n    at Promise._settlePromise0 (http://localhost:33015/__cypress/runner/cypress_runner.js:165453:10)\n    at Promise._settlePromises (http://localhost:33015/__cypress/runner/cypress_runner.js:165528:18)\n    at Async../node_modules/bluebird/js/release/async.js.Async._drainQueue (http://localhost:33015/__cypress/runner/cypress_runner.js:162140:16)\n    at Async../node_modules/bluebird/js/release/async.js.Async._drainQueues (http://localhost:33015/__cypress/runner/cypress_runner.js:162150:10)\n    at Async.drainQueues (http://localhost:33015/__cypress/runner/cypress_runner.js:162024:14)",
                "diff": null
              },
              "uuid": "80283586-7ecc-4ff7-86be-27f4cc74d0b0",
              "parentUUID": "d7894b4b-4fff-4a44-b622-3995121dcae8",
              "isHook": false,
              "skipped": false
            },
            {
              "title": "Verifica se cada cor individual da paleta de cores possui a `classe` chamada `color`.",
              "fullTitle": "2 - Adicione à página uma paleta de quatro cores distintas. Verifica se cada cor individual da paleta de cores possui a `classe` chamada `color`.",
              "timedOut": null,
              "duration": 454,
              "state": "passed",
              "speed": "slow",
              "pass": true,
              "fail": false,
              "pending": false,
              "context": null,
              "code": "cy.get('.color').should('have.length', 4).then(function (colors) {\n  for (var i = 0; i < colors.length; i++) {\n    cy.wrap(colors[i]).should('be.visible');\n  }\n});",
              "err": {},
              "uuid": "05ebd771-3a0b-4220-8440-2c44ed52c22b",
              "parentUUID": "d7894b4b-4fff-4a44-b622-3995121dcae8",
              "isHook": false,
              "skipped": false
            },
            {
              "title": "Verifica se a cor de fundo de cada elemento da paleta é a cor que o elemento representa. **A única cor não permitida na paleta é a cor branca.**",
              "fullTitle": "2 - Adicione à página uma paleta de quatro cores distintas. Verifica se a cor de fundo de cada elemento da paleta é a cor que o elemento representa. **A única cor não permitida na paleta é a cor branca.**",
              "timedOut": null,
              "duration": 344,
              "state": "passed",
              "speed": "slow",
              "pass": true,
              "fail": false,
              "pending": false,
              "context": null,
              "code": "cy.get('.color').each(function (color) {\n  cy.wrap(color).should('have.class', 'color').and('not.have.css', 'background-color', WHITE);\n  cy.wrap(color).should('have.css', 'background-color');\n});",
              "err": {},
              "uuid": "83d236b8-2aeb-4581-bc1b-b063b501ee7e",
              "parentUUID": "d7894b4b-4fff-4a44-b622-3995121dcae8",
              "isHook": false,
              "skipped": false
            },
            {
              "title": "Verifica se cada elemento da paleta de cores tem uma borda preta, sólida e com 1 pixel de largura;",
              "fullTitle": "2 - Adicione à página uma paleta de quatro cores distintas. Verifica se cada elemento da paleta de cores tem uma borda preta, sólida e com 1 pixel de largura;",
              "timedOut": null,
              "duration": 389,
              "state": "passed",
              "speed": "slow",
              "pass": true,
              "fail": false,
              "pending": false,
              "context": null,
              "code": "cy.get('.color').each(function (color) {\n  cy.wrap(color).and('have.css', 'border', \"1px solid \".concat(BLACK)).and('have.class', 'color');\n});",
              "err": {},
              "uuid": "a6969827-7a1c-4fe2-8899-5d8aedee5ff5",
              "parentUUID": "d7894b4b-4fff-4a44-b622-3995121dcae8",
              "isHook": false,
              "skipped": false
            },
            {
              "title": "Verifica se a paleta lista todas as cores disponíveis para utilização, lado a lado.",
              "fullTitle": "2 - Adicione à página uma paleta de quatro cores distintas. Verifica se a paleta lista todas as cores disponíveis para utilização, lado a lado.",
              "timedOut": null,
              "duration": 281,
              "state": "passed",
              "speed": "slow",
              "pass": true,
              "fail": false,
              "pending": false,
              "context": null,
              "code": "cy.get('.color').then(function (colors) {\n  for (var index = 1; index < colors.length; index += 1) {\n    var currentColor = colors[index];\n    var previousColor = colors[index - 1];\n    cy.wrap(currentColor).should('be.onTheRightOf', previousColor).and('be.horizontallyAlignedWith', previousColor);\n  }\n});",
              "err": {},
              "uuid": "3822ff98-87d1-48eb-938b-1bc740826b65",
              "parentUUID": "d7894b4b-4fff-4a44-b622-3995121dcae8",
              "isHook": false,
              "skipped": false
            },
            {
              "title": "Verifica se a paleta de cores está posicionada abaixo do título 'Paleta de Cores'",
              "fullTitle": "2 - Adicione à página uma paleta de quatro cores distintas. Verifica se a paleta de cores está posicionada abaixo do título 'Paleta de Cores'",
              "timedOut": null,
              "duration": 4514,
              "state": "failed",
              "speed": null,
              "pass": false,
              "fail": true,
              "pending": false,
              "context": null,
              "code": "cy.get('h1#title').then(function (title) {\n  cy.get('#color-palette').should('be.belowOf', title);\n});",
              "err": {
                "message": "CypressError: Timed out retrying: Expected to find element: '#color-palette', but never found it.",
                "estack": "CypressError: Timed out retrying: Expected to find element: '#color-palette', but never found it.\n    at cypressErr (http://localhost:33015/__cypress/runner/cypress_runner.js:149934:9)\n    at throwErr (http://localhost:33015/__cypress/runner/cypress_runner.js:149867:11)\n    at Object.throwErrByPath (http://localhost:33015/__cypress/runner/cypress_runner.js:149915:3)\n    at retry (http://localhost:33015/__cypress/runner/cypress_runner.js:144197:19)\n    at onFailFn (http://localhost:33015/__cypress/runner/cypress_runner.js:132448:16)\n    at tryCatcher (http://localhost:33015/__cypress/runner/cypress_runner.js:167415:23)\n    at Promise._settlePromiseFromHandler (http://localhost:33015/__cypress/runner/cypress_runner.js:165351:31)\n    at Promise._settlePromise (http://localhost:33015/__cypress/runner/cypress_runner.js:165408:18)\n    at Promise._settlePromise0 (http://localhost:33015/__cypress/runner/cypress_runner.js:165453:10)\n    at Promise._settlePromises (http://localhost:33015/__cypress/runner/cypress_runner.js:165528:18)\n    at Async../node_modules/bluebird/js/release/async.js.Async._drainQueue (http://localhost:33015/__cypress/runner/cypress_runner.js:162140:16)\n    at Async../node_modules/bluebird/js/release/async.js.Async._drainQueues (http://localhost:33015/__cypress/runner/cypress_runner.js:162150:10)\n    at Async.drainQueues (http://localhost:33015/__cypress/runner/cypress_runner.js:162024:14)",
                "diff": null
              },
              "uuid": "4a4339d8-d4e3-47c0-9ef8-ed0da7fccf6c",
              "parentUUID": "d7894b4b-4fff-4a44-b622-3995121dcae8",
              "isHook": false,
              "skipped": false
            },
            {
              "title": "Verifica se a paleta de cores não contém cores repetidas.",
              "fullTitle": "2 - Adicione à página uma paleta de quatro cores distintas. Verifica se a paleta de cores não contém cores repetidas.",
              "timedOut": null,
              "duration": 371,
              "state": "passed",
              "speed": "slow",
              "pass": true,
              "fail": false,
              "pending": false,
              "context": null,
              "code": "cy.get('.color').then(function (colors) {\n  var allColors = Array.from(colors).map(function (color) {\n    return Cypress.$(color).css('background-color');\n  });\n  cy.log(allColors);\n  var uniqColors = (0, _toConsumableArray2[\"default\"])(new Set(allColors));\n  cy.log(uniqColors);\n  expect(allColors.length).to.eq(uniqColors.length);\n});",
              "err": {},
              "uuid": "87264752-be74-4925-91e6-a22db8dc3b02",
              "parentUUID": "d7894b4b-4fff-4a44-b622-3995121dcae8",
              "isHook": false,
              "skipped": false
            }
          ],
          "suites": [],
          "passes": [
            "05ebd771-3a0b-4220-8440-2c44ed52c22b",
            "83d236b8-2aeb-4581-bc1b-b063b501ee7e",
            "a6969827-7a1c-4fe2-8899-5d8aedee5ff5",
            "3822ff98-87d1-48eb-938b-1bc740826b65",
            "87264752-be74-4925-91e6-a22db8dc3b02"
          ],
          "failures": [
            "80283586-7ecc-4ff7-86be-27f4cc74d0b0",
            "4a4339d8-d4e3-47c0-9ef8-ed0da7fccf6c"
          ],
          "pending": [],
          "skipped": [],
          "duration": 11114,
          "root": false,
          "rootEmpty": false,
          "_timeout": 2000
        },
        {
          "uuid": "cb4bf894-68d9-426f-90f6-840df45b8791",
          "title": "3 - Adicione a cor **preta** como a primeira cor da paleta de cores.",
          "fullFile": "",
          "file": "",
          "beforeHooks": [],
          "afterHooks": [],
          "tests": [
            {
              "title": "Verifica se a primeira cor da paleta é preta",
              "fullTitle": "3 - Adicione a cor **preta** como a primeira cor da paleta de cores. Verifica se a primeira cor da paleta é preta",
              "timedOut": null,
              "duration": 217,
              "state": "passed",
              "speed": "slow",
              "pass": true,
              "fail": false,
              "pending": false,
              "context": null,
              "code": "cy.get('.color').first().should('have.css', 'background-color', BLACK);",
              "err": {},
              "uuid": "02479dc5-f59a-40c9-a0cb-12ed3907163d",
              "parentUUID": "cb4bf894-68d9-426f-90f6-840df45b8791",
              "isHook": false,
              "skipped": false
            },
            {
              "title": "Verifica se as demais cores podem ser escolhidas livremente.",
              "fullTitle": "3 - Adicione a cor **preta** como a primeira cor da paleta de cores. Verifica se as demais cores podem ser escolhidas livremente.",
              "timedOut": null,
              "duration": 304,
              "state": "passed",
              "speed": "slow",
              "pass": true,
              "fail": false,
              "pending": false,
              "context": null,
              "code": "cy.get('.color').eq(1).should('not.have.css', 'background-color', BLACK);\ncy.get('.color').eq(1).should('not.have.css', 'background-color', WHITE);\ncy.get('.color').eq(1).should('not.have.css', 'background-color', 'rgba(0, 0, 0, 0)');\ncy.get('.color').eq(1).should('have.css', 'background-color');\ncy.get('.color').eq(2).should('not.have.css', 'background-color', BLACK);\ncy.get('.color').eq(2).should('not.have.css', 'background-color', WHITE);\ncy.get('.color').eq(2).should('not.have.css', 'background-color', 'rgba(0, 0, 0, 0)');\ncy.get('.color').eq(2).should('have.css', 'background-color');\ncy.get('.color').eq(3).should('not.have.css', 'background-color', BLACK);\ncy.get('.color').eq(3).should('not.have.css', 'background-color', WHITE);\ncy.get('.color').eq(3).should('not.have.css', 'background-color', 'rgba(0, 0, 0, 0)');\ncy.get('.color').eq(3).should('have.css', 'background-color');",
              "err": {},
              "uuid": "7fb964e6-55ba-4187-bd82-b17e815e7b62",
              "parentUUID": "cb4bf894-68d9-426f-90f6-840df45b8791",
              "isHook": false,
              "skipped": false
            }
          ],
          "suites": [],
          "passes": [
            "02479dc5-f59a-40c9-a0cb-12ed3907163d",
            "7fb964e6-55ba-4187-bd82-b17e815e7b62"
          ],
          "failures": [],
          "pending": [],
          "skipped": [],
          "duration": 521,
          "root": false,
          "rootEmpty": false,
          "_timeout": 2000
        },
        {
          "uuid": "eb9993d8-f1db-479a-8d98-615ce652a8d7",
          "title": "4 - Adicione à página um quadro de pixels, com 25 pixels.",
          "fullFile": "",
          "file": "",
          "beforeHooks": [],
          "afterHooks": [],
          "tests": [
            {
              "title": "Verifica se o quadro de pixels possui o `id` denominado `pixel-board`",
              "fullTitle": "4 - Adicione à página um quadro de pixels, com 25 pixels. Verifica se o quadro de pixels possui o `id` denominado `pixel-board`",
              "timedOut": null,
              "duration": 4660,
              "state": "failed",
              "speed": null,
              "pass": false,
              "fail": true,
              "pending": false,
              "context": null,
              "code": "cy.get('#pixel-board').should('be.visible');",
              "err": {
                "message": "CypressError: Timed out retrying: Expected to find element: '#pixel-board', but never found it.",
                "estack": "CypressError: Timed out retrying: Expected to find element: '#pixel-board', but never found it.\n    at cypressErr (http://localhost:33015/__cypress/runner/cypress_runner.js:149934:9)\n    at throwErr (http://localhost:33015/__cypress/runner/cypress_runner.js:149867:11)\n    at Object.throwErrByPath (http://localhost:33015/__cypress/runner/cypress_runner.js:149915:3)\n    at retry (http://localhost:33015/__cypress/runner/cypress_runner.js:144197:19)\n    at onFailFn (http://localhost:33015/__cypress/runner/cypress_runner.js:132448:16)\n    at tryCatcher (http://localhost:33015/__cypress/runner/cypress_runner.js:167415:23)\n    at Promise._settlePromiseFromHandler (http://localhost:33015/__cypress/runner/cypress_runner.js:165351:31)\n    at Promise._settlePromise (http://localhost:33015/__cypress/runner/cypress_runner.js:165408:18)\n    at Promise._settlePromise0 (http://localhost:33015/__cypress/runner/cypress_runner.js:165453:10)\n    at Promise._settlePromises (http://localhost:33015/__cypress/runner/cypress_runner.js:165528:18)\n    at Async../node_modules/bluebird/js/release/async.js.Async._drainQueue (http://localhost:33015/__cypress/runner/cypress_runner.js:162140:16)\n    at Async../node_modules/bluebird/js/release/async.js.Async._drainQueues (http://localhost:33015/__cypress/runner/cypress_runner.js:162150:10)\n    at Async.drainQueues (http://localhost:33015/__cypress/runner/cypress_runner.js:162024:14)",
                "diff": null
              },
              "uuid": "72005bc5-6416-4b2f-810d-7742c4b7a967",
              "parentUUID": "eb9993d8-f1db-479a-8d98-615ce652a8d7",
              "isHook": false,
              "skipped": false
            },
            {
              "title": "Verifica se cada pixel individual dentro do quadro possui a `classe` denominada `pixel`.",
              "fullTitle": "4 - Adicione à página um quadro de pixels, com 25 pixels. Verifica se cada pixel individual dentro do quadro possui a `classe` denominada `pixel`.",
              "timedOut": null,
              "duration": 4614,
              "state": "failed",
              "speed": null,
              "pass": false,
              "fail": true,
              "pending": false,
              "context": null,
              "code": "cy.get('.pixel').should('have.length', 25);",
              "err": {
                "message": "CypressError: Timed out retrying: Expected to find element: '.pixel', but never found it.",
                "estack": "CypressError: Timed out retrying: Expected to find element: '.pixel', but never found it.\n    at cypressErr (http://localhost:33015/__cypress/runner/cypress_runner.js:149934:9)\n    at throwErr (http://localhost:33015/__cypress/runner/cypress_runner.js:149867:11)\n    at Object.throwErrByPath (http://localhost:33015/__cypress/runner/cypress_runner.js:149915:3)\n    at retry (http://localhost:33015/__cypress/runner/cypress_runner.js:144197:19)\n    at onFailFn (http://localhost:33015/__cypress/runner/cypress_runner.js:132448:16)\n    at tryCatcher (http://localhost:33015/__cypress/runner/cypress_runner.js:167415:23)\n    at Promise._settlePromiseFromHandler (http://localhost:33015/__cypress/runner/cypress_runner.js:165351:31)\n    at Promise._settlePromise (http://localhost:33015/__cypress/runner/cypress_runner.js:165408:18)\n    at Promise._settlePromise0 (http://localhost:33015/__cypress/runner/cypress_runner.js:165453:10)\n    at Promise._settlePromises (http://localhost:33015/__cypress/runner/cypress_runner.js:165528:18)\n    at Async../node_modules/bluebird/js/release/async.js.Async._drainQueue (http://localhost:33015/__cypress/runner/cypress_runner.js:162140:16)\n    at Async../node_modules/bluebird/js/release/async.js.Async._drainQueues (http://localhost:33015/__cypress/runner/cypress_runner.js:162150:10)\n    at Async.drainQueues (http://localhost:33015/__cypress/runner/cypress_runner.js:162024:14)",
                "diff": null
              },
              "uuid": "78b5193d-a9b8-4bd0-be27-fad36ec7925c",
              "parentUUID": "eb9993d8-f1db-479a-8d98-615ce652a8d7",
              "isHook": false,
              "skipped": false
            },
            {
              "title": "Verifica se a cor inicial dos pixels dentro do quadro, ao abrir a página, é branca.",
              "fullTitle": "4 - Adicione à página um quadro de pixels, com 25 pixels. Verifica se a cor inicial dos pixels dentro do quadro, ao abrir a página, é branca.",
              "timedOut": null,
              "duration": 4630,
              "state": "failed",
              "speed": null,
              "pass": false,
              "fail": true,
              "pending": false,
              "context": null,
              "code": "cy.get('.pixel').should('have.length', 25).each(function (pixel) {\n  expect(pixel).to.have.css('background-color', WHITE);\n});",
              "err": {
                "message": "CypressError: Timed out retrying: Expected to find element: '.pixel', but never found it.",
                "estack": "CypressError: Timed out retrying: Expected to find element: '.pixel', but never found it.\n    at cypressErr (http://localhost:33015/__cypress/runner/cypress_runner.js:149934:9)\n    at throwErr (http://localhost:33015/__cypress/runner/cypress_runner.js:149867:11)\n    at Object.throwErrByPath (http://localhost:33015/__cypress/runner/cypress_runner.js:149915:3)\n    at retry (http://localhost:33015/__cypress/runner/cypress_runner.js:144197:19)\n    at onFailFn (http://localhost:33015/__cypress/runner/cypress_runner.js:132448:16)\n    at tryCatcher (http://localhost:33015/__cypress/runner/cypress_runner.js:167415:23)\n    at Promise._settlePromiseFromHandler (http://localhost:33015/__cypress/runner/cypress_runner.js:165351:31)\n    at Promise._settlePromise (http://localhost:33015/__cypress/runner/cypress_runner.js:165408:18)\n    at Promise._settlePromise0 (http://localhost:33015/__cypress/runner/cypress_runner.js:165453:10)\n    at Promise._settlePromises (http://localhost:33015/__cypress/runner/cypress_runner.js:165528:18)\n    at Async../node_modules/bluebird/js/release/async.js.Async._drainQueue (http://localhost:33015/__cypress/runner/cypress_runner.js:162140:16)\n    at Async../node_modules/bluebird/js/release/async.js.Async._drainQueues (http://localhost:33015/__cypress/runner/cypress_runner.js:162150:10)\n    at Async.drainQueues (http://localhost:33015/__cypress/runner/cypress_runner.js:162024:14)",
                "diff": null
              },
              "uuid": "ad115157-dd12-4a35-905d-3d5fff572a92",
              "parentUUID": "eb9993d8-f1db-479a-8d98-615ce652a8d7",
              "isHook": false,
              "skipped": false
            },
            {
              "title": "Verifica se o quadro de pixels aparece abaixo da paleta de cores",
              "fullTitle": "4 - Adicione à página um quadro de pixels, com 25 pixels. Verifica se o quadro de pixels aparece abaixo da paleta de cores",
              "timedOut": null,
              "duration": 4542,
              "state": "failed",
              "speed": null,
              "pass": false,
              "fail": true,
              "pending": false,
              "context": null,
              "code": "cy.get('#color-palette').then(function (palette) {\n  cy.get('#pixel-board').should('be.belowOf', palette);\n});",
              "err": {
                "message": "CypressError: Timed out retrying: Expected to find element: '#color-palette', but never found it.",
                "estack": "CypressError: Timed out retrying: Expected to find element: '#color-palette', but never found it.\n    at cypressErr (http://localhost:33015/__cypress/runner/cypress_runner.js:149934:9)\n    at throwErr (http://localhost:33015/__cypress/runner/cypress_runner.js:149867:11)\n    at Object.throwErrByPath (http://localhost:33015/__cypress/runner/cypress_runner.js:149915:3)\n    at retry (http://localhost:33015/__cypress/runner/cypress_runner.js:144197:19)\n    at onFailFn (http://localhost:33015/__cypress/runner/cypress_runner.js:132448:16)\n    at tryCatcher (http://localhost:33015/__cypress/runner/cypress_runner.js:167415:23)\n    at Promise._settlePromiseFromHandler (http://localhost:33015/__cypress/runner/cypress_runner.js:165351:31)\n    at Promise._settlePromise (http://localhost:33015/__cypress/runner/cypress_runner.js:165408:18)\n    at Promise._settlePromise0 (http://localhost:33015/__cypress/runner/cypress_runner.js:165453:10)\n    at Promise._settlePromises (http://localhost:33015/__cypress/runner/cypress_runner.js:165528:18)\n    at Async../node_modules/bluebird/js/release/async.js.Async._drainQueue (http://localhost:33015/__cypress/runner/cypress_runner.js:162140:16)\n    at Async../node_modules/bluebird/js/release/async.js.Async._drainQueues (http://localhost:33015/__cypress/runner/cypress_runner.js:162150:10)\n    at Async.drainQueues (http://localhost:33015/__cypress/runner/cypress_runner.js:162024:14)",
                "diff": null
              },
              "uuid": "0f980ab9-091a-4baa-ab14-efb2cae36b59",
              "parentUUID": "eb9993d8-f1db-479a-8d98-615ce652a8d7",
              "isHook": false,
              "skipped": false
            }
          ],
          "suites": [],
          "passes": [],
          "failures": [
            "72005bc5-6416-4b2f-810d-7742c4b7a967",
            "78b5193d-a9b8-4bd0-be27-fad36ec7925c",
            "ad115157-dd12-4a35-905d-3d5fff572a92",
            "0f980ab9-091a-4baa-ab14-efb2cae36b59"
          ],
          "pending": [],
          "skipped": [],
          "duration": 18446,
          "root": false,
          "rootEmpty": false,
          "_timeout": 2000
        },
        {
          "uuid": "a0d942b0-65ff-42eb-b39d-fa0043dbf475",
          "title": "5 - Faça com que cada elemento do quadro de pixels possua 40 pixels de largura, 40 pixels de altura e seja delimitado por uma borda preta de 1 pixel.",
          "fullFile": "",
          "file": "",
          "beforeHooks": [],
          "afterHooks": [],
          "tests": [
            {
              "title": "Verifica se o quadro de pixels tem altura e comprimento de 5 elementos",
              "fullTitle": "5 - Faça com que cada elemento do quadro de pixels possua 40 pixels de largura, 40 pixels de altura e seja delimitado por uma borda preta de 1 pixel. Verifica se o quadro de pixels tem altura e comprimento de 5 elementos",
              "timedOut": null,
              "duration": 4684,
              "state": "failed",
              "speed": null,
              "pass": false,
              "fail": true,
              "pending": false,
              "context": null,
              "code": "cy.get('.pixel').should('have.length', 25).each(function (pixel) {\n  expect(pixel).to.have.css('background-color', WHITE);\n}).and(function (pixels) {\n  var rows = chunk(pixels, 5);\n  rows.forEach(function (row) {\n    for (var index = 1; index < row.length; index += 1) {\n      var current = pixels[index];\n      var previous = pixels[index - 1];\n      cy.wrap(current).should('be.onTheRightOf', previous).and('be.horizontallyAlignedWith', previous);\n    }\n  });\n  for (var index = 1; index < 5; index += 1) {\n    expect(pixels[index * 5]).to.be.belowOf(pixels[(index - 1) * 5]);\n  }\n});",
              "err": {
                "message": "CypressError: Timed out retrying: Expected to find element: '.pixel', but never found it.",
                "estack": "CypressError: Timed out retrying: Expected to find element: '.pixel', but never found it.\n    at cypressErr (http://localhost:33015/__cypress/runner/cypress_runner.js:149934:9)\n    at throwErr (http://localhost:33015/__cypress/runner/cypress_runner.js:149867:11)\n    at Object.throwErrByPath (http://localhost:33015/__cypress/runner/cypress_runner.js:149915:3)\n    at retry (http://localhost:33015/__cypress/runner/cypress_runner.js:144197:19)\n    at onFailFn (http://localhost:33015/__cypress/runner/cypress_runner.js:132448:16)\n    at tryCatcher (http://localhost:33015/__cypress/runner/cypress_runner.js:167415:23)\n    at Promise._settlePromiseFromHandler (http://localhost:33015/__cypress/runner/cypress_runner.js:165351:31)\n    at Promise._settlePromise (http://localhost:33015/__cypress/runner/cypress_runner.js:165408:18)\n    at Promise._settlePromise0 (http://localhost:33015/__cypress/runner/cypress_runner.js:165453:10)\n    at Promise._settlePromises (http://localhost:33015/__cypress/runner/cypress_runner.js:165528:18)\n    at Async../node_modules/bluebird/js/release/async.js.Async._drainQueue (http://localhost:33015/__cypress/runner/cypress_runner.js:162140:16)\n    at Async../node_modules/bluebird/js/release/async.js.Async._drainQueues (http://localhost:33015/__cypress/runner/cypress_runner.js:162150:10)\n    at Async.drainQueues (http://localhost:33015/__cypress/runner/cypress_runner.js:162024:14)",
                "diff": null
              },
              "uuid": "0ce29c38-e939-4053-8cb5-07693fbe71aa",
              "parentUUID": "a0d942b0-65ff-42eb-b39d-fa0043dbf475",
              "isHook": false,
              "skipped": false
            },
            {
              "title": "Verifica se 40 pixels é o tamanho total do elemento, incluindo seu conteúdo e excluindo a borda preta, que deve ser criada à parte.",
              "fullTitle": "5 - Faça com que cada elemento do quadro de pixels possua 40 pixels de largura, 40 pixels de altura e seja delimitado por uma borda preta de 1 pixel. Verifica se 40 pixels é o tamanho total do elemento, incluindo seu conteúdo e excluindo a borda preta, que deve ser criada à parte.",
              "timedOut": null,
              "duration": 4509,
              "state": "failed",
              "speed": null,
              "pass": false,
              "fail": true,
              "pending": false,
              "context": null,
              "code": "cy.get('.pixel').each(function (pixel) {\n  cy.wrap(pixel).should('have.css', 'height', '40px').and('have.css', 'width', '40px').and('have.css', 'border', \"1px solid \".concat(BLACK));\n});",
              "err": {
                "message": "CypressError: Timed out retrying: Expected to find element: '.pixel', but never found it.",
                "estack": "CypressError: Timed out retrying: Expected to find element: '.pixel', but never found it.\n    at cypressErr (http://localhost:33015/__cypress/runner/cypress_runner.js:149934:9)\n    at throwErr (http://localhost:33015/__cypress/runner/cypress_runner.js:149867:11)\n    at Object.throwErrByPath (http://localhost:33015/__cypress/runner/cypress_runner.js:149915:3)\n    at retry (http://localhost:33015/__cypress/runner/cypress_runner.js:144197:19)\n    at onFailFn (http://localhost:33015/__cypress/runner/cypress_runner.js:132448:16)\n    at tryCatcher (http://localhost:33015/__cypress/runner/cypress_runner.js:167415:23)\n    at Promise._settlePromiseFromHandler (http://localhost:33015/__cypress/runner/cypress_runner.js:165351:31)\n    at Promise._settlePromise (http://localhost:33015/__cypress/runner/cypress_runner.js:165408:18)\n    at Promise._settlePromise0 (http://localhost:33015/__cypress/runner/cypress_runner.js:165453:10)\n    at Promise._settlePromises (http://localhost:33015/__cypress/runner/cypress_runner.js:165528:18)\n    at Async../node_modules/bluebird/js/release/async.js.Async._drainQueue (http://localhost:33015/__cypress/runner/cypress_runner.js:162140:16)\n    at Async../node_modules/bluebird/js/release/async.js.Async._drainQueues (http://localhost:33015/__cypress/runner/cypress_runner.js:162150:10)\n    at Async.drainQueues (http://localhost:33015/__cypress/runner/cypress_runner.js:162024:14)",
                "diff": null
              },
              "uuid": "cad366ab-c679-4f30-a80f-7f67bc990df9",
              "parentUUID": "a0d942b0-65ff-42eb-b39d-fa0043dbf475",
              "isHook": false,
              "skipped": false
            }
          ],
          "suites": [],
          "passes": [],
          "failures": [
            "0ce29c38-e939-4053-8cb5-07693fbe71aa",
            "cad366ab-c679-4f30-a80f-7f67bc990df9"
          ],
          "pending": [],
          "skipped": [],
          "duration": 9193,
          "root": false,
          "rootEmpty": false,
          "_timeout": 2000
        },
        {
          "uuid": "bd79e2e8-bed8-4293-9965-092b01f64ee1",
          "title": "6 - Defina a cor preta como cor inicial. Ao carregar a página a cor preta já deve estar selecionada para pintar os pixels",
          "fullFile": "",
          "file": "",
          "beforeHooks": [],
          "afterHooks": [],
          "tests": [
            {
              "title": "Verifica se o elemento da cor preta possui, inicialmente, a `classe` `selected`",
              "fullTitle": "6 - Defina a cor preta como cor inicial. Ao carregar a página a cor preta já deve estar selecionada para pintar os pixels Verifica se o elemento da cor preta possui, inicialmente, a `classe` `selected`",
              "timedOut": null,
              "duration": 4624,
              "state": "failed",
              "speed": null,
              "pass": false,
              "fail": true,
              "pending": false,
              "context": null,
              "code": "cy.get('.selected').first().should('have.css', 'background-color', BLACK);",
              "err": {
                "message": "CypressError: Timed out retrying: Expected to find element: '.selected', but never found it.",
                "estack": "CypressError: Timed out retrying: Expected to find element: '.selected', but never found it.\n    at cypressErr (http://localhost:33015/__cypress/runner/cypress_runner.js:149934:9)\n    at throwErr (http://localhost:33015/__cypress/runner/cypress_runner.js:149867:11)\n    at Object.throwErrByPath (http://localhost:33015/__cypress/runner/cypress_runner.js:149915:3)\n    at retry (http://localhost:33015/__cypress/runner/cypress_runner.js:144197:19)\n    at onFailFn (http://localhost:33015/__cypress/runner/cypress_runner.js:132448:16)\n    at tryCatcher (http://localhost:33015/__cypress/runner/cypress_runner.js:167415:23)\n    at Promise._settlePromiseFromHandler (http://localhost:33015/__cypress/runner/cypress_runner.js:165351:31)\n    at Promise._settlePromise (http://localhost:33015/__cypress/runner/cypress_runner.js:165408:18)\n    at Promise._settlePromise0 (http://localhost:33015/__cypress/runner/cypress_runner.js:165453:10)\n    at Promise._settlePromises (http://localhost:33015/__cypress/runner/cypress_runner.js:165528:18)\n    at Async../node_modules/bluebird/js/release/async.js.Async._drainQueue (http://localhost:33015/__cypress/runner/cypress_runner.js:162140:16)\n    at Async../node_modules/bluebird/js/release/async.js.Async._drainQueues (http://localhost:33015/__cypress/runner/cypress_runner.js:162150:10)\n    at Async.drainQueues (http://localhost:33015/__cypress/runner/cypress_runner.js:162024:14)",
                "diff": null
              },
              "uuid": "b8a4b9b8-0803-4b98-8474-e56af4d4c2f3",
              "parentUUID": "bd79e2e8-bed8-4293-9965-092b01f64ee1",
              "isHook": false,
              "skipped": false
            },
            {
              "title": "Verifica se nenhuma outra cor da paleta tem a `classe` `selected`",
              "fullTitle": "6 - Defina a cor preta como cor inicial. Ao carregar a página a cor preta já deve estar selecionada para pintar os pixels Verifica se nenhuma outra cor da paleta tem a `classe` `selected`",
              "timedOut": null,
              "duration": 461,
              "state": "passed",
              "speed": "slow",
              "pass": true,
              "fail": false,
              "pending": false,
              "context": null,
              "code": "cy.get('.color:not(:first-child)').each(function (color) {\n  cy.wrap(color).should('not.have.class', 'selected');\n});",
              "err": {},
              "uuid": "3c8b65f8-7dfc-41e1-a866-d1589ac5af94",
              "parentUUID": "bd79e2e8-bed8-4293-9965-092b01f64ee1",
              "isHook": false,
              "skipped": false
            }
          ],
          "suites": [],
          "passes": [
            "3c8b65f8-7dfc-41e1-a866-d1589ac5af94"
          ],
          "failures": [
            "b8a4b9b8-0803-4b98-8474-e56af4d4c2f3"
          ],
          "pending": [],
          "skipped": [],
          "duration": 5085,
          "root": false,
          "rootEmpty": false,
          "_timeout": 2000
        },
        {
          "uuid": "8691d521-ae30-44a3-9c2a-c07ebc84ed11",
          "title": "7 - Clicar em uma das cores da paleta, faz com que ela seja selecionada e utilizada para preencher os pixels no quadro.",
          "fullFile": "",
          "file": "",
          "beforeHooks": [],
          "afterHooks": [],
          "tests": [
            {
              "title": "Verifica se somente uma cor da paleta de cores tem a classe `selected` de cada vez",
              "fullTitle": "7 - Clicar em uma das cores da paleta, faz com que ela seja selecionada e utilizada para preencher os pixels no quadro. Verifica se somente uma cor da paleta de cores tem a classe `selected` de cada vez",
              "timedOut": null,
              "duration": 696,
              "state": "failed",
              "speed": null,
              "pass": false,
              "fail": true,
              "pending": false,
              "context": null,
              "code": "cy.get('.color').each(function (selectedColor, selectedColorIndex) {\n  cy.wrap(selectedColor).click();\n  cy.get('.color').each(function (color, colorIndex) {\n    if (colorIndex === selectedColorIndex) {\n      expect(color).to.have[\"class\"]('selected');\n    } else {\n      expect(color).not.to.have[\"class\"]('selected');\n    }\n  });\n});",
              "err": {
                "message": "AssertionError: expected '<div#preto.color>' to have class 'selected'",
                "estack": "AssertionError: expected '<div#preto.color>' to have class 'selected'\n    at callback (http://localhost:33015/__cypress/runner/cypress_runner.js:136947:20)\n    at getRet (http://localhost:33015/__cypress/runner/cypress_runner.js:136585:16)\n    at tryCatcher (http://localhost:33015/__cypress/runner/cypress_runner.js:167415:23)\n    at Function.Promise.attempt.Promise.try (http://localhost:33015/__cypress/runner/cypress_runner.js:164690:29)\n    at thenFn (http://localhost:33015/__cypress/runner/cypress_runner.js:136599:23)\n    at yieldItem (http://localhost:33015/__cypress/runner/cypress_runner.js:136954:16)\n    at tryCatcher (http://localhost:33015/__cypress/runner/cypress_runner.js:167415:23)\n    at Object.gotValue (http://localhost:33015/__cypress/runner/cypress_runner.js:166557:18)\n    at Object.gotAccum (http://localhost:33015/__cypress/runner/cypress_runner.js:166546:25)\n    at Object.tryCatcher (http://localhost:33015/__cypress/runner/cypress_runner.js:167415:23)\n    at Promise._settlePromiseFromHandler (http://localhost:33015/__cypress/runner/cypress_runner.js:165351:31)\n    at Promise._settlePromise (http://localhost:33015/__cypress/runner/cypress_runner.js:165408:18)\n    at Promise._settlePromiseCtx (http://localhost:33015/__cypress/runner/cypress_runner.js:165445:10)\n    at Async../node_modules/bluebird/js/release/async.js.Async._drainQueue (http://localhost:33015/__cypress/runner/cypress_runner.js:162145:12)\n    at Async../node_modules/bluebird/js/release/async.js.Async._drainQueues (http://localhost:33015/__cypress/runner/cypress_runner.js:162150:10)\n    at Async.drainQueues (http://localhost:33015/__cypress/runner/cypress_runner.js:162024:14)",
                "diff": "- { '0': <div class=\"color\" id=\"preto\"></div>,\n-   length: 1,\n-   jquery: '3.1.1',\n-   constructor: \n-    { [Function: jQuery]\n-      fn: \n-       { jquery: '3.1.1',\n-         constructor: [Circular],\n-         length: 0,\n-         toArray: [Function: toArray],\n-         get: [Function: get],\n-         pushStack: [Function: pushStack],\n-         each: [Function: each],\n-         map: [Function: map],\n-         slice: [Function: slice],\n-         first: [Function: first],\n-         last: [Function: last],\n-         eq: [Function: eq],\n-         end: [Function: end],\n-         push: [Function: push],\n-         sort: [Function: sort],\n-         splice: [Function: splice],\n-         extend: [Function],\n-         find: [Function: find],\n-         filter: [Function: filter],\n-         not: [Function: not],\n-         is: [Function: is],\n-         init: [Function],\n-         has: [Function: has],\n-         closest: [Function: closest],\n-         index: [Function: index],\n-         add: [Function: add],\n-         addBack: [Function: addBack],\n-         parent: [Function],\n-         parents: [Function],\n-         parentsUntil: [Function],\n-         next: [Function],\n-         prev: [Function],\n-         nextAll: [Function],\n-         prevAll: [Function],\n-         nextUntil: [Function],\n-         prevUntil: [Function],\n-         siblings: [Function],\n-         children: [Function],\n-         contents: [Function],\n-         ready: [Function],\n-         data: [Function: data],\n-         removeData: [Function: removeData],\n-         queue: [Function: queue],\n-         dequeue: [Function: dequeue],\n-         clearQueue: [Function: clearQueue],\n-         promise: [Function: promise],\n-         show: [Function],\n-         hide: [Function],\n-         toggle: [Function],\n-         on: [Function: on],\n-         one: [Function: one],\n-         off: [Function: off],\n-         detach: [Function: detach],\n-         remove: [Function: remove],\n-         text: [Function: text],\n-         append: [Function: append],\n-         prepend: [Function: prepend],\n-         before: [Function: before],\n-         after: [Function: after],\n-         empty: [Function: empty],\n-         clone: [Function: clone],\n-         html: [Function: html],\n-         replaceWith: [Function: replaceWith],\n-         appendTo: [Function],\n-         prependTo: [Function],\n-         insertBefore: [Function],\n-         insertAfter: [Function],\n-         replaceAll: [Function],\n-         css: [Function: css],\n-         fadeTo: [Function: fadeTo],\n-         animate: [Function: animate],\n-         stop: [Function: stop],\n-         finish: [Function: finish],\n-         slideDown: [Function],\n-         slideUp: [Function],\n-         slideToggle: [Function],\n-         fadeIn: [Function],\n-         fadeOut: [Function],\n-         fadeToggle: [Function],\n-         delay: [Function],\n-         attr: [Function: attr],\n-         removeAttr: [Function: removeAttr],\n-         prop: [Function: prop],\n-         removeProp: [Function: removeProp],\n-         addClass: [Function: addClass],\n-         removeClass: [Function: removeClass],\n-         toggleClass: [Function: toggleClass],\n-         hasClass: [Function: hasClass],\n-         val: [Function: val],\n-         trigger: [Function: trigger],\n-         triggerHandler: [Function: triggerHandler],\n-         blur: [Function],\n-         focus: [Function],\n-         focusin: [Function],\n-         focusout: [Function],\n-         resize: [Function],\n-         scroll: [Function],\n-         click: [Function],\n-         dblclick: [Function],\n-         mousedown: [Function],\n-         mouseup: [Function],\n-         mousemove: [Function],\n-         mouseover: [Function],\n-         mouseout: [Function],\n-         mouseenter: [Function],\n-         mouseleave: [Function],\n-         change: [Function],\n-         select: [Function],\n-         submit: [Function],\n-         keydown: [Function],\n-         keypress: [Function],\n-         keyup: [Function],\n-         contextmenu: [Function],\n-         hover: [Function: hover],\n-         serialize: [Function: serialize],\n-         serializeArray: [Function: serializeArray],\n-         wrapAll: [Function: wrapAll],\n-         wrapInner: [Function: wrapInner],\n-         wrap: [Function: wrap],\n-         unwrap: [Function: unwrap],\n-         load: [Function],\n-         ajaxStart: [Function],\n-         ajaxStop: [Function],\n-         ajaxComplete: [Function],\n-         ajaxError: [Function],\n-         ajaxSuccess: [Function],\n-         ajaxSend: [Function],\n-         offset: [Function: offset],\n-         position: [Function: position],\n-         offsetParent: [Function: offsetParent],\n-         scrollLeft: [Function],\n-         scrollTop: [Function],\n-         innerHeight: [Function],\n-         height: [Function],\n-         outerHeight: [Function],\n-         innerWidth: [Function],\n-         width: [Function],\n-         outerWidth: [Function],\n-         bind: [Function: bind],\n-         unbind: [Function: unbind],\n-         delegate: [Function: delegate],\n-         undelegate: [Function: undelegate],\n-         scrollTo: [Function] },\n-      extend: [Function],\n-      expando: 'jQuery311049880972255041334',\n-      isReady: true,\n-      error: [Function: error],\n-      noop: [Function: noop],\n-      isFunction: [Function: isFunction],\n-      isArray: [Function: isArray],\n-      isWindow: [Function: isWindow],\n-      isNumeric: [Function: isNumeric],\n-      isPlainObject: [Function: isPlainObject],\n-      isEmptyObject: [Function: isEmptyObject],\n-      type: [Function: type],\n-      globalEval: [Function: globalEval],\n-      camelCase: [Function: camelCase],\n-      nodeName: [Function: nodeName],\n-      each: [Function: each],\n-      trim: [Function: trim],\n-      makeArray: [Function: makeArray],\n-      inArray: [Function: inArray],\n-      merge: [Function: merge],\n-      grep: [Function: grep],\n-      map: [Function: map],\n-      guid: 7,\n-      proxy: [Function: proxy],\n-      now: [Function: now],\n-      support: \n-       { checkClone: true,\n-         noCloneChecked: true,\n-         clearCloneStyle: true,\n-         pixelPosition: [Function: pixelPosition],\n-         boxSizingReliable: [Function: boxSizingReliable],\n-         pixelMarginRight: [Function: pixelMarginRight],\n-         reliableMarginLeft: [Function: reliableMarginLeft],\n-         checkOn: true,\n-         optSelected: true,\n-         radioValue: true,\n-         focusin: false,\n-         cors: true,\n-         ajax: true,\n-         createHTMLDocument: true },\n-      find: \n-       { [Function: Sizzle]\n-         support: [Object],\n-         isXML: [Function],\n-         setDocument: [Function],\n-         matches: [Function],\n-         matchesSelector: [Function],\n-         contains: [Function],\n-         attr: [Function],\n-         escape: [Function],\n-         error: [Function],\n-         uniqueSort: [Function],\n-         getText: [Function],\n-         selectors: [Object],\n-         tokenize: [Function],\n-         compile: [Function],\n-         select: [Function] },\n-      expr: \n-       { cacheLength: 1,\n-         createPseudo: [Function: markFunction],\n-         match: [Object],\n-         attrHandle: [Object],\n-         find: [Object],\n-         relative: [Object],\n-         preFilter: [Object],\n-         filter: [Object],\n-         pseudos: [Object],\n-         filters: [Object],\n-         setFilters: [Object],\n-         ':': [Object] },\n-      unique: [Function],\n-      uniqueSort: [Function],\n-      text: [Function],\n-      isXMLDoc: [Function],\n-      contains: [Function],\n-      escapeSelector: [Function],\n-      filter: [Function],\n-      Callbacks: [Function],\n-      Deferred: { [Function: Deferred] exceptionHook: [Function] },\n-      when: [Function: when],\n-      readyException: [Function],\n-      readyWait: 0,\n-      holdReady: [Function: holdReady],\n-      ready: { [Function: ready] then: [Function: then] },\n-      hasData: [Function: hasData],\n-      data: [Function: data],\n-      removeData: [Function: removeData],\n-      _data: [Function: _data],\n-      _removeData: [Function: _removeData],\n-      queue: [Function: queue],\n-      dequeue: [Function: dequeue],\n-      _queueHooks: [Function: _queueHooks],\n-      event: \n-       { global: [Object],\n-         add: [Function: add],\n-         remove: [Function: remove],\n-         dispatch: [Function: dispatch],\n-         handlers: [Function: handlers],\n-         addProp: [Function: addProp],\n-         fix: [Function: fix],\n-         special: [Object],\n-         trigger: [Function: trigger],\n-         simulate: [Function: simulate] },\n-      removeEvent: [Function],\n-      Event: [Function],\n-      htmlPrefilter: [Function: htmlPrefilter],\n-      clone: [Function: clone],\n-      cleanData: [Function: cleanData],\n-      cssHooks: \n-       { opacity: [Object],\n-         height: [Object],\n-         width: [Object],\n-         marginLeft: [Object],\n-         margin: [Object],\n-         padding: [Object],\n-         borderWidth: [Object],\n-         top: [Object],\n-         left: [Object] },\n-      cssNumber: \n-       { animationIterationCount: true,\n-         columnCount: true,\n-         fillOpacity: true,\n-         flexGrow: true,\n-         flexShrink: true,\n-         fontWeight: true,\n-         lineHeight: true,\n-         opacity: true,\n-         order: true,\n-         orphans: true,\n-         widows: true,\n-         zIndex: true,\n-         zoom: true },\n-      cssProps: \n-       { float: 'cssFloat',\n-         width: 'width',\n-         display: 'display',\n-         boxSizing: 'boxSizing',\n-         height: 'height',\n-         overflow: 'overflow',\n-         overflowY: 'overflowY',\n-         overflowX: 'overflowX',\n-         visibility: 'visibility',\n-         position: 'position',\n-         backgroundColor: 'backgroundColor',\n-         border: 'border',\n-         paddingRight: 'paddingRight',\n-         borderRightWidth: 'borderRightWidth',\n-         paddingLeft: 'paddingLeft',\n-         borderLeftWidth: 'borderLeftWidth' },\n-      style: [Function: style],\n-      css: [Function: css],\n-      Tween: { [Function: Tween] propHooks: [Object] },\n-      easing: \n-       { linear: [Function: linear],\n-         swing: [Function: swing],\n-         _default: 'swing' },\n-      fx: \n-       { [Function: init]\n-         step: {},\n-         tick: [Function],\n-         timer: [Function],\n-         interval: 13,\n-         start: [Function],\n-         stop: [Function],\n-         speeds: [Object] },\n-      Animation: \n-       { [Function: Animation]\n-         tweeners: [Object],\n-         tweener: [Function: tweener],\n-         prefilters: [Object],\n-         prefilter: [Function: prefilter] },\n-      speed: [Function],\n-      timers: [],\n-      attr: [Function: attr],\n-      attrHooks: { type: [Object] },\n-      removeAttr: [Function: removeAttr],\n-      prop: [Function: prop],\n-      propHooks: { tabIndex: [Object] },\n-      propFix: \n-       { for: 'htmlFor',\n-         class: 'className',\n-         tabindex: 'tabIndex',\n-         readonly: 'readOnly',\n-         maxlength: 'maxLength',\n-         cellspacing: 'cellSpacing',\n-         cellpadding: 'cellPadding',\n-         rowspan: 'rowSpan',\n-         colspan: 'colSpan',\n-         usemap: 'useMap',\n-         frameborder: 'frameBorder',\n-         contenteditable: 'contentEditable' },\n-      valHooks: \n-       { option: [Object],\n-         select: [Object],\n-         radio: [Object],\n-         checkbox: [Object] },\n-      parseXML: [Function],\n-      param: [Function],\n-      active: 0,\n-      lastModified: {},\n-      etag: {},\n-      ajaxSettings: \n-       { url: 'http://localhost:33015/__/#/tests/integration/project.spec.js',\n-         type: 'GET',\n-         isLocal: false,\n-         global: true,\n-         processData: true,\n-         async: true,\n-         contentType: 'application/x-www-form-urlencoded; charset=UTF-8',\n-         accepts: [Object],\n-         contents: [Object],\n-         responseFields: [Object],\n-         converters: [Object],\n-         flatOptions: [Object],\n-         xhr: [Function],\n-         jsonp: 'callback',\n-         jsonpCallback: [Function: jsonpCallback],\n-         cache: false },\n-      ajaxSetup: [Function: ajaxSetup],\n-      ajaxPrefilter: [Function],\n-      ajaxTransport: [Function],\n-      ajax: [Function: ajax],\n-      getJSON: [Function: getJSON],\n-      getScript: [Function: getScript],\n-      get: [Function],\n-      post: [Function],\n-      _evalUrl: [Function],\n-      parseHTML: [Function],\n-      offset: { setOffset: [Function: setOffset] },\n-      parseJSON: [Function: parse],\n-      noConflict: [Function],\n-      scrollTo: { [Function] defaults: [Object], max: [Function] } },\n-   toArray: [Function: toArray],\n-   get: [Function: get],\n-   pushStack: [Function: pushStack],\n-   each: [Function: each],\n-   map: [Function: map],\n-   slice: [Function: slice],\n-   first: [Function: first],\n-   last: [Function: last],\n-   eq: [Function: eq],\n-   end: [Function: end],\n-   push: [Function: push],\n-   sort: [Function: sort],\n-   splice: [Function: splice],\n-   extend: [Function],\n-   find: [Function: find],\n-   filter: [Function: filter],\n-   not: [Function: not],\n-   is: [Function: is],\n-   init: [Function],\n-   has: [Function: has],\n-   closest: [Function: closest],\n-   index: [Function: index],\n-   add: [Function: add],\n-   addBack: [Function: addBack],\n-   parent: [Function],\n-   parents: [Function],\n-   parentsUntil: [Function],\n-   next: [Function],\n-   prev: [Function],\n-   nextAll: [Function],\n-   prevAll: [Function],\n-   nextUntil: [Function],\n-   prevUntil: [Function],\n-   siblings: [Function],\n-   children: [Function],\n-   contents: [Function],\n-   ready: [Function],\n-   data: [Function: data],\n-   removeData: [Function: removeData],\n-   queue: [Function: queue],\n-   dequeue: [Function: dequeue],\n-   clearQueue: [Function: clearQueue],\n-   promise: [Function: promise],\n-   show: [Function],\n-   hide: [Function],\n-   toggle: [Function],\n-   on: [Function: on],\n-   one: [Function: one],\n-   off: [Function: off],\n-   detach: [Function: detach],\n-   remove: [Function: remove],\n-   text: [Function: text],\n-   append: [Function: append],\n-   prepend: [Function: prepend],\n-   before: [Function: before],\n-   after: [Function: after],\n-   empty: [Function: empty],\n-   clone: [Function: clone],\n-   html: [Function: html],\n-   replaceWith: [Function: replaceWith],\n-   appendTo: [Function],\n-   prependTo: [Function],\n-   insertBefore: [Function],\n-   insertAfter: [Function],\n-   replaceAll: [Function],\n-   css: [Function: css],\n-   fadeTo: [Function: fadeTo],\n-   animate: [Function: animate],\n-   stop: [Function: stop],\n-   finish: [Function: finish],\n-   slideDown: [Function],\n-   slideUp: [Function],\n-   slideToggle: [Function],\n-   fadeIn: [Function],\n-   fadeOut: [Function],\n-   fadeToggle: [Function],\n-   delay: [Function],\n-   attr: [Function: attr],\n-   removeAttr: [Function: removeAttr],\n-   prop: [Function: prop],\n-   removeProp: [Function: removeProp],\n-   addClass: [Function: addClass],\n-   removeClass: [Function: removeClass],\n-   toggleClass: [Function: toggleClass],\n-   hasClass: [Function: hasClass],\n-   val: [Function: val],\n-   trigger: [Function: trigger],\n-   triggerHandler: [Function: triggerHandler],\n-   blur: [Function],\n-   focus: [Function],\n-   focusin: [Function],\n-   focusout: [Function],\n-   resize: [Function],\n-   scroll: [Function],\n-   click: [Function],\n-   dblclick: [Function],\n-   mousedown: [Function],\n-   mouseup: [Function],\n-   mousemove: [Function],\n-   mouseover: [Function],\n-   mouseout: [Function],\n-   mouseenter: [Function],\n-   mouseleave: [Function],\n-   change: [Function],\n-   select: [Function],\n-   submit: [Function],\n-   keydown: [Function],\n-   keypress: [Function],\n-   keyup: [Function],\n-   contextmenu: [Function],\n-   hover: [Function: hover],\n-   serialize: [Function: serialize],\n-   serializeArray: [Function: serializeArray],\n-   wrapAll: [Function: wrapAll],\n-   wrapInner: [Function: wrapInner],\n-   wrap: [Function: wrap],\n-   unwrap: [Function: unwrap],\n-   load: [Function],\n-   ajaxStart: [Function],\n-   ajaxStop: [Function],\n-   ajaxComplete: [Function],\n-   ajaxError: [Function],\n-   ajaxSuccess: [Function],\n-   ajaxSend: [Function],\n-   offset: [Function: offset],\n-   position: [Function: position],\n-   offsetParent: [Function: offsetParent],\n-   scrollLeft: [Function],\n-   scrollTop: [Function],\n-   innerHeight: [Function],\n-   height: [Function],\n-   outerHeight: [Function],\n-   innerWidth: [Function],\n-   width: [Function],\n-   outerWidth: [Function],\n-   bind: [Function: bind],\n-   unbind: [Function: unbind],\n-   delegate: [Function: delegate],\n-   undelegate: [Function: undelegate],\n-   scrollTo: [Function] }\n+ 'selected'\n"
              },
              "uuid": "dc07fe79-3d30-48d2-b879-71890aebc78a",
              "parentUUID": "8691d521-ae30-44a3-9c2a-c07ebc84ed11",
              "isHook": false,
              "skipped": false
            },
            {
              "title": "Verifica se os pixels dentro do quadro não têm a classe `selected` quando são clicados",
              "fullTitle": "7 - Clicar em uma das cores da paleta, faz com que ela seja selecionada e utilizada para preencher os pixels no quadro. Verifica se os pixels dentro do quadro não têm a classe `selected` quando são clicados",
              "timedOut": null,
              "duration": 4708,
              "state": "failed",
              "speed": null,
              "pass": false,
              "fail": true,
              "pending": false,
              "context": null,
              "code": "cy.get('.color').each(function (color) {\n  var backgroundColor = color.css('background-color');\n  cy.wrap(color).click();\n  cy.get('.pixel').each(function (pixel) {\n    cy.wrap(pixel).click().should('not.have.class', 'selected');\n  });\n});",
              "err": {
                "message": "CypressError: Timed out retrying: Expected to find element: '.pixel', but never found it.",
                "estack": "CypressError: Timed out retrying: Expected to find element: '.pixel', but never found it.\n    at cypressErr (http://localhost:33015/__cypress/runner/cypress_runner.js:149934:9)\n    at throwErr (http://localhost:33015/__cypress/runner/cypress_runner.js:149867:11)\n    at Object.throwErrByPath (http://localhost:33015/__cypress/runner/cypress_runner.js:149915:3)\n    at retry (http://localhost:33015/__cypress/runner/cypress_runner.js:144197:19)\n    at onFailFn (http://localhost:33015/__cypress/runner/cypress_runner.js:132448:16)\n    at tryCatcher (http://localhost:33015/__cypress/runner/cypress_runner.js:167415:23)\n    at Promise._settlePromiseFromHandler (http://localhost:33015/__cypress/runner/cypress_runner.js:165351:31)\n    at Promise._settlePromise (http://localhost:33015/__cypress/runner/cypress_runner.js:165408:18)\n    at Promise._settlePromise0 (http://localhost:33015/__cypress/runner/cypress_runner.js:165453:10)\n    at Promise._settlePromises (http://localhost:33015/__cypress/runner/cypress_runner.js:165528:18)\n    at Async../node_modules/bluebird/js/release/async.js.Async._drainQueue (http://localhost:33015/__cypress/runner/cypress_runner.js:162140:16)\n    at Async../node_modules/bluebird/js/release/async.js.Async._drainQueues (http://localhost:33015/__cypress/runner/cypress_runner.js:162150:10)\n    at Async.drainQueues (http://localhost:33015/__cypress/runner/cypress_runner.js:162024:14)",
                "diff": null
              },
              "uuid": "0ffb1310-a6c1-45b6-9d01-bf36e29c8589",
              "parentUUID": "8691d521-ae30-44a3-9c2a-c07ebc84ed11",
              "isHook": false,
              "skipped": false
            }
          ],
          "suites": [],
          "passes": [],
          "failures": [
            "dc07fe79-3d30-48d2-b879-71890aebc78a",
            "0ffb1310-a6c1-45b6-9d01-bf36e29c8589"
          ],
          "pending": [],
          "skipped": [],
          "duration": 5404,
          "root": false,
          "rootEmpty": false,
          "_timeout": 2000
        },
        {
          "uuid": "6a19dcc0-eaae-48c0-8ac3-322bc57ed614",
          "title": "8 - Clicar em um pixel dentro do quadro após selecionar uma cor na paleta, faz com que o pixel seja preenchido com a cor selecionada.",
          "fullFile": "",
          "file": "",
          "beforeHooks": [],
          "afterHooks": [],
          "tests": [
            {
              "title": "Verifica se ao carregar a página deve ser possível pintar os pixels de preto",
              "fullTitle": "8 - Clicar em um pixel dentro do quadro após selecionar uma cor na paleta, faz com que o pixel seja preenchido com a cor selecionada. Verifica se ao carregar a página deve ser possível pintar os pixels de preto",
              "timedOut": null,
              "duration": 4683,
              "state": "failed",
              "speed": null,
              "pass": false,
              "fail": true,
              "pending": false,
              "context": null,
              "code": "cy.get('.pixel').each(function (pixel) {\n  cy.wrap(pixel).click().should('have.css', 'background-color', BLACK);\n});",
              "err": {
                "message": "CypressError: Timed out retrying: Expected to find element: '.pixel', but never found it.",
                "estack": "CypressError: Timed out retrying: Expected to find element: '.pixel', but never found it.\n    at cypressErr (http://localhost:33015/__cypress/runner/cypress_runner.js:149934:9)\n    at throwErr (http://localhost:33015/__cypress/runner/cypress_runner.js:149867:11)\n    at Object.throwErrByPath (http://localhost:33015/__cypress/runner/cypress_runner.js:149915:3)\n    at retry (http://localhost:33015/__cypress/runner/cypress_runner.js:144197:19)\n    at onFailFn (http://localhost:33015/__cypress/runner/cypress_runner.js:132448:16)\n    at tryCatcher (http://localhost:33015/__cypress/runner/cypress_runner.js:167415:23)\n    at Promise._settlePromiseFromHandler (http://localhost:33015/__cypress/runner/cypress_runner.js:165351:31)\n    at Promise._settlePromise (http://localhost:33015/__cypress/runner/cypress_runner.js:165408:18)\n    at Promise._settlePromise0 (http://localhost:33015/__cypress/runner/cypress_runner.js:165453:10)\n    at Promise._settlePromises (http://localhost:33015/__cypress/runner/cypress_runner.js:165528:18)\n    at Async../node_modules/bluebird/js/release/async.js.Async._drainQueue (http://localhost:33015/__cypress/runner/cypress_runner.js:162140:16)\n    at Async../node_modules/bluebird/js/release/async.js.Async._drainQueues (http://localhost:33015/__cypress/runner/cypress_runner.js:162150:10)\n    at Async.drainQueues (http://localhost:33015/__cypress/runner/cypress_runner.js:162024:14)",
                "diff": null
              },
              "uuid": "83aa9237-658a-49c1-8d01-d3de67de8a82",
              "parentUUID": "6a19dcc0-eaae-48c0-8ac3-322bc57ed614",
              "isHook": false,
              "skipped": false
            },
            {
              "title": "Verifica se após selecionar uma outra cor na paleta, é possível pintar os pixels com essa cor",
              "fullTitle": "8 - Clicar em um pixel dentro do quadro após selecionar uma cor na paleta, faz com que o pixel seja preenchido com a cor selecionada. Verifica se após selecionar uma outra cor na paleta, é possível pintar os pixels com essa cor",
              "timedOut": null,
              "duration": 4661,
              "state": "failed",
              "speed": null,
              "pass": false,
              "fail": true,
              "pending": false,
              "context": null,
              "code": "cy.get('.color').each(function (color) {\n  var backgroundColor = color.css('background-color');\n  cy.wrap(color).click();\n  cy.get('.pixel').each(function (pixel) {\n    cy.wrap(pixel).click().should('have.css', 'background-color', backgroundColor);\n  });\n});",
              "err": {
                "message": "CypressError: Timed out retrying: Expected to find element: '.pixel', but never found it.",
                "estack": "CypressError: Timed out retrying: Expected to find element: '.pixel', but never found it.\n    at cypressErr (http://localhost:33015/__cypress/runner/cypress_runner.js:149934:9)\n    at throwErr (http://localhost:33015/__cypress/runner/cypress_runner.js:149867:11)\n    at Object.throwErrByPath (http://localhost:33015/__cypress/runner/cypress_runner.js:149915:3)\n    at retry (http://localhost:33015/__cypress/runner/cypress_runner.js:144197:19)\n    at onFailFn (http://localhost:33015/__cypress/runner/cypress_runner.js:132448:16)\n    at tryCatcher (http://localhost:33015/__cypress/runner/cypress_runner.js:167415:23)\n    at Promise._settlePromiseFromHandler (http://localhost:33015/__cypress/runner/cypress_runner.js:165351:31)\n    at Promise._settlePromise (http://localhost:33015/__cypress/runner/cypress_runner.js:165408:18)\n    at Promise._settlePromise0 (http://localhost:33015/__cypress/runner/cypress_runner.js:165453:10)\n    at Promise._settlePromises (http://localhost:33015/__cypress/runner/cypress_runner.js:165528:18)\n    at Async../node_modules/bluebird/js/release/async.js.Async._drainQueue (http://localhost:33015/__cypress/runner/cypress_runner.js:162140:16)\n    at Async../node_modules/bluebird/js/release/async.js.Async._drainQueues (http://localhost:33015/__cypress/runner/cypress_runner.js:162150:10)\n    at Async.drainQueues (http://localhost:33015/__cypress/runner/cypress_runner.js:162024:14)",
                "diff": null
              },
              "uuid": "9627b8f7-88d6-45b0-b3ca-00c72ecc5841",
              "parentUUID": "6a19dcc0-eaae-48c0-8ac3-322bc57ed614",
              "isHook": false,
              "skipped": false
            },
            {
              "title": "Verifica se somente o pixel que foi clicado foi preenchido com a cor selecionada, sem influenciar na cor dos demais pixels.",
              "fullTitle": "8 - Clicar em um pixel dentro do quadro após selecionar uma cor na paleta, faz com que o pixel seja preenchido com a cor selecionada. Verifica se somente o pixel que foi clicado foi preenchido com a cor selecionada, sem influenciar na cor dos demais pixels.",
              "timedOut": null,
              "duration": 4681,
              "state": "failed",
              "speed": null,
              "pass": false,
              "fail": true,
              "pending": false,
              "context": null,
              "code": "var colorToPixelIndexMap = {\n  0: 6,\n  1: 8,\n  2: 16,\n  3: 18\n};\ncy.get('.color').each(function (color, index) {\n  cy.wrap(color).click();\n  var backgroundColor = color.css('background-color');\n  var clickedPixelIndex = colorToPixelIndexMap[index];\n  cy.get('.pixel').eq(clickedPixelIndex).click();\n  cy.get('.pixel').eq(clickedPixelIndex - 1).should('not.have.css', 'background-color', backgroundColor);\n  cy.get('.pixel').eq(clickedPixelIndex + 1).should('not.have.css', 'background-color', backgroundColor);\n  cy.get('.pixel').eq(clickedPixelIndex - 5).should('not.have.css', 'background-color', backgroundColor);\n  cy.get('.pixel').eq(clickedPixelIndex + 5).should('not.have.css', 'background-color', backgroundColor);\n  cy.get('.pixel').eq(clickedPixelIndex - 6).should('not.have.css', 'background-color', backgroundColor);\n  cy.get('.pixel').eq(clickedPixelIndex - 4).should('not.have.css', 'background-color', backgroundColor);\n  cy.get('.pixel').eq(clickedPixelIndex + 4).should('not.have.css', 'background-color', backgroundColor);\n  cy.get('.pixel').eq(clickedPixelIndex + 6).should('not.have.css', 'background-color', backgroundColor);\n});",
              "err": {
                "message": "CypressError: Timed out retrying: Expected to find element: '.pixel', but never found it.",
                "estack": "CypressError: Timed out retrying: Expected to find element: '.pixel', but never found it.\n    at cypressErr (http://localhost:33015/__cypress/runner/cypress_runner.js:149934:9)\n    at throwErr (http://localhost:33015/__cypress/runner/cypress_runner.js:149867:11)\n    at Object.throwErrByPath (http://localhost:33015/__cypress/runner/cypress_runner.js:149915:3)\n    at retry (http://localhost:33015/__cypress/runner/cypress_runner.js:144197:19)\n    at onFailFn (http://localhost:33015/__cypress/runner/cypress_runner.js:132448:16)\n    at tryCatcher (http://localhost:33015/__cypress/runner/cypress_runner.js:167415:23)\n    at Promise._settlePromiseFromHandler (http://localhost:33015/__cypress/runner/cypress_runner.js:165351:31)\n    at Promise._settlePromise (http://localhost:33015/__cypress/runner/cypress_runner.js:165408:18)\n    at Promise._settlePromise0 (http://localhost:33015/__cypress/runner/cypress_runner.js:165453:10)\n    at Promise._settlePromises (http://localhost:33015/__cypress/runner/cypress_runner.js:165528:18)\n    at Async../node_modules/bluebird/js/release/async.js.Async._drainQueue (http://localhost:33015/__cypress/runner/cypress_runner.js:162140:16)\n    at Async../node_modules/bluebird/js/release/async.js.Async._drainQueues (http://localhost:33015/__cypress/runner/cypress_runner.js:162150:10)\n    at Async.drainQueues (http://localhost:33015/__cypress/runner/cypress_runner.js:162024:14)",
                "diff": null
              },
              "uuid": "218613b4-9017-4268-9547-5c6c29faf658",
              "parentUUID": "6a19dcc0-eaae-48c0-8ac3-322bc57ed614",
              "isHook": false,
              "skipped": false
            }
          ],
          "suites": [],
          "passes": [],
          "failures": [
            "83aa9237-658a-49c1-8d01-d3de67de8a82",
            "9627b8f7-88d6-45b0-b3ca-00c72ecc5841",
            "218613b4-9017-4268-9547-5c6c29faf658"
          ],
          "pending": [],
          "skipped": [],
          "duration": 14025,
          "root": false,
          "rootEmpty": false,
          "_timeout": 2000
        },
        {
          "uuid": "95b7916a-db89-4658-b271-70ce7e42e409",
          "title": "9 - Crie um botão que, ao ser clicado, limpa o quadro preenchendo a cor de todos seus pixels com branco.",
          "fullFile": "",
          "file": "",
          "beforeHooks": [],
          "afterHooks": [],
          "tests": [
            {
              "title": "Verifica se o botão tem o `id` denominado `clear-board`",
              "fullTitle": "9 - Crie um botão que, ao ser clicado, limpa o quadro preenchendo a cor de todos seus pixels com branco. Verifica se o botão tem o `id` denominado `clear-board`",
              "timedOut": null,
              "duration": 4674,
              "state": "failed",
              "speed": null,
              "pass": false,
              "fail": true,
              "pending": false,
              "context": null,
              "code": "cy.get('#clear-board').should('be.visible');",
              "err": {
                "message": "CypressError: Timed out retrying: Expected to find element: '#clear-board', but never found it.",
                "estack": "CypressError: Timed out retrying: Expected to find element: '#clear-board', but never found it.\n    at cypressErr (http://localhost:33015/__cypress/runner/cypress_runner.js:149934:9)\n    at throwErr (http://localhost:33015/__cypress/runner/cypress_runner.js:149867:11)\n    at Object.throwErrByPath (http://localhost:33015/__cypress/runner/cypress_runner.js:149915:3)\n    at retry (http://localhost:33015/__cypress/runner/cypress_runner.js:144197:19)\n    at onFailFn (http://localhost:33015/__cypress/runner/cypress_runner.js:132448:16)\n    at tryCatcher (http://localhost:33015/__cypress/runner/cypress_runner.js:167415:23)\n    at Promise._settlePromiseFromHandler (http://localhost:33015/__cypress/runner/cypress_runner.js:165351:31)\n    at Promise._settlePromise (http://localhost:33015/__cypress/runner/cypress_runner.js:165408:18)\n    at Promise._settlePromise0 (http://localhost:33015/__cypress/runner/cypress_runner.js:165453:10)\n    at Promise._settlePromises (http://localhost:33015/__cypress/runner/cypress_runner.js:165528:18)\n    at Async../node_modules/bluebird/js/release/async.js.Async._drainQueue (http://localhost:33015/__cypress/runner/cypress_runner.js:162140:16)\n    at Async../node_modules/bluebird/js/release/async.js.Async._drainQueues (http://localhost:33015/__cypress/runner/cypress_runner.js:162150:10)\n    at Async.drainQueues (http://localhost:33015/__cypress/runner/cypress_runner.js:162024:14)",
                "diff": null
              },
              "uuid": "c57ba38b-2fa4-49cd-9a67-4fe73b77b4c2",
              "parentUUID": "95b7916a-db89-4658-b271-70ce7e42e409",
              "isHook": false,
              "skipped": false
            },
            {
              "title": "Verifica se o botão está posicionado entre a paleta de cores e o quadro de pixels",
              "fullTitle": "9 - Crie um botão que, ao ser clicado, limpa o quadro preenchendo a cor de todos seus pixels com branco. Verifica se o botão está posicionado entre a paleta de cores e o quadro de pixels",
              "timedOut": null,
              "duration": 4628,
              "state": "failed",
              "speed": null,
              "pass": false,
              "fail": true,
              "pending": false,
              "context": null,
              "code": "cy.get('#color-palette').then(function (palette) {\n  cy.get('#clear-board').should('be.belowOf', palette);\n});\ncy.get('#clear-board').then(function (clearBtn) {\n  cy.get('#pixel-board').should('be.belowOf', clearBtn);\n});",
              "err": {
                "message": "CypressError: Timed out retrying: Expected to find element: '#color-palette', but never found it.",
                "estack": "CypressError: Timed out retrying: Expected to find element: '#color-palette', but never found it.\n    at cypressErr (http://localhost:33015/__cypress/runner/cypress_runner.js:149934:9)\n    at throwErr (http://localhost:33015/__cypress/runner/cypress_runner.js:149867:11)\n    at Object.throwErrByPath (http://localhost:33015/__cypress/runner/cypress_runner.js:149915:3)\n    at retry (http://localhost:33015/__cypress/runner/cypress_runner.js:144197:19)\n    at onFailFn (http://localhost:33015/__cypress/runner/cypress_runner.js:132448:16)\n    at tryCatcher (http://localhost:33015/__cypress/runner/cypress_runner.js:167415:23)\n    at Promise._settlePromiseFromHandler (http://localhost:33015/__cypress/runner/cypress_runner.js:165351:31)\n    at Promise._settlePromise (http://localhost:33015/__cypress/runner/cypress_runner.js:165408:18)\n    at Promise._settlePromise0 (http://localhost:33015/__cypress/runner/cypress_runner.js:165453:10)\n    at Promise._settlePromises (http://localhost:33015/__cypress/runner/cypress_runner.js:165528:18)\n    at Async../node_modules/bluebird/js/release/async.js.Async._drainQueue (http://localhost:33015/__cypress/runner/cypress_runner.js:162140:16)\n    at Async../node_modules/bluebird/js/release/async.js.Async._drainQueues (http://localhost:33015/__cypress/runner/cypress_runner.js:162150:10)\n    at Async.drainQueues (http://localhost:33015/__cypress/runner/cypress_runner.js:162024:14)",
                "diff": null
              },
              "uuid": "9348d41d-5ae2-4571-92f1-d807dfb7d5cf",
              "parentUUID": "95b7916a-db89-4658-b271-70ce7e42e409",
              "isHook": false,
              "skipped": false
            },
            {
              "title": "Verifica se o texto do botão é 'Limpar'",
              "fullTitle": "9 - Crie um botão que, ao ser clicado, limpa o quadro preenchendo a cor de todos seus pixels com branco. Verifica se o texto do botão é 'Limpar'",
              "timedOut": null,
              "duration": 4640,
              "state": "failed",
              "speed": null,
              "pass": false,
              "fail": true,
              "pending": false,
              "context": null,
              "code": "cy.get('#clear-board').should('contain.text', 'Limpar');",
              "err": {
                "message": "CypressError: Timed out retrying: Expected to find element: '#clear-board', but never found it.",
                "estack": "CypressError: Timed out retrying: Expected to find element: '#clear-board', but never found it.\n    at cypressErr (http://localhost:33015/__cypress/runner/cypress_runner.js:149934:9)\n    at throwErr (http://localhost:33015/__cypress/runner/cypress_runner.js:149867:11)\n    at Object.throwErrByPath (http://localhost:33015/__cypress/runner/cypress_runner.js:149915:3)\n    at retry (http://localhost:33015/__cypress/runner/cypress_runner.js:144197:19)\n    at onFailFn (http://localhost:33015/__cypress/runner/cypress_runner.js:132448:16)\n    at tryCatcher (http://localhost:33015/__cypress/runner/cypress_runner.js:167415:23)\n    at Promise._settlePromiseFromHandler (http://localhost:33015/__cypress/runner/cypress_runner.js:165351:31)\n    at Promise._settlePromise (http://localhost:33015/__cypress/runner/cypress_runner.js:165408:18)\n    at Promise._settlePromise0 (http://localhost:33015/__cypress/runner/cypress_runner.js:165453:10)\n    at Promise._settlePromises (http://localhost:33015/__cypress/runner/cypress_runner.js:165528:18)\n    at Async../node_modules/bluebird/js/release/async.js.Async._drainQueue (http://localhost:33015/__cypress/runner/cypress_runner.js:162140:16)\n    at Async../node_modules/bluebird/js/release/async.js.Async._drainQueues (http://localhost:33015/__cypress/runner/cypress_runner.js:162150:10)\n    at Async.drainQueues (http://localhost:33015/__cypress/runner/cypress_runner.js:162024:14)",
                "diff": null
              },
              "uuid": "756d62c1-a61c-44b9-b97b-77974addeec0",
              "parentUUID": "95b7916a-db89-4658-b271-70ce7e42e409",
              "isHook": false,
              "skipped": false
            },
            {
              "title": "Verifica se ao clicar no botão, o quadro de pixels é totalmente preenchido de branco",
[...]
                "diff": null
              },
              "uuid": "3a607ab8-b653-4e5e-8c49-bd550f083d0f",
              "parentUUID": "6b9cf282-ad94-4e7f-9a2c-9e9d4764f1ff",
              "isHook": false,
              "skipped": false
            },
            {
              "title": "Verifica se o novo quadro tem todos os pixels preenchidos com a cor branca",
              "fullTitle": "10 - Faça o quadro de pixels ter seu tamanho definido pelo usuário. Verifica se o novo quadro tem todos os pixels preenchidos com a cor branca",
              "timedOut": null,
              "duration": 4741,
              "state": "failed",
              "speed": null,
              "pass": false,
              "fail": true,
              "pending": false,
              "context": null,
              "code": "cy.get('#board-size').clear().type(6);\ncy.get('#generate-board').click();\ncy.get('.pixel').should('have.length', 36).each(function (pixel) {\n  expect(pixel).to.have.css('background-color', WHITE);\n});",
              "err": {
                "message": "CypressError: Timed out retrying: Expected to find element: '#board-size', but never found it.",
                "estack": "CypressError: Timed out retrying: Expected to find element: '#board-size', but never found it.\n    at cypressErr (http://localhost:33015/__cypress/runner/cypress_runner.js:149934:9)\n    at throwErr (http://localhost:33015/__cypress/runner/cypress_runner.js:149867:11)\n    at Object.throwErrByPath (http://localhost:33015/__cypress/runner/cypress_runner.js:149915:3)\n    at retry (http://localhost:33015/__cypress/runner/cypress_runner.js:144197:19)\n    at onFailFn (http://localhost:33015/__cypress/runner/cypress_runner.js:132448:16)\n    at tryCatcher (http://localhost:33015/__cypress/runner/cypress_runner.js:167415:23)\n    at Promise._settlePromiseFromHandler (http://localhost:33015/__cypress/runner/cypress_runner.js:165351:31)\n    at Promise._settlePromise (http://localhost:33015/__cypress/runner/cypress_runner.js:165408:18)\n    at Promise._settlePromise0 (http://localhost:33015/__cypress/runner/cypress_runner.js:165453:10)\n    at Promise._settlePromises (http://localhost:33015/__cypress/runner/cypress_runner.js:165528:18)\n    at Async../node_modules/bluebird/js/release/async.js.Async._drainQueue (http://localhost:33015/__cypress/runner/cypress_runner.js:162140:16)\n    at Async../node_modules/bluebird/js/release/async.js.Async._drainQueues (http://localhost:33015/__cypress/runner/cypress_runner.js:162150:10)\n    at Async.drainQueues (http://localhost:33015/__cypress/runner/cypress_runner.js:162024:14)",
                "diff": null
              },
              "uuid": "cdab701e-a3a1-4d33-a77b-78bf34855832",
              "parentUUID": "6b9cf282-ad94-4e7f-9a2c-9e9d4764f1ff",
              "isHook": false,
              "skipped": false
            }
          ],
          "suites": [],
          "passes": [],
          "failures": [
            "988d6531-69db-4ce6-bc65-6510aa17dd6d",
            "f271d299-544b-42d8-b49f-bc02b6c09378",
            "99a7d765-986a-4ec3-bc41-eedc7044aa13",
            "dd40d433-2337-433b-aaa1-e7acc703d833",
            "91c6b358-cffc-4cde-b016-5219b0d946b6",
            "93133ab8-9e3b-447e-b806-06a65ae5a2db",
            "51c09c01-4336-4f37-9029-dc7831d7c0b6",
            "3a607ab8-b653-4e5e-8c49-bd550f083d0f",
            "cdab701e-a3a1-4d33-a77b-78bf34855832"
          ],
          "pending": [],
          "skipped": [],
          "duration": 41738,
          "root": false,
          "rootEmpty": false,
          "_timeout": 2000
        },
        {
          "uuid": "751f7e9f-1297-49a8-bc68-6552a32e17d7",
          "title": "11 - Limite o tamanho mínimo e máximo do board.",
          "fullFile": "",
          "file": "",
          "beforeHooks": [],
          "afterHooks": [],
          "tests": [
            {
              "title": "Verifica se a altura máxima do board é 50",
              "fullTitle": "11 - Limite o tamanho mínimo e máximo do board. Verifica se a altura máxima do board é 50",
              "timedOut": null,
              "duration": 4733,
              "state": "failed",
              "speed": null,
              "pass": false,
              "fail": true,
              "pending": false,
              "context": null,
              "code": "cy.get('#board-size').clear().type(50);\ncy.get('#generate-board').click();\ncy.get('.pixel').should('have.length', 2500);",
              "err": {
                "message": "CypressError: Timed out retrying: Expected to find element: '#board-size', but never found it.",
                "estack": "CypressError: Timed out retrying: Expected to find element: '#board-size', but never found it.\n    at cypressErr (http://localhost:33015/__cypress/runner/cypress_runner.js:149934:9)\n    at throwErr (http://localhost:33015/__cypress/runner/cypress_runner.js:149867:11)\n    at Object.throwErrByPath (http://localhost:33015/__cypress/runner/cypress_runner.js:149915:3)\n    at retry (http://localhost:33015/__cypress/runner/cypress_runner.js:144197:19)\n    at onFailFn (http://localhost:33015/__cypress/runner/cypress_runner.js:132448:16)\n    at tryCatcher (http://localhost:33015/__cypress/runner/cypress_runner.js:167415:23)\n    at Promise._settlePromiseFromHandler (http://localhost:33015/__cypress/runner/cypress_runner.js:165351:31)\n    at Promise._settlePromise (http://localhost:33015/__cypress/runner/cypress_runner.js:165408:18)\n    at Promise._settlePromise0 (http://localhost:33015/__cypress/runner/cypress_runner.js:165453:10)\n    at Promise._settlePromises (http://localhost:33015/__cypress/runner/cypress_runner.js:165528:18)\n    at Async../node_modules/bluebird/js/release/async.js.Async._drainQueue (http://localhost:33015/__cypress/runner/cypress_runner.js:162140:16)\n    at Async../node_modules/bluebird/js/release/async.js.Async._drainQueues (http://localhost:33015/__cypress/runner/cypress_runner.js:162150:10)\n    at Async.drainQueues (http://localhost:33015/__cypress/runner/cypress_runner.js:162024:14)",
                "diff": null
              },
              "uuid": "d4ec835a-a96c-470a-abd9-4b03b3335fc9",
              "parentUUID": "751f7e9f-1297-49a8-bc68-6552a32e17d7",
              "isHook": false,
              "skipped": false
            },
            {
              "title": "Verifica se a altura do board é 5 quando um valor menor é colocado no input",
              "fullTitle": "11 - Limite o tamanho mínimo e máximo do board. Verifica se a altura do board é 5 quando um valor menor é colocado no input",
              "timedOut": null,
              "duration": 4707,
              "state": "failed",
              "speed": null,
              "pass": false,
              "fail": true,
              "pending": false,
              "context": null,
              "code": "cy.get('#board-size').clear().type(4);\ncy.get('#generate-board').click();\ncy.get('.pixel').should('have.length', 25);",
              "err": {
                "message": "CypressError: Timed out retrying: Expected to find element: '#board-size', but never found it.",
                "estack": "CypressError: Timed out retrying: Expected to find element: '#board-size', but never found it.\n    at cypressErr (http://localhost:33015/__cypress/runner/cypress_runner.js:149934:9)\n    at throwErr (http://localhost:33015/__cypress/runner/cypress_runner.js:149867:11)\n    at Object.throwErrByPath (http://localhost:33015/__cypress/runner/cypress_runner.js:149915:3)\n    at retry (http://localhost:33015/__cypress/runner/cypress_runner.js:144197:19)\n    at onFailFn (http://localhost:33015/__cypress/runner/cypress_runner.js:132448:16)\n    at tryCatcher (http://localhost:33015/__cypress/runner/cypress_runner.js:167415:23)\n    at Promise._settlePromiseFromHandler (http://localhost:33015/__cypress/runner/cypress_runner.js:165351:31)\n    at Promise._settlePromise (http://localhost:33015/__cypress/runner/cypress_runner.js:165408:18)\n    at Promise._settlePromise0 (http://localhost:33015/__cypress/runner/cypress_runner.js:165453:10)\n    at Promise._settlePromises (http://localhost:33015/__cypress/runner/cypress_runner.js:165528:18)\n    at Async../node_modules/bluebird/js/release/async.js.Async._drainQueue (http://localhost:33015/__cypress/runner/cypress_runner.js:162140:16)\n    at Async../node_modules/bluebird/js/release/async.js.Async._drainQueues (http://localhost:33015/__cypress/runner/cypress_runner.js:162150:10)\n    at Async.drainQueues (http://localhost:33015/__cypress/runner/cypress_runner.js:162024:14)",
                "diff": null
              },
              "uuid": "c6616467-ff94-4424-879e-62bd6d9e8106",
              "parentUUID": "751f7e9f-1297-49a8-bc68-6552a32e17d7",
              "isHook": false,
              "skipped": false
            },
            {
              "title": "Verifica se a altura do board é 50 quando um valor maior é colocado no input",
              "fullTitle": "11 - Limite o tamanho mínimo e máximo do board. Verifica se a altura do board é 50 quando um valor maior é colocado no input",
              "timedOut": null,
              "duration": 4774,
              "state": "failed",
              "speed": null,
              "pass": false,
              "fail": true,
              "pending": false,
              "context": null,
              "code": "cy.get('#board-size').clear().type(51);\ncy.get('#generate-board').click();\ncy.get('.pixel').should('have.length', 2500);",
              "err": {
                "message": "CypressError: Timed out retrying: Expected to find element: '#board-size', but never found it.",
                "estack": "CypressError: Timed out retrying: Expected to find element: '#board-size', but never found it.\n    at cypressErr (http://localhost:33015/__cypress/runner/cypress_runner.js:149934:9)\n    at throwErr (http://localhost:33015/__cypress/runner/cypress_runner.js:149867:11)\n    at Object.throwErrByPath (http://localhost:33015/__cypress/runner/cypress_runner.js:149915:3)\n    at retry (http://localhost:33015/__cypress/runner/cypress_runner.js:144197:19)\n    at onFailFn (http://localhost:33015/__cypress/runner/cypress_runner.js:132448:16)\n    at tryCatcher (http://localhost:33015/__cypress/runner/cypress_runner.js:167415:23)\n    at Promise._settlePromiseFromHandler (http://localhost:33015/__cypress/runner/cypress_runner.js:165351:31)\n    at Promise._settlePromise (http://localhost:33015/__cypress/runner/cypress_runner.js:165408:18)\n    at Promise._settlePromise0 (http://localhost:33015/__cypress/runner/cypress_runner.js:165453:10)\n    at Promise._settlePromises (http://localhost:33015/__cypress/runner/cypress_runner.js:165528:18)\n    at Async../node_modules/bluebird/js/release/async.js.Async._drainQueue (http://localhost:33015/__cypress/runner/cypress_runner.js:162140:16)\n    at Async../node_modules/bluebird/js/release/async.js.Async._drainQueues (http://localhost:33015/__cypress/runner/cypress_runner.js:162150:10)\n    at Async.drainQueues (http://localhost:33015/__cypress/runner/cypress_runner.js:162024:14)",
                "diff": null
              },
              "uuid": "3bd39d32-31aa-43ee-9e62-8f0e528db300",
              "parentUUID": "751f7e9f-1297-49a8-bc68-6552a32e17d7",
              "isHook": false,
              "skipped": false
            }
          ],
          "suites": [],
          "passes": [],
          "failures": [
            "d4ec835a-a96c-470a-abd9-4b03b3335fc9",
            "c6616467-ff94-4424-879e-62bd6d9e8106",
            "3bd39d32-31aa-43ee-9e62-8f0e528db300"
          ],
          "pending": [],
          "skipped": [],
          "duration": 14214,
          "root": false,
          "rootEmpty": false,
          "_timeout": 2000
        },
        {
          "uuid": "b2036430-2d1b-4047-90cc-c18aba222c90",
          "title": "12 - Faça com que as cores da paleta sejam geradas aleatoriamente ao carregar a página.",
          "fullFile": "",
          "file": "",
          "beforeHooks": [],
          "afterHooks": [],
          "tests": [
            {
              "title": "Verifica se as cores geradas na paleta são diferentes a cada carregamento da página",
              "fullTitle": "12 - Faça com que as cores da paleta sejam geradas aleatoriamente ao carregar a página. Verifica se as cores geradas na paleta são diferentes a cada carregamento da página",
              "timedOut": null,
              "duration": 683,
              "state": "failed",
              "speed": null,
              "pass": false,
              "fail": true,
              "pending": false,
              "context": null,
              "code": "cy.get('.color').then(function (colors) {\n  var currentColors;\n  var previousColors;\n  previousColors = Array.from(colors).map(function (color) {\n    return Cypress.$(color).css('background-color');\n  });\n  for (var i = 0; i < 5; i += 1) {\n    cy.reload();\n    cy.get('.color').then(function (colors) {\n      currentColors = Array.from(colors).map(function (color) {\n        return Cypress.$(color).css('background-color');\n      });\n      expect(currentColors).not.to.deep.equal(previousColors);\n      previousColors = currentColors;\n    });\n  }\n});",
              "err": {
                "message": "AssertionError: expected [ Array(4) ] to not deeply equal [ Array(4) ]",
                "estack": "AssertionError: expected [ Array(4) ] to not deeply equal [ Array(4) ]\n    at getRet (http://localhost:33015/__cypress/runner/cypress_runner.js:136585:16)\n    at tryCatcher (http://localhost:33015/__cypress/runner/cypress_runner.js:167415:23)\n    at Function.Promise.attempt.Promise.try (http://localhost:33015/__cypress/runner/cypress_runner.js:164690:29)\n    at Context.thenFn (http://localhost:33015/__cypress/runner/cypress_runner.js:136599:23)\n    at Context.then (http://localhost:33015/__cypress/runner/cypress_runner.js:136971:21)\n    at Context.<anonymous> (http://localhost:33015/__cypress/runner/cypress_runner.js:148875:21)\n    at http://localhost:33015/__cypress/runner/cypress_runner.js:148351:33\n    at tryCatcher (http://localhost:33015/__cypress/runner/cypress_runner.js:167415:23)\n    at Promise._settlePromiseFromHandler (http://localhost:33015/__cypress/runner/cypress_runner.js:165351:31)\n    at Promise._settlePromise (http://localhost:33015/__cypress/runner/cypress_runner.js:165408:18)\n    at Promise._settlePromiseCtx (http://localhost:33015/__cypress/runner/cypress_runner.js:165445:10)\n    at Async../node_modules/bluebird/js/release/async.js.Async._drainQueue (http://localhost:33015/__cypress/runner/cypress_runner.js:162145:12)\n    at Async../node_modules/bluebird/js/release/async.js.Async._drainQueues (http://localhost:33015/__cypress/runner/cypress_runner.js:162150:10)\n    at Async.drainQueues (http://localhost:33015/__cypress/runner/cypress_runner.js:162024:14)",
                "diff": ""
              },
              "uuid": "e01956ea-9ba0-4446-a4da-95c6c0e02c98",
              "parentUUID": "b2036430-2d1b-4047-90cc-c18aba222c90",
              "isHook": false,
              "skipped": false
            },
            {
              "title": "Verifica se a cor preta ainda está presente e é a primeira na sua paleta de cores",
              "fullTitle": "12 - Faça com que as cores da paleta sejam geradas aleatoriamente ao carregar a página. Verifica se a cor preta ainda está presente e é a primeira na sua paleta de cores",
              "timedOut": null,
              "duration": 793,
              "state": "failed",
              "speed": null,
              "pass": false,
              "fail": true,
              "pending": false,
              "context": null,
              "code": "cy.get('.color').then(function (colors) {\n  var currentColors;\n  var previousColors;\n  previousColors = Array.from(colors).map(function (color) {\n    return Cypress.$(color).css('background-color');\n  });\n  expect(previousColors[0]).to.eq(BLACK);\n  for (var i = 0; i < 5; i += 1) {\n    cy.reload();\n    cy.get('.color').then(function (colors) {\n      currentColors = Array.from(colors).map(function (color) {\n        return Cypress.$(color).css('background-color');\n      });\n      expect(currentColors[0]).to.eq(BLACK);\n      expect(currentColors).not.to.deep.equal(previousColors);\n      previousColors = currentColors;\n    });\n  }\n});",
              "err": {
                "message": "AssertionError: expected [ Array(4) ] to not deeply equal [ Array(4) ]",
                "estack": "AssertionError: expected [ Array(4) ] to not deeply equal [ Array(4) ]\n    at getRet (http://localhost:33015/__cypress/runner/cypress_runner.js:136585:16)\n    at tryCatcher (http://localhost:33015/__cypress/runner/cypress_runner.js:167415:23)\n    at Function.Promise.attempt.Promise.try (http://localhost:33015/__cypress/runner/cypress_runner.js:164690:29)\n    at Context.thenFn (http://localhost:33015/__cypress/runner/cypress_runner.js:136599:23)\n    at Context.then (http://localhost:33015/__cypress/runner/cypress_runner.js:136971:21)\n    at Context.<anonymous> (http://localhost:33015/__cypress/runner/cypress_runner.js:148875:21)\n    at http://localhost:33015/__cypress/runner/cypress_runner.js:148351:33\n    at tryCatcher (http://localhost:33015/__cypress/runner/cypress_runner.js:167415:23)\n    at Promise._settlePromiseFromHandler (http://localhost:33015/__cypress/runner/cypress_runner.js:165351:31)\n    at Promise._settlePromise (http://localhost:33015/__cypress/runner/cypress_runner.js:165408:18)\n    at Promise._settlePromiseCtx (http://localhost:33015/__cypress/runner/cypress_runner.js:165445:10)\n    at Async../node_modules/bluebird/js/release/async.js.Async._drainQueue (http://localhost:33015/__cypress/runner/cypress_runner.js:162145:12)\n    at Async../node_modules/bluebird/js/release/async.js.Async._drainQueues (http://localhost:33015/__cypress/runner/cypress_runner.js:162150:10)\n    at Async.drainQueues (http://localhost:33015/__cypress/runner/cypress_runner.js:162024:14)",
                "diff": ""
              },
              "uuid": "ddc23216-a1cb-4a9d-8bf4-d949009922e3",
              "parentUUID": "b2036430-2d1b-4047-90cc-c18aba222c90",
              "isHook": false,
              "skipped": false
            }
          ],
          "suites": [],
          "passes": [],
          "failures": [
            "e01956ea-9ba0-4446-a4da-95c6c0e02c98",
            "ddc23216-a1cb-4a9d-8bf4-d949009922e3"
          ],
          "pending": [],
          "skipped": [],
          "duration": 1476,
          "root": false,
          "rootEmpty": false,
          "_timeout": 2000
        }
      ],
      "passes": [],
      "failures": [],
      "pending": [],
      "skipped": [],
      "duration": 0,
      "root": true,
      "rootEmpty": true,
      "_timeout": 2000
    }
  ],
  "meta": {
    "mocha": {
      "version": "7.0.1"
    },
    "mochawesome": {
      "options": {
        "quiet": false,
        "reportFilename": "mochawesome",
        "saveHtml": false,
        "saveJson": true,
        "consoleReporter": "spec",
        "useInlineDiffs": false
      },
      "version": "4.1.0"
    },
    "marge": {
      "options": {
        "id": "default",
        "reportDir": "cypress/reports",
        "overwrite": true,
        "html": false,
        "json": true
      },
      "version": "4.1.0"
    }
  }
}