{
  "stats": {
    "suites": 12,
    "tests": 41,
    "passes": 1,
    "pending": 0,
    "failures": 40,
    "start": "2021-09-11T15:52:48.090Z",
    "end": "2021-09-11T15:55:46.843Z",
    "duration": 178753,
    "testsRegistered": 41,
    "passPercent": 2.4390243902439024,
    "pendingPercent": 0,
    "other": 0,
    "hasOther": false,
    "skipped": 0,
    "hasSkipped": false
  },
  "results": [
    {
      "uuid": "dc4879d8-8a7a-4219-a9e3-394924bbd4c5",
      "title": "",
      "fullFile": "cypress/integration/project.spec.js",
      "file": "cypress/integration/project.spec.js",
      "beforeHooks": [],
      "afterHooks": [],
      "tests": [],
      "suites": [
        {
          "uuid": "f480499d-9cb6-4fe1-9f2c-14fa4e027562",
          "title": "1 - Adicione à página o título \"Paleta de Cores\".",
          "fullFile": "",
          "file": "",
          "beforeHooks": [],
          "afterHooks": [],
          "tests": [
            {
              "title": "Verifica se contém um elemento `h1` com o id `title` com o título correto",
              "fullTitle": "1 - Adicione à página o título \"Paleta de Cores\". Verifica se contém um elemento `h1` com o id `title` com o título correto",
              "timedOut": null,
              "duration": 299,
              "state": "passed",
              "speed": "slow",
              "pass": true,
              "fail": false,
              "pending": false,
              "context": null,
              "code": "cy.get('h1#title').should('contain.text', 'Paleta de Cores');",
              "err": {},
              "uuid": "e237d388-0eb8-4b60-bc61-9c01ca0e83ea",
              "parentUUID": "f480499d-9cb6-4fe1-9f2c-14fa4e027562",
              "isHook": false,
              "skipped": false
            }
          ],
          "suites": [],
          "passes": [
            "e237d388-0eb8-4b60-bc61-9c01ca0e83ea"
          ],
          "failures": [],
          "pending": [],
          "skipped": [],
          "duration": 299,
          "root": false,
          "rootEmpty": false,
          "_timeout": 2000
        },
        {
          "uuid": "bf9a6a10-0045-4392-9b62-c70ba74da064",
          "title": "2 - Adicione à página uma paleta de quatro cores distintas.",
          "fullFile": "",
          "file": "",
          "beforeHooks": [],
          "afterHooks": [],
          "tests": [
            {
              "title": "A paleta de cores deve ser um elemento com `id` denominado `color-palette`",
              "fullTitle": "2 - Adicione à página uma paleta de quatro cores distintas. A paleta de cores deve ser um elemento com `id` denominado `color-palette`",
              "timedOut": null,
              "duration": 4680,
              "state": "failed",
              "speed": null,
              "pass": false,
              "fail": true,
              "pending": false,
              "context": null,
              "code": "cy.get('#color-palette').should('be.visible');\ncy.get('#color-palette').children('.color');",
              "err": {
                "message": "CypressError: Timed out retrying: Expected to find element: '#color-palette', but never found it.",
                "estack": "CypressError: Timed out retrying: Expected to find element: '#color-palette', but never found it.\n    at cypressErr (http://localhost:36775/__cypress/runner/cypress_runner.js:149934:9)\n    at throwErr (http://localhost:36775/__cypress/runner/cypress_runner.js:149867:11)\n    at Object.throwErrByPath (http://localhost:36775/__cypress/runner/cypress_runner.js:149915:3)\n    at retry (http://localhost:36775/__cypress/runner/cypress_runner.js:144197:19)\n    at onFailFn (http://localhost:36775/__cypress/runner/cypress_runner.js:132448:16)\n    at tryCatcher (http://localhost:36775/__cypress/runner/cypress_runner.js:167415:23)\n    at Promise._settlePromiseFromHandler (http://localhost:36775/__cypress/runner/cypress_runner.js:165351:31)\n    at Promise._settlePromise (http://localhost:36775/__cypress/runner/cypress_runner.js:165408:18)\n    at Promise._settlePromise0 (http://localhost:36775/__cypress/runner/cypress_runner.js:165453:10)\n    at Promise._settlePromises (http://localhost:36775/__cypress/runner/cypress_runner.js:165528:18)\n    at Async../node_modules/bluebird/js/release/async.js.Async._drainQueue (http://localhost:36775/__cypress/runner/cypress_runner.js:162140:16)\n    at Async../node_modules/bluebird/js/release/async.js.Async._drainQueues (http://localhost:36775/__cypress/runner/cypress_runner.js:162150:10)\n    at Async.drainQueues (http://localhost:36775/__cypress/runner/cypress_runner.js:162024:14)",
                "diff": null
              },
              "uuid": "70cfd6c8-872f-4726-89f6-7d5d379f14f3",
              "parentUUID": "bf9a6a10-0045-4392-9b62-c70ba74da064",
              "isHook": false,
              "skipped": false
            },
            {
              "title": "Verifica se cada cor individual da paleta de cores possui a `classe` chamada `color`.",
              "fullTitle": "2 - Adicione à página uma paleta de quatro cores distintas. Verifica se cada cor individual da paleta de cores possui a `classe` chamada `color`.",
              "timedOut": null,
              "duration": 4264,
              "state": "failed",
              "speed": null,
              "pass": false,
              "fail": true,
              "pending": false,
              "context": null,
              "code": "cy.get('.color').should('have.length', 4).then(function (colors) {\n  for (var i = 0; i < colors.length; i++) {\n    cy.wrap(colors[i]).should('be.visible');\n  }\n});",
              "err": {
                "message": "CypressError: Timed out retrying: Expected to find element: '.color', but never found it.",
                "estack": "CypressError: Timed out retrying: Expected to find element: '.color', but never found it.\n    at cypressErr (http://localhost:36775/__cypress/runner/cypress_runner.js:149934:9)\n    at throwErr (http://localhost:36775/__cypress/runner/cypress_runner.js:149867:11)\n    at Object.throwErrByPath (http://localhost:36775/__cypress/runner/cypress_runner.js:149915:3)\n    at retry (http://localhost:36775/__cypress/runner/cypress_runner.js:144197:19)\n    at onFailFn (http://localhost:36775/__cypress/runner/cypress_runner.js:132448:16)\n    at tryCatcher (http://localhost:36775/__cypress/runner/cypress_runner.js:167415:23)\n    at Promise._settlePromiseFromHandler (http://localhost:36775/__cypress/runner/cypress_runner.js:165351:31)\n    at Promise._settlePromise (http://localhost:36775/__cypress/runner/cypress_runner.js:165408:18)\n    at Promise._settlePromise0 (http://localhost:36775/__cypress/runner/cypress_runner.js:165453:10)\n    at Promise._settlePromises (http://localhost:36775/__cypress/runner/cypress_runner.js:165528:18)\n    at Async../node_modules/bluebird/js/release/async.js.Async._drainQueue (http://localhost:36775/__cypress/runner/cypress_runner.js:162140:16)\n    at Async../node_modules/bluebird/js/release/async.js.Async._drainQueues (http://localhost:36775/__cypress/runner/cypress_runner.js:162150:10)\n    at Async.drainQueues (http://localhost:36775/__cypress/runner/cypress_runner.js:162024:14)",
                "diff": null
              },
              "uuid": "72b753af-7c74-482d-a657-24d3fcea5af0",
              "parentUUID": "bf9a6a10-0045-4392-9b62-c70ba74da064",
              "isHook": false,
              "skipped": false
            },
            {
              "title": "Verifica se a cor de fundo de cada elemento da paleta é a cor que o elemento representa. **A única cor não permitida na paleta é a cor branca.**",
              "fullTitle": "2 - Adicione à página uma paleta de quatro cores distintas. Verifica se a cor de fundo de cada elemento da paleta é a cor que o elemento representa. **A única cor não permitida na paleta é a cor branca.**",
              "timedOut": null,
              "duration": 4349,
              "state": "failed",
              "speed": null,
              "pass": false,
              "fail": true,
              "pending": false,
              "context": null,
              "code": "cy.get('.color').each(function (color) {\n  cy.wrap(color).should('have.class', 'color').and('not.have.css', 'background-color', WHITE);\n  cy.wrap(color).should('have.css', 'background-color');\n});",
              "err": {
                "message": "CypressError: Timed out retrying: Expected to find element: '.color', but never found it.",
                "estack": "CypressError: Timed out retrying: Expected to find element: '.color', but never found it.\n    at cypressErr (http://localhost:36775/__cypress/runner/cypress_runner.js:149934:9)\n    at throwErr (http://localhost:36775/__cypress/runner/cypress_runner.js:149867:11)\n    at Object.throwErrByPath (http://localhost:36775/__cypress/runner/cypress_runner.js:149915:3)\n    at retry (http://localhost:36775/__cypress/runner/cypress_runner.js:144197:19)\n    at onFailFn (http://localhost:36775/__cypress/runner/cypress_runner.js:132448:16)\n    at tryCatcher (http://localhost:36775/__cypress/runner/cypress_runner.js:167415:23)\n    at Promise._settlePromiseFromHandler (http://localhost:36775/__cypress/runner/cypress_runner.js:165351:31)\n    at Promise._settlePromise (http://localhost:36775/__cypress/runner/cypress_runner.js:165408:18)\n    at Promise._settlePromise0 (http://localhost:36775/__cypress/runner/cypress_runner.js:165453:10)\n    at Promise._settlePromises (http://localhost:36775/__cypress/runner/cypress_runner.js:165528:18)\n    at Async../node_modules/bluebird/js/release/async.js.Async._drainQueue (http://localhost:36775/__cypress/runner/cypress_runner.js:162140:16)\n    at Async../node_modules/bluebird/js/release/async.js.Async._drainQueues (http://localhost:36775/__cypress/runner/cypress_runner.js:162150:10)\n    at Async.drainQueues (http://localhost:36775/__cypress/runner/cypress_runner.js:162024:14)",
                "diff": null
              },
              "uuid": "6f648618-10bc-408a-b7cd-77faf2ea6407",
              "parentUUID": "bf9a6a10-0045-4392-9b62-c70ba74da064",
              "isHook": false,
              "skipped": false
            },
            {
              "title": "Verifica se cada elemento da paleta de cores tem uma borda preta, sólida e com 1 pixel de largura;",
              "fullTitle": "2 - Adicione à página uma paleta de quatro cores distintas. Verifica se cada elemento da paleta de cores tem uma borda preta, sólida e com 1 pixel de largura;",
              "timedOut": null,
              "duration": 4281,
              "state": "failed",
              "speed": null,
              "pass": false,
              "fail": true,
              "pending": false,
              "context": null,
              "code": "cy.get('.color').each(function (color) {\n  cy.wrap(color).and('have.css', 'border', \"1px solid \".concat(BLACK)).and('have.class', 'color');\n});",
              "err": {
                "message": "CypressError: Timed out retrying: Expected to find element: '.color', but never found it.",
                "estack": "CypressError: Timed out retrying: Expected to find element: '.color', but never found it.\n    at cypressErr (http://localhost:36775/__cypress/runner/cypress_runner.js:149934:9)\n    at throwErr (http://localhost:36775/__cypress/runner/cypress_runner.js:149867:11)\n    at Object.throwErrByPath (http://localhost:36775/__cypress/runner/cypress_runner.js:149915:3)\n    at retry (http://localhost:36775/__cypress/runner/cypress_runner.js:144197:19)\n    at onFailFn (http://localhost:36775/__cypress/runner/cypress_runner.js:132448:16)\n    at tryCatcher (http://localhost:36775/__cypress/runner/cypress_runner.js:167415:23)\n    at Promise._settlePromiseFromHandler (http://localhost:36775/__cypress/runner/cypress_runner.js:165351:31)\n    at Promise._settlePromise (http://localhost:36775/__cypress/runner/cypress_runner.js:165408:18)\n    at Promise._settlePromise0 (http://localhost:36775/__cypress/runner/cypress_runner.js:165453:10)\n    at Promise._settlePromises (http://localhost:36775/__cypress/runner/cypress_runner.js:165528:18)\n    at Async../node_modules/bluebird/js/release/async.js.Async._drainQueue (http://localhost:36775/__cypress/runner/cypress_runner.js:162140:16)\n    at Async../node_modules/bluebird/js/release/async.js.Async._drainQueues (http://localhost:36775/__cypress/runner/cypress_runner.js:162150:10)\n    at Async.drainQueues (http://localhost:36775/__cypress/runner/cypress_runner.js:162024:14)",
                "diff": null
              },
              "uuid": "d7b3a796-b47d-4de3-80d1-a381153e5209",
              "parentUUID": "bf9a6a10-0045-4392-9b62-c70ba74da064",
              "isHook": false,
              "skipped": false
            },
            {
              "title": "Verifica se a paleta lista todas as cores disponíveis para utilização, lado a lado.",
              "fullTitle": "2 - Adicione à página uma paleta de quatro cores distintas. Verifica se a paleta lista todas as cores disponíveis para utilização, lado a lado.",
              "timedOut": null,
              "duration": 4351,
              "state": "failed",
              "speed": null,
              "pass": false,
              "fail": true,
              "pending": false,
              "context": null,
              "code": "cy.get('.color').then(function (colors) {\n  for (var index = 1; index < colors.length; index += 1) {\n    var currentColor = colors[index];\n    var previousColor = colors[index - 1];\n    cy.wrap(currentColor).should('be.onTheRightOf', previousColor).and('be.horizontallyAlignedWith', previousColor);\n  }\n});",
              "err": {
                "message": "CypressError: Timed out retrying: Expected to find element: '.color', but never found it.",
                "estack": "CypressError: Timed out retrying: Expected to find element: '.color', but never found it.\n    at cypressErr (http://localhost:36775/__cypress/runner/cypress_runner.js:149934:9)\n    at throwErr (http://localhost:36775/__cypress/runner/cypress_runner.js:149867:11)\n    at Object.throwErrByPath (http://localhost:36775/__cypress/runner/cypress_runner.js:149915:3)\n    at retry (http://localhost:36775/__cypress/runner/cypress_runner.js:144197:19)\n    at onFailFn (http://localhost:36775/__cypress/runner/cypress_runner.js:132448:16)\n    at tryCatcher (http://localhost:36775/__cypress/runner/cypress_runner.js:167415:23)\n    at Promise._settlePromiseFromHandler (http://localhost:36775/__cypress/runner/cypress_runner.js:165351:31)\n    at Promise._settlePromise (http://localhost:36775/__cypress/runner/cypress_runner.js:165408:18)\n    at Promise._settlePromise0 (http://localhost:36775/__cypress/runner/cypress_runner.js:165453:10)\n    at Promise._settlePromises (http://localhost:36775/__cypress/runner/cypress_runner.js:165528:18)\n    at Async../node_modules/bluebird/js/release/async.js.Async._drainQueue (http://localhost:36775/__cypress/runner/cypress_runner.js:162140:16)\n    at Async../node_modules/bluebird/js/release/async.js.Async._drainQueues (http://localhost:36775/__cypress/runner/cypress_runner.js:162150:10)\n    at Async.drainQueues (http://localhost:36775/__cypress/runner/cypress_runner.js:162024:14)",
                "diff": null
              },
              "uuid": "c693ac61-0632-4105-a102-b728c65b218d",
              "parentUUID": "bf9a6a10-0045-4392-9b62-c70ba74da064",
              "isHook": false,
              "skipped": false
            },
            {
              "title": "Verifica se a paleta de cores está posicionada abaixo do título 'Paleta de Cores'",
              "fullTitle": "2 - Adicione à página uma paleta de quatro cores distintas. Verifica se a paleta de cores está posicionada abaixo do título 'Paleta de Cores'",
              "timedOut": null,
              "duration": 4428,
              "state": "failed",
              "speed": null,
              "pass": false,
              "fail": true,
              "pending": false,
              "context": null,
              "code": "cy.get('h1#title').then(function (title) {\n  cy.get('#color-palette').should('be.belowOf', title);\n});",
              "err": {
                "message": "CypressError: Timed out retrying: Expected to find element: '#color-palette', but never found it.",
                "estack": "CypressError: Timed out retrying: Expected to find element: '#color-palette', but never found it.\n    at cypressErr (http://localhost:36775/__cypress/runner/cypress_runner.js:149934:9)\n    at throwErr (http://localhost:36775/__cypress/runner/cypress_runner.js:149867:11)\n    at Object.throwErrByPath (http://localhost:36775/__cypress/runner/cypress_runner.js:149915:3)\n    at retry (http://localhost:36775/__cypress/runner/cypress_runner.js:144197:19)\n    at onFailFn (http://localhost:36775/__cypress/runner/cypress_runner.js:132448:16)\n    at tryCatcher (http://localhost:36775/__cypress/runner/cypress_runner.js:167415:23)\n    at Promise._settlePromiseFromHandler (http://localhost:36775/__cypress/runner/cypress_runner.js:165351:31)\n    at Promise._settlePromise (http://localhost:36775/__cypress/runner/cypress_runner.js:165408:18)\n    at Promise._settlePromise0 (http://localhost:36775/__cypress/runner/cypress_runner.js:165453:10)\n    at Promise._settlePromises (http://localhost:36775/__cypress/runner/cypress_runner.js:165528:18)\n    at Async../node_modules/bluebird/js/release/async.js.Async._drainQueue (http://localhost:36775/__cypress/runner/cypress_runner.js:162140:16)\n    at Async../node_modules/bluebird/js/release/async.js.Async._drainQueues (http://localhost:36775/__cypress/runner/cypress_runner.js:162150:10)\n    at Async.drainQueues (http://localhost:36775/__cypress/runner/cypress_runner.js:162024:14)",
                "diff": null
              },
              "uuid": "dc0b1082-5f93-4663-9d60-2c3deed6a7eb",
              "parentUUID": "bf9a6a10-0045-4392-9b62-c70ba74da064",
              "isHook": false,
              "skipped": false
            },
            {
              "title": "Verifica se a paleta de cores não contém cores repetidas.",
              "fullTitle": "2 - Adicione à página uma paleta de quatro cores distintas. Verifica se a paleta de cores não contém cores repetidas.",
              "timedOut": null,
              "duration": 4318,
              "state": "failed",
              "speed": null,
              "pass": false,
              "fail": true,
              "pending": false,
              "context": null,
              "code": "cy.get('.color').then(function (colors) {\n  var allColors = Array.from(colors).map(function (color) {\n    return Cypress.$(color).css('background-color');\n  });\n  cy.log(allColors);\n  var uniqColors = (0, _toConsumableArray2[\"default\"])(new Set(allColors));\n  cy.log(uniqColors);\n  expect(allColors.length).to.eq(uniqColors.length);\n});",
              "err": {
                "message": "CypressError: Timed out retrying: Expected to find element: '.color', but never found it.",
                "estack": "CypressError: Timed out retrying: Expected to find element: '.color', but never found it.\n    at cypressErr (http://localhost:36775/__cypress/runner/cypress_runner.js:149934:9)\n    at throwErr (http://localhost:36775/__cypress/runner/cypress_runner.js:149867:11)\n    at Object.throwErrByPath (http://localhost:36775/__cypress/runner/cypress_runner.js:149915:3)\n    at retry (http://localhost:36775/__cypress/runner/cypress_runner.js:144197:19)\n    at onFailFn (http://localhost:36775/__cypress/runner/cypress_runner.js:132448:16)\n    at tryCatcher (http://localhost:36775/__cypress/runner/cypress_runner.js:167415:23)\n    at Promise._settlePromiseFromHandler (http://localhost:36775/__cypress/runner/cypress_runner.js:165351:31)\n    at Promise._settlePromise (http://localhost:36775/__cypress/runner/cypress_runner.js:165408:18)\n    at Promise._settlePromise0 (http://localhost:36775/__cypress/runner/cypress_runner.js:165453:10)\n    at Promise._settlePromises (http://localhost:36775/__cypress/runner/cypress_runner.js:165528:18)\n    at Async../node_modules/bluebird/js/release/async.js.Async._drainQueue (http://localhost:36775/__cypress/runner/cypress_runner.js:162140:16)\n    at Async../node_modules/bluebird/js/release/async.js.Async._drainQueues (http://localhost:36775/__cypress/runner/cypress_runner.js:162150:10)\n    at Async.drainQueues (http://localhost:36775/__cypress/runner/cypress_runner.js:162024:14)",
                "diff": null
              },
              "uuid": "d9dfbbd8-6aa6-4cbc-801a-7f2faeb71550",
              "parentUUID": "bf9a6a10-0045-4392-9b62-c70ba74da064",
              "isHook": false,
              "skipped": false
            }
          ],
          "suites": [],
          "passes": [],
          "failures": [
            "70cfd6c8-872f-4726-89f6-7d5d379f14f3",
            "72b753af-7c74-482d-a657-24d3fcea5af0",
            "6f648618-10bc-408a-b7cd-77faf2ea6407",
            "d7b3a796-b47d-4de3-80d1-a381153e5209",
            "c693ac61-0632-4105-a102-b728c65b218d",
            "dc0b1082-5f93-4663-9d60-2c3deed6a7eb",
            "d9dfbbd8-6aa6-4cbc-801a-7f2faeb71550"
          ],
          "pending": [],
          "skipped": [],
          "duration": 30671,
          "root": false,
          "rootEmpty": false,
          "_timeout": 2000
        },
        {
          "uuid": "66fac880-ade2-4103-89f3-3c9adc8c9b11",
          "title": "3 - Adicione a cor **preta** como a primeira cor da paleta de cores.",
          "fullFile": "",
          "file": "",
          "beforeHooks": [],
          "afterHooks": [],
          "tests": [
            {
              "title": "Verifica se a primeira cor da paleta é preta",
              "fullTitle": "3 - Adicione a cor **preta** como a primeira cor da paleta de cores. Verifica se a primeira cor da paleta é preta",
              "timedOut": null,
              "duration": 4372,
              "state": "failed",
              "speed": null,
              "pass": false,
              "fail": true,
              "pending": false,
              "context": null,
              "code": "cy.get('.color').first().should('have.css', 'background-color', BLACK);",
              "err": {
                "message": "CypressError: Timed out retrying: Expected to find element: '.color', but never found it.",
                "estack": "CypressError: Timed out retrying: Expected to find element: '.color', but never found it.\n    at cypressErr (http://localhost:36775/__cypress/runner/cypress_runner.js:149934:9)\n    at throwErr (http://localhost:36775/__cypress/runner/cypress_runner.js:149867:11)\n    at Object.throwErrByPath (http://localhost:36775/__cypress/runner/cypress_runner.js:149915:3)\n    at retry (http://localhost:36775/__cypress/runner/cypress_runner.js:144197:19)\n    at onFailFn (http://localhost:36775/__cypress/runner/cypress_runner.js:132448:16)\n    at tryCatcher (http://localhost:36775/__cypress/runner/cypress_runner.js:167415:23)\n    at Promise._settlePromiseFromHandler (http://localhost:36775/__cypress/runner/cypress_runner.js:165351:31)\n    at Promise._settlePromise (http://localhost:36775/__cypress/runner/cypress_runner.js:165408:18)\n    at Promise._settlePromise0 (http://localhost:36775/__cypress/runner/cypress_runner.js:165453:10)\n    at Promise._settlePromises (http://localhost:36775/__cypress/runner/cypress_runner.js:165528:18)\n    at Async../node_modules/bluebird/js/release/async.js.Async._drainQueue (http://localhost:36775/__cypress/runner/cypress_runner.js:162140:16)\n    at Async../node_modules/bluebird/js/release/async.js.Async._drainQueues (http://localhost:36775/__cypress/runner/cypress_runner.js:162150:10)\n    at Async.drainQueues (http://localhost:36775/__cypress/runner/cypress_runner.js:162024:14)",
                "diff": null
              },
              "uuid": "415d74a9-590c-4d15-8be0-ad3fb801726d",
              "parentUUID": "66fac880-ade2-4103-89f3-3c9adc8c9b11",
              "isHook": false,
              "skipped": false
            },
            {
              "title": "Verifica se as demais cores podem ser escolhidas livremente.",
              "fullTitle": "3 - Adicione a cor **preta** como a primeira cor da paleta de cores. Verifica se as demais cores podem ser escolhidas livremente.",
              "timedOut": null,
              "duration": 4454,
              "state": "failed",
              "speed": null,
              "pass": false,
              "fail": true,
              "pending": false,
              "context": null,
              "code": "cy.get('.color').eq(1).should('not.have.css', 'background-color', BLACK);\ncy.get('.color').eq(1).should('not.have.css', 'background-color', WHITE);\ncy.get('.color').eq(1).should('not.have.css', 'background-color', 'rgba(0, 0, 0, 0)');\ncy.get('.color').eq(1).should('have.css', 'background-color');\ncy.get('.color').eq(2).should('not.have.css', 'background-color', BLACK);\ncy.get('.color').eq(2).should('not.have.css', 'background-color', WHITE);\ncy.get('.color').eq(2).should('not.have.css', 'background-color', 'rgba(0, 0, 0, 0)');\ncy.get('.color').eq(2).should('have.css', 'background-color');\ncy.get('.color').eq(3).should('not.have.css', 'background-color', BLACK);\ncy.get('.color').eq(3).should('not.have.css', 'background-color', WHITE);\ncy.get('.color').eq(3).should('not.have.css', 'background-color', 'rgba(0, 0, 0, 0)');\ncy.get('.color').eq(3).should('have.css', 'background-color');",
              "err": {
                "message": "CypressError: Timed out retrying: Expected to find element: '.color', but never found it.",
                "estack": "CypressError: Timed out retrying: Expected to find element: '.color', but never found it.\n    at cypressErr (http://localhost:36775/__cypress/runner/cypress_runner.js:149934:9)\n    at throwErr (http://localhost:36775/__cypress/runner/cypress_runner.js:149867:11)\n    at Object.throwErrByPath (http://localhost:36775/__cypress/runner/cypress_runner.js:149915:3)\n    at retry (http://localhost:36775/__cypress/runner/cypress_runner.js:144197:19)\n    at onFailFn (http://localhost:36775/__cypress/runner/cypress_runner.js:132448:16)\n    at tryCatcher (http://localhost:36775/__cypress/runner/cypress_runner.js:167415:23)\n    at Promise._settlePromiseFromHandler (http://localhost:36775/__cypress/runner/cypress_runner.js:165351:31)\n    at Promise._settlePromise (http://localhost:36775/__cypress/runner/cypress_runner.js:165408:18)\n    at Promise._settlePromise0 (http://localhost:36775/__cypress/runner/cypress_runner.js:165453:10)\n    at Promise._settlePromises (http://localhost:36775/__cypress/runner/cypress_runner.js:165528:18)\n    at Async../node_modules/bluebird/js/release/async.js.Async._drainQueue (http://localhost:36775/__cypress/runner/cypress_runner.js:162140:16)\n    at Async../node_modules/bluebird/js/release/async.js.Async._drainQueues (http://localhost:36775/__cypress/runner/cypress_runner.js:162150:10)\n    at Async.drainQueues (http://localhost:36775/__cypress/runner/cypress_runner.js:162024:14)",
                "diff": null
              },
              "uuid": "51445374-da02-4276-8b09-6d0f21562dce",
              "parentUUID": "66fac880-ade2-4103-89f3-3c9adc8c9b11",
              "isHook": false,
              "skipped": false
            }
          ],
          "suites": [],
          "passes": [],
          "failures": [
            "415d74a9-590c-4d15-8be0-ad3fb801726d",
            "51445374-da02-4276-8b09-6d0f21562dce"
          ],
          "pending": [],
          "skipped": [],
          "duration": 8826,
          "root": false,
          "rootEmpty": false,
          "_timeout": 2000
        },
        {
          "uuid": "3021bdbd-d3ff-4b4d-9088-80b25e504d2b",
          "title": "4 - Adicione à página um quadro de pixels, com 25 pixels.",
          "fullFile": "",
          "file": "",
          "beforeHooks": [],
          "afterHooks": [],
          "tests": [
            {
              "title": "Verifica se o quadro de pixels possui o `id` denominado `pixel-board`",
              "fullTitle": "4 - Adicione à página um quadro de pixels, com 25 pixels. Verifica se o quadro de pixels possui o `id` denominado `pixel-board`",
              "timedOut": null,
              "duration": 4329,
              "state": "failed",
              "speed": null,
              "pass": false,
              "fail": true,
              "pending": false,
              "context": null,
              "code": "cy.get('#pixel-board').should('be.visible');",
              "err": {
                "message": "CypressError: Timed out retrying: Expected to find element: '#pixel-board', but never found it.",
                "estack": "CypressError: Timed out retrying: Expected to find element: '#pixel-board', but never found it.\n    at cypressErr (http://localhost:36775/__cypress/runner/cypress_runner.js:149934:9)\n    at throwErr (http://localhost:36775/__cypress/runner/cypress_runner.js:149867:11)\n    at Object.throwErrByPath (http://localhost:36775/__cypress/runner/cypress_runner.js:149915:3)\n    at retry (http://localhost:36775/__cypress/runner/cypress_runner.js:144197:19)\n    at onFailFn (http://localhost:36775/__cypress/runner/cypress_runner.js:132448:16)\n    at tryCatcher (http://localhost:36775/__cypress/runner/cypress_runner.js:167415:23)\n    at Promise._settlePromiseFromHandler (http://localhost:36775/__cypress/runner/cypress_runner.js:165351:31)\n    at Promise._settlePromise (http://localhost:36775/__cypress/runner/cypress_runner.js:165408:18)\n    at Promise._settlePromise0 (http://localhost:36775/__cypress/runner/cypress_runner.js:165453:10)\n    at Promise._settlePromises (http://localhost:36775/__cypress/runner/cypress_runner.js:165528:18)\n    at Async../node_modules/bluebird/js/release/async.js.Async._drainQueue (http://localhost:36775/__cypress/runner/cypress_runner.js:162140:16)\n    at Async../node_modules/bluebird/js/release/async.js.Async._drainQueues (http://localhost:36775/__cypress/runner/cypress_runner.js:162150:10)\n    at Async.drainQueues (http://localhost:36775/__cypress/runner/cypress_runner.js:162024:14)",
                "diff": null
              },
              "uuid": "f42faf4c-358d-4c12-9a48-31e19df4fa1b",
              "parentUUID": "3021bdbd-d3ff-4b4d-9088-80b25e504d2b",
              "isHook": false,
              "skipped": false
            },
            {
              "title": "Verifica se cada pixel individual dentro do quadro possui a `classe` denominada `pixel`.",
              "fullTitle": "4 - Adicione à página um quadro de pixels, com 25 pixels. Verifica se cada pixel individual dentro do quadro possui a `classe` denominada `pixel`.",
              "timedOut": null,
              "duration": 4418,
              "state": "failed",
              "speed": null,
              "pass": false,
              "fail": true,
              "pending": false,
              "context": null,
              "code": "cy.get('.pixel').should('have.length', 25);",
              "err": {
                "message": "CypressError: Timed out retrying: Expected to find element: '.pixel', but never found it.",
                "estack": "CypressError: Timed out retrying: Expected to find element: '.pixel', but never found it.\n    at cypressErr (http://localhost:36775/__cypress/runner/cypress_runner.js:149934:9)\n    at throwErr (http://localhost:36775/__cypress/runner/cypress_runner.js:149867:11)\n    at Object.throwErrByPath (http://localhost:36775/__cypress/runner/cypress_runner.js:149915:3)\n    at retry (http://localhost:36775/__cypress/runner/cypress_runner.js:144197:19)\n    at onFailFn (http://localhost:36775/__cypress/runner/cypress_runner.js:132448:16)\n    at tryCatcher (http://localhost:36775/__cypress/runner/cypress_runner.js:167415:23)\n    at Promise._settlePromiseFromHandler (http://localhost:36775/__cypress/runner/cypress_runner.js:165351:31)\n    at Promise._settlePromise (http://localhost:36775/__cypress/runner/cypress_runner.js:165408:18)\n    at Promise._settlePromise0 (http://localhost:36775/__cypress/runner/cypress_runner.js:165453:10)\n    at Promise._settlePromises (http://localhost:36775/__cypress/runner/cypress_runner.js:165528:18)\n    at Async../node_modules/bluebird/js/release/async.js.Async._drainQueue (http://localhost:36775/__cypress/runner/cypress_runner.js:162140:16)\n    at Async../node_modules/bluebird/js/release/async.js.Async._drainQueues (http://localhost:36775/__cypress/runner/cypress_runner.js:162150:10)\n    at Async.drainQueues (http://localhost:36775/__cypress/runner/cypress_runner.js:162024:14)",
                "diff": null
              },
              "uuid": "8afa3668-9940-4baa-aa32-6e60917d21ca",
              "parentUUID": "3021bdbd-d3ff-4b4d-9088-80b25e504d2b",
              "isHook": false,
              "skipped": false
            },
            {
              "title": "Verifica se a cor inicial dos pixels dentro do quadro, ao abrir a página, é branca.",
              "fullTitle": "4 - Adicione à página um quadro de pixels, com 25 pixels. Verifica se a cor inicial dos pixels dentro do quadro, ao abrir a página, é branca.",
              "timedOut": null,
              "duration": 4476,
              "state": "failed",
              "speed": null,
              "pass": false,
              "fail": true,
              "pending": false,
              "context": null,
              "code": "cy.get('.pixel').should('have.length', 25).each(function (pixel) {\n  expect(pixel).to.have.css('background-color', WHITE);\n});",
              "err": {
                "message": "CypressError: Timed out retrying: Expected to find element: '.pixel', but never found it.",
                "estack": "CypressError: Timed out retrying: Expected to find element: '.pixel', but never found it.\n    at cypressErr (http://localhost:36775/__cypress/runner/cypress_runner.js:149934:9)\n    at throwErr (http://localhost:36775/__cypress/runner/cypress_runner.js:149867:11)\n    at Object.throwErrByPath (http://localhost:36775/__cypress/runner/cypress_runner.js:149915:3)\n    at retry (http://localhost:36775/__cypress/runner/cypress_runner.js:144197:19)\n    at onFailFn (http://localhost:36775/__cypress/runner/cypress_runner.js:132448:16)\n    at tryCatcher (http://localhost:36775/__cypress/runner/cypress_runner.js:167415:23)\n    at Promise._settlePromiseFromHandler (http://localhost:36775/__cypress/runner/cypress_runner.js:165351:31)\n    at Promise._settlePromise (http://localhost:36775/__cypress/runner/cypress_runner.js:165408:18)\n    at Promise._settlePromise0 (http://localhost:36775/__cypress/runner/cypress_runner.js:165453:10)\n    at Promise._settlePromises (http://localhost:36775/__cypress/runner/cypress_runner.js:165528:18)\n    at Async../node_modules/bluebird/js/release/async.js.Async._drainQueue (http://localhost:36775/__cypress/runner/cypress_runner.js:162140:16)\n    at Async../node_modules/bluebird/js/release/async.js.Async._drainQueues (http://localhost:36775/__cypress/runner/cypress_runner.js:162150:10)\n    at Async.drainQueues (http://localhost:36775/__cypress/runner/cypress_runner.js:162024:14)",
                "diff": null
              },
              "uuid": "4508d0ed-e5a1-4428-b836-e3a65d2dc0db",
              "parentUUID": "3021bdbd-d3ff-4b4d-9088-80b25e504d2b",
              "isHook": false,
              "skipped": false
            },
            {
              "title": "Verifica se o quadro de pixels aparece abaixo da paleta de cores",
              "fullTitle": "4 - Adicione à página um quadro de pixels, com 25 pixels. Verifica se o quadro de pixels aparece abaixo da paleta de cores",
              "timedOut": null,
              "duration": 4440,
              "state": "failed",
              "speed": null,
              "pass": false,
              "fail": true,
              "pending": false,
              "context": null,
              "code": "cy.get('#color-palette').then(function (palette) {\n  cy.get('#pixel-board').should('be.belowOf', palette);\n});",
              "err": {
                "message": "CypressError: Timed out retrying: Expected to find element: '#color-palette', but never found it.",
                "estack": "CypressError: Timed out retrying: Expected to find element: '#color-palette', but never found it.\n    at cypressErr (http://localhost:36775/__cypress/runner/cypress_runner.js:149934:9)\n    at throwErr (http://localhost:36775/__cypress/runner/cypress_runner.js:149867:11)\n    at Object.throwErrByPath (http://localhost:36775/__cypress/runner/cypress_runner.js:149915:3)\n    at retry (http://localhost:36775/__cypress/runner/cypress_runner.js:144197:19)\n    at onFailFn (http://localhost:36775/__cypress/runner/cypress_runner.js:132448:16)\n    at tryCatcher (http://localhost:36775/__cypress/runner/cypress_runner.js:167415:23)\n    at Promise._settlePromiseFromHandler (http://localhost:36775/__cypress/runner/cypress_runner.js:165351:31)\n    at Promise._settlePromise (http://localhost:36775/__cypress/runner/cypress_runner.js:165408:18)\n    at Promise._settlePromise0 (http://localhost:36775/__cypress/runner/cypress_runner.js:165453:10)\n    at Promise._settlePromises (http://localhost:36775/__cypress/runner/cypress_runner.js:165528:18)\n    at Async../node_modules/bluebird/js/release/async.js.Async._drainQueue (http://localhost:36775/__cypress/runner/cypress_runner.js:162140:16)\n    at Async../node_modules/bluebird/js/release/async.js.Async._drainQueues (http://localhost:36775/__cypress/runner/cypress_runner.js:162150:10)\n    at Async.drainQueues (http://localhost:36775/__cypress/runner/cypress_runner.js:162024:14)",
                "diff": null
              },
              "uuid": "83f7730e-06f6-450a-b3d3-6fff01dadd12",
              "parentUUID": "3021bdbd-d3ff-4b4d-9088-80b25e504d2b",
              "isHook": false,
              "skipped": false
            }
          ],
          "suites": [],
          "passes": [],
          "failures": [
            "f42faf4c-358d-4c12-9a48-31e19df4fa1b",
            "8afa3668-9940-4baa-aa32-6e60917d21ca",
            "4508d0ed-e5a1-4428-b836-e3a65d2dc0db",
            "83f7730e-06f6-450a-b3d3-6fff01dadd12"
          ],
          "pending": [],
          "skipped": [],
          "duration": 17663,
          "root": false,
          "rootEmpty": false,
          "_timeout": 2000
        },
        {
          "uuid": "b11b443e-4154-4cd6-832c-986690fe395f",
          "title": "5 - Faça com que cada elemento do quadro de pixels possua 40 pixels de largura, 40 pixels de altura e seja delimitado por uma borda preta de 1 pixel.",
          "fullFile": "",
          "file": "",
          "beforeHooks": [],
          "afterHooks": [],
          "tests": [
            {
              "title": "Verifica se o quadro de pixels tem altura e comprimento de 5 elementos",
              "fullTitle": "5 - Faça com que cada elemento do quadro de pixels possua 40 pixels de largura, 40 pixels de altura e seja delimitado por uma borda preta de 1 pixel. Verifica se o quadro de pixels tem altura e comprimento de 5 elementos",
              "timedOut": null,
              "duration": 4364,
              "state": "failed",
              "speed": null,
              "pass": false,
              "fail": true,
              "pending": false,
              "context": null,
              "code": "cy.get('.pixel').should('have.length', 25).each(function (pixel) {\n  expect(pixel).to.have.css('background-color', WHITE);\n}).and(function (pixels) {\n  var rows = chunk(pixels, 5);\n  rows.forEach(function (row) {\n    for (var index = 1; index < row.length; index += 1) {\n      var current = pixels[index];\n      var previous = pixels[index - 1];\n      cy.wrap(current).should('be.onTheRightOf', previous).and('be.horizontallyAlignedWith', previous);\n    }\n  });\n  for (var index = 1; index < 5; index += 1) {\n    expect(pixels[index * 5]).to.be.belowOf(pixels[(index - 1) * 5]);\n  }\n});",
              "err": {
                "message": "CypressError: Timed out retrying: Expected to find element: '.pixel', but never found it.",
                "estack": "CypressError: Timed out retrying: Expected to find element: '.pixel', but never found it.\n    at cypressErr (http://localhost:36775/__cypress/runner/cypress_runner.js:149934:9)\n    at throwErr (http://localhost:36775/__cypress/runner/cypress_runner.js:149867:11)\n    at Object.throwErrByPath (http://localhost:36775/__cypress/runner/cypress_runner.js:149915:3)\n    at retry (http://localhost:36775/__cypress/runner/cypress_runner.js:144197:19)\n    at onFailFn (http://localhost:36775/__cypress/runner/cypress_runner.js:132448:16)\n    at tryCatcher (http://localhost:36775/__cypress/runner/cypress_runner.js:167415:23)\n    at Promise._settlePromiseFromHandler (http://localhost:36775/__cypress/runner/cypress_runner.js:165351:31)\n    at Promise._settlePromise (http://localhost:36775/__cypress/runner/cypress_runner.js:165408:18)\n    at Promise._settlePromise0 (http://localhost:36775/__cypress/runner/cypress_runner.js:165453:10)\n    at Promise._settlePromises (http://localhost:36775/__cypress/runner/cypress_runner.js:165528:18)\n    at Async../node_modules/bluebird/js/release/async.js.Async._drainQueue (http://localhost:36775/__cypress/runner/cypress_runner.js:162140:16)\n    at Async../node_modules/bluebird/js/release/async.js.Async._drainQueues (http://localhost:36775/__cypress/runner/cypress_runner.js:162150:10)\n    at Async.drainQueues (http://localhost:36775/__cypress/runner/cypress_runner.js:162024:14)",
                "diff": null
              },
              "uuid": "959a3be7-0fa4-4d9a-a328-fbb01e5340b7",
              "parentUUID": "b11b443e-4154-4cd6-832c-986690fe395f",
              "isHook": false,
              "skipped": false
            },
            {
              "title": "Verifica se 40 pixels é o tamanho total do elemento, incluindo seu conteúdo e excluindo a borda preta, que deve ser criada à parte.",
              "fullTitle": "5 - Faça com que cada elemento do quadro de pixels possua 40 pixels de largura, 40 pixels de altura e seja delimitado por uma borda preta de 1 pixel. Verifica se 40 pixels é o tamanho total do elemento, incluindo seu conteúdo e excluindo a borda preta, que deve ser criada à parte.",
              "timedOut": null,
              "duration": 4332,
              "state": "failed",
              "speed": null,
              "pass": false,
              "fail": true,
              "pending": false,
              "context": null,
              "code": "cy.get('.pixel').each(function (pixel) {\n  cy.wrap(pixel).should('have.css', 'height', '40px').and('have.css', 'width', '40px').and('have.css', 'border', \"1px solid \".concat(BLACK));\n});",
              "err": {
                "message": "CypressError: Timed out retrying: Expected to find element: '.pixel', but never found it.",
                "estack": "CypressError: Timed out retrying: Expected to find element: '.pixel', but never found it.\n    at cypressErr (http://localhost:36775/__cypress/runner/cypress_runner.js:149934:9)\n    at throwErr (http://localhost:36775/__cypress/runner/cypress_runner.js:149867:11)\n    at Object.throwErrByPath (http://localhost:36775/__cypress/runner/cypress_runner.js:149915:3)\n    at retry (http://localhost:36775/__cypress/runner/cypress_runner.js:144197:19)\n    at onFailFn (http://localhost:36775/__cypress/runner/cypress_runner.js:132448:16)\n    at tryCatcher (http://localhost:36775/__cypress/runner/cypress_runner.js:167415:23)\n    at Promise._settlePromiseFromHandler (http://localhost:36775/__cypress/runner/cypress_runner.js:165351:31)\n    at Promise._settlePromise (http://localhost:36775/__cypress/runner/cypress_runner.js:165408:18)\n    at Promise._settlePromise0 (http://localhost:36775/__cypress/runner/cypress_runner.js:165453:10)\n    at Promise._settlePromises (http://localhost:36775/__cypress/runner/cypress_runner.js:165528:18)\n    at Async../node_modules/bluebird/js/release/async.js.Async._drainQueue (http://localhost:36775/__cypress/runner/cypress_runner.js:162140:16)\n    at Async../node_modules/bluebird/js/release/async.js.Async._drainQueues (http://localhost:36775/__cypress/runner/cypress_runner.js:162150:10)\n    at Async.drainQueues (http://localhost:36775/__cypress/runner/cypress_runner.js:162024:14)",
                "diff": null
              },
              "uuid": "059ac400-1fd4-47e2-9892-4d9fcf31f25f",
              "parentUUID": "b11b443e-4154-4cd6-832c-986690fe395f",
              "isHook": false,
              "skipped": false
            }
          ],
          "suites": [],
          "passes": [],
          "failures": [
            "959a3be7-0fa4-4d9a-a328-fbb01e5340b7",
            "059ac400-1fd4-47e2-9892-4d9fcf31f25f"
          ],
          "pending": [],
          "skipped": [],
          "duration": 8696,
          "root": false,
          "rootEmpty": false,
          "_timeout": 2000
        },
        {
          "uuid": "4153ec02-369f-4585-9246-33c7dc5d4c76",
          "title": "6 - Defina a cor preta como cor inicial. Ao carregar a página a cor preta já deve estar selecionada para pintar os pixels",
          "fullFile": "",
          "file": "",
          "beforeHooks": [],
          "afterHooks": [],
          "tests": [
            {
              "title": "Verifica se o elemento da cor preta possui, inicialmente, a `classe` `selected`",
              "fullTitle": "6 - Defina a cor preta como cor inicial. Ao carregar a página a cor preta já deve estar selecionada para pintar os pixels Verifica se o elemento da cor preta possui, inicialmente, a `classe` `selected`",
              "timedOut": null,
              "duration": 4504,
              "state": "failed",
              "speed": null,
              "pass": false,
              "fail": true,
              "pending": false,
              "context": null,
              "code": "cy.get('.selected').first().should('have.css', 'background-color', BLACK);",
              "err": {
                "message": "CypressError: Timed out retrying: Expected to find element: '.selected', but never found it.",
                "estack": "CypressError: Timed out retrying: Expected to find element: '.selected', but never found it.\n    at cypressErr (http://localhost:36775/__cypress/runner/cypress_runner.js:149934:9)\n    at throwErr (http://localhost:36775/__cypress/runner/cypress_runner.js:149867:11)\n    at Object.throwErrByPath (http://localhost:36775/__cypress/runner/cypress_runner.js:149915:3)\n    at retry (http://localhost:36775/__cypress/runner/cypress_runner.js:144197:19)\n    at onFailFn (http://localhost:36775/__cypress/runner/cypress_runner.js:132448:16)\n    at tryCatcher (http://localhost:36775/__cypress/runner/cypress_runner.js:167415:23)\n    at Promise._settlePromiseFromHandler (http://localhost:36775/__cypress/runner/cypress_runner.js:165351:31)\n    at Promise._settlePromise (http://localhost:36775/__cypress/runner/cypress_runner.js:165408:18)\n    at Promise._settlePromise0 (http://localhost:36775/__cypress/runner/cypress_runner.js:165453:10)\n    at Promise._settlePromises (http://localhost:36775/__cypress/runner/cypress_runner.js:165528:18)\n    at Async../node_modules/bluebird/js/release/async.js.Async._drainQueue (http://localhost:36775/__cypress/runner/cypress_runner.js:162140:16)\n    at Async../node_modules/bluebird/js/release/async.js.Async._drainQueues (http://localhost:36775/__cypress/runner/cypress_runner.js:162150:10)\n    at Async.drainQueues (http://localhost:36775/__cypress/runner/cypress_runner.js:162024:14)",
                "diff": null
              },
              "uuid": "264f0e71-89c0-4807-9bb1-4287677f02e7",
              "parentUUID": "4153ec02-369f-4585-9246-33c7dc5d4c76",
              "isHook": false,
              "skipped": false
            },
            {
              "title": "Verifica se nenhuma outra cor da paleta tem a `classe` `selected`",
              "fullTitle": "6 - Defina a cor preta como cor inicial. Ao carregar a página a cor preta já deve estar selecionada para pintar os pixels Verifica se nenhuma outra cor da paleta tem a `classe` `selected`",
              "timedOut": null,
              "duration": 4446,
              "state": "failed",
              "speed": null,
              "pass": false,
              "fail": true,
              "pending": false,
              "context": null,
              "code": "cy.get('.color:not(:first-child)').each(function (color) {\n  cy.wrap(color).should('not.have.class', 'selected');\n});",
              "err": {
                "message": "CypressError: Timed out retrying: Expected to find element: '.color:not(:first-child)', but never found it.",
                "estack": "CypressError: Timed out retrying: Expected to find element: '.color:not(:first-child)', but never found it.\n    at cypressErr (http://localhost:36775/__cypress/runner/cypress_runner.js:149934:9)\n    at throwErr (http://localhost:36775/__cypress/runner/cypress_runner.js:149867:11)\n    at Object.throwErrByPath (http://localhost:36775/__cypress/runner/cypress_runner.js:149915:3)\n    at retry (http://localhost:36775/__cypress/runner/cypress_runner.js:144197:19)\n    at onFailFn (http://localhost:36775/__cypress/runner/cypress_runner.js:132448:16)\n    at tryCatcher (http://localhost:36775/__cypress/runner/cypress_runner.js:167415:23)\n    at Promise._settlePromiseFromHandler (http://localhost:36775/__cypress/runner/cypress_runner.js:165351:31)\n    at Promise._settlePromise (http://localhost:36775/__cypress/runner/cypress_runner.js:165408:18)\n    at Promise._settlePromise0 (http://localhost:36775/__cypress/runner/cypress_runner.js:165453:10)\n    at Promise._settlePromises (http://localhost:36775/__cypress/runner/cypress_runner.js:165528:18)\n    at Async../node_modules/bluebird/js/release/async.js.Async._drainQueue (http://localhost:36775/__cypress/runner/cypress_runner.js:162140:16)\n    at Async../node_modules/bluebird/js/release/async.js.Async._drainQueues (http://localhost:36775/__cypress/runner/cypress_runner.js:162150:10)\n    at Async.drainQueues (http://localhost:36775/__cypress/runner/cypress_runner.js:162024:14)",
                "diff": null
              },
              "uuid": "349ad16b-2a54-4eef-aa78-2b91d1a990d6",
              "parentUUID": "4153ec02-369f-4585-9246-33c7dc5d4c76",
              "isHook": false,
              "skipped": false
            }
          ],
          "suites": [],
          "passes": [],
          "failures": [
            "264f0e71-89c0-4807-9bb1-4287677f02e7",
            "349ad16b-2a54-4eef-aa78-2b91d1a990d6"
          ],
          "pending": [],
          "skipped": [],
          "duration": 8950,
          "root": false,
          "rootEmpty": false,
          "_timeout": 2000
        },
        {
          "uuid": "9fa4cab0-2af5-4e89-9500-08bd6cbb45ba",
          "title": "7 - Clicar em uma das cores da paleta, faz com que ela seja selecionada e utilizada para preencher os pixels no quadro.",
          "fullFile": "",
          "file": "",
          "beforeHooks": [],
          "afterHooks": [],
          "tests": [
            {
              "title": "Verifica se somente uma cor da paleta de cores tem a classe `selected` de cada vez",
              "fullTitle": "7 - Clicar em uma das cores da paleta, faz com que ela seja selecionada e utilizada para preencher os pixels no quadro. Verifica se somente uma cor da paleta de cores tem a classe `selected` de cada vez",
              "timedOut": null,
              "duration": 4432,
              "state": "failed",
              "speed": null,
              "pass": false,
              "fail": true,
              "pending": false,
              "context": null,
              "code": "cy.get('.color').each(function (selectedColor, selectedColorIndex) {\n  cy.wrap(selectedColor).click();\n  cy.get('.color').each(function (color, colorIndex) {\n    if (colorIndex === selectedColorIndex) {\n      expect(color).to.have[\"class\"]('selected');\n    } else {\n      expect(color).not.to.have[\"class\"]('selected');\n    }\n  });\n});",
              "err": {
                "message": "CypressError: Timed out retrying: Expected to find element: '.color', but never found it.",
                "estack": "CypressError: Timed out retrying: Expected to find element: '.color', but never found it.\n    at cypressErr (http://localhost:36775/__cypress/runner/cypress_runner.js:149934:9)\n    at throwErr (http://localhost:36775/__cypress/runner/cypress_runner.js:149867:11)\n    at Object.throwErrByPath (http://localhost:36775/__cypress/runner/cypress_runner.js:149915:3)\n    at retry (http://localhost:36775/__cypress/runner/cypress_runner.js:144197:19)\n    at onFailFn (http://localhost:36775/__cypress/runner/cypress_runner.js:132448:16)\n    at tryCatcher (http://localhost:36775/__cypress/runner/cypress_runner.js:167415:23)\n    at Promise._settlePromiseFromHandler (http://localhost:36775/__cypress/runner/cypress_runner.js:165351:31)\n    at Promise._settlePromise (http://localhost:36775/__cypress/runner/cypress_runner.js:165408:18)\n    at Promise._settlePromise0 (http://localhost:36775/__cypress/runner/cypress_runner.js:165453:10)\n    at Promise._settlePromises (http://localhost:36775/__cypress/runner/cypress_runner.js:165528:18)\n    at Async../node_modules/bluebird/js/release/async.js.Async._drainQueue (http://localhost:36775/__cypress/runner/cypress_runner.js:162140:16)\n    at Async../node_modules/bluebird/js/release/async.js.Async._drainQueues (http://localhost:36775/__cypress/runner/cypress_runner.js:162150:10)\n    at Async.drainQueues (http://localhost:36775/__cypress/runner/cypress_runner.js:162024:14)",
                "diff": null
              },
              "uuid": "9120201a-db42-4a2d-a0fc-51f57a1f7b92",
              "parentUUID": "9fa4cab0-2af5-4e89-9500-08bd6cbb45ba",
              "isHook": false,
              "skipped": false
            },
            {
              "title": "Verifica se os pixels dentro do quadro não têm a classe `selected` quando são clicados",
              "fullTitle": "7 - Clicar em uma das cores da paleta, faz com que ela seja selecionada e utilizada para preencher os pixels no quadro. Verifica se os pixels dentro do quadro não têm a classe `selected` quando são clicados",
              "timedOut": null,
              "duration": 4430,
              "state": "failed",
              "speed": null,
              "pass": false,
              "fail": true,
              "pending": false,
              "context": null,
              "code": "cy.get('.color').each(function (color) {\n  var backgroundColor = color.css('background-color');\n  cy.wrap(color).click();\n  cy.get('.pixel').each(function (pixel) {\n    cy.wrap(pixel).click().should('not.have.class', 'selected');\n  });\n});",
              "err": {
                "message": "CypressError: Timed out retrying: Expected to find element: '.color', but never found it.",
                "estack": "CypressError: Timed out retrying: Expected to find element: '.color', but never found it.\n    at cypressErr (http://localhost:36775/__cypress/runner/cypress_runner.js:149934:9)\n    at throwErr (http://localhost:36775/__cypress/runner/cypress_runner.js:149867:11)\n    at Object.throwErrByPath (http://localhost:36775/__cypress/runner/cypress_runner.js:149915:3)\n    at retry (http://localhost:36775/__cypress/runner/cypress_runner.js:144197:19)\n    at onFailFn (http://localhost:36775/__cypress/runner/cypress_runner.js:132448:16)\n    at tryCatcher (http://localhost:36775/__cypress/runner/cypress_runner.js:167415:23)\n    at Promise._settlePromiseFromHandler (http://localhost:36775/__cypress/runner/cypress_runner.js:165351:31)\n    at Promise._settlePromise (http://localhost:36775/__cypress/runner/cypress_runner.js:165408:18)\n    at Promise._settlePromise0 (http://localhost:36775/__cypress/runner/cypress_runner.js:165453:10)\n    at Promise._settlePromises (http://localhost:36775/__cypress/runner/cypress_runner.js:165528:18)\n    at Async../node_modules/bluebird/js/release/async.js.Async._drainQueue (http://localhost:36775/__cypress/runner/cypress_runner.js:162140:16)\n    at Async../node_modules/bluebird/js/release/async.js.Async._drainQueues (http://localhost:36775/__cypress/runner/cypress_runner.js:162150:10)\n    at Async.drainQueues (http://localhost:36775/__cypress/runner/cypress_runner.js:162024:14)",
                "diff": null
              },
              "uuid": "67b8207e-c885-4584-b81e-23cd68abf6e6",
              "parentUUID": "9fa4cab0-2af5-4e89-9500-08bd6cbb45ba",
              "isHook": false,
              "skipped": false
            }
          ],
          "suites": [],
          "passes": [],
          "failures": [
            "9120201a-db42-4a2d-a0fc-51f57a1f7b92",
            "67b8207e-c885-4584-b81e-23cd68abf6e6"
          ],
          "pending": [],
          "skipped": [],
          "duration": 8862,
          "root": false,
          "rootEmpty": false,
          "_timeout": 2000
        },
        {
          "uuid": "4820c6ab-3d0d-415a-9153-40852fe101cb",
          "title": "8 - Clicar em um pixel dentro do quadro após selecionar uma cor na paleta, faz com que o pixel seja preenchido com a cor selecionada.",
          "fullFile": "",
          "file": "",
          "beforeHooks": [],
          "afterHooks": [],
          "tests": [
            {
              "title": "Verifica se ao carregar a página deve ser possível pintar os pixels de preto",
              "fullTitle": "8 - Clicar em um pixel dentro do quadro após selecionar uma cor na paleta, faz com que o pixel seja preenchido com a cor selecionada. Verifica se ao carregar a página deve ser possível pintar os pixels de preto",
              "timedOut": null,
              "duration": 4607,
              "state": "failed",
              "speed": null,
              "pass": false,
              "fail": true,
              "pending": false,
              "context": null,
              "code": "cy.get('.pixel').each(function (pixel) {\n  cy.wrap(pixel).click().should('have.css', 'background-color', BLACK);\n});",
              "err": {
                "message": "CypressError: Timed out retrying: Expected to find element: '.pixel', but never found it.",
                "estack": "CypressError: Timed out retrying: Expected to find element: '.pixel', but never found it.\n    at cypressErr (http://localhost:36775/__cypress/runner/cypress_runner.js:149934:9)\n    at throwErr (http://localhost:36775/__cypress/runner/cypress_runner.js:149867:11)\n    at Object.throwErrByPath (http://localhost:36775/__cypress/runner/cypress_runner.js:149915:3)\n    at retry (http://localhost:36775/__cypress/runner/cypress_runner.js:144197:19)\n    at onFailFn (http://localhost:36775/__cypress/runner/cypress_runner.js:132448:16)\n    at tryCatcher (http://localhost:36775/__cypress/runner/cypress_runner.js:167415:23)\n    at Promise._settlePromiseFromHandler (http://localhost:36775/__cypress/runner/cypress_runner.js:165351:31)\n    at Promise._settlePromise (http://localhost:36775/__cypress/runner/cypress_runner.js:165408:18)\n    at Promise._settlePromise0 (http://localhost:36775/__cypress/runner/cypress_runner.js:165453:10)\n    at Promise._settlePromises (http://localhost:36775/__cypress/runner/cypress_runner.js:165528:18)\n    at Async../node_modules/bluebird/js/release/async.js.Async._drainQueue (http://localhost:36775/__cypress/runner/cypress_runner.js:162140:16)\n    at Async../node_modules/bluebird/js/release/async.js.Async._drainQueues (http://localhost:36775/__cypress/runner/cypress_runner.js:162150:10)\n    at Async.drainQueues (http://localhost:36775/__cypress/runner/cypress_runner.js:162024:14)",
                "diff": null
              },
              "uuid": "500a8911-3f66-465d-9c51-8f6627daff63",
              "parentUUID": "4820c6ab-3d0d-415a-9153-40852fe101cb",
              "isHook": false,
              "skipped": false
            },
            {
              "title": "Verifica se após selecionar uma outra cor na paleta, é possível pintar os pixels com essa cor",
              "fullTitle": "8 - Clicar em um pixel dentro do quadro após selecionar uma cor na paleta, faz com que o pixel seja preenchido com a cor selecionada. Verifica se após selecionar uma outra cor na paleta, é possível pintar os pixels com essa cor",
              "timedOut": null,
              "duration": 4412,
              "state": "failed",
              "speed": null,
              "pass": false,
              "fail": true,
              "pending": false,
              "context": null,
              "code": "cy.get('.color').each(function (color) {\n  var backgroundColor = color.css('background-color');\n  cy.wrap(color).click();\n  cy.get('.pixel').each(function (pixel) {\n    cy.wrap(pixel).click().should('have.css', 'background-color', backgroundColor);\n  });\n});",
              "err": {
                "message": "CypressError: Timed out retrying: Expected to find element: '.color', but never found it.",
                "estack": "CypressError: Timed out retrying: Expected to find element: '.color', but never found it.\n    at cypressErr (http://localhost:36775/__cypress/runner/cypress_runner.js:149934:9)\n    at throwErr (http://localhost:36775/__cypress/runner/cypress_runner.js:149867:11)\n    at Object.throwErrByPath (http://localhost:36775/__cypress/runner/cypress_runner.js:149915:3)\n    at retry (http://localhost:36775/__cypress/runner/cypress_runner.js:144197:19)\n    at onFailFn (http://localhost:36775/__cypress/runner/cypress_runner.js:132448:16)\n    at tryCatcher (http://localhost:36775/__cypress/runner/cypress_runner.js:167415:23)\n    at Promise._settlePromiseFromHandler (http://localhost:36775/__cypress/runner/cypress_runner.js:165351:31)\n    at Promise._settlePromise (http://localhost:36775/__cypress/runner/cypress_runner.js:165408:18)\n    at Promise._settlePromise0 (http://localhost:36775/__cypress/runner/cypress_runner.js:165453:10)\n    at Promise._settlePromises (http://localhost:36775/__cypress/runner/cypress_runner.js:165528:18)\n    at Async../node_modules/bluebird/js/release/async.js.Async._drainQueue (http://localhost:36775/__cypress/runner/cypress_runner.js:162140:16)\n    at Async../node_modules/bluebird/js/release/async.js.Async._drainQueues (http://localhost:36775/__cypress/runner/cypress_runner.js:162150:10)\n    at Async.drainQueues (http://localhost:36775/__cypress/runner/cypress_runner.js:162024:14)",
                "diff": null
              },
              "uuid": "6a651411-0642-40f4-8a4a-81ee4ccb8096",
              "parentUUID": "4820c6ab-3d0d-415a-9153-40852fe101cb",
              "isHook": false,
              "skipped": false
            },
            {
              "title": "Verifica se somente o pixel que foi clicado foi preenchido com a cor selecionada, sem influenciar na cor dos demais pixels.",
              "fullTitle": "8 - Clicar em um pixel dentro do quadro após selecionar uma cor na paleta, faz com que o pixel seja preenchido com a cor selecionada. Verifica se somente o pixel que foi clicado foi preenchido com a cor selecionada, sem influenciar na cor dos demais pixels.",
              "timedOut": null,
              "duration": 4376,
              "state": "failed",
              "speed": null,
              "pass": false,
              "fail": true,
              "pending": false,
              "context": null,
              "code": "var colorToPixelIndexMap = {\n  0: 6,\n  1: 8,\n  2: 16,\n  3: 18\n};\ncy.get('.color').each(function (color, index) {\n  cy.wrap(color).click();\n  var backgroundColor = color.css('background-color');\n  var clickedPixelIndex = colorToPixelIndexMap[index];\n  cy.get('.pixel').eq(clickedPixelIndex).click();\n  cy.get('.pixel').eq(clickedPixelIndex - 1).should('not.have.css', 'background-color', backgroundColor);\n  cy.get('.pixel').eq(clickedPixelIndex + 1).should('not.have.css', 'background-color', backgroundColor);\n  cy.get('.pixel').eq(clickedPixelIndex - 5).should('not.have.css', 'background-color', backgroundColor);\n  cy.get('.pixel').eq(clickedPixelIndex + 5).should('not.have.css', 'background-color', backgroundColor);\n  cy.get('.pixel').eq(clickedPixelIndex - 6).should('not.have.css', 'background-color', backgroundColor);\n  cy.get('.pixel').eq(clickedPixelIndex - 4).should('not.have.css', 'background-color', backgroundColor);\n  cy.get('.pixel').eq(clickedPixelIndex + 4).should('not.have.css', 'background-color', backgroundColor);\n  cy.get('.pixel').eq(clickedPixelIndex + 6).should('not.have.css', 'background-color', backgroundColor);\n});",
              "err": {
                "message": "CypressError: Timed out retrying: Expected to find element: '.color', but never found it.",
                "estack": "CypressError: Timed out retrying: Expected to find element: '.color', but never found it.\n    at cypressErr (http://localhost:36775/__cypress/runner/cypress_runner.js:149934:9)\n    at throwErr (http://localhost:36775/__cypress/runner/cypress_runner.js:149867:11)\n    at Object.throwErrByPath (http://localhost:36775/__cypress/runner/cypress_runner.js:149915:3)\n    at retry (http://localhost:36775/__cypress/runner/cypress_runner.js:144197:19)\n    at onFailFn (http://localhost:36775/__cypress/runner/cypress_runner.js:132448:16)\n    at tryCatcher (http://localhost:36775/__cypress/runner/cypress_runner.js:167415:23)\n    at Promise._settlePromiseFromHandler (http://localhost:36775/__cypress/runner/cypress_runner.js:165351:31)\n    at Promise._settlePromise (http://localhost:36775/__cypress/runner/cypress_runner.js:165408:18)\n    at Promise._settlePromise0 (http://localhost:36775/__cypress/runner/cypress_runner.js:165453:10)\n    at Promise._settlePromises (http://localhost:36775/__cypress/runner/cypress_runner.js:165528:18)\n    at Async../node_modules/bluebird/js/release/async.js.Async._drainQueue (http://localhost:36775/__cypress/runner/cypress_runner.js:162140:16)\n    at Async../node_modules/bluebird/js/release/async.js.Async._drainQueues (http://localhost:36775/__cypress/runner/cypress_runner.js:162150:10)\n    at Async.drainQueues (http://localhost:36775/__cypress/runner/cypress_runner.js:162024:14)",
                "diff": null
              },
              "uuid": "2a5bf54e-7940-47c8-a1ce-26c35d501989",
              "parentUUID": "4820c6ab-3d0d-415a-9153-40852fe101cb",
              "isHook": false,
              "skipped": false
            }
          ],
          "suites": [],
          "passes": [],
          "failures": [
            "500a8911-3f66-465d-9c51-8f6627daff63",
            "6a651411-0642-40f4-8a4a-81ee4ccb8096",
            "2a5bf54e-7940-47c8-a1ce-26c35d501989"
          ],
          "pending": [],
          "skipped": [],
          "duration": 13395,
          "root": false,
          "rootEmpty": false,
          "_timeout": 2000
        },
        {
          "uuid": "21e3769c-5b54-4db6-bf44-0c6130c1fdf2",
          "title": "9 - Crie um botão que, ao ser clicado, limpa o quadro preenchendo a cor de todos seus pixels com branco.",
          "fullFile": "",
          "file": "",
          "beforeHooks": [],
          "afterHooks": [],
          "tests": [
            {
              "title": "Verifica se o botão tem o `id` denominado `clear-board`",
              "fullTitle": "9 - Crie um botão que, ao ser clicado, limpa o quadro preenchendo a cor de todos seus pixels com branco. Verifica se o botão tem o `id` denominado `clear-board`",
              "timedOut": null,
              "duration": 4486,
              "state": "failed",
              "speed": null,
              "pass": false,
              "fail": true,
              "pending": false,
              "context": null,
              "code": "cy.get('#clear-board').should('be.visible');",
              "err": {
                "message": "CypressError: Timed out retrying: Expected to find element: '#clear-board', but never found it.",
                "estack": "CypressError: Timed out retrying: Expected to find element: '#clear-board', but never found it.\n    at cypressErr (http://localhost:36775/__cypress/runner/cypress_runner.js:149934:9)\n    at throwErr (http://localhost:36775/__cypress/runner/cypress_runner.js:149867:11)\n    at Object.throwErrByPath (http://localhost:36775/__cypress/runner/cypress_runner.js:149915:3)\n    at retry (http://localhost:36775/__cypress/runner/cypress_runner.js:144197:19)\n    at onFailFn (http://localhost:36775/__cypress/runner/cypress_runner.js:132448:16)\n    at tryCatcher (http://localhost:36775/__cypress/runner/cypress_runner.js:167415:23)\n    at Promise._settlePromiseFromHandler (http://localhost:36775/__cypress/runner/cypress_runner.js:165351:31)\n    at Promise._settlePromise (http://localhost:36775/__cypress/runner/cypress_runner.js:165408:18)\n    at Promise._settlePromise0 (http://localhost:36775/__cypress/runner/cypress_runner.js:165453:10)\n    at Promise._settlePromises (http://localhost:36775/__cypress/runner/cypress_runner.js:165528:18)\n    at Async../node_modules/bluebird/js/release/async.js.Async._drainQueue (http://localhost:36775/__cypress/runner/cypress_runner.js:162140:16)\n    at Async../node_modules/bluebird/js/release/async.js.Async._drainQueues (http://localhost:36775/__cypress/runner/cypress_runner.js:162150:10)\n    at Async.drainQueues (http://localhost:36775/__cypress/runner/cypress_runner.js:162024:14)",
                "diff": null
              },
              "uuid": "32f196de-1bd6-4463-93f1-cde112cf540d",
              "parentUUID": "21e3769c-5b54-4db6-bf44-0c6130c1fdf2",
              "isHook": false,
              "skipped": false
            },
            {
              "title": "Verifica se o botão está posicionado entre a paleta de cores e o quadro de pixels",
              "fullTitle": "9 - Crie um botão que, ao ser clicado, limpa o quadro preenchendo a cor de todos seus pixels com branco. Verifica se o botão está posicionado entre a paleta de cores e o quadro de pixels",
              "timedOut": null,
              "duration": 4416,
              "state": "failed",
              "speed": null,
              "pass": false,
              "fail": true,
              "pending": false,
              "context": null,
              "code": "cy.get('#color-palette').then(function (palette) {\n  cy.get('#clear-board').should('be.belowOf', palette);\n});\ncy.get('#clear-board').then(function (clearBtn) {\n  cy.get('#pixel-board').should('be.belowOf', clearBtn);\n});",
              "err": {
                "message": "CypressError: Timed out retrying: Expected to find element: '#color-palette', but never found it.",
                "estack": "CypressError: Timed out retrying: Expected to find element: '#color-palette', but never found it.\n    at cypressErr (http://localhost:36775/__cypress/runner/cypress_runner.js:149934:9)\n    at throwErr (http://localhost:36775/__cypress/runner/cypress_runner.js:149867:11)\n    at Object.throwErrByPath (http://localhost:36775/__cypress/runner/cypress_runner.js:149915:3)\n    at retry (http://localhost:36775/__cypress/runner/cypress_runner.js:144197:19)\n    at onFailFn (http://localhost:36775/__cypress/runner/cypress_runner.js:132448:16)\n    at tryCatcher (http://localhost:36775/__cypress/runner/cypress_runner.js:167415:23)\n    at Promise._settlePromiseFromHandler (http://localhost:36775/__cypress/runner/cypress_runner.js:165351:31)\n    at Promise._settlePromise (http://localhost:36775/__cypress/runner/cypress_runner.js:165408:18)\n    at Promise._settlePromise0 (http://localhost:36775/__cypress/runner/cypress_runner.js:165453:10)\n    at Promise._settlePromises (http://localhost:36775/__cypress/runner/cypress_runner.js:165528:18)\n    at Async../node_modules/bluebird/js/release/async.js.Async._drainQueue (http://localhost:36775/__cypress/runner/cypress_runner.js:162140:16)\n    at Async../node_modules/bluebird/js/release/async.js.Async._drainQueues (http://localhost:36775/__cypress/runner/cypress_runner.js:162150:10)\n    at Async.drainQueues (http://localhost:36775/__cypress/runner/cypress_runner.js:162024:14)",
                "diff": null
              },
              "uuid": "64d0e85a-2b10-43ca-a2e9-217b5bb5cedb",
              "parentUUID": "21e3769c-5b54-4db6-bf44-0c6130c1fdf2",
              "isHook": false,
              "skipped": false
            },
            {
              "title": "Verifica se o texto do botão é 'Limpar'",
              "fullTitle": "9 - Crie um botão que, ao ser clicado, limpa o quadro preenchendo a cor de todos seus pixels com branco. Verifica se o texto do botão é 'Limpar'",
              "timedOut": null,
              "duration": 4523,
              "state": "failed",
              "speed": null,
              "pass": false,
              "fail": true,
              "pending": false,
              "context": null,
              "code": "cy.get('#clear-board').should('contain.text', 'Limpar');",
              "err": {
                "message": "CypressError: Timed out retrying: Expected to find element: '#clear-board', but never found it.",
                "estack": "CypressError: Timed out retrying: Expected to find element: '#clear-board', but never found it.\n    at cypressErr (http://localhost:36775/__cypress/runner/cypress_runner.js:149934:9)\n    at throwErr (http://localhost:36775/__cypress/runner/cypress_runner.js:149867:11)\n    at Object.throwErrByPath (http://localhost:36775/__cypress/runner/cypress_runner.js:149915:3)\n    at retry (http://localhost:36775/__cypress/runner/cypress_runner.js:144197:19)\n    at onFailFn (http://localhost:36775/__cypress/runner/cypress_runner.js:132448:16)\n    at tryCatcher (http://localhost:36775/__cypress/runner/cypress_runner.js:167415:23)\n    at Promise._settlePromiseFromHandler (http://localhost:36775/__cypress/runner/cypress_runner.js:165351:31)\n    at Promise._settlePromise (http://localhost:36775/__cypress/runner/cypress_runner.js:165408:18)\n    at Promise._settlePromise0 (http://localhost:36775/__cypress/runner/cypress_runner.js:165453:10)\n    at Promise._settlePromises (http://localhost:36775/__cypress/runner/cypress_runner.js:165528:18)\n    at Async../node_modules/bluebird/js/release/async.js.Async._drainQueue (http://localhost:36775/__cypress/runner/cypress_runner.js:162140:16)\n    at Async../node_modules/bluebird/js/release/async.js.Async._drainQueues (http://localhost:36775/__cypress/runner/cypress_runner.js:162150:10)\n    at Async.drainQueues (http://localhost:36775/__cypress/runner/cypress_runner.js:162024:14)",
                "diff": null
              },
              "uuid": "782726f8-f8e7-4a95-8e1f-f68edd3e2f55",
              "parentUUID": "21e3769c-5b54-4db6-bf44-0c6130c1fdf2",
              "isHook": false,
              "skipped": false
            },
            {
              "title": "Verifica se ao clicar no botão, o quadro de pixels é totalmente preenchido de branco",
              "fullTitle": "9 - Crie um botão que, ao ser clicado, limpa o quadro preenchendo a cor de todos seus pixels com branco. Verifica se ao clicar no botão, o quadro de pixels é totalmente preenchido de branco",
              "timedOut": null,
              "duration": 4476,
              "state": "failed",
              "speed": null,
              "pass": false,
              "fail": true,
              "pending": false,
              "context": null,
              "code": "cy.get('.color').eq(1).then(function (color) {\n  var backgroundColor = color.css('background-color');\n  cy.wrap(color).click();\n  cy.get('.pixel').each(function (pixel) {\n    cy.wrap(pixel).click().should('have.css', 'background-color', backgroundColor);\n  });\n});\ncy.get('#clear-board').click();\ncy.get('.pixel').each(function (pixel) {\n  cy.wrap(pixel).should('have.css', 'background-color', WHITE);\n});",
              "err": {
                "message": "CypressError: Timed out retrying: Expected to find element: '.color', but never found it.",
                "estack": "CypressError: Timed out retrying: Expected to find element: '.color', but never found it.\n    at cypressErr (http://localhost:36775/__cypress/runner/cypress_runner.js:149934:9)\n    at throwErr (http://localhost:36775/__cypress/runner/cypress_runner.js:149867:11)\n    at Object.throwErrByPath (http://localhost:36775/__cypress/runner/cypress_runner.js:149915:3)\n    at retry (http://localhost:36775/__cypress/runner/cypress_runner.js:144197:19)\n    at onFailFn (http://localhost:36775/__cypress/runner/cypress_runner.js:132448:16)\n    at tryCatcher (http://localhost:36775/__cypress/runner/cypress_runner.js:167415:23)\n    at Promise._settlePromiseFromHandler (http://localhost:36775/__cypress/runner/cypress_runner.js:165351:31)\n    at Promise._settlePromise (http://localhost:36775/__cypress/runner/cypress_runner.js:165408:18)\n    at Promise._settlePromise0 (http://localhost:36775/__cypress/runner/cypress_runner.js:165453:10)\n    at Promise._settlePromises (http://localhost:36775/__cypress/runner/cypress_runner.js:165528:18)\n    at Async../node_modules/bluebird/js/release/async.js.Async._drainQueue (http://localhost:36775/__cypress/runner/cypress_runner.js:162140:16)\n    at Async../node_modules/bluebird/js/release/async.js.Async._drainQueues (http://localhost:36775/__cypress/runner/cypress_runner.js:162150:10)\n    at Async.drainQueues (http://localhost:36775/__cypress/runner/cypress_runner.js:162024:14)",
                "diff": null
              },
              "uuid": "48e8adb7-49e8-426d-92d8-1ec66bd08f7f",
              "parentUUID": "21e3769c-5b54-4db6-bf44-0c6130c1fdf2",
              "isHook": false,
              "skipped": false
            }
          ],
          "suites": [],
          "passes": [],
          "failures": [
            "32f196de-1bd6-4463-93f1-cde112cf540d",
            "64d0e85a-2b10-43ca-a2e9-217b5bb5cedb",
            "782726f8-f8e7-4a95-8e1f-f68edd3e2f55",
            "48e8adb7-49e8-426d-92d8-1ec66bd08f7f"
          ],
          "pending": [],
          "skipped": [],
          "duration": 17901,
          "root": false,
          "rootEmpty": false,
          "_timeout": 2000
        },
        {
          "uuid": "5430d7e2-8dbb-4589-bd6d-855faf6bfaab",
          "title": "10 - Faça o quadro de pixels ter seu tamanho definido pelo usuário.",
          "fullFile": "",
          "file": "",
          "beforeHooks": [],
          "afterHooks": [],
          "tests": [
            {
              "title": "Verifica se existe um input com o id `board-size`",
              "fullTitle": "10 - Faça o quadro de pixels ter seu tamanho definido pelo usuário. Verifica se existe um input com o id `board-size`",
              "timedOut": null,
              "duration": 4533,
              "state": "failed",
              "speed": null,
              "pass": false,
              "fail": true,
              "pending": false,
              "context": null,
              "code": "cy.get('#board-size').should('be.visible');",
              "err": {
                "message": "CypressError: Timed out retrying: Expected to find element: '#board-size', but never found it.",
[...]
                "diff": null
              },
              "uuid": "96bb6027-dad5-4def-8adc-873ad8f27ea4",
              "parentUUID": "5430d7e2-8dbb-4589-bd6d-855faf6bfaab",
              "isHook": false,
              "skipped": false
            },
            {
              "title": "Verifica se o novo quadro tem todos os pixels preenchidos com a cor branca",
              "fullTitle": "10 - Faça o quadro de pixels ter seu tamanho definido pelo usuário. Verifica se o novo quadro tem todos os pixels preenchidos com a cor branca",
              "timedOut": null,
              "duration": 4440,
              "state": "failed",
              "speed": null,
              "pass": false,
              "fail": true,
              "pending": false,
              "context": null,
              "code": "cy.get('#board-size').clear().type(6);\ncy.get('#generate-board').click();\ncy.get('.pixel').should('have.length', 36).each(function (pixel) {\n  expect(pixel).to.have.css('background-color', WHITE);\n});",
              "err": {
                "message": "CypressError: Timed out retrying: Expected to find element: '#board-size', but never found it.",
                "estack": "CypressError: Timed out retrying: Expected to find element: '#board-size', but never found it.\n    at cypressErr (http://localhost:36775/__cypress/runner/cypress_runner.js:149934:9)\n    at throwErr (http://localhost:36775/__cypress/runner/cypress_runner.js:149867:11)\n    at Object.throwErrByPath (http://localhost:36775/__cypress/runner/cypress_runner.js:149915:3)\n    at retry (http://localhost:36775/__cypress/runner/cypress_runner.js:144197:19)\n    at onFailFn (http://localhost:36775/__cypress/runner/cypress_runner.js:132448:16)\n    at tryCatcher (http://localhost:36775/__cypress/runner/cypress_runner.js:167415:23)\n    at Promise._settlePromiseFromHandler (http://localhost:36775/__cypress/runner/cypress_runner.js:165351:31)\n    at Promise._settlePromise (http://localhost:36775/__cypress/runner/cypress_runner.js:165408:18)\n    at Promise._settlePromise0 (http://localhost:36775/__cypress/runner/cypress_runner.js:165453:10)\n    at Promise._settlePromises (http://localhost:36775/__cypress/runner/cypress_runner.js:165528:18)\n    at Async../node_modules/bluebird/js/release/async.js.Async._drainQueue (http://localhost:36775/__cypress/runner/cypress_runner.js:162140:16)\n    at Async../node_modules/bluebird/js/release/async.js.Async._drainQueues (http://localhost:36775/__cypress/runner/cypress_runner.js:162150:10)\n    at Async.drainQueues (http://localhost:36775/__cypress/runner/cypress_runner.js:162024:14)",
                "diff": null
              },
              "uuid": "b7a915da-c954-4211-8173-ccc3fd51c703",
              "parentUUID": "5430d7e2-8dbb-4589-bd6d-855faf6bfaab",
              "isHook": false,
              "skipped": false
            }
          ],
          "suites": [],
          "passes": [],
          "failures": [
            "ee4d20f6-0099-4cb1-8368-baecf157ccd0",
            "8f87ac50-9d35-4ce0-8ef8-2e549b80a2a1",
            "58d5bc25-beba-4790-8d54-0d7ff9fe70e6",
            "e27012de-0c49-4614-8f91-98fde7becd10",
            "ab4204f6-d399-40fd-b7eb-3cb9438d7933",
            "b990fd56-5db3-40e1-a334-13e14b212ddb",
            "2bc8dc18-dbd4-405a-b33b-690e2915f0bf",
            "96bb6027-dad5-4def-8adc-873ad8f27ea4",
            "b7a915da-c954-4211-8173-ccc3fd51c703"
          ],
          "pending": [],
          "skipped": [],
          "duration": 40052,
          "root": false,
          "rootEmpty": false,
          "_timeout": 2000
        },
        {
          "uuid": "487bc223-b982-42d1-b430-1d61eda21d3a",
          "title": "11 - Limite o tamanho mínimo e máximo do board.",
          "fullFile": "",
          "file": "",
          "beforeHooks": [],
          "afterHooks": [],
          "tests": [
            {
              "title": "Verifica se a altura máxima do board é 50",
              "fullTitle": "11 - Limite o tamanho mínimo e máximo do board. Verifica se a altura máxima do board é 50",
              "timedOut": null,
              "duration": 4464,
              "state": "failed",
              "speed": null,
              "pass": false,
              "fail": true,
              "pending": false,
              "context": null,
              "code": "cy.get('#board-size').clear().type(50);\ncy.get('#generate-board').click();\ncy.get('.pixel').should('have.length', 2500);",
              "err": {
                "message": "CypressError: Timed out retrying: Expected to find element: '#board-size', but never found it.",
                "estack": "CypressError: Timed out retrying: Expected to find element: '#board-size', but never found it.\n    at cypressErr (http://localhost:36775/__cypress/runner/cypress_runner.js:149934:9)\n    at throwErr (http://localhost:36775/__cypress/runner/cypress_runner.js:149867:11)\n    at Object.throwErrByPath (http://localhost:36775/__cypress/runner/cypress_runner.js:149915:3)\n    at retry (http://localhost:36775/__cypress/runner/cypress_runner.js:144197:19)\n    at onFailFn (http://localhost:36775/__cypress/runner/cypress_runner.js:132448:16)\n    at tryCatcher (http://localhost:36775/__cypress/runner/cypress_runner.js:167415:23)\n    at Promise._settlePromiseFromHandler (http://localhost:36775/__cypress/runner/cypress_runner.js:165351:31)\n    at Promise._settlePromise (http://localhost:36775/__cypress/runner/cypress_runner.js:165408:18)\n    at Promise._settlePromise0 (http://localhost:36775/__cypress/runner/cypress_runner.js:165453:10)\n    at Promise._settlePromises (http://localhost:36775/__cypress/runner/cypress_runner.js:165528:18)\n    at Async../node_modules/bluebird/js/release/async.js.Async._drainQueue (http://localhost:36775/__cypress/runner/cypress_runner.js:162140:16)\n    at Async../node_modules/bluebird/js/release/async.js.Async._drainQueues (http://localhost:36775/__cypress/runner/cypress_runner.js:162150:10)\n    at Async.drainQueues (http://localhost:36775/__cypress/runner/cypress_runner.js:162024:14)",
                "diff": null
              },
              "uuid": "d3597712-22a4-4c9b-8afc-dc1772c72eae",
              "parentUUID": "487bc223-b982-42d1-b430-1d61eda21d3a",
              "isHook": false,
              "skipped": false
            },
            {
              "title": "Verifica se a altura do board é 5 quando um valor menor é colocado no input",
              "fullTitle": "11 - Limite o tamanho mínimo e máximo do board. Verifica se a altura do board é 5 quando um valor menor é colocado no input",
              "timedOut": null,
              "duration": 4363,
              "state": "failed",
              "speed": null,
              "pass": false,
              "fail": true,
              "pending": false,
              "context": null,
              "code": "cy.get('#board-size').clear().type(4);\ncy.get('#generate-board').click();\ncy.get('.pixel').should('have.length', 25);",
              "err": {
                "message": "CypressError: Timed out retrying: Expected to find element: '#board-size', but never found it.",
                "estack": "CypressError: Timed out retrying: Expected to find element: '#board-size', but never found it.\n    at cypressErr (http://localhost:36775/__cypress/runner/cypress_runner.js:149934:9)\n    at throwErr (http://localhost:36775/__cypress/runner/cypress_runner.js:149867:11)\n    at Object.throwErrByPath (http://localhost:36775/__cypress/runner/cypress_runner.js:149915:3)\n    at retry (http://localhost:36775/__cypress/runner/cypress_runner.js:144197:19)\n    at onFailFn (http://localhost:36775/__cypress/runner/cypress_runner.js:132448:16)\n    at tryCatcher (http://localhost:36775/__cypress/runner/cypress_runner.js:167415:23)\n    at Promise._settlePromiseFromHandler (http://localhost:36775/__cypress/runner/cypress_runner.js:165351:31)\n    at Promise._settlePromise (http://localhost:36775/__cypress/runner/cypress_runner.js:165408:18)\n    at Promise._settlePromise0 (http://localhost:36775/__cypress/runner/cypress_runner.js:165453:10)\n    at Promise._settlePromises (http://localhost:36775/__cypress/runner/cypress_runner.js:165528:18)\n    at Async../node_modules/bluebird/js/release/async.js.Async._drainQueue (http://localhost:36775/__cypress/runner/cypress_runner.js:162140:16)\n    at Async../node_modules/bluebird/js/release/async.js.Async._drainQueues (http://localhost:36775/__cypress/runner/cypress_runner.js:162150:10)\n    at Async.drainQueues (http://localhost:36775/__cypress/runner/cypress_runner.js:162024:14)",
                "diff": null
              },
              "uuid": "1aa90e70-66b0-425e-8a0e-0f8dbcae620b",
              "parentUUID": "487bc223-b982-42d1-b430-1d61eda21d3a",
              "isHook": false,
              "skipped": false
            },
            {
              "title": "Verifica se a altura do board é 50 quando um valor maior é colocado no input",
              "fullTitle": "11 - Limite o tamanho mínimo e máximo do board. Verifica se a altura do board é 50 quando um valor maior é colocado no input",
              "timedOut": null,
              "duration": 4355,
              "state": "failed",
              "speed": null,
              "pass": false,
              "fail": true,
              "pending": false,
              "context": null,
              "code": "cy.get('#board-size').clear().type(51);\ncy.get('#generate-board').click();\ncy.get('.pixel').should('have.length', 2500);",
              "err": {
                "message": "CypressError: Timed out retrying: Expected to find element: '#board-size', but never found it.",
                "estack": "CypressError: Timed out retrying: Expected to find element: '#board-size', but never found it.\n    at cypressErr (http://localhost:36775/__cypress/runner/cypress_runner.js:149934:9)\n    at throwErr (http://localhost:36775/__cypress/runner/cypress_runner.js:149867:11)\n    at Object.throwErrByPath (http://localhost:36775/__cypress/runner/cypress_runner.js:149915:3)\n    at retry (http://localhost:36775/__cypress/runner/cypress_runner.js:144197:19)\n    at onFailFn (http://localhost:36775/__cypress/runner/cypress_runner.js:132448:16)\n    at tryCatcher (http://localhost:36775/__cypress/runner/cypress_runner.js:167415:23)\n    at Promise._settlePromiseFromHandler (http://localhost:36775/__cypress/runner/cypress_runner.js:165351:31)\n    at Promise._settlePromise (http://localhost:36775/__cypress/runner/cypress_runner.js:165408:18)\n    at Promise._settlePromise0 (http://localhost:36775/__cypress/runner/cypress_runner.js:165453:10)\n    at Promise._settlePromises (http://localhost:36775/__cypress/runner/cypress_runner.js:165528:18)\n    at Async../node_modules/bluebird/js/release/async.js.Async._drainQueue (http://localhost:36775/__cypress/runner/cypress_runner.js:162140:16)\n    at Async../node_modules/bluebird/js/release/async.js.Async._drainQueues (http://localhost:36775/__cypress/runner/cypress_runner.js:162150:10)\n    at Async.drainQueues (http://localhost:36775/__cypress/runner/cypress_runner.js:162024:14)",
                "diff": null
              },
              "uuid": "a6a9434d-0cb6-4137-a21b-6e3d4a3f24cf",
              "parentUUID": "487bc223-b982-42d1-b430-1d61eda21d3a",
              "isHook": false,
              "skipped": false
            }
          ],
          "suites": [],
          "passes": [],
          "failures": [
            "d3597712-22a4-4c9b-8afc-dc1772c72eae",
            "1aa90e70-66b0-425e-8a0e-0f8dbcae620b",
            "a6a9434d-0cb6-4137-a21b-6e3d4a3f24cf"
          ],
          "pending": [],
          "skipped": [],
          "duration": 13182,
          "root": false,
          "rootEmpty": false,
          "_timeout": 2000
        },
        {
          "uuid": "de4f9b63-f949-4a49-80b1-b76ac9e1f41b",
          "title": "12 - Faça com que as cores da paleta sejam geradas aleatoriamente ao carregar a página.",
          "fullFile": "",
          "file": "",
          "beforeHooks": [],
          "afterHooks": [],
          "tests": [
            {
              "title": "Verifica se as cores geradas na paleta são diferentes a cada carregamento da página",
              "fullTitle": "12 - Faça com que as cores da paleta sejam geradas aleatoriamente ao carregar a página. Verifica se as cores geradas na paleta são diferentes a cada carregamento da página",
              "timedOut": null,
              "duration": 4426,
              "state": "failed",
              "speed": null,
              "pass": false,
              "fail": true,
              "pending": false,
              "context": null,
              "code": "cy.get('.color').then(function (colors) {\n  var currentColors;\n  var previousColors;\n  previousColors = Array.from(colors).map(function (color) {\n    return Cypress.$(color).css('background-color');\n  });\n  for (var i = 0; i < 5; i += 1) {\n    cy.reload();\n    cy.get('.color').then(function (colors) {\n      currentColors = Array.from(colors).map(function (color) {\n        return Cypress.$(color).css('background-color');\n      });\n      expect(currentColors).not.to.deep.equal(previousColors);\n      previousColors = currentColors;\n    });\n  }\n});",
              "err": {
                "message": "CypressError: Timed out retrying: Expected to find element: '.color', but never found it.",
                "estack": "CypressError: Timed out retrying: Expected to find element: '.color', but never found it.\n    at cypressErr (http://localhost:36775/__cypress/runner/cypress_runner.js:149934:9)\n    at throwErr (http://localhost:36775/__cypress/runner/cypress_runner.js:149867:11)\n    at Object.throwErrByPath (http://localhost:36775/__cypress/runner/cypress_runner.js:149915:3)\n    at retry (http://localhost:36775/__cypress/runner/cypress_runner.js:144197:19)\n    at onFailFn (http://localhost:36775/__cypress/runner/cypress_runner.js:132448:16)\n    at tryCatcher (http://localhost:36775/__cypress/runner/cypress_runner.js:167415:23)\n    at Promise._settlePromiseFromHandler (http://localhost:36775/__cypress/runner/cypress_runner.js:165351:31)\n    at Promise._settlePromise (http://localhost:36775/__cypress/runner/cypress_runner.js:165408:18)\n    at Promise._settlePromise0 (http://localhost:36775/__cypress/runner/cypress_runner.js:165453:10)\n    at Promise._settlePromises (http://localhost:36775/__cypress/runner/cypress_runner.js:165528:18)\n    at Async../node_modules/bluebird/js/release/async.js.Async._drainQueue (http://localhost:36775/__cypress/runner/cypress_runner.js:162140:16)\n    at Async../node_modules/bluebird/js/release/async.js.Async._drainQueues (http://localhost:36775/__cypress/runner/cypress_runner.js:162150:10)\n    at Async.drainQueues (http://localhost:36775/__cypress/runner/cypress_runner.js:162024:14)",
                "diff": null
              },
              "uuid": "90b56243-196c-4431-8845-cc3fb97e2a58",
              "parentUUID": "de4f9b63-f949-4a49-80b1-b76ac9e1f41b",
              "isHook": false,
              "skipped": false
            },
            {
              "title": "Verifica se a cor preta ainda está presente e é a primeira na sua paleta de cores",
              "fullTitle": "12 - Faça com que as cores da paleta sejam geradas aleatoriamente ao carregar a página. Verifica se a cor preta ainda está presente e é a primeira na sua paleta de cores",
              "timedOut": null,
              "duration": 4483,
              "state": "failed",
              "speed": null,
              "pass": false,
              "fail": true,
              "pending": false,
              "context": null,
              "code": "cy.get('.color').then(function (colors) {\n  var currentColors;\n  var previousColors;\n  previousColors = Array.from(colors).map(function (color) {\n    return Cypress.$(color).css('background-color');\n  });\n  expect(previousColors[0]).to.eq(BLACK);\n  for (var i = 0; i < 5; i += 1) {\n    cy.reload();\n    cy.get('.color').then(function (colors) {\n      currentColors = Array.from(colors).map(function (color) {\n        return Cypress.$(color).css('background-color');\n      });\n      expect(currentColors[0]).to.eq(BLACK);\n      expect(currentColors).not.to.deep.equal(previousColors);\n      previousColors = currentColors;\n    });\n  }\n});",
              "err": {
                "message": "CypressError: Timed out retrying: Expected to find element: '.color', but never found it.",
                "estack": "CypressError: Timed out retrying: Expected to find element: '.color', but never found it.\n    at cypressErr (http://localhost:36775/__cypress/runner/cypress_runner.js:149934:9)\n    at throwErr (http://localhost:36775/__cypress/runner/cypress_runner.js:149867:11)\n    at Object.throwErrByPath (http://localhost:36775/__cypress/runner/cypress_runner.js:149915:3)\n    at retry (http://localhost:36775/__cypress/runner/cypress_runner.js:144197:19)\n    at onFailFn (http://localhost:36775/__cypress/runner/cypress_runner.js:132448:16)\n    at tryCatcher (http://localhost:36775/__cypress/runner/cypress_runner.js:167415:23)\n    at Promise._settlePromiseFromHandler (http://localhost:36775/__cypress/runner/cypress_runner.js:165351:31)\n    at Promise._settlePromise (http://localhost:36775/__cypress/runner/cypress_runner.js:165408:18)\n    at Promise._settlePromise0 (http://localhost:36775/__cypress/runner/cypress_runner.js:165453:10)\n    at Promise._settlePromises (http://localhost:36775/__cypress/runner/cypress_runner.js:165528:18)\n    at Async../node_modules/bluebird/js/release/async.js.Async._drainQueue (http://localhost:36775/__cypress/runner/cypress_runner.js:162140:16)\n    at Async../node_modules/bluebird/js/release/async.js.Async._drainQueues (http://localhost:36775/__cypress/runner/cypress_runner.js:162150:10)\n    at Async.drainQueues (http://localhost:36775/__cypress/runner/cypress_runner.js:162024:14)",
                "diff": null
              },
              "uuid": "fa6aed20-552d-4917-87e5-086e22f1a958",
              "parentUUID": "de4f9b63-f949-4a49-80b1-b76ac9e1f41b",
              "isHook": false,
              "skipped": false
            }
          ],
          "suites": [],
          "passes": [],
          "failures": [
            "90b56243-196c-4431-8845-cc3fb97e2a58",
            "fa6aed20-552d-4917-87e5-086e22f1a958"
          ],
          "pending": [],
          "skipped": [],
          "duration": 8909,
          "root": false,
          "rootEmpty": false,
          "_timeout": 2000
        }
      ],
      "passes": [],
      "failures": [],
      "pending": [],
      "skipped": [],
      "duration": 0,
      "root": true,
      "rootEmpty": true,
      "_timeout": 2000
    }
  ],
  "meta": {
    "mocha": {
      "version": "7.0.1"
    },
    "mochawesome": {
      "options": {
        "quiet": false,
        "reportFilename": "mochawesome",
        "saveHtml": false,
        "saveJson": true,
        "consoleReporter": "spec",
        "useInlineDiffs": false
      },
      "version": "4.1.0"
    },
    "marge": {
      "options": {
        "id": "default",
        "reportDir": "cypress/reports",
        "overwrite": true,
        "html": false,
        "json": true
      },
      "version": "4.1.0"
    }
  }
}