{
  "stats": {
    "suites": 12,
    "tests": 41,
    "passes": 1,
    "pending": 0,
    "failures": 40,
    "start": "2021-09-10T17:57:26.191Z",
    "end": "2021-09-10T18:00:22.254Z",
    "duration": 176063,
    "testsRegistered": 41,
    "passPercent": 2.4390243902439024,
    "pendingPercent": 0,
    "other": 0,
    "hasOther": false,
    "skipped": 0,
    "hasSkipped": false
  },
  "results": [
    {
      "uuid": "8023e1a9-ebf9-4d93-a4bc-5426f792f697",
      "title": "",
      "fullFile": "cypress/integration/project.spec.js",
      "file": "cypress/integration/project.spec.js",
      "beforeHooks": [],
      "afterHooks": [],
      "tests": [],
      "suites": [
        {
          "uuid": "89f51a3b-94fd-4664-a604-9cf89c080848",
          "title": "1 - Adicione à página o título \"Paleta de Cores\".",
          "fullFile": "",
          "file": "",
          "beforeHooks": [],
          "afterHooks": [],
          "tests": [
            {
              "title": "Verifica se contém um elemento `h1` com o id `title` com o título correto",
              "fullTitle": "1 - Adicione à página o título \"Paleta de Cores\". Verifica se contém um elemento `h1` com o id `title` com o título correto",
              "timedOut": null,
              "duration": 381,
              "state": "passed",
              "speed": "slow",
              "pass": true,
              "fail": false,
              "pending": false,
              "context": null,
              "code": "cy.get('h1#title').should('contain.text', 'Paleta de Cores');",
              "err": {},
              "uuid": "08f07f58-5abf-4ad2-8ef2-fdf89015237f",
              "parentUUID": "89f51a3b-94fd-4664-a604-9cf89c080848",
              "isHook": false,
              "skipped": false
            }
          ],
          "suites": [],
          "passes": [
            "08f07f58-5abf-4ad2-8ef2-fdf89015237f"
          ],
          "failures": [],
          "pending": [],
          "skipped": [],
          "duration": 381,
          "root": false,
          "rootEmpty": false,
          "_timeout": 2000
        },
        {
          "uuid": "364aa7e1-c6de-422a-ad06-e25244bfa4ab",
          "title": "2 - Adicione à página uma paleta de quatro cores distintas.",
          "fullFile": "",
          "file": "",
          "beforeHooks": [],
          "afterHooks": [],
          "tests": [
            {
              "title": "A paleta de cores deve ser um elemento com `id` denominado `color-palette`",
              "fullTitle": "2 - Adicione à página uma paleta de quatro cores distintas. A paleta de cores deve ser um elemento com `id` denominado `color-palette`",
              "timedOut": null,
              "duration": 4262,
              "state": "failed",
              "speed": null,
              "pass": false,
              "fail": true,
              "pending": false,
              "context": null,
              "code": "cy.get('#color-palette').should('be.visible');\ncy.get('#color-palette').children('.color');",
              "err": {
                "message": "CypressError: Timed out retrying: Expected to find element: '#color-palette', but never found it.",
                "estack": "CypressError: Timed out retrying: Expected to find element: '#color-palette', but never found it.\n    at cypressErr (http://localhost:41487/__cypress/runner/cypress_runner.js:149934:9)\n    at throwErr (http://localhost:41487/__cypress/runner/cypress_runner.js:149867:11)\n    at Object.throwErrByPath (http://localhost:41487/__cypress/runner/cypress_runner.js:149915:3)\n    at retry (http://localhost:41487/__cypress/runner/cypress_runner.js:144197:19)\n    at onFailFn (http://localhost:41487/__cypress/runner/cypress_runner.js:132448:16)\n    at tryCatcher (http://localhost:41487/__cypress/runner/cypress_runner.js:167415:23)\n    at Promise._settlePromiseFromHandler (http://localhost:41487/__cypress/runner/cypress_runner.js:165351:31)\n    at Promise._settlePromise (http://localhost:41487/__cypress/runner/cypress_runner.js:165408:18)\n    at Promise._settlePromise0 (http://localhost:41487/__cypress/runner/cypress_runner.js:165453:10)\n    at Promise._settlePromises (http://localhost:41487/__cypress/runner/cypress_runner.js:165528:18)\n    at Async../node_modules/bluebird/js/release/async.js.Async._drainQueue (http://localhost:41487/__cypress/runner/cypress_runner.js:162140:16)\n    at Async../node_modules/bluebird/js/release/async.js.Async._drainQueues (http://localhost:41487/__cypress/runner/cypress_runner.js:162150:10)\n    at Async.drainQueues (http://localhost:41487/__cypress/runner/cypress_runner.js:162024:14)",
                "diff": null
              },
              "uuid": "28419669-d028-4bc3-b53b-caa49d0e627a",
              "parentUUID": "364aa7e1-c6de-422a-ad06-e25244bfa4ab",
              "isHook": false,
              "skipped": false
            },
            {
              "title": "Verifica se cada cor individual da paleta de cores possui a `classe` chamada `color`.",
              "fullTitle": "2 - Adicione à página uma paleta de quatro cores distintas. Verifica se cada cor individual da paleta de cores possui a `classe` chamada `color`.",
              "timedOut": null,
              "duration": 4321,
              "state": "failed",
              "speed": null,
              "pass": false,
              "fail": true,
              "pending": false,
              "context": null,
              "code": "cy.get('.color').should('have.length', 4).then(function (colors) {\n  for (var i = 0; i < colors.length; i++) {\n    cy.wrap(colors[i]).should('be.visible');\n  }\n});",
              "err": {
                "message": "CypressError: Timed out retrying: Expected to find element: '.color', but never found it.",
                "estack": "CypressError: Timed out retrying: Expected to find element: '.color', but never found it.\n    at cypressErr (http://localhost:41487/__cypress/runner/cypress_runner.js:149934:9)\n    at throwErr (http://localhost:41487/__cypress/runner/cypress_runner.js:149867:11)\n    at Object.throwErrByPath (http://localhost:41487/__cypress/runner/cypress_runner.js:149915:3)\n    at retry (http://localhost:41487/__cypress/runner/cypress_runner.js:144197:19)\n    at onFailFn (http://localhost:41487/__cypress/runner/cypress_runner.js:132448:16)\n    at tryCatcher (http://localhost:41487/__cypress/runner/cypress_runner.js:167415:23)\n    at Promise._settlePromiseFromHandler (http://localhost:41487/__cypress/runner/cypress_runner.js:165351:31)\n    at Promise._settlePromise (http://localhost:41487/__cypress/runner/cypress_runner.js:165408:18)\n    at Promise._settlePromise0 (http://localhost:41487/__cypress/runner/cypress_runner.js:165453:10)\n    at Promise._settlePromises (http://localhost:41487/__cypress/runner/cypress_runner.js:165528:18)\n    at Async../node_modules/bluebird/js/release/async.js.Async._drainQueue (http://localhost:41487/__cypress/runner/cypress_runner.js:162140:16)\n    at Async../node_modules/bluebird/js/release/async.js.Async._drainQueues (http://localhost:41487/__cypress/runner/cypress_runner.js:162150:10)\n    at Async.drainQueues (http://localhost:41487/__cypress/runner/cypress_runner.js:162024:14)",
                "diff": null
              },
              "uuid": "60d312f1-c911-4a44-863f-549f4c8b8719",
              "parentUUID": "364aa7e1-c6de-422a-ad06-e25244bfa4ab",
              "isHook": false,
              "skipped": false
            },
            {
              "title": "Verifica se a cor de fundo de cada elemento da paleta é a cor que o elemento representa. **A única cor não permitida na paleta é a cor branca.**",
              "fullTitle": "2 - Adicione à página uma paleta de quatro cores distintas. Verifica se a cor de fundo de cada elemento da paleta é a cor que o elemento representa. **A única cor não permitida na paleta é a cor branca.**",
              "timedOut": null,
              "duration": 4337,
              "state": "failed",
              "speed": null,
              "pass": false,
              "fail": true,
              "pending": false,
              "context": null,
              "code": "cy.get('.color').each(function (color) {\n  cy.wrap(color).should('have.class', 'color').and('not.have.css', 'background-color', WHITE);\n  cy.wrap(color).should('have.css', 'background-color');\n});",
              "err": {
                "message": "CypressError: Timed out retrying: Expected to find element: '.color', but never found it.",
                "estack": "CypressError: Timed out retrying: Expected to find element: '.color', but never found it.\n    at cypressErr (http://localhost:41487/__cypress/runner/cypress_runner.js:149934:9)\n    at throwErr (http://localhost:41487/__cypress/runner/cypress_runner.js:149867:11)\n    at Object.throwErrByPath (http://localhost:41487/__cypress/runner/cypress_runner.js:149915:3)\n    at retry (http://localhost:41487/__cypress/runner/cypress_runner.js:144197:19)\n    at onFailFn (http://localhost:41487/__cypress/runner/cypress_runner.js:132448:16)\n    at tryCatcher (http://localhost:41487/__cypress/runner/cypress_runner.js:167415:23)\n    at Promise._settlePromiseFromHandler (http://localhost:41487/__cypress/runner/cypress_runner.js:165351:31)\n    at Promise._settlePromise (http://localhost:41487/__cypress/runner/cypress_runner.js:165408:18)\n    at Promise._settlePromise0 (http://localhost:41487/__cypress/runner/cypress_runner.js:165453:10)\n    at Promise._settlePromises (http://localhost:41487/__cypress/runner/cypress_runner.js:165528:18)\n    at Async../node_modules/bluebird/js/release/async.js.Async._drainQueue (http://localhost:41487/__cypress/runner/cypress_runner.js:162140:16)\n    at Async../node_modules/bluebird/js/release/async.js.Async._drainQueues (http://localhost:41487/__cypress/runner/cypress_runner.js:162150:10)\n    at Async.drainQueues (http://localhost:41487/__cypress/runner/cypress_runner.js:162024:14)",
                "diff": null
              },
              "uuid": "d814005f-2727-4125-b065-b61e26b6514a",
              "parentUUID": "364aa7e1-c6de-422a-ad06-e25244bfa4ab",
              "isHook": false,
              "skipped": false
            },
            {
              "title": "Verifica se cada elemento da paleta de cores tem uma borda preta, sólida e com 1 pixel de largura;",
              "fullTitle": "2 - Adicione à página uma paleta de quatro cores distintas. Verifica se cada elemento da paleta de cores tem uma borda preta, sólida e com 1 pixel de largura;",
              "timedOut": null,
              "duration": 4253,
              "state": "failed",
              "speed": null,
              "pass": false,
              "fail": true,
              "pending": false,
              "context": null,
              "code": "cy.get('.color').each(function (color) {\n  cy.wrap(color).and('have.css', 'border', \"1px solid \".concat(BLACK)).and('have.class', 'color');\n});",
              "err": {
                "message": "CypressError: Timed out retrying: Expected to find element: '.color', but never found it.",
                "estack": "CypressError: Timed out retrying: Expected to find element: '.color', but never found it.\n    at cypressErr (http://localhost:41487/__cypress/runner/cypress_runner.js:149934:9)\n    at throwErr (http://localhost:41487/__cypress/runner/cypress_runner.js:149867:11)\n    at Object.throwErrByPath (http://localhost:41487/__cypress/runner/cypress_runner.js:149915:3)\n    at retry (http://localhost:41487/__cypress/runner/cypress_runner.js:144197:19)\n    at onFailFn (http://localhost:41487/__cypress/runner/cypress_runner.js:132448:16)\n    at tryCatcher (http://localhost:41487/__cypress/runner/cypress_runner.js:167415:23)\n    at Promise._settlePromiseFromHandler (http://localhost:41487/__cypress/runner/cypress_runner.js:165351:31)\n    at Promise._settlePromise (http://localhost:41487/__cypress/runner/cypress_runner.js:165408:18)\n    at Promise._settlePromise0 (http://localhost:41487/__cypress/runner/cypress_runner.js:165453:10)\n    at Promise._settlePromises (http://localhost:41487/__cypress/runner/cypress_runner.js:165528:18)\n    at Async../node_modules/bluebird/js/release/async.js.Async._drainQueue (http://localhost:41487/__cypress/runner/cypress_runner.js:162140:16)\n    at Async../node_modules/bluebird/js/release/async.js.Async._drainQueues (http://localhost:41487/__cypress/runner/cypress_runner.js:162150:10)\n    at Async.drainQueues (http://localhost:41487/__cypress/runner/cypress_runner.js:162024:14)",
                "diff": null
              },
              "uuid": "c9a560e4-f13b-4352-8390-323733aedc5d",
              "parentUUID": "364aa7e1-c6de-422a-ad06-e25244bfa4ab",
              "isHook": false,
              "skipped": false
            },
            {
              "title": "Verifica se a paleta lista todas as cores disponíveis para utilização, lado a lado.",
              "fullTitle": "2 - Adicione à página uma paleta de quatro cores distintas. Verifica se a paleta lista todas as cores disponíveis para utilização, lado a lado.",
              "timedOut": null,
              "duration": 4378,
              "state": "failed",
              "speed": null,
              "pass": false,
              "fail": true,
              "pending": false,
              "context": null,
              "code": "cy.get('.color').then(function (colors) {\n  for (var index = 1; index < colors.length; index += 1) {\n    var currentColor = colors[index];\n    var previousColor = colors[index - 1];\n    cy.wrap(currentColor).should('be.onTheRightOf', previousColor).and('be.horizontallyAlignedWith', previousColor);\n  }\n});",
              "err": {
                "message": "CypressError: Timed out retrying: Expected to find element: '.color', but never found it.",
                "estack": "CypressError: Timed out retrying: Expected to find element: '.color', but never found it.\n    at cypressErr (http://localhost:41487/__cypress/runner/cypress_runner.js:149934:9)\n    at throwErr (http://localhost:41487/__cypress/runner/cypress_runner.js:149867:11)\n    at Object.throwErrByPath (http://localhost:41487/__cypress/runner/cypress_runner.js:149915:3)\n    at retry (http://localhost:41487/__cypress/runner/cypress_runner.js:144197:19)\n    at onFailFn (http://localhost:41487/__cypress/runner/cypress_runner.js:132448:16)\n    at tryCatcher (http://localhost:41487/__cypress/runner/cypress_runner.js:167415:23)\n    at Promise._settlePromiseFromHandler (http://localhost:41487/__cypress/runner/cypress_runner.js:165351:31)\n    at Promise._settlePromise (http://localhost:41487/__cypress/runner/cypress_runner.js:165408:18)\n    at Promise._settlePromise0 (http://localhost:41487/__cypress/runner/cypress_runner.js:165453:10)\n    at Promise._settlePromises (http://localhost:41487/__cypress/runner/cypress_runner.js:165528:18)\n    at Async../node_modules/bluebird/js/release/async.js.Async._drainQueue (http://localhost:41487/__cypress/runner/cypress_runner.js:162140:16)\n    at Async../node_modules/bluebird/js/release/async.js.Async._drainQueues (http://localhost:41487/__cypress/runner/cypress_runner.js:162150:10)\n    at Async.drainQueues (http://localhost:41487/__cypress/runner/cypress_runner.js:162024:14)",
                "diff": null
              },
              "uuid": "0276c65a-fe23-464b-b859-88889e6f5518",
              "parentUUID": "364aa7e1-c6de-422a-ad06-e25244bfa4ab",
              "isHook": false,
              "skipped": false
            },
            {
              "title": "Verifica se a paleta de cores está posicionada abaixo do título 'Paleta de Cores'",
              "fullTitle": "2 - Adicione à página uma paleta de quatro cores distintas. Verifica se a paleta de cores está posicionada abaixo do título 'Paleta de Cores'",
              "timedOut": null,
              "duration": 4344,
              "state": "failed",
              "speed": null,
              "pass": false,
              "fail": true,
              "pending": false,
              "context": null,
              "code": "cy.get('h1#title').then(function (title) {\n  cy.get('#color-palette').should('be.belowOf', title);\n});",
              "err": {
                "message": "CypressError: Timed out retrying: Expected to find element: '#color-palette', but never found it.",
                "estack": "CypressError: Timed out retrying: Expected to find element: '#color-palette', but never found it.\n    at cypressErr (http://localhost:41487/__cypress/runner/cypress_runner.js:149934:9)\n    at throwErr (http://localhost:41487/__cypress/runner/cypress_runner.js:149867:11)\n    at Object.throwErrByPath (http://localhost:41487/__cypress/runner/cypress_runner.js:149915:3)\n    at retry (http://localhost:41487/__cypress/runner/cypress_runner.js:144197:19)\n    at onFailFn (http://localhost:41487/__cypress/runner/cypress_runner.js:132448:16)\n    at tryCatcher (http://localhost:41487/__cypress/runner/cypress_runner.js:167415:23)\n    at Promise._settlePromiseFromHandler (http://localhost:41487/__cypress/runner/cypress_runner.js:165351:31)\n    at Promise._settlePromise (http://localhost:41487/__cypress/runner/cypress_runner.js:165408:18)\n    at Promise._settlePromise0 (http://localhost:41487/__cypress/runner/cypress_runner.js:165453:10)\n    at Promise._settlePromises (http://localhost:41487/__cypress/runner/cypress_runner.js:165528:18)\n    at Async../node_modules/bluebird/js/release/async.js.Async._drainQueue (http://localhost:41487/__cypress/runner/cypress_runner.js:162140:16)\n    at Async../node_modules/bluebird/js/release/async.js.Async._drainQueues (http://localhost:41487/__cypress/runner/cypress_runner.js:162150:10)\n    at Async.drainQueues (http://localhost:41487/__cypress/runner/cypress_runner.js:162024:14)",
                "diff": null
              },
              "uuid": "06ee6918-bc8e-4179-8c01-1cb1aca4ae42",
              "parentUUID": "364aa7e1-c6de-422a-ad06-e25244bfa4ab",
              "isHook": false,
              "skipped": false
            },
            {
              "title": "Verifica se a paleta de cores não contém cores repetidas.",
              "fullTitle": "2 - Adicione à página uma paleta de quatro cores distintas. Verifica se a paleta de cores não contém cores repetidas.",
              "timedOut": null,
              "duration": 4386,
              "state": "failed",
              "speed": null,
              "pass": false,
              "fail": true,
              "pending": false,
              "context": null,
              "code": "cy.get('.color').then(function (colors) {\n  var allColors = Array.from(colors).map(function (color) {\n    return Cypress.$(color).css('background-color');\n  });\n  cy.log(allColors);\n  var uniqColors = (0, _toConsumableArray2[\"default\"])(new Set(allColors));\n  cy.log(uniqColors);\n  expect(allColors.length).to.eq(uniqColors.length);\n});",
              "err": {
                "message": "CypressError: Timed out retrying: Expected to find element: '.color', but never found it.",
                "estack": "CypressError: Timed out retrying: Expected to find element: '.color', but never found it.\n    at cypressErr (http://localhost:41487/__cypress/runner/cypress_runner.js:149934:9)\n    at throwErr (http://localhost:41487/__cypress/runner/cypress_runner.js:149867:11)\n    at Object.throwErrByPath (http://localhost:41487/__cypress/runner/cypress_runner.js:149915:3)\n    at retry (http://localhost:41487/__cypress/runner/cypress_runner.js:144197:19)\n    at onFailFn (http://localhost:41487/__cypress/runner/cypress_runner.js:132448:16)\n    at tryCatcher (http://localhost:41487/__cypress/runner/cypress_runner.js:167415:23)\n    at Promise._settlePromiseFromHandler (http://localhost:41487/__cypress/runner/cypress_runner.js:165351:31)\n    at Promise._settlePromise (http://localhost:41487/__cypress/runner/cypress_runner.js:165408:18)\n    at Promise._settlePromise0 (http://localhost:41487/__cypress/runner/cypress_runner.js:165453:10)\n    at Promise._settlePromises (http://localhost:41487/__cypress/runner/cypress_runner.js:165528:18)\n    at Async../node_modules/bluebird/js/release/async.js.Async._drainQueue (http://localhost:41487/__cypress/runner/cypress_runner.js:162140:16)\n    at Async../node_modules/bluebird/js/release/async.js.Async._drainQueues (http://localhost:41487/__cypress/runner/cypress_runner.js:162150:10)\n    at Async.drainQueues (http://localhost:41487/__cypress/runner/cypress_runner.js:162024:14)",
                "diff": null
              },
              "uuid": "a4f28ce6-229b-4f77-8421-63ebee8dab4e",
              "parentUUID": "364aa7e1-c6de-422a-ad06-e25244bfa4ab",
              "isHook": false,
              "skipped": false
            }
          ],
          "suites": [],
          "passes": [],
          "failures": [
            "28419669-d028-4bc3-b53b-caa49d0e627a",
            "60d312f1-c911-4a44-863f-549f4c8b8719",
            "d814005f-2727-4125-b065-b61e26b6514a",
            "c9a560e4-f13b-4352-8390-323733aedc5d",
            "0276c65a-fe23-464b-b859-88889e6f5518",
            "06ee6918-bc8e-4179-8c01-1cb1aca4ae42",
            "a4f28ce6-229b-4f77-8421-63ebee8dab4e"
          ],
          "pending": [],
          "skipped": [],
          "duration": 30281,
          "root": false,
          "rootEmpty": false,
          "_timeout": 2000
        },
        {
          "uuid": "535e2a8d-0a74-4b8b-b143-c799ac11656e",
          "title": "3 - Adicione a cor **preta** como a primeira cor da paleta de cores.",
          "fullFile": "",
          "file": "",
          "beforeHooks": [],
          "afterHooks": [],
          "tests": [
            {
              "title": "Verifica se a primeira cor da paleta é preta",
              "fullTitle": "3 - Adicione a cor **preta** como a primeira cor da paleta de cores. Verifica se a primeira cor da paleta é preta",
              "timedOut": null,
              "duration": 4420,
              "state": "failed",
              "speed": null,
              "pass": false,
              "fail": true,
              "pending": false,
              "context": null,
              "code": "cy.get('.color').first().should('have.css', 'background-color', BLACK);",
              "err": {
                "message": "CypressError: Timed out retrying: Expected to find element: '.color', but never found it.",
                "estack": "CypressError: Timed out retrying: Expected to find element: '.color', but never found it.\n    at cypressErr (http://localhost:41487/__cypress/runner/cypress_runner.js:149934:9)\n    at throwErr (http://localhost:41487/__cypress/runner/cypress_runner.js:149867:11)\n    at Object.throwErrByPath (http://localhost:41487/__cypress/runner/cypress_runner.js:149915:3)\n    at retry (http://localhost:41487/__cypress/runner/cypress_runner.js:144197:19)\n    at onFailFn (http://localhost:41487/__cypress/runner/cypress_runner.js:132448:16)\n    at tryCatcher (http://localhost:41487/__cypress/runner/cypress_runner.js:167415:23)\n    at Promise._settlePromiseFromHandler (http://localhost:41487/__cypress/runner/cypress_runner.js:165351:31)\n    at Promise._settlePromise (http://localhost:41487/__cypress/runner/cypress_runner.js:165408:18)\n    at Promise._settlePromise0 (http://localhost:41487/__cypress/runner/cypress_runner.js:165453:10)\n    at Promise._settlePromises (http://localhost:41487/__cypress/runner/cypress_runner.js:165528:18)\n    at Async../node_modules/bluebird/js/release/async.js.Async._drainQueue (http://localhost:41487/__cypress/runner/cypress_runner.js:162140:16)\n    at Async../node_modules/bluebird/js/release/async.js.Async._drainQueues (http://localhost:41487/__cypress/runner/cypress_runner.js:162150:10)\n    at Async.drainQueues (http://localhost:41487/__cypress/runner/cypress_runner.js:162024:14)",
                "diff": null
              },
              "uuid": "96e8cfee-d89b-4e25-9a77-62dfd99a7794",
              "parentUUID": "535e2a8d-0a74-4b8b-b143-c799ac11656e",
              "isHook": false,
              "skipped": false
            },
            {
              "title": "Verifica se as demais cores podem ser escolhidas livremente.",
              "fullTitle": "3 - Adicione a cor **preta** como a primeira cor da paleta de cores. Verifica se as demais cores podem ser escolhidas livremente.",
              "timedOut": null,
              "duration": 4399,
              "state": "failed",
              "speed": null,
              "pass": false,
              "fail": true,
              "pending": false,
              "context": null,
              "code": "cy.get('.color').eq(1).should('not.have.css', 'background-color', BLACK);\ncy.get('.color').eq(1).should('not.have.css', 'background-color', WHITE);\ncy.get('.color').eq(1).should('not.have.css', 'background-color', 'rgba(0, 0, 0, 0)');\ncy.get('.color').eq(1).should('have.css', 'background-color');\ncy.get('.color').eq(2).should('not.have.css', 'background-color', BLACK);\ncy.get('.color').eq(2).should('not.have.css', 'background-color', WHITE);\ncy.get('.color').eq(2).should('not.have.css', 'background-color', 'rgba(0, 0, 0, 0)');\ncy.get('.color').eq(2).should('have.css', 'background-color');\ncy.get('.color').eq(3).should('not.have.css', 'background-color', BLACK);\ncy.get('.color').eq(3).should('not.have.css', 'background-color', WHITE);\ncy.get('.color').eq(3).should('not.have.css', 'background-color', 'rgba(0, 0, 0, 0)');\ncy.get('.color').eq(3).should('have.css', 'background-color');",
              "err": {
                "message": "CypressError: Timed out retrying: Expected to find element: '.color', but never found it.",
                "estack": "CypressError: Timed out retrying: Expected to find element: '.color', but never found it.\n    at cypressErr (http://localhost:41487/__cypress/runner/cypress_runner.js:149934:9)\n    at throwErr (http://localhost:41487/__cypress/runner/cypress_runner.js:149867:11)\n    at Object.throwErrByPath (http://localhost:41487/__cypress/runner/cypress_runner.js:149915:3)\n    at retry (http://localhost:41487/__cypress/runner/cypress_runner.js:144197:19)\n    at onFailFn (http://localhost:41487/__cypress/runner/cypress_runner.js:132448:16)\n    at tryCatcher (http://localhost:41487/__cypress/runner/cypress_runner.js:167415:23)\n    at Promise._settlePromiseFromHandler (http://localhost:41487/__cypress/runner/cypress_runner.js:165351:31)\n    at Promise._settlePromise (http://localhost:41487/__cypress/runner/cypress_runner.js:165408:18)\n    at Promise._settlePromise0 (http://localhost:41487/__cypress/runner/cypress_runner.js:165453:10)\n    at Promise._settlePromises (http://localhost:41487/__cypress/runner/cypress_runner.js:165528:18)\n    at Async../node_modules/bluebird/js/release/async.js.Async._drainQueue (http://localhost:41487/__cypress/runner/cypress_runner.js:162140:16)\n    at Async../node_modules/bluebird/js/release/async.js.Async._drainQueues (http://localhost:41487/__cypress/runner/cypress_runner.js:162150:10)\n    at Async.drainQueues (http://localhost:41487/__cypress/runner/cypress_runner.js:162024:14)",
                "diff": null
              },
              "uuid": "af2593c6-f022-44d0-a897-854f51571739",
              "parentUUID": "535e2a8d-0a74-4b8b-b143-c799ac11656e",
              "isHook": false,
              "skipped": false
            }
          ],
          "suites": [],
          "passes": [],
          "failures": [
            "96e8cfee-d89b-4e25-9a77-62dfd99a7794",
            "af2593c6-f022-44d0-a897-854f51571739"
          ],
          "pending": [],
          "skipped": [],
          "duration": 8819,
          "root": false,
          "rootEmpty": false,
          "_timeout": 2000
        },
        {
          "uuid": "7ed11c71-f3b9-47e6-9183-6cf30f4949d6",
          "title": "4 - Adicione à página um quadro de pixels, com 25 pixels.",
          "fullFile": "",
          "file": "",
          "beforeHooks": [],
          "afterHooks": [],
          "tests": [
            {
              "title": "Verifica se o quadro de pixels possui o `id` denominado `pixel-board`",
              "fullTitle": "4 - Adicione à página um quadro de pixels, com 25 pixels. Verifica se o quadro de pixels possui o `id` denominado `pixel-board`",
              "timedOut": null,
              "duration": 4353,
              "state": "failed",
              "speed": null,
              "pass": false,
              "fail": true,
              "pending": false,
              "context": null,
              "code": "cy.get('#pixel-board').should('be.visible');",
              "err": {
                "message": "CypressError: Timed out retrying: Expected to find element: '#pixel-board', but never found it.",
                "estack": "CypressError: Timed out retrying: Expected to find element: '#pixel-board', but never found it.\n    at cypressErr (http://localhost:41487/__cypress/runner/cypress_runner.js:149934:9)\n    at throwErr (http://localhost:41487/__cypress/runner/cypress_runner.js:149867:11)\n    at Object.throwErrByPath (http://localhost:41487/__cypress/runner/cypress_runner.js:149915:3)\n    at retry (http://localhost:41487/__cypress/runner/cypress_runner.js:144197:19)\n    at onFailFn (http://localhost:41487/__cypress/runner/cypress_runner.js:132448:16)\n    at tryCatcher (http://localhost:41487/__cypress/runner/cypress_runner.js:167415:23)\n    at Promise._settlePromiseFromHandler (http://localhost:41487/__cypress/runner/cypress_runner.js:165351:31)\n    at Promise._settlePromise (http://localhost:41487/__cypress/runner/cypress_runner.js:165408:18)\n    at Promise._settlePromise0 (http://localhost:41487/__cypress/runner/cypress_runner.js:165453:10)\n    at Promise._settlePromises (http://localhost:41487/__cypress/runner/cypress_runner.js:165528:18)\n    at Async../node_modules/bluebird/js/release/async.js.Async._drainQueue (http://localhost:41487/__cypress/runner/cypress_runner.js:162140:16)\n    at Async../node_modules/bluebird/js/release/async.js.Async._drainQueues (http://localhost:41487/__cypress/runner/cypress_runner.js:162150:10)\n    at Async.drainQueues (http://localhost:41487/__cypress/runner/cypress_runner.js:162024:14)",
                "diff": null
              },
              "uuid": "7b3d6605-90da-4fce-9ad2-382bdbf7685f",
              "parentUUID": "7ed11c71-f3b9-47e6-9183-6cf30f4949d6",
              "isHook": false,
              "skipped": false
            },
            {
              "title": "Verifica se cada pixel individual dentro do quadro possui a `classe` denominada `pixel`.",
              "fullTitle": "4 - Adicione à página um quadro de pixels, com 25 pixels. Verifica se cada pixel individual dentro do quadro possui a `classe` denominada `pixel`.",
              "timedOut": null,
              "duration": 4327,
              "state": "failed",
              "speed": null,
              "pass": false,
              "fail": true,
              "pending": false,
              "context": null,
              "code": "cy.get('.pixel').should('have.length', 25);",
              "err": {
                "message": "CypressError: Timed out retrying: Expected to find element: '.pixel', but never found it.",
                "estack": "CypressError: Timed out retrying: Expected to find element: '.pixel', but never found it.\n    at cypressErr (http://localhost:41487/__cypress/runner/cypress_runner.js:149934:9)\n    at throwErr (http://localhost:41487/__cypress/runner/cypress_runner.js:149867:11)\n    at Object.throwErrByPath (http://localhost:41487/__cypress/runner/cypress_runner.js:149915:3)\n    at retry (http://localhost:41487/__cypress/runner/cypress_runner.js:144197:19)\n    at onFailFn (http://localhost:41487/__cypress/runner/cypress_runner.js:132448:16)\n    at tryCatcher (http://localhost:41487/__cypress/runner/cypress_runner.js:167415:23)\n    at Promise._settlePromiseFromHandler (http://localhost:41487/__cypress/runner/cypress_runner.js:165351:31)\n    at Promise._settlePromise (http://localhost:41487/__cypress/runner/cypress_runner.js:165408:18)\n    at Promise._settlePromise0 (http://localhost:41487/__cypress/runner/cypress_runner.js:165453:10)\n    at Promise._settlePromises (http://localhost:41487/__cypress/runner/cypress_runner.js:165528:18)\n    at Async../node_modules/bluebird/js/release/async.js.Async._drainQueue (http://localhost:41487/__cypress/runner/cypress_runner.js:162140:16)\n    at Async../node_modules/bluebird/js/release/async.js.Async._drainQueues (http://localhost:41487/__cypress/runner/cypress_runner.js:162150:10)\n    at Async.drainQueues (http://localhost:41487/__cypress/runner/cypress_runner.js:162024:14)",
                "diff": null
              },
              "uuid": "a5eae522-b320-443c-90af-e5c43354dde4",
              "parentUUID": "7ed11c71-f3b9-47e6-9183-6cf30f4949d6",
              "isHook": false,
              "skipped": false
            },
            {
              "title": "Verifica se a cor inicial dos pixels dentro do quadro, ao abrir a página, é branca.",
              "fullTitle": "4 - Adicione à página um quadro de pixels, com 25 pixels. Verifica se a cor inicial dos pixels dentro do quadro, ao abrir a página, é branca.",
              "timedOut": null,
              "duration": 4292,
              "state": "failed",
              "speed": null,
              "pass": false,
              "fail": true,
              "pending": false,
              "context": null,
              "code": "cy.get('.pixel').should('have.length', 25).each(function (pixel) {\n  expect(pixel).to.have.css('background-color', WHITE);\n});",
              "err": {
                "message": "CypressError: Timed out retrying: Expected to find element: '.pixel', but never found it.",
                "estack": "CypressError: Timed out retrying: Expected to find element: '.pixel', but never found it.\n    at cypressErr (http://localhost:41487/__cypress/runner/cypress_runner.js:149934:9)\n    at throwErr (http://localhost:41487/__cypress/runner/cypress_runner.js:149867:11)\n    at Object.throwErrByPath (http://localhost:41487/__cypress/runner/cypress_runner.js:149915:3)\n    at retry (http://localhost:41487/__cypress/runner/cypress_runner.js:144197:19)\n    at onFailFn (http://localhost:41487/__cypress/runner/cypress_runner.js:132448:16)\n    at tryCatcher (http://localhost:41487/__cypress/runner/cypress_runner.js:167415:23)\n    at Promise._settlePromiseFromHandler (http://localhost:41487/__cypress/runner/cypress_runner.js:165351:31)\n    at Promise._settlePromise (http://localhost:41487/__cypress/runner/cypress_runner.js:165408:18)\n    at Promise._settlePromise0 (http://localhost:41487/__cypress/runner/cypress_runner.js:165453:10)\n    at Promise._settlePromises (http://localhost:41487/__cypress/runner/cypress_runner.js:165528:18)\n    at Async../node_modules/bluebird/js/release/async.js.Async._drainQueue (http://localhost:41487/__cypress/runner/cypress_runner.js:162140:16)\n    at Async../node_modules/bluebird/js/release/async.js.Async._drainQueues (http://localhost:41487/__cypress/runner/cypress_runner.js:162150:10)\n    at Async.drainQueues (http://localhost:41487/__cypress/runner/cypress_runner.js:162024:14)",
                "diff": null
              },
              "uuid": "2c61d200-05e4-4313-9132-f683a89f6ce2",
              "parentUUID": "7ed11c71-f3b9-47e6-9183-6cf30f4949d6",
              "isHook": false,
              "skipped": false
            },
            {
              "title": "Verifica se o quadro de pixels aparece abaixo da paleta de cores",
              "fullTitle": "4 - Adicione à página um quadro de pixels, com 25 pixels. Verifica se o quadro de pixels aparece abaixo da paleta de cores",
              "timedOut": null,
              "duration": 4377,
              "state": "failed",
              "speed": null,
              "pass": false,
              "fail": true,
              "pending": false,
              "context": null,
              "code": "cy.get('#color-palette').then(function (palette) {\n  cy.get('#pixel-board').should('be.belowOf', palette);\n});",
              "err": {
                "message": "CypressError: Timed out retrying: Expected to find element: '#color-palette', but never found it.",
                "estack": "CypressError: Timed out retrying: Expected to find element: '#color-palette', but never found it.\n    at cypressErr (http://localhost:41487/__cypress/runner/cypress_runner.js:149934:9)\n    at throwErr (http://localhost:41487/__cypress/runner/cypress_runner.js:149867:11)\n    at Object.throwErrByPath (http://localhost:41487/__cypress/runner/cypress_runner.js:149915:3)\n    at retry (http://localhost:41487/__cypress/runner/cypress_runner.js:144197:19)\n    at onFailFn (http://localhost:41487/__cypress/runner/cypress_runner.js:132448:16)\n    at tryCatcher (http://localhost:41487/__cypress/runner/cypress_runner.js:167415:23)\n    at Promise._settlePromiseFromHandler (http://localhost:41487/__cypress/runner/cypress_runner.js:165351:31)\n    at Promise._settlePromise (http://localhost:41487/__cypress/runner/cypress_runner.js:165408:18)\n    at Promise._settlePromise0 (http://localhost:41487/__cypress/runner/cypress_runner.js:165453:10)\n    at Promise._settlePromises (http://localhost:41487/__cypress/runner/cypress_runner.js:165528:18)\n    at Async../node_modules/bluebird/js/release/async.js.Async._drainQueue (http://localhost:41487/__cypress/runner/cypress_runner.js:162140:16)\n    at Async../node_modules/bluebird/js/release/async.js.Async._drainQueues (http://localhost:41487/__cypress/runner/cypress_runner.js:162150:10)\n    at Async.drainQueues (http://localhost:41487/__cypress/runner/cypress_runner.js:162024:14)",
                "diff": null
              },
              "uuid": "e16bf5a7-5198-4604-a161-bda7ab3e08bc",
              "parentUUID": "7ed11c71-f3b9-47e6-9183-6cf30f4949d6",
              "isHook": false,
              "skipped": false
            }
          ],
          "suites": [],
          "passes": [],
          "failures": [
            "7b3d6605-90da-4fce-9ad2-382bdbf7685f",
            "a5eae522-b320-443c-90af-e5c43354dde4",
            "2c61d200-05e4-4313-9132-f683a89f6ce2",
            "e16bf5a7-5198-4604-a161-bda7ab3e08bc"
          ],
          "pending": [],
          "skipped": [],
          "duration": 17349,
          "root": false,
          "rootEmpty": false,
          "_timeout": 2000
        },
        {
          "uuid": "5fc60fad-7d42-47f7-8590-9a0eeaa7019c",
          "title": "5 - Faça com que cada elemento do quadro de pixels possua 40 pixels de largura, 40 pixels de altura e seja delimitado por uma borda preta de 1 pixel.",
          "fullFile": "",
          "file": "",
          "beforeHooks": [],
          "afterHooks": [],
          "tests": [
            {
              "title": "Verifica se o quadro de pixels tem altura e comprimento de 5 elementos",
              "fullTitle": "5 - Faça com que cada elemento do quadro de pixels possua 40 pixels de largura, 40 pixels de altura e seja delimitado por uma borda preta de 1 pixel. Verifica se o quadro de pixels tem altura e comprimento de 5 elementos",
              "timedOut": null,
              "duration": 4387,
              "state": "failed",
              "speed": null,
              "pass": false,
              "fail": true,
              "pending": false,
              "context": null,
              "code": "cy.get('.pixel').should('have.length', 25).each(function (pixel) {\n  expect(pixel).to.have.css('background-color', WHITE);\n}).and(function (pixels) {\n  var rows = chunk(pixels, 5);\n  rows.forEach(function (row) {\n    for (var index = 1; index < row.length; index += 1) {\n      var current = pixels[index];\n      var previous = pixels[index - 1];\n      cy.wrap(current).should('be.onTheRightOf', previous).and('be.horizontallyAlignedWith', previous);\n    }\n  });\n  for (var index = 1; index < 5; index += 1) {\n    expect(pixels[index * 5]).to.be.belowOf(pixels[(index - 1) * 5]);\n  }\n});",
              "err": {
                "message": "CypressError: Timed out retrying: Expected to find element: '.pixel', but never found it.",
                "estack": "CypressError: Timed out retrying: Expected to find element: '.pixel', but never found it.\n    at cypressErr (http://localhost:41487/__cypress/runner/cypress_runner.js:149934:9)\n    at throwErr (http://localhost:41487/__cypress/runner/cypress_runner.js:149867:11)\n    at Object.throwErrByPath (http://localhost:41487/__cypress/runner/cypress_runner.js:149915:3)\n    at retry (http://localhost:41487/__cypress/runner/cypress_runner.js:144197:19)\n    at onFailFn (http://localhost:41487/__cypress/runner/cypress_runner.js:132448:16)\n    at tryCatcher (http://localhost:41487/__cypress/runner/cypress_runner.js:167415:23)\n    at Promise._settlePromiseFromHandler (http://localhost:41487/__cypress/runner/cypress_runner.js:165351:31)\n    at Promise._settlePromise (http://localhost:41487/__cypress/runner/cypress_runner.js:165408:18)\n    at Promise._settlePromise0 (http://localhost:41487/__cypress/runner/cypress_runner.js:165453:10)\n    at Promise._settlePromises (http://localhost:41487/__cypress/runner/cypress_runner.js:165528:18)\n    at Async../node_modules/bluebird/js/release/async.js.Async._drainQueue (http://localhost:41487/__cypress/runner/cypress_runner.js:162140:16)\n    at Async../node_modules/bluebird/js/release/async.js.Async._drainQueues (http://localhost:41487/__cypress/runner/cypress_runner.js:162150:10)\n    at Async.drainQueues (http://localhost:41487/__cypress/runner/cypress_runner.js:162024:14)",
                "diff": null
              },
              "uuid": "80e131c1-9094-48f5-afc7-7b3e4a59624c",
              "parentUUID": "5fc60fad-7d42-47f7-8590-9a0eeaa7019c",
              "isHook": false,
              "skipped": false
            },
            {
              "title": "Verifica se 40 pixels é o tamanho total do elemento, incluindo seu conteúdo e excluindo a borda preta, que deve ser criada à parte.",
              "fullTitle": "5 - Faça com que cada elemento do quadro de pixels possua 40 pixels de largura, 40 pixels de altura e seja delimitado por uma borda preta de 1 pixel. Verifica se 40 pixels é o tamanho total do elemento, incluindo seu conteúdo e excluindo a borda preta, que deve ser criada à parte.",
              "timedOut": null,
              "duration": 4255,
              "state": "failed",
              "speed": null,
              "pass": false,
              "fail": true,
              "pending": false,
              "context": null,
              "code": "cy.get('.pixel').each(function (pixel) {\n  cy.wrap(pixel).should('have.css', 'height', '40px').and('have.css', 'width', '40px').and('have.css', 'border', \"1px solid \".concat(BLACK));\n});",
              "err": {
                "message": "CypressError: Timed out retrying: Expected to find element: '.pixel', but never found it.",
                "estack": "CypressError: Timed out retrying: Expected to find element: '.pixel', but never found it.\n    at cypressErr (http://localhost:41487/__cypress/runner/cypress_runner.js:149934:9)\n    at throwErr (http://localhost:41487/__cypress/runner/cypress_runner.js:149867:11)\n    at Object.throwErrByPath (http://localhost:41487/__cypress/runner/cypress_runner.js:149915:3)\n    at retry (http://localhost:41487/__cypress/runner/cypress_runner.js:144197:19)\n    at onFailFn (http://localhost:41487/__cypress/runner/cypress_runner.js:132448:16)\n    at tryCatcher (http://localhost:41487/__cypress/runner/cypress_runner.js:167415:23)\n    at Promise._settlePromiseFromHandler (http://localhost:41487/__cypress/runner/cypress_runner.js:165351:31)\n    at Promise._settlePromise (http://localhost:41487/__cypress/runner/cypress_runner.js:165408:18)\n    at Promise._settlePromise0 (http://localhost:41487/__cypress/runner/cypress_runner.js:165453:10)\n    at Promise._settlePromises (http://localhost:41487/__cypress/runner/cypress_runner.js:165528:18)\n    at Async../node_modules/bluebird/js/release/async.js.Async._drainQueue (http://localhost:41487/__cypress/runner/cypress_runner.js:162140:16)\n    at Async../node_modules/bluebird/js/release/async.js.Async._drainQueues (http://localhost:41487/__cypress/runner/cypress_runner.js:162150:10)\n    at Async.drainQueues (http://localhost:41487/__cypress/runner/cypress_runner.js:162024:14)",
                "diff": null
              },
              "uuid": "228e53d2-fba6-4b50-b9c1-e8103b377832",
              "parentUUID": "5fc60fad-7d42-47f7-8590-9a0eeaa7019c",
              "isHook": false,
              "skipped": false
            }
          ],
          "suites": [],
          "passes": [],
          "failures": [
            "80e131c1-9094-48f5-afc7-7b3e4a59624c",
            "228e53d2-fba6-4b50-b9c1-e8103b377832"
          ],
          "pending": [],
          "skipped": [],
          "duration": 8642,
          "root": false,
          "rootEmpty": false,
          "_timeout": 2000
        },
        {
          "uuid": "81b766c9-5cf3-4e8f-b65c-e3bd8d52f155",
          "title": "6 - Defina a cor preta como cor inicial. Ao carregar a página a cor preta já deve estar selecionada para pintar os pixels",
          "fullFile": "",
          "file": "",
          "beforeHooks": [],
          "afterHooks": [],
          "tests": [
            {
              "title": "Verifica se o elemento da cor preta possui, inicialmente, a `classe` `selected`",
              "fullTitle": "6 - Defina a cor preta como cor inicial. Ao carregar a página a cor preta já deve estar selecionada para pintar os pixels Verifica se o elemento da cor preta possui, inicialmente, a `classe` `selected`",
              "timedOut": null,
              "duration": 4300,
              "state": "failed",
              "speed": null,
              "pass": false,
              "fail": true,
              "pending": false,
              "context": null,
              "code": "cy.get('.selected').first().should('have.css', 'background-color', BLACK);",
              "err": {
                "message": "CypressError: Timed out retrying: Expected to find element: '.selected', but never found it.",
                "estack": "CypressError: Timed out retrying: Expected to find element: '.selected', but never found it.\n    at cypressErr (http://localhost:41487/__cypress/runner/cypress_runner.js:149934:9)\n    at throwErr (http://localhost:41487/__cypress/runner/cypress_runner.js:149867:11)\n    at Object.throwErrByPath (http://localhost:41487/__cypress/runner/cypress_runner.js:149915:3)\n    at retry (http://localhost:41487/__cypress/runner/cypress_runner.js:144197:19)\n    at onFailFn (http://localhost:41487/__cypress/runner/cypress_runner.js:132448:16)\n    at tryCatcher (http://localhost:41487/__cypress/runner/cypress_runner.js:167415:23)\n    at Promise._settlePromiseFromHandler (http://localhost:41487/__cypress/runner/cypress_runner.js:165351:31)\n    at Promise._settlePromise (http://localhost:41487/__cypress/runner/cypress_runner.js:165408:18)\n    at Promise._settlePromise0 (http://localhost:41487/__cypress/runner/cypress_runner.js:165453:10)\n    at Promise._settlePromises (http://localhost:41487/__cypress/runner/cypress_runner.js:165528:18)\n    at Async../node_modules/bluebird/js/release/async.js.Async._drainQueue (http://localhost:41487/__cypress/runner/cypress_runner.js:162140:16)\n    at Async../node_modules/bluebird/js/release/async.js.Async._drainQueues (http://localhost:41487/__cypress/runner/cypress_runner.js:162150:10)\n    at Async.drainQueues (http://localhost:41487/__cypress/runner/cypress_runner.js:162024:14)",
                "diff": null
              },
              "uuid": "d71bf159-bcde-403d-a4be-809df77a451d",
              "parentUUID": "81b766c9-5cf3-4e8f-b65c-e3bd8d52f155",
              "isHook": false,
              "skipped": false
            },
            {
              "title": "Verifica se nenhuma outra cor da paleta tem a `classe` `selected`",
              "fullTitle": "6 - Defina a cor preta como cor inicial. Ao carregar a página a cor preta já deve estar selecionada para pintar os pixels Verifica se nenhuma outra cor da paleta tem a `classe` `selected`",
              "timedOut": null,
              "duration": 4273,
              "state": "failed",
              "speed": null,
              "pass": false,
              "fail": true,
              "pending": false,
              "context": null,
              "code": "cy.get('.color:not(:first-child)').each(function (color) {\n  cy.wrap(color).should('not.have.class', 'selected');\n});",
              "err": {
                "message": "CypressError: Timed out retrying: Expected to find element: '.color:not(:first-child)', but never found it.",
                "estack": "CypressError: Timed out retrying: Expected to find element: '.color:not(:first-child)', but never found it.\n    at cypressErr (http://localhost:41487/__cypress/runner/cypress_runner.js:149934:9)\n    at throwErr (http://localhost:41487/__cypress/runner/cypress_runner.js:149867:11)\n    at Object.throwErrByPath (http://localhost:41487/__cypress/runner/cypress_runner.js:149915:3)\n    at retry (http://localhost:41487/__cypress/runner/cypress_runner.js:144197:19)\n    at onFailFn (http://localhost:41487/__cypress/runner/cypress_runner.js:132448:16)\n    at tryCatcher (http://localhost:41487/__cypress/runner/cypress_runner.js:167415:23)\n    at Promise._settlePromiseFromHandler (http://localhost:41487/__cypress/runner/cypress_runner.js:165351:31)\n    at Promise._settlePromise (http://localhost:41487/__cypress/runner/cypress_runner.js:165408:18)\n    at Promise._settlePromise0 (http://localhost:41487/__cypress/runner/cypress_runner.js:165453:10)\n    at Promise._settlePromises (http://localhost:41487/__cypress/runner/cypress_runner.js:165528:18)\n    at Async../node_modules/bluebird/js/release/async.js.Async._drainQueue (http://localhost:41487/__cypress/runner/cypress_runner.js:162140:16)\n    at Async../node_modules/bluebird/js/release/async.js.Async._drainQueues (http://localhost:41487/__cypress/runner/cypress_runner.js:162150:10)\n    at Async.drainQueues (http://localhost:41487/__cypress/runner/cypress_runner.js:162024:14)",
                "diff": null
              },
              "uuid": "0bd91472-3619-451e-b85f-0419cf678208",
              "parentUUID": "81b766c9-5cf3-4e8f-b65c-e3bd8d52f155",
              "isHook": false,
              "skipped": false
            }
          ],
          "suites": [],
          "passes": [],
          "failures": [
            "d71bf159-bcde-403d-a4be-809df77a451d",
            "0bd91472-3619-451e-b85f-0419cf678208"
          ],
          "pending": [],
          "skipped": [],
          "duration": 8573,
          "root": false,
          "rootEmpty": false,
          "_timeout": 2000
        },
        {
          "uuid": "6ce45005-459c-40bc-9b08-fef3c7bffef6",
          "title": "7 - Clicar em uma das cores da paleta, faz com que ela seja selecionada e utilizada para preencher os pixels no quadro.",
          "fullFile": "",
          "file": "",
          "beforeHooks": [],
          "afterHooks": [],
          "tests": [
            {
              "title": "Verifica se somente uma cor da paleta de cores tem a classe `selected` de cada vez",
              "fullTitle": "7 - Clicar em uma das cores da paleta, faz com que ela seja selecionada e utilizada para preencher os pixels no quadro. Verifica se somente uma cor da paleta de cores tem a classe `selected` de cada vez",
              "timedOut": null,
              "duration": 4427,
              "state": "failed",
              "speed": null,
              "pass": false,
              "fail": true,
              "pending": false,
              "context": null,
              "code": "cy.get('.color').each(function (selectedColor, selectedColorIndex) {\n  cy.wrap(selectedColor).click();\n  cy.get('.color').each(function (color, colorIndex) {\n    if (colorIndex === selectedColorIndex) {\n      expect(color).to.have[\"class\"]('selected');\n    } else {\n      expect(color).not.to.have[\"class\"]('selected');\n    }\n  });\n});",
              "err": {
                "message": "CypressError: Timed out retrying: Expected to find element: '.color', but never found it.",
                "estack": "CypressError: Timed out retrying: Expected to find element: '.color', but never found it.\n    at cypressErr (http://localhost:41487/__cypress/runner/cypress_runner.js:149934:9)\n    at throwErr (http://localhost:41487/__cypress/runner/cypress_runner.js:149867:11)\n    at Object.throwErrByPath (http://localhost:41487/__cypress/runner/cypress_runner.js:149915:3)\n    at retry (http://localhost:41487/__cypress/runner/cypress_runner.js:144197:19)\n    at onFailFn (http://localhost:41487/__cypress/runner/cypress_runner.js:132448:16)\n    at tryCatcher (http://localhost:41487/__cypress/runner/cypress_runner.js:167415:23)\n    at Promise._settlePromiseFromHandler (http://localhost:41487/__cypress/runner/cypress_runner.js:165351:31)\n    at Promise._settlePromise (http://localhost:41487/__cypress/runner/cypress_runner.js:165408:18)\n    at Promise._settlePromise0 (http://localhost:41487/__cypress/runner/cypress_runner.js:165453:10)\n    at Promise._settlePromises (http://localhost:41487/__cypress/runner/cypress_runner.js:165528:18)\n    at Async../node_modules/bluebird/js/release/async.js.Async._drainQueue (http://localhost:41487/__cypress/runner/cypress_runner.js:162140:16)\n    at Async../node_modules/bluebird/js/release/async.js.Async._drainQueues (http://localhost:41487/__cypress/runner/cypress_runner.js:162150:10)\n    at Async.drainQueues (http://localhost:41487/__cypress/runner/cypress_runner.js:162024:14)",
                "diff": null
              },
              "uuid": "0eb99bc6-de64-4fff-b90d-cff8287f8e2e",
              "parentUUID": "6ce45005-459c-40bc-9b08-fef3c7bffef6",
              "isHook": false,
              "skipped": false
            },
            {
              "title": "Verifica se os pixels dentro do quadro não têm a classe `selected` quando são clicados",
              "fullTitle": "7 - Clicar em uma das cores da paleta, faz com que ela seja selecionada e utilizada para preencher os pixels no quadro. Verifica se os pixels dentro do quadro não têm a classe `selected` quando são clicados",
              "timedOut": null,
              "duration": 4384,
              "state": "failed",
              "speed": null,
              "pass": false,
              "fail": true,
              "pending": false,
              "context": null,
              "code": "cy.get('.color').each(function (color) {\n  var backgroundColor = color.css('background-color');\n  cy.wrap(color).click();\n  cy.get('.pixel').each(function (pixel) {\n    cy.wrap(pixel).click().should('not.have.class', 'selected');\n  });\n});",
              "err": {
                "message": "CypressError: Timed out retrying: Expected to find element: '.color', but never found it.",
                "estack": "CypressError: Timed out retrying: Expected to find element: '.color', but never found it.\n    at cypressErr (http://localhost:41487/__cypress/runner/cypress_runner.js:149934:9)\n    at throwErr (http://localhost:41487/__cypress/runner/cypress_runner.js:149867:11)\n    at Object.throwErrByPath (http://localhost:41487/__cypress/runner/cypress_runner.js:149915:3)\n    at retry (http://localhost:41487/__cypress/runner/cypress_runner.js:144197:19)\n    at onFailFn (http://localhost:41487/__cypress/runner/cypress_runner.js:132448:16)\n    at tryCatcher (http://localhost:41487/__cypress/runner/cypress_runner.js:167415:23)\n    at Promise._settlePromiseFromHandler (http://localhost:41487/__cypress/runner/cypress_runner.js:165351:31)\n    at Promise._settlePromise (http://localhost:41487/__cypress/runner/cypress_runner.js:165408:18)\n    at Promise._settlePromise0 (http://localhost:41487/__cypress/runner/cypress_runner.js:165453:10)\n    at Promise._settlePromises (http://localhost:41487/__cypress/runner/cypress_runner.js:165528:18)\n    at Async../node_modules/bluebird/js/release/async.js.Async._drainQueue (http://localhost:41487/__cypress/runner/cypress_runner.js:162140:16)\n    at Async../node_modules/bluebird/js/release/async.js.Async._drainQueues (http://localhost:41487/__cypress/runner/cypress_runner.js:162150:10)\n    at Async.drainQueues (http://localhost:41487/__cypress/runner/cypress_runner.js:162024:14)",
                "diff": null
              },
              "uuid": "ceb46e0e-a61a-4a3b-8fa4-46317617f78e",
              "parentUUID": "6ce45005-459c-40bc-9b08-fef3c7bffef6",
              "isHook": false,
              "skipped": false
            }
          ],
          "suites": [],
          "passes": [],
          "failures": [
            "0eb99bc6-de64-4fff-b90d-cff8287f8e2e",
            "ceb46e0e-a61a-4a3b-8fa4-46317617f78e"
          ],
          "pending": [],
          "skipped": [],
          "duration": 8811,
          "root": false,
          "rootEmpty": false,
          "_timeout": 2000
        },
        {
          "uuid": "b822a805-83a3-450f-b319-9a7035568ce0",
          "title": "8 - Clicar em um pixel dentro do quadro após selecionar uma cor na paleta, faz com que o pixel seja preenchido com a cor selecionada.",
          "fullFile": "",
          "file": "",
          "beforeHooks": [],
          "afterHooks": [],
          "tests": [
            {
              "title": "Verifica se ao carregar a página deve ser possível pintar os pixels de preto",
              "fullTitle": "8 - Clicar em um pixel dentro do quadro após selecionar uma cor na paleta, faz com que o pixel seja preenchido com a cor selecionada. Verifica se ao carregar a página deve ser possível pintar os pixels de preto",
              "timedOut": null,
              "duration": 4417,
              "state": "failed",
              "speed": null,
              "pass": false,
              "fail": true,
              "pending": false,
              "context": null,
              "code": "cy.get('.pixel').each(function (pixel) {\n  cy.wrap(pixel).click().should('have.css', 'background-color', BLACK);\n});",
              "err": {
                "message": "CypressError: Timed out retrying: Expected to find element: '.pixel', but never found it.",
                "estack": "CypressError: Timed out retrying: Expected to find element: '.pixel', but never found it.\n    at cypressErr (http://localhost:41487/__cypress/runner/cypress_runner.js:149934:9)\n    at throwErr (http://localhost:41487/__cypress/runner/cypress_runner.js:149867:11)\n    at Object.throwErrByPath (http://localhost:41487/__cypress/runner/cypress_runner.js:149915:3)\n    at retry (http://localhost:41487/__cypress/runner/cypress_runner.js:144197:19)\n    at onFailFn (http://localhost:41487/__cypress/runner/cypress_runner.js:132448:16)\n    at tryCatcher (http://localhost:41487/__cypress/runner/cypress_runner.js:167415:23)\n    at Promise._settlePromiseFromHandler (http://localhost:41487/__cypress/runner/cypress_runner.js:165351:31)\n    at Promise._settlePromise (http://localhost:41487/__cypress/runner/cypress_runner.js:165408:18)\n    at Promise._settlePromise0 (http://localhost:41487/__cypress/runner/cypress_runner.js:165453:10)\n    at Promise._settlePromises (http://localhost:41487/__cypress/runner/cypress_runner.js:165528:18)\n    at Async../node_modules/bluebird/js/release/async.js.Async._drainQueue (http://localhost:41487/__cypress/runner/cypress_runner.js:162140:16)\n    at Async../node_modules/bluebird/js/release/async.js.Async._drainQueues (http://localhost:41487/__cypress/runner/cypress_runner.js:162150:10)\n    at Async.drainQueues (http://localhost:41487/__cypress/runner/cypress_runner.js:162024:14)",
                "diff": null
              },
              "uuid": "77cdb911-8e2a-448a-bd9f-a5b69edb0793",
              "parentUUID": "b822a805-83a3-450f-b319-9a7035568ce0",
              "isHook": false,
              "skipped": false
            },
            {
              "title": "Verifica se após selecionar uma outra cor na paleta, é possível pintar os pixels com essa cor",
              "fullTitle": "8 - Clicar em um pixel dentro do quadro após selecionar uma cor na paleta, faz com que o pixel seja preenchido com a cor selecionada. Verifica se após selecionar uma outra cor na paleta, é possível pintar os pixels com essa cor",
              "timedOut": null,
              "duration": 4417,
              "state": "failed",
              "speed": null,
              "pass": false,
              "fail": true,
              "pending": false,
              "context": null,
              "code": "cy.get('.color').each(function (color) {\n  var backgroundColor = color.css('background-color');\n  cy.wrap(color).click();\n  cy.get('.pixel').each(function (pixel) {\n    cy.wrap(pixel).click().should('have.css', 'background-color', backgroundColor);\n  });\n});",
              "err": {
                "message": "CypressError: Timed out retrying: Expected to find element: '.color', but never found it.",
                "estack": "CypressError: Timed out retrying: Expected to find element: '.color', but never found it.\n    at cypressErr (http://localhost:41487/__cypress/runner/cypress_runner.js:149934:9)\n    at throwErr (http://localhost:41487/__cypress/runner/cypress_runner.js:149867:11)\n    at Object.throwErrByPath (http://localhost:41487/__cypress/runner/cypress_runner.js:149915:3)\n    at retry (http://localhost:41487/__cypress/runner/cypress_runner.js:144197:19)\n    at onFailFn (http://localhost:41487/__cypress/runner/cypress_runner.js:132448:16)\n    at tryCatcher (http://localhost:41487/__cypress/runner/cypress_runner.js:167415:23)\n    at Promise._settlePromiseFromHandler (http://localhost:41487/__cypress/runner/cypress_runner.js:165351:31)\n    at Promise._settlePromise (http://localhost:41487/__cypress/runner/cypress_runner.js:165408:18)\n    at Promise._settlePromise0 (http://localhost:41487/__cypress/runner/cypress_runner.js:165453:10)\n    at Promise._settlePromises (http://localhost:41487/__cypress/runner/cypress_runner.js:165528:18)\n    at Async../node_modules/bluebird/js/release/async.js.Async._drainQueue (http://localhost:41487/__cypress/runner/cypress_runner.js:162140:16)\n    at Async../node_modules/bluebird/js/release/async.js.Async._drainQueues (http://localhost:41487/__cypress/runner/cypress_runner.js:162150:10)\n    at Async.drainQueues (http://localhost:41487/__cypress/runner/cypress_runner.js:162024:14)",
                "diff": null
              },
              "uuid": "912cd14c-7f99-48b3-999d-599179124dd9",
              "parentUUID": "b822a805-83a3-450f-b319-9a7035568ce0",
              "isHook": false,
              "skipped": false
            },
            {
              "title": "Verifica se somente o pixel que foi clicado foi preenchido com a cor selecionada, sem influenciar na cor dos demais pixels.",
              "fullTitle": "8 - Clicar em um pixel dentro do quadro após selecionar uma cor na paleta, faz com que o pixel seja preenchido com a cor selecionada. Verifica se somente o pixel que foi clicado foi preenchido com a cor selecionada, sem influenciar na cor dos demais pixels.",
              "timedOut": null,
              "duration": 4396,
              "state": "failed",
              "speed": null,
              "pass": false,
              "fail": true,
              "pending": false,
              "context": null,
              "code": "var colorToPixelIndexMap = {\n  0: 6,\n  1: 8,\n  2: 16,\n  3: 18\n};\ncy.get('.color').each(function (color, index) {\n  cy.wrap(color).click();\n  var backgroundColor = color.css('background-color');\n  var clickedPixelIndex = colorToPixelIndexMap[index];\n  cy.get('.pixel').eq(clickedPixelIndex).click();\n  cy.get('.pixel').eq(clickedPixelIndex - 1).should('not.have.css', 'background-color', backgroundColor);\n  cy.get('.pixel').eq(clickedPixelIndex + 1).should('not.have.css', 'background-color', backgroundColor);\n  cy.get('.pixel').eq(clickedPixelIndex - 5).should('not.have.css', 'background-color', backgroundColor);\n  cy.get('.pixel').eq(clickedPixelIndex + 5).should('not.have.css', 'background-color', backgroundColor);\n  cy.get('.pixel').eq(clickedPixelIndex - 6).should('not.have.css', 'background-color', backgroundColor);\n  cy.get('.pixel').eq(clickedPixelIndex - 4).should('not.have.css', 'background-color', backgroundColor);\n  cy.get('.pixel').eq(clickedPixelIndex + 4).should('not.have.css', 'background-color', backgroundColor);\n  cy.get('.pixel').eq(clickedPixelIndex + 6).should('not.have.css', 'background-color', backgroundColor);\n});",
              "err": {
                "message": "CypressError: Timed out retrying: Expected to find element: '.color', but never found it.",
                "estack": "CypressError: Timed out retrying: Expected to find element: '.color', but never found it.\n    at cypressErr (http://localhost:41487/__cypress/runner/cypress_runner.js:149934:9)\n    at throwErr (http://localhost:41487/__cypress/runner/cypress_runner.js:149867:11)\n    at Object.throwErrByPath (http://localhost:41487/__cypress/runner/cypress_runner.js:149915:3)\n    at retry (http://localhost:41487/__cypress/runner/cypress_runner.js:144197:19)\n    at onFailFn (http://localhost:41487/__cypress/runner/cypress_runner.js:132448:16)\n    at tryCatcher (http://localhost:41487/__cypress/runner/cypress_runner.js:167415:23)\n    at Promise._settlePromiseFromHandler (http://localhost:41487/__cypress/runner/cypress_runner.js:165351:31)\n    at Promise._settlePromise (http://localhost:41487/__cypress/runner/cypress_runner.js:165408:18)\n    at Promise._settlePromise0 (http://localhost:41487/__cypress/runner/cypress_runner.js:165453:10)\n    at Promise._settlePromises (http://localhost:41487/__cypress/runner/cypress_runner.js:165528:18)\n    at Async../node_modules/bluebird/js/release/async.js.Async._drainQueue (http://localhost:41487/__cypress/runner/cypress_runner.js:162140:16)\n    at Async../node_modules/bluebird/js/release/async.js.Async._drainQueues (http://localhost:41487/__cypress/runner/cypress_runner.js:162150:10)\n    at Async.drainQueues (http://localhost:41487/__cypress/runner/cypress_runner.js:162024:14)",
                "diff": null
              },
              "uuid": "37bc224e-8ea6-4e54-bd2f-3f27522b24d4",
              "parentUUID": "b822a805-83a3-450f-b319-9a7035568ce0",
              "isHook": false,
              "skipped": false
            }
          ],
          "suites": [],
          "passes": [],
          "failures": [
            "77cdb911-8e2a-448a-bd9f-a5b69edb0793",
            "912cd14c-7f99-48b3-999d-599179124dd9",
            "37bc224e-8ea6-4e54-bd2f-3f27522b24d4"
          ],
          "pending": [],
          "skipped": [],
          "duration": 13230,
          "root": false,
          "rootEmpty": false,
          "_timeout": 2000
        },
        {
          "uuid": "69467401-c3bb-4d88-8098-85ca2cdc9174",
          "title": "9 - Crie um botão que, ao ser clicado, limpa o quadro preenchendo a cor de todos seus pixels com branco.",
          "fullFile": "",
          "file": "",
          "beforeHooks": [],
          "afterHooks": [],
          "tests": [
            {
              "title": "Verifica se o botão tem o `id` denominado `clear-board`",
              "fullTitle": "9 - Crie um botão que, ao ser clicado, limpa o quadro preenchendo a cor de todos seus pixels com branco. Verifica se o botão tem o `id` denominado `clear-board`",
              "timedOut": null,
              "duration": 4484,
              "state": "failed",
              "speed": null,
              "pass": false,
              "fail": true,
              "pending": false,
              "context": null,
              "code": "cy.get('#clear-board').should('be.visible');",
              "err": {
                "message": "CypressError: Timed out retrying: Expected to find element: '#clear-board', but never found it.",
                "estack": "CypressError: Timed out retrying: Expected to find element: '#clear-board', but never found it.\n    at cypressErr (http://localhost:41487/__cypress/runner/cypress_runner.js:149934:9)\n    at throwErr (http://localhost:41487/__cypress/runner/cypress_runner.js:149867:11)\n    at Object.throwErrByPath (http://localhost:41487/__cypress/runner/cypress_runner.js:149915:3)\n    at retry (http://localhost:41487/__cypress/runner/cypress_runner.js:144197:19)\n    at onFailFn (http://localhost:41487/__cypress/runner/cypress_runner.js:132448:16)\n    at tryCatcher (http://localhost:41487/__cypress/runner/cypress_runner.js:167415:23)\n    at Promise._settlePromiseFromHandler (http://localhost:41487/__cypress/runner/cypress_runner.js:165351:31)\n    at Promise._settlePromise (http://localhost:41487/__cypress/runner/cypress_runner.js:165408:18)\n    at Promise._settlePromise0 (http://localhost:41487/__cypress/runner/cypress_runner.js:165453:10)\n    at Promise._settlePromises (http://localhost:41487/__cypress/runner/cypress_runner.js:165528:18)\n    at Async../node_modules/bluebird/js/release/async.js.Async._drainQueue (http://localhost:41487/__cypress/runner/cypress_runner.js:162140:16)\n    at Async../node_modules/bluebird/js/release/async.js.Async._drainQueues (http://localhost:41487/__cypress/runner/cypress_runner.js:162150:10)\n    at Async.drainQueues (http://localhost:41487/__cypress/runner/cypress_runner.js:162024:14)",
                "diff": null
              },
              "uuid": "c6a98d9b-6ba3-45a7-af2a-5592b6a4bf78",
              "parentUUID": "69467401-c3bb-4d88-8098-85ca2cdc9174",
              "isHook": false,
              "skipped": false
            },
            {
              "title": "Verifica se o botão está posicionado entre a paleta de cores e o quadro de pixels",
              "fullTitle": "9 - Crie um botão que, ao ser clicado, limpa o quadro preenchendo a cor de todos seus pixels com branco. Verifica se o botão está posicionado entre a paleta de cores e o quadro de pixels",
              "timedOut": null,
              "duration": 4267,
              "state": "failed",
              "speed": null,
              "pass": false,
              "fail": true,
              "pending": false,
              "context": null,
              "code": "cy.get('#color-palette').then(function (palette) {\n  cy.get('#clear-board').should('be.belowOf', palette);\n});\ncy.get('#clear-board').then(function (clearBtn) {\n  cy.get('#pixel-board').should('be.belowOf', clearBtn);\n});",
              "err": {
                "message": "CypressError: Timed out retrying: Expected to find element: '#color-palette', but never found it.",
                "estack": "CypressError: Timed out retrying: Expected to find element: '#color-palette', but never found it.\n    at cypressErr (http://localhost:41487/__cypress/runner/cypress_runner.js:149934:9)\n    at throwErr (http://localhost:41487/__cypress/runner/cypress_runner.js:149867:11)\n    at Object.throwErrByPath (http://localhost:41487/__cypress/runner/cypress_runner.js:149915:3)\n    at retry (http://localhost:41487/__cypress/runner/cypress_runner.js:144197:19)\n    at onFailFn (http://localhost:41487/__cypress/runner/cypress_runner.js:132448:16)\n    at tryCatcher (http://localhost:41487/__cypress/runner/cypress_runner.js:167415:23)\n    at Promise._settlePromiseFromHandler (http://localhost:41487/__cypress/runner/cypress_runner.js:165351:31)\n    at Promise._settlePromise (http://localhost:41487/__cypress/runner/cypress_runner.js:165408:18)\n    at Promise._settlePromise0 (http://localhost:41487/__cypress/runner/cypress_runner.js:165453:10)\n    at Promise._settlePromises (http://localhost:41487/__cypress/runner/cypress_runner.js:165528:18)\n    at Async../node_modules/bluebird/js/release/async.js.Async._drainQueue (http://localhost:41487/__cypress/runner/cypress_runner.js:162140:16)\n    at Async../node_modules/bluebird/js/release/async.js.Async._drainQueues (http://localhost:41487/__cypress/runner/cypress_runner.js:162150:10)\n    at Async.drainQueues (http://localhost:41487/__cypress/runner/cypress_runner.js:162024:14)",
                "diff": null
              },
              "uuid": "d6e816c9-c06e-47bc-874e-42c02002d7bf",
              "parentUUID": "69467401-c3bb-4d88-8098-85ca2cdc9174",
              "isHook": false,
              "skipped": false
            },
            {
              "title": "Verifica se o texto do botão é 'Limpar'",
              "fullTitle": "9 - Crie um botão que, ao ser clicado, limpa o quadro preenchendo a cor de todos seus pixels com branco. Verifica se o texto do botão é 'Limpar'",
              "timedOut": null,
              "duration": 4349,
              "state": "failed",
              "speed": null,
              "pass": false,
              "fail": true,
              "pending": false,
              "context": null,
              "code": "cy.get('#clear-board').should('contain.text', 'Limpar');",
              "err": {
                "message": "CypressError: Timed out retrying: Expected to find element: '#clear-board', but never found it.",
                "estack": "CypressError: Timed out retrying: Expected to find element: '#clear-board', but never found it.\n    at cypressErr (http://localhost:41487/__cypress/runner/cypress_runner.js:149934:9)\n    at throwErr (http://localhost:41487/__cypress/runner/cypress_runner.js:149867:11)\n    at Object.throwErrByPath (http://localhost:41487/__cypress/runner/cypress_runner.js:149915:3)\n    at retry (http://localhost:41487/__cypress/runner/cypress_runner.js:144197:19)\n    at onFailFn (http://localhost:41487/__cypress/runner/cypress_runner.js:132448:16)\n    at tryCatcher (http://localhost:41487/__cypress/runner/cypress_runner.js:167415:23)\n    at Promise._settlePromiseFromHandler (http://localhost:41487/__cypress/runner/cypress_runner.js:165351:31)\n    at Promise._settlePromise (http://localhost:41487/__cypress/runner/cypress_runner.js:165408:18)\n    at Promise._settlePromise0 (http://localhost:41487/__cypress/runner/cypress_runner.js:165453:10)\n    at Promise._settlePromises (http://localhost:41487/__cypress/runner/cypress_runner.js:165528:18)\n    at Async../node_modules/bluebird/js/release/async.js.Async._drainQueue (http://localhost:41487/__cypress/runner/cypress_runner.js:162140:16)\n    at Async../node_modules/bluebird/js/release/async.js.Async._drainQueues (http://localhost:41487/__cypress/runner/cypress_runner.js:162150:10)\n    at Async.drainQueues (http://localhost:41487/__cypress/runner/cypress_runner.js:162024:14)",
                "diff": null
              },
              "uuid": "bbe99f6b-a0f8-47a7-bffb-d77b90288360",
              "parentUUID": "69467401-c3bb-4d88-8098-85ca2cdc9174",
              "isHook": false,
              "skipped": false
            },
            {
              "title": "Verifica se ao clicar no botão, o quadro de pixels é totalmente preenchido de branco",
              "fullTitle": "9 - Crie um botão que, ao ser clicado, limpa o quadro preenchendo a cor de todos seus pixels com branco. Verifica se ao clicar no botão, o quadro de pixels é totalmente preenchido de branco",
              "timedOut": null,
              "duration": 4349,
              "state": "failed",
              "speed": null,
              "pass": false,
              "fail": true,
              "pending": false,
              "context": null,
              "code": "cy.get('.color').eq(1).then(function (color) {\n  var backgroundColor = color.css('background-color');\n  cy.wrap(color).click();\n  cy.get('.pixel').each(function (pixel) {\n    cy.wrap(pixel).click().should('have.css', 'background-color', backgroundColor);\n  });\n});\ncy.get('#clear-board').click();\ncy.get('.pixel').each(function (pixel) {\n  cy.wrap(pixel).should('have.css', 'background-color', WHITE);\n});",
              "err": {
                "message": "CypressError: Timed out retrying: Expected to find element: '.color', but never found it.",
                "estack": "CypressError: Timed out retrying: Expected to find element: '.color', but never found it.\n    at cypressErr (http://localhost:41487/__cypress/runner/cypress_runner.js:149934:9)\n    at throwErr (http://localhost:41487/__cypress/runner/cypress_runner.js:149867:11)\n    at Object.throwErrByPath (http://localhost:41487/__cypress/runner/cypress_runner.js:149915:3)\n    at retry (http://localhost:41487/__cypress/runner/cypress_runner.js:144197:19)\n    at onFailFn (http://localhost:41487/__cypress/runner/cypress_runner.js:132448:16)\n    at tryCatcher (http://localhost:41487/__cypress/runner/cypress_runner.js:167415:23)\n    at Promise._settlePromiseFromHandler (http://localhost:41487/__cypress/runner/cypress_runner.js:165351:31)\n    at Promise._settlePromise (http://localhost:41487/__cypress/runner/cypress_runner.js:165408:18)\n    at Promise._settlePromise0 (http://localhost:41487/__cypress/runner/cypress_runner.js:165453:10)\n    at Promise._settlePromises (http://localhost:41487/__cypress/runner/cypress_runner.js:165528:18)\n    at Async../node_modules/bluebird/js/release/async.js.Async._drainQueue (http://localhost:41487/__cypress/runner/cypress_runner.js:162140:16)\n    at Async../node_modules/bluebird/js/release/async.js.Async._drainQueues (http://localhost:41487/__cypress/runner/cypress_runner.js:162150:10)\n    at Async.drainQueues (http://localhost:41487/__cypress/runner/cypress_runner.js:162024:14)",
                "diff": null
              },
              "uuid": "f73a57f5-a121-4a0d-b78b-fd5f288d7056",
              "parentUUID": "69467401-c3bb-4d88-8098-85ca2cdc9174",
              "isHook": false,
              "skipped": false
            }
          ],
          "suites": [],
          "passes": [],
          "failures": [
            "c6a98d9b-6ba3-45a7-af2a-5592b6a4bf78",
            "d6e816c9-c06e-47bc-874e-42c02002d7bf",
            "bbe99f6b-a0f8-47a7-bffb-d77b90288360",
            "f73a57f5-a121-4a0d-b78b-fd5f288d7056"
          ],
          "pending": [],
          "skipped": [],
          "duration": 17449,
          "root": false,
          "rootEmpty": false,
          "_timeout": 2000
        },
        {
          "uuid": "131aaa1f-e86a-439f-97b7-bf0a0440adfe",
          "title": "10 - Faça o quadro de pixels ter seu tamanho definido pelo usuário.",
          "fullFile": "",
          "file": "",
          "beforeHooks": [],
          "afterHooks": [],
          "tests": [
            {
              "title": "Verifica se existe um input com o id `board-size`",
              "fullTitle": "10 - Faça o quadro de pixels ter seu tamanho definido pelo usuário. Verifica se existe um input com o id `board-size`",
              "timedOut": null,
              "duration": 4357,
              "state": "failed",
              "speed": null,
              "pass": false,
              "fail": true,
              "pending": false,
              "context": null,
              "code": "cy.get('#board-size').should('be.visible');",
              "err": {
                "message": "CypressError: Timed out retrying: Expected to find element: '#board-size', but never found it.",
[...]
                "diff": null
              },
              "uuid": "0f482694-2bad-44ad-9703-d3725adfc3de",
              "parentUUID": "131aaa1f-e86a-439f-97b7-bf0a0440adfe",
              "isHook": false,
              "skipped": false
            },
            {
              "title": "Verifica se o novo quadro tem todos os pixels preenchidos com a cor branca",
              "fullTitle": "10 - Faça o quadro de pixels ter seu tamanho definido pelo usuário. Verifica se o novo quadro tem todos os pixels preenchidos com a cor branca",
              "timedOut": null,
              "duration": 4349,
              "state": "failed",
              "speed": null,
              "pass": false,
              "fail": true,
              "pending": false,
              "context": null,
              "code": "cy.get('#board-size').clear().type(6);\ncy.get('#generate-board').click();\ncy.get('.pixel').should('have.length', 36).each(function (pixel) {\n  expect(pixel).to.have.css('background-color', WHITE);\n});",
              "err": {
                "message": "CypressError: Timed out retrying: Expected to find element: '#board-size', but never found it.",
                "estack": "CypressError: Timed out retrying: Expected to find element: '#board-size', but never found it.\n    at cypressErr (http://localhost:41487/__cypress/runner/cypress_runner.js:149934:9)\n    at throwErr (http://localhost:41487/__cypress/runner/cypress_runner.js:149867:11)\n    at Object.throwErrByPath (http://localhost:41487/__cypress/runner/cypress_runner.js:149915:3)\n    at retry (http://localhost:41487/__cypress/runner/cypress_runner.js:144197:19)\n    at onFailFn (http://localhost:41487/__cypress/runner/cypress_runner.js:132448:16)\n    at tryCatcher (http://localhost:41487/__cypress/runner/cypress_runner.js:167415:23)\n    at Promise._settlePromiseFromHandler (http://localhost:41487/__cypress/runner/cypress_runner.js:165351:31)\n    at Promise._settlePromise (http://localhost:41487/__cypress/runner/cypress_runner.js:165408:18)\n    at Promise._settlePromise0 (http://localhost:41487/__cypress/runner/cypress_runner.js:165453:10)\n    at Promise._settlePromises (http://localhost:41487/__cypress/runner/cypress_runner.js:165528:18)\n    at Async../node_modules/bluebird/js/release/async.js.Async._drainQueue (http://localhost:41487/__cypress/runner/cypress_runner.js:162140:16)\n    at Async../node_modules/bluebird/js/release/async.js.Async._drainQueues (http://localhost:41487/__cypress/runner/cypress_runner.js:162150:10)\n    at Async.drainQueues (http://localhost:41487/__cypress/runner/cypress_runner.js:162024:14)",
                "diff": null
              },
              "uuid": "6218aa58-a10e-4a1c-b56f-40bb40fa83a1",
              "parentUUID": "131aaa1f-e86a-439f-97b7-bf0a0440adfe",
              "isHook": false,
              "skipped": false
            }
          ],
          "suites": [],
          "passes": [],
          "failures": [
            "335b9178-c24e-4d5f-a4f5-cee3188c4b9d",
            "f6191c24-9f40-439e-82c1-ee877c44567b",
            "4267c102-479d-4997-8617-82a71d6cebdc",
            "af153148-757e-49c5-b138-d2e2b81fa21a",
            "60531b4b-c7e4-4604-8c8d-661a97d07a91",
            "1e8653d5-3dfc-4893-922a-9941993b6cd6",
            "53b46b76-1bbe-471b-8255-9235d721ba6f",
            "0f482694-2bad-44ad-9703-d3725adfc3de",
            "6218aa58-a10e-4a1c-b56f-40bb40fa83a1"
          ],
          "pending": [],
          "skipped": [],
          "duration": 39479,
          "root": false,
          "rootEmpty": false,
          "_timeout": 2000
        },
        {
          "uuid": "867bf5a7-874d-4790-abe8-3232536a143d",
          "title": "11 - Limite o tamanho mínimo e máximo do board.",
          "fullFile": "",
          "file": "",
          "beforeHooks": [],
          "afterHooks": [],
          "tests": [
            {
              "title": "Verifica se a altura máxima do board é 50",
              "fullTitle": "11 - Limite o tamanho mínimo e máximo do board. Verifica se a altura máxima do board é 50",
              "timedOut": null,
              "duration": 4410,
              "state": "failed",
              "speed": null,
              "pass": false,
              "fail": true,
              "pending": false,
              "context": null,
              "code": "cy.get('#board-size').clear().type(50);\ncy.get('#generate-board').click();\ncy.get('.pixel').should('have.length', 2500);",
              "err": {
                "message": "CypressError: Timed out retrying: Expected to find element: '#board-size', but never found it.",
                "estack": "CypressError: Timed out retrying: Expected to find element: '#board-size', but never found it.\n    at cypressErr (http://localhost:41487/__cypress/runner/cypress_runner.js:149934:9)\n    at throwErr (http://localhost:41487/__cypress/runner/cypress_runner.js:149867:11)\n    at Object.throwErrByPath (http://localhost:41487/__cypress/runner/cypress_runner.js:149915:3)\n    at retry (http://localhost:41487/__cypress/runner/cypress_runner.js:144197:19)\n    at onFailFn (http://localhost:41487/__cypress/runner/cypress_runner.js:132448:16)\n    at tryCatcher (http://localhost:41487/__cypress/runner/cypress_runner.js:167415:23)\n    at Promise._settlePromiseFromHandler (http://localhost:41487/__cypress/runner/cypress_runner.js:165351:31)\n    at Promise._settlePromise (http://localhost:41487/__cypress/runner/cypress_runner.js:165408:18)\n    at Promise._settlePromise0 (http://localhost:41487/__cypress/runner/cypress_runner.js:165453:10)\n    at Promise._settlePromises (http://localhost:41487/__cypress/runner/cypress_runner.js:165528:18)\n    at Async../node_modules/bluebird/js/release/async.js.Async._drainQueue (http://localhost:41487/__cypress/runner/cypress_runner.js:162140:16)\n    at Async../node_modules/bluebird/js/release/async.js.Async._drainQueues (http://localhost:41487/__cypress/runner/cypress_runner.js:162150:10)\n    at Async.drainQueues (http://localhost:41487/__cypress/runner/cypress_runner.js:162024:14)",
                "diff": null
              },
              "uuid": "d212dce2-d4b2-4830-9a57-0fd2274825f9",
              "parentUUID": "867bf5a7-874d-4790-abe8-3232536a143d",
              "isHook": false,
              "skipped": false
            },
            {
              "title": "Verifica se a altura do board é 5 quando um valor menor é colocado no input",
              "fullTitle": "11 - Limite o tamanho mínimo e máximo do board. Verifica se a altura do board é 5 quando um valor menor é colocado no input",
              "timedOut": null,
              "duration": 4495,
              "state": "failed",
              "speed": null,
              "pass": false,
              "fail": true,
              "pending": false,
              "context": null,
              "code": "cy.get('#board-size').clear().type(4);\ncy.get('#generate-board').click();\ncy.get('.pixel').should('have.length', 25);",
              "err": {
                "message": "CypressError: Timed out retrying: Expected to find element: '#board-size', but never found it.",
                "estack": "CypressError: Timed out retrying: Expected to find element: '#board-size', but never found it.\n    at cypressErr (http://localhost:41487/__cypress/runner/cypress_runner.js:149934:9)\n    at throwErr (http://localhost:41487/__cypress/runner/cypress_runner.js:149867:11)\n    at Object.throwErrByPath (http://localhost:41487/__cypress/runner/cypress_runner.js:149915:3)\n    at retry (http://localhost:41487/__cypress/runner/cypress_runner.js:144197:19)\n    at onFailFn (http://localhost:41487/__cypress/runner/cypress_runner.js:132448:16)\n    at tryCatcher (http://localhost:41487/__cypress/runner/cypress_runner.js:167415:23)\n    at Promise._settlePromiseFromHandler (http://localhost:41487/__cypress/runner/cypress_runner.js:165351:31)\n    at Promise._settlePromise (http://localhost:41487/__cypress/runner/cypress_runner.js:165408:18)\n    at Promise._settlePromise0 (http://localhost:41487/__cypress/runner/cypress_runner.js:165453:10)\n    at Promise._settlePromises (http://localhost:41487/__cypress/runner/cypress_runner.js:165528:18)\n    at Async../node_modules/bluebird/js/release/async.js.Async._drainQueue (http://localhost:41487/__cypress/runner/cypress_runner.js:162140:16)\n    at Async../node_modules/bluebird/js/release/async.js.Async._drainQueues (http://localhost:41487/__cypress/runner/cypress_runner.js:162150:10)\n    at Async.drainQueues (http://localhost:41487/__cypress/runner/cypress_runner.js:162024:14)",
                "diff": null
              },
              "uuid": "e342e286-55c2-4ebd-a12a-582cca3dddd9",
              "parentUUID": "867bf5a7-874d-4790-abe8-3232536a143d",
              "isHook": false,
              "skipped": false
            },
            {
              "title": "Verifica se a altura do board é 50 quando um valor maior é colocado no input",
              "fullTitle": "11 - Limite o tamanho mínimo e máximo do board. Verifica se a altura do board é 50 quando um valor maior é colocado no input",
              "timedOut": null,
              "duration": 4371,
              "state": "failed",
              "speed": null,
              "pass": false,
              "fail": true,
              "pending": false,
              "context": null,
              "code": "cy.get('#board-size').clear().type(51);\ncy.get('#generate-board').click();\ncy.get('.pixel').should('have.length', 2500);",
              "err": {
                "message": "CypressError: Timed out retrying: Expected to find element: '#board-size', but never found it.",
                "estack": "CypressError: Timed out retrying: Expected to find element: '#board-size', but never found it.\n    at cypressErr (http://localhost:41487/__cypress/runner/cypress_runner.js:149934:9)\n    at throwErr (http://localhost:41487/__cypress/runner/cypress_runner.js:149867:11)\n    at Object.throwErrByPath (http://localhost:41487/__cypress/runner/cypress_runner.js:149915:3)\n    at retry (http://localhost:41487/__cypress/runner/cypress_runner.js:144197:19)\n    at onFailFn (http://localhost:41487/__cypress/runner/cypress_runner.js:132448:16)\n    at tryCatcher (http://localhost:41487/__cypress/runner/cypress_runner.js:167415:23)\n    at Promise._settlePromiseFromHandler (http://localhost:41487/__cypress/runner/cypress_runner.js:165351:31)\n    at Promise._settlePromise (http://localhost:41487/__cypress/runner/cypress_runner.js:165408:18)\n    at Promise._settlePromise0 (http://localhost:41487/__cypress/runner/cypress_runner.js:165453:10)\n    at Promise._settlePromises (http://localhost:41487/__cypress/runner/cypress_runner.js:165528:18)\n    at Async../node_modules/bluebird/js/release/async.js.Async._drainQueue (http://localhost:41487/__cypress/runner/cypress_runner.js:162140:16)\n    at Async../node_modules/bluebird/js/release/async.js.Async._drainQueues (http://localhost:41487/__cypress/runner/cypress_runner.js:162150:10)\n    at Async.drainQueues (http://localhost:41487/__cypress/runner/cypress_runner.js:162024:14)",
                "diff": null
              },
              "uuid": "d1822399-b0bf-4458-b8db-c1f0f41ba7a9",
              "parentUUID": "867bf5a7-874d-4790-abe8-3232536a143d",
              "isHook": false,
              "skipped": false
            }
          ],
          "suites": [],
          "passes": [],
          "failures": [
            "d212dce2-d4b2-4830-9a57-0fd2274825f9",
            "e342e286-55c2-4ebd-a12a-582cca3dddd9",
            "d1822399-b0bf-4458-b8db-c1f0f41ba7a9"
          ],
          "pending": [],
          "skipped": [],
          "duration": 13276,
          "root": false,
          "rootEmpty": false,
          "_timeout": 2000
        },
        {
          "uuid": "afae9f36-bda3-4cc3-9795-8c24dae01790",
          "title": "12 - Faça com que as cores da paleta sejam geradas aleatoriamente ao carregar a página.",
          "fullFile": "",
          "file": "",
          "beforeHooks": [],
          "afterHooks": [],
          "tests": [
            {
              "title": "Verifica se as cores geradas na paleta são diferentes a cada carregamento da página",
              "fullTitle": "12 - Faça com que as cores da paleta sejam geradas aleatoriamente ao carregar a página. Verifica se as cores geradas na paleta são diferentes a cada carregamento da página",
              "timedOut": null,
              "duration": 4396,
              "state": "failed",
              "speed": null,
              "pass": false,
              "fail": true,
              "pending": false,
              "context": null,
              "code": "cy.get('.color').then(function (colors) {\n  var currentColors;\n  var previousColors;\n  previousColors = Array.from(colors).map(function (color) {\n    return Cypress.$(color).css('background-color');\n  });\n  for (var i = 0; i < 5; i += 1) {\n    cy.reload();\n    cy.get('.color').then(function (colors) {\n      currentColors = Array.from(colors).map(function (color) {\n        return Cypress.$(color).css('background-color');\n      });\n      expect(currentColors).not.to.deep.equal(previousColors);\n      previousColors = currentColors;\n    });\n  }\n});",
              "err": {
                "message": "CypressError: Timed out retrying: Expected to find element: '.color', but never found it.",
                "estack": "CypressError: Timed out retrying: Expected to find element: '.color', but never found it.\n    at cypressErr (http://localhost:41487/__cypress/runner/cypress_runner.js:149934:9)\n    at throwErr (http://localhost:41487/__cypress/runner/cypress_runner.js:149867:11)\n    at Object.throwErrByPath (http://localhost:41487/__cypress/runner/cypress_runner.js:149915:3)\n    at retry (http://localhost:41487/__cypress/runner/cypress_runner.js:144197:19)\n    at onFailFn (http://localhost:41487/__cypress/runner/cypress_runner.js:132448:16)\n    at tryCatcher (http://localhost:41487/__cypress/runner/cypress_runner.js:167415:23)\n    at Promise._settlePromiseFromHandler (http://localhost:41487/__cypress/runner/cypress_runner.js:165351:31)\n    at Promise._settlePromise (http://localhost:41487/__cypress/runner/cypress_runner.js:165408:18)\n    at Promise._settlePromise0 (http://localhost:41487/__cypress/runner/cypress_runner.js:165453:10)\n    at Promise._settlePromises (http://localhost:41487/__cypress/runner/cypress_runner.js:165528:18)\n    at Async../node_modules/bluebird/js/release/async.js.Async._drainQueue (http://localhost:41487/__cypress/runner/cypress_runner.js:162140:16)\n    at Async../node_modules/bluebird/js/release/async.js.Async._drainQueues (http://localhost:41487/__cypress/runner/cypress_runner.js:162150:10)\n    at Async.drainQueues (http://localhost:41487/__cypress/runner/cypress_runner.js:162024:14)",
                "diff": null
              },
              "uuid": "a4102202-8437-40b7-8588-db1c280e21bb",
              "parentUUID": "afae9f36-bda3-4cc3-9795-8c24dae01790",
              "isHook": false,
              "skipped": false
            },
            {
              "title": "Verifica se a cor preta ainda está presente e é a primeira na sua paleta de cores",
              "fullTitle": "12 - Faça com que as cores da paleta sejam geradas aleatoriamente ao carregar a página. Verifica se a cor preta ainda está presente e é a primeira na sua paleta de cores",
              "timedOut": null,
              "duration": 4371,
              "state": "failed",
              "speed": null,
              "pass": false,
              "fail": true,
              "pending": false,
              "context": null,
              "code": "cy.get('.color').then(function (colors) {\n  var currentColors;\n  var previousColors;\n  previousColors = Array.from(colors).map(function (color) {\n    return Cypress.$(color).css('background-color');\n  });\n  expect(previousColors[0]).to.eq(BLACK);\n  for (var i = 0; i < 5; i += 1) {\n    cy.reload();\n    cy.get('.color').then(function (colors) {\n      currentColors = Array.from(colors).map(function (color) {\n        return Cypress.$(color).css('background-color');\n      });\n      expect(currentColors[0]).to.eq(BLACK);\n      expect(currentColors).not.to.deep.equal(previousColors);\n      previousColors = currentColors;\n    });\n  }\n});",
              "err": {
                "message": "CypressError: Timed out retrying: Expected to find element: '.color', but never found it.",
                "estack": "CypressError: Timed out retrying: Expected to find element: '.color', but never found it.\n    at cypressErr (http://localhost:41487/__cypress/runner/cypress_runner.js:149934:9)\n    at throwErr (http://localhost:41487/__cypress/runner/cypress_runner.js:149867:11)\n    at Object.throwErrByPath (http://localhost:41487/__cypress/runner/cypress_runner.js:149915:3)\n    at retry (http://localhost:41487/__cypress/runner/cypress_runner.js:144197:19)\n    at onFailFn (http://localhost:41487/__cypress/runner/cypress_runner.js:132448:16)\n    at tryCatcher (http://localhost:41487/__cypress/runner/cypress_runner.js:167415:23)\n    at Promise._settlePromiseFromHandler (http://localhost:41487/__cypress/runner/cypress_runner.js:165351:31)\n    at Promise._settlePromise (http://localhost:41487/__cypress/runner/cypress_runner.js:165408:18)\n    at Promise._settlePromise0 (http://localhost:41487/__cypress/runner/cypress_runner.js:165453:10)\n    at Promise._settlePromises (http://localhost:41487/__cypress/runner/cypress_runner.js:165528:18)\n    at Async../node_modules/bluebird/js/release/async.js.Async._drainQueue (http://localhost:41487/__cypress/runner/cypress_runner.js:162140:16)\n    at Async../node_modules/bluebird/js/release/async.js.Async._drainQueues (http://localhost:41487/__cypress/runner/cypress_runner.js:162150:10)\n    at Async.drainQueues (http://localhost:41487/__cypress/runner/cypress_runner.js:162024:14)",
                "diff": null
              },
              "uuid": "50cf854b-eb30-4dc9-87aa-8abb74d17fb4",
              "parentUUID": "afae9f36-bda3-4cc3-9795-8c24dae01790",
              "isHook": false,
              "skipped": false
            }
          ],
          "suites": [],
          "passes": [],
          "failures": [
            "a4102202-8437-40b7-8588-db1c280e21bb",
            "50cf854b-eb30-4dc9-87aa-8abb74d17fb4"
          ],
          "pending": [],
          "skipped": [],
          "duration": 8767,
          "root": false,
          "rootEmpty": false,
          "_timeout": 2000
        }
      ],
      "passes": [],
      "failures": [],
      "pending": [],
      "skipped": [],
      "duration": 0,
      "root": true,
      "rootEmpty": true,
      "_timeout": 2000
    }
  ],
  "meta": {
    "mocha": {
      "version": "7.0.1"
    },
    "mochawesome": {
      "options": {
        "quiet": false,
        "reportFilename": "mochawesome",
        "saveHtml": false,
        "saveJson": true,
        "consoleReporter": "spec",
        "useInlineDiffs": false
      },
      "version": "4.1.0"
    },
    "marge": {
      "options": {
        "id": "default",
        "reportDir": "cypress/reports",
        "overwrite": true,
        "html": false,
        "json": true
      },
      "version": "4.1.0"
    }
  }
}