{
  "stats": {
    "suites": 12,
    "tests": 41,
    "passes": 1,
    "pending": 0,
    "failures": 40,
    "start": "2021-09-10T18:24:30.114Z",
    "end": "2021-09-10T18:27:40.900Z",
    "duration": 190786,
    "testsRegistered": 41,
    "passPercent": 2.4390243902439024,
    "pendingPercent": 0,
    "other": 0,
    "hasOther": false,
    "skipped": 0,
    "hasSkipped": false
  },
  "results": [
    {
      "uuid": "891ce4ee-277f-4db8-b4a1-4b5197dc1020",
      "title": "",
      "fullFile": "cypress/integration/project.spec.js",
      "file": "cypress/integration/project.spec.js",
      "beforeHooks": [],
      "afterHooks": [],
      "tests": [],
      "suites": [
        {
          "uuid": "7650a61c-00cc-49cf-82cf-c626263b0113",
          "title": "1 - Adicione à página o título \"Paleta de Cores\".",
          "fullFile": "",
          "file": "",
          "beforeHooks": [],
          "afterHooks": [],
          "tests": [
            {
              "title": "Verifica se contém um elemento `h1` com o id `title` com o título correto",
              "fullTitle": "1 - Adicione à página o título \"Paleta de Cores\". Verifica se contém um elemento `h1` com o id `title` com o título correto",
              "timedOut": null,
              "duration": 455,
              "state": "passed",
              "speed": "slow",
              "pass": true,
              "fail": false,
              "pending": false,
              "context": null,
              "code": "cy.get('h1#title').should('contain.text', 'Paleta de Cores');",
              "err": {},
              "uuid": "5e4fe721-4fcd-478f-9dd9-32ed2b83bd81",
              "parentUUID": "7650a61c-00cc-49cf-82cf-c626263b0113",
              "isHook": false,
              "skipped": false
            }
          ],
          "suites": [],
          "passes": [
            "5e4fe721-4fcd-478f-9dd9-32ed2b83bd81"
          ],
          "failures": [],
          "pending": [],
          "skipped": [],
          "duration": 455,
          "root": false,
          "rootEmpty": false,
          "_timeout": 2000
        },
        {
          "uuid": "c4d25206-94f6-4e1e-abeb-6158541e1150",
          "title": "2 - Adicione à página uma paleta de quatro cores distintas.",
          "fullFile": "",
          "file": "",
          "beforeHooks": [],
          "afterHooks": [],
          "tests": [
            {
              "title": "A paleta de cores deve ser um elemento com `id` denominado `color-palette`",
              "fullTitle": "2 - Adicione à página uma paleta de quatro cores distintas. A paleta de cores deve ser um elemento com `id` denominado `color-palette`",
              "timedOut": null,
              "duration": 4779,
              "state": "failed",
              "speed": null,
              "pass": false,
              "fail": true,
              "pending": false,
              "context": null,
              "code": "cy.get('#color-palette').should('be.visible');\ncy.get('#color-palette').children('.color');",
              "err": {
                "message": "CypressError: Timed out retrying: Expected to find element: '#color-palette', but never found it.",
                "estack": "CypressError: Timed out retrying: Expected to find element: '#color-palette', but never found it.\n    at cypressErr (http://localhost:36629/__cypress/runner/cypress_runner.js:149934:9)\n    at throwErr (http://localhost:36629/__cypress/runner/cypress_runner.js:149867:11)\n    at Object.throwErrByPath (http://localhost:36629/__cypress/runner/cypress_runner.js:149915:3)\n    at retry (http://localhost:36629/__cypress/runner/cypress_runner.js:144197:19)\n    at onFailFn (http://localhost:36629/__cypress/runner/cypress_runner.js:132448:16)\n    at tryCatcher (http://localhost:36629/__cypress/runner/cypress_runner.js:167415:23)\n    at Promise._settlePromiseFromHandler (http://localhost:36629/__cypress/runner/cypress_runner.js:165351:31)\n    at Promise._settlePromise (http://localhost:36629/__cypress/runner/cypress_runner.js:165408:18)\n    at Promise._settlePromise0 (http://localhost:36629/__cypress/runner/cypress_runner.js:165453:10)\n    at Promise._settlePromises (http://localhost:36629/__cypress/runner/cypress_runner.js:165528:18)\n    at Async../node_modules/bluebird/js/release/async.js.Async._drainQueue (http://localhost:36629/__cypress/runner/cypress_runner.js:162140:16)\n    at Async../node_modules/bluebird/js/release/async.js.Async._drainQueues (http://localhost:36629/__cypress/runner/cypress_runner.js:162150:10)\n    at Async.drainQueues (http://localhost:36629/__cypress/runner/cypress_runner.js:162024:14)",
                "diff": null
              },
              "uuid": "f617f4cf-6a81-4bc7-a23a-b6c1be43f200",
              "parentUUID": "c4d25206-94f6-4e1e-abeb-6158541e1150",
              "isHook": false,
              "skipped": false
            },
            {
              "title": "Verifica se cada cor individual da paleta de cores possui a `classe` chamada `color`.",
              "fullTitle": "2 - Adicione à página uma paleta de quatro cores distintas. Verifica se cada cor individual da paleta de cores possui a `classe` chamada `color`.",
              "timedOut": null,
              "duration": 4638,
              "state": "failed",
              "speed": null,
              "pass": false,
              "fail": true,
              "pending": false,
              "context": null,
              "code": "cy.get('.color').should('have.length', 4).then(function (colors) {\n  for (var i = 0; i < colors.length; i++) {\n    cy.wrap(colors[i]).should('be.visible');\n  }\n});",
              "err": {
                "message": "CypressError: Timed out retrying: Expected to find element: '.color', but never found it.",
                "estack": "CypressError: Timed out retrying: Expected to find element: '.color', but never found it.\n    at cypressErr (http://localhost:36629/__cypress/runner/cypress_runner.js:149934:9)\n    at throwErr (http://localhost:36629/__cypress/runner/cypress_runner.js:149867:11)\n    at Object.throwErrByPath (http://localhost:36629/__cypress/runner/cypress_runner.js:149915:3)\n    at retry (http://localhost:36629/__cypress/runner/cypress_runner.js:144197:19)\n    at onFailFn (http://localhost:36629/__cypress/runner/cypress_runner.js:132448:16)\n    at tryCatcher (http://localhost:36629/__cypress/runner/cypress_runner.js:167415:23)\n    at Promise._settlePromiseFromHandler (http://localhost:36629/__cypress/runner/cypress_runner.js:165351:31)\n    at Promise._settlePromise (http://localhost:36629/__cypress/runner/cypress_runner.js:165408:18)\n    at Promise._settlePromise0 (http://localhost:36629/__cypress/runner/cypress_runner.js:165453:10)\n    at Promise._settlePromises (http://localhost:36629/__cypress/runner/cypress_runner.js:165528:18)\n    at Async../node_modules/bluebird/js/release/async.js.Async._drainQueue (http://localhost:36629/__cypress/runner/cypress_runner.js:162140:16)\n    at Async../node_modules/bluebird/js/release/async.js.Async._drainQueues (http://localhost:36629/__cypress/runner/cypress_runner.js:162150:10)\n    at Async.drainQueues (http://localhost:36629/__cypress/runner/cypress_runner.js:162024:14)",
                "diff": null
              },
              "uuid": "43b45e39-6cb6-4f51-b7fd-ed9f2c079188",
              "parentUUID": "c4d25206-94f6-4e1e-abeb-6158541e1150",
              "isHook": false,
              "skipped": false
            },
            {
              "title": "Verifica se a cor de fundo de cada elemento da paleta é a cor que o elemento representa. **A única cor não permitida na paleta é a cor branca.**",
              "fullTitle": "2 - Adicione à página uma paleta de quatro cores distintas. Verifica se a cor de fundo de cada elemento da paleta é a cor que o elemento representa. **A única cor não permitida na paleta é a cor branca.**",
              "timedOut": null,
              "duration": 4657,
              "state": "failed",
              "speed": null,
              "pass": false,
              "fail": true,
              "pending": false,
              "context": null,
              "code": "cy.get('.color').each(function (color) {\n  cy.wrap(color).should('have.class', 'color').and('not.have.css', 'background-color', WHITE);\n  cy.wrap(color).should('have.css', 'background-color');\n});",
              "err": {
                "message": "CypressError: Timed out retrying: Expected to find element: '.color', but never found it.",
                "estack": "CypressError: Timed out retrying: Expected to find element: '.color', but never found it.\n    at cypressErr (http://localhost:36629/__cypress/runner/cypress_runner.js:149934:9)\n    at throwErr (http://localhost:36629/__cypress/runner/cypress_runner.js:149867:11)\n    at Object.throwErrByPath (http://localhost:36629/__cypress/runner/cypress_runner.js:149915:3)\n    at retry (http://localhost:36629/__cypress/runner/cypress_runner.js:144197:19)\n    at onFailFn (http://localhost:36629/__cypress/runner/cypress_runner.js:132448:16)\n    at tryCatcher (http://localhost:36629/__cypress/runner/cypress_runner.js:167415:23)\n    at Promise._settlePromiseFromHandler (http://localhost:36629/__cypress/runner/cypress_runner.js:165351:31)\n    at Promise._settlePromise (http://localhost:36629/__cypress/runner/cypress_runner.js:165408:18)\n    at Promise._settlePromise0 (http://localhost:36629/__cypress/runner/cypress_runner.js:165453:10)\n    at Promise._settlePromises (http://localhost:36629/__cypress/runner/cypress_runner.js:165528:18)\n    at Async../node_modules/bluebird/js/release/async.js.Async._drainQueue (http://localhost:36629/__cypress/runner/cypress_runner.js:162140:16)\n    at Async../node_modules/bluebird/js/release/async.js.Async._drainQueues (http://localhost:36629/__cypress/runner/cypress_runner.js:162150:10)\n    at Async.drainQueues (http://localhost:36629/__cypress/runner/cypress_runner.js:162024:14)",
                "diff": null
              },
              "uuid": "6069f7ee-a692-49f3-96d4-c44dd1b768a8",
              "parentUUID": "c4d25206-94f6-4e1e-abeb-6158541e1150",
              "isHook": false,
              "skipped": false
            },
            {
              "title": "Verifica se cada elemento da paleta de cores tem uma borda preta, sólida e com 1 pixel de largura;",
              "fullTitle": "2 - Adicione à página uma paleta de quatro cores distintas. Verifica se cada elemento da paleta de cores tem uma borda preta, sólida e com 1 pixel de largura;",
              "timedOut": null,
              "duration": 4597,
              "state": "failed",
              "speed": null,
              "pass": false,
              "fail": true,
              "pending": false,
              "context": null,
              "code": "cy.get('.color').each(function (color) {\n  cy.wrap(color).and('have.css', 'border', \"1px solid \".concat(BLACK)).and('have.class', 'color');\n});",
              "err": {
                "message": "CypressError: Timed out retrying: Expected to find element: '.color', but never found it.",
                "estack": "CypressError: Timed out retrying: Expected to find element: '.color', but never found it.\n    at cypressErr (http://localhost:36629/__cypress/runner/cypress_runner.js:149934:9)\n    at throwErr (http://localhost:36629/__cypress/runner/cypress_runner.js:149867:11)\n    at Object.throwErrByPath (http://localhost:36629/__cypress/runner/cypress_runner.js:149915:3)\n    at retry (http://localhost:36629/__cypress/runner/cypress_runner.js:144197:19)\n    at onFailFn (http://localhost:36629/__cypress/runner/cypress_runner.js:132448:16)\n    at tryCatcher (http://localhost:36629/__cypress/runner/cypress_runner.js:167415:23)\n    at Promise._settlePromiseFromHandler (http://localhost:36629/__cypress/runner/cypress_runner.js:165351:31)\n    at Promise._settlePromise (http://localhost:36629/__cypress/runner/cypress_runner.js:165408:18)\n    at Promise._settlePromise0 (http://localhost:36629/__cypress/runner/cypress_runner.js:165453:10)\n    at Promise._settlePromises (http://localhost:36629/__cypress/runner/cypress_runner.js:165528:18)\n    at Async../node_modules/bluebird/js/release/async.js.Async._drainQueue (http://localhost:36629/__cypress/runner/cypress_runner.js:162140:16)\n    at Async../node_modules/bluebird/js/release/async.js.Async._drainQueues (http://localhost:36629/__cypress/runner/cypress_runner.js:162150:10)\n    at Async.drainQueues (http://localhost:36629/__cypress/runner/cypress_runner.js:162024:14)",
                "diff": null
              },
              "uuid": "46907466-7e17-4559-8809-05f4844a30f6",
              "parentUUID": "c4d25206-94f6-4e1e-abeb-6158541e1150",
              "isHook": false,
              "skipped": false
            },
            {
              "title": "Verifica se a paleta lista todas as cores disponíveis para utilização, lado a lado.",
              "fullTitle": "2 - Adicione à página uma paleta de quatro cores distintas. Verifica se a paleta lista todas as cores disponíveis para utilização, lado a lado.",
              "timedOut": null,
              "duration": 4559,
              "state": "failed",
              "speed": null,
              "pass": false,
              "fail": true,
              "pending": false,
              "context": null,
              "code": "cy.get('.color').then(function (colors) {\n  for (var index = 1; index < colors.length; index += 1) {\n    var currentColor = colors[index];\n    var previousColor = colors[index - 1];\n    cy.wrap(currentColor).should('be.onTheRightOf', previousColor).and('be.horizontallyAlignedWith', previousColor);\n  }\n});",
              "err": {
                "message": "CypressError: Timed out retrying: Expected to find element: '.color', but never found it.",
                "estack": "CypressError: Timed out retrying: Expected to find element: '.color', but never found it.\n    at cypressErr (http://localhost:36629/__cypress/runner/cypress_runner.js:149934:9)\n    at throwErr (http://localhost:36629/__cypress/runner/cypress_runner.js:149867:11)\n    at Object.throwErrByPath (http://localhost:36629/__cypress/runner/cypress_runner.js:149915:3)\n    at retry (http://localhost:36629/__cypress/runner/cypress_runner.js:144197:19)\n    at onFailFn (http://localhost:36629/__cypress/runner/cypress_runner.js:132448:16)\n    at tryCatcher (http://localhost:36629/__cypress/runner/cypress_runner.js:167415:23)\n    at Promise._settlePromiseFromHandler (http://localhost:36629/__cypress/runner/cypress_runner.js:165351:31)\n    at Promise._settlePromise (http://localhost:36629/__cypress/runner/cypress_runner.js:165408:18)\n    at Promise._settlePromise0 (http://localhost:36629/__cypress/runner/cypress_runner.js:165453:10)\n    at Promise._settlePromises (http://localhost:36629/__cypress/runner/cypress_runner.js:165528:18)\n    at Async../node_modules/bluebird/js/release/async.js.Async._drainQueue (http://localhost:36629/__cypress/runner/cypress_runner.js:162140:16)\n    at Async../node_modules/bluebird/js/release/async.js.Async._drainQueues (http://localhost:36629/__cypress/runner/cypress_runner.js:162150:10)\n    at Async.drainQueues (http://localhost:36629/__cypress/runner/cypress_runner.js:162024:14)",
                "diff": null
              },
              "uuid": "7b4fad10-d2ba-4cd7-96a3-e37cbcb49ce1",
              "parentUUID": "c4d25206-94f6-4e1e-abeb-6158541e1150",
              "isHook": false,
              "skipped": false
            },
            {
              "title": "Verifica se a paleta de cores está posicionada abaixo do título 'Paleta de Cores'",
              "fullTitle": "2 - Adicione à página uma paleta de quatro cores distintas. Verifica se a paleta de cores está posicionada abaixo do título 'Paleta de Cores'",
              "timedOut": null,
              "duration": 4701,
              "state": "failed",
              "speed": null,
              "pass": false,
              "fail": true,
              "pending": false,
              "context": null,
              "code": "cy.get('h1#title').then(function (title) {\n  cy.get('#color-palette').should('be.belowOf', title);\n});",
              "err": {
                "message": "CypressError: Timed out retrying: Expected to find element: '#color-palette', but never found it.",
                "estack": "CypressError: Timed out retrying: Expected to find element: '#color-palette', but never found it.\n    at cypressErr (http://localhost:36629/__cypress/runner/cypress_runner.js:149934:9)\n    at throwErr (http://localhost:36629/__cypress/runner/cypress_runner.js:149867:11)\n    at Object.throwErrByPath (http://localhost:36629/__cypress/runner/cypress_runner.js:149915:3)\n    at retry (http://localhost:36629/__cypress/runner/cypress_runner.js:144197:19)\n    at onFailFn (http://localhost:36629/__cypress/runner/cypress_runner.js:132448:16)\n    at tryCatcher (http://localhost:36629/__cypress/runner/cypress_runner.js:167415:23)\n    at Promise._settlePromiseFromHandler (http://localhost:36629/__cypress/runner/cypress_runner.js:165351:31)\n    at Promise._settlePromise (http://localhost:36629/__cypress/runner/cypress_runner.js:165408:18)\n    at Promise._settlePromise0 (http://localhost:36629/__cypress/runner/cypress_runner.js:165453:10)\n    at Promise._settlePromises (http://localhost:36629/__cypress/runner/cypress_runner.js:165528:18)\n    at Async../node_modules/bluebird/js/release/async.js.Async._drainQueue (http://localhost:36629/__cypress/runner/cypress_runner.js:162140:16)\n    at Async../node_modules/bluebird/js/release/async.js.Async._drainQueues (http://localhost:36629/__cypress/runner/cypress_runner.js:162150:10)\n    at Async.drainQueues (http://localhost:36629/__cypress/runner/cypress_runner.js:162024:14)",
                "diff": null
              },
              "uuid": "4fea9eb4-95ba-425d-93d5-7a4fafe6d9a6",
              "parentUUID": "c4d25206-94f6-4e1e-abeb-6158541e1150",
              "isHook": false,
              "skipped": false
            },
            {
              "title": "Verifica se a paleta de cores não contém cores repetidas.",
              "fullTitle": "2 - Adicione à página uma paleta de quatro cores distintas. Verifica se a paleta de cores não contém cores repetidas.",
              "timedOut": null,
              "duration": 4600,
              "state": "failed",
              "speed": null,
              "pass": false,
              "fail": true,
              "pending": false,
              "context": null,
              "code": "cy.get('.color').then(function (colors) {\n  var allColors = Array.from(colors).map(function (color) {\n    return Cypress.$(color).css('background-color');\n  });\n  cy.log(allColors);\n  var uniqColors = (0, _toConsumableArray2[\"default\"])(new Set(allColors));\n  cy.log(uniqColors);\n  expect(allColors.length).to.eq(uniqColors.length);\n});",
              "err": {
                "message": "CypressError: Timed out retrying: Expected to find element: '.color', but never found it.",
                "estack": "CypressError: Timed out retrying: Expected to find element: '.color', but never found it.\n    at cypressErr (http://localhost:36629/__cypress/runner/cypress_runner.js:149934:9)\n    at throwErr (http://localhost:36629/__cypress/runner/cypress_runner.js:149867:11)\n    at Object.throwErrByPath (http://localhost:36629/__cypress/runner/cypress_runner.js:149915:3)\n    at retry (http://localhost:36629/__cypress/runner/cypress_runner.js:144197:19)\n    at onFailFn (http://localhost:36629/__cypress/runner/cypress_runner.js:132448:16)\n    at tryCatcher (http://localhost:36629/__cypress/runner/cypress_runner.js:167415:23)\n    at Promise._settlePromiseFromHandler (http://localhost:36629/__cypress/runner/cypress_runner.js:165351:31)\n    at Promise._settlePromise (http://localhost:36629/__cypress/runner/cypress_runner.js:165408:18)\n    at Promise._settlePromise0 (http://localhost:36629/__cypress/runner/cypress_runner.js:165453:10)\n    at Promise._settlePromises (http://localhost:36629/__cypress/runner/cypress_runner.js:165528:18)\n    at Async../node_modules/bluebird/js/release/async.js.Async._drainQueue (http://localhost:36629/__cypress/runner/cypress_runner.js:162140:16)\n    at Async../node_modules/bluebird/js/release/async.js.Async._drainQueues (http://localhost:36629/__cypress/runner/cypress_runner.js:162150:10)\n    at Async.drainQueues (http://localhost:36629/__cypress/runner/cypress_runner.js:162024:14)",
                "diff": null
              },
              "uuid": "db76e3a1-9341-497f-b493-9c042a7ff450",
              "parentUUID": "c4d25206-94f6-4e1e-abeb-6158541e1150",
              "isHook": false,
              "skipped": false
            }
          ],
          "suites": [],
          "passes": [],
          "failures": [
            "f617f4cf-6a81-4bc7-a23a-b6c1be43f200",
            "43b45e39-6cb6-4f51-b7fd-ed9f2c079188",
            "6069f7ee-a692-49f3-96d4-c44dd1b768a8",
            "46907466-7e17-4559-8809-05f4844a30f6",
            "7b4fad10-d2ba-4cd7-96a3-e37cbcb49ce1",
            "4fea9eb4-95ba-425d-93d5-7a4fafe6d9a6",
            "db76e3a1-9341-497f-b493-9c042a7ff450"
          ],
          "pending": [],
          "skipped": [],
          "duration": 32531,
          "root": false,
          "rootEmpty": false,
          "_timeout": 2000
        },
        {
          "uuid": "2a48b026-72d8-44af-85f6-f2157c27a400",
          "title": "3 - Adicione a cor **preta** como a primeira cor da paleta de cores.",
          "fullFile": "",
          "file": "",
          "beforeHooks": [],
          "afterHooks": [],
          "tests": [
            {
              "title": "Verifica se a primeira cor da paleta é preta",
              "fullTitle": "3 - Adicione a cor **preta** como a primeira cor da paleta de cores. Verifica se a primeira cor da paleta é preta",
              "timedOut": null,
              "duration": 4705,
              "state": "failed",
              "speed": null,
              "pass": false,
              "fail": true,
              "pending": false,
              "context": null,
              "code": "cy.get('.color').first().should('have.css', 'background-color', BLACK);",
              "err": {
                "message": "CypressError: Timed out retrying: Expected to find element: '.color', but never found it.",
                "estack": "CypressError: Timed out retrying: Expected to find element: '.color', but never found it.\n    at cypressErr (http://localhost:36629/__cypress/runner/cypress_runner.js:149934:9)\n    at throwErr (http://localhost:36629/__cypress/runner/cypress_runner.js:149867:11)\n    at Object.throwErrByPath (http://localhost:36629/__cypress/runner/cypress_runner.js:149915:3)\n    at retry (http://localhost:36629/__cypress/runner/cypress_runner.js:144197:19)\n    at onFailFn (http://localhost:36629/__cypress/runner/cypress_runner.js:132448:16)\n    at tryCatcher (http://localhost:36629/__cypress/runner/cypress_runner.js:167415:23)\n    at Promise._settlePromiseFromHandler (http://localhost:36629/__cypress/runner/cypress_runner.js:165351:31)\n    at Promise._settlePromise (http://localhost:36629/__cypress/runner/cypress_runner.js:165408:18)\n    at Promise._settlePromise0 (http://localhost:36629/__cypress/runner/cypress_runner.js:165453:10)\n    at Promise._settlePromises (http://localhost:36629/__cypress/runner/cypress_runner.js:165528:18)\n    at Async../node_modules/bluebird/js/release/async.js.Async._drainQueue (http://localhost:36629/__cypress/runner/cypress_runner.js:162140:16)\n    at Async../node_modules/bluebird/js/release/async.js.Async._drainQueues (http://localhost:36629/__cypress/runner/cypress_runner.js:162150:10)\n    at Async.drainQueues (http://localhost:36629/__cypress/runner/cypress_runner.js:162024:14)",
                "diff": null
              },
              "uuid": "f31596fe-5a84-4035-a824-0958ebca7f3d",
              "parentUUID": "2a48b026-72d8-44af-85f6-f2157c27a400",
              "isHook": false,
              "skipped": false
            },
            {
              "title": "Verifica se as demais cores podem ser escolhidas livremente.",
              "fullTitle": "3 - Adicione a cor **preta** como a primeira cor da paleta de cores. Verifica se as demais cores podem ser escolhidas livremente.",
              "timedOut": null,
              "duration": 4632,
              "state": "failed",
              "speed": null,
              "pass": false,
              "fail": true,
              "pending": false,
              "context": null,
              "code": "cy.get('.color').eq(1).should('not.have.css', 'background-color', BLACK);\ncy.get('.color').eq(1).should('not.have.css', 'background-color', WHITE);\ncy.get('.color').eq(1).should('not.have.css', 'background-color', 'rgba(0, 0, 0, 0)');\ncy.get('.color').eq(1).should('have.css', 'background-color');\ncy.get('.color').eq(2).should('not.have.css', 'background-color', BLACK);\ncy.get('.color').eq(2).should('not.have.css', 'background-color', WHITE);\ncy.get('.color').eq(2).should('not.have.css', 'background-color', 'rgba(0, 0, 0, 0)');\ncy.get('.color').eq(2).should('have.css', 'background-color');\ncy.get('.color').eq(3).should('not.have.css', 'background-color', BLACK);\ncy.get('.color').eq(3).should('not.have.css', 'background-color', WHITE);\ncy.get('.color').eq(3).should('not.have.css', 'background-color', 'rgba(0, 0, 0, 0)');\ncy.get('.color').eq(3).should('have.css', 'background-color');",
              "err": {
                "message": "CypressError: Timed out retrying: Expected to find element: '.color', but never found it.",
                "estack": "CypressError: Timed out retrying: Expected to find element: '.color', but never found it.\n    at cypressErr (http://localhost:36629/__cypress/runner/cypress_runner.js:149934:9)\n    at throwErr (http://localhost:36629/__cypress/runner/cypress_runner.js:149867:11)\n    at Object.throwErrByPath (http://localhost:36629/__cypress/runner/cypress_runner.js:149915:3)\n    at retry (http://localhost:36629/__cypress/runner/cypress_runner.js:144197:19)\n    at onFailFn (http://localhost:36629/__cypress/runner/cypress_runner.js:132448:16)\n    at tryCatcher (http://localhost:36629/__cypress/runner/cypress_runner.js:167415:23)\n    at Promise._settlePromiseFromHandler (http://localhost:36629/__cypress/runner/cypress_runner.js:165351:31)\n    at Promise._settlePromise (http://localhost:36629/__cypress/runner/cypress_runner.js:165408:18)\n    at Promise._settlePromise0 (http://localhost:36629/__cypress/runner/cypress_runner.js:165453:10)\n    at Promise._settlePromises (http://localhost:36629/__cypress/runner/cypress_runner.js:165528:18)\n    at Async../node_modules/bluebird/js/release/async.js.Async._drainQueue (http://localhost:36629/__cypress/runner/cypress_runner.js:162140:16)\n    at Async../node_modules/bluebird/js/release/async.js.Async._drainQueues (http://localhost:36629/__cypress/runner/cypress_runner.js:162150:10)\n    at Async.drainQueues (http://localhost:36629/__cypress/runner/cypress_runner.js:162024:14)",
                "diff": null
              },
              "uuid": "e9eac063-bdb6-4216-86ce-375ef4cffcbc",
              "parentUUID": "2a48b026-72d8-44af-85f6-f2157c27a400",
              "isHook": false,
              "skipped": false
            }
          ],
          "suites": [],
          "passes": [],
          "failures": [
            "f31596fe-5a84-4035-a824-0958ebca7f3d",
            "e9eac063-bdb6-4216-86ce-375ef4cffcbc"
          ],
          "pending": [],
          "skipped": [],
          "duration": 9337,
          "root": false,
          "rootEmpty": false,
          "_timeout": 2000
        },
        {
          "uuid": "31cbefd1-2e1a-4f73-9811-84911827bd19",
          "title": "4 - Adicione à página um quadro de pixels, com 25 pixels.",
          "fullFile": "",
          "file": "",
          "beforeHooks": [],
          "afterHooks": [],
          "tests": [
            {
              "title": "Verifica se o quadro de pixels possui o `id` denominado `pixel-board`",
              "fullTitle": "4 - Adicione à página um quadro de pixels, com 25 pixels. Verifica se o quadro de pixels possui o `id` denominado `pixel-board`",
              "timedOut": null,
              "duration": 4671,
              "state": "failed",
              "speed": null,
              "pass": false,
              "fail": true,
              "pending": false,
              "context": null,
              "code": "cy.get('#pixel-board').should('be.visible');",
              "err": {
                "message": "CypressError: Timed out retrying: Expected to find element: '#pixel-board', but never found it.",
                "estack": "CypressError: Timed out retrying: Expected to find element: '#pixel-board', but never found it.\n    at cypressErr (http://localhost:36629/__cypress/runner/cypress_runner.js:149934:9)\n    at throwErr (http://localhost:36629/__cypress/runner/cypress_runner.js:149867:11)\n    at Object.throwErrByPath (http://localhost:36629/__cypress/runner/cypress_runner.js:149915:3)\n    at retry (http://localhost:36629/__cypress/runner/cypress_runner.js:144197:19)\n    at onFailFn (http://localhost:36629/__cypress/runner/cypress_runner.js:132448:16)\n    at tryCatcher (http://localhost:36629/__cypress/runner/cypress_runner.js:167415:23)\n    at Promise._settlePromiseFromHandler (http://localhost:36629/__cypress/runner/cypress_runner.js:165351:31)\n    at Promise._settlePromise (http://localhost:36629/__cypress/runner/cypress_runner.js:165408:18)\n    at Promise._settlePromise0 (http://localhost:36629/__cypress/runner/cypress_runner.js:165453:10)\n    at Promise._settlePromises (http://localhost:36629/__cypress/runner/cypress_runner.js:165528:18)\n    at Async../node_modules/bluebird/js/release/async.js.Async._drainQueue (http://localhost:36629/__cypress/runner/cypress_runner.js:162140:16)\n    at Async../node_modules/bluebird/js/release/async.js.Async._drainQueues (http://localhost:36629/__cypress/runner/cypress_runner.js:162150:10)\n    at Async.drainQueues (http://localhost:36629/__cypress/runner/cypress_runner.js:162024:14)",
                "diff": null
              },
              "uuid": "499e8f30-bc29-4aff-bbaf-e7a1aeb65909",
              "parentUUID": "31cbefd1-2e1a-4f73-9811-84911827bd19",
              "isHook": false,
              "skipped": false
            },
            {
              "title": "Verifica se cada pixel individual dentro do quadro possui a `classe` denominada `pixel`.",
              "fullTitle": "4 - Adicione à página um quadro de pixels, com 25 pixels. Verifica se cada pixel individual dentro do quadro possui a `classe` denominada `pixel`.",
              "timedOut": null,
              "duration": 4884,
              "state": "failed",
              "speed": null,
              "pass": false,
              "fail": true,
              "pending": false,
              "context": null,
              "code": "cy.get('.pixel').should('have.length', 25);",
              "err": {
                "message": "CypressError: Timed out retrying: Expected to find element: '.pixel', but never found it.",
                "estack": "CypressError: Timed out retrying: Expected to find element: '.pixel', but never found it.\n    at cypressErr (http://localhost:36629/__cypress/runner/cypress_runner.js:149934:9)\n    at throwErr (http://localhost:36629/__cypress/runner/cypress_runner.js:149867:11)\n    at Object.throwErrByPath (http://localhost:36629/__cypress/runner/cypress_runner.js:149915:3)\n    at retry (http://localhost:36629/__cypress/runner/cypress_runner.js:144197:19)\n    at onFailFn (http://localhost:36629/__cypress/runner/cypress_runner.js:132448:16)\n    at tryCatcher (http://localhost:36629/__cypress/runner/cypress_runner.js:167415:23)\n    at Promise._settlePromiseFromHandler (http://localhost:36629/__cypress/runner/cypress_runner.js:165351:31)\n    at Promise._settlePromise (http://localhost:36629/__cypress/runner/cypress_runner.js:165408:18)\n    at Promise._settlePromise0 (http://localhost:36629/__cypress/runner/cypress_runner.js:165453:10)\n    at Promise._settlePromises (http://localhost:36629/__cypress/runner/cypress_runner.js:165528:18)\n    at Async../node_modules/bluebird/js/release/async.js.Async._drainQueue (http://localhost:36629/__cypress/runner/cypress_runner.js:162140:16)\n    at Async../node_modules/bluebird/js/release/async.js.Async._drainQueues (http://localhost:36629/__cypress/runner/cypress_runner.js:162150:10)\n    at Async.drainQueues (http://localhost:36629/__cypress/runner/cypress_runner.js:162024:14)",
                "diff": null
              },
              "uuid": "59fafc83-30f8-4d84-912e-f118bbcbd873",
              "parentUUID": "31cbefd1-2e1a-4f73-9811-84911827bd19",
              "isHook": false,
              "skipped": false
            },
            {
              "title": "Verifica se a cor inicial dos pixels dentro do quadro, ao abrir a página, é branca.",
              "fullTitle": "4 - Adicione à página um quadro de pixels, com 25 pixels. Verifica se a cor inicial dos pixels dentro do quadro, ao abrir a página, é branca.",
              "timedOut": null,
              "duration": 4685,
              "state": "failed",
              "speed": null,
              "pass": false,
              "fail": true,
              "pending": false,
              "context": null,
              "code": "cy.get('.pixel').should('have.length', 25).each(function (pixel) {\n  expect(pixel).to.have.css('background-color', WHITE);\n});",
              "err": {
                "message": "CypressError: Timed out retrying: Expected to find element: '.pixel', but never found it.",
                "estack": "CypressError: Timed out retrying: Expected to find element: '.pixel', but never found it.\n    at cypressErr (http://localhost:36629/__cypress/runner/cypress_runner.js:149934:9)\n    at throwErr (http://localhost:36629/__cypress/runner/cypress_runner.js:149867:11)\n    at Object.throwErrByPath (http://localhost:36629/__cypress/runner/cypress_runner.js:149915:3)\n    at retry (http://localhost:36629/__cypress/runner/cypress_runner.js:144197:19)\n    at onFailFn (http://localhost:36629/__cypress/runner/cypress_runner.js:132448:16)\n    at tryCatcher (http://localhost:36629/__cypress/runner/cypress_runner.js:167415:23)\n    at Promise._settlePromiseFromHandler (http://localhost:36629/__cypress/runner/cypress_runner.js:165351:31)\n    at Promise._settlePromise (http://localhost:36629/__cypress/runner/cypress_runner.js:165408:18)\n    at Promise._settlePromise0 (http://localhost:36629/__cypress/runner/cypress_runner.js:165453:10)\n    at Promise._settlePromises (http://localhost:36629/__cypress/runner/cypress_runner.js:165528:18)\n    at Async../node_modules/bluebird/js/release/async.js.Async._drainQueue (http://localhost:36629/__cypress/runner/cypress_runner.js:162140:16)\n    at Async../node_modules/bluebird/js/release/async.js.Async._drainQueues (http://localhost:36629/__cypress/runner/cypress_runner.js:162150:10)\n    at Async.drainQueues (http://localhost:36629/__cypress/runner/cypress_runner.js:162024:14)",
                "diff": null
              },
              "uuid": "0762cf41-6078-423e-a20f-dcb05cf3afea",
              "parentUUID": "31cbefd1-2e1a-4f73-9811-84911827bd19",
              "isHook": false,
              "skipped": false
            },
            {
              "title": "Verifica se o quadro de pixels aparece abaixo da paleta de cores",
              "fullTitle": "4 - Adicione à página um quadro de pixels, com 25 pixels. Verifica se o quadro de pixels aparece abaixo da paleta de cores",
              "timedOut": null,
              "duration": 4704,
              "state": "failed",
              "speed": null,
              "pass": false,
              "fail": true,
              "pending": false,
              "context": null,
              "code": "cy.get('#color-palette').then(function (palette) {\n  cy.get('#pixel-board').should('be.belowOf', palette);\n});",
              "err": {
                "message": "CypressError: Timed out retrying: Expected to find element: '#color-palette', but never found it.",
                "estack": "CypressError: Timed out retrying: Expected to find element: '#color-palette', but never found it.\n    at cypressErr (http://localhost:36629/__cypress/runner/cypress_runner.js:149934:9)\n    at throwErr (http://localhost:36629/__cypress/runner/cypress_runner.js:149867:11)\n    at Object.throwErrByPath (http://localhost:36629/__cypress/runner/cypress_runner.js:149915:3)\n    at retry (http://localhost:36629/__cypress/runner/cypress_runner.js:144197:19)\n    at onFailFn (http://localhost:36629/__cypress/runner/cypress_runner.js:132448:16)\n    at tryCatcher (http://localhost:36629/__cypress/runner/cypress_runner.js:167415:23)\n    at Promise._settlePromiseFromHandler (http://localhost:36629/__cypress/runner/cypress_runner.js:165351:31)\n    at Promise._settlePromise (http://localhost:36629/__cypress/runner/cypress_runner.js:165408:18)\n    at Promise._settlePromise0 (http://localhost:36629/__cypress/runner/cypress_runner.js:165453:10)\n    at Promise._settlePromises (http://localhost:36629/__cypress/runner/cypress_runner.js:165528:18)\n    at Async../node_modules/bluebird/js/release/async.js.Async._drainQueue (http://localhost:36629/__cypress/runner/cypress_runner.js:162140:16)\n    at Async../node_modules/bluebird/js/release/async.js.Async._drainQueues (http://localhost:36629/__cypress/runner/cypress_runner.js:162150:10)\n    at Async.drainQueues (http://localhost:36629/__cypress/runner/cypress_runner.js:162024:14)",
                "diff": null
              },
              "uuid": "4103e928-162d-45bd-b142-c96fff2ac26f",
              "parentUUID": "31cbefd1-2e1a-4f73-9811-84911827bd19",
              "isHook": false,
              "skipped": false
            }
          ],
          "suites": [],
          "passes": [],
          "failures": [
            "499e8f30-bc29-4aff-bbaf-e7a1aeb65909",
            "59fafc83-30f8-4d84-912e-f118bbcbd873",
            "0762cf41-6078-423e-a20f-dcb05cf3afea",
            "4103e928-162d-45bd-b142-c96fff2ac26f"
          ],
          "pending": [],
          "skipped": [],
          "duration": 18944,
          "root": false,
          "rootEmpty": false,
          "_timeout": 2000
        },
        {
          "uuid": "240bc679-a7a4-49be-9fa6-ce8789259db8",
          "title": "5 - Faça com que cada elemento do quadro de pixels possua 40 pixels de largura, 40 pixels de altura e seja delimitado por uma borda preta de 1 pixel.",
          "fullFile": "",
          "file": "",
          "beforeHooks": [],
          "afterHooks": [],
          "tests": [
            {
              "title": "Verifica se o quadro de pixels tem altura e comprimento de 5 elementos",
              "fullTitle": "5 - Faça com que cada elemento do quadro de pixels possua 40 pixels de largura, 40 pixels de altura e seja delimitado por uma borda preta de 1 pixel. Verifica se o quadro de pixels tem altura e comprimento de 5 elementos",
              "timedOut": null,
              "duration": 4594,
              "state": "failed",
              "speed": null,
              "pass": false,
              "fail": true,
              "pending": false,
              "context": null,
              "code": "cy.get('.pixel').should('have.length', 25).each(function (pixel) {\n  expect(pixel).to.have.css('background-color', WHITE);\n}).and(function (pixels) {\n  var rows = chunk(pixels, 5);\n  rows.forEach(function (row) {\n    for (var index = 1; index < row.length; index += 1) {\n      var current = pixels[index];\n      var previous = pixels[index - 1];\n      cy.wrap(current).should('be.onTheRightOf', previous).and('be.horizontallyAlignedWith', previous);\n    }\n  });\n  for (var index = 1; index < 5; index += 1) {\n    expect(pixels[index * 5]).to.be.belowOf(pixels[(index - 1) * 5]);\n  }\n});",
              "err": {
                "message": "CypressError: Timed out retrying: Expected to find element: '.pixel', but never found it.",
                "estack": "CypressError: Timed out retrying: Expected to find element: '.pixel', but never found it.\n    at cypressErr (http://localhost:36629/__cypress/runner/cypress_runner.js:149934:9)\n    at throwErr (http://localhost:36629/__cypress/runner/cypress_runner.js:149867:11)\n    at Object.throwErrByPath (http://localhost:36629/__cypress/runner/cypress_runner.js:149915:3)\n    at retry (http://localhost:36629/__cypress/runner/cypress_runner.js:144197:19)\n    at onFailFn (http://localhost:36629/__cypress/runner/cypress_runner.js:132448:16)\n    at tryCatcher (http://localhost:36629/__cypress/runner/cypress_runner.js:167415:23)\n    at Promise._settlePromiseFromHandler (http://localhost:36629/__cypress/runner/cypress_runner.js:165351:31)\n    at Promise._settlePromise (http://localhost:36629/__cypress/runner/cypress_runner.js:165408:18)\n    at Promise._settlePromise0 (http://localhost:36629/__cypress/runner/cypress_runner.js:165453:10)\n    at Promise._settlePromises (http://localhost:36629/__cypress/runner/cypress_runner.js:165528:18)\n    at Async../node_modules/bluebird/js/release/async.js.Async._drainQueue (http://localhost:36629/__cypress/runner/cypress_runner.js:162140:16)\n    at Async../node_modules/bluebird/js/release/async.js.Async._drainQueues (http://localhost:36629/__cypress/runner/cypress_runner.js:162150:10)\n    at Async.drainQueues (http://localhost:36629/__cypress/runner/cypress_runner.js:162024:14)",
                "diff": null
              },
              "uuid": "2af4862f-5aa8-47c9-91a6-bde83214308e",
              "parentUUID": "240bc679-a7a4-49be-9fa6-ce8789259db8",
              "isHook": false,
              "skipped": false
            },
            {
              "title": "Verifica se 40 pixels é o tamanho total do elemento, incluindo seu conteúdo e excluindo a borda preta, que deve ser criada à parte.",
              "fullTitle": "5 - Faça com que cada elemento do quadro de pixels possua 40 pixels de largura, 40 pixels de altura e seja delimitado por uma borda preta de 1 pixel. Verifica se 40 pixels é o tamanho total do elemento, incluindo seu conteúdo e excluindo a borda preta, que deve ser criada à parte.",
              "timedOut": null,
              "duration": 4657,
              "state": "failed",
              "speed": null,
              "pass": false,
              "fail": true,
              "pending": false,
              "context": null,
              "code": "cy.get('.pixel').each(function (pixel) {\n  cy.wrap(pixel).should('have.css', 'height', '40px').and('have.css', 'width', '40px').and('have.css', 'border', \"1px solid \".concat(BLACK));\n});",
              "err": {
                "message": "CypressError: Timed out retrying: Expected to find element: '.pixel', but never found it.",
                "estack": "CypressError: Timed out retrying: Expected to find element: '.pixel', but never found it.\n    at cypressErr (http://localhost:36629/__cypress/runner/cypress_runner.js:149934:9)\n    at throwErr (http://localhost:36629/__cypress/runner/cypress_runner.js:149867:11)\n    at Object.throwErrByPath (http://localhost:36629/__cypress/runner/cypress_runner.js:149915:3)\n    at retry (http://localhost:36629/__cypress/runner/cypress_runner.js:144197:19)\n    at onFailFn (http://localhost:36629/__cypress/runner/cypress_runner.js:132448:16)\n    at tryCatcher (http://localhost:36629/__cypress/runner/cypress_runner.js:167415:23)\n    at Promise._settlePromiseFromHandler (http://localhost:36629/__cypress/runner/cypress_runner.js:165351:31)\n    at Promise._settlePromise (http://localhost:36629/__cypress/runner/cypress_runner.js:165408:18)\n    at Promise._settlePromise0 (http://localhost:36629/__cypress/runner/cypress_runner.js:165453:10)\n    at Promise._settlePromises (http://localhost:36629/__cypress/runner/cypress_runner.js:165528:18)\n    at Async../node_modules/bluebird/js/release/async.js.Async._drainQueue (http://localhost:36629/__cypress/runner/cypress_runner.js:162140:16)\n    at Async../node_modules/bluebird/js/release/async.js.Async._drainQueues (http://localhost:36629/__cypress/runner/cypress_runner.js:162150:10)\n    at Async.drainQueues (http://localhost:36629/__cypress/runner/cypress_runner.js:162024:14)",
                "diff": null
              },
              "uuid": "a6465715-fc75-4715-9c12-4363b0515497",
              "parentUUID": "240bc679-a7a4-49be-9fa6-ce8789259db8",
              "isHook": false,
              "skipped": false
            }
          ],
          "suites": [],
          "passes": [],
          "failures": [
            "2af4862f-5aa8-47c9-91a6-bde83214308e",
            "a6465715-fc75-4715-9c12-4363b0515497"
          ],
          "pending": [],
          "skipped": [],
          "duration": 9251,
          "root": false,
          "rootEmpty": false,
          "_timeout": 2000
        },
        {
          "uuid": "da55e732-1fda-4819-8bb9-6bbfcdd036d7",
          "title": "6 - Defina a cor preta como cor inicial. Ao carregar a página a cor preta já deve estar selecionada para pintar os pixels",
          "fullFile": "",
          "file": "",
          "beforeHooks": [],
          "afterHooks": [],
          "tests": [
            {
              "title": "Verifica se o elemento da cor preta possui, inicialmente, a `classe` `selected`",
              "fullTitle": "6 - Defina a cor preta como cor inicial. Ao carregar a página a cor preta já deve estar selecionada para pintar os pixels Verifica se o elemento da cor preta possui, inicialmente, a `classe` `selected`",
              "timedOut": null,
              "duration": 4810,
              "state": "failed",
              "speed": null,
              "pass": false,
              "fail": true,
              "pending": false,
              "context": null,
              "code": "cy.get('.selected').first().should('have.css', 'background-color', BLACK);",
              "err": {
                "message": "CypressError: Timed out retrying: Expected to find element: '.selected', but never found it.",
                "estack": "CypressError: Timed out retrying: Expected to find element: '.selected', but never found it.\n    at cypressErr (http://localhost:36629/__cypress/runner/cypress_runner.js:149934:9)\n    at throwErr (http://localhost:36629/__cypress/runner/cypress_runner.js:149867:11)\n    at Object.throwErrByPath (http://localhost:36629/__cypress/runner/cypress_runner.js:149915:3)\n    at retry (http://localhost:36629/__cypress/runner/cypress_runner.js:144197:19)\n    at onFailFn (http://localhost:36629/__cypress/runner/cypress_runner.js:132448:16)\n    at tryCatcher (http://localhost:36629/__cypress/runner/cypress_runner.js:167415:23)\n    at Promise._settlePromiseFromHandler (http://localhost:36629/__cypress/runner/cypress_runner.js:165351:31)\n    at Promise._settlePromise (http://localhost:36629/__cypress/runner/cypress_runner.js:165408:18)\n    at Promise._settlePromise0 (http://localhost:36629/__cypress/runner/cypress_runner.js:165453:10)\n    at Promise._settlePromises (http://localhost:36629/__cypress/runner/cypress_runner.js:165528:18)\n    at Async../node_modules/bluebird/js/release/async.js.Async._drainQueue (http://localhost:36629/__cypress/runner/cypress_runner.js:162140:16)\n    at Async../node_modules/bluebird/js/release/async.js.Async._drainQueues (http://localhost:36629/__cypress/runner/cypress_runner.js:162150:10)\n    at Async.drainQueues (http://localhost:36629/__cypress/runner/cypress_runner.js:162024:14)",
                "diff": null
              },
              "uuid": "91889b9e-3d59-4a90-bac9-dcc344c63ba8",
              "parentUUID": "da55e732-1fda-4819-8bb9-6bbfcdd036d7",
              "isHook": false,
              "skipped": false
            },
            {
              "title": "Verifica se nenhuma outra cor da paleta tem a `classe` `selected`",
              "fullTitle": "6 - Defina a cor preta como cor inicial. Ao carregar a página a cor preta já deve estar selecionada para pintar os pixels Verifica se nenhuma outra cor da paleta tem a `classe` `selected`",
              "timedOut": null,
              "duration": 4610,
              "state": "failed",
              "speed": null,
              "pass": false,
              "fail": true,
              "pending": false,
              "context": null,
              "code": "cy.get('.color:not(:first-child)').each(function (color) {\n  cy.wrap(color).should('not.have.class', 'selected');\n});",
              "err": {
                "message": "CypressError: Timed out retrying: Expected to find element: '.color:not(:first-child)', but never found it.",
                "estack": "CypressError: Timed out retrying: Expected to find element: '.color:not(:first-child)', but never found it.\n    at cypressErr (http://localhost:36629/__cypress/runner/cypress_runner.js:149934:9)\n    at throwErr (http://localhost:36629/__cypress/runner/cypress_runner.js:149867:11)\n    at Object.throwErrByPath (http://localhost:36629/__cypress/runner/cypress_runner.js:149915:3)\n    at retry (http://localhost:36629/__cypress/runner/cypress_runner.js:144197:19)\n    at onFailFn (http://localhost:36629/__cypress/runner/cypress_runner.js:132448:16)\n    at tryCatcher (http://localhost:36629/__cypress/runner/cypress_runner.js:167415:23)\n    at Promise._settlePromiseFromHandler (http://localhost:36629/__cypress/runner/cypress_runner.js:165351:31)\n    at Promise._settlePromise (http://localhost:36629/__cypress/runner/cypress_runner.js:165408:18)\n    at Promise._settlePromise0 (http://localhost:36629/__cypress/runner/cypress_runner.js:165453:10)\n    at Promise._settlePromises (http://localhost:36629/__cypress/runner/cypress_runner.js:165528:18)\n    at Async../node_modules/bluebird/js/release/async.js.Async._drainQueue (http://localhost:36629/__cypress/runner/cypress_runner.js:162140:16)\n    at Async../node_modules/bluebird/js/release/async.js.Async._drainQueues (http://localhost:36629/__cypress/runner/cypress_runner.js:162150:10)\n    at Async.drainQueues (http://localhost:36629/__cypress/runner/cypress_runner.js:162024:14)",
                "diff": null
              },
              "uuid": "2e9b96a4-3eda-4a0b-b1f0-dc960b9239f9",
              "parentUUID": "da55e732-1fda-4819-8bb9-6bbfcdd036d7",
              "isHook": false,
              "skipped": false
            }
          ],
          "suites": [],
          "passes": [],
          "failures": [
            "91889b9e-3d59-4a90-bac9-dcc344c63ba8",
            "2e9b96a4-3eda-4a0b-b1f0-dc960b9239f9"
          ],
          "pending": [],
          "skipped": [],
          "duration": 9420,
          "root": false,
          "rootEmpty": false,
          "_timeout": 2000
        },
        {
          "uuid": "b181e5ea-9b29-458f-92b3-525ee26f8b6c",
          "title": "7 - Clicar em uma das cores da paleta, faz com que ela seja selecionada e utilizada para preencher os pixels no quadro.",
          "fullFile": "",
          "file": "",
          "beforeHooks": [],
          "afterHooks": [],
          "tests": [
            {
              "title": "Verifica se somente uma cor da paleta de cores tem a classe `selected` de cada vez",
              "fullTitle": "7 - Clicar em uma das cores da paleta, faz com que ela seja selecionada e utilizada para preencher os pixels no quadro. Verifica se somente uma cor da paleta de cores tem a classe `selected` de cada vez",
              "timedOut": null,
              "duration": 4618,
              "state": "failed",
              "speed": null,
              "pass": false,
              "fail": true,
              "pending": false,
              "context": null,
              "code": "cy.get('.color').each(function (selectedColor, selectedColorIndex) {\n  cy.wrap(selectedColor).click();\n  cy.get('.color').each(function (color, colorIndex) {\n    if (colorIndex === selectedColorIndex) {\n      expect(color).to.have[\"class\"]('selected');\n    } else {\n      expect(color).not.to.have[\"class\"]('selected');\n    }\n  });\n});",
              "err": {
                "message": "CypressError: Timed out retrying: Expected to find element: '.color', but never found it.",
                "estack": "CypressError: Timed out retrying: Expected to find element: '.color', but never found it.\n    at cypressErr (http://localhost:36629/__cypress/runner/cypress_runner.js:149934:9)\n    at throwErr (http://localhost:36629/__cypress/runner/cypress_runner.js:149867:11)\n    at Object.throwErrByPath (http://localhost:36629/__cypress/runner/cypress_runner.js:149915:3)\n    at retry (http://localhost:36629/__cypress/runner/cypress_runner.js:144197:19)\n    at onFailFn (http://localhost:36629/__cypress/runner/cypress_runner.js:132448:16)\n    at tryCatcher (http://localhost:36629/__cypress/runner/cypress_runner.js:167415:23)\n    at Promise._settlePromiseFromHandler (http://localhost:36629/__cypress/runner/cypress_runner.js:165351:31)\n    at Promise._settlePromise (http://localhost:36629/__cypress/runner/cypress_runner.js:165408:18)\n    at Promise._settlePromise0 (http://localhost:36629/__cypress/runner/cypress_runner.js:165453:10)\n    at Promise._settlePromises (http://localhost:36629/__cypress/runner/cypress_runner.js:165528:18)\n    at Async../node_modules/bluebird/js/release/async.js.Async._drainQueue (http://localhost:36629/__cypress/runner/cypress_runner.js:162140:16)\n    at Async../node_modules/bluebird/js/release/async.js.Async._drainQueues (http://localhost:36629/__cypress/runner/cypress_runner.js:162150:10)\n    at Async.drainQueues (http://localhost:36629/__cypress/runner/cypress_runner.js:162024:14)",
                "diff": null
              },
              "uuid": "328354ea-34fb-48d6-8b70-b5327148fede",
              "parentUUID": "b181e5ea-9b29-458f-92b3-525ee26f8b6c",
              "isHook": false,
              "skipped": false
            },
            {
              "title": "Verifica se os pixels dentro do quadro não têm a classe `selected` quando são clicados",
              "fullTitle": "7 - Clicar em uma das cores da paleta, faz com que ela seja selecionada e utilizada para preencher os pixels no quadro. Verifica se os pixels dentro do quadro não têm a classe `selected` quando são clicados",
              "timedOut": null,
              "duration": 4664,
              "state": "failed",
              "speed": null,
              "pass": false,
              "fail": true,
              "pending": false,
              "context": null,
              "code": "cy.get('.color').each(function (color) {\n  var backgroundColor = color.css('background-color');\n  cy.wrap(color).click();\n  cy.get('.pixel').each(function (pixel) {\n    cy.wrap(pixel).click().should('not.have.class', 'selected');\n  });\n});",
              "err": {
                "message": "CypressError: Timed out retrying: Expected to find element: '.color', but never found it.",
                "estack": "CypressError: Timed out retrying: Expected to find element: '.color', but never found it.\n    at cypressErr (http://localhost:36629/__cypress/runner/cypress_runner.js:149934:9)\n    at throwErr (http://localhost:36629/__cypress/runner/cypress_runner.js:149867:11)\n    at Object.throwErrByPath (http://localhost:36629/__cypress/runner/cypress_runner.js:149915:3)\n    at retry (http://localhost:36629/__cypress/runner/cypress_runner.js:144197:19)\n    at onFailFn (http://localhost:36629/__cypress/runner/cypress_runner.js:132448:16)\n    at tryCatcher (http://localhost:36629/__cypress/runner/cypress_runner.js:167415:23)\n    at Promise._settlePromiseFromHandler (http://localhost:36629/__cypress/runner/cypress_runner.js:165351:31)\n    at Promise._settlePromise (http://localhost:36629/__cypress/runner/cypress_runner.js:165408:18)\n    at Promise._settlePromise0 (http://localhost:36629/__cypress/runner/cypress_runner.js:165453:10)\n    at Promise._settlePromises (http://localhost:36629/__cypress/runner/cypress_runner.js:165528:18)\n    at Async../node_modules/bluebird/js/release/async.js.Async._drainQueue (http://localhost:36629/__cypress/runner/cypress_runner.js:162140:16)\n    at Async../node_modules/bluebird/js/release/async.js.Async._drainQueues (http://localhost:36629/__cypress/runner/cypress_runner.js:162150:10)\n    at Async.drainQueues (http://localhost:36629/__cypress/runner/cypress_runner.js:162024:14)",
                "diff": null
              },
              "uuid": "16608e1a-a7ed-4590-b9f2-fa25fa90c830",
              "parentUUID": "b181e5ea-9b29-458f-92b3-525ee26f8b6c",
              "isHook": false,
              "skipped": false
            }
          ],
          "suites": [],
          "passes": [],
          "failures": [
            "328354ea-34fb-48d6-8b70-b5327148fede",
            "16608e1a-a7ed-4590-b9f2-fa25fa90c830"
          ],
          "pending": [],
          "skipped": [],
          "duration": 9282,
          "root": false,
          "rootEmpty": false,
          "_timeout": 2000
        },
        {
          "uuid": "80534426-9cf2-4c83-b0c2-bdbee72806bf",
          "title": "8 - Clicar em um pixel dentro do quadro após selecionar uma cor na paleta, faz com que o pixel seja preenchido com a cor selecionada.",
          "fullFile": "",
          "file": "",
          "beforeHooks": [],
          "afterHooks": [],
          "tests": [
            {
              "title": "Verifica se ao carregar a página deve ser possível pintar os pixels de preto",
              "fullTitle": "8 - Clicar em um pixel dentro do quadro após selecionar uma cor na paleta, faz com que o pixel seja preenchido com a cor selecionada. Verifica se ao carregar a página deve ser possível pintar os pixels de preto",
              "timedOut": null,
              "duration": 4706,
              "state": "failed",
              "speed": null,
              "pass": false,
              "fail": true,
              "pending": false,
              "context": null,
              "code": "cy.get('.pixel').each(function (pixel) {\n  cy.wrap(pixel).click().should('have.css', 'background-color', BLACK);\n});",
              "err": {
                "message": "CypressError: Timed out retrying: Expected to find element: '.pixel', but never found it.",
                "estack": "CypressError: Timed out retrying: Expected to find element: '.pixel', but never found it.\n    at cypressErr (http://localhost:36629/__cypress/runner/cypress_runner.js:149934:9)\n    at throwErr (http://localhost:36629/__cypress/runner/cypress_runner.js:149867:11)\n    at Object.throwErrByPath (http://localhost:36629/__cypress/runner/cypress_runner.js:149915:3)\n    at retry (http://localhost:36629/__cypress/runner/cypress_runner.js:144197:19)\n    at onFailFn (http://localhost:36629/__cypress/runner/cypress_runner.js:132448:16)\n    at tryCatcher (http://localhost:36629/__cypress/runner/cypress_runner.js:167415:23)\n    at Promise._settlePromiseFromHandler (http://localhost:36629/__cypress/runner/cypress_runner.js:165351:31)\n    at Promise._settlePromise (http://localhost:36629/__cypress/runner/cypress_runner.js:165408:18)\n    at Promise._settlePromise0 (http://localhost:36629/__cypress/runner/cypress_runner.js:165453:10)\n    at Promise._settlePromises (http://localhost:36629/__cypress/runner/cypress_runner.js:165528:18)\n    at Async../node_modules/bluebird/js/release/async.js.Async._drainQueue (http://localhost:36629/__cypress/runner/cypress_runner.js:162140:16)\n    at Async../node_modules/bluebird/js/release/async.js.Async._drainQueues (http://localhost:36629/__cypress/runner/cypress_runner.js:162150:10)\n    at Async.drainQueues (http://localhost:36629/__cypress/runner/cypress_runner.js:162024:14)",
                "diff": null
              },
              "uuid": "f50a7a91-45ba-4e0e-a74c-4071a0642eb5",
              "parentUUID": "80534426-9cf2-4c83-b0c2-bdbee72806bf",
              "isHook": false,
              "skipped": false
            },
            {
              "title": "Verifica se após selecionar uma outra cor na paleta, é possível pintar os pixels com essa cor",
              "fullTitle": "8 - Clicar em um pixel dentro do quadro após selecionar uma cor na paleta, faz com que o pixel seja preenchido com a cor selecionada. Verifica se após selecionar uma outra cor na paleta, é possível pintar os pixels com essa cor",
              "timedOut": null,
              "duration": 4678,
              "state": "failed",
              "speed": null,
              "pass": false,
              "fail": true,
              "pending": false,
              "context": null,
              "code": "cy.get('.color').each(function (color) {\n  var backgroundColor = color.css('background-color');\n  cy.wrap(color).click();\n  cy.get('.pixel').each(function (pixel) {\n    cy.wrap(pixel).click().should('have.css', 'background-color', backgroundColor);\n  });\n});",
              "err": {
                "message": "CypressError: Timed out retrying: Expected to find element: '.color', but never found it.",
                "estack": "CypressError: Timed out retrying: Expected to find element: '.color', but never found it.\n    at cypressErr (http://localhost:36629/__cypress/runner/cypress_runner.js:149934:9)\n    at throwErr (http://localhost:36629/__cypress/runner/cypress_runner.js:149867:11)\n    at Object.throwErrByPath (http://localhost:36629/__cypress/runner/cypress_runner.js:149915:3)\n    at retry (http://localhost:36629/__cypress/runner/cypress_runner.js:144197:19)\n    at onFailFn (http://localhost:36629/__cypress/runner/cypress_runner.js:132448:16)\n    at tryCatcher (http://localhost:36629/__cypress/runner/cypress_runner.js:167415:23)\n    at Promise._settlePromiseFromHandler (http://localhost:36629/__cypress/runner/cypress_runner.js:165351:31)\n    at Promise._settlePromise (http://localhost:36629/__cypress/runner/cypress_runner.js:165408:18)\n    at Promise._settlePromise0 (http://localhost:36629/__cypress/runner/cypress_runner.js:165453:10)\n    at Promise._settlePromises (http://localhost:36629/__cypress/runner/cypress_runner.js:165528:18)\n    at Async../node_modules/bluebird/js/release/async.js.Async._drainQueue (http://localhost:36629/__cypress/runner/cypress_runner.js:162140:16)\n    at Async../node_modules/bluebird/js/release/async.js.Async._drainQueues (http://localhost:36629/__cypress/runner/cypress_runner.js:162150:10)\n    at Async.drainQueues (http://localhost:36629/__cypress/runner/cypress_runner.js:162024:14)",
                "diff": null
              },
              "uuid": "eba8cdc0-f400-4707-a7b2-a1fc1b2bcc93",
              "parentUUID": "80534426-9cf2-4c83-b0c2-bdbee72806bf",
              "isHook": false,
              "skipped": false
            },
            {
              "title": "Verifica se somente o pixel que foi clicado foi preenchido com a cor selecionada, sem influenciar na cor dos demais pixels.",
              "fullTitle": "8 - Clicar em um pixel dentro do quadro após selecionar uma cor na paleta, faz com que o pixel seja preenchido com a cor selecionada. Verifica se somente o pixel que foi clicado foi preenchido com a cor selecionada, sem influenciar na cor dos demais pixels.",
              "timedOut": null,
              "duration": 4661,
              "state": "failed",
              "speed": null,
              "pass": false,
              "fail": true,
              "pending": false,
              "context": null,
              "code": "var colorToPixelIndexMap = {\n  0: 6,\n  1: 8,\n  2: 16,\n  3: 18\n};\ncy.get('.color').each(function (color, index) {\n  cy.wrap(color).click();\n  var backgroundColor = color.css('background-color');\n  var clickedPixelIndex = colorToPixelIndexMap[index];\n  cy.get('.pixel').eq(clickedPixelIndex).click();\n  cy.get('.pixel').eq(clickedPixelIndex - 1).should('not.have.css', 'background-color', backgroundColor);\n  cy.get('.pixel').eq(clickedPixelIndex + 1).should('not.have.css', 'background-color', backgroundColor);\n  cy.get('.pixel').eq(clickedPixelIndex - 5).should('not.have.css', 'background-color', backgroundColor);\n  cy.get('.pixel').eq(clickedPixelIndex + 5).should('not.have.css', 'background-color', backgroundColor);\n  cy.get('.pixel').eq(clickedPixelIndex - 6).should('not.have.css', 'background-color', backgroundColor);\n  cy.get('.pixel').eq(clickedPixelIndex - 4).should('not.have.css', 'background-color', backgroundColor);\n  cy.get('.pixel').eq(clickedPixelIndex + 4).should('not.have.css', 'background-color', backgroundColor);\n  cy.get('.pixel').eq(clickedPixelIndex + 6).should('not.have.css', 'background-color', backgroundColor);\n});",
              "err": {
                "message": "CypressError: Timed out retrying: Expected to find element: '.color', but never found it.",
                "estack": "CypressError: Timed out retrying: Expected to find element: '.color', but never found it.\n    at cypressErr (http://localhost:36629/__cypress/runner/cypress_runner.js:149934:9)\n    at throwErr (http://localhost:36629/__cypress/runner/cypress_runner.js:149867:11)\n    at Object.throwErrByPath (http://localhost:36629/__cypress/runner/cypress_runner.js:149915:3)\n    at retry (http://localhost:36629/__cypress/runner/cypress_runner.js:144197:19)\n    at onFailFn (http://localhost:36629/__cypress/runner/cypress_runner.js:132448:16)\n    at tryCatcher (http://localhost:36629/__cypress/runner/cypress_runner.js:167415:23)\n    at Promise._settlePromiseFromHandler (http://localhost:36629/__cypress/runner/cypress_runner.js:165351:31)\n    at Promise._settlePromise (http://localhost:36629/__cypress/runner/cypress_runner.js:165408:18)\n    at Promise._settlePromise0 (http://localhost:36629/__cypress/runner/cypress_runner.js:165453:10)\n    at Promise._settlePromises (http://localhost:36629/__cypress/runner/cypress_runner.js:165528:18)\n    at Async../node_modules/bluebird/js/release/async.js.Async._drainQueue (http://localhost:36629/__cypress/runner/cypress_runner.js:162140:16)\n    at Async../node_modules/bluebird/js/release/async.js.Async._drainQueues (http://localhost:36629/__cypress/runner/cypress_runner.js:162150:10)\n    at Async.drainQueues (http://localhost:36629/__cypress/runner/cypress_runner.js:162024:14)",
                "diff": null
              },
              "uuid": "40049530-8b8f-4265-98e8-00d327fccdbc",
              "parentUUID": "80534426-9cf2-4c83-b0c2-bdbee72806bf",
              "isHook": false,
              "skipped": false
            }
          ],
          "suites": [],
          "passes": [],
          "failures": [
            "f50a7a91-45ba-4e0e-a74c-4071a0642eb5",
            "eba8cdc0-f400-4707-a7b2-a1fc1b2bcc93",
            "40049530-8b8f-4265-98e8-00d327fccdbc"
          ],
          "pending": [],
          "skipped": [],
          "duration": 14045,
          "root": false,
          "rootEmpty": false,
          "_timeout": 2000
        },
        {
          "uuid": "3fc4b662-a865-42c2-94c7-107c1ea011c2",
          "title": "9 - Crie um botão que, ao ser clicado, limpa o quadro preenchendo a cor de todos seus pixels com branco.",
          "fullFile": "",
          "file": "",
          "beforeHooks": [],
          "afterHooks": [],
          "tests": [
            {
              "title": "Verifica se o botão tem o `id` denominado `clear-board`",
              "fullTitle": "9 - Crie um botão que, ao ser clicado, limpa o quadro preenchendo a cor de todos seus pixels com branco. Verifica se o botão tem o `id` denominado `clear-board`",
              "timedOut": null,
              "duration": 4718,
              "state": "failed",
              "speed": null,
              "pass": false,
              "fail": true,
              "pending": false,
              "context": null,
              "code": "cy.get('#clear-board').should('be.visible');",
              "err": {
                "message": "CypressError: Timed out retrying: Expected to find element: '#clear-board', but never found it.",
                "estack": "CypressError: Timed out retrying: Expected to find element: '#clear-board', but never found it.\n    at cypressErr (http://localhost:36629/__cypress/runner/cypress_runner.js:149934:9)\n    at throwErr (http://localhost:36629/__cypress/runner/cypress_runner.js:149867:11)\n    at Object.throwErrByPath (http://localhost:36629/__cypress/runner/cypress_runner.js:149915:3)\n    at retry (http://localhost:36629/__cypress/runner/cypress_runner.js:144197:19)\n    at onFailFn (http://localhost:36629/__cypress/runner/cypress_runner.js:132448:16)\n    at tryCatcher (http://localhost:36629/__cypress/runner/cypress_runner.js:167415:23)\n    at Promise._settlePromiseFromHandler (http://localhost:36629/__cypress/runner/cypress_runner.js:165351:31)\n    at Promise._settlePromise (http://localhost:36629/__cypress/runner/cypress_runner.js:165408:18)\n    at Promise._settlePromise0 (http://localhost:36629/__cypress/runner/cypress_runner.js:165453:10)\n    at Promise._settlePromises (http://localhost:36629/__cypress/runner/cypress_runner.js:165528:18)\n    at Async../node_modules/bluebird/js/release/async.js.Async._drainQueue (http://localhost:36629/__cypress/runner/cypress_runner.js:162140:16)\n    at Async../node_modules/bluebird/js/release/async.js.Async._drainQueues (http://localhost:36629/__cypress/runner/cypress_runner.js:162150:10)\n    at Async.drainQueues (http://localhost:36629/__cypress/runner/cypress_runner.js:162024:14)",
                "diff": null
              },
              "uuid": "002ee3f2-2bcc-4e81-8099-1aa7b235e1d3",
              "parentUUID": "3fc4b662-a865-42c2-94c7-107c1ea011c2",
              "isHook": false,
              "skipped": false
            },
            {
              "title": "Verifica se o botão está posicionado entre a paleta de cores e o quadro de pixels",
              "fullTitle": "9 - Crie um botão que, ao ser clicado, limpa o quadro preenchendo a cor de todos seus pixels com branco. Verifica se o botão está posicionado entre a paleta de cores e o quadro de pixels",
              "timedOut": null,
              "duration": 4647,
              "state": "failed",
              "speed": null,
              "pass": false,
              "fail": true,
              "pending": false,
              "context": null,
              "code": "cy.get('#color-palette').then(function (palette) {\n  cy.get('#clear-board').should('be.belowOf', palette);\n});\ncy.get('#clear-board').then(function (clearBtn) {\n  cy.get('#pixel-board').should('be.belowOf', clearBtn);\n});",
              "err": {
                "message": "CypressError: Timed out retrying: Expected to find element: '#color-palette', but never found it.",
                "estack": "CypressError: Timed out retrying: Expected to find element: '#color-palette', but never found it.\n    at cypressErr (http://localhost:36629/__cypress/runner/cypress_runner.js:149934:9)\n    at throwErr (http://localhost:36629/__cypress/runner/cypress_runner.js:149867:11)\n    at Object.throwErrByPath (http://localhost:36629/__cypress/runner/cypress_runner.js:149915:3)\n    at retry (http://localhost:36629/__cypress/runner/cypress_runner.js:144197:19)\n    at onFailFn (http://localhost:36629/__cypress/runner/cypress_runner.js:132448:16)\n    at tryCatcher (http://localhost:36629/__cypress/runner/cypress_runner.js:167415:23)\n    at Promise._settlePromiseFromHandler (http://localhost:36629/__cypress/runner/cypress_runner.js:165351:31)\n    at Promise._settlePromise (http://localhost:36629/__cypress/runner/cypress_runner.js:165408:18)\n    at Promise._settlePromise0 (http://localhost:36629/__cypress/runner/cypress_runner.js:165453:10)\n    at Promise._settlePromises (http://localhost:36629/__cypress/runner/cypress_runner.js:165528:18)\n    at Async../node_modules/bluebird/js/release/async.js.Async._drainQueue (http://localhost:36629/__cypress/runner/cypress_runner.js:162140:16)\n    at Async../node_modules/bluebird/js/release/async.js.Async._drainQueues (http://localhost:36629/__cypress/runner/cypress_runner.js:162150:10)\n    at Async.drainQueues (http://localhost:36629/__cypress/runner/cypress_runner.js:162024:14)",
                "diff": null
              },
              "uuid": "2eaa36a6-1f56-4bd9-b504-0e0fd08fb70a",
              "parentUUID": "3fc4b662-a865-42c2-94c7-107c1ea011c2",
              "isHook": false,
              "skipped": false
            },
            {
              "title": "Verifica se o texto do botão é 'Limpar'",
              "fullTitle": "9 - Crie um botão que, ao ser clicado, limpa o quadro preenchendo a cor de todos seus pixels com branco. Verifica se o texto do botão é 'Limpar'",
              "timedOut": null,
              "duration": 4750,
              "state": "failed",
              "speed": null,
              "pass": false,
              "fail": true,
              "pending": false,
              "context": null,
              "code": "cy.get('#clear-board').should('contain.text', 'Limpar');",
              "err": {
                "message": "CypressError: Timed out retrying: Expected to find element: '#clear-board', but never found it.",
                "estack": "CypressError: Timed out retrying: Expected to find element: '#clear-board', but never found it.\n    at cypressErr (http://localhost:36629/__cypress/runner/cypress_runner.js:149934:9)\n    at throwErr (http://localhost:36629/__cypress/runner/cypress_runner.js:149867:11)\n    at Object.throwErrByPath (http://localhost:36629/__cypress/runner/cypress_runner.js:149915:3)\n    at retry (http://localhost:36629/__cypress/runner/cypress_runner.js:144197:19)\n    at onFailFn (http://localhost:36629/__cypress/runner/cypress_runner.js:132448:16)\n    at tryCatcher (http://localhost:36629/__cypress/runner/cypress_runner.js:167415:23)\n    at Promise._settlePromiseFromHandler (http://localhost:36629/__cypress/runner/cypress_runner.js:165351:31)\n    at Promise._settlePromise (http://localhost:36629/__cypress/runner/cypress_runner.js:165408:18)\n    at Promise._settlePromise0 (http://localhost:36629/__cypress/runner/cypress_runner.js:165453:10)\n    at Promise._settlePromises (http://localhost:36629/__cypress/runner/cypress_runner.js:165528:18)\n    at Async../node_modules/bluebird/js/release/async.js.Async._drainQueue (http://localhost:36629/__cypress/runner/cypress_runner.js:162140:16)\n    at Async../node_modules/bluebird/js/release/async.js.Async._drainQueues (http://localhost:36629/__cypress/runner/cypress_runner.js:162150:10)\n    at Async.drainQueues (http://localhost:36629/__cypress/runner/cypress_runner.js:162024:14)",
                "diff": null
              },
              "uuid": "b6ca3b06-c7a6-40a4-ae0e-26fc4b427478",
              "parentUUID": "3fc4b662-a865-42c2-94c7-107c1ea011c2",
              "isHook": false,
              "skipped": false
            },
            {
              "title": "Verifica se ao clicar no botão, o quadro de pixels é totalmente preenchido de branco",
              "fullTitle": "9 - Crie um botão que, ao ser clicado, limpa o quadro preenchendo a cor de todos seus pixels com branco. Verifica se ao clicar no botão, o quadro de pixels é totalmente preenchido de branco",
              "timedOut": null,
              "duration": 4648,
              "state": "failed",
              "speed": null,
              "pass": false,
              "fail": true,
              "pending": false,
              "context": null,
              "code": "cy.get('.color').eq(1).then(function (color) {\n  var backgroundColor = color.css('background-color');\n  cy.wrap(color).click();\n  cy.get('.pixel').each(function (pixel) {\n    cy.wrap(pixel).click().should('have.css', 'background-color', backgroundColor);\n  });\n});\ncy.get('#clear-board').click();\ncy.get('.pixel').each(function (pixel) {\n  cy.wrap(pixel).should('have.css', 'background-color', WHITE);\n});",
              "err": {
                "message": "CypressError: Timed out retrying: Expected to find element: '.color', but never found it.",
                "estack": "CypressError: Timed out retrying: Expected to find element: '.color', but never found it.\n    at cypressErr (http://localhost:36629/__cypress/runner/cypress_runner.js:149934:9)\n    at throwErr (http://localhost:36629/__cypress/runner/cypress_runner.js:149867:11)\n    at Object.throwErrByPath (http://localhost:36629/__cypress/runner/cypress_runner.js:149915:3)\n    at retry (http://localhost:36629/__cypress/runner/cypress_runner.js:144197:19)\n    at onFailFn (http://localhost:36629/__cypress/runner/cypress_runner.js:132448:16)\n    at tryCatcher (http://localhost:36629/__cypress/runner/cypress_runner.js:167415:23)\n    at Promise._settlePromiseFromHandler (http://localhost:36629/__cypress/runner/cypress_runner.js:165351:31)\n    at Promise._settlePromise (http://localhost:36629/__cypress/runner/cypress_runner.js:165408:18)\n    at Promise._settlePromise0 (http://localhost:36629/__cypress/runner/cypress_runner.js:165453:10)\n    at Promise._settlePromises (http://localhost:36629/__cypress/runner/cypress_runner.js:165528:18)\n    at Async../node_modules/bluebird/js/release/async.js.Async._drainQueue (http://localhost:36629/__cypress/runner/cypress_runner.js:162140:16)\n    at Async../node_modules/bluebird/js/release/async.js.Async._drainQueues (http://localhost:36629/__cypress/runner/cypress_runner.js:162150:10)\n    at Async.drainQueues (http://localhost:36629/__cypress/runner/cypress_runner.js:162024:14)",
                "diff": null
              },
              "uuid": "78150992-5f99-4707-afe4-77a3ec56e6ae",
              "parentUUID": "3fc4b662-a865-42c2-94c7-107c1ea011c2",
              "isHook": false,
              "skipped": false
            }
          ],
          "suites": [],
          "passes": [],
          "failures": [
            "002ee3f2-2bcc-4e81-8099-1aa7b235e1d3",
            "2eaa36a6-1f56-4bd9-b504-0e0fd08fb70a",
            "b6ca3b06-c7a6-40a4-ae0e-26fc4b427478",
            "78150992-5f99-4707-afe4-77a3ec56e6ae"
          ],
          "pending": [],
          "skipped": [],
          "duration": 18763,
          "root": false,
          "rootEmpty": false,
          "_timeout": 2000
        },
        {
          "uuid": "21e0b2c5-7eb7-4112-937c-a6aaabd7a71a",
          "title": "10 - Faça o quadro de pixels ter seu tamanho definido pelo usuário.",
          "fullFile": "",
          "file": "",
          "beforeHooks": [],
          "afterHooks": [],
          "tests": [
            {
              "title": "Verifica se existe um input com o id `board-size`",
              "fullTitle": "10 - Faça o quadro de pixels ter seu tamanho definido pelo usuário. Verifica se existe um input com o id `board-size`",
              "timedOut": null,
              "duration": 4704,
              "state": "failed",
              "speed": null,
              "pass": false,
              "fail": true,
              "pending": false,
              "context": null,
              "code": "cy.get('#board-size').should('be.visible');",
              "err": {
                "message": "CypressError: Timed out retrying: Expected to find element: '#board-size', but never found it.",
[...]
                "diff": null
              },
              "uuid": "c2586b38-f573-4625-883a-26008159c198",
              "parentUUID": "21e0b2c5-7eb7-4112-937c-a6aaabd7a71a",
              "isHook": false,
              "skipped": false
            },
            {
              "title": "Verifica se o novo quadro tem todos os pixels preenchidos com a cor branca",
              "fullTitle": "10 - Faça o quadro de pixels ter seu tamanho definido pelo usuário. Verifica se o novo quadro tem todos os pixels preenchidos com a cor branca",
              "timedOut": null,
              "duration": 4696,
              "state": "failed",
              "speed": null,
              "pass": false,
              "fail": true,
              "pending": false,
              "context": null,
              "code": "cy.get('#board-size').clear().type(6);\ncy.get('#generate-board').click();\ncy.get('.pixel').should('have.length', 36).each(function (pixel) {\n  expect(pixel).to.have.css('background-color', WHITE);\n});",
              "err": {
                "message": "CypressError: Timed out retrying: Expected to find element: '#board-size', but never found it.",
                "estack": "CypressError: Timed out retrying: Expected to find element: '#board-size', but never found it.\n    at cypressErr (http://localhost:36629/__cypress/runner/cypress_runner.js:149934:9)\n    at throwErr (http://localhost:36629/__cypress/runner/cypress_runner.js:149867:11)\n    at Object.throwErrByPath (http://localhost:36629/__cypress/runner/cypress_runner.js:149915:3)\n    at retry (http://localhost:36629/__cypress/runner/cypress_runner.js:144197:19)\n    at onFailFn (http://localhost:36629/__cypress/runner/cypress_runner.js:132448:16)\n    at tryCatcher (http://localhost:36629/__cypress/runner/cypress_runner.js:167415:23)\n    at Promise._settlePromiseFromHandler (http://localhost:36629/__cypress/runner/cypress_runner.js:165351:31)\n    at Promise._settlePromise (http://localhost:36629/__cypress/runner/cypress_runner.js:165408:18)\n    at Promise._settlePromise0 (http://localhost:36629/__cypress/runner/cypress_runner.js:165453:10)\n    at Promise._settlePromises (http://localhost:36629/__cypress/runner/cypress_runner.js:165528:18)\n    at Async../node_modules/bluebird/js/release/async.js.Async._drainQueue (http://localhost:36629/__cypress/runner/cypress_runner.js:162140:16)\n    at Async../node_modules/bluebird/js/release/async.js.Async._drainQueues (http://localhost:36629/__cypress/runner/cypress_runner.js:162150:10)\n    at Async.drainQueues (http://localhost:36629/__cypress/runner/cypress_runner.js:162024:14)",
                "diff": null
              },
              "uuid": "d7bab029-9adf-404e-a79e-17ec698be144",
              "parentUUID": "21e0b2c5-7eb7-4112-937c-a6aaabd7a71a",
              "isHook": false,
              "skipped": false
            }
          ],
          "suites": [],
          "passes": [],
          "failures": [
            "10e9a25a-1f17-4187-935a-4b89437b85ba",
            "de6fed16-ac11-4299-ad33-9361a5f19b6d",
            "ced7cd24-0626-4a68-91b5-a226234fb79f",
            "6c04fc63-7bbd-4097-84eb-30a33f7a04b9",
            "4ddda7cd-b7f9-46de-824b-aeb2302e06cf",
            "a46d7f24-73b3-4202-a873-fdcdf5875770",
            "21996ba9-5068-4dc1-8bd3-70c3c45e633b",
            "c2586b38-f573-4625-883a-26008159c198",
            "d7bab029-9adf-404e-a79e-17ec698be144"
          ],
          "pending": [],
          "skipped": [],
          "duration": 42253,
          "root": false,
          "rootEmpty": false,
          "_timeout": 2000
        },
        {
          "uuid": "e8a6bd65-5aae-45e5-a655-27d256775be1",
          "title": "11 - Limite o tamanho mínimo e máximo do board.",
          "fullFile": "",
          "file": "",
          "beforeHooks": [],
          "afterHooks": [],
          "tests": [
            {
              "title": "Verifica se a altura máxima do board é 50",
              "fullTitle": "11 - Limite o tamanho mínimo e máximo do board. Verifica se a altura máxima do board é 50",
              "timedOut": null,
              "duration": 4809,
              "state": "failed",
              "speed": null,
              "pass": false,
              "fail": true,
              "pending": false,
              "context": null,
              "code": "cy.get('#board-size').clear().type(50);\ncy.get('#generate-board').click();\ncy.get('.pixel').should('have.length', 2500);",
              "err": {
                "message": "CypressError: Timed out retrying: Expected to find element: '#board-size', but never found it.",
                "estack": "CypressError: Timed out retrying: Expected to find element: '#board-size', but never found it.\n    at cypressErr (http://localhost:36629/__cypress/runner/cypress_runner.js:149934:9)\n    at throwErr (http://localhost:36629/__cypress/runner/cypress_runner.js:149867:11)\n    at Object.throwErrByPath (http://localhost:36629/__cypress/runner/cypress_runner.js:149915:3)\n    at retry (http://localhost:36629/__cypress/runner/cypress_runner.js:144197:19)\n    at onFailFn (http://localhost:36629/__cypress/runner/cypress_runner.js:132448:16)\n    at tryCatcher (http://localhost:36629/__cypress/runner/cypress_runner.js:167415:23)\n    at Promise._settlePromiseFromHandler (http://localhost:36629/__cypress/runner/cypress_runner.js:165351:31)\n    at Promise._settlePromise (http://localhost:36629/__cypress/runner/cypress_runner.js:165408:18)\n    at Promise._settlePromise0 (http://localhost:36629/__cypress/runner/cypress_runner.js:165453:10)\n    at Promise._settlePromises (http://localhost:36629/__cypress/runner/cypress_runner.js:165528:18)\n    at Async../node_modules/bluebird/js/release/async.js.Async._drainQueue (http://localhost:36629/__cypress/runner/cypress_runner.js:162140:16)\n    at Async../node_modules/bluebird/js/release/async.js.Async._drainQueues (http://localhost:36629/__cypress/runner/cypress_runner.js:162150:10)\n    at Async.drainQueues (http://localhost:36629/__cypress/runner/cypress_runner.js:162024:14)",
                "diff": null
              },
              "uuid": "251200e4-bf6a-4b04-afc6-d365588bfa88",
              "parentUUID": "e8a6bd65-5aae-45e5-a655-27d256775be1",
              "isHook": false,
              "skipped": false
            },
            {
              "title": "Verifica se a altura do board é 5 quando um valor menor é colocado no input",
              "fullTitle": "11 - Limite o tamanho mínimo e máximo do board. Verifica se a altura do board é 5 quando um valor menor é colocado no input",
              "timedOut": null,
              "duration": 4703,
              "state": "failed",
              "speed": null,
              "pass": false,
              "fail": true,
              "pending": false,
              "context": null,
              "code": "cy.get('#board-size').clear().type(4);\ncy.get('#generate-board').click();\ncy.get('.pixel').should('have.length', 25);",
              "err": {
                "message": "CypressError: Timed out retrying: Expected to find element: '#board-size', but never found it.",
                "estack": "CypressError: Timed out retrying: Expected to find element: '#board-size', but never found it.\n    at cypressErr (http://localhost:36629/__cypress/runner/cypress_runner.js:149934:9)\n    at throwErr (http://localhost:36629/__cypress/runner/cypress_runner.js:149867:11)\n    at Object.throwErrByPath (http://localhost:36629/__cypress/runner/cypress_runner.js:149915:3)\n    at retry (http://localhost:36629/__cypress/runner/cypress_runner.js:144197:19)\n    at onFailFn (http://localhost:36629/__cypress/runner/cypress_runner.js:132448:16)\n    at tryCatcher (http://localhost:36629/__cypress/runner/cypress_runner.js:167415:23)\n    at Promise._settlePromiseFromHandler (http://localhost:36629/__cypress/runner/cypress_runner.js:165351:31)\n    at Promise._settlePromise (http://localhost:36629/__cypress/runner/cypress_runner.js:165408:18)\n    at Promise._settlePromise0 (http://localhost:36629/__cypress/runner/cypress_runner.js:165453:10)\n    at Promise._settlePromises (http://localhost:36629/__cypress/runner/cypress_runner.js:165528:18)\n    at Async../node_modules/bluebird/js/release/async.js.Async._drainQueue (http://localhost:36629/__cypress/runner/cypress_runner.js:162140:16)\n    at Async../node_modules/bluebird/js/release/async.js.Async._drainQueues (http://localhost:36629/__cypress/runner/cypress_runner.js:162150:10)\n    at Async.drainQueues (http://localhost:36629/__cypress/runner/cypress_runner.js:162024:14)",
                "diff": null
              },
              "uuid": "10bb2e90-0629-4d3f-8a10-856236ce882e",
              "parentUUID": "e8a6bd65-5aae-45e5-a655-27d256775be1",
              "isHook": false,
              "skipped": false
            },
            {
              "title": "Verifica se a altura do board é 50 quando um valor maior é colocado no input",
              "fullTitle": "11 - Limite o tamanho mínimo e máximo do board. Verifica se a altura do board é 50 quando um valor maior é colocado no input",
              "timedOut": null,
              "duration": 4711,
              "state": "failed",
              "speed": null,
              "pass": false,
              "fail": true,
              "pending": false,
              "context": null,
              "code": "cy.get('#board-size').clear().type(51);\ncy.get('#generate-board').click();\ncy.get('.pixel').should('have.length', 2500);",
              "err": {
                "message": "CypressError: Timed out retrying: Expected to find element: '#board-size', but never found it.",
                "estack": "CypressError: Timed out retrying: Expected to find element: '#board-size', but never found it.\n    at cypressErr (http://localhost:36629/__cypress/runner/cypress_runner.js:149934:9)\n    at throwErr (http://localhost:36629/__cypress/runner/cypress_runner.js:149867:11)\n    at Object.throwErrByPath (http://localhost:36629/__cypress/runner/cypress_runner.js:149915:3)\n    at retry (http://localhost:36629/__cypress/runner/cypress_runner.js:144197:19)\n    at onFailFn (http://localhost:36629/__cypress/runner/cypress_runner.js:132448:16)\n    at tryCatcher (http://localhost:36629/__cypress/runner/cypress_runner.js:167415:23)\n    at Promise._settlePromiseFromHandler (http://localhost:36629/__cypress/runner/cypress_runner.js:165351:31)\n    at Promise._settlePromise (http://localhost:36629/__cypress/runner/cypress_runner.js:165408:18)\n    at Promise._settlePromise0 (http://localhost:36629/__cypress/runner/cypress_runner.js:165453:10)\n    at Promise._settlePromises (http://localhost:36629/__cypress/runner/cypress_runner.js:165528:18)\n    at Async../node_modules/bluebird/js/release/async.js.Async._drainQueue (http://localhost:36629/__cypress/runner/cypress_runner.js:162140:16)\n    at Async../node_modules/bluebird/js/release/async.js.Async._drainQueues (http://localhost:36629/__cypress/runner/cypress_runner.js:162150:10)\n    at Async.drainQueues (http://localhost:36629/__cypress/runner/cypress_runner.js:162024:14)",
                "diff": null
              },
              "uuid": "11411460-31bf-4d5f-8643-dcfe77d6434b",
              "parentUUID": "e8a6bd65-5aae-45e5-a655-27d256775be1",
              "isHook": false,
              "skipped": false
            }
          ],
          "suites": [],
          "passes": [],
          "failures": [
            "251200e4-bf6a-4b04-afc6-d365588bfa88",
            "10bb2e90-0629-4d3f-8a10-856236ce882e",
            "11411460-31bf-4d5f-8643-dcfe77d6434b"
          ],
          "pending": [],
          "skipped": [],
          "duration": 14223,
          "root": false,
          "rootEmpty": false,
          "_timeout": 2000
        },
        {
          "uuid": "ff0ef41f-cc6a-43e4-b8f1-8829db6d90d2",
          "title": "12 - Faça com que as cores da paleta sejam geradas aleatoriamente ao carregar a página.",
          "fullFile": "",
          "file": "",
          "beforeHooks": [],
          "afterHooks": [],
          "tests": [
            {
              "title": "Verifica se as cores geradas na paleta são diferentes a cada carregamento da página",
              "fullTitle": "12 - Faça com que as cores da paleta sejam geradas aleatoriamente ao carregar a página. Verifica se as cores geradas na paleta são diferentes a cada carregamento da página",
              "timedOut": null,
              "duration": 4738,
              "state": "failed",
              "speed": null,
              "pass": false,
              "fail": true,
              "pending": false,
              "context": null,
              "code": "cy.get('.color').then(function (colors) {\n  var currentColors;\n  var previousColors;\n  previousColors = Array.from(colors).map(function (color) {\n    return Cypress.$(color).css('background-color');\n  });\n  for (var i = 0; i < 5; i += 1) {\n    cy.reload();\n    cy.get('.color').then(function (colors) {\n      currentColors = Array.from(colors).map(function (color) {\n        return Cypress.$(color).css('background-color');\n      });\n      expect(currentColors).not.to.deep.equal(previousColors);\n      previousColors = currentColors;\n    });\n  }\n});",
              "err": {
                "message": "CypressError: Timed out retrying: Expected to find element: '.color', but never found it.",
                "estack": "CypressError: Timed out retrying: Expected to find element: '.color', but never found it.\n    at cypressErr (http://localhost:36629/__cypress/runner/cypress_runner.js:149934:9)\n    at throwErr (http://localhost:36629/__cypress/runner/cypress_runner.js:149867:11)\n    at Object.throwErrByPath (http://localhost:36629/__cypress/runner/cypress_runner.js:149915:3)\n    at retry (http://localhost:36629/__cypress/runner/cypress_runner.js:144197:19)\n    at onFailFn (http://localhost:36629/__cypress/runner/cypress_runner.js:132448:16)\n    at tryCatcher (http://localhost:36629/__cypress/runner/cypress_runner.js:167415:23)\n    at Promise._settlePromiseFromHandler (http://localhost:36629/__cypress/runner/cypress_runner.js:165351:31)\n    at Promise._settlePromise (http://localhost:36629/__cypress/runner/cypress_runner.js:165408:18)\n    at Promise._settlePromise0 (http://localhost:36629/__cypress/runner/cypress_runner.js:165453:10)\n    at Promise._settlePromises (http://localhost:36629/__cypress/runner/cypress_runner.js:165528:18)\n    at Async../node_modules/bluebird/js/release/async.js.Async._drainQueue (http://localhost:36629/__cypress/runner/cypress_runner.js:162140:16)\n    at Async../node_modules/bluebird/js/release/async.js.Async._drainQueues (http://localhost:36629/__cypress/runner/cypress_runner.js:162150:10)\n    at Async.drainQueues (http://localhost:36629/__cypress/runner/cypress_runner.js:162024:14)",
                "diff": null
              },
              "uuid": "d748a537-7eb4-432b-939b-1f98395b1e4c",
              "parentUUID": "ff0ef41f-cc6a-43e4-b8f1-8829db6d90d2",
              "isHook": false,
              "skipped": false
            },
            {
              "title": "Verifica se a cor preta ainda está presente e é a primeira na sua paleta de cores",
              "fullTitle": "12 - Faça com que as cores da paleta sejam geradas aleatoriamente ao carregar a página. Verifica se a cor preta ainda está presente e é a primeira na sua paleta de cores",
              "timedOut": null,
              "duration": 4571,
              "state": "failed",
              "speed": null,
              "pass": false,
              "fail": true,
              "pending": false,
              "context": null,
              "code": "cy.get('.color').then(function (colors) {\n  var currentColors;\n  var previousColors;\n  previousColors = Array.from(colors).map(function (color) {\n    return Cypress.$(color).css('background-color');\n  });\n  expect(previousColors[0]).to.eq(BLACK);\n  for (var i = 0; i < 5; i += 1) {\n    cy.reload();\n    cy.get('.color').then(function (colors) {\n      currentColors = Array.from(colors).map(function (color) {\n        return Cypress.$(color).css('background-color');\n      });\n      expect(currentColors[0]).to.eq(BLACK);\n      expect(currentColors).not.to.deep.equal(previousColors);\n      previousColors = currentColors;\n    });\n  }\n});",
              "err": {
                "message": "CypressError: Timed out retrying: Expected to find element: '.color', but never found it.",
                "estack": "CypressError: Timed out retrying: Expected to find element: '.color', but never found it.\n    at cypressErr (http://localhost:36629/__cypress/runner/cypress_runner.js:149934:9)\n    at throwErr (http://localhost:36629/__cypress/runner/cypress_runner.js:149867:11)\n    at Object.throwErrByPath (http://localhost:36629/__cypress/runner/cypress_runner.js:149915:3)\n    at retry (http://localhost:36629/__cypress/runner/cypress_runner.js:144197:19)\n    at onFailFn (http://localhost:36629/__cypress/runner/cypress_runner.js:132448:16)\n    at tryCatcher (http://localhost:36629/__cypress/runner/cypress_runner.js:167415:23)\n    at Promise._settlePromiseFromHandler (http://localhost:36629/__cypress/runner/cypress_runner.js:165351:31)\n    at Promise._settlePromise (http://localhost:36629/__cypress/runner/cypress_runner.js:165408:18)\n    at Promise._settlePromise0 (http://localhost:36629/__cypress/runner/cypress_runner.js:165453:10)\n    at Promise._settlePromises (http://localhost:36629/__cypress/runner/cypress_runner.js:165528:18)\n    at Async../node_modules/bluebird/js/release/async.js.Async._drainQueue (http://localhost:36629/__cypress/runner/cypress_runner.js:162140:16)\n    at Async../node_modules/bluebird/js/release/async.js.Async._drainQueues (http://localhost:36629/__cypress/runner/cypress_runner.js:162150:10)\n    at Async.drainQueues (http://localhost:36629/__cypress/runner/cypress_runner.js:162024:14)",
                "diff": null
              },
              "uuid": "9f1290ab-113d-4010-841c-6fdaad2c1202",
              "parentUUID": "ff0ef41f-cc6a-43e4-b8f1-8829db6d90d2",
              "isHook": false,
              "skipped": false
            }
          ],
          "suites": [],
          "passes": [],
          "failures": [
            "d748a537-7eb4-432b-939b-1f98395b1e4c",
            "9f1290ab-113d-4010-841c-6fdaad2c1202"
          ],
          "pending": [],
          "skipped": [],
          "duration": 9309,
          "root": false,
          "rootEmpty": false,
          "_timeout": 2000
        }
      ],
      "passes": [],
      "failures": [],
      "pending": [],
      "skipped": [],
      "duration": 0,
      "root": true,
      "rootEmpty": true,
      "_timeout": 2000
    }
  ],
  "meta": {
    "mocha": {
      "version": "7.0.1"
    },
    "mochawesome": {
      "options": {
        "quiet": false,
        "reportFilename": "mochawesome",
        "saveHtml": false,
        "saveJson": true,
        "consoleReporter": "spec",
        "useInlineDiffs": false
      },
      "version": "4.1.0"
    },
    "marge": {
      "options": {
        "id": "default",
        "reportDir": "cypress/reports",
        "overwrite": true,
        "html": false,
        "json": true
      },
      "version": "4.1.0"
    }
  }
}