{
  "stats": {
    "suites": 12,
    "tests": 41,
    "passes": 24,
    "pending": 0,
    "failures": 17,
    "start": "2021-09-18T00:02:58.792Z",
    "end": "2021-09-18T00:04:20.474Z",
    "duration": 81682,
    "testsRegistered": 41,
    "passPercent": 58.536585365853654,
    "pendingPercent": 0,
    "other": 0,
    "hasOther": false,
    "skipped": 0,
    "hasSkipped": false
  },
  "results": [
    {
      "uuid": "12fdfbac-d46d-4cd3-8059-b66f3e4e705c",
      "title": "",
      "fullFile": "cypress/integration/project.spec.js",
      "file": "cypress/integration/project.spec.js",
      "beforeHooks": [],
      "afterHooks": [],
      "tests": [],
      "suites": [
        {
          "uuid": "29ceb1a4-565d-49ed-8437-7a13535a40d4",
          "title": "1 - Adicione à página o título \"Paleta de Cores\".",
          "fullFile": "",
          "file": "",
          "beforeHooks": [],
          "afterHooks": [],
          "tests": [
            {
              "title": "Verifica se contém um elemento `h1` com o id `title` com o título correto",
              "fullTitle": "1 - Adicione à página o título \"Paleta de Cores\". Verifica se contém um elemento `h1` com o id `title` com o título correto",
              "timedOut": null,
              "duration": 229,
              "state": "passed",
              "speed": "slow",
              "pass": true,
              "fail": false,
              "pending": false,
              "context": null,
              "code": "cy.get('h1#title').should('contain.text', 'Paleta de Cores');",
              "err": {},
              "uuid": "199db48d-a257-4215-9835-e5dc2e6b0e28",
              "parentUUID": "29ceb1a4-565d-49ed-8437-7a13535a40d4",
              "isHook": false,
              "skipped": false
            }
          ],
          "suites": [],
          "passes": [
            "199db48d-a257-4215-9835-e5dc2e6b0e28"
          ],
          "failures": [],
          "pending": [],
          "skipped": [],
          "duration": 229,
          "root": false,
          "rootEmpty": false,
          "_timeout": 2000
        },
        {
          "uuid": "486ee4b0-d6e5-4617-8e38-90c000e5eb27",
          "title": "2 - Adicione à página uma paleta de quatro cores distintas.",
          "fullFile": "",
          "file": "",
          "beforeHooks": [],
          "afterHooks": [],
          "tests": [
            {
              "title": "A paleta de cores deve ser um elemento com `id` denominado `color-palette`",
              "fullTitle": "2 - Adicione à página uma paleta de quatro cores distintas. A paleta de cores deve ser um elemento com `id` denominado `color-palette`",
              "timedOut": null,
              "duration": 211,
              "state": "passed",
              "speed": "slow",
              "pass": true,
              "fail": false,
              "pending": false,
              "context": null,
              "code": "cy.get('#color-palette').should('be.visible');\ncy.get('#color-palette').children('.color');",
              "err": {},
              "uuid": "318ef7de-8b25-4520-840f-ff0c044f21ad",
              "parentUUID": "486ee4b0-d6e5-4617-8e38-90c000e5eb27",
              "isHook": false,
              "skipped": false
            },
            {
              "title": "Verifica se cada cor individual da paleta de cores possui a `classe` chamada `color`.",
              "fullTitle": "2 - Adicione à página uma paleta de quatro cores distintas. Verifica se cada cor individual da paleta de cores possui a `classe` chamada `color`.",
              "timedOut": null,
              "duration": 146,
              "state": "passed",
              "speed": "slow",
              "pass": true,
              "fail": false,
              "pending": false,
              "context": null,
              "code": "cy.get('.color').should('have.length', 4).then(function (colors) {\n  for (var i = 0; i < colors.length; i++) {\n    cy.wrap(colors[i]).should('be.visible');\n  }\n});",
              "err": {},
              "uuid": "718b8209-543d-4de7-89f3-f5c3062c6e0d",
              "parentUUID": "486ee4b0-d6e5-4617-8e38-90c000e5eb27",
              "isHook": false,
              "skipped": false
            },
            {
              "title": "Verifica se a cor de fundo de cada elemento da paleta é a cor que o elemento representa. **A única cor não permitida na paleta é a cor branca.**",
              "fullTitle": "2 - Adicione à página uma paleta de quatro cores distintas. Verifica se a cor de fundo de cada elemento da paleta é a cor que o elemento representa. **A única cor não permitida na paleta é a cor branca.**",
              "timedOut": null,
              "duration": 227,
              "state": "passed",
              "speed": "slow",
              "pass": true,
              "fail": false,
              "pending": false,
              "context": null,
              "code": "cy.get('.color').each(function (color) {\n  cy.wrap(color).should('have.class', 'color').and('not.have.css', 'background-color', WHITE);\n  cy.wrap(color).should('have.css', 'background-color');\n});",
              "err": {},
              "uuid": "842b9884-67db-4a48-8bd7-d3916e218e4c",
              "parentUUID": "486ee4b0-d6e5-4617-8e38-90c000e5eb27",
              "isHook": false,
              "skipped": false
            },
            {
              "title": "Verifica se cada elemento da paleta de cores tem uma borda preta, sólida e com 1 pixel de largura;",
              "fullTitle": "2 - Adicione à página uma paleta de quatro cores distintas. Verifica se cada elemento da paleta de cores tem uma borda preta, sólida e com 1 pixel de largura;",
              "timedOut": null,
              "duration": 202,
              "state": "passed",
              "speed": "slow",
              "pass": true,
              "fail": false,
              "pending": false,
              "context": null,
              "code": "cy.get('.color').each(function (color) {\n  cy.wrap(color).and('have.css', 'border', \"1px solid \".concat(BLACK)).and('have.class', 'color');\n});",
              "err": {},
              "uuid": "e6154558-3283-4630-8889-0e6fbb2e7e61",
              "parentUUID": "486ee4b0-d6e5-4617-8e38-90c000e5eb27",
              "isHook": false,
              "skipped": false
            },
            {
              "title": "Verifica se a paleta lista todas as cores disponíveis para utilização, lado a lado.",
              "fullTitle": "2 - Adicione à página uma paleta de quatro cores distintas. Verifica se a paleta lista todas as cores disponíveis para utilização, lado a lado.",
              "timedOut": null,
              "duration": 103,
              "state": "passed",
              "speed": "slow",
              "pass": true,
              "fail": false,
              "pending": false,
              "context": null,
              "code": "cy.get('.color').then(function (colors) {\n  for (var index = 1; index < colors.length; index += 1) {\n    var currentColor = colors[index];\n    var previousColor = colors[index - 1];\n    cy.wrap(currentColor).should('be.onTheRightOf', previousColor).and('be.horizontallyAlignedWith', previousColor);\n  }\n});",
              "err": {},
              "uuid": "2133f9c1-b069-4b9c-8fa6-b6fc7319a2e7",
              "parentUUID": "486ee4b0-d6e5-4617-8e38-90c000e5eb27",
              "isHook": false,
              "skipped": false
            },
            {
              "title": "Verifica se a paleta de cores está posicionada abaixo do título 'Paleta de Cores'",
              "fullTitle": "2 - Adicione à página uma paleta de quatro cores distintas. Verifica se a paleta de cores está posicionada abaixo do título 'Paleta de Cores'",
              "timedOut": null,
              "duration": 104,
              "state": "passed",
              "speed": "slow",
              "pass": true,
              "fail": false,
              "pending": false,
              "context": null,
              "code": "cy.get('h1#title').then(function (title) {\n  cy.get('#color-palette').should('be.belowOf', title);\n});",
              "err": {},
              "uuid": "b62a7ddc-77a7-45f1-9f8d-8263041e45f8",
              "parentUUID": "486ee4b0-d6e5-4617-8e38-90c000e5eb27",
              "isHook": false,
              "skipped": false
            },
            {
              "title": "Verifica se a paleta de cores não contém cores repetidas.",
              "fullTitle": "2 - Adicione à página uma paleta de quatro cores distintas. Verifica se a paleta de cores não contém cores repetidas.",
              "timedOut": null,
              "duration": 156,
              "state": "passed",
              "speed": "slow",
              "pass": true,
              "fail": false,
              "pending": false,
              "context": null,
              "code": "cy.get('.color').then(function (colors) {\n  var allColors = Array.from(colors).map(function (color) {\n    return Cypress.$(color).css('background-color');\n  });\n  cy.log(allColors);\n  var uniqColors = (0, _toConsumableArray2[\"default\"])(new Set(allColors));\n  cy.log(uniqColors);\n  expect(allColors.length).to.eq(uniqColors.length);\n});",
              "err": {},
              "uuid": "bacaa7d3-619b-4bea-9a1d-791360b60464",
              "parentUUID": "486ee4b0-d6e5-4617-8e38-90c000e5eb27",
              "isHook": false,
              "skipped": false
            }
          ],
          "suites": [],
          "passes": [
            "318ef7de-8b25-4520-840f-ff0c044f21ad",
            "718b8209-543d-4de7-89f3-f5c3062c6e0d",
            "842b9884-67db-4a48-8bd7-d3916e218e4c",
            "e6154558-3283-4630-8889-0e6fbb2e7e61",
            "2133f9c1-b069-4b9c-8fa6-b6fc7319a2e7",
            "b62a7ddc-77a7-45f1-9f8d-8263041e45f8",
            "bacaa7d3-619b-4bea-9a1d-791360b60464"
          ],
          "failures": [],
          "pending": [],
          "skipped": [],
          "duration": 1149,
          "root": false,
          "rootEmpty": false,
          "_timeout": 2000
        },
        {
          "uuid": "07646496-0222-48a5-add2-563ff96deee9",
          "title": "3 - Adicione a cor **preta** como a primeira cor da paleta de cores.",
          "fullFile": "",
          "file": "",
          "beforeHooks": [],
          "afterHooks": [],
          "tests": [
            {
              "title": "Verifica se a primeira cor da paleta é preta",
              "fullTitle": "3 - Adicione a cor **preta** como a primeira cor da paleta de cores. Verifica se a primeira cor da paleta é preta",
              "timedOut": null,
              "duration": 111,
              "state": "passed",
              "speed": "slow",
              "pass": true,
              "fail": false,
              "pending": false,
              "context": null,
              "code": "cy.get('.color').first().should('have.css', 'background-color', BLACK);",
              "err": {},
              "uuid": "596c762b-eb2e-40da-b23d-99447d54bcc0",
              "parentUUID": "07646496-0222-48a5-add2-563ff96deee9",
              "isHook": false,
              "skipped": false
            },
            {
              "title": "Verifica se as demais cores podem ser escolhidas livremente.",
              "fullTitle": "3 - Adicione a cor **preta** como a primeira cor da paleta de cores. Verifica se as demais cores podem ser escolhidas livremente.",
              "timedOut": null,
              "duration": 221,
              "state": "passed",
              "speed": "slow",
              "pass": true,
              "fail": false,
              "pending": false,
              "context": null,
              "code": "cy.get('.color').eq(1).should('not.have.css', 'background-color', BLACK);\ncy.get('.color').eq(1).should('not.have.css', 'background-color', WHITE);\ncy.get('.color').eq(1).should('not.have.css', 'background-color', 'rgba(0, 0, 0, 0)');\ncy.get('.color').eq(1).should('have.css', 'background-color');\ncy.get('.color').eq(2).should('not.have.css', 'background-color', BLACK);\ncy.get('.color').eq(2).should('not.have.css', 'background-color', WHITE);\ncy.get('.color').eq(2).should('not.have.css', 'background-color', 'rgba(0, 0, 0, 0)');\ncy.get('.color').eq(2).should('have.css', 'background-color');\ncy.get('.color').eq(3).should('not.have.css', 'background-color', BLACK);\ncy.get('.color').eq(3).should('not.have.css', 'background-color', WHITE);\ncy.get('.color').eq(3).should('not.have.css', 'background-color', 'rgba(0, 0, 0, 0)');\ncy.get('.color').eq(3).should('have.css', 'background-color');",
              "err": {},
              "uuid": "fec915e0-6eb5-4317-8964-a51553d6c0f5",
              "parentUUID": "07646496-0222-48a5-add2-563ff96deee9",
              "isHook": false,
              "skipped": false
            }
          ],
          "suites": [],
          "passes": [
            "596c762b-eb2e-40da-b23d-99447d54bcc0",
            "fec915e0-6eb5-4317-8964-a51553d6c0f5"
          ],
          "failures": [],
          "pending": [],
          "skipped": [],
          "duration": 332,
          "root": false,
          "rootEmpty": false,
          "_timeout": 2000
        },
        {
          "uuid": "9d4950a3-8c68-4194-804d-1b65b55ea3e9",
          "title": "4 - Adicione à página um quadro de pixels, com 25 pixels.",
          "fullFile": "",
          "file": "",
          "beforeHooks": [],
          "afterHooks": [],
          "tests": [
            {
              "title": "Verifica se o quadro de pixels possui o `id` denominado `pixel-board`",
              "fullTitle": "4 - Adicione à página um quadro de pixels, com 25 pixels. Verifica se o quadro de pixels possui o `id` denominado `pixel-board`",
              "timedOut": null,
              "duration": 92,
              "state": "passed",
              "speed": "slow",
              "pass": true,
              "fail": false,
              "pending": false,
              "context": null,
              "code": "cy.get('#pixel-board').should('be.visible');",
              "err": {},
              "uuid": "5e0aa326-5381-48d5-9c82-a558a9789306",
              "parentUUID": "9d4950a3-8c68-4194-804d-1b65b55ea3e9",
              "isHook": false,
              "skipped": false
            },
            {
              "title": "Verifica se cada pixel individual dentro do quadro possui a `classe` denominada `pixel`.",
              "fullTitle": "4 - Adicione à página um quadro de pixels, com 25 pixels. Verifica se cada pixel individual dentro do quadro possui a `classe` denominada `pixel`.",
              "timedOut": null,
              "duration": 161,
              "state": "passed",
              "speed": "slow",
              "pass": true,
              "fail": false,
              "pending": false,
              "context": null,
              "code": "cy.get('.pixel').should('have.length', 25);",
              "err": {},
              "uuid": "f2795bfa-cc0b-4b87-84ee-d288f7e3e031",
              "parentUUID": "9d4950a3-8c68-4194-804d-1b65b55ea3e9",
              "isHook": false,
              "skipped": false
            },
            {
              "title": "Verifica se a cor inicial dos pixels dentro do quadro, ao abrir a página, é branca.",
              "fullTitle": "4 - Adicione à página um quadro de pixels, com 25 pixels. Verifica se a cor inicial dos pixels dentro do quadro, ao abrir a página, é branca.",
              "timedOut": null,
              "duration": 165,
              "state": "passed",
              "speed": "slow",
              "pass": true,
              "fail": false,
              "pending": false,
              "context": null,
              "code": "cy.get('.pixel').should('have.length', 25).each(function (pixel) {\n  expect(pixel).to.have.css('background-color', WHITE);\n});",
              "err": {},
              "uuid": "2e369f61-16b3-4830-9a76-740fc8f9059b",
              "parentUUID": "9d4950a3-8c68-4194-804d-1b65b55ea3e9",
              "isHook": false,
              "skipped": false
            },
            {
              "title": "Verifica se o quadro de pixels aparece abaixo da paleta de cores",
              "fullTitle": "4 - Adicione à página um quadro de pixels, com 25 pixels. Verifica se o quadro de pixels aparece abaixo da paleta de cores",
              "timedOut": null,
              "duration": 123,
              "state": "passed",
              "speed": "slow",
              "pass": true,
              "fail": false,
              "pending": false,
              "context": null,
              "code": "cy.get('#color-palette').then(function (palette) {\n  cy.get('#pixel-board').should('be.belowOf', palette);\n});",
              "err": {},
              "uuid": "1c368309-c7ad-4631-a501-8a3e154addf4",
              "parentUUID": "9d4950a3-8c68-4194-804d-1b65b55ea3e9",
              "isHook": false,
              "skipped": false
            }
          ],
          "suites": [],
          "passes": [
            "5e0aa326-5381-48d5-9c82-a558a9789306",
            "f2795bfa-cc0b-4b87-84ee-d288f7e3e031",
            "2e369f61-16b3-4830-9a76-740fc8f9059b",
            "1c368309-c7ad-4631-a501-8a3e154addf4"
          ],
          "failures": [],
          "pending": [],
          "skipped": [],
          "duration": 541,
          "root": false,
          "rootEmpty": false,
          "_timeout": 2000
        },
        {
          "uuid": "3e64102c-3456-4dc0-abd5-9e1d6ff943be",
          "title": "5 - Faça com que cada elemento do quadro de pixels possua 40 pixels de largura, 40 pixels de altura e seja delimitado por uma borda preta de 1 pixel.",
          "fullFile": "",
          "file": "",
          "beforeHooks": [],
          "afterHooks": [],
          "tests": [
            {
              "title": "Verifica se o quadro de pixels tem altura e comprimento de 5 elementos",
              "fullTitle": "5 - Faça com que cada elemento do quadro de pixels possua 40 pixels de largura, 40 pixels de altura e seja delimitado por uma borda preta de 1 pixel. Verifica se o quadro de pixels tem altura e comprimento de 5 elementos",
              "timedOut": null,
              "duration": 281,
              "state": "passed",
              "speed": "slow",
              "pass": true,
              "fail": false,
              "pending": false,
              "context": null,
              "code": "cy.get('.pixel').should('have.length', 25).each(function (pixel) {\n  expect(pixel).to.have.css('background-color', WHITE);\n}).and(function (pixels) {\n  var rows = chunk(pixels, 5);\n  rows.forEach(function (row) {\n    for (var index = 1; index < row.length; index += 1) {\n      var current = pixels[index];\n      var previous = pixels[index - 1];\n      cy.wrap(current).should('be.onTheRightOf', previous).and('be.horizontallyAlignedWith', previous);\n    }\n  });\n  for (var index = 1; index < 5; index += 1) {\n    expect(pixels[index * 5]).to.be.belowOf(pixels[(index - 1) * 5]);\n  }\n});",
              "err": {},
              "uuid": "d5be8f6a-6894-4569-bc2f-3805b55e257d",
              "parentUUID": "3e64102c-3456-4dc0-abd5-9e1d6ff943be",
              "isHook": false,
              "skipped": false
            },
            {
              "title": "Verifica se 40 pixels é o tamanho total do elemento, incluindo seu conteúdo e excluindo a borda preta, que deve ser criada à parte.",
              "fullTitle": "5 - Faça com que cada elemento do quadro de pixels possua 40 pixels de largura, 40 pixels de altura e seja delimitado por uma borda preta de 1 pixel. Verifica se 40 pixels é o tamanho total do elemento, incluindo seu conteúdo e excluindo a borda preta, que deve ser criada à parte.",
              "timedOut": null,
              "duration": 307,
              "state": "passed",
              "speed": "slow",
              "pass": true,
              "fail": false,
              "pending": false,
              "context": null,
              "code": "cy.get('.pixel').each(function (pixel) {\n  cy.wrap(pixel).should('have.css', 'height', '40px').and('have.css', 'width', '40px').and('have.css', 'border', \"1px solid \".concat(BLACK));\n});",
              "err": {},
              "uuid": "03b69c96-d97c-4c5c-a259-2021efc10338",
              "parentUUID": "3e64102c-3456-4dc0-abd5-9e1d6ff943be",
              "isHook": false,
              "skipped": false
            }
          ],
          "suites": [],
          "passes": [
            "d5be8f6a-6894-4569-bc2f-3805b55e257d",
            "03b69c96-d97c-4c5c-a259-2021efc10338"
          ],
          "failures": [],
          "pending": [],
          "skipped": [],
          "duration": 588,
          "root": false,
          "rootEmpty": false,
          "_timeout": 2000
        },
        {
          "uuid": "f46d4b2d-2d34-4739-aa9e-16aaa986d30f",
          "title": "6 - Defina a cor preta como cor inicial. Ao carregar a página a cor preta já deve estar selecionada para pintar os pixels",
          "fullFile": "",
          "file": "",
          "beforeHooks": [],
          "afterHooks": [],
          "tests": [
            {
              "title": "Verifica se o elemento da cor preta possui, inicialmente, a `classe` `selected`",
              "fullTitle": "6 - Defina a cor preta como cor inicial. Ao carregar a página a cor preta já deve estar selecionada para pintar os pixels Verifica se o elemento da cor preta possui, inicialmente, a `classe` `selected`",
              "timedOut": null,
              "duration": 153,
              "state": "passed",
              "speed": "slow",
              "pass": true,
              "fail": false,
              "pending": false,
              "context": null,
              "code": "cy.get('.selected').first().should('have.css', 'background-color', BLACK);",
              "err": {},
              "uuid": "e2dd6f11-8288-40af-aa5d-8b61a7bc1f37",
              "parentUUID": "f46d4b2d-2d34-4739-aa9e-16aaa986d30f",
              "isHook": false,
              "skipped": false
            },
            {
              "title": "Verifica se nenhuma outra cor da paleta tem a `classe` `selected`",
              "fullTitle": "6 - Defina a cor preta como cor inicial. Ao carregar a página a cor preta já deve estar selecionada para pintar os pixels Verifica se nenhuma outra cor da paleta tem a `classe` `selected`",
              "timedOut": null,
              "duration": 139,
              "state": "passed",
              "speed": "slow",
              "pass": true,
              "fail": false,
              "pending": false,
              "context": null,
              "code": "cy.get('.color:not(:first-child)').each(function (color) {\n  cy.wrap(color).should('not.have.class', 'selected');\n});",
              "err": {},
              "uuid": "10b0b12f-79d6-4098-9a02-aafd9f24e356",
              "parentUUID": "f46d4b2d-2d34-4739-aa9e-16aaa986d30f",
              "isHook": false,
              "skipped": false
            }
          ],
          "suites": [],
          "passes": [
            "e2dd6f11-8288-40af-aa5d-8b61a7bc1f37",
            "10b0b12f-79d6-4098-9a02-aafd9f24e356"
          ],
          "failures": [],
          "pending": [],
          "skipped": [],
          "duration": 292,
          "root": false,
          "rootEmpty": false,
          "_timeout": 2000
        },
        {
          "uuid": "5aabd07a-634e-440a-9c94-65ed43d2a568",
          "title": "7 - Clicar em uma das cores da paleta, faz com que ela seja selecionada e utilizada para preencher os pixels no quadro.",
          "fullFile": "",
          "file": "",
          "beforeHooks": [],
          "afterHooks": [],
          "tests": [
            {
              "title": "Verifica se somente uma cor da paleta de cores tem a classe `selected` de cada vez",
              "fullTitle": "7 - Clicar em uma das cores da paleta, faz com que ela seja selecionada e utilizada para preencher os pixels no quadro. Verifica se somente uma cor da paleta de cores tem a classe `selected` de cada vez",
              "timedOut": null,
              "duration": 465,
              "state": "passed",
              "speed": "slow",
              "pass": true,
              "fail": false,
              "pending": false,
              "context": null,
              "code": "cy.get('.color').each(function (selectedColor, selectedColorIndex) {\n  cy.wrap(selectedColor).click();\n  cy.get('.color').each(function (color, colorIndex) {\n    if (colorIndex === selectedColorIndex) {\n      expect(color).to.have[\"class\"]('selected');\n    } else {\n      expect(color).not.to.have[\"class\"]('selected');\n    }\n  });\n});",
              "err": {},
              "uuid": "e47f00cf-55f8-43ea-b787-5c1ef87be25d",
              "parentUUID": "5aabd07a-634e-440a-9c94-65ed43d2a568",
              "isHook": false,
              "skipped": false
            },
            {
              "title": "Verifica se os pixels dentro do quadro não têm a classe `selected` quando são clicados",
              "fullTitle": "7 - Clicar em uma das cores da paleta, faz com que ela seja selecionada e utilizada para preencher os pixels no quadro. Verifica se os pixels dentro do quadro não têm a classe `selected` quando são clicados",
              "timedOut": null,
              "duration": 9148,
              "state": "passed",
              "speed": "slow",
              "pass": true,
              "fail": false,
              "pending": false,
              "context": null,
              "code": "cy.get('.color').each(function (color) {\n  var backgroundColor = color.css('background-color');\n  cy.wrap(color).click();\n  cy.get('.pixel').each(function (pixel) {\n    cy.wrap(pixel).click().should('not.have.class', 'selected');\n  });\n});",
              "err": {},
              "uuid": "fddfd022-5253-454b-92d5-cf6bbe62f23d",
              "parentUUID": "5aabd07a-634e-440a-9c94-65ed43d2a568",
              "isHook": false,
              "skipped": false
            }
          ],
          "suites": [],
          "passes": [
            "e47f00cf-55f8-43ea-b787-5c1ef87be25d",
            "fddfd022-5253-454b-92d5-cf6bbe62f23d"
          ],
          "failures": [],
          "pending": [],
          "skipped": [],
          "duration": 9613,
          "root": false,
          "rootEmpty": false,
          "_timeout": 2000
        },
        {
          "uuid": "f770496a-d382-45e4-8280-74e6ea86e002",
          "title": "8 - Clicar em um pixel dentro do quadro após selecionar uma cor na paleta, faz com que o pixel seja preenchido com a cor selecionada.",
          "fullFile": "",
          "file": "",
          "beforeHooks": [],
          "afterHooks": [],
          "tests": [
            {
              "title": "Verifica se ao carregar a página deve ser possível pintar os pixels de preto",
              "fullTitle": "8 - Clicar em um pixel dentro do quadro após selecionar uma cor na paleta, faz com que o pixel seja preenchido com a cor selecionada. Verifica se ao carregar a página deve ser possível pintar os pixels de preto",
              "timedOut": null,
              "duration": 4443,
              "state": "failed",
              "speed": null,
              "pass": false,
              "fail": true,
              "pending": false,
              "context": null,
              "code": "cy.get('.pixel').each(function (pixel) {\n  cy.wrap(pixel).click().should('have.css', 'background-color', BLACK);\n});",
              "err": {
                "message": "CypressError: Timed out retrying: expected '<div.pixel>' to have CSS property 'background-color' with the value 'rgb(0, 0, 0)', but the value was 'rgb(255, 255, 255)'",
                "estack": "CypressError: Timed out retrying: expected '<div.pixel>' to have CSS property 'background-color' with the value 'rgb(0, 0, 0)', but the value was 'rgb(255, 255, 255)'\n    at cypressErr (http://localhost:45609/__cypress/runner/cypress_runner.js:149934:9)\n    at throwErr (http://localhost:45609/__cypress/runner/cypress_runner.js:149867:11)\n    at Object.throwErrByPath (http://localhost:45609/__cypress/runner/cypress_runner.js:149915:3)\n    at retry (http://localhost:45609/__cypress/runner/cypress_runner.js:144197:19)\n    at onFailFn (http://localhost:45609/__cypress/runner/cypress_runner.js:132448:16)\n    at tryCatcher (http://localhost:45609/__cypress/runner/cypress_runner.js:167415:23)\n    at Promise._settlePromiseFromHandler (http://localhost:45609/__cypress/runner/cypress_runner.js:165351:31)\n    at Promise._settlePromise (http://localhost:45609/__cypress/runner/cypress_runner.js:165408:18)\n    at Promise._settlePromise0 (http://localhost:45609/__cypress/runner/cypress_runner.js:165453:10)\n    at Promise._settlePromises (http://localhost:45609/__cypress/runner/cypress_runner.js:165528:18)\n    at Async../node_modules/bluebird/js/release/async.js.Async._drainQueue (http://localhost:45609/__cypress/runner/cypress_runner.js:162140:16)\n    at Async../node_modules/bluebird/js/release/async.js.Async._drainQueues (http://localhost:45609/__cypress/runner/cypress_runner.js:162150:10)\n    at Async.drainQueues (http://localhost:45609/__cypress/runner/cypress_runner.js:162024:14)",
                "diff": null
              },
              "uuid": "9023beff-1f7c-47ea-902e-3df3fcd33f92",
              "parentUUID": "f770496a-d382-45e4-8280-74e6ea86e002",
              "isHook": false,
              "skipped": false
            },
            {
              "title": "Verifica se após selecionar uma outra cor na paleta, é possível pintar os pixels com essa cor",
              "fullTitle": "8 - Clicar em um pixel dentro do quadro após selecionar uma cor na paleta, faz com que o pixel seja preenchido com a cor selecionada. Verifica se após selecionar uma outra cor na paleta, é possível pintar os pixels com essa cor",
              "timedOut": null,
              "duration": 4469,
              "state": "failed",
              "speed": null,
              "pass": false,
              "fail": true,
              "pending": false,
              "context": null,
              "code": "cy.get('.color').each(function (color) {\n  var backgroundColor = color.css('background-color');\n  cy.wrap(color).click();\n  cy.get('.pixel').each(function (pixel) {\n    cy.wrap(pixel).click().should('have.css', 'background-color', backgroundColor);\n  });\n});",
              "err": {
                "message": "CypressError: Timed out retrying: expected '<div.pixel>' to have CSS property 'background-color' with the value 'rgb(0, 0, 0)', but the value was 'rgb(255, 255, 255)'",
                "estack": "CypressError: Timed out retrying: expected '<div.pixel>' to have CSS property 'background-color' with the value 'rgb(0, 0, 0)', but the value was 'rgb(255, 255, 255)'\n    at cypressErr (http://localhost:45609/__cypress/runner/cypress_runner.js:149934:9)\n    at throwErr (http://localhost:45609/__cypress/runner/cypress_runner.js:149867:11)\n    at Object.throwErrByPath (http://localhost:45609/__cypress/runner/cypress_runner.js:149915:3)\n    at retry (http://localhost:45609/__cypress/runner/cypress_runner.js:144197:19)\n    at onFailFn (http://localhost:45609/__cypress/runner/cypress_runner.js:132448:16)\n    at tryCatcher (http://localhost:45609/__cypress/runner/cypress_runner.js:167415:23)\n    at Promise._settlePromiseFromHandler (http://localhost:45609/__cypress/runner/cypress_runner.js:165351:31)\n    at Promise._settlePromise (http://localhost:45609/__cypress/runner/cypress_runner.js:165408:18)\n    at Promise._settlePromise0 (http://localhost:45609/__cypress/runner/cypress_runner.js:165453:10)\n    at Promise._settlePromises (http://localhost:45609/__cypress/runner/cypress_runner.js:165528:18)\n    at Async../node_modules/bluebird/js/release/async.js.Async._drainQueue (http://localhost:45609/__cypress/runner/cypress_runner.js:162140:16)\n    at Async../node_modules/bluebird/js/release/async.js.Async._drainQueues (http://localhost:45609/__cypress/runner/cypress_runner.js:162150:10)\n    at Async.drainQueues (http://localhost:45609/__cypress/runner/cypress_runner.js:162024:14)",
                "diff": null
              },
              "uuid": "12369487-e545-4196-80d5-9d0d9850fe81",
              "parentUUID": "f770496a-d382-45e4-8280-74e6ea86e002",
              "isHook": false,
              "skipped": false
            },
            {
              "title": "Verifica se somente o pixel que foi clicado foi preenchido com a cor selecionada, sem influenciar na cor dos demais pixels.",
              "fullTitle": "8 - Clicar em um pixel dentro do quadro após selecionar uma cor na paleta, faz com que o pixel seja preenchido com a cor selecionada. Verifica se somente o pixel que foi clicado foi preenchido com a cor selecionada, sem influenciar na cor dos demais pixels.",
              "timedOut": null,
              "duration": 1451,
              "state": "passed",
              "speed": "slow",
              "pass": true,
              "fail": false,
              "pending": false,
              "context": null,
              "code": "var colorToPixelIndexMap = {\n  0: 6,\n  1: 8,\n  2: 16,\n  3: 18\n};\ncy.get('.color').each(function (color, index) {\n  cy.wrap(color).click();\n  var backgroundColor = color.css('background-color');\n  var clickedPixelIndex = colorToPixelIndexMap[index];\n  cy.get('.pixel').eq(clickedPixelIndex).click();\n  cy.get('.pixel').eq(clickedPixelIndex - 1).should('not.have.css', 'background-color', backgroundColor);\n  cy.get('.pixel').eq(clickedPixelIndex + 1).should('not.have.css', 'background-color', backgroundColor);\n  cy.get('.pixel').eq(clickedPixelIndex - 5).should('not.have.css', 'background-color', backgroundColor);\n  cy.get('.pixel').eq(clickedPixelIndex + 5).should('not.have.css', 'background-color', backgroundColor);\n  cy.get('.pixel').eq(clickedPixelIndex - 6).should('not.have.css', 'background-color', backgroundColor);\n  cy.get('.pixel').eq(clickedPixelIndex - 4).should('not.have.css', 'background-color', backgroundColor);\n  cy.get('.pixel').eq(clickedPixelIndex + 4).should('not.have.css', 'background-color', backgroundColor);\n  cy.get('.pixel').eq(clickedPixelIndex + 6).should('not.have.css', 'background-color', backgroundColor);\n});",
              "err": {},
              "uuid": "4a496f65-5da0-44df-b0a2-0767f9b1a3a8",
              "parentUUID": "f770496a-d382-45e4-8280-74e6ea86e002",
              "isHook": false,
              "skipped": false
            }
          ],
          "suites": [],
          "passes": [
            "4a496f65-5da0-44df-b0a2-0767f9b1a3a8"
          ],
          "failures": [
            "9023beff-1f7c-47ea-902e-3df3fcd33f92",
            "12369487-e545-4196-80d5-9d0d9850fe81"
          ],
          "pending": [],
          "skipped": [],
          "duration": 10363,
          "root": false,
          "rootEmpty": false,
          "_timeout": 2000
        },
        {
          "uuid": "27e367b2-605b-4287-8e43-5edf5bc2f71b",
          "title": "9 - Crie um botão que, ao ser clicado, limpa o quadro preenchendo a cor de todos seus pixels com branco.",
          "fullFile": "",
          "file": "",
          "beforeHooks": [],
          "afterHooks": [],
          "tests": [
            {
              "title": "Verifica se o botão tem o `id` denominado `clear-board`",
              "fullTitle": "9 - Crie um botão que, ao ser clicado, limpa o quadro preenchendo a cor de todos seus pixels com branco. Verifica se o botão tem o `id` denominado `clear-board`",
              "timedOut": null,
              "duration": 157,
              "state": "passed",
              "speed": "slow",
              "pass": true,
              "fail": false,
              "pending": false,
              "context": null,
              "code": "cy.get('#clear-board').should('be.visible');",
              "err": {},
              "uuid": "2fcfa8b6-1754-4c08-bfb3-e07682af966e",
              "parentUUID": "27e367b2-605b-4287-8e43-5edf5bc2f71b",
              "isHook": false,
              "skipped": false
            },
            {
              "title": "Verifica se o botão está posicionado entre a paleta de cores e o quadro de pixels",
              "fullTitle": "9 - Crie um botão que, ao ser clicado, limpa o quadro preenchendo a cor de todos seus pixels com branco. Verifica se o botão está posicionado entre a paleta de cores e o quadro de pixels",
              "timedOut": null,
              "duration": 92,
              "state": "passed",
              "speed": "slow",
              "pass": true,
              "fail": false,
              "pending": false,
              "context": null,
              "code": "cy.get('#color-palette').then(function (palette) {\n  cy.get('#clear-board').should('be.belowOf', palette);\n});\ncy.get('#clear-board').then(function (clearBtn) {\n  cy.get('#pixel-board').should('be.belowOf', clearBtn);\n});",
              "err": {},
              "uuid": "4664eac5-50a4-408f-a0b9-d2218217008f",
              "parentUUID": "27e367b2-605b-4287-8e43-5edf5bc2f71b",
              "isHook": false,
              "skipped": false
            },
            {
              "title": "Verifica se o texto do botão é 'Limpar'",
              "fullTitle": "9 - Crie um botão que, ao ser clicado, limpa o quadro preenchendo a cor de todos seus pixels com branco. Verifica se o texto do botão é 'Limpar'",
              "timedOut": null,
              "duration": 111,
              "state": "passed",
              "speed": "slow",
              "pass": true,
              "fail": false,
              "pending": false,
              "context": null,
              "code": "cy.get('#clear-board').should('contain.text', 'Limpar');",
              "err": {},
              "uuid": "4d0b43cb-dd23-4622-b750-3cc49ae48842",
              "parentUUID": "27e367b2-605b-4287-8e43-5edf5bc2f71b",
              "isHook": false,
              "skipped": false
            },
            {
              "title": "Verifica se ao clicar no botão, o quadro de pixels é totalmente preenchido de branco",
              "fullTitle": "9 - Crie um botão que, ao ser clicado, limpa o quadro preenchendo a cor de todos seus pixels com branco. Verifica se ao clicar no botão, o quadro de pixels é totalmente preenchido de branco",
              "timedOut": null,
              "duration": 4497,
              "state": "failed",
              "speed": null,
              "pass": false,
              "fail": true,
              "pending": false,
              "context": null,
              "code": "cy.get('.color').eq(1).then(function (color) {\n  var backgroundColor = color.css('background-color');\n  cy.wrap(color).click();\n  cy.get('.pixel').each(function (pixel) {\n    cy.wrap(pixel).click().should('have.css', 'background-color', backgroundColor);\n  });\n});\ncy.get('#clear-board').click();\ncy.get('.pixel').each(function (pixel) {\n  cy.wrap(pixel).should('have.css', 'background-color', WHITE);\n});",
              "err": {
                "message": "CypressError: Timed out retrying: expected '<div.pixel>' to have CSS property 'background-color' with the value 'rgb(255, 0, 0)', but the value was 'rgb(255, 255, 255)'",
                "estack": "CypressError: Timed out retrying: expected '<div.pixel>' to have CSS property 'background-color' with the value 'rgb(255, 0, 0)', but the value was 'rgb(255, 255, 255)'\n    at cypressErr (http://localhost:45609/__cypress/runner/cypress_runner.js:149934:9)\n    at throwErr (http://localhost:45609/__cypress/runner/cypress_runner.js:149867:11)\n    at Object.throwErrByPath (http://localhost:45609/__cypress/runner/cypress_runner.js:149915:3)\n    at retry (http://localhost:45609/__cypress/runner/cypress_runner.js:144197:19)\n    at onFailFn (http://localhost:45609/__cypress/runner/cypress_runner.js:132448:16)\n    at tryCatcher (http://localhost:45609/__cypress/runner/cypress_runner.js:167415:23)\n    at Promise._settlePromiseFromHandler (http://localhost:45609/__cypress/runner/cypress_runner.js:165351:31)\n    at Promise._settlePromise (http://localhost:45609/__cypress/runner/cypress_runner.js:165408:18)\n    at Promise._settlePromise0 (http://localhost:45609/__cypress/runner/cypress_runner.js:165453:10)\n    at Promise._settlePromises (http://localhost:45609/__cypress/runner/cypress_runner.js:165528:18)\n    at Async../node_modules/bluebird/js/release/async.js.Async._drainQueue (http://localhost:45609/__cypress/runner/cypress_runner.js:162140:16)\n    at Async../node_modules/bluebird/js/release/async.js.Async._drainQueues (http://localhost:45609/__cypress/runner/cypress_runner.js:162150:10)\n    at Async.drainQueues (http://localhost:45609/__cypress/runner/cypress_runner.js:162024:14)",
                "diff": null
              },
              "uuid": "b88cabc9-f08b-4aab-bb70-2504caf19054",
              "parentUUID": "27e367b2-605b-4287-8e43-5edf5bc2f71b",
              "isHook": false,
              "skipped": false
            }
          ],
          "suites": [],
          "passes": [
            "2fcfa8b6-1754-4c08-bfb3-e07682af966e",
            "4664eac5-50a4-408f-a0b9-d2218217008f",
            "4d0b43cb-dd23-4622-b750-3cc49ae48842"
          ],
          "failures": [
            "b88cabc9-f08b-4aab-bb70-2504caf19054"
          ],
          "pending": [],
          "skipped": [],
          "duration": 4857,
          "root": false,
          "rootEmpty": false,
          "_timeout": 2000
        },
        {
          "uuid": "6f90a85a-87fc-4cc4-a520-3f4ca7ecae8f",
          "title": "10 - Faça o quadro de pixels ter seu tamanho definido pelo usuário.",
          "fullFile": "",
          "file": "",
          "beforeHooks": [],
          "afterHooks": [],
          "tests": [
            {
              "title": "Verifica se existe um input com o id `board-size`",
              "fullTitle": "10 - Faça o quadro de pixels ter seu tamanho definido pelo usuário. Verifica se existe um input com o id `board-size`",
              "timedOut": null,
              "duration": 4380,
              "state": "failed",
              "speed": null,
              "pass": false,
              "fail": true,
              "pending": false,
              "context": null,
              "code": "cy.get('#board-size').should('be.visible');",
              "err": {
                "message": "CypressError: Timed out retrying: Expected to find element: '#board-size', but never found it.",
                "estack": "CypressError: Timed out retrying: Expected to find element: '#board-size', but never found it.\n    at cypressErr (http://localhost:45609/__cypress/runner/cypress_runner.js:149934:9)\n    at throwErr (http://localhost:45609/__cypress/runner/cypress_runner.js:149867:11)\n    at Object.throwErrByPath (http://localhost:45609/__cypress/runner/cypress_runner.js:149915:3)\n    at retry (http://localhost:45609/__cypress/runner/cypress_runner.js:144197:19)\n    at onFailFn (http://localhost:45609/__cypress/runner/cypress_runner.js:132448:16)\n    at tryCatcher (http://localhost:45609/__cypress/runner/cypress_runner.js:167415:23)\n    at Promise._settlePromiseFromHandler (http://localhost:45609/__cypress/runner/cypress_runner.js:165351:31)\n    at Promise._settlePromise (http://localhost:45609/__cypress/runner/cypress_runner.js:165408:18)\n    at Promise._settlePromise0 (http://localhost:45609/__cypress/runner/cypress_runner.js:165453:10)\n    at Promise._settlePromises (http://localhost:45609/__cypress/runner/cypress_runner.js:165528:18)\n    at Async../node_modules/bluebird/js/release/async.js.Async._drainQueue (http://localhost:45609/__cypress/runner/cypress_runner.js:162140:16)\n    at Async../node_modules/bluebird/js/release/async.js.Async._drainQueues (http://localhost:45609/__cypress/runner/cypress_runner.js:162150:10)\n    at Async.drainQueues (http://localhost:45609/__cypress/runner/cypress_runner.js:162024:14)",
                "diff": null
              },
              "uuid": "088acce5-f22f-4802-b073-88fff999696b",
              "parentUUID": "6f90a85a-87fc-4cc4-a520-3f4ca7ecae8f",
              "isHook": false,
              "skipped": false
            },
            {
              "title": "Verifica se existe um botão com o id `generate-board`",
              "fullTitle": "10 - Faça o quadro de pixels ter seu tamanho definido pelo usuário. Verifica se existe um botão com o id `generate-board`",
              "timedOut": null,
              "duration": 4341,
              "state": "failed",
              "speed": null,
              "pass": false,
              "fail": true,
              "pending": false,
              "context": null,
              "code": "cy.get('#generate-board').should('be.visible');",
              "err": {
                "message": "CypressError: Timed out retrying: Expected to find element: '#generate-board', but never found it.",
                "estack": "CypressError: Timed out retrying: Expected to find element: '#generate-board', but never found it.\n    at cypressErr (http://localhost:45609/__cypress/runner/cypress_runner.js:149934:9)\n    at throwErr (http://localhost:45609/__cypress/runner/cypress_runner.js:149867:11)\n    at Object.throwErrByPath (http://localhost:45609/__cypress/runner/cypress_runner.js:149915:3)\n    at retry (http://localhost:45609/__cypress/runner/cypress_runner.js:144197:19)\n    at onFailFn (http://localhost:45609/__cypress/runner/cypress_runner.js:132448:16)\n    at tryCatcher (http://localhost:45609/__cypress/runner/cypress_runner.js:167415:23)\n    at Promise._settlePromiseFromHandler (http://localhost:45609/__cypress/runner/cypress_runner.js:165351:31)\n    at Promise._settlePromise (http://localhost:45609/__cypress/runner/cypress_runner.js:165408:18)\n    at Promise._settlePromise0 (http://localhost:45609/__cypress/runner/cypress_runner.js:165453:10)\n    at Promise._settlePromises (http://localhost:45609/__cypress/runner/cypress_runner.js:165528:18)\n    at Async../node_modules/bluebird/js/release/async.js.Async._drainQueue (http://localhost:45609/__cypress/runner/cypress_runner.js:162140:16)\n    at Async../node_modules/bluebird/js/release/async.js.Async._drainQueues (http://localhost:45609/__cypress/runner/cypress_runner.js:162150:10)\n    at Async.drainQueues (http://localhost:45609/__cypress/runner/cypress_runner.js:162024:14)",
                "diff": null
              },
              "uuid": "3d213830-e5b8-4bc3-836a-ff3e24f9b90e",
              "parentUUID": "6f90a85a-87fc-4cc4-a520-3f4ca7ecae8f",
              "isHook": false,
              "skipped": false
            },
            {
              "title": "Verifica se o input só aceita número maiores que zero. Essa restrição deve ser feita usando os atributos do elemento `input`",
              "fullTitle": "10 - Faça o quadro de pixels ter seu tamanho definido pelo usuário. Verifica se o input só aceita número maiores que zero. Essa restrição deve ser feita usando os atributos do elemento `input`",
              "timedOut": null,
              "duration": 4327,
              "state": "failed",
              "speed": null,
              "pass": false,
              "fail": true,
              "pending": false,
              "context": null,
              "code": "cy.get('#board-size[type=\\'number\\'][min=\\'1\\']');",
              "err": {
                "message": "CypressError: Timed out retrying: Expected to find element: '#board-size[type='number'][min='1']', but never found it.",
                "estack": "CypressError: Timed out retrying: Expected to find element: '#board-size[type='number'][min='1']', but never found it.\n    at cypressErr (http://localhost:45609/__cypress/runner/cypress_runner.js:149934:9)\n    at throwErr (http://localhost:45609/__cypress/runner/cypress_runner.js:149867:11)\n    at Object.throwErrByPath (http://localhost:45609/__cypress/runner/cypress_runner.js:149915:3)\n    at retry (http://localhost:45609/__cypress/runner/cypress_runner.js:144197:19)\n    at onFailFn (http://localhost:45609/__cypress/runner/cypress_runner.js:132448:16)\n    at tryCatcher (http://localhost:45609/__cypress/runner/cypress_runner.js:167415:23)\n    at Promise._settlePromiseFromHandler (http://localhost:45609/__cypress/runner/cypress_runner.js:165351:31)\n    at Promise._settlePromise (http://localhost:45609/__cypress/runner/cypress_runner.js:165408:18)\n    at Promise._settlePromise0 (http://localhost:45609/__cypress/runner/cypress_runner.js:165453:10)\n    at Promise._settlePromises (http://localhost:45609/__cypress/runner/cypress_runner.js:165528:18)\n    at Async../node_modules/bluebird/js/release/async.js.Async._drainQueue (http://localhost:45609/__cypress/runner/cypress_runner.js:162140:16)\n    at Async../node_modules/bluebird/js/release/async.js.Async._drainQueues (http://localhost:45609/__cypress/runner/cypress_runner.js:162150:10)\n    at Async.drainQueues (http://localhost:45609/__cypress/runner/cypress_runner.js:162024:14)",
                "diff": null
              },
              "uuid": "08a71dd1-e0d6-4cc4-8979-2031affd75aa",
              "parentUUID": "6f90a85a-87fc-4cc4-a520-3f4ca7ecae8f",
              "isHook": false,
              "skipped": false
            },
            {
              "title": "Verifica se o botão contém o texto 'VQV'",
              "fullTitle": "10 - Faça o quadro de pixels ter seu tamanho definido pelo usuário. Verifica se o botão contém o texto 'VQV'",
              "timedOut": null,
              "duration": 4396,
              "state": "failed",
              "speed": null,
              "pass": false,
              "fail": true,
              "pending": false,
              "context": null,
              "code": "cy.get('#generate-board').contains(/vqv/i);",
              "err": {
                "message": "CypressError: Timed out retrying: Expected to find element: '#generate-board', but never found it.",
                "estack": "CypressError: Timed out retrying: Expected to find element: '#generate-board', but never found it.\n    at cypressErr (http://localhost:45609/__cypress/runner/cypress_runner.js:149934:9)\n    at throwErr (http://localhost:45609/__cypress/runner/cypress_runner.js:149867:11)\n    at Object.throwErrByPath (http://localhost:45609/__cypress/runner/cypress_runner.js:149915:3)\n    at retry (http://localhost:45609/__cypress/runner/cypress_runner.js:144197:19)\n    at onFailFn (http://localhost:45609/__cypress/runner/cypress_runner.js:132448:16)\n    at tryCatcher (http://localhost:45609/__cypress/runner/cypress_runner.js:167415:23)\n    at Promise._settlePromiseFromHandler (http://localhost:45609/__cypress/runner/cypress_runner.js:165351:31)\n    at Promise._settlePromise (http://localhost:45609/__cypress/runner/cypress_runner.js:165408:18)\n    at Promise._settlePromise0 (http://localhost:45609/__cypress/runner/cypress_runner.js:165453:10)\n    at Promise._settlePromises (http://localhost:45609/__cypress/runner/cypress_runner.js:165528:18)\n    at Async../node_modules/bluebird/js/release/async.js.Async._drainQueue (http://localhost:45609/__cypress/runner/cypress_runner.js:162140:16)\n    at Async../node_modules/bluebird/js/release/async.js.Async._drainQueues (http://localhost:45609/__cypress/runner/cypress_runner.js:162150:10)\n    at Async.drainQueues (http://localhost:45609/__cypress/runner/cypress_runner.js:162024:14)",
                "diff": null
              },
              "uuid": "422dea32-8a8f-4045-9a9f-fcbfe7fdaf7f",
              "parentUUID": "6f90a85a-87fc-4cc4-a520-3f4ca7ecae8f",
              "isHook": false,
              "skipped": false
            },
            {
              "title": "Verifica se o input está posicionado entre a paleta de cores e o quadro de pixels",
              "fullTitle": "10 - Faça o quadro de pixels ter seu tamanho definido pelo usuário. Verifica se o input está posicionado entre a paleta de cores e o quadro de pixels",
              "timedOut": null,
              "duration": 4291,
              "state": "failed",
              "speed": null,
              "pass": false,
              "fail": true,
              "pending": false,
              "context": null,
              "code": "cy.get('#color-palette').then(function (palette) {\n  cy.get('#board-size').should('be.belowOf', palette);\n});\ncy.get('#board-size').then(function (palette) {\n  cy.get('#pixel-board').should('be.belowOf', palette);\n});",
              "err": {
                "message": "CypressError: Timed out retrying: Expected to find element: '#board-size', but never found it.",
                "estack": "CypressError: Timed out retrying: Expected to find element: '#board-size', but never found it.\n    at cypressErr (http://localhost:45609/__cypress/runner/cypress_runner.js:149934:9)\n    at throwErr (http://localhost:45609/__cypress/runner/cypress_runner.js:149867:11)\n    at Object.throwErrByPath (http://localhost:45609/__cypress/runner/cypress_runner.js:149915:3)\n    at retry (http://localhost:45609/__cypress/runner/cypress_runner.js:144197:19)\n    at onFailFn (http://localhost:45609/__cypress/runner/cypress_runner.js:132448:16)\n    at tryCatcher (http://localhost:45609/__cypress/runner/cypress_runner.js:167415:23)\n    at Promise._settlePromiseFromHandler (http://localhost:45609/__cypress/runner/cypress_runner.js:165351:31)\n    at Promise._settlePromise (http://localhost:45609/__cypress/runner/cypress_runner.js:165408:18)\n    at Promise._settlePromise0 (http://localhost:45609/__cypress/runner/cypress_runner.js:165453:10)\n    at Promise._settlePromises (http://localhost:45609/__cypress/runner/cypress_runner.js:165528:18)\n    at Async../node_modules/bluebird/js/release/async.js.Async._drainQueue (http://localhost:45609/__cypress/runner/cypress_runner.js:162140:16)\n    at Async../node_modules/bluebird/js/release/async.js.Async._drainQueues (http://localhost:45609/__cypress/runner/cypress_runner.js:162150:10)\n    at Async.drainQueues (http://localhost:45609/__cypress/runner/cypress_runner.js:162024:14)",
                "diff": null
              },
              "uuid": "e3e26c31-7167-4635-bf75-c0e254e18890",
              "parentUUID": "6f90a85a-87fc-4cc4-a520-3f4ca7ecae8f",
              "isHook": false,
              "skipped": false
            },
            {
              "title": "Verifica se o botão está posicionado ao lado do input",
              "fullTitle": "10 - Faça o quadro de pixels ter seu tamanho definido pelo usuário. Verifica se o botão está posicionado ao lado do input",
              "timedOut": null,
              "duration": 4318,
              "state": "failed",
              "speed": null,
              "pass": false,
              "fail": true,
              "pending": false,
              "context": null,
              "code": "cy.get('#board-size').then(function (board) {\n  cy.get('#generate-board').should('be.onTheRightOf', board);\n});",
              "err": {
                "message": "CypressError: Timed out retrying: Expected to find element: '#board-size', but never found it.",
                "estack": "CypressError: Timed out retrying: Expected to find element: '#board-size', but never found it.\n    at cypressErr (http://localhost:45609/__cypress/runner/cypress_runner.js:149934:9)\n    at throwErr (http://localhost:45609/__cypress/runner/cypress_runner.js:149867:11)\n    at Object.throwErrByPath (http://localhost:45609/__cypress/runner/cypress_runner.js:149915:3)\n    at retry (http://localhost:45609/__cypress/runner/cypress_runner.js:144197:19)\n    at onFailFn (http://localhost:45609/__cypress/runner/cypress_runner.js:132448:16)\n    at tryCatcher (http://localhost:45609/__cypress/runner/cypress_runner.js:167415:23)\n    at Promise._settlePromiseFromHandler (http://localhost:45609/__cypress/runner/cypress_runner.js:165351:31)\n    at Promise._settlePromise (http://localhost:45609/__cypress/runner/cypress_runner.js:165408:18)\n    at Promise._settlePromise0 (http://localhost:45609/__cypress/runner/cypress_runner.js:165453:10)\n    at Promise._settlePromises (http://localhost:45609/__cypress/runner/cypress_runner.js:165528:18)\n    at Async../node_modules/bluebird/js/release/async.js.Async._drainQueue (http://localhost:45609/__cypress/runner/cypress_runner.js:162140:16)\n    at Async../node_modules/bluebird/js/release/async.js.Async._drainQueues (http://localhost:45609/__cypress/runner/cypress_runner.js:162150:10)\n    at Async.drainQueues (http://localhost:45609/__cypress/runner/cypress_runner.js:162024:14)",
                "diff": null
              },
              "uuid": "6e7a08a3-d878-43c4-9fef-fba9f145198b",
              "parentUUID": "6f90a85a-87fc-4cc4-a520-3f4ca7ecae8f",
              "isHook": false,
              "skipped": false
            },
            {
              "title": "Verifica se nenhum valor for colocado no input ao clicar no botão, um `alert` é exibido com o texto: 'Board inválido!'",
              "fullTitle": "10 - Faça o quadro de pixels ter seu tamanho definido pelo usuário. Verifica se nenhum valor for colocado no input ao clicar no botão, um `alert` é exibido com o texto: 'Board inválido!'",
              "timedOut": null,
              "duration": 4377,
              "state": "failed",
              "speed": null,
              "pass": false,
              "fail": true,
              "pending": false,
              "context": null,
              "code": "var alerted = false;\ncy.on('window:alert', function (msg) {\n  return alerted = msg;\n});\ncy.get('#generate-board').click().then(function () {\n  return expect(alerted).to.match(/Board inválido!/i);\n});",
              "err": {
                "message": "CypressError: Timed out retrying: Expected to find element: '#generate-board', but never found it.",
                "estack": "CypressError: Timed out retrying: Expected to find element: '#generate-board', but never found it.\n    at cypressErr (http://localhost:45609/__cypress/runner/cypress_runner.js:149934:9)\n    at throwErr (http://localhost:45609/__cypress/runner/cypress_runner.js:149867:11)\n    at Object.throwErrByPath (http://localhost:45609/__cypress/runner/cypress_runner.js:149915:3)\n    at retry (http://localhost:45609/__cypress/runner/cypress_runner.js:144197:19)\n    at onFailFn (http://localhost:45609/__cypress/runner/cypress_runner.js:132448:16)\n    at tryCatcher (http://localhost:45609/__cypress/runner/cypress_runner.js:167415:23)\n    at Promise._settlePromiseFromHandler (http://localhost:45609/__cypress/runner/cypress_runner.js:165351:31)\n    at Promise._settlePromise (http://localhost:45609/__cypress/runner/cypress_runner.js:165408:18)\n    at Promise._settlePromise0 (http://localhost:45609/__cypress/runner/cypress_runner.js:165453:10)\n    at Promise._settlePromises (http://localhost:45609/__cypress/runner/cypress_runner.js:165528:18)\n    at Async../node_modules/bluebird/js/release/async.js.Async._drainQueue (http://localhost:45609/__cypress/runner/cypress_runner.js:162140:16)\n    at Async../node_modules/bluebird/js/release/async.js.Async._drainQueues (http://localhost:45609/__cypress/runner/cypress_runner.js:162150:10)\n    at Async.drainQueues (http://localhost:45609/__cypress/runner/cypress_runner.js:162024:14)",
                "diff": null
              },
              "uuid": "ee4d3cde-482a-46c6-b183-5a54f9b7029b",
              "parentUUID": "6f90a85a-87fc-4cc4-a520-3f4ca7ecae8f",
              "isHook": false,
              "skipped": false
            },
            {
              "title": "Verifica se ao clicar no botão com um valor preenchido, o tamanho do board muda.",
              "fullTitle": "10 - Faça o quadro de pixels ter seu tamanho definido pelo usuário. Verifica se ao clicar no botão com um valor preenchido, o tamanho do board muda.",
              "timedOut": null,
              "duration": 4350,
              "state": "failed",
              "speed": null,
              "pass": false,
              "fail": true,
              "pending": false,
              "context": null,
              "code": "cy.get('#board-size').clear().type(10);\ncy.get('#generate-board').click();\ncy.get('.pixel').should('have.length', 100);",
              "err": {
                "message": "CypressError: Timed out retrying: Expected to find element: '#board-size', but never found it.",
                "estack": "CypressError: Timed out retrying: Expected to find element: '#board-size', but never found it.\n    at cypressErr (http://localhost:45609/__cypress/runner/cypress_runner.js:149934:9)\n    at throwErr (http://localhost:45609/__cypress/runner/cypress_runner.js:149867:11)\n    at Object.throwErrByPath (http://localhost:45609/__cypress/runner/cypress_runner.js:149915:3)\n    at retry (http://localhost:45609/__cypress/runner/cypress_runner.js:144197:19)\n    at onFailFn (http://localhost:45609/__cypress/runner/cypress_runner.js:132448:16)\n    at tryCatcher (http://localhost:45609/__cypress/runner/cypress_runner.js:167415:23)\n    at Promise._settlePromiseFromHandler (http://localhost:45609/__cypress/runner/cypress_runner.js:165351:31)\n    at Promise._settlePromise (http://localhost:45609/__cypress/runner/cypress_runner.js:165408:18)\n    at Promise._settlePromise0 (http://localhost:45609/__cypress/runner/cypress_runner.js:165453:10)\n    at Promise._settlePromises (http://localhost:45609/__cypress/runner/cypress_runner.js:165528:18)\n    at Async../node_modules/bluebird/js/release/async.js.Async._drainQueue (http://localhost:45609/__cypress/runner/cypress_runner.js:162140:16)\n    at Async../node_modules/bluebird/js/release/async.js.Async._drainQueues (http://localhost:45609/__cypress/runner/cypress_runner.js:162150:10)\n    at Async.drainQueues (http://localhost:45609/__cypress/runner/cypress_runner.js:162024:14)",
                "diff": null
              },
              "uuid": "0f48b64d-f6f0-4189-960f-97d0edfd21e4",
              "parentUUID": "6f90a85a-87fc-4cc4-a520-3f4ca7ecae8f",
              "isHook": false,
              "skipped": false
            },
            {
              "title": "Verifica se o novo quadro tem todos os pixels preenchidos com a cor branca",
              "fullTitle": "10 - Faça o quadro de pixels ter seu tamanho definido pelo usuário. Verifica se o novo quadro tem todos os pixels preenchidos com a cor branca",
              "timedOut": null,
              "duration": 4368,
              "state": "failed",
              "speed": null,
              "pass": false,
              "fail": true,
              "pending": false,
              "context": null,
              "code": "cy.get('#board-size').clear().type(6);\ncy.get('#generate-board').click();\ncy.get('.pixel').should('have.length', 36).each(function (pixel) {\n  expect(pixel).to.have.css('background-color', WHITE);\n});",
              "err": {
                "message": "CypressError: Timed out retrying: Expected to find element: '#board-size', but never found it.",
                "estack": "CypressError: Timed out retrying: Expected to find element: '#board-size', but never found it.\n    at cypressErr (http://localhost:45609/__cypress/runner/cypress_runner.js:149934:9)\n    at throwErr (http://localhost:45609/__cypress/runner/cypress_runner.js:149867:11)\n    at Object.throwErrByPath (http://localhost:45609/__cypress/runner/cypress_runner.js:149915:3)\n    at retry (http://localhost:45609/__cypress/runner/cypress_runner.js:144197:19)\n    at onFailFn (http://localhost:45609/__cypress/runner/cypress_runner.js:132448:16)\n    at tryCatcher (http://localhost:45609/__cypress/runner/cypress_runner.js:167415:23)\n    at Promise._settlePromiseFromHandler (http://localhost:45609/__cypress/runner/cypress_runner.js:165351:31)\n    at Promise._settlePromise (http://localhost:45609/__cypress/runner/cypress_runner.js:165408:18)\n    at Promise._settlePromise0 (http://localhost:45609/__cypress/runner/cypress_runner.js:165453:10)\n    at Promise._settlePromises (http://localhost:45609/__cypress/runner/cypress_runner.js:165528:18)\n    at Async../node_modules/bluebird/js/release/async.js.Async._drainQueue (http://localhost:45609/__cypress/runner/cypress_runner.js:162140:16)\n    at Async../node_modules/bluebird/js/release/async.js.Async._drainQueues (http://localhost:45609/__cypress/runner/cypress_runner.js:162150:10)\n    at Async.drainQueues (http://localhost:45609/__cypress/runner/cypress_runner.js:162024:14)",
                "diff": null
              },
              "uuid": "37176577-02a4-4518-bfba-bd199fbfcd65",
              "parentUUID": "6f90a85a-87fc-4cc4-a520-3f4ca7ecae8f",
              "isHook": false,
              "skipped": false
            }
          ],
          "suites": [],
          "passes": [],
          "failures": [
            "088acce5-f22f-4802-b073-88fff999696b",
            "3d213830-e5b8-4bc3-836a-ff3e24f9b90e",
            "08a71dd1-e0d6-4cc4-8979-2031affd75aa",
            "422dea32-8a8f-4045-9a9f-fcbfe7fdaf7f",
            "e3e26c31-7167-4635-bf75-c0e254e18890",
            "6e7a08a3-d878-43c4-9fef-fba9f145198b",
            "ee4d3cde-482a-46c6-b183-5a54f9b7029b",
            "0f48b64d-f6f0-4189-960f-97d0edfd21e4",
            "37176577-02a4-4518-bfba-bd199fbfcd65"
          ],
          "pending": [],
          "skipped": [],
          "duration": 39148,
          "root": false,
          "rootEmpty": false,
          "_timeout": 2000
        },
        {
          "uuid": "90461886-3af6-4b04-a4cc-0d64decd67d4",
          "title": "11 - Limite o tamanho mínimo e máximo do board.",
          "fullFile": "",
          "file": "",
          "beforeHooks": [],
          "afterHooks": [],
          "tests": [
            {
              "title": "Verifica se a altura máxima do board é 50",
              "fullTitle": "11 - Limite o tamanho mínimo e máximo do board. Verifica se a altura máxima do board é 50",
              "timedOut": null,
              "duration": 4254,
              "state": "failed",
              "speed": null,
              "pass": false,
              "fail": true,
              "pending": false,
              "context": null,
              "code": "cy.get('#board-size').clear().type(50);\ncy.get('#generate-board').click();\ncy.get('.pixel').should('have.length', 2500);",
              "err": {
                "message": "CypressError: Timed out retrying: Expected to find element: '#board-size', but never found it.",
                "estack": "CypressError: Timed out retrying: Expected to find element: '#board-size', but never found it.\n    at cypressErr (http://localhost:45609/__cypress/runner/cypress_runner.js:149934:9)\n    at throwErr (http://localhost:45609/__cypress/runner/cypress_runner.js:149867:11)\n    at Object.throwErrByPath (http://localhost:45609/__cypress/runner/cypress_runner.js:149915:3)\n    at retry (http://localhost:45609/__cypress/runner/cypress_runner.js:144197:19)\n    at onFailFn (http://localhost:45609/__cypress/runner/cypress_runner.js:132448:16)\n    at tryCatcher (http://localhost:45609/__cypress/runner/cypress_runner.js:167415:23)\n    at Promise._settlePromiseFromHandler (http://localhost:45609/__cypress/runner/cypress_runner.js:165351:31)\n    at Promise._settlePromise (http://localhost:45609/__cypress/runner/cypress_runner.js:165408:18)\n    at Promise._settlePromise0 (http://localhost:45609/__cypress/runner/cypress_runner.js:165453:10)\n    at Promise._settlePromises (http://localhost:45609/__cypress/runner/cypress_runner.js:165528:18)\n    at Async../node_modules/bluebird/js/release/async.js.Async._drainQueue (http://localhost:45609/__cypress/runner/cypress_runner.js:162140:16)\n    at Async../node_modules/bluebird/js/release/async.js.Async._drainQueues (http://localhost:45609/__cypress/runner/cypress_runner.js:162150:10)\n    at Async.drainQueues (http://localhost:45609/__cypress/runner/cypress_runner.js:162024:14)",
                "diff": null
              },
              "uuid": "ea68f667-8277-4c44-8c41-9a2b46acdade",
              "parentUUID": "90461886-3af6-4b04-a4cc-0d64decd67d4",
              "isHook": false,
              "skipped": false
            },
            {
              "title": "Verifica se a altura do board é 5 quando um valor menor é colocado no input",
              "fullTitle": "11 - Limite o tamanho mínimo e máximo do board. Verifica se a altura do board é 5 quando um valor menor é colocado no input",
              "timedOut": null,
              "duration": 4336,
              "state": "failed",
              "speed": null,
              "pass": false,
              "fail": true,
              "pending": false,
              "context": null,
              "code": "cy.get('#board-size').clear().type(4);\ncy.get('#generate-board').click();\ncy.get('.pixel').should('have.length', 25);",
              "err": {
                "message": "CypressError: Timed out retrying: Expected to find element: '#board-size', but never found it.",
                "estack": "CypressError: Timed out retrying: Expected to find element: '#board-size', but never found it.\n    at cypressErr (http://localhost:45609/__cypress/runner/cypress_runner.js:149934:9)\n    at throwErr (http://localhost:45609/__cypress/runner/cypress_runner.js:149867:11)\n    at Object.throwErrByPath (http://localhost:45609/__cypress/runner/cypress_runner.js:149915:3)\n    at retry (http://localhost:45609/__cypress/runner/cypress_runner.js:144197:19)\n    at onFailFn (http://localhost:45609/__cypress/runner/cypress_runner.js:132448:16)\n    at tryCatcher (http://localhost:45609/__cypress/runner/cypress_runner.js:167415:23)\n    at Promise._settlePromiseFromHandler (http://localhost:45609/__cypress/runner/cypress_runner.js:165351:31)\n    at Promise._settlePromise (http://localhost:45609/__cypress/runner/cypress_runner.js:165408:18)\n    at Promise._settlePromise0 (http://localhost:45609/__cypress/runner/cypress_runner.js:165453:10)\n    at Promise._settlePromises (http://localhost:45609/__cypress/runner/cypress_runner.js:165528:18)\n    at Async../node_modules/bluebird/js/release/async.js.Async._drainQueue (http://localhost:45609/__cypress/runner/cypress_runner.js:162140:16)\n    at Async../node_modules/bluebird/js/release/async.js.Async._drainQueues (http://localhost:45609/__cypress/runner/cypress_runner.js:162150:10)\n    at Async.drainQueues (http://localhost:45609/__cypress/runner/cypress_runner.js:162024:14)",
                "diff": null
              },
              "uuid": "1c66f146-c066-4e9a-a981-7e0b2b598b78",
              "parentUUID": "90461886-3af6-4b04-a4cc-0d64decd67d4",
              "isHook": false,
              "skipped": false
            },
            {
              "title": "Verifica se a altura do board é 50 quando um valor maior é colocado no input",
              "fullTitle": "11 - Limite o tamanho mínimo e máximo do board. Verifica se a altura do board é 50 quando um valor maior é colocado no input",
              "timedOut": null,
              "duration": 4278,
              "state": "failed",
              "speed": null,
              "pass": false,
              "fail": true,
              "pending": false,
              "context": null,
              "code": "cy.get('#board-size').clear().type(51);\ncy.get('#generate-board').click();\ncy.get('.pixel').should('have.length', 2500);",
              "err": {
                "message": "CypressError: Timed out retrying: Expected to find element: '#board-size', but never found it.",
                "estack": "CypressError: Timed out retrying: Expected to find element: '#board-size', but never found it.\n    at cypressErr (http://localhost:45609/__cypress/runner/cypress_runner.js:149934:9)\n    at throwErr (http://localhost:45609/__cypress/runner/cypress_runner.js:149867:11)\n    at Object.throwErrByPath (http://localhost:45609/__cypress/runner/cypress_runner.js:149915:3)\n    at retry (http://localhost:45609/__cypress/runner/cypress_runner.js:144197:19)\n    at onFailFn (http://localhost:45609/__cypress/runner/cypress_runner.js:132448:16)\n    at tryCatcher (http://localhost:45609/__cypress/runner/cypress_runner.js:167415:23)\n    at Promise._settlePromiseFromHandler (http://localhost:45609/__cypress/runner/cypress_runner.js:165351:31)\n    at Promise._settlePromise (http://localhost:45609/__cypress/runner/cypress_runner.js:165408:18)\n    at Promise._settlePromise0 (http://localhost:45609/__cypress/runner/cypress_runner.js:165453:10)\n    at Promise._settlePromises (http://localhost:45609/__cypress/runner/cypress_runner.js:165528:18)\n    at Async../node_modules/bluebird/js/release/async.js.Async._drainQueue (http://localhost:45609/__cypress/runner/cypress_runner.js:162140:16)\n    at Async../node_modules/bluebird/js/release/async.js.Async._drainQueues (http://localhost:45609/__cypress/runner/cypress_runner.js:162150:10)\n    at Async.drainQueues (http://localhost:45609/__cypress/runner/cypress_runner.js:162024:14)",
                "diff": null
              },
              "uuid": "ddb20987-83a0-4ce1-91fc-c4c98c8b0ff4",
              "parentUUID": "90461886-3af6-4b04-a4cc-0d64decd67d4",
              "isHook": false,
              "skipped": false
            }
          ],
          "suites": [],
          "passes": [],
          "failures": [
            "ea68f667-8277-4c44-8c41-9a2b46acdade",
            "1c66f146-c066-4e9a-a981-7e0b2b598b78",
            "ddb20987-83a0-4ce1-91fc-c4c98c8b0ff4"
          ],
          "pending": [],
          "skipped": [],
          "duration": 12868,
          "root": false,
          "rootEmpty": false,
          "_timeout": 2000
        },
        {
          "uuid": "57b51cc8-942d-498f-8168-575a86aa3a28",
          "title": "12 - Faça com que as cores da paleta sejam geradas aleatoriamente ao carregar a página.",
          "fullFile": "",
          "file": "",
          "beforeHooks": [],
          "afterHooks": [],
          "tests": [
            {
              "title": "Verifica se as cores geradas na paleta são diferentes a cada carregamento da página",
              "fullTitle": "12 - Faça com que as cores da paleta sejam geradas aleatoriamente ao carregar a página. Verifica se as cores geradas na paleta são diferentes a cada carregamento da página",
              "timedOut": null,
              "duration": 345,
              "state": "failed",
              "speed": null,
              "pass": false,
              "fail": true,
              "pending": false,
              "context": null,
              "code": "cy.get('.color').then(function (colors) {\n  var currentColors;\n  var previousColors;\n  previousColors = Array.from(colors).map(function (color) {\n    return Cypress.$(color).css('background-color');\n  });\n  for (var i = 0; i < 5; i += 1) {\n    cy.reload();\n    cy.get('.color').then(function (colors) {\n      currentColors = Array.from(colors).map(function (color) {\n        return Cypress.$(color).css('background-color');\n      });\n      expect(currentColors).not.to.deep.equal(previousColors);\n      previousColors = currentColors;\n    });\n  }\n});",
              "err": {
                "message": "AssertionError: expected [ Array(4) ] to not deeply equal [ Array(4) ]",
                "estack": "AssertionError: expected [ Array(4) ] to not deeply equal [ Array(4) ]\n    at getRet (http://localhost:45609/__cypress/runner/cypress_runner.js:136585:16)\n    at tryCatcher (http://localhost:45609/__cypress/runner/cypress_runner.js:167415:23)\n    at Function.Promise.attempt.Promise.try (http://localhost:45609/__cypress/runner/cypress_runner.js:164690:29)\n    at Context.thenFn (http://localhost:45609/__cypress/runner/cypress_runner.js:136599:23)\n    at Context.then (http://localhost:45609/__cypress/runner/cypress_runner.js:136971:21)\n    at Context.<anonymous> (http://localhost:45609/__cypress/runner/cypress_runner.js:148875:21)\n    at http://localhost:45609/__cypress/runner/cypress_runner.js:148351:33\n    at tryCatcher (http://localhost:45609/__cypress/runner/cypress_runner.js:167415:23)\n    at Promise._settlePromiseFromHandler (http://localhost:45609/__cypress/runner/cypress_runner.js:165351:31)\n    at Promise._settlePromise (http://localhost:45609/__cypress/runner/cypress_runner.js:165408:18)\n    at Promise._settlePromiseCtx (http://localhost:45609/__cypress/runner/cypress_runner.js:165445:10)\n    at Async../node_modules/bluebird/js/release/async.js.Async._drainQueue (http://localhost:45609/__cypress/runner/cypress_runner.js:162145:12)\n    at Async../node_modules/bluebird/js/release/async.js.Async._drainQueues (http://localhost:45609/__cypress/runner/cypress_runner.js:162150:10)\n    at Async.drainQueues (http://localhost:45609/__cypress/runner/cypress_runner.js:162024:14)",
                "diff": ""
              },
              "uuid": "86570999-b757-4dc4-a25c-3eaf7f4e16ac",
              "parentUUID": "57b51cc8-942d-498f-8168-575a86aa3a28",
              "isHook": false,
              "skipped": false
            },
            {
              "title": "Verifica se a cor preta ainda está presente e é a primeira na sua paleta de cores",
              "fullTitle": "12 - Faça com que as cores da paleta sejam geradas aleatoriamente ao carregar a página. Verifica se a cor preta ainda está presente e é a primeira na sua paleta de cores",
              "timedOut": null,
              "duration": 274,
              "state": "failed",
              "speed": null,
              "pass": false,
              "fail": true,
              "pending": false,
              "context": null,
              "code": "cy.get('.color').then(function (colors) {\n  var currentColors;\n  var previousColors;\n  previousColors = Array.from(colors).map(function (color) {\n    return Cypress.$(color).css('background-color');\n  });\n  expect(previousColors[0]).to.eq(BLACK);\n  for (var i = 0; i < 5; i += 1) {\n    cy.reload();\n    cy.get('.color').then(function (colors) {\n      currentColors = Array.from(colors).map(function (color) {\n        return Cypress.$(color).css('background-color');\n      });\n      expect(currentColors[0]).to.eq(BLACK);\n      expect(currentColors).not.to.deep.equal(previousColors);\n      previousColors = currentColors;\n    });\n  }\n});",
              "err": {
                "message": "AssertionError: expected [ Array(4) ] to not deeply equal [ Array(4) ]",
                "estack": "AssertionError: expected [ Array(4) ] to not deeply equal [ Array(4) ]\n    at getRet (http://localhost:45609/__cypress/runner/cypress_runner.js:136585:16)\n    at tryCatcher (http://localhost:45609/__cypress/runner/cypress_runner.js:167415:23)\n    at Function.Promise.attempt.Promise.try (http://localhost:45609/__cypress/runner/cypress_runner.js:164690:29)\n    at Context.thenFn (http://localhost:45609/__cypress/runner/cypress_runner.js:136599:23)\n    at Context.then (http://localhost:45609/__cypress/runner/cypress_runner.js:136971:21)\n    at Context.<anonymous> (http://localhost:45609/__cypress/runner/cypress_runner.js:148875:21)\n    at http://localhost:45609/__cypress/runner/cypress_runner.js:148351:33\n    at tryCatcher (http://localhost:45609/__cypress/runner/cypress_runner.js:167415:23)\n    at Promise._settlePromiseFromHandler (http://localhost:45609/__cypress/runner/cypress_runner.js:165351:31)\n    at Promise._settlePromise (http://localhost:45609/__cypress/runner/cypress_runner.js:165408:18)\n    at Promise._settlePromiseCtx (http://localhost:45609/__cypress/runner/cypress_runner.js:165445:10)\n    at Async../node_modules/bluebird/js/release/async.js.Async._drainQueue (http://localhost:45609/__cypress/runner/cypress_runner.js:162145:12)\n    at Async../node_modules/bluebird/js/release/async.js.Async._drainQueues (http://localhost:45609/__cypress/runner/cypress_runner.js:162150:10)\n    at Async.drainQueues (http://localhost:45609/__cypress/runner/cypress_runner.js:162024:14)",
                "diff": ""
              },
              "uuid": "8db8484c-22c4-4738-bce5-d349c21821a0",
              "parentUUID": "57b51cc8-942d-498f-8168-575a86aa3a28",
              "isHook": false,
              "skipped": false
            }
          ],
          "suites": [],
          "passes": [],
          "failures": [
            "86570999-b757-4dc4-a25c-3eaf7f4e16ac",
            "8db8484c-22c4-4738-bce5-d349c21821a0"
          ],
          "pending": [],
          "skipped": [],
          "duration": 619,
          "root": false,
          "rootEmpty": false,
          "_timeout": 2000
        }
      ],
      "passes": [],
      "failures": [],
      "pending": [],
      "skipped": [],
      "duration": 0,
      "root": true,
      "rootEmpty": true,
      "_timeout": 2000
    }
  ],
  "meta": {
    "mocha": {
      "version": "7.0.1"
    },
    "mochawesome": {
      "options": {
        "quiet": false,
        "reportFilename": "mochawesome",
        "saveHtml": false,
        "saveJson": true,
        "consoleReporter": "spec",
        "useInlineDiffs": false
      },
      "version": "4.1.0"
    },
    "marge": {
      "options": {
        "id": "default",
        "reportDir": "cypress/reports",
        "overwrite": true,
        "html": false,
        "json": true
      },
      "version": "4.1.0"
    }
  }
}