{
  "stats": {
    "suites": 12,
    "tests": 41,
    "passes": 1,
    "pending": 0,
    "failures": 40,
    "start": "2021-09-10T18:38:44.785Z",
    "end": "2021-09-10T18:41:38.669Z",
    "duration": 173884,
    "testsRegistered": 41,
    "passPercent": 2.4390243902439024,
    "pendingPercent": 0,
    "other": 0,
    "hasOther": false,
    "skipped": 0,
    "hasSkipped": false
  },
  "results": [
    {
      "uuid": "960a8327-1a3e-43ec-82db-f514ea889936",
      "title": "",
      "fullFile": "cypress/integration/project.spec.js",
      "file": "cypress/integration/project.spec.js",
      "beforeHooks": [],
      "afterHooks": [],
      "tests": [],
      "suites": [
        {
          "uuid": "797754cb-21a5-4bd2-8b34-c204bbd532c9",
          "title": "1 - Adicione à página o título \"Paleta de Cores\".",
          "fullFile": "",
          "file": "",
          "beforeHooks": [],
          "afterHooks": [],
          "tests": [
            {
              "title": "Verifica se contém um elemento `h1` com o id `title` com o título correto",
              "fullTitle": "1 - Adicione à página o título \"Paleta de Cores\". Verifica se contém um elemento `h1` com o id `title` com o título correto",
              "timedOut": null,
              "duration": 188,
              "state": "passed",
              "speed": "slow",
              "pass": true,
              "fail": false,
              "pending": false,
              "context": null,
              "code": "cy.get('h1#title').should('contain.text', 'Paleta de Cores');",
              "err": {},
              "uuid": "4cc72de3-4093-47ff-bd98-ead066721052",
              "parentUUID": "797754cb-21a5-4bd2-8b34-c204bbd532c9",
              "isHook": false,
              "skipped": false
            }
          ],
          "suites": [],
          "passes": [
            "4cc72de3-4093-47ff-bd98-ead066721052"
          ],
          "failures": [],
          "pending": [],
          "skipped": [],
          "duration": 188,
          "root": false,
          "rootEmpty": false,
          "_timeout": 2000
        },
        {
          "uuid": "48edc01b-637b-4282-a468-c362aebb8bc0",
          "title": "2 - Adicione à página uma paleta de quatro cores distintas.",
          "fullFile": "",
          "file": "",
          "beforeHooks": [],
          "afterHooks": [],
          "tests": [
            {
              "title": "A paleta de cores deve ser um elemento com `id` denominado `color-palette`",
              "fullTitle": "2 - Adicione à página uma paleta de quatro cores distintas. A paleta de cores deve ser um elemento com `id` denominado `color-palette`",
              "timedOut": null,
              "duration": 4280,
              "state": "failed",
              "speed": null,
              "pass": false,
              "fail": true,
              "pending": false,
              "context": null,
              "code": "cy.get('#color-palette').should('be.visible');\ncy.get('#color-palette').children('.color');",
              "err": {
                "message": "CypressError: Timed out retrying: Expected to find element: '#color-palette', but never found it.",
                "estack": "CypressError: Timed out retrying: Expected to find element: '#color-palette', but never found it.\n    at cypressErr (http://localhost:34291/__cypress/runner/cypress_runner.js:149934:9)\n    at throwErr (http://localhost:34291/__cypress/runner/cypress_runner.js:149867:11)\n    at Object.throwErrByPath (http://localhost:34291/__cypress/runner/cypress_runner.js:149915:3)\n    at retry (http://localhost:34291/__cypress/runner/cypress_runner.js:144197:19)\n    at onFailFn (http://localhost:34291/__cypress/runner/cypress_runner.js:132448:16)\n    at tryCatcher (http://localhost:34291/__cypress/runner/cypress_runner.js:167415:23)\n    at Promise._settlePromiseFromHandler (http://localhost:34291/__cypress/runner/cypress_runner.js:165351:31)\n    at Promise._settlePromise (http://localhost:34291/__cypress/runner/cypress_runner.js:165408:18)\n    at Promise._settlePromise0 (http://localhost:34291/__cypress/runner/cypress_runner.js:165453:10)\n    at Promise._settlePromises (http://localhost:34291/__cypress/runner/cypress_runner.js:165528:18)\n    at Async../node_modules/bluebird/js/release/async.js.Async._drainQueue (http://localhost:34291/__cypress/runner/cypress_runner.js:162140:16)\n    at Async../node_modules/bluebird/js/release/async.js.Async._drainQueues (http://localhost:34291/__cypress/runner/cypress_runner.js:162150:10)\n    at Async.drainQueues (http://localhost:34291/__cypress/runner/cypress_runner.js:162024:14)",
                "diff": null
              },
              "uuid": "91c1bbaa-2df8-4adf-93c7-b0f2b8c62809",
              "parentUUID": "48edc01b-637b-4282-a468-c362aebb8bc0",
              "isHook": false,
              "skipped": false
            },
            {
              "title": "Verifica se cada cor individual da paleta de cores possui a `classe` chamada `color`.",
              "fullTitle": "2 - Adicione à página uma paleta de quatro cores distintas. Verifica se cada cor individual da paleta de cores possui a `classe` chamada `color`.",
              "timedOut": null,
              "duration": 4281,
              "state": "failed",
              "speed": null,
              "pass": false,
              "fail": true,
              "pending": false,
              "context": null,
              "code": "cy.get('.color').should('have.length', 4).then(function (colors) {\n  for (var i = 0; i < colors.length; i++) {\n    cy.wrap(colors[i]).should('be.visible');\n  }\n});",
              "err": {
                "message": "CypressError: Timed out retrying: Expected to find element: '.color', but never found it.",
                "estack": "CypressError: Timed out retrying: Expected to find element: '.color', but never found it.\n    at cypressErr (http://localhost:34291/__cypress/runner/cypress_runner.js:149934:9)\n    at throwErr (http://localhost:34291/__cypress/runner/cypress_runner.js:149867:11)\n    at Object.throwErrByPath (http://localhost:34291/__cypress/runner/cypress_runner.js:149915:3)\n    at retry (http://localhost:34291/__cypress/runner/cypress_runner.js:144197:19)\n    at onFailFn (http://localhost:34291/__cypress/runner/cypress_runner.js:132448:16)\n    at tryCatcher (http://localhost:34291/__cypress/runner/cypress_runner.js:167415:23)\n    at Promise._settlePromiseFromHandler (http://localhost:34291/__cypress/runner/cypress_runner.js:165351:31)\n    at Promise._settlePromise (http://localhost:34291/__cypress/runner/cypress_runner.js:165408:18)\n    at Promise._settlePromise0 (http://localhost:34291/__cypress/runner/cypress_runner.js:165453:10)\n    at Promise._settlePromises (http://localhost:34291/__cypress/runner/cypress_runner.js:165528:18)\n    at Async../node_modules/bluebird/js/release/async.js.Async._drainQueue (http://localhost:34291/__cypress/runner/cypress_runner.js:162140:16)\n    at Async../node_modules/bluebird/js/release/async.js.Async._drainQueues (http://localhost:34291/__cypress/runner/cypress_runner.js:162150:10)\n    at Async.drainQueues (http://localhost:34291/__cypress/runner/cypress_runner.js:162024:14)",
                "diff": null
              },
              "uuid": "90fe500b-8889-4b03-be14-23efdcadf08d",
              "parentUUID": "48edc01b-637b-4282-a468-c362aebb8bc0",
              "isHook": false,
              "skipped": false
            },
            {
              "title": "Verifica se a cor de fundo de cada elemento da paleta é a cor que o elemento representa. **A única cor não permitida na paleta é a cor branca.**",
              "fullTitle": "2 - Adicione à página uma paleta de quatro cores distintas. Verifica se a cor de fundo de cada elemento da paleta é a cor que o elemento representa. **A única cor não permitida na paleta é a cor branca.**",
              "timedOut": null,
              "duration": 4273,
              "state": "failed",
              "speed": null,
              "pass": false,
              "fail": true,
              "pending": false,
              "context": null,
              "code": "cy.get('.color').each(function (color) {\n  cy.wrap(color).should('have.class', 'color').and('not.have.css', 'background-color', WHITE);\n  cy.wrap(color).should('have.css', 'background-color');\n});",
              "err": {
                "message": "CypressError: Timed out retrying: Expected to find element: '.color', but never found it.",
                "estack": "CypressError: Timed out retrying: Expected to find element: '.color', but never found it.\n    at cypressErr (http://localhost:34291/__cypress/runner/cypress_runner.js:149934:9)\n    at throwErr (http://localhost:34291/__cypress/runner/cypress_runner.js:149867:11)\n    at Object.throwErrByPath (http://localhost:34291/__cypress/runner/cypress_runner.js:149915:3)\n    at retry (http://localhost:34291/__cypress/runner/cypress_runner.js:144197:19)\n    at onFailFn (http://localhost:34291/__cypress/runner/cypress_runner.js:132448:16)\n    at tryCatcher (http://localhost:34291/__cypress/runner/cypress_runner.js:167415:23)\n    at Promise._settlePromiseFromHandler (http://localhost:34291/__cypress/runner/cypress_runner.js:165351:31)\n    at Promise._settlePromise (http://localhost:34291/__cypress/runner/cypress_runner.js:165408:18)\n    at Promise._settlePromise0 (http://localhost:34291/__cypress/runner/cypress_runner.js:165453:10)\n    at Promise._settlePromises (http://localhost:34291/__cypress/runner/cypress_runner.js:165528:18)\n    at Async../node_modules/bluebird/js/release/async.js.Async._drainQueue (http://localhost:34291/__cypress/runner/cypress_runner.js:162140:16)\n    at Async../node_modules/bluebird/js/release/async.js.Async._drainQueues (http://localhost:34291/__cypress/runner/cypress_runner.js:162150:10)\n    at Async.drainQueues (http://localhost:34291/__cypress/runner/cypress_runner.js:162024:14)",
                "diff": null
              },
              "uuid": "5c397fea-c85f-4bc8-ad3b-006b3af1d2eb",
              "parentUUID": "48edc01b-637b-4282-a468-c362aebb8bc0",
              "isHook": false,
              "skipped": false
            },
            {
              "title": "Verifica se cada elemento da paleta de cores tem uma borda preta, sólida e com 1 pixel de largura;",
              "fullTitle": "2 - Adicione à página uma paleta de quatro cores distintas. Verifica se cada elemento da paleta de cores tem uma borda preta, sólida e com 1 pixel de largura;",
              "timedOut": null,
              "duration": 4289,
              "state": "failed",
              "speed": null,
              "pass": false,
              "fail": true,
              "pending": false,
              "context": null,
              "code": "cy.get('.color').each(function (color) {\n  cy.wrap(color).and('have.css', 'border', \"1px solid \".concat(BLACK)).and('have.class', 'color');\n});",
              "err": {
                "message": "CypressError: Timed out retrying: Expected to find element: '.color', but never found it.",
                "estack": "CypressError: Timed out retrying: Expected to find element: '.color', but never found it.\n    at cypressErr (http://localhost:34291/__cypress/runner/cypress_runner.js:149934:9)\n    at throwErr (http://localhost:34291/__cypress/runner/cypress_runner.js:149867:11)\n    at Object.throwErrByPath (http://localhost:34291/__cypress/runner/cypress_runner.js:149915:3)\n    at retry (http://localhost:34291/__cypress/runner/cypress_runner.js:144197:19)\n    at onFailFn (http://localhost:34291/__cypress/runner/cypress_runner.js:132448:16)\n    at tryCatcher (http://localhost:34291/__cypress/runner/cypress_runner.js:167415:23)\n    at Promise._settlePromiseFromHandler (http://localhost:34291/__cypress/runner/cypress_runner.js:165351:31)\n    at Promise._settlePromise (http://localhost:34291/__cypress/runner/cypress_runner.js:165408:18)\n    at Promise._settlePromise0 (http://localhost:34291/__cypress/runner/cypress_runner.js:165453:10)\n    at Promise._settlePromises (http://localhost:34291/__cypress/runner/cypress_runner.js:165528:18)\n    at Async../node_modules/bluebird/js/release/async.js.Async._drainQueue (http://localhost:34291/__cypress/runner/cypress_runner.js:162140:16)\n    at Async../node_modules/bluebird/js/release/async.js.Async._drainQueues (http://localhost:34291/__cypress/runner/cypress_runner.js:162150:10)\n    at Async.drainQueues (http://localhost:34291/__cypress/runner/cypress_runner.js:162024:14)",
                "diff": null
              },
              "uuid": "c492e402-8870-4e20-8c8b-cdc04930e3e8",
              "parentUUID": "48edc01b-637b-4282-a468-c362aebb8bc0",
              "isHook": false,
              "skipped": false
            },
            {
              "title": "Verifica se a paleta lista todas as cores disponíveis para utilização, lado a lado.",
              "fullTitle": "2 - Adicione à página uma paleta de quatro cores distintas. Verifica se a paleta lista todas as cores disponíveis para utilização, lado a lado.",
              "timedOut": null,
              "duration": 4290,
              "state": "failed",
              "speed": null,
              "pass": false,
              "fail": true,
              "pending": false,
              "context": null,
              "code": "cy.get('.color').then(function (colors) {\n  for (var index = 1; index < colors.length; index += 1) {\n    var currentColor = colors[index];\n    var previousColor = colors[index - 1];\n    cy.wrap(currentColor).should('be.onTheRightOf', previousColor).and('be.horizontallyAlignedWith', previousColor);\n  }\n});",
              "err": {
                "message": "CypressError: Timed out retrying: Expected to find element: '.color', but never found it.",
                "estack": "CypressError: Timed out retrying: Expected to find element: '.color', but never found it.\n    at cypressErr (http://localhost:34291/__cypress/runner/cypress_runner.js:149934:9)\n    at throwErr (http://localhost:34291/__cypress/runner/cypress_runner.js:149867:11)\n    at Object.throwErrByPath (http://localhost:34291/__cypress/runner/cypress_runner.js:149915:3)\n    at retry (http://localhost:34291/__cypress/runner/cypress_runner.js:144197:19)\n    at onFailFn (http://localhost:34291/__cypress/runner/cypress_runner.js:132448:16)\n    at tryCatcher (http://localhost:34291/__cypress/runner/cypress_runner.js:167415:23)\n    at Promise._settlePromiseFromHandler (http://localhost:34291/__cypress/runner/cypress_runner.js:165351:31)\n    at Promise._settlePromise (http://localhost:34291/__cypress/runner/cypress_runner.js:165408:18)\n    at Promise._settlePromise0 (http://localhost:34291/__cypress/runner/cypress_runner.js:165453:10)\n    at Promise._settlePromises (http://localhost:34291/__cypress/runner/cypress_runner.js:165528:18)\n    at Async../node_modules/bluebird/js/release/async.js.Async._drainQueue (http://localhost:34291/__cypress/runner/cypress_runner.js:162140:16)\n    at Async../node_modules/bluebird/js/release/async.js.Async._drainQueues (http://localhost:34291/__cypress/runner/cypress_runner.js:162150:10)\n    at Async.drainQueues (http://localhost:34291/__cypress/runner/cypress_runner.js:162024:14)",
                "diff": null
              },
              "uuid": "696b50d6-648b-4e4b-ac64-ecee0680973a",
              "parentUUID": "48edc01b-637b-4282-a468-c362aebb8bc0",
              "isHook": false,
              "skipped": false
            },
            {
              "title": "Verifica se a paleta de cores está posicionada abaixo do título 'Paleta de Cores'",
              "fullTitle": "2 - Adicione à página uma paleta de quatro cores distintas. Verifica se a paleta de cores está posicionada abaixo do título 'Paleta de Cores'",
              "timedOut": null,
              "duration": 4326,
              "state": "failed",
              "speed": null,
              "pass": false,
              "fail": true,
              "pending": false,
              "context": null,
              "code": "cy.get('h1#title').then(function (title) {\n  cy.get('#color-palette').should('be.belowOf', title);\n});",
              "err": {
                "message": "CypressError: Timed out retrying: Expected to find element: '#color-palette', but never found it.",
                "estack": "CypressError: Timed out retrying: Expected to find element: '#color-palette', but never found it.\n    at cypressErr (http://localhost:34291/__cypress/runner/cypress_runner.js:149934:9)\n    at throwErr (http://localhost:34291/__cypress/runner/cypress_runner.js:149867:11)\n    at Object.throwErrByPath (http://localhost:34291/__cypress/runner/cypress_runner.js:149915:3)\n    at retry (http://localhost:34291/__cypress/runner/cypress_runner.js:144197:19)\n    at onFailFn (http://localhost:34291/__cypress/runner/cypress_runner.js:132448:16)\n    at tryCatcher (http://localhost:34291/__cypress/runner/cypress_runner.js:167415:23)\n    at Promise._settlePromiseFromHandler (http://localhost:34291/__cypress/runner/cypress_runner.js:165351:31)\n    at Promise._settlePromise (http://localhost:34291/__cypress/runner/cypress_runner.js:165408:18)\n    at Promise._settlePromise0 (http://localhost:34291/__cypress/runner/cypress_runner.js:165453:10)\n    at Promise._settlePromises (http://localhost:34291/__cypress/runner/cypress_runner.js:165528:18)\n    at Async../node_modules/bluebird/js/release/async.js.Async._drainQueue (http://localhost:34291/__cypress/runner/cypress_runner.js:162140:16)\n    at Async../node_modules/bluebird/js/release/async.js.Async._drainQueues (http://localhost:34291/__cypress/runner/cypress_runner.js:162150:10)\n    at Async.drainQueues (http://localhost:34291/__cypress/runner/cypress_runner.js:162024:14)",
                "diff": null
              },
              "uuid": "7ad0fa9c-cef6-4a1d-a409-8a0d9bf2bc19",
              "parentUUID": "48edc01b-637b-4282-a468-c362aebb8bc0",
              "isHook": false,
              "skipped": false
            },
            {
              "title": "Verifica se a paleta de cores não contém cores repetidas.",
              "fullTitle": "2 - Adicione à página uma paleta de quatro cores distintas. Verifica se a paleta de cores não contém cores repetidas.",
              "timedOut": null,
              "duration": 4304,
              "state": "failed",
              "speed": null,
              "pass": false,
              "fail": true,
              "pending": false,
              "context": null,
              "code": "cy.get('.color').then(function (colors) {\n  var allColors = Array.from(colors).map(function (color) {\n    return Cypress.$(color).css('background-color');\n  });\n  cy.log(allColors);\n  var uniqColors = (0, _toConsumableArray2[\"default\"])(new Set(allColors));\n  cy.log(uniqColors);\n  expect(allColors.length).to.eq(uniqColors.length);\n});",
              "err": {
                "message": "CypressError: Timed out retrying: Expected to find element: '.color', but never found it.",
                "estack": "CypressError: Timed out retrying: Expected to find element: '.color', but never found it.\n    at cypressErr (http://localhost:34291/__cypress/runner/cypress_runner.js:149934:9)\n    at throwErr (http://localhost:34291/__cypress/runner/cypress_runner.js:149867:11)\n    at Object.throwErrByPath (http://localhost:34291/__cypress/runner/cypress_runner.js:149915:3)\n    at retry (http://localhost:34291/__cypress/runner/cypress_runner.js:144197:19)\n    at onFailFn (http://localhost:34291/__cypress/runner/cypress_runner.js:132448:16)\n    at tryCatcher (http://localhost:34291/__cypress/runner/cypress_runner.js:167415:23)\n    at Promise._settlePromiseFromHandler (http://localhost:34291/__cypress/runner/cypress_runner.js:165351:31)\n    at Promise._settlePromise (http://localhost:34291/__cypress/runner/cypress_runner.js:165408:18)\n    at Promise._settlePromise0 (http://localhost:34291/__cypress/runner/cypress_runner.js:165453:10)\n    at Promise._settlePromises (http://localhost:34291/__cypress/runner/cypress_runner.js:165528:18)\n    at Async../node_modules/bluebird/js/release/async.js.Async._drainQueue (http://localhost:34291/__cypress/runner/cypress_runner.js:162140:16)\n    at Async../node_modules/bluebird/js/release/async.js.Async._drainQueues (http://localhost:34291/__cypress/runner/cypress_runner.js:162150:10)\n    at Async.drainQueues (http://localhost:34291/__cypress/runner/cypress_runner.js:162024:14)",
                "diff": null
              },
              "uuid": "377bcb2e-eef9-41bb-a40c-369207529d31",
              "parentUUID": "48edc01b-637b-4282-a468-c362aebb8bc0",
              "isHook": false,
              "skipped": false
            }
          ],
          "suites": [],
          "passes": [],
          "failures": [
            "91c1bbaa-2df8-4adf-93c7-b0f2b8c62809",
            "90fe500b-8889-4b03-be14-23efdcadf08d",
            "5c397fea-c85f-4bc8-ad3b-006b3af1d2eb",
            "c492e402-8870-4e20-8c8b-cdc04930e3e8",
            "696b50d6-648b-4e4b-ac64-ecee0680973a",
            "7ad0fa9c-cef6-4a1d-a409-8a0d9bf2bc19",
            "377bcb2e-eef9-41bb-a40c-369207529d31"
          ],
          "pending": [],
          "skipped": [],
          "duration": 30043,
          "root": false,
          "rootEmpty": false,
          "_timeout": 2000
        },
        {
          "uuid": "76e5a1c2-6f19-45b3-8f28-8c9eae422e5e",
          "title": "3 - Adicione a cor **preta** como a primeira cor da paleta de cores.",
          "fullFile": "",
          "file": "",
          "beforeHooks": [],
          "afterHooks": [],
          "tests": [
            {
              "title": "Verifica se a primeira cor da paleta é preta",
              "fullTitle": "3 - Adicione a cor **preta** como a primeira cor da paleta de cores. Verifica se a primeira cor da paleta é preta",
              "timedOut": null,
              "duration": 4287,
              "state": "failed",
              "speed": null,
              "pass": false,
              "fail": true,
              "pending": false,
              "context": null,
              "code": "cy.get('.color').first().should('have.css', 'background-color', BLACK);",
              "err": {
                "message": "CypressError: Timed out retrying: Expected to find element: '.color', but never found it.",
                "estack": "CypressError: Timed out retrying: Expected to find element: '.color', but never found it.\n    at cypressErr (http://localhost:34291/__cypress/runner/cypress_runner.js:149934:9)\n    at throwErr (http://localhost:34291/__cypress/runner/cypress_runner.js:149867:11)\n    at Object.throwErrByPath (http://localhost:34291/__cypress/runner/cypress_runner.js:149915:3)\n    at retry (http://localhost:34291/__cypress/runner/cypress_runner.js:144197:19)\n    at onFailFn (http://localhost:34291/__cypress/runner/cypress_runner.js:132448:16)\n    at tryCatcher (http://localhost:34291/__cypress/runner/cypress_runner.js:167415:23)\n    at Promise._settlePromiseFromHandler (http://localhost:34291/__cypress/runner/cypress_runner.js:165351:31)\n    at Promise._settlePromise (http://localhost:34291/__cypress/runner/cypress_runner.js:165408:18)\n    at Promise._settlePromise0 (http://localhost:34291/__cypress/runner/cypress_runner.js:165453:10)\n    at Promise._settlePromises (http://localhost:34291/__cypress/runner/cypress_runner.js:165528:18)\n    at Async../node_modules/bluebird/js/release/async.js.Async._drainQueue (http://localhost:34291/__cypress/runner/cypress_runner.js:162140:16)\n    at Async../node_modules/bluebird/js/release/async.js.Async._drainQueues (http://localhost:34291/__cypress/runner/cypress_runner.js:162150:10)\n    at Async.drainQueues (http://localhost:34291/__cypress/runner/cypress_runner.js:162024:14)",
                "diff": null
              },
              "uuid": "56dfe407-537f-4182-92f7-dd8094c076ce",
              "parentUUID": "76e5a1c2-6f19-45b3-8f28-8c9eae422e5e",
              "isHook": false,
              "skipped": false
            },
            {
              "title": "Verifica se as demais cores podem ser escolhidas livremente.",
              "fullTitle": "3 - Adicione a cor **preta** como a primeira cor da paleta de cores. Verifica se as demais cores podem ser escolhidas livremente.",
              "timedOut": null,
              "duration": 4285,
              "state": "failed",
              "speed": null,
              "pass": false,
              "fail": true,
              "pending": false,
              "context": null,
              "code": "cy.get('.color').eq(1).should('not.have.css', 'background-color', BLACK);\ncy.get('.color').eq(1).should('not.have.css', 'background-color', WHITE);\ncy.get('.color').eq(1).should('not.have.css', 'background-color', 'rgba(0, 0, 0, 0)');\ncy.get('.color').eq(1).should('have.css', 'background-color');\ncy.get('.color').eq(2).should('not.have.css', 'background-color', BLACK);\ncy.get('.color').eq(2).should('not.have.css', 'background-color', WHITE);\ncy.get('.color').eq(2).should('not.have.css', 'background-color', 'rgba(0, 0, 0, 0)');\ncy.get('.color').eq(2).should('have.css', 'background-color');\ncy.get('.color').eq(3).should('not.have.css', 'background-color', BLACK);\ncy.get('.color').eq(3).should('not.have.css', 'background-color', WHITE);\ncy.get('.color').eq(3).should('not.have.css', 'background-color', 'rgba(0, 0, 0, 0)');\ncy.get('.color').eq(3).should('have.css', 'background-color');",
              "err": {
                "message": "CypressError: Timed out retrying: Expected to find element: '.color', but never found it.",
                "estack": "CypressError: Timed out retrying: Expected to find element: '.color', but never found it.\n    at cypressErr (http://localhost:34291/__cypress/runner/cypress_runner.js:149934:9)\n    at throwErr (http://localhost:34291/__cypress/runner/cypress_runner.js:149867:11)\n    at Object.throwErrByPath (http://localhost:34291/__cypress/runner/cypress_runner.js:149915:3)\n    at retry (http://localhost:34291/__cypress/runner/cypress_runner.js:144197:19)\n    at onFailFn (http://localhost:34291/__cypress/runner/cypress_runner.js:132448:16)\n    at tryCatcher (http://localhost:34291/__cypress/runner/cypress_runner.js:167415:23)\n    at Promise._settlePromiseFromHandler (http://localhost:34291/__cypress/runner/cypress_runner.js:165351:31)\n    at Promise._settlePromise (http://localhost:34291/__cypress/runner/cypress_runner.js:165408:18)\n    at Promise._settlePromise0 (http://localhost:34291/__cypress/runner/cypress_runner.js:165453:10)\n    at Promise._settlePromises (http://localhost:34291/__cypress/runner/cypress_runner.js:165528:18)\n    at Async../node_modules/bluebird/js/release/async.js.Async._drainQueue (http://localhost:34291/__cypress/runner/cypress_runner.js:162140:16)\n    at Async../node_modules/bluebird/js/release/async.js.Async._drainQueues (http://localhost:34291/__cypress/runner/cypress_runner.js:162150:10)\n    at Async.drainQueues (http://localhost:34291/__cypress/runner/cypress_runner.js:162024:14)",
                "diff": null
              },
              "uuid": "c12f5cba-437c-4c51-8a78-7183a0f98621",
              "parentUUID": "76e5a1c2-6f19-45b3-8f28-8c9eae422e5e",
              "isHook": false,
              "skipped": false
            }
          ],
          "suites": [],
          "passes": [],
          "failures": [
            "56dfe407-537f-4182-92f7-dd8094c076ce",
            "c12f5cba-437c-4c51-8a78-7183a0f98621"
          ],
          "pending": [],
          "skipped": [],
          "duration": 8572,
          "root": false,
          "rootEmpty": false,
          "_timeout": 2000
        },
        {
          "uuid": "c3f7ab27-a390-490c-a4cb-c3b23b5f2636",
          "title": "4 - Adicione à página um quadro de pixels, com 25 pixels.",
          "fullFile": "",
          "file": "",
          "beforeHooks": [],
          "afterHooks": [],
          "tests": [
            {
              "title": "Verifica se o quadro de pixels possui o `id` denominado `pixel-board`",
              "fullTitle": "4 - Adicione à página um quadro de pixels, com 25 pixels. Verifica se o quadro de pixels possui o `id` denominado `pixel-board`",
              "timedOut": null,
              "duration": 4296,
              "state": "failed",
              "speed": null,
              "pass": false,
              "fail": true,
              "pending": false,
              "context": null,
              "code": "cy.get('#pixel-board').should('be.visible');",
              "err": {
                "message": "CypressError: Timed out retrying: Expected to find element: '#pixel-board', but never found it.",
                "estack": "CypressError: Timed out retrying: Expected to find element: '#pixel-board', but never found it.\n    at cypressErr (http://localhost:34291/__cypress/runner/cypress_runner.js:149934:9)\n    at throwErr (http://localhost:34291/__cypress/runner/cypress_runner.js:149867:11)\n    at Object.throwErrByPath (http://localhost:34291/__cypress/runner/cypress_runner.js:149915:3)\n    at retry (http://localhost:34291/__cypress/runner/cypress_runner.js:144197:19)\n    at onFailFn (http://localhost:34291/__cypress/runner/cypress_runner.js:132448:16)\n    at tryCatcher (http://localhost:34291/__cypress/runner/cypress_runner.js:167415:23)\n    at Promise._settlePromiseFromHandler (http://localhost:34291/__cypress/runner/cypress_runner.js:165351:31)\n    at Promise._settlePromise (http://localhost:34291/__cypress/runner/cypress_runner.js:165408:18)\n    at Promise._settlePromise0 (http://localhost:34291/__cypress/runner/cypress_runner.js:165453:10)\n    at Promise._settlePromises (http://localhost:34291/__cypress/runner/cypress_runner.js:165528:18)\n    at Async../node_modules/bluebird/js/release/async.js.Async._drainQueue (http://localhost:34291/__cypress/runner/cypress_runner.js:162140:16)\n    at Async../node_modules/bluebird/js/release/async.js.Async._drainQueues (http://localhost:34291/__cypress/runner/cypress_runner.js:162150:10)\n    at Async.drainQueues (http://localhost:34291/__cypress/runner/cypress_runner.js:162024:14)",
                "diff": null
              },
              "uuid": "47fb397f-c231-4602-88e4-0a168da043c7",
              "parentUUID": "c3f7ab27-a390-490c-a4cb-c3b23b5f2636",
              "isHook": false,
              "skipped": false
            },
            {
              "title": "Verifica se cada pixel individual dentro do quadro possui a `classe` denominada `pixel`.",
              "fullTitle": "4 - Adicione à página um quadro de pixels, com 25 pixels. Verifica se cada pixel individual dentro do quadro possui a `classe` denominada `pixel`.",
              "timedOut": null,
              "duration": 4271,
              "state": "failed",
              "speed": null,
              "pass": false,
              "fail": true,
              "pending": false,
              "context": null,
              "code": "cy.get('.pixel').should('have.length', 25);",
              "err": {
                "message": "CypressError: Timed out retrying: Expected to find element: '.pixel', but never found it.",
                "estack": "CypressError: Timed out retrying: Expected to find element: '.pixel', but never found it.\n    at cypressErr (http://localhost:34291/__cypress/runner/cypress_runner.js:149934:9)\n    at throwErr (http://localhost:34291/__cypress/runner/cypress_runner.js:149867:11)\n    at Object.throwErrByPath (http://localhost:34291/__cypress/runner/cypress_runner.js:149915:3)\n    at retry (http://localhost:34291/__cypress/runner/cypress_runner.js:144197:19)\n    at onFailFn (http://localhost:34291/__cypress/runner/cypress_runner.js:132448:16)\n    at tryCatcher (http://localhost:34291/__cypress/runner/cypress_runner.js:167415:23)\n    at Promise._settlePromiseFromHandler (http://localhost:34291/__cypress/runner/cypress_runner.js:165351:31)\n    at Promise._settlePromise (http://localhost:34291/__cypress/runner/cypress_runner.js:165408:18)\n    at Promise._settlePromise0 (http://localhost:34291/__cypress/runner/cypress_runner.js:165453:10)\n    at Promise._settlePromises (http://localhost:34291/__cypress/runner/cypress_runner.js:165528:18)\n    at Async../node_modules/bluebird/js/release/async.js.Async._drainQueue (http://localhost:34291/__cypress/runner/cypress_runner.js:162140:16)\n    at Async../node_modules/bluebird/js/release/async.js.Async._drainQueues (http://localhost:34291/__cypress/runner/cypress_runner.js:162150:10)\n    at Async.drainQueues (http://localhost:34291/__cypress/runner/cypress_runner.js:162024:14)",
                "diff": null
              },
              "uuid": "56a4dbcb-3be4-44f2-ab20-d036109462e8",
              "parentUUID": "c3f7ab27-a390-490c-a4cb-c3b23b5f2636",
              "isHook": false,
              "skipped": false
            },
            {
              "title": "Verifica se a cor inicial dos pixels dentro do quadro, ao abrir a página, é branca.",
              "fullTitle": "4 - Adicione à página um quadro de pixels, com 25 pixels. Verifica se a cor inicial dos pixels dentro do quadro, ao abrir a página, é branca.",
              "timedOut": null,
              "duration": 4327,
              "state": "failed",
              "speed": null,
              "pass": false,
              "fail": true,
              "pending": false,
              "context": null,
              "code": "cy.get('.pixel').should('have.length', 25).each(function (pixel) {\n  expect(pixel).to.have.css('background-color', WHITE);\n});",
              "err": {
                "message": "CypressError: Timed out retrying: Expected to find element: '.pixel', but never found it.",
                "estack": "CypressError: Timed out retrying: Expected to find element: '.pixel', but never found it.\n    at cypressErr (http://localhost:34291/__cypress/runner/cypress_runner.js:149934:9)\n    at throwErr (http://localhost:34291/__cypress/runner/cypress_runner.js:149867:11)\n    at Object.throwErrByPath (http://localhost:34291/__cypress/runner/cypress_runner.js:149915:3)\n    at retry (http://localhost:34291/__cypress/runner/cypress_runner.js:144197:19)\n    at onFailFn (http://localhost:34291/__cypress/runner/cypress_runner.js:132448:16)\n    at tryCatcher (http://localhost:34291/__cypress/runner/cypress_runner.js:167415:23)\n    at Promise._settlePromiseFromHandler (http://localhost:34291/__cypress/runner/cypress_runner.js:165351:31)\n    at Promise._settlePromise (http://localhost:34291/__cypress/runner/cypress_runner.js:165408:18)\n    at Promise._settlePromise0 (http://localhost:34291/__cypress/runner/cypress_runner.js:165453:10)\n    at Promise._settlePromises (http://localhost:34291/__cypress/runner/cypress_runner.js:165528:18)\n    at Async../node_modules/bluebird/js/release/async.js.Async._drainQueue (http://localhost:34291/__cypress/runner/cypress_runner.js:162140:16)\n    at Async../node_modules/bluebird/js/release/async.js.Async._drainQueues (http://localhost:34291/__cypress/runner/cypress_runner.js:162150:10)\n    at Async.drainQueues (http://localhost:34291/__cypress/runner/cypress_runner.js:162024:14)",
                "diff": null
              },
              "uuid": "767d6efc-2f33-4b46-bf78-800c79ba9cbc",
              "parentUUID": "c3f7ab27-a390-490c-a4cb-c3b23b5f2636",
              "isHook": false,
              "skipped": false
            },
            {
              "title": "Verifica se o quadro de pixels aparece abaixo da paleta de cores",
              "fullTitle": "4 - Adicione à página um quadro de pixels, com 25 pixels. Verifica se o quadro de pixels aparece abaixo da paleta de cores",
              "timedOut": null,
              "duration": 4317,
              "state": "failed",
              "speed": null,
              "pass": false,
              "fail": true,
              "pending": false,
              "context": null,
              "code": "cy.get('#color-palette').then(function (palette) {\n  cy.get('#pixel-board').should('be.belowOf', palette);\n});",
              "err": {
                "message": "CypressError: Timed out retrying: Expected to find element: '#color-palette', but never found it.",
                "estack": "CypressError: Timed out retrying: Expected to find element: '#color-palette', but never found it.\n    at cypressErr (http://localhost:34291/__cypress/runner/cypress_runner.js:149934:9)\n    at throwErr (http://localhost:34291/__cypress/runner/cypress_runner.js:149867:11)\n    at Object.throwErrByPath (http://localhost:34291/__cypress/runner/cypress_runner.js:149915:3)\n    at retry (http://localhost:34291/__cypress/runner/cypress_runner.js:144197:19)\n    at onFailFn (http://localhost:34291/__cypress/runner/cypress_runner.js:132448:16)\n    at tryCatcher (http://localhost:34291/__cypress/runner/cypress_runner.js:167415:23)\n    at Promise._settlePromiseFromHandler (http://localhost:34291/__cypress/runner/cypress_runner.js:165351:31)\n    at Promise._settlePromise (http://localhost:34291/__cypress/runner/cypress_runner.js:165408:18)\n    at Promise._settlePromise0 (http://localhost:34291/__cypress/runner/cypress_runner.js:165453:10)\n    at Promise._settlePromises (http://localhost:34291/__cypress/runner/cypress_runner.js:165528:18)\n    at Async../node_modules/bluebird/js/release/async.js.Async._drainQueue (http://localhost:34291/__cypress/runner/cypress_runner.js:162140:16)\n    at Async../node_modules/bluebird/js/release/async.js.Async._drainQueues (http://localhost:34291/__cypress/runner/cypress_runner.js:162150:10)\n    at Async.drainQueues (http://localhost:34291/__cypress/runner/cypress_runner.js:162024:14)",
                "diff": null
              },
              "uuid": "306a3380-a6dd-417b-8a61-f21aecdb5ced",
              "parentUUID": "c3f7ab27-a390-490c-a4cb-c3b23b5f2636",
              "isHook": false,
              "skipped": false
            }
          ],
          "suites": [],
          "passes": [],
          "failures": [
            "47fb397f-c231-4602-88e4-0a168da043c7",
            "56a4dbcb-3be4-44f2-ab20-d036109462e8",
            "767d6efc-2f33-4b46-bf78-800c79ba9cbc",
            "306a3380-a6dd-417b-8a61-f21aecdb5ced"
          ],
          "pending": [],
          "skipped": [],
          "duration": 17211,
          "root": false,
          "rootEmpty": false,
          "_timeout": 2000
        },
        {
          "uuid": "e273f926-b7f7-45a4-a781-4981db3d63ea",
          "title": "5 - Faça com que cada elemento do quadro de pixels possua 40 pixels de largura, 40 pixels de altura e seja delimitado por uma borda preta de 1 pixel.",
          "fullFile": "",
          "file": "",
          "beforeHooks": [],
          "afterHooks": [],
          "tests": [
            {
              "title": "Verifica se o quadro de pixels tem altura e comprimento de 5 elementos",
              "fullTitle": "5 - Faça com que cada elemento do quadro de pixels possua 40 pixels de largura, 40 pixels de altura e seja delimitado por uma borda preta de 1 pixel. Verifica se o quadro de pixels tem altura e comprimento de 5 elementos",
              "timedOut": null,
              "duration": 4323,
              "state": "failed",
              "speed": null,
              "pass": false,
              "fail": true,
              "pending": false,
              "context": null,
              "code": "cy.get('.pixel').should('have.length', 25).each(function (pixel) {\n  expect(pixel).to.have.css('background-color', WHITE);\n}).and(function (pixels) {\n  var rows = chunk(pixels, 5);\n  rows.forEach(function (row) {\n    for (var index = 1; index < row.length; index += 1) {\n      var current = pixels[index];\n      var previous = pixels[index - 1];\n      cy.wrap(current).should('be.onTheRightOf', previous).and('be.horizontallyAlignedWith', previous);\n    }\n  });\n  for (var index = 1; index < 5; index += 1) {\n    expect(pixels[index * 5]).to.be.belowOf(pixels[(index - 1) * 5]);\n  }\n});",
              "err": {
                "message": "CypressError: Timed out retrying: Expected to find element: '.pixel', but never found it.",
                "estack": "CypressError: Timed out retrying: Expected to find element: '.pixel', but never found it.\n    at cypressErr (http://localhost:34291/__cypress/runner/cypress_runner.js:149934:9)\n    at throwErr (http://localhost:34291/__cypress/runner/cypress_runner.js:149867:11)\n    at Object.throwErrByPath (http://localhost:34291/__cypress/runner/cypress_runner.js:149915:3)\n    at retry (http://localhost:34291/__cypress/runner/cypress_runner.js:144197:19)\n    at onFailFn (http://localhost:34291/__cypress/runner/cypress_runner.js:132448:16)\n    at tryCatcher (http://localhost:34291/__cypress/runner/cypress_runner.js:167415:23)\n    at Promise._settlePromiseFromHandler (http://localhost:34291/__cypress/runner/cypress_runner.js:165351:31)\n    at Promise._settlePromise (http://localhost:34291/__cypress/runner/cypress_runner.js:165408:18)\n    at Promise._settlePromise0 (http://localhost:34291/__cypress/runner/cypress_runner.js:165453:10)\n    at Promise._settlePromises (http://localhost:34291/__cypress/runner/cypress_runner.js:165528:18)\n    at Async../node_modules/bluebird/js/release/async.js.Async._drainQueue (http://localhost:34291/__cypress/runner/cypress_runner.js:162140:16)\n    at Async../node_modules/bluebird/js/release/async.js.Async._drainQueues (http://localhost:34291/__cypress/runner/cypress_runner.js:162150:10)\n    at Async.drainQueues (http://localhost:34291/__cypress/runner/cypress_runner.js:162024:14)",
                "diff": null
              },
              "uuid": "49823c2a-0746-42fd-9266-8ae05604123b",
              "parentUUID": "e273f926-b7f7-45a4-a781-4981db3d63ea",
              "isHook": false,
              "skipped": false
            },
            {
              "title": "Verifica se 40 pixels é o tamanho total do elemento, incluindo seu conteúdo e excluindo a borda preta, que deve ser criada à parte.",
              "fullTitle": "5 - Faça com que cada elemento do quadro de pixels possua 40 pixels de largura, 40 pixels de altura e seja delimitado por uma borda preta de 1 pixel. Verifica se 40 pixels é o tamanho total do elemento, incluindo seu conteúdo e excluindo a borda preta, que deve ser criada à parte.",
              "timedOut": null,
              "duration": 4349,
              "state": "failed",
              "speed": null,
              "pass": false,
              "fail": true,
              "pending": false,
              "context": null,
              "code": "cy.get('.pixel').each(function (pixel) {\n  cy.wrap(pixel).should('have.css', 'height', '40px').and('have.css', 'width', '40px').and('have.css', 'border', \"1px solid \".concat(BLACK));\n});",
              "err": {
                "message": "CypressError: Timed out retrying: Expected to find element: '.pixel', but never found it.",
                "estack": "CypressError: Timed out retrying: Expected to find element: '.pixel', but never found it.\n    at cypressErr (http://localhost:34291/__cypress/runner/cypress_runner.js:149934:9)\n    at throwErr (http://localhost:34291/__cypress/runner/cypress_runner.js:149867:11)\n    at Object.throwErrByPath (http://localhost:34291/__cypress/runner/cypress_runner.js:149915:3)\n    at retry (http://localhost:34291/__cypress/runner/cypress_runner.js:144197:19)\n    at onFailFn (http://localhost:34291/__cypress/runner/cypress_runner.js:132448:16)\n    at tryCatcher (http://localhost:34291/__cypress/runner/cypress_runner.js:167415:23)\n    at Promise._settlePromiseFromHandler (http://localhost:34291/__cypress/runner/cypress_runner.js:165351:31)\n    at Promise._settlePromise (http://localhost:34291/__cypress/runner/cypress_runner.js:165408:18)\n    at Promise._settlePromise0 (http://localhost:34291/__cypress/runner/cypress_runner.js:165453:10)\n    at Promise._settlePromises (http://localhost:34291/__cypress/runner/cypress_runner.js:165528:18)\n    at Async../node_modules/bluebird/js/release/async.js.Async._drainQueue (http://localhost:34291/__cypress/runner/cypress_runner.js:162140:16)\n    at Async../node_modules/bluebird/js/release/async.js.Async._drainQueues (http://localhost:34291/__cypress/runner/cypress_runner.js:162150:10)\n    at Async.drainQueues (http://localhost:34291/__cypress/runner/cypress_runner.js:162024:14)",
                "diff": null
              },
              "uuid": "7ea44dee-89a2-4301-9822-9bf009fc6026",
              "parentUUID": "e273f926-b7f7-45a4-a781-4981db3d63ea",
              "isHook": false,
              "skipped": false
            }
          ],
          "suites": [],
          "passes": [],
          "failures": [
            "49823c2a-0746-42fd-9266-8ae05604123b",
            "7ea44dee-89a2-4301-9822-9bf009fc6026"
          ],
          "pending": [],
          "skipped": [],
          "duration": 8672,
          "root": false,
          "rootEmpty": false,
          "_timeout": 2000
        },
        {
          "uuid": "66f608ab-1d97-4c52-95c6-8ed1c24e1d19",
          "title": "6 - Defina a cor preta como cor inicial. Ao carregar a página a cor preta já deve estar selecionada para pintar os pixels",
          "fullFile": "",
          "file": "",
          "beforeHooks": [],
          "afterHooks": [],
          "tests": [
            {
              "title": "Verifica se o elemento da cor preta possui, inicialmente, a `classe` `selected`",
              "fullTitle": "6 - Defina a cor preta como cor inicial. Ao carregar a página a cor preta já deve estar selecionada para pintar os pixels Verifica se o elemento da cor preta possui, inicialmente, a `classe` `selected`",
              "timedOut": null,
              "duration": 4299,
              "state": "failed",
              "speed": null,
              "pass": false,
              "fail": true,
              "pending": false,
              "context": null,
              "code": "cy.get('.selected').first().should('have.css', 'background-color', BLACK);",
              "err": {
                "message": "CypressError: Timed out retrying: Expected to find element: '.selected', but never found it.",
                "estack": "CypressError: Timed out retrying: Expected to find element: '.selected', but never found it.\n    at cypressErr (http://localhost:34291/__cypress/runner/cypress_runner.js:149934:9)\n    at throwErr (http://localhost:34291/__cypress/runner/cypress_runner.js:149867:11)\n    at Object.throwErrByPath (http://localhost:34291/__cypress/runner/cypress_runner.js:149915:3)\n    at retry (http://localhost:34291/__cypress/runner/cypress_runner.js:144197:19)\n    at onFailFn (http://localhost:34291/__cypress/runner/cypress_runner.js:132448:16)\n    at tryCatcher (http://localhost:34291/__cypress/runner/cypress_runner.js:167415:23)\n    at Promise._settlePromiseFromHandler (http://localhost:34291/__cypress/runner/cypress_runner.js:165351:31)\n    at Promise._settlePromise (http://localhost:34291/__cypress/runner/cypress_runner.js:165408:18)\n    at Promise._settlePromise0 (http://localhost:34291/__cypress/runner/cypress_runner.js:165453:10)\n    at Promise._settlePromises (http://localhost:34291/__cypress/runner/cypress_runner.js:165528:18)\n    at Async../node_modules/bluebird/js/release/async.js.Async._drainQueue (http://localhost:34291/__cypress/runner/cypress_runner.js:162140:16)\n    at Async../node_modules/bluebird/js/release/async.js.Async._drainQueues (http://localhost:34291/__cypress/runner/cypress_runner.js:162150:10)\n    at Async.drainQueues (http://localhost:34291/__cypress/runner/cypress_runner.js:162024:14)",
                "diff": null
              },
              "uuid": "d827deb0-e38e-4555-8df2-966f66210b8a",
              "parentUUID": "66f608ab-1d97-4c52-95c6-8ed1c24e1d19",
              "isHook": false,
              "skipped": false
            },
            {
              "title": "Verifica se nenhuma outra cor da paleta tem a `classe` `selected`",
              "fullTitle": "6 - Defina a cor preta como cor inicial. Ao carregar a página a cor preta já deve estar selecionada para pintar os pixels Verifica se nenhuma outra cor da paleta tem a `classe` `selected`",
              "timedOut": null,
              "duration": 4298,
              "state": "failed",
              "speed": null,
              "pass": false,
              "fail": true,
              "pending": false,
              "context": null,
              "code": "cy.get('.color:not(:first-child)').each(function (color) {\n  cy.wrap(color).should('not.have.class', 'selected');\n});",
              "err": {
                "message": "CypressError: Timed out retrying: Expected to find element: '.color:not(:first-child)', but never found it.",
                "estack": "CypressError: Timed out retrying: Expected to find element: '.color:not(:first-child)', but never found it.\n    at cypressErr (http://localhost:34291/__cypress/runner/cypress_runner.js:149934:9)\n    at throwErr (http://localhost:34291/__cypress/runner/cypress_runner.js:149867:11)\n    at Object.throwErrByPath (http://localhost:34291/__cypress/runner/cypress_runner.js:149915:3)\n    at retry (http://localhost:34291/__cypress/runner/cypress_runner.js:144197:19)\n    at onFailFn (http://localhost:34291/__cypress/runner/cypress_runner.js:132448:16)\n    at tryCatcher (http://localhost:34291/__cypress/runner/cypress_runner.js:167415:23)\n    at Promise._settlePromiseFromHandler (http://localhost:34291/__cypress/runner/cypress_runner.js:165351:31)\n    at Promise._settlePromise (http://localhost:34291/__cypress/runner/cypress_runner.js:165408:18)\n    at Promise._settlePromise0 (http://localhost:34291/__cypress/runner/cypress_runner.js:165453:10)\n    at Promise._settlePromises (http://localhost:34291/__cypress/runner/cypress_runner.js:165528:18)\n    at Async../node_modules/bluebird/js/release/async.js.Async._drainQueue (http://localhost:34291/__cypress/runner/cypress_runner.js:162140:16)\n    at Async../node_modules/bluebird/js/release/async.js.Async._drainQueues (http://localhost:34291/__cypress/runner/cypress_runner.js:162150:10)\n    at Async.drainQueues (http://localhost:34291/__cypress/runner/cypress_runner.js:162024:14)",
                "diff": null
              },
              "uuid": "bd0b0e9f-3923-478d-847f-f409ef3bcdf0",
              "parentUUID": "66f608ab-1d97-4c52-95c6-8ed1c24e1d19",
              "isHook": false,
              "skipped": false
            }
          ],
          "suites": [],
          "passes": [],
          "failures": [
            "d827deb0-e38e-4555-8df2-966f66210b8a",
            "bd0b0e9f-3923-478d-847f-f409ef3bcdf0"
          ],
          "pending": [],
          "skipped": [],
          "duration": 8597,
          "root": false,
          "rootEmpty": false,
          "_timeout": 2000
        },
        {
          "uuid": "894343b6-2dbe-490c-bd04-946e37fe9069",
          "title": "7 - Clicar em uma das cores da paleta, faz com que ela seja selecionada e utilizada para preencher os pixels no quadro.",
          "fullFile": "",
          "file": "",
          "beforeHooks": [],
          "afterHooks": [],
          "tests": [
            {
              "title": "Verifica se somente uma cor da paleta de cores tem a classe `selected` de cada vez",
              "fullTitle": "7 - Clicar em uma das cores da paleta, faz com que ela seja selecionada e utilizada para preencher os pixels no quadro. Verifica se somente uma cor da paleta de cores tem a classe `selected` de cada vez",
              "timedOut": null,
              "duration": 4334,
              "state": "failed",
              "speed": null,
              "pass": false,
              "fail": true,
              "pending": false,
              "context": null,
              "code": "cy.get('.color').each(function (selectedColor, selectedColorIndex) {\n  cy.wrap(selectedColor).click();\n  cy.get('.color').each(function (color, colorIndex) {\n    if (colorIndex === selectedColorIndex) {\n      expect(color).to.have[\"class\"]('selected');\n    } else {\n      expect(color).not.to.have[\"class\"]('selected');\n    }\n  });\n});",
              "err": {
                "message": "CypressError: Timed out retrying: Expected to find element: '.color', but never found it.",
                "estack": "CypressError: Timed out retrying: Expected to find element: '.color', but never found it.\n    at cypressErr (http://localhost:34291/__cypress/runner/cypress_runner.js:149934:9)\n    at throwErr (http://localhost:34291/__cypress/runner/cypress_runner.js:149867:11)\n    at Object.throwErrByPath (http://localhost:34291/__cypress/runner/cypress_runner.js:149915:3)\n    at retry (http://localhost:34291/__cypress/runner/cypress_runner.js:144197:19)\n    at onFailFn (http://localhost:34291/__cypress/runner/cypress_runner.js:132448:16)\n    at tryCatcher (http://localhost:34291/__cypress/runner/cypress_runner.js:167415:23)\n    at Promise._settlePromiseFromHandler (http://localhost:34291/__cypress/runner/cypress_runner.js:165351:31)\n    at Promise._settlePromise (http://localhost:34291/__cypress/runner/cypress_runner.js:165408:18)\n    at Promise._settlePromise0 (http://localhost:34291/__cypress/runner/cypress_runner.js:165453:10)\n    at Promise._settlePromises (http://localhost:34291/__cypress/runner/cypress_runner.js:165528:18)\n    at Async../node_modules/bluebird/js/release/async.js.Async._drainQueue (http://localhost:34291/__cypress/runner/cypress_runner.js:162140:16)\n    at Async../node_modules/bluebird/js/release/async.js.Async._drainQueues (http://localhost:34291/__cypress/runner/cypress_runner.js:162150:10)\n    at Async.drainQueues (http://localhost:34291/__cypress/runner/cypress_runner.js:162024:14)",
                "diff": null
              },
              "uuid": "e96be7b4-a3e7-415f-afb5-2f843a55626e",
              "parentUUID": "894343b6-2dbe-490c-bd04-946e37fe9069",
              "isHook": false,
              "skipped": false
            },
            {
              "title": "Verifica se os pixels dentro do quadro não têm a classe `selected` quando são clicados",
              "fullTitle": "7 - Clicar em uma das cores da paleta, faz com que ela seja selecionada e utilizada para preencher os pixels no quadro. Verifica se os pixels dentro do quadro não têm a classe `selected` quando são clicados",
              "timedOut": null,
              "duration": 4306,
              "state": "failed",
              "speed": null,
              "pass": false,
              "fail": true,
              "pending": false,
              "context": null,
              "code": "cy.get('.color').each(function (color) {\n  var backgroundColor = color.css('background-color');\n  cy.wrap(color).click();\n  cy.get('.pixel').each(function (pixel) {\n    cy.wrap(pixel).click().should('not.have.class', 'selected');\n  });\n});",
              "err": {
                "message": "CypressError: Timed out retrying: Expected to find element: '.color', but never found it.",
                "estack": "CypressError: Timed out retrying: Expected to find element: '.color', but never found it.\n    at cypressErr (http://localhost:34291/__cypress/runner/cypress_runner.js:149934:9)\n    at throwErr (http://localhost:34291/__cypress/runner/cypress_runner.js:149867:11)\n    at Object.throwErrByPath (http://localhost:34291/__cypress/runner/cypress_runner.js:149915:3)\n    at retry (http://localhost:34291/__cypress/runner/cypress_runner.js:144197:19)\n    at onFailFn (http://localhost:34291/__cypress/runner/cypress_runner.js:132448:16)\n    at tryCatcher (http://localhost:34291/__cypress/runner/cypress_runner.js:167415:23)\n    at Promise._settlePromiseFromHandler (http://localhost:34291/__cypress/runner/cypress_runner.js:165351:31)\n    at Promise._settlePromise (http://localhost:34291/__cypress/runner/cypress_runner.js:165408:18)\n    at Promise._settlePromise0 (http://localhost:34291/__cypress/runner/cypress_runner.js:165453:10)\n    at Promise._settlePromises (http://localhost:34291/__cypress/runner/cypress_runner.js:165528:18)\n    at Async../node_modules/bluebird/js/release/async.js.Async._drainQueue (http://localhost:34291/__cypress/runner/cypress_runner.js:162140:16)\n    at Async../node_modules/bluebird/js/release/async.js.Async._drainQueues (http://localhost:34291/__cypress/runner/cypress_runner.js:162150:10)\n    at Async.drainQueues (http://localhost:34291/__cypress/runner/cypress_runner.js:162024:14)",
                "diff": null
              },
              "uuid": "854f0376-ab3b-4542-ad72-aea79481dd93",
              "parentUUID": "894343b6-2dbe-490c-bd04-946e37fe9069",
              "isHook": false,
              "skipped": false
            }
          ],
          "suites": [],
          "passes": [],
          "failures": [
            "e96be7b4-a3e7-415f-afb5-2f843a55626e",
            "854f0376-ab3b-4542-ad72-aea79481dd93"
          ],
          "pending": [],
          "skipped": [],
          "duration": 8640,
          "root": false,
          "rootEmpty": false,
          "_timeout": 2000
        },
        {
          "uuid": "f6e222b5-9b75-4555-aee9-d015d8bd7de3",
          "title": "8 - Clicar em um pixel dentro do quadro após selecionar uma cor na paleta, faz com que o pixel seja preenchido com a cor selecionada.",
          "fullFile": "",
          "file": "",
          "beforeHooks": [],
          "afterHooks": [],
          "tests": [
            {
              "title": "Verifica se ao carregar a página deve ser possível pintar os pixels de preto",
              "fullTitle": "8 - Clicar em um pixel dentro do quadro após selecionar uma cor na paleta, faz com que o pixel seja preenchido com a cor selecionada. Verifica se ao carregar a página deve ser possível pintar os pixels de preto",
              "timedOut": null,
              "duration": 4281,
              "state": "failed",
              "speed": null,
              "pass": false,
              "fail": true,
              "pending": false,
              "context": null,
              "code": "cy.get('.pixel').each(function (pixel) {\n  cy.wrap(pixel).click().should('have.css', 'background-color', BLACK);\n});",
              "err": {
                "message": "CypressError: Timed out retrying: Expected to find element: '.pixel', but never found it.",
                "estack": "CypressError: Timed out retrying: Expected to find element: '.pixel', but never found it.\n    at cypressErr (http://localhost:34291/__cypress/runner/cypress_runner.js:149934:9)\n    at throwErr (http://localhost:34291/__cypress/runner/cypress_runner.js:149867:11)\n    at Object.throwErrByPath (http://localhost:34291/__cypress/runner/cypress_runner.js:149915:3)\n    at retry (http://localhost:34291/__cypress/runner/cypress_runner.js:144197:19)\n    at onFailFn (http://localhost:34291/__cypress/runner/cypress_runner.js:132448:16)\n    at tryCatcher (http://localhost:34291/__cypress/runner/cypress_runner.js:167415:23)\n    at Promise._settlePromiseFromHandler (http://localhost:34291/__cypress/runner/cypress_runner.js:165351:31)\n    at Promise._settlePromise (http://localhost:34291/__cypress/runner/cypress_runner.js:165408:18)\n    at Promise._settlePromise0 (http://localhost:34291/__cypress/runner/cypress_runner.js:165453:10)\n    at Promise._settlePromises (http://localhost:34291/__cypress/runner/cypress_runner.js:165528:18)\n    at Async../node_modules/bluebird/js/release/async.js.Async._drainQueue (http://localhost:34291/__cypress/runner/cypress_runner.js:162140:16)\n    at Async../node_modules/bluebird/js/release/async.js.Async._drainQueues (http://localhost:34291/__cypress/runner/cypress_runner.js:162150:10)\n    at Async.drainQueues (http://localhost:34291/__cypress/runner/cypress_runner.js:162024:14)",
                "diff": null
              },
              "uuid": "744fb093-5ed2-4879-b102-e6f7cba3e7e5",
              "parentUUID": "f6e222b5-9b75-4555-aee9-d015d8bd7de3",
              "isHook": false,
              "skipped": false
            },
            {
              "title": "Verifica se após selecionar uma outra cor na paleta, é possível pintar os pixels com essa cor",
              "fullTitle": "8 - Clicar em um pixel dentro do quadro após selecionar uma cor na paleta, faz com que o pixel seja preenchido com a cor selecionada. Verifica se após selecionar uma outra cor na paleta, é possível pintar os pixels com essa cor",
              "timedOut": null,
              "duration": 4293,
              "state": "failed",
              "speed": null,
              "pass": false,
              "fail": true,
              "pending": false,
              "context": null,
              "code": "cy.get('.color').each(function (color) {\n  var backgroundColor = color.css('background-color');\n  cy.wrap(color).click();\n  cy.get('.pixel').each(function (pixel) {\n    cy.wrap(pixel).click().should('have.css', 'background-color', backgroundColor);\n  });\n});",
              "err": {
                "message": "CypressError: Timed out retrying: Expected to find element: '.color', but never found it.",
                "estack": "CypressError: Timed out retrying: Expected to find element: '.color', but never found it.\n    at cypressErr (http://localhost:34291/__cypress/runner/cypress_runner.js:149934:9)\n    at throwErr (http://localhost:34291/__cypress/runner/cypress_runner.js:149867:11)\n    at Object.throwErrByPath (http://localhost:34291/__cypress/runner/cypress_runner.js:149915:3)\n    at retry (http://localhost:34291/__cypress/runner/cypress_runner.js:144197:19)\n    at onFailFn (http://localhost:34291/__cypress/runner/cypress_runner.js:132448:16)\n    at tryCatcher (http://localhost:34291/__cypress/runner/cypress_runner.js:167415:23)\n    at Promise._settlePromiseFromHandler (http://localhost:34291/__cypress/runner/cypress_runner.js:165351:31)\n    at Promise._settlePromise (http://localhost:34291/__cypress/runner/cypress_runner.js:165408:18)\n    at Promise._settlePromise0 (http://localhost:34291/__cypress/runner/cypress_runner.js:165453:10)\n    at Promise._settlePromises (http://localhost:34291/__cypress/runner/cypress_runner.js:165528:18)\n    at Async../node_modules/bluebird/js/release/async.js.Async._drainQueue (http://localhost:34291/__cypress/runner/cypress_runner.js:162140:16)\n    at Async../node_modules/bluebird/js/release/async.js.Async._drainQueues (http://localhost:34291/__cypress/runner/cypress_runner.js:162150:10)\n    at Async.drainQueues (http://localhost:34291/__cypress/runner/cypress_runner.js:162024:14)",
                "diff": null
              },
              "uuid": "39e9bebb-9e00-4fc4-8023-698a2034294d",
              "parentUUID": "f6e222b5-9b75-4555-aee9-d015d8bd7de3",
              "isHook": false,
              "skipped": false
            },
            {
              "title": "Verifica se somente o pixel que foi clicado foi preenchido com a cor selecionada, sem influenciar na cor dos demais pixels.",
              "fullTitle": "8 - Clicar em um pixel dentro do quadro após selecionar uma cor na paleta, faz com que o pixel seja preenchido com a cor selecionada. Verifica se somente o pixel que foi clicado foi preenchido com a cor selecionada, sem influenciar na cor dos demais pixels.",
              "timedOut": null,
              "duration": 4296,
              "state": "failed",
              "speed": null,
              "pass": false,
              "fail": true,
              "pending": false,
              "context": null,
              "code": "var colorToPixelIndexMap = {\n  0: 6,\n  1: 8,\n  2: 16,\n  3: 18\n};\ncy.get('.color').each(function (color, index) {\n  cy.wrap(color).click();\n  var backgroundColor = color.css('background-color');\n  var clickedPixelIndex = colorToPixelIndexMap[index];\n  cy.get('.pixel').eq(clickedPixelIndex).click();\n  cy.get('.pixel').eq(clickedPixelIndex - 1).should('not.have.css', 'background-color', backgroundColor);\n  cy.get('.pixel').eq(clickedPixelIndex + 1).should('not.have.css', 'background-color', backgroundColor);\n  cy.get('.pixel').eq(clickedPixelIndex - 5).should('not.have.css', 'background-color', backgroundColor);\n  cy.get('.pixel').eq(clickedPixelIndex + 5).should('not.have.css', 'background-color', backgroundColor);\n  cy.get('.pixel').eq(clickedPixelIndex - 6).should('not.have.css', 'background-color', backgroundColor);\n  cy.get('.pixel').eq(clickedPixelIndex - 4).should('not.have.css', 'background-color', backgroundColor);\n  cy.get('.pixel').eq(clickedPixelIndex + 4).should('not.have.css', 'background-color', backgroundColor);\n  cy.get('.pixel').eq(clickedPixelIndex + 6).should('not.have.css', 'background-color', backgroundColor);\n});",
              "err": {
                "message": "CypressError: Timed out retrying: Expected to find element: '.color', but never found it.",
                "estack": "CypressError: Timed out retrying: Expected to find element: '.color', but never found it.\n    at cypressErr (http://localhost:34291/__cypress/runner/cypress_runner.js:149934:9)\n    at throwErr (http://localhost:34291/__cypress/runner/cypress_runner.js:149867:11)\n    at Object.throwErrByPath (http://localhost:34291/__cypress/runner/cypress_runner.js:149915:3)\n    at retry (http://localhost:34291/__cypress/runner/cypress_runner.js:144197:19)\n    at onFailFn (http://localhost:34291/__cypress/runner/cypress_runner.js:132448:16)\n    at tryCatcher (http://localhost:34291/__cypress/runner/cypress_runner.js:167415:23)\n    at Promise._settlePromiseFromHandler (http://localhost:34291/__cypress/runner/cypress_runner.js:165351:31)\n    at Promise._settlePromise (http://localhost:34291/__cypress/runner/cypress_runner.js:165408:18)\n    at Promise._settlePromise0 (http://localhost:34291/__cypress/runner/cypress_runner.js:165453:10)\n    at Promise._settlePromises (http://localhost:34291/__cypress/runner/cypress_runner.js:165528:18)\n    at Async../node_modules/bluebird/js/release/async.js.Async._drainQueue (http://localhost:34291/__cypress/runner/cypress_runner.js:162140:16)\n    at Async../node_modules/bluebird/js/release/async.js.Async._drainQueues (http://localhost:34291/__cypress/runner/cypress_runner.js:162150:10)\n    at Async.drainQueues (http://localhost:34291/__cypress/runner/cypress_runner.js:162024:14)",
                "diff": null
              },
              "uuid": "87af1fb8-820d-4895-b883-12a1a1353fe0",
              "parentUUID": "f6e222b5-9b75-4555-aee9-d015d8bd7de3",
              "isHook": false,
              "skipped": false
            }
          ],
          "suites": [],
          "passes": [],
          "failures": [
            "744fb093-5ed2-4879-b102-e6f7cba3e7e5",
            "39e9bebb-9e00-4fc4-8023-698a2034294d",
            "87af1fb8-820d-4895-b883-12a1a1353fe0"
          ],
          "pending": [],
          "skipped": [],
          "duration": 12870,
          "root": false,
          "rootEmpty": false,
          "_timeout": 2000
        },
        {
          "uuid": "3a2ba322-3115-4092-af33-a6e090b13862",
          "title": "9 - Crie um botão que, ao ser clicado, limpa o quadro preenchendo a cor de todos seus pixels com branco.",
          "fullFile": "",
          "file": "",
          "beforeHooks": [],
          "afterHooks": [],
          "tests": [
            {
              "title": "Verifica se o botão tem o `id` denominado `clear-board`",
              "fullTitle": "9 - Crie um botão que, ao ser clicado, limpa o quadro preenchendo a cor de todos seus pixels com branco. Verifica se o botão tem o `id` denominado `clear-board`",
              "timedOut": null,
              "duration": 4324,
              "state": "failed",
              "speed": null,
              "pass": false,
              "fail": true,
              "pending": false,
              "context": null,
              "code": "cy.get('#clear-board').should('be.visible');",
              "err": {
                "message": "CypressError: Timed out retrying: Expected to find element: '#clear-board', but never found it.",
                "estack": "CypressError: Timed out retrying: Expected to find element: '#clear-board', but never found it.\n    at cypressErr (http://localhost:34291/__cypress/runner/cypress_runner.js:149934:9)\n    at throwErr (http://localhost:34291/__cypress/runner/cypress_runner.js:149867:11)\n    at Object.throwErrByPath (http://localhost:34291/__cypress/runner/cypress_runner.js:149915:3)\n    at retry (http://localhost:34291/__cypress/runner/cypress_runner.js:144197:19)\n    at onFailFn (http://localhost:34291/__cypress/runner/cypress_runner.js:132448:16)\n    at tryCatcher (http://localhost:34291/__cypress/runner/cypress_runner.js:167415:23)\n    at Promise._settlePromiseFromHandler (http://localhost:34291/__cypress/runner/cypress_runner.js:165351:31)\n    at Promise._settlePromise (http://localhost:34291/__cypress/runner/cypress_runner.js:165408:18)\n    at Promise._settlePromise0 (http://localhost:34291/__cypress/runner/cypress_runner.js:165453:10)\n    at Promise._settlePromises (http://localhost:34291/__cypress/runner/cypress_runner.js:165528:18)\n    at Async../node_modules/bluebird/js/release/async.js.Async._drainQueue (http://localhost:34291/__cypress/runner/cypress_runner.js:162140:16)\n    at Async../node_modules/bluebird/js/release/async.js.Async._drainQueues (http://localhost:34291/__cypress/runner/cypress_runner.js:162150:10)\n    at Async.drainQueues (http://localhost:34291/__cypress/runner/cypress_runner.js:162024:14)",
                "diff": null
              },
              "uuid": "f480d7f7-1c64-4aa5-8539-1b88736212ae",
              "parentUUID": "3a2ba322-3115-4092-af33-a6e090b13862",
              "isHook": false,
              "skipped": false
            },
            {
              "title": "Verifica se o botão está posicionado entre a paleta de cores e o quadro de pixels",
              "fullTitle": "9 - Crie um botão que, ao ser clicado, limpa o quadro preenchendo a cor de todos seus pixels com branco. Verifica se o botão está posicionado entre a paleta de cores e o quadro de pixels",
              "timedOut": null,
              "duration": 4324,
              "state": "failed",
              "speed": null,
              "pass": false,
              "fail": true,
              "pending": false,
              "context": null,
              "code": "cy.get('#color-palette').then(function (palette) {\n  cy.get('#clear-board').should('be.belowOf', palette);\n});\ncy.get('#clear-board').then(function (clearBtn) {\n  cy.get('#pixel-board').should('be.belowOf', clearBtn);\n});",
              "err": {
                "message": "CypressError: Timed out retrying: Expected to find element: '#color-palette', but never found it.",
                "estack": "CypressError: Timed out retrying: Expected to find element: '#color-palette', but never found it.\n    at cypressErr (http://localhost:34291/__cypress/runner/cypress_runner.js:149934:9)\n    at throwErr (http://localhost:34291/__cypress/runner/cypress_runner.js:149867:11)\n    at Object.throwErrByPath (http://localhost:34291/__cypress/runner/cypress_runner.js:149915:3)\n    at retry (http://localhost:34291/__cypress/runner/cypress_runner.js:144197:19)\n    at onFailFn (http://localhost:34291/__cypress/runner/cypress_runner.js:132448:16)\n    at tryCatcher (http://localhost:34291/__cypress/runner/cypress_runner.js:167415:23)\n    at Promise._settlePromiseFromHandler (http://localhost:34291/__cypress/runner/cypress_runner.js:165351:31)\n    at Promise._settlePromise (http://localhost:34291/__cypress/runner/cypress_runner.js:165408:18)\n    at Promise._settlePromise0 (http://localhost:34291/__cypress/runner/cypress_runner.js:165453:10)\n    at Promise._settlePromises (http://localhost:34291/__cypress/runner/cypress_runner.js:165528:18)\n    at Async../node_modules/bluebird/js/release/async.js.Async._drainQueue (http://localhost:34291/__cypress/runner/cypress_runner.js:162140:16)\n    at Async../node_modules/bluebird/js/release/async.js.Async._drainQueues (http://localhost:34291/__cypress/runner/cypress_runner.js:162150:10)\n    at Async.drainQueues (http://localhost:34291/__cypress/runner/cypress_runner.js:162024:14)",
                "diff": null
              },
              "uuid": "d1f39769-110b-4337-9514-b83a2653fe4c",
              "parentUUID": "3a2ba322-3115-4092-af33-a6e090b13862",
              "isHook": false,
              "skipped": false
            },
            {
              "title": "Verifica se o texto do botão é 'Limpar'",
              "fullTitle": "9 - Crie um botão que, ao ser clicado, limpa o quadro preenchendo a cor de todos seus pixels com branco. Verifica se o texto do botão é 'Limpar'",
              "timedOut": null,
              "duration": 4333,
              "state": "failed",
              "speed": null,
              "pass": false,
              "fail": true,
              "pending": false,
              "context": null,
              "code": "cy.get('#clear-board').should('contain.text', 'Limpar');",
              "err": {
                "message": "CypressError: Timed out retrying: Expected to find element: '#clear-board', but never found it.",
                "estack": "CypressError: Timed out retrying: Expected to find element: '#clear-board', but never found it.\n    at cypressErr (http://localhost:34291/__cypress/runner/cypress_runner.js:149934:9)\n    at throwErr (http://localhost:34291/__cypress/runner/cypress_runner.js:149867:11)\n    at Object.throwErrByPath (http://localhost:34291/__cypress/runner/cypress_runner.js:149915:3)\n    at retry (http://localhost:34291/__cypress/runner/cypress_runner.js:144197:19)\n    at onFailFn (http://localhost:34291/__cypress/runner/cypress_runner.js:132448:16)\n    at tryCatcher (http://localhost:34291/__cypress/runner/cypress_runner.js:167415:23)\n    at Promise._settlePromiseFromHandler (http://localhost:34291/__cypress/runner/cypress_runner.js:165351:31)\n    at Promise._settlePromise (http://localhost:34291/__cypress/runner/cypress_runner.js:165408:18)\n    at Promise._settlePromise0 (http://localhost:34291/__cypress/runner/cypress_runner.js:165453:10)\n    at Promise._settlePromises (http://localhost:34291/__cypress/runner/cypress_runner.js:165528:18)\n    at Async../node_modules/bluebird/js/release/async.js.Async._drainQueue (http://localhost:34291/__cypress/runner/cypress_runner.js:162140:16)\n    at Async../node_modules/bluebird/js/release/async.js.Async._drainQueues (http://localhost:34291/__cypress/runner/cypress_runner.js:162150:10)\n    at Async.drainQueues (http://localhost:34291/__cypress/runner/cypress_runner.js:162024:14)",
                "diff": null
              },
              "uuid": "9b2e8710-c2e9-4957-8955-e285f0f46b9b",
              "parentUUID": "3a2ba322-3115-4092-af33-a6e090b13862",
              "isHook": false,
              "skipped": false
            },
            {
              "title": "Verifica se ao clicar no botão, o quadro de pixels é totalmente preenchido de branco",
              "fullTitle": "9 - Crie um botão que, ao ser clicado, limpa o quadro preenchendo a cor de todos seus pixels com branco. Verifica se ao clicar no botão, o quadro de pixels é totalmente preenchido de branco",
              "timedOut": null,
              "duration": 4342,
              "state": "failed",
              "speed": null,
              "pass": false,
              "fail": true,
              "pending": false,
              "context": null,
              "code": "cy.get('.color').eq(1).then(function (color) {\n  var backgroundColor = color.css('background-color');\n  cy.wrap(color).click();\n  cy.get('.pixel').each(function (pixel) {\n    cy.wrap(pixel).click().should('have.css', 'background-color', backgroundColor);\n  });\n});\ncy.get('#clear-board').click();\ncy.get('.pixel').each(function (pixel) {\n  cy.wrap(pixel).should('have.css', 'background-color', WHITE);\n});",
              "err": {
                "message": "CypressError: Timed out retrying: Expected to find element: '.color', but never found it.",
                "estack": "CypressError: Timed out retrying: Expected to find element: '.color', but never found it.\n    at cypressErr (http://localhost:34291/__cypress/runner/cypress_runner.js:149934:9)\n    at throwErr (http://localhost:34291/__cypress/runner/cypress_runner.js:149867:11)\n    at Object.throwErrByPath (http://localhost:34291/__cypress/runner/cypress_runner.js:149915:3)\n    at retry (http://localhost:34291/__cypress/runner/cypress_runner.js:144197:19)\n    at onFailFn (http://localhost:34291/__cypress/runner/cypress_runner.js:132448:16)\n    at tryCatcher (http://localhost:34291/__cypress/runner/cypress_runner.js:167415:23)\n    at Promise._settlePromiseFromHandler (http://localhost:34291/__cypress/runner/cypress_runner.js:165351:31)\n    at Promise._settlePromise (http://localhost:34291/__cypress/runner/cypress_runner.js:165408:18)\n    at Promise._settlePromise0 (http://localhost:34291/__cypress/runner/cypress_runner.js:165453:10)\n    at Promise._settlePromises (http://localhost:34291/__cypress/runner/cypress_runner.js:165528:18)\n    at Async../node_modules/bluebird/js/release/async.js.Async._drainQueue (http://localhost:34291/__cypress/runner/cypress_runner.js:162140:16)\n    at Async../node_modules/bluebird/js/release/async.js.Async._drainQueues (http://localhost:34291/__cypress/runner/cypress_runner.js:162150:10)\n    at Async.drainQueues (http://localhost:34291/__cypress/runner/cypress_runner.js:162024:14)",
                "diff": null
              },
              "uuid": "9ab44650-39e5-4cbc-9c78-036398aadf76",
              "parentUUID": "3a2ba322-3115-4092-af33-a6e090b13862",
              "isHook": false,
              "skipped": false
            }
          ],
          "suites": [],
          "passes": [],
          "failures": [
            "f480d7f7-1c64-4aa5-8539-1b88736212ae",
            "d1f39769-110b-4337-9514-b83a2653fe4c",
            "9b2e8710-c2e9-4957-8955-e285f0f46b9b",
            "9ab44650-39e5-4cbc-9c78-036398aadf76"
          ],
          "pending": [],
          "skipped": [],
          "duration": 17323,
          "root": false,
          "rootEmpty": false,
          "_timeout": 2000
        },
        {
          "uuid": "56a13636-3e31-4deb-9d0f-25db6e73dd83",
          "title": "10 - Faça o quadro de pixels ter seu tamanho definido pelo usuário.",
          "fullFile": "",
          "file": "",
          "beforeHooks": [],
          "afterHooks": [],
          "tests": [
            {
              "title": "Verifica se existe um input com o id `board-size`",
              "fullTitle": "10 - Faça o quadro de pixels ter seu tamanho definido pelo usuário. Verifica se existe um input com o id `board-size`",
              "timedOut": null,
              "duration": 4413,
              "state": "failed",
              "speed": null,
              "pass": false,
              "fail": true,
              "pending": false,
              "context": null,
              "code": "cy.get('#board-size').should('be.visible');",
              "err": {
                "message": "CypressError: Timed out retrying: Expected to find element: '#board-size', but never found it.",
[...]
                "diff": null
              },
              "uuid": "e484637b-d1fb-434f-af71-f8522f788f1f",
              "parentUUID": "56a13636-3e31-4deb-9d0f-25db6e73dd83",
              "isHook": false,
              "skipped": false
            },
            {
              "title": "Verifica se o novo quadro tem todos os pixels preenchidos com a cor branca",
              "fullTitle": "10 - Faça o quadro de pixels ter seu tamanho definido pelo usuário. Verifica se o novo quadro tem todos os pixels preenchidos com a cor branca",
              "timedOut": null,
              "duration": 4334,
              "state": "failed",
              "speed": null,
              "pass": false,
              "fail": true,
              "pending": false,
              "context": null,
              "code": "cy.get('#board-size').clear().type(6);\ncy.get('#generate-board').click();\ncy.get('.pixel').should('have.length', 36).each(function (pixel) {\n  expect(pixel).to.have.css('background-color', WHITE);\n});",
              "err": {
                "message": "CypressError: Timed out retrying: Expected to find element: '#board-size', but never found it.",
                "estack": "CypressError: Timed out retrying: Expected to find element: '#board-size', but never found it.\n    at cypressErr (http://localhost:34291/__cypress/runner/cypress_runner.js:149934:9)\n    at throwErr (http://localhost:34291/__cypress/runner/cypress_runner.js:149867:11)\n    at Object.throwErrByPath (http://localhost:34291/__cypress/runner/cypress_runner.js:149915:3)\n    at retry (http://localhost:34291/__cypress/runner/cypress_runner.js:144197:19)\n    at onFailFn (http://localhost:34291/__cypress/runner/cypress_runner.js:132448:16)\n    at tryCatcher (http://localhost:34291/__cypress/runner/cypress_runner.js:167415:23)\n    at Promise._settlePromiseFromHandler (http://localhost:34291/__cypress/runner/cypress_runner.js:165351:31)\n    at Promise._settlePromise (http://localhost:34291/__cypress/runner/cypress_runner.js:165408:18)\n    at Promise._settlePromise0 (http://localhost:34291/__cypress/runner/cypress_runner.js:165453:10)\n    at Promise._settlePromises (http://localhost:34291/__cypress/runner/cypress_runner.js:165528:18)\n    at Async../node_modules/bluebird/js/release/async.js.Async._drainQueue (http://localhost:34291/__cypress/runner/cypress_runner.js:162140:16)\n    at Async../node_modules/bluebird/js/release/async.js.Async._drainQueues (http://localhost:34291/__cypress/runner/cypress_runner.js:162150:10)\n    at Async.drainQueues (http://localhost:34291/__cypress/runner/cypress_runner.js:162024:14)",
                "diff": null
              },
              "uuid": "1c2545cb-fd09-4fe3-b4ab-b9e1c22bd265",
              "parentUUID": "56a13636-3e31-4deb-9d0f-25db6e73dd83",
              "isHook": false,
              "skipped": false
            }
          ],
          "suites": [],
          "passes": [],
          "failures": [
            "824bd966-59a6-490f-a8b3-9333e0f02639",
            "b39c5a02-7fac-49eb-a237-0733c036c2da",
            "7e2c864e-c4bd-4406-b911-aece7d46e29c",
            "9314a329-4ac6-4c84-bac3-6c043c5607fb",
            "a56f2212-609f-4a36-b00f-b083c8ac722c",
            "d42cd206-5538-434f-b4be-4eac72a45689",
            "cf06832e-e1cc-43d9-8ba4-901310b1aebd",
            "e484637b-d1fb-434f-af71-f8522f788f1f",
            "1c2545cb-fd09-4fe3-b4ab-b9e1c22bd265"
          ],
          "pending": [],
          "skipped": [],
          "duration": 39010,
          "root": false,
          "rootEmpty": false,
          "_timeout": 2000
        },
        {
          "uuid": "874634e6-1c78-419c-b9e8-ee20b00dcf57",
          "title": "11 - Limite o tamanho mínimo e máximo do board.",
          "fullFile": "",
          "file": "",
          "beforeHooks": [],
          "afterHooks": [],
          "tests": [
            {
              "title": "Verifica se a altura máxima do board é 50",
              "fullTitle": "11 - Limite o tamanho mínimo e máximo do board. Verifica se a altura máxima do board é 50",
              "timedOut": null,
              "duration": 4319,
              "state": "failed",
              "speed": null,
              "pass": false,
              "fail": true,
              "pending": false,
              "context": null,
              "code": "cy.get('#board-size').clear().type(50);\ncy.get('#generate-board').click();\ncy.get('.pixel').should('have.length', 2500);",
              "err": {
                "message": "CypressError: Timed out retrying: Expected to find element: '#board-size', but never found it.",
                "estack": "CypressError: Timed out retrying: Expected to find element: '#board-size', but never found it.\n    at cypressErr (http://localhost:34291/__cypress/runner/cypress_runner.js:149934:9)\n    at throwErr (http://localhost:34291/__cypress/runner/cypress_runner.js:149867:11)\n    at Object.throwErrByPath (http://localhost:34291/__cypress/runner/cypress_runner.js:149915:3)\n    at retry (http://localhost:34291/__cypress/runner/cypress_runner.js:144197:19)\n    at onFailFn (http://localhost:34291/__cypress/runner/cypress_runner.js:132448:16)\n    at tryCatcher (http://localhost:34291/__cypress/runner/cypress_runner.js:167415:23)\n    at Promise._settlePromiseFromHandler (http://localhost:34291/__cypress/runner/cypress_runner.js:165351:31)\n    at Promise._settlePromise (http://localhost:34291/__cypress/runner/cypress_runner.js:165408:18)\n    at Promise._settlePromise0 (http://localhost:34291/__cypress/runner/cypress_runner.js:165453:10)\n    at Promise._settlePromises (http://localhost:34291/__cypress/runner/cypress_runner.js:165528:18)\n    at Async../node_modules/bluebird/js/release/async.js.Async._drainQueue (http://localhost:34291/__cypress/runner/cypress_runner.js:162140:16)\n    at Async../node_modules/bluebird/js/release/async.js.Async._drainQueues (http://localhost:34291/__cypress/runner/cypress_runner.js:162150:10)\n    at Async.drainQueues (http://localhost:34291/__cypress/runner/cypress_runner.js:162024:14)",
                "diff": null
              },
              "uuid": "34c32950-460d-49ae-88e1-94a8840672c1",
              "parentUUID": "874634e6-1c78-419c-b9e8-ee20b00dcf57",
              "isHook": false,
              "skipped": false
            },
            {
              "title": "Verifica se a altura do board é 5 quando um valor menor é colocado no input",
              "fullTitle": "11 - Limite o tamanho mínimo e máximo do board. Verifica se a altura do board é 5 quando um valor menor é colocado no input",
              "timedOut": null,
              "duration": 4336,
              "state": "failed",
              "speed": null,
              "pass": false,
              "fail": true,
              "pending": false,
              "context": null,
              "code": "cy.get('#board-size').clear().type(4);\ncy.get('#generate-board').click();\ncy.get('.pixel').should('have.length', 25);",
              "err": {
                "message": "CypressError: Timed out retrying: Expected to find element: '#board-size', but never found it.",
                "estack": "CypressError: Timed out retrying: Expected to find element: '#board-size', but never found it.\n    at cypressErr (http://localhost:34291/__cypress/runner/cypress_runner.js:149934:9)\n    at throwErr (http://localhost:34291/__cypress/runner/cypress_runner.js:149867:11)\n    at Object.throwErrByPath (http://localhost:34291/__cypress/runner/cypress_runner.js:149915:3)\n    at retry (http://localhost:34291/__cypress/runner/cypress_runner.js:144197:19)\n    at onFailFn (http://localhost:34291/__cypress/runner/cypress_runner.js:132448:16)\n    at tryCatcher (http://localhost:34291/__cypress/runner/cypress_runner.js:167415:23)\n    at Promise._settlePromiseFromHandler (http://localhost:34291/__cypress/runner/cypress_runner.js:165351:31)\n    at Promise._settlePromise (http://localhost:34291/__cypress/runner/cypress_runner.js:165408:18)\n    at Promise._settlePromise0 (http://localhost:34291/__cypress/runner/cypress_runner.js:165453:10)\n    at Promise._settlePromises (http://localhost:34291/__cypress/runner/cypress_runner.js:165528:18)\n    at Async../node_modules/bluebird/js/release/async.js.Async._drainQueue (http://localhost:34291/__cypress/runner/cypress_runner.js:162140:16)\n    at Async../node_modules/bluebird/js/release/async.js.Async._drainQueues (http://localhost:34291/__cypress/runner/cypress_runner.js:162150:10)\n    at Async.drainQueues (http://localhost:34291/__cypress/runner/cypress_runner.js:162024:14)",
                "diff": null
              },
              "uuid": "d54eb8e8-55f7-4065-b701-20adaf99e81a",
              "parentUUID": "874634e6-1c78-419c-b9e8-ee20b00dcf57",
              "isHook": false,
              "skipped": false
            },
            {
              "title": "Verifica se a altura do board é 50 quando um valor maior é colocado no input",
              "fullTitle": "11 - Limite o tamanho mínimo e máximo do board. Verifica se a altura do board é 50 quando um valor maior é colocado no input",
              "timedOut": null,
              "duration": 4359,
              "state": "failed",
              "speed": null,
              "pass": false,
              "fail": true,
              "pending": false,
              "context": null,
              "code": "cy.get('#board-size').clear().type(51);\ncy.get('#generate-board').click();\ncy.get('.pixel').should('have.length', 2500);",
              "err": {
                "message": "CypressError: Timed out retrying: Expected to find element: '#board-size', but never found it.",
                "estack": "CypressError: Timed out retrying: Expected to find element: '#board-size', but never found it.\n    at cypressErr (http://localhost:34291/__cypress/runner/cypress_runner.js:149934:9)\n    at throwErr (http://localhost:34291/__cypress/runner/cypress_runner.js:149867:11)\n    at Object.throwErrByPath (http://localhost:34291/__cypress/runner/cypress_runner.js:149915:3)\n    at retry (http://localhost:34291/__cypress/runner/cypress_runner.js:144197:19)\n    at onFailFn (http://localhost:34291/__cypress/runner/cypress_runner.js:132448:16)\n    at tryCatcher (http://localhost:34291/__cypress/runner/cypress_runner.js:167415:23)\n    at Promise._settlePromiseFromHandler (http://localhost:34291/__cypress/runner/cypress_runner.js:165351:31)\n    at Promise._settlePromise (http://localhost:34291/__cypress/runner/cypress_runner.js:165408:18)\n    at Promise._settlePromise0 (http://localhost:34291/__cypress/runner/cypress_runner.js:165453:10)\n    at Promise._settlePromises (http://localhost:34291/__cypress/runner/cypress_runner.js:165528:18)\n    at Async../node_modules/bluebird/js/release/async.js.Async._drainQueue (http://localhost:34291/__cypress/runner/cypress_runner.js:162140:16)\n    at Async../node_modules/bluebird/js/release/async.js.Async._drainQueues (http://localhost:34291/__cypress/runner/cypress_runner.js:162150:10)\n    at Async.drainQueues (http://localhost:34291/__cypress/runner/cypress_runner.js:162024:14)",
                "diff": null
              },
              "uuid": "9f18ca20-3605-44cd-9352-735023024743",
              "parentUUID": "874634e6-1c78-419c-b9e8-ee20b00dcf57",
              "isHook": false,
              "skipped": false
            }
          ],
          "suites": [],
          "passes": [],
          "failures": [
            "34c32950-460d-49ae-88e1-94a8840672c1",
            "d54eb8e8-55f7-4065-b701-20adaf99e81a",
            "9f18ca20-3605-44cd-9352-735023024743"
          ],
          "pending": [],
          "skipped": [],
          "duration": 13014,
          "root": false,
          "rootEmpty": false,
          "_timeout": 2000
        },
        {
          "uuid": "863f6968-d710-42e7-8c5b-d1977f157122",
          "title": "12 - Faça com que as cores da paleta sejam geradas aleatoriamente ao carregar a página.",
          "fullFile": "",
          "file": "",
          "beforeHooks": [],
          "afterHooks": [],
          "tests": [
            {
              "title": "Verifica se as cores geradas na paleta são diferentes a cada carregamento da página",
              "fullTitle": "12 - Faça com que as cores da paleta sejam geradas aleatoriamente ao carregar a página. Verifica se as cores geradas na paleta são diferentes a cada carregamento da página",
              "timedOut": null,
              "duration": 4316,
              "state": "failed",
              "speed": null,
              "pass": false,
              "fail": true,
              "pending": false,
              "context": null,
              "code": "cy.get('.color').then(function (colors) {\n  var currentColors;\n  var previousColors;\n  previousColors = Array.from(colors).map(function (color) {\n    return Cypress.$(color).css('background-color');\n  });\n  for (var i = 0; i < 5; i += 1) {\n    cy.reload();\n    cy.get('.color').then(function (colors) {\n      currentColors = Array.from(colors).map(function (color) {\n        return Cypress.$(color).css('background-color');\n      });\n      expect(currentColors).not.to.deep.equal(previousColors);\n      previousColors = currentColors;\n    });\n  }\n});",
              "err": {
                "message": "CypressError: Timed out retrying: Expected to find element: '.color', but never found it.",
                "estack": "CypressError: Timed out retrying: Expected to find element: '.color', but never found it.\n    at cypressErr (http://localhost:34291/__cypress/runner/cypress_runner.js:149934:9)\n    at throwErr (http://localhost:34291/__cypress/runner/cypress_runner.js:149867:11)\n    at Object.throwErrByPath (http://localhost:34291/__cypress/runner/cypress_runner.js:149915:3)\n    at retry (http://localhost:34291/__cypress/runner/cypress_runner.js:144197:19)\n    at onFailFn (http://localhost:34291/__cypress/runner/cypress_runner.js:132448:16)\n    at tryCatcher (http://localhost:34291/__cypress/runner/cypress_runner.js:167415:23)\n    at Promise._settlePromiseFromHandler (http://localhost:34291/__cypress/runner/cypress_runner.js:165351:31)\n    at Promise._settlePromise (http://localhost:34291/__cypress/runner/cypress_runner.js:165408:18)\n    at Promise._settlePromise0 (http://localhost:34291/__cypress/runner/cypress_runner.js:165453:10)\n    at Promise._settlePromises (http://localhost:34291/__cypress/runner/cypress_runner.js:165528:18)\n    at Async../node_modules/bluebird/js/release/async.js.Async._drainQueue (http://localhost:34291/__cypress/runner/cypress_runner.js:162140:16)\n    at Async../node_modules/bluebird/js/release/async.js.Async._drainQueues (http://localhost:34291/__cypress/runner/cypress_runner.js:162150:10)\n    at Async.drainQueues (http://localhost:34291/__cypress/runner/cypress_runner.js:162024:14)",
                "diff": null
              },
              "uuid": "7307f211-cf93-4304-ae5c-288abe80bc25",
              "parentUUID": "863f6968-d710-42e7-8c5b-d1977f157122",
              "isHook": false,
              "skipped": false
            },
            {
              "title": "Verifica se a cor preta ainda está presente e é a primeira na sua paleta de cores",
              "fullTitle": "12 - Faça com que as cores da paleta sejam geradas aleatoriamente ao carregar a página. Verifica se a cor preta ainda está presente e é a primeira na sua paleta de cores",
              "timedOut": null,
              "duration": 4310,
              "state": "failed",
              "speed": null,
              "pass": false,
              "fail": true,
              "pending": false,
              "context": null,
              "code": "cy.get('.color').then(function (colors) {\n  var currentColors;\n  var previousColors;\n  previousColors = Array.from(colors).map(function (color) {\n    return Cypress.$(color).css('background-color');\n  });\n  expect(previousColors[0]).to.eq(BLACK);\n  for (var i = 0; i < 5; i += 1) {\n    cy.reload();\n    cy.get('.color').then(function (colors) {\n      currentColors = Array.from(colors).map(function (color) {\n        return Cypress.$(color).css('background-color');\n      });\n      expect(currentColors[0]).to.eq(BLACK);\n      expect(currentColors).not.to.deep.equal(previousColors);\n      previousColors = currentColors;\n    });\n  }\n});",
              "err": {
                "message": "CypressError: Timed out retrying: Expected to find element: '.color', but never found it.",
                "estack": "CypressError: Timed out retrying: Expected to find element: '.color', but never found it.\n    at cypressErr (http://localhost:34291/__cypress/runner/cypress_runner.js:149934:9)\n    at throwErr (http://localhost:34291/__cypress/runner/cypress_runner.js:149867:11)\n    at Object.throwErrByPath (http://localhost:34291/__cypress/runner/cypress_runner.js:149915:3)\n    at retry (http://localhost:34291/__cypress/runner/cypress_runner.js:144197:19)\n    at onFailFn (http://localhost:34291/__cypress/runner/cypress_runner.js:132448:16)\n    at tryCatcher (http://localhost:34291/__cypress/runner/cypress_runner.js:167415:23)\n    at Promise._settlePromiseFromHandler (http://localhost:34291/__cypress/runner/cypress_runner.js:165351:31)\n    at Promise._settlePromise (http://localhost:34291/__cypress/runner/cypress_runner.js:165408:18)\n    at Promise._settlePromise0 (http://localhost:34291/__cypress/runner/cypress_runner.js:165453:10)\n    at Promise._settlePromises (http://localhost:34291/__cypress/runner/cypress_runner.js:165528:18)\n    at Async../node_modules/bluebird/js/release/async.js.Async._drainQueue (http://localhost:34291/__cypress/runner/cypress_runner.js:162140:16)\n    at Async../node_modules/bluebird/js/release/async.js.Async._drainQueues (http://localhost:34291/__cypress/runner/cypress_runner.js:162150:10)\n    at Async.drainQueues (http://localhost:34291/__cypress/runner/cypress_runner.js:162024:14)",
                "diff": null
              },
              "uuid": "1f8fc1d0-89a5-4766-9b56-3918929d109d",
              "parentUUID": "863f6968-d710-42e7-8c5b-d1977f157122",
              "isHook": false,
              "skipped": false
            }
          ],
          "suites": [],
          "passes": [],
          "failures": [
            "7307f211-cf93-4304-ae5c-288abe80bc25",
            "1f8fc1d0-89a5-4766-9b56-3918929d109d"
          ],
          "pending": [],
          "skipped": [],
          "duration": 8626,
          "root": false,
          "rootEmpty": false,
          "_timeout": 2000
        }
      ],
      "passes": [],
      "failures": [],
      "pending": [],
      "skipped": [],
      "duration": 0,
      "root": true,
      "rootEmpty": true,
      "_timeout": 2000
    }
  ],
  "meta": {
    "mocha": {
      "version": "7.0.1"
    },
    "mochawesome": {
      "options": {
        "quiet": false,
        "reportFilename": "mochawesome",
        "saveHtml": false,
        "saveJson": true,
        "consoleReporter": "spec",
        "useInlineDiffs": false
      },
      "version": "4.1.0"
    },
    "marge": {
      "options": {
        "id": "default",
        "reportDir": "cypress/reports",
        "overwrite": true,
        "html": false,
        "json": true
      },
      "version": "4.1.0"
    }
  }
}