{
  "stats": {
    "suites": 12,
    "tests": 41,
    "passes": 16,
    "pending": 0,
    "failures": 25,
    "start": "2021-09-10T17:59:55.106Z",
    "end": "2021-09-10T18:01:22.300Z",
    "duration": 87194,
    "testsRegistered": 41,
    "passPercent": 39.02439024390244,
    "pendingPercent": 0,
    "other": 0,
    "hasOther": false,
    "skipped": 0,
    "hasSkipped": false
  },
  "results": [
    {
      "uuid": "c9222cef-bf93-4d08-bfba-f1bcd6f6258c",
      "title": "",
      "fullFile": "cypress/integration/project.spec.js",
      "file": "cypress/integration/project.spec.js",
      "beforeHooks": [],
      "afterHooks": [],
      "tests": [],
      "suites": [
        {
          "uuid": "8680297f-b4c9-419c-b0c9-95ed9461b6a7",
          "title": "1 - Adicione à página o título \"Paleta de Cores\".",
          "fullFile": "",
          "file": "",
          "beforeHooks": [],
          "afterHooks": [],
          "tests": [
            {
              "title": "Verifica se contém um elemento `h1` com o id `title` com o título correto",
              "fullTitle": "1 - Adicione à página o título \"Paleta de Cores\". Verifica se contém um elemento `h1` com o id `title` com o título correto",
              "timedOut": null,
              "duration": 251,
              "state": "passed",
              "speed": "slow",
              "pass": true,
              "fail": false,
              "pending": false,
              "context": null,
              "code": "cy.get('h1#title').should('contain.text', 'Paleta de Cores');",
              "err": {},
              "uuid": "03284d9d-e484-45ec-8bbf-51e20d04d976",
              "parentUUID": "8680297f-b4c9-419c-b0c9-95ed9461b6a7",
              "isHook": false,
              "skipped": false
            }
          ],
          "suites": [],
          "passes": [
            "03284d9d-e484-45ec-8bbf-51e20d04d976"
          ],
          "failures": [],
          "pending": [],
          "skipped": [],
          "duration": 251,
          "root": false,
          "rootEmpty": false,
          "_timeout": 2000
        },
        {
          "uuid": "f2dc418c-ab79-4a46-bf3c-6d2b0cad7848",
          "title": "2 - Adicione à página uma paleta de quatro cores distintas.",
          "fullFile": "",
          "file": "",
          "beforeHooks": [],
          "afterHooks": [],
          "tests": [
            {
              "title": "A paleta de cores deve ser um elemento com `id` denominado `color-palette`",
              "fullTitle": "2 - Adicione à página uma paleta de quatro cores distintas. A paleta de cores deve ser um elemento com `id` denominado `color-palette`",
              "timedOut": null,
              "duration": 4248,
              "state": "failed",
              "speed": null,
              "pass": false,
              "fail": true,
              "pending": false,
              "context": null,
              "code": "cy.get('#color-palette').should('be.visible');\ncy.get('#color-palette').children('.color');",
              "err": {
                "message": "CypressError: Timed out retrying: expected '<section#color-palette.colors>' to be 'visible'\n\nThis element '<section#color-palette.colors>' is not visible because it has an effective width and height of: '1350 x 0' pixels.",
                "estack": "CypressError: Timed out retrying: expected '<section#color-palette.colors>' to be 'visible'\n\nThis element '<section#color-palette.colors>' is not visible because it has an effective width and height of: '1350 x 0' pixels.\n    at cypressErr (http://localhost:38461/__cypress/runner/cypress_runner.js:149934:9)\n    at throwErr (http://localhost:38461/__cypress/runner/cypress_runner.js:149867:11)\n    at Object.throwErrByPath (http://localhost:38461/__cypress/runner/cypress_runner.js:149915:3)\n    at retry (http://localhost:38461/__cypress/runner/cypress_runner.js:144197:19)\n    at onFailFn (http://localhost:38461/__cypress/runner/cypress_runner.js:132448:16)\n    at tryCatcher (http://localhost:38461/__cypress/runner/cypress_runner.js:167415:23)\n    at Promise._settlePromiseFromHandler (http://localhost:38461/__cypress/runner/cypress_runner.js:165351:31)\n    at Promise._settlePromise (http://localhost:38461/__cypress/runner/cypress_runner.js:165408:18)\n    at Promise._settlePromise0 (http://localhost:38461/__cypress/runner/cypress_runner.js:165453:10)\n    at Promise._settlePromises (http://localhost:38461/__cypress/runner/cypress_runner.js:165528:18)\n    at Async../node_modules/bluebird/js/release/async.js.Async._drainQueue (http://localhost:38461/__cypress/runner/cypress_runner.js:162140:16)\n    at Async../node_modules/bluebird/js/release/async.js.Async._drainQueues (http://localhost:38461/__cypress/runner/cypress_runner.js:162150:10)\n    at Async.drainQueues (http://localhost:38461/__cypress/runner/cypress_runner.js:162024:14)",
                "diff": null
              },
              "uuid": "59a0ddba-eb07-4870-8a33-7af75b10abb7",
              "parentUUID": "f2dc418c-ab79-4a46-bf3c-6d2b0cad7848",
              "isHook": false,
              "skipped": false
            },
            {
              "title": "Verifica se cada cor individual da paleta de cores possui a `classe` chamada `color`.",
              "fullTitle": "2 - Adicione à página uma paleta de quatro cores distintas. Verifica se cada cor individual da paleta de cores possui a `classe` chamada `color`.",
              "timedOut": null,
              "duration": 4240,
              "state": "failed",
              "speed": null,
              "pass": false,
              "fail": true,
              "pending": false,
              "context": null,
              "code": "cy.get('.color').should('have.length', 4).then(function (colors) {\n  for (var i = 0; i < colors.length; i++) {\n    cy.wrap(colors[i]).should('be.visible');\n  }\n});",
              "err": {
                "message": "CypressError: Timed out retrying: expected '<div.color.black.selected>' to be 'visible'\n\nThis element '<div.color.black.selected>' is not visible because it has an effective width and height of: '1350 x 0' pixels.",
                "estack": "CypressError: Timed out retrying: expected '<div.color.black.selected>' to be 'visible'\n\nThis element '<div.color.black.selected>' is not visible because it has an effective width and height of: '1350 x 0' pixels.\n    at cypressErr (http://localhost:38461/__cypress/runner/cypress_runner.js:149934:9)\n    at throwErr (http://localhost:38461/__cypress/runner/cypress_runner.js:149867:11)\n    at Object.throwErrByPath (http://localhost:38461/__cypress/runner/cypress_runner.js:149915:3)\n    at retry (http://localhost:38461/__cypress/runner/cypress_runner.js:144197:19)\n    at onFailFn (http://localhost:38461/__cypress/runner/cypress_runner.js:132448:16)\n    at tryCatcher (http://localhost:38461/__cypress/runner/cypress_runner.js:167415:23)\n    at Promise._settlePromiseFromHandler (http://localhost:38461/__cypress/runner/cypress_runner.js:165351:31)\n    at Promise._settlePromise (http://localhost:38461/__cypress/runner/cypress_runner.js:165408:18)\n    at Promise._settlePromise0 (http://localhost:38461/__cypress/runner/cypress_runner.js:165453:10)\n    at Promise._settlePromises (http://localhost:38461/__cypress/runner/cypress_runner.js:165528:18)\n    at Async../node_modules/bluebird/js/release/async.js.Async._drainQueue (http://localhost:38461/__cypress/runner/cypress_runner.js:162140:16)\n    at Async../node_modules/bluebird/js/release/async.js.Async._drainQueues (http://localhost:38461/__cypress/runner/cypress_runner.js:162150:10)\n    at Async.drainQueues (http://localhost:38461/__cypress/runner/cypress_runner.js:162024:14)",
                "diff": null
              },
              "uuid": "8b2f657f-7b41-431c-a432-460ae283c4da",
              "parentUUID": "f2dc418c-ab79-4a46-bf3c-6d2b0cad7848",
              "isHook": false,
              "skipped": false
            },
            {
              "title": "Verifica se a cor de fundo de cada elemento da paleta é a cor que o elemento representa. **A única cor não permitida na paleta é a cor branca.**",
              "fullTitle": "2 - Adicione à página uma paleta de quatro cores distintas. Verifica se a cor de fundo de cada elemento da paleta é a cor que o elemento representa. **A única cor não permitida na paleta é a cor branca.**",
              "timedOut": null,
              "duration": 110,
              "state": "passed",
              "speed": "slow",
              "pass": true,
              "fail": false,
              "pending": false,
              "context": null,
              "code": "cy.get('.color').each(function (color) {\n  cy.wrap(color).should('have.class', 'color').and('not.have.css', 'background-color', WHITE);\n  cy.wrap(color).should('have.css', 'background-color');\n});",
              "err": {},
              "uuid": "4c701df8-6fd8-4bb6-9605-6bcbdc3900b6",
              "parentUUID": "f2dc418c-ab79-4a46-bf3c-6d2b0cad7848",
              "isHook": false,
              "skipped": false
            },
            {
              "title": "Verifica se cada elemento da paleta de cores tem uma borda preta, sólida e com 1 pixel de largura;",
              "fullTitle": "2 - Adicione à página uma paleta de quatro cores distintas. Verifica se cada elemento da paleta de cores tem uma borda preta, sólida e com 1 pixel de largura;",
              "timedOut": null,
              "duration": 4186,
              "state": "failed",
              "speed": null,
              "pass": false,
              "fail": true,
              "pending": false,
              "context": null,
              "code": "cy.get('.color').each(function (color) {\n  cy.wrap(color).and('have.css', 'border', \"1px solid \".concat(BLACK)).and('have.class', 'color');\n});",
              "err": {
                "message": "CypressError: Timed out retrying: expected '<div.color.black.selected>' to have CSS property 'border' with the value '1px solid rgb(0, 0, 0)', but the value was '0px none rgb(0, 0, 0)'",
                "estack": "CypressError: Timed out retrying: expected '<div.color.black.selected>' to have CSS property 'border' with the value '1px solid rgb(0, 0, 0)', but the value was '0px none rgb(0, 0, 0)'\n    at cypressErr (http://localhost:38461/__cypress/runner/cypress_runner.js:149934:9)\n    at throwErr (http://localhost:38461/__cypress/runner/cypress_runner.js:149867:11)\n    at Object.throwErrByPath (http://localhost:38461/__cypress/runner/cypress_runner.js:149915:3)\n    at retry (http://localhost:38461/__cypress/runner/cypress_runner.js:144197:19)\n    at onFailFn (http://localhost:38461/__cypress/runner/cypress_runner.js:132448:16)\n    at tryCatcher (http://localhost:38461/__cypress/runner/cypress_runner.js:167415:23)\n    at Promise._settlePromiseFromHandler (http://localhost:38461/__cypress/runner/cypress_runner.js:165351:31)\n    at Promise._settlePromise (http://localhost:38461/__cypress/runner/cypress_runner.js:165408:18)\n    at Promise._settlePromise0 (http://localhost:38461/__cypress/runner/cypress_runner.js:165453:10)\n    at Promise._settlePromises (http://localhost:38461/__cypress/runner/cypress_runner.js:165528:18)\n    at Async../node_modules/bluebird/js/release/async.js.Async._drainQueue (http://localhost:38461/__cypress/runner/cypress_runner.js:162140:16)\n    at Async../node_modules/bluebird/js/release/async.js.Async._drainQueues (http://localhost:38461/__cypress/runner/cypress_runner.js:162150:10)\n    at Async.drainQueues (http://localhost:38461/__cypress/runner/cypress_runner.js:162024:14)",
                "diff": null
              },
              "uuid": "d3e3b1e2-a00b-4710-a870-3a4a6533830d",
              "parentUUID": "f2dc418c-ab79-4a46-bf3c-6d2b0cad7848",
              "isHook": false,
              "skipped": false
            },
            {
              "title": "Verifica se a paleta lista todas as cores disponíveis para utilização, lado a lado.",
              "fullTitle": "2 - Adicione à página uma paleta de quatro cores distintas. Verifica se a paleta lista todas as cores disponíveis para utilização, lado a lado.",
              "timedOut": null,
              "duration": 4284,
              "state": "failed",
              "speed": null,
              "pass": false,
              "fail": true,
              "pending": false,
              "context": null,
              "code": "cy.get('.color').then(function (colors) {\n  for (var index = 1; index < colors.length; index += 1) {\n    var currentColor = colors[index];\n    var previousColor = colors[index - 1];\n    cy.wrap(currentColor).should('be.onTheRightOf', previousColor).and('be.horizontallyAlignedWith', previousColor);\n  }\n});",
              "err": {
                "message": "CypressError: Timed out retrying: expected '<div.color.yellow>' to be on the right of <div class=\"color black selected\"></div>",
                "estack": "CypressError: Timed out retrying: expected '<div.color.yellow>' to be on the right of <div class=\"color black selected\"></div>\n    at cypressErr (http://localhost:38461/__cypress/runner/cypress_runner.js:149934:9)\n    at throwErr (http://localhost:38461/__cypress/runner/cypress_runner.js:149867:11)\n    at Object.throwErrByPath (http://localhost:38461/__cypress/runner/cypress_runner.js:149915:3)\n    at retry (http://localhost:38461/__cypress/runner/cypress_runner.js:144197:19)\n    at onFailFn (http://localhost:38461/__cypress/runner/cypress_runner.js:132448:16)\n    at tryCatcher (http://localhost:38461/__cypress/runner/cypress_runner.js:167415:23)\n    at Promise._settlePromiseFromHandler (http://localhost:38461/__cypress/runner/cypress_runner.js:165351:31)\n    at Promise._settlePromise (http://localhost:38461/__cypress/runner/cypress_runner.js:165408:18)\n    at Promise._settlePromise0 (http://localhost:38461/__cypress/runner/cypress_runner.js:165453:10)\n    at Promise._settlePromises (http://localhost:38461/__cypress/runner/cypress_runner.js:165528:18)\n    at Async../node_modules/bluebird/js/release/async.js.Async._drainQueue (http://localhost:38461/__cypress/runner/cypress_runner.js:162140:16)\n    at Async../node_modules/bluebird/js/release/async.js.Async._drainQueues (http://localhost:38461/__cypress/runner/cypress_runner.js:162150:10)\n    at Async.drainQueues (http://localhost:38461/__cypress/runner/cypress_runner.js:162024:14)",
                "diff": null
              },
              "uuid": "6a58fd49-3963-44ab-ab02-902e7fae24b4",
              "parentUUID": "f2dc418c-ab79-4a46-bf3c-6d2b0cad7848",
              "isHook": false,
              "skipped": false
            },
            {
              "title": "Verifica se a paleta de cores está posicionada abaixo do título 'Paleta de Cores'",
              "fullTitle": "2 - Adicione à página uma paleta de quatro cores distintas. Verifica se a paleta de cores está posicionada abaixo do título 'Paleta de Cores'",
              "timedOut": null,
              "duration": 225,
              "state": "passed",
              "speed": "slow",
              "pass": true,
              "fail": false,
              "pending": false,
              "context": null,
              "code": "cy.get('h1#title').then(function (title) {\n  cy.get('#color-palette').should('be.belowOf', title);\n});",
              "err": {},
              "uuid": "b734bde1-4104-47f1-b627-afd680faad86",
              "parentUUID": "f2dc418c-ab79-4a46-bf3c-6d2b0cad7848",
              "isHook": false,
              "skipped": false
            },
            {
              "title": "Verifica se a paleta de cores não contém cores repetidas.",
              "fullTitle": "2 - Adicione à página uma paleta de quatro cores distintas. Verifica se a paleta de cores não contém cores repetidas.",
              "timedOut": null,
              "duration": 244,
              "state": "failed",
              "speed": null,
              "pass": false,
              "fail": true,
              "pending": false,
              "context": null,
              "code": "cy.get('.color').then(function (colors) {\n  var allColors = Array.from(colors).map(function (color) {\n    return Cypress.$(color).css('background-color');\n  });\n  cy.log(allColors);\n  var uniqColors = (0, _toConsumableArray2[\"default\"])(new Set(allColors));\n  cy.log(uniqColors);\n  expect(allColors.length).to.eq(uniqColors.length);\n});",
              "err": {
                "message": "AssertionError: expected 4 to equal 1",
                "estack": "AssertionError: expected 4 to equal 1\n    at getRet (http://localhost:38461/__cypress/runner/cypress_runner.js:136585:16)\n    at tryCatcher (http://localhost:38461/__cypress/runner/cypress_runner.js:167415:23)\n    at Function.Promise.attempt.Promise.try (http://localhost:38461/__cypress/runner/cypress_runner.js:164690:29)\n    at Context.thenFn (http://localhost:38461/__cypress/runner/cypress_runner.js:136599:23)\n    at Context.then (http://localhost:38461/__cypress/runner/cypress_runner.js:136971:21)\n    at Context.<anonymous> (http://localhost:38461/__cypress/runner/cypress_runner.js:148875:21)\n    at http://localhost:38461/__cypress/runner/cypress_runner.js:148351:33\n    at tryCatcher (http://localhost:38461/__cypress/runner/cypress_runner.js:167415:23)\n    at Promise._settlePromiseFromHandler (http://localhost:38461/__cypress/runner/cypress_runner.js:165351:31)\n    at Promise._settlePromise (http://localhost:38461/__cypress/runner/cypress_runner.js:165408:18)\n    at Promise._settlePromiseCtx (http://localhost:38461/__cypress/runner/cypress_runner.js:165445:10)\n    at Async../node_modules/bluebird/js/release/async.js.Async._drainQueue (http://localhost:38461/__cypress/runner/cypress_runner.js:162145:12)\n    at Async../node_modules/bluebird/js/release/async.js.Async._drainQueues (http://localhost:38461/__cypress/runner/cypress_runner.js:162150:10)\n    at Async.drainQueues (http://localhost:38461/__cypress/runner/cypress_runner.js:162024:14)",
                "diff": "- 4\n+ 1\n"
              },
              "uuid": "0e3899b6-9486-49b3-8521-0854fcd61589",
              "parentUUID": "f2dc418c-ab79-4a46-bf3c-6d2b0cad7848",
              "isHook": false,
              "skipped": false
            }
          ],
          "suites": [],
          "passes": [
            "4c701df8-6fd8-4bb6-9605-6bcbdc3900b6",
            "b734bde1-4104-47f1-b627-afd680faad86"
          ],
          "failures": [
            "59a0ddba-eb07-4870-8a33-7af75b10abb7",
            "8b2f657f-7b41-431c-a432-460ae283c4da",
            "d3e3b1e2-a00b-4710-a870-3a4a6533830d",
            "6a58fd49-3963-44ab-ab02-902e7fae24b4",
            "0e3899b6-9486-49b3-8521-0854fcd61589"
          ],
          "pending": [],
          "skipped": [],
          "duration": 17537,
          "root": false,
          "rootEmpty": false,
          "_timeout": 2000
        },
        {
          "uuid": "ab9406c5-5285-4bbb-bd64-f58bfa6d9c2c",
          "title": "3 - Adicione a cor **preta** como a primeira cor da paleta de cores.",
          "fullFile": "",
          "file": "",
          "beforeHooks": [],
          "afterHooks": [],
          "tests": [
            {
              "title": "Verifica se a primeira cor da paleta é preta",
              "fullTitle": "3 - Adicione a cor **preta** como a primeira cor da paleta de cores. Verifica se a primeira cor da paleta é preta",
              "timedOut": null,
              "duration": 4265,
              "state": "failed",
              "speed": null,
              "pass": false,
              "fail": true,
              "pending": false,
              "context": null,
              "code": "cy.get('.color').first().should('have.css', 'background-color', BLACK);",
              "err": {
                "message": "CypressError: Timed out retrying: expected '<div.color.black.selected>' to have CSS property 'background-color' with the value 'rgb(0, 0, 0)', but the value was 'rgba(0, 0, 0, 0)'",
                "estack": "CypressError: Timed out retrying: expected '<div.color.black.selected>' to have CSS property 'background-color' with the value 'rgb(0, 0, 0)', but the value was 'rgba(0, 0, 0, 0)'\n    at cypressErr (http://localhost:38461/__cypress/runner/cypress_runner.js:149934:9)\n    at throwErr (http://localhost:38461/__cypress/runner/cypress_runner.js:149867:11)\n    at Object.throwErrByPath (http://localhost:38461/__cypress/runner/cypress_runner.js:149915:3)\n    at retry (http://localhost:38461/__cypress/runner/cypress_runner.js:144197:19)\n    at onFailFn (http://localhost:38461/__cypress/runner/cypress_runner.js:132448:16)\n    at tryCatcher (http://localhost:38461/__cypress/runner/cypress_runner.js:167415:23)\n    at Promise._settlePromiseFromHandler (http://localhost:38461/__cypress/runner/cypress_runner.js:165351:31)\n    at Promise._settlePromise (http://localhost:38461/__cypress/runner/cypress_runner.js:165408:18)\n    at Promise._settlePromise0 (http://localhost:38461/__cypress/runner/cypress_runner.js:165453:10)\n    at Promise._settlePromises (http://localhost:38461/__cypress/runner/cypress_runner.js:165528:18)\n    at Async../node_modules/bluebird/js/release/async.js.Async._drainQueue (http://localhost:38461/__cypress/runner/cypress_runner.js:162140:16)\n    at Async../node_modules/bluebird/js/release/async.js.Async._drainQueues (http://localhost:38461/__cypress/runner/cypress_runner.js:162150:10)\n    at Async.drainQueues (http://localhost:38461/__cypress/runner/cypress_runner.js:162024:14)",
                "diff": null
              },
              "uuid": "f845734a-916d-47ee-9b06-78f93592f667",
              "parentUUID": "ab9406c5-5285-4bbb-bd64-f58bfa6d9c2c",
              "isHook": false,
              "skipped": false
            },
            {
              "title": "Verifica se as demais cores podem ser escolhidas livremente.",
              "fullTitle": "3 - Adicione a cor **preta** como a primeira cor da paleta de cores. Verifica se as demais cores podem ser escolhidas livremente.",
              "timedOut": null,
              "duration": 4254,
              "state": "failed",
              "speed": null,
              "pass": false,
              "fail": true,
              "pending": false,
              "context": null,
              "code": "cy.get('.color').eq(1).should('not.have.css', 'background-color', BLACK);\ncy.get('.color').eq(1).should('not.have.css', 'background-color', WHITE);\ncy.get('.color').eq(1).should('not.have.css', 'background-color', 'rgba(0, 0, 0, 0)');\ncy.get('.color').eq(1).should('have.css', 'background-color');\ncy.get('.color').eq(2).should('not.have.css', 'background-color', BLACK);\ncy.get('.color').eq(2).should('not.have.css', 'background-color', WHITE);\ncy.get('.color').eq(2).should('not.have.css', 'background-color', 'rgba(0, 0, 0, 0)');\ncy.get('.color').eq(2).should('have.css', 'background-color');\ncy.get('.color').eq(3).should('not.have.css', 'background-color', BLACK);\ncy.get('.color').eq(3).should('not.have.css', 'background-color', WHITE);\ncy.get('.color').eq(3).should('not.have.css', 'background-color', 'rgba(0, 0, 0, 0)');\ncy.get('.color').eq(3).should('have.css', 'background-color');",
              "err": {
                "message": "CypressError: Timed out retrying: expected '<div.color.yellow>' not to have CSS property 'background-color' with the value 'rgba(0, 0, 0, 0)', but the value was 'rgba(0, 0, 0, 0)'",
                "estack": "CypressError: Timed out retrying: expected '<div.color.yellow>' not to have CSS property 'background-color' with the value 'rgba(0, 0, 0, 0)', but the value was 'rgba(0, 0, 0, 0)'\n    at cypressErr (http://localhost:38461/__cypress/runner/cypress_runner.js:149934:9)\n    at throwErr (http://localhost:38461/__cypress/runner/cypress_runner.js:149867:11)\n    at Object.throwErrByPath (http://localhost:38461/__cypress/runner/cypress_runner.js:149915:3)\n    at retry (http://localhost:38461/__cypress/runner/cypress_runner.js:144197:19)\n    at onFailFn (http://localhost:38461/__cypress/runner/cypress_runner.js:132448:16)\n    at tryCatcher (http://localhost:38461/__cypress/runner/cypress_runner.js:167415:23)\n    at Promise._settlePromiseFromHandler (http://localhost:38461/__cypress/runner/cypress_runner.js:165351:31)\n    at Promise._settlePromise (http://localhost:38461/__cypress/runner/cypress_runner.js:165408:18)\n    at Promise._settlePromise0 (http://localhost:38461/__cypress/runner/cypress_runner.js:165453:10)\n    at Promise._settlePromises (http://localhost:38461/__cypress/runner/cypress_runner.js:165528:18)\n    at Async../node_modules/bluebird/js/release/async.js.Async._drainQueue (http://localhost:38461/__cypress/runner/cypress_runner.js:162140:16)\n    at Async../node_modules/bluebird/js/release/async.js.Async._drainQueues (http://localhost:38461/__cypress/runner/cypress_runner.js:162150:10)\n    at Async.drainQueues (http://localhost:38461/__cypress/runner/cypress_runner.js:162024:14)",
                "diff": null
              },
              "uuid": "8bf0db83-a7eb-4765-8b99-45d2d0bc06ee",
              "parentUUID": "ab9406c5-5285-4bbb-bd64-f58bfa6d9c2c",
              "isHook": false,
              "skipped": false
            }
          ],
          "suites": [],
          "passes": [],
          "failures": [
            "f845734a-916d-47ee-9b06-78f93592f667",
            "8bf0db83-a7eb-4765-8b99-45d2d0bc06ee"
          ],
          "pending": [],
          "skipped": [],
          "duration": 8519,
          "root": false,
          "rootEmpty": false,
          "_timeout": 2000
        },
        {
          "uuid": "cc34ac56-0a88-4a23-8fe7-5f6b5bfb2d7c",
          "title": "4 - Adicione à página um quadro de pixels, com 25 pixels.",
          "fullFile": "",
          "file": "",
          "beforeHooks": [],
          "afterHooks": [],
          "tests": [
            {
              "title": "Verifica se o quadro de pixels possui o `id` denominado `pixel-board`",
              "fullTitle": "4 - Adicione à página um quadro de pixels, com 25 pixels. Verifica se o quadro de pixels possui o `id` denominado `pixel-board`",
              "timedOut": null,
              "duration": 4221,
              "state": "failed",
              "speed": null,
              "pass": false,
              "fail": true,
              "pending": false,
              "context": null,
              "code": "cy.get('#pixel-board').should('be.visible');",
              "err": {
                "message": "CypressError: Timed out retrying: expected '<div#pixel-board>' to be 'visible'\n\nThis element '<div#pixel-board>' is not visible because it has an effective width and height of: '1350 x 0' pixels.",
                "estack": "CypressError: Timed out retrying: expected '<div#pixel-board>' to be 'visible'\n\nThis element '<div#pixel-board>' is not visible because it has an effective width and height of: '1350 x 0' pixels.\n    at cypressErr (http://localhost:38461/__cypress/runner/cypress_runner.js:149934:9)\n    at throwErr (http://localhost:38461/__cypress/runner/cypress_runner.js:149867:11)\n    at Object.throwErrByPath (http://localhost:38461/__cypress/runner/cypress_runner.js:149915:3)\n    at retry (http://localhost:38461/__cypress/runner/cypress_runner.js:144197:19)\n    at onFailFn (http://localhost:38461/__cypress/runner/cypress_runner.js:132448:16)\n    at tryCatcher (http://localhost:38461/__cypress/runner/cypress_runner.js:167415:23)\n    at Promise._settlePromiseFromHandler (http://localhost:38461/__cypress/runner/cypress_runner.js:165351:31)\n    at Promise._settlePromise (http://localhost:38461/__cypress/runner/cypress_runner.js:165408:18)\n    at Promise._settlePromise0 (http://localhost:38461/__cypress/runner/cypress_runner.js:165453:10)\n    at Promise._settlePromises (http://localhost:38461/__cypress/runner/cypress_runner.js:165528:18)\n    at Async../node_modules/bluebird/js/release/async.js.Async._drainQueue (http://localhost:38461/__cypress/runner/cypress_runner.js:162140:16)\n    at Async../node_modules/bluebird/js/release/async.js.Async._drainQueues (http://localhost:38461/__cypress/runner/cypress_runner.js:162150:10)\n    at Async.drainQueues (http://localhost:38461/__cypress/runner/cypress_runner.js:162024:14)",
                "diff": null
              },
              "uuid": "f468913d-e6bf-401e-b860-c2aeced265a3",
              "parentUUID": "cc34ac56-0a88-4a23-8fe7-5f6b5bfb2d7c",
              "isHook": false,
              "skipped": false
            },
            {
              "title": "Verifica se cada pixel individual dentro do quadro possui a `classe` denominada `pixel`.",
              "fullTitle": "4 - Adicione à página um quadro de pixels, com 25 pixels. Verifica se cada pixel individual dentro do quadro possui a `classe` denominada `pixel`.",
              "timedOut": null,
              "duration": 102,
              "state": "passed",
              "speed": "slow",
              "pass": true,
              "fail": false,
              "pending": false,
              "context": null,
              "code": "cy.get('.pixel').should('have.length', 25);",
              "err": {},
              "uuid": "9002f19f-17e4-410b-8328-56f9d643b4b4",
              "parentUUID": "cc34ac56-0a88-4a23-8fe7-5f6b5bfb2d7c",
              "isHook": false,
              "skipped": false
            },
            {
              "title": "Verifica se a cor inicial dos pixels dentro do quadro, ao abrir a página, é branca.",
              "fullTitle": "4 - Adicione à página um quadro de pixels, com 25 pixels. Verifica se a cor inicial dos pixels dentro do quadro, ao abrir a página, é branca.",
              "timedOut": null,
              "duration": 204,
              "state": "failed",
              "speed": null,
              "pass": false,
              "fail": true,
              "pending": false,
              "context": null,
              "code": "cy.get('.pixel').should('have.length', 25).each(function (pixel) {\n  expect(pixel).to.have.css('background-color', WHITE);\n});",
              "err": {
                "message": "AssertionError: expected '<div.pixel>' to have CSS property 'background-color' with the value 'rgb(255, 255, 255)', but the value was 'rgba(0, 0, 0, 0)'",
                "estack": "AssertionError: expected '<div.pixel>' to have CSS property 'background-color' with the value 'rgb(255, 255, 255)', but the value was 'rgba(0, 0, 0, 0)'\n    at callback (http://localhost:38461/__cypress/runner/cypress_runner.js:136947:20)\n    at getRet (http://localhost:38461/__cypress/runner/cypress_runner.js:136585:16)\n    at tryCatcher (http://localhost:38461/__cypress/runner/cypress_runner.js:167415:23)\n    at Function.Promise.attempt.Promise.try (http://localhost:38461/__cypress/runner/cypress_runner.js:164690:29)\n    at thenFn (http://localhost:38461/__cypress/runner/cypress_runner.js:136599:23)\n    at yieldItem (http://localhost:38461/__cypress/runner/cypress_runner.js:136954:16)\n    at tryCatcher (http://localhost:38461/__cypress/runner/cypress_runner.js:167415:23)\n    at Object.gotValue (http://localhost:38461/__cypress/runner/cypress_runner.js:166557:18)\n    at Object.gotAccum (http://localhost:38461/__cypress/runner/cypress_runner.js:166546:25)\n    at Object.tryCatcher (http://localhost:38461/__cypress/runner/cypress_runner.js:167415:23)\n    at Promise._settlePromiseFromHandler (http://localhost:38461/__cypress/runner/cypress_runner.js:165351:31)\n    at Promise._settlePromise (http://localhost:38461/__cypress/runner/cypress_runner.js:165408:18)\n    at Promise._settlePromiseCtx (http://localhost:38461/__cypress/runner/cypress_runner.js:165445:10)\n    at Async../node_modules/bluebird/js/release/async.js.Async._drainQueue (http://localhost:38461/__cypress/runner/cypress_runner.js:162145:12)\n    at Async../node_modules/bluebird/js/release/async.js.Async._drainQueues (http://localhost:38461/__cypress/runner/cypress_runner.js:162150:10)\n    at Async.drainQueues (http://localhost:38461/__cypress/runner/cypress_runner.js:162024:14)",
                "diff": "- 'rgba(0, 0, 0, 0)'\n+ 'rgb(255, 255, 255)'\n"
              },
              "uuid": "36b69ec5-21d2-495e-afdc-b072f35e8d74",
              "parentUUID": "cc34ac56-0a88-4a23-8fe7-5f6b5bfb2d7c",
              "isHook": false,
              "skipped": false
            },
            {
              "title": "Verifica se o quadro de pixels aparece abaixo da paleta de cores",
              "fullTitle": "4 - Adicione à página um quadro de pixels, com 25 pixels. Verifica se o quadro de pixels aparece abaixo da paleta de cores",
              "timedOut": null,
              "duration": 82,
              "state": "passed",
              "speed": "slow",
              "pass": true,
              "fail": false,
              "pending": false,
              "context": null,
              "code": "cy.get('#color-palette').then(function (palette) {\n  cy.get('#pixel-board').should('be.belowOf', palette);\n});",
              "err": {},
              "uuid": "994ef446-b8c4-4cc2-bb26-b493b21566c2",
              "parentUUID": "cc34ac56-0a88-4a23-8fe7-5f6b5bfb2d7c",
              "isHook": false,
              "skipped": false
            }
          ],
          "suites": [],
          "passes": [
            "9002f19f-17e4-410b-8328-56f9d643b4b4",
            "994ef446-b8c4-4cc2-bb26-b493b21566c2"
          ],
          "failures": [
            "f468913d-e6bf-401e-b860-c2aeced265a3",
            "36b69ec5-21d2-495e-afdc-b072f35e8d74"
          ],
          "pending": [],
          "skipped": [],
          "duration": 4609,
          "root": false,
          "rootEmpty": false,
          "_timeout": 2000
        },
        {
          "uuid": "16ca3a26-0b3e-49c8-8927-f1b2c7d98c87",
          "title": "5 - Faça com que cada elemento do quadro de pixels possua 40 pixels de largura, 40 pixels de altura e seja delimitado por uma borda preta de 1 pixel.",
          "fullFile": "",
          "file": "",
          "beforeHooks": [],
          "afterHooks": [],
          "tests": [
            {
              "title": "Verifica se o quadro de pixels tem altura e comprimento de 5 elementos",
              "fullTitle": "5 - Faça com que cada elemento do quadro de pixels possua 40 pixels de largura, 40 pixels de altura e seja delimitado por uma borda preta de 1 pixel. Verifica se o quadro de pixels tem altura e comprimento de 5 elementos",
              "timedOut": null,
              "duration": 219,
              "state": "failed",
              "speed": null,
              "pass": false,
              "fail": true,
              "pending": false,
              "context": null,
              "code": "cy.get('.pixel').should('have.length', 25).each(function (pixel) {\n  expect(pixel).to.have.css('background-color', WHITE);\n}).and(function (pixels) {\n  var rows = chunk(pixels, 5);\n  rows.forEach(function (row) {\n    for (var index = 1; index < row.length; index += 1) {\n      var current = pixels[index];\n      var previous = pixels[index - 1];\n      cy.wrap(current).should('be.onTheRightOf', previous).and('be.horizontallyAlignedWith', previous);\n    }\n  });\n  for (var index = 1; index < 5; index += 1) {\n    expect(pixels[index * 5]).to.be.belowOf(pixels[(index - 1) * 5]);\n  }\n});",
              "err": {
                "message": "AssertionError: expected '<div.pixel>' to have CSS property 'background-color' with the value 'rgb(255, 255, 255)', but the value was 'rgba(0, 0, 0, 0)'",
                "estack": "AssertionError: expected '<div.pixel>' to have CSS property 'background-color' with the value 'rgb(255, 255, 255)', but the value was 'rgba(0, 0, 0, 0)'\n    at callback (http://localhost:38461/__cypress/runner/cypress_runner.js:136947:20)\n    at getRet (http://localhost:38461/__cypress/runner/cypress_runner.js:136585:16)\n    at tryCatcher (http://localhost:38461/__cypress/runner/cypress_runner.js:167415:23)\n    at Function.Promise.attempt.Promise.try (http://localhost:38461/__cypress/runner/cypress_runner.js:164690:29)\n    at thenFn (http://localhost:38461/__cypress/runner/cypress_runner.js:136599:23)\n    at yieldItem (http://localhost:38461/__cypress/runner/cypress_runner.js:136954:16)\n    at tryCatcher (http://localhost:38461/__cypress/runner/cypress_runner.js:167415:23)\n    at Object.gotValue (http://localhost:38461/__cypress/runner/cypress_runner.js:166557:18)\n    at Object.gotAccum (http://localhost:38461/__cypress/runner/cypress_runner.js:166546:25)\n    at Object.tryCatcher (http://localhost:38461/__cypress/runner/cypress_runner.js:167415:23)\n    at Promise._settlePromiseFromHandler (http://localhost:38461/__cypress/runner/cypress_runner.js:165351:31)\n    at Promise._settlePromise (http://localhost:38461/__cypress/runner/cypress_runner.js:165408:18)\n    at Promise._settlePromiseCtx (http://localhost:38461/__cypress/runner/cypress_runner.js:165445:10)\n    at Async../node_modules/bluebird/js/release/async.js.Async._drainQueue (http://localhost:38461/__cypress/runner/cypress_runner.js:162145:12)\n    at Async../node_modules/bluebird/js/release/async.js.Async._drainQueues (http://localhost:38461/__cypress/runner/cypress_runner.js:162150:10)\n    at Async.drainQueues (http://localhost:38461/__cypress/runner/cypress_runner.js:162024:14)",
                "diff": "- 'rgba(0, 0, 0, 0)'\n+ 'rgb(255, 255, 255)'\n"
              },
              "uuid": "a704d166-0ed0-405a-87cc-c98b997ea4d2",
              "parentUUID": "16ca3a26-0b3e-49c8-8927-f1b2c7d98c87",
              "isHook": false,
              "skipped": false
            },
            {
              "title": "Verifica se 40 pixels é o tamanho total do elemento, incluindo seu conteúdo e excluindo a borda preta, que deve ser criada à parte.",
              "fullTitle": "5 - Faça com que cada elemento do quadro de pixels possua 40 pixels de largura, 40 pixels de altura e seja delimitado por uma borda preta de 1 pixel. Verifica se 40 pixels é o tamanho total do elemento, incluindo seu conteúdo e excluindo a borda preta, que deve ser criada à parte.",
              "timedOut": null,
              "duration": 4231,
              "state": "failed",
              "speed": null,
              "pass": false,
              "fail": true,
              "pending": false,
              "context": null,
              "code": "cy.get('.pixel').each(function (pixel) {\n  cy.wrap(pixel).should('have.css', 'height', '40px').and('have.css', 'width', '40px').and('have.css', 'border', \"1px solid \".concat(BLACK));\n});",
              "err": {
                "message": "CypressError: Timed out retrying: expected '<div.pixel>' to have CSS property 'height' with the value '40px', but the value was '0px'",
                "estack": "CypressError: Timed out retrying: expected '<div.pixel>' to have CSS property 'height' with the value '40px', but the value was '0px'\n    at cypressErr (http://localhost:38461/__cypress/runner/cypress_runner.js:149934:9)\n    at throwErr (http://localhost:38461/__cypress/runner/cypress_runner.js:149867:11)\n    at Object.throwErrByPath (http://localhost:38461/__cypress/runner/cypress_runner.js:149915:3)\n    at retry (http://localhost:38461/__cypress/runner/cypress_runner.js:144197:19)\n    at onFailFn (http://localhost:38461/__cypress/runner/cypress_runner.js:132448:16)\n    at tryCatcher (http://localhost:38461/__cypress/runner/cypress_runner.js:167415:23)\n    at Promise._settlePromiseFromHandler (http://localhost:38461/__cypress/runner/cypress_runner.js:165351:31)\n    at Promise._settlePromise (http://localhost:38461/__cypress/runner/cypress_runner.js:165408:18)\n    at Promise._settlePromise0 (http://localhost:38461/__cypress/runner/cypress_runner.js:165453:10)\n    at Promise._settlePromises (http://localhost:38461/__cypress/runner/cypress_runner.js:165528:18)\n    at Async../node_modules/bluebird/js/release/async.js.Async._drainQueue (http://localhost:38461/__cypress/runner/cypress_runner.js:162140:16)\n    at Async../node_modules/bluebird/js/release/async.js.Async._drainQueues (http://localhost:38461/__cypress/runner/cypress_runner.js:162150:10)\n    at Async.drainQueues (http://localhost:38461/__cypress/runner/cypress_runner.js:162024:14)",
                "diff": null
              },
              "uuid": "ccc815a6-999b-42e9-801a-6babb7e256c6",
              "parentUUID": "16ca3a26-0b3e-49c8-8927-f1b2c7d98c87",
              "isHook": false,
              "skipped": false
            }
          ],
          "suites": [],
          "passes": [],
          "failures": [
            "a704d166-0ed0-405a-87cc-c98b997ea4d2",
            "ccc815a6-999b-42e9-801a-6babb7e256c6"
          ],
          "pending": [],
          "skipped": [],
          "duration": 4450,
          "root": false,
          "rootEmpty": false,
          "_timeout": 2000
        },
        {
          "uuid": "65bc4a43-dc9f-4638-abde-d5c92fda830c",
          "title": "6 - Defina a cor preta como cor inicial. Ao carregar a página a cor preta já deve estar selecionada para pintar os pixels",
          "fullFile": "",
          "file": "",
          "beforeHooks": [],
          "afterHooks": [],
          "tests": [
            {
              "title": "Verifica se o elemento da cor preta possui, inicialmente, a `classe` `selected`",
              "fullTitle": "6 - Defina a cor preta como cor inicial. Ao carregar a página a cor preta já deve estar selecionada para pintar os pixels Verifica se o elemento da cor preta possui, inicialmente, a `classe` `selected`",
              "timedOut": null,
              "duration": 4207,
              "state": "failed",
              "speed": null,
              "pass": false,
              "fail": true,
              "pending": false,
              "context": null,
              "code": "cy.get('.selected').first().should('have.css', 'background-color', BLACK);",
              "err": {
                "message": "CypressError: Timed out retrying: expected '<div.color.black.selected>' to have CSS property 'background-color' with the value 'rgb(0, 0, 0)', but the value was 'rgba(0, 0, 0, 0)'",
                "estack": "CypressError: Timed out retrying: expected '<div.color.black.selected>' to have CSS property 'background-color' with the value 'rgb(0, 0, 0)', but the value was 'rgba(0, 0, 0, 0)'\n    at cypressErr (http://localhost:38461/__cypress/runner/cypress_runner.js:149934:9)\n    at throwErr (http://localhost:38461/__cypress/runner/cypress_runner.js:149867:11)\n    at Object.throwErrByPath (http://localhost:38461/__cypress/runner/cypress_runner.js:149915:3)\n    at retry (http://localhost:38461/__cypress/runner/cypress_runner.js:144197:19)\n    at onFailFn (http://localhost:38461/__cypress/runner/cypress_runner.js:132448:16)\n    at tryCatcher (http://localhost:38461/__cypress/runner/cypress_runner.js:167415:23)\n    at Promise._settlePromiseFromHandler (http://localhost:38461/__cypress/runner/cypress_runner.js:165351:31)\n    at Promise._settlePromise (http://localhost:38461/__cypress/runner/cypress_runner.js:165408:18)\n    at Promise._settlePromise0 (http://localhost:38461/__cypress/runner/cypress_runner.js:165453:10)\n    at Promise._settlePromises (http://localhost:38461/__cypress/runner/cypress_runner.js:165528:18)\n    at Async../node_modules/bluebird/js/release/async.js.Async._drainQueue (http://localhost:38461/__cypress/runner/cypress_runner.js:162140:16)\n    at Async../node_modules/bluebird/js/release/async.js.Async._drainQueues (http://localhost:38461/__cypress/runner/cypress_runner.js:162150:10)\n    at Async.drainQueues (http://localhost:38461/__cypress/runner/cypress_runner.js:162024:14)",
                "diff": null
              },
              "uuid": "8aa1a305-2c17-46e0-980d-428679ed24b0",
              "parentUUID": "65bc4a43-dc9f-4638-abde-d5c92fda830c",
              "isHook": false,
              "skipped": false
            },
            {
              "title": "Verifica se nenhuma outra cor da paleta tem a `classe` `selected`",
              "fullTitle": "6 - Defina a cor preta como cor inicial. Ao carregar a página a cor preta já deve estar selecionada para pintar os pixels Verifica se nenhuma outra cor da paleta tem a `classe` `selected`",
              "timedOut": null,
              "duration": 110,
              "state": "passed",
              "speed": "slow",
              "pass": true,
              "fail": false,
              "pending": false,
              "context": null,
              "code": "cy.get('.color:not(:first-child)').each(function (color) {\n  cy.wrap(color).should('not.have.class', 'selected');\n});",
              "err": {},
              "uuid": "6cbe66e2-0d31-4589-8bec-037afe4892fa",
              "parentUUID": "65bc4a43-dc9f-4638-abde-d5c92fda830c",
              "isHook": false,
              "skipped": false
            }
          ],
          "suites": [],
          "passes": [
            "6cbe66e2-0d31-4589-8bec-037afe4892fa"
          ],
          "failures": [
            "8aa1a305-2c17-46e0-980d-428679ed24b0"
          ],
          "pending": [],
          "skipped": [],
          "duration": 4317,
          "root": false,
          "rootEmpty": false,
          "_timeout": 2000
        },
        {
          "uuid": "34cf5990-0848-49b0-a542-e7217b5317c4",
          "title": "7 - Clicar em uma das cores da paleta, faz com que ela seja selecionada e utilizada para preencher os pixels no quadro.",
          "fullFile": "",
          "file": "",
          "beforeHooks": [],
          "afterHooks": [],
          "tests": [
            {
              "title": "Verifica se somente uma cor da paleta de cores tem a classe `selected` de cada vez",
              "fullTitle": "7 - Clicar em uma das cores da paleta, faz com que ela seja selecionada e utilizada para preencher os pixels no quadro. Verifica se somente uma cor da paleta de cores tem a classe `selected` de cada vez",
              "timedOut": null,
              "duration": 4282,
              "state": "failed",
              "speed": null,
              "pass": false,
              "fail": true,
              "pending": false,
              "context": null,
              "code": "cy.get('.color').each(function (selectedColor, selectedColorIndex) {\n  cy.wrap(selectedColor).click();\n  cy.get('.color').each(function (color, colorIndex) {\n    if (colorIndex === selectedColorIndex) {\n      expect(color).to.have[\"class\"]('selected');\n    } else {\n      expect(color).not.to.have[\"class\"]('selected');\n    }\n  });\n});",
              "err": {
                "message": "CypressError: Timed out retrying: cy.click() failed because this element is not visible:\n\n<div class=\"color black selected\"></div>\n\nThis element '<div.color.black.selected>' is not visible because it has an effective width and height of: '1350 x 0' pixels.\n\nFix this problem, or use {force: true} to disable error checking.\n\nhttps://on.cypress.io/element-cannot-be-interacted-with",
                "estack": "CypressError: Timed out retrying: cy.click() failed because this element is not visible:\n\n<div class=\"color black selected\"></div>\n\nThis element '<div.color.black.selected>' is not visible because it has an effective width and height of: '1350 x 0' pixels.\n\nFix this problem, or use {force: true} to disable error checking.\n\nhttps://on.cypress.io/element-cannot-be-interacted-with\n    at cypressErr (http://localhost:38461/__cypress/runner/cypress_runner.js:149934:9)\n    at throwErr (http://localhost:38461/__cypress/runner/cypress_runner.js:149867:11)\n    at Object.throwErrByPath (http://localhost:38461/__cypress/runner/cypress_runner.js:149915:3)\n    at Object.retry (http://localhost:38461/__cypress/runner/cypress_runner.js:144197:19)\n    at retryActionability (http://localhost:38461/__cypress/runner/cypress_runner.js:132052:19)\n    at tryCatcher (http://localhost:38461/__cypress/runner/cypress_runner.js:167415:23)\n    at Function.Promise.attempt.Promise.try (http://localhost:38461/__cypress/runner/cypress_runner.js:164690:29)\n    at tryFn (http://localhost:38461/__cypress/runner/cypress_runner.js:144661:21)\n    at whenStable (http://localhost:38461/__cypress/runner/cypress_runner.js:144696:12)\n    at http://localhost:38461/__cypress/runner/cypress_runner.js:144240:16\n    at tryCatcher (http://localhost:38461/__cypress/runner/cypress_runner.js:167415:23)\n    at Promise._settlePromiseFromHandler (http://localhost:38461/__cypress/runner/cypress_runner.js:165351:31)\n    at Promise._settlePromise (http://localhost:38461/__cypress/runner/cypress_runner.js:165408:18)\n    at Promise._settlePromise0 (http://localhost:38461/__cypress/runner/cypress_runner.js:165453:10)\n    at Promise._settlePromises (http://localhost:38461/__cypress/runner/cypress_runner.js:165532:18)\n    at Promise._fulfill (http://localhost:38461/__cypress/runner/cypress_runner.js:165477:18)",
                "diff": null
              },
              "uuid": "6ddf5f19-6bfd-4014-b497-645a69997ab5",
              "parentUUID": "34cf5990-0848-49b0-a542-e7217b5317c4",
              "isHook": false,
              "skipped": false
            },
            {
              "title": "Verifica se os pixels dentro do quadro não têm a classe `selected` quando são clicados",
              "fullTitle": "7 - Clicar em uma das cores da paleta, faz com que ela seja selecionada e utilizada para preencher os pixels no quadro. Verifica se os pixels dentro do quadro não têm a classe `selected` quando são clicados",
              "timedOut": null,
              "duration": 4319,
              "state": "failed",
              "speed": null,
              "pass": false,
              "fail": true,
              "pending": false,
              "context": null,
              "code": "cy.get('.color').each(function (color) {\n  var backgroundColor = color.css('background-color');\n  cy.wrap(color).click();\n  cy.get('.pixel').each(function (pixel) {\n    cy.wrap(pixel).click().should('not.have.class', 'selected');\n  });\n});",
              "err": {
                "message": "CypressError: Timed out retrying: cy.click() failed because this element is not visible:\n\n<div class=\"color black selected\"></div>\n\nThis element '<div.color.black.selected>' is not visible because it has an effective width and height of: '1350 x 0' pixels.\n\nFix this problem, or use {force: true} to disable error checking.\n\nhttps://on.cypress.io/element-cannot-be-interacted-with",
                "estack": "CypressError: Timed out retrying: cy.click() failed because this element is not visible:\n\n<div class=\"color black selected\"></div>\n\nThis element '<div.color.black.selected>' is not visible because it has an effective width and height of: '1350 x 0' pixels.\n\nFix this problem, or use {force: true} to disable error checking.\n\nhttps://on.cypress.io/element-cannot-be-interacted-with\n    at cypressErr (http://localhost:38461/__cypress/runner/cypress_runner.js:149934:9)\n    at throwErr (http://localhost:38461/__cypress/runner/cypress_runner.js:149867:11)\n    at Object.throwErrByPath (http://localhost:38461/__cypress/runner/cypress_runner.js:149915:3)\n    at Object.retry (http://localhost:38461/__cypress/runner/cypress_runner.js:144197:19)\n    at retryActionability (http://localhost:38461/__cypress/runner/cypress_runner.js:132052:19)\n    at tryCatcher (http://localhost:38461/__cypress/runner/cypress_runner.js:167415:23)\n    at Function.Promise.attempt.Promise.try (http://localhost:38461/__cypress/runner/cypress_runner.js:164690:29)\n    at tryFn (http://localhost:38461/__cypress/runner/cypress_runner.js:144661:21)\n    at whenStable (http://localhost:38461/__cypress/runner/cypress_runner.js:144696:12)\n    at http://localhost:38461/__cypress/runner/cypress_runner.js:144240:16\n    at tryCatcher (http://localhost:38461/__cypress/runner/cypress_runner.js:167415:23)\n    at Promise._settlePromiseFromHandler (http://localhost:38461/__cypress/runner/cypress_runner.js:165351:31)\n    at Promise._settlePromise (http://localhost:38461/__cypress/runner/cypress_runner.js:165408:18)\n    at Promise._settlePromise0 (http://localhost:38461/__cypress/runner/cypress_runner.js:165453:10)\n    at Promise._settlePromises (http://localhost:38461/__cypress/runner/cypress_runner.js:165532:18)\n    at Promise._fulfill (http://localhost:38461/__cypress/runner/cypress_runner.js:165477:18)",
                "diff": null
              },
              "uuid": "d56b28bb-dd57-4a27-aff1-df472f6f90c2",
              "parentUUID": "34cf5990-0848-49b0-a542-e7217b5317c4",
              "isHook": false,
              "skipped": false
            }
          ],
          "suites": [],
          "passes": [],
          "failures": [
            "6ddf5f19-6bfd-4014-b497-645a69997ab5",
            "d56b28bb-dd57-4a27-aff1-df472f6f90c2"
          ],
          "pending": [],
          "skipped": [],
          "duration": 8601,
          "root": false,
          "rootEmpty": false,
          "_timeout": 2000
        },
        {
          "uuid": "f37f5c2d-b979-4625-9245-b0a2f99a5ba7",
          "title": "8 - Clicar em um pixel dentro do quadro após selecionar uma cor na paleta, faz com que o pixel seja preenchido com a cor selecionada.",
          "fullFile": "",
          "file": "",
          "beforeHooks": [],
          "afterHooks": [],
          "tests": [
            {
              "title": "Verifica se ao carregar a página deve ser possível pintar os pixels de preto",
              "fullTitle": "8 - Clicar em um pixel dentro do quadro após selecionar uma cor na paleta, faz com que o pixel seja preenchido com a cor selecionada. Verifica se ao carregar a página deve ser possível pintar os pixels de preto",
              "timedOut": null,
              "duration": 4308,
              "state": "failed",
              "speed": null,
              "pass": false,
              "fail": true,
              "pending": false,
              "context": null,
              "code": "cy.get('.pixel').each(function (pixel) {\n  cy.wrap(pixel).click().should('have.css', 'background-color', BLACK);\n});",
              "err": {
                "message": "CypressError: Timed out retrying: cy.click() failed because this element is not visible:\n\n<div class=\"pixel\"></div>\n\nThis element '<div.pixel>' is not visible because it has an effective width and height of: '1350 x 0' pixels.\n\nFix this problem, or use {force: true} to disable error checking.\n\nhttps://on.cypress.io/element-cannot-be-interacted-with",
                "estack": "CypressError: Timed out retrying: cy.click() failed because this element is not visible:\n\n<div class=\"pixel\"></div>\n\nThis element '<div.pixel>' is not visible because it has an effective width and height of: '1350 x 0' pixels.\n\nFix this problem, or use {force: true} to disable error checking.\n\nhttps://on.cypress.io/element-cannot-be-interacted-with\n    at cypressErr (http://localhost:38461/__cypress/runner/cypress_runner.js:149934:9)\n    at throwErr (http://localhost:38461/__cypress/runner/cypress_runner.js:149867:11)\n    at Object.throwErrByPath (http://localhost:38461/__cypress/runner/cypress_runner.js:149915:3)\n    at Object.retry (http://localhost:38461/__cypress/runner/cypress_runner.js:144197:19)\n    at retryActionability (http://localhost:38461/__cypress/runner/cypress_runner.js:132052:19)\n    at tryCatcher (http://localhost:38461/__cypress/runner/cypress_runner.js:167415:23)\n    at Function.Promise.attempt.Promise.try (http://localhost:38461/__cypress/runner/cypress_runner.js:164690:29)\n    at tryFn (http://localhost:38461/__cypress/runner/cypress_runner.js:144661:21)\n    at whenStable (http://localhost:38461/__cypress/runner/cypress_runner.js:144696:12)\n    at http://localhost:38461/__cypress/runner/cypress_runner.js:144240:16\n    at tryCatcher (http://localhost:38461/__cypress/runner/cypress_runner.js:167415:23)\n    at Promise._settlePromiseFromHandler (http://localhost:38461/__cypress/runner/cypress_runner.js:165351:31)\n    at Promise._settlePromise (http://localhost:38461/__cypress/runner/cypress_runner.js:165408:18)\n    at Promise._settlePromise0 (http://localhost:38461/__cypress/runner/cypress_runner.js:165453:10)\n    at Promise._settlePromises (http://localhost:38461/__cypress/runner/cypress_runner.js:165532:18)\n    at Promise._fulfill (http://localhost:38461/__cypress/runner/cypress_runner.js:165477:18)",
                "diff": null
              },
              "uuid": "b10d5356-88d9-4e32-be2b-cfca07c95bc3",
              "parentUUID": "f37f5c2d-b979-4625-9245-b0a2f99a5ba7",
              "isHook": false,
              "skipped": false
            },
            {
              "title": "Verifica se após selecionar uma outra cor na paleta, é possível pintar os pixels com essa cor",
              "fullTitle": "8 - Clicar em um pixel dentro do quadro após selecionar uma cor na paleta, faz com que o pixel seja preenchido com a cor selecionada. Verifica se após selecionar uma outra cor na paleta, é possível pintar os pixels com essa cor",
              "timedOut": null,
              "duration": 4304,
              "state": "failed",
              "speed": null,
              "pass": false,
              "fail": true,
              "pending": false,
              "context": null,
              "code": "cy.get('.color').each(function (color) {\n  var backgroundColor = color.css('background-color');\n  cy.wrap(color).click();\n  cy.get('.pixel').each(function (pixel) {\n    cy.wrap(pixel).click().should('have.css', 'background-color', backgroundColor);\n  });\n});",
              "err": {
                "message": "CypressError: Timed out retrying: cy.click() failed because this element is not visible:\n\n<div class=\"color black selected\"></div>\n\nThis element '<div.color.black.selected>' is not visible because it has an effective width and height of: '1350 x 0' pixels.\n\nFix this problem, or use {force: true} to disable error checking.\n\nhttps://on.cypress.io/element-cannot-be-interacted-with",
                "estack": "CypressError: Timed out retrying: cy.click() failed because this element is not visible:\n\n<div class=\"color black selected\"></div>\n\nThis element '<div.color.black.selected>' is not visible because it has an effective width and height of: '1350 x 0' pixels.\n\nFix this problem, or use {force: true} to disable error checking.\n\nhttps://on.cypress.io/element-cannot-be-interacted-with\n    at cypressErr (http://localhost:38461/__cypress/runner/cypress_runner.js:149934:9)\n    at throwErr (http://localhost:38461/__cypress/runner/cypress_runner.js:149867:11)\n    at Object.throwErrByPath (http://localhost:38461/__cypress/runner/cypress_runner.js:149915:3)\n    at Object.retry (http://localhost:38461/__cypress/runner/cypress_runner.js:144197:19)\n    at retryActionability (http://localhost:38461/__cypress/runner/cypress_runner.js:132052:19)\n    at tryCatcher (http://localhost:38461/__cypress/runner/cypress_runner.js:167415:23)\n    at Function.Promise.attempt.Promise.try (http://localhost:38461/__cypress/runner/cypress_runner.js:164690:29)\n    at tryFn (http://localhost:38461/__cypress/runner/cypress_runner.js:144661:21)\n    at whenStable (http://localhost:38461/__cypress/runner/cypress_runner.js:144696:12)\n    at http://localhost:38461/__cypress/runner/cypress_runner.js:144240:16\n    at tryCatcher (http://localhost:38461/__cypress/runner/cypress_runner.js:167415:23)\n    at Promise._settlePromiseFromHandler (http://localhost:38461/__cypress/runner/cypress_runner.js:165351:31)\n    at Promise._settlePromise (http://localhost:38461/__cypress/runner/cypress_runner.js:165408:18)\n    at Promise._settlePromise0 (http://localhost:38461/__cypress/runner/cypress_runner.js:165453:10)\n    at Promise._settlePromises (http://localhost:38461/__cypress/runner/cypress_runner.js:165532:18)\n    at Promise._fulfill (http://localhost:38461/__cypress/runner/cypress_runner.js:165477:18)",
                "diff": null
              },
              "uuid": "74758be7-bb63-4744-b4c9-d30d782a5565",
              "parentUUID": "f37f5c2d-b979-4625-9245-b0a2f99a5ba7",
              "isHook": false,
              "skipped": false
            },
            {
              "title": "Verifica se somente o pixel que foi clicado foi preenchido com a cor selecionada, sem influenciar na cor dos demais pixels.",
              "fullTitle": "8 - Clicar em um pixel dentro do quadro após selecionar uma cor na paleta, faz com que o pixel seja preenchido com a cor selecionada. Verifica se somente o pixel que foi clicado foi preenchido com a cor selecionada, sem influenciar na cor dos demais pixels.",
              "timedOut": null,
              "duration": 4352,
              "state": "failed",
              "speed": null,
              "pass": false,
              "fail": true,
              "pending": false,
              "context": null,
              "code": "var colorToPixelIndexMap = {\n  0: 6,\n  1: 8,\n  2: 16,\n  3: 18\n};\ncy.get('.color').each(function (color, index) {\n  cy.wrap(color).click();\n  var backgroundColor = color.css('background-color');\n  var clickedPixelIndex = colorToPixelIndexMap[index];\n  cy.get('.pixel').eq(clickedPixelIndex).click();\n  cy.get('.pixel').eq(clickedPixelIndex - 1).should('not.have.css', 'background-color', backgroundColor);\n  cy.get('.pixel').eq(clickedPixelIndex + 1).should('not.have.css', 'background-color', backgroundColor);\n  cy.get('.pixel').eq(clickedPixelIndex - 5).should('not.have.css', 'background-color', backgroundColor);\n  cy.get('.pixel').eq(clickedPixelIndex + 5).should('not.have.css', 'background-color', backgroundColor);\n  cy.get('.pixel').eq(clickedPixelIndex - 6).should('not.have.css', 'background-color', backgroundColor);\n  cy.get('.pixel').eq(clickedPixelIndex - 4).should('not.have.css', 'background-color', backgroundColor);\n  cy.get('.pixel').eq(clickedPixelIndex + 4).should('not.have.css', 'background-color', backgroundColor);\n  cy.get('.pixel').eq(clickedPixelIndex + 6).should('not.have.css', 'background-color', backgroundColor);\n});",
              "err": {
                "message": "CypressError: Timed out retrying: cy.click() failed because this element is not visible:\n\n<div class=\"color black selected\"></div>\n\nThis element '<div.color.black.selected>' is not visible because it has an effective width and height of: '1350 x 0' pixels.\n\nFix this problem, or use {force: true} to disable error checking.\n\nhttps://on.cypress.io/element-cannot-be-interacted-with",
                "estack": "CypressError: Timed out retrying: cy.click() failed because this element is not visible:\n\n<div class=\"color black selected\"></div>\n\nThis element '<div.color.black.selected>' is not visible because it has an effective width and height of: '1350 x 0' pixels.\n\nFix this problem, or use {force: true} to disable error checking.\n\nhttps://on.cypress.io/element-cannot-be-interacted-with\n    at cypressErr (http://localhost:38461/__cypress/runner/cypress_runner.js:149934:9)\n    at throwErr (http://localhost:38461/__cypress/runner/cypress_runner.js:149867:11)\n    at Object.throwErrByPath (http://localhost:38461/__cypress/runner/cypress_runner.js:149915:3)\n    at Object.retry (http://localhost:38461/__cypress/runner/cypress_runner.js:144197:19)\n    at retryActionability (http://localhost:38461/__cypress/runner/cypress_runner.js:132052:19)\n    at tryCatcher (http://localhost:38461/__cypress/runner/cypress_runner.js:167415:23)\n    at Function.Promise.attempt.Promise.try (http://localhost:38461/__cypress/runner/cypress_runner.js:164690:29)\n    at tryFn (http://localhost:38461/__cypress/runner/cypress_runner.js:144661:21)\n    at whenStable (http://localhost:38461/__cypress/runner/cypress_runner.js:144696:12)\n    at http://localhost:38461/__cypress/runner/cypress_runner.js:144240:16\n    at tryCatcher (http://localhost:38461/__cypress/runner/cypress_runner.js:167415:23)\n    at Promise._settlePromiseFromHandler (http://localhost:38461/__cypress/runner/cypress_runner.js:165351:31)\n    at Promise._settlePromise (http://localhost:38461/__cypress/runner/cypress_runner.js:165408:18)\n    at Promise._settlePromise0 (http://localhost:38461/__cypress/runner/cypress_runner.js:165453:10)\n    at Promise._settlePromises (http://localhost:38461/__cypress/runner/cypress_runner.js:165532:18)\n    at Promise._fulfill (http://localhost:38461/__cypress/runner/cypress_runner.js:165477:18)",
                "diff": null
              },
              "uuid": "b4dbd78c-eb5c-459f-bb06-6b2e9eea2580",
              "parentUUID": "f37f5c2d-b979-4625-9245-b0a2f99a5ba7",
              "isHook": false,
              "skipped": false
            }
          ],
          "suites": [],
          "passes": [],
          "failures": [
            "b10d5356-88d9-4e32-be2b-cfca07c95bc3",
            "74758be7-bb63-4744-b4c9-d30d782a5565",
            "b4dbd78c-eb5c-459f-bb06-6b2e9eea2580"
          ],
          "pending": [],
          "skipped": [],
          "duration": 12964,
          "root": false,
          "rootEmpty": false,
          "_timeout": 2000
        },
        {
          "uuid": "b4b98a3e-d7f3-47d0-a86f-45940a92c559",
          "title": "9 - Crie um botão que, ao ser clicado, limpa o quadro preenchendo a cor de todos seus pixels com branco.",
          "fullFile": "",
          "file": "",
          "beforeHooks": [],
          "afterHooks": [],
          "tests": [
            {
              "title": "Verifica se o botão tem o `id` denominado `clear-board`",
              "fullTitle": "9 - Crie um botão que, ao ser clicado, limpa o quadro preenchendo a cor de todos seus pixels com branco. Verifica se o botão tem o `id` denominado `clear-board`",
              "timedOut": null,
              "duration": 118,
              "state": "passed",
              "speed": "slow",
              "pass": true,
              "fail": false,
              "pending": false,
              "context": null,
              "code": "cy.get('#clear-board').should('be.visible');",
              "err": {},
              "uuid": "c960c096-8b09-4604-933f-2008cc36109a",
              "parentUUID": "b4b98a3e-d7f3-47d0-a86f-45940a92c559",
              "isHook": false,
              "skipped": false
            },
            {
              "title": "Verifica se o botão está posicionado entre a paleta de cores e o quadro de pixels",
              "fullTitle": "9 - Crie um botão que, ao ser clicado, limpa o quadro preenchendo a cor de todos seus pixels com branco. Verifica se o botão está posicionado entre a paleta de cores e o quadro de pixels",
              "timedOut": null,
              "duration": 94,
              "state": "passed",
              "speed": "slow",
              "pass": true,
              "fail": false,
              "pending": false,
              "context": null,
              "code": "cy.get('#color-palette').then(function (palette) {\n  cy.get('#clear-board').should('be.belowOf', palette);\n});\ncy.get('#clear-board').then(function (clearBtn) {\n  cy.get('#pixel-board').should('be.belowOf', clearBtn);\n});",
              "err": {},
              "uuid": "6af43865-9ec4-4778-80fe-d59669b937cd",
              "parentUUID": "b4b98a3e-d7f3-47d0-a86f-45940a92c559",
              "isHook": false,
              "skipped": false
            },
            {
              "title": "Verifica se o texto do botão é 'Limpar'",
              "fullTitle": "9 - Crie um botão que, ao ser clicado, limpa o quadro preenchendo a cor de todos seus pixels com branco. Verifica se o texto do botão é 'Limpar'",
              "timedOut": null,
              "duration": 73,
              "state": "passed",
              "speed": "medium",
              "pass": true,
              "fail": false,
              "pending": false,
              "context": null,
              "code": "cy.get('#clear-board').should('contain.text', 'Limpar');",
              "err": {},
              "uuid": "01accb1d-f5d8-4be3-af54-a9db9374ba44",
              "parentUUID": "b4b98a3e-d7f3-47d0-a86f-45940a92c559",
              "isHook": false,
              "skipped": false
            },
            {
              "title": "Verifica se ao clicar no botão, o quadro de pixels é totalmente preenchido de branco",
              "fullTitle": "9 - Crie um botão que, ao ser clicado, limpa o quadro preenchendo a cor de todos seus pixels com branco. Verifica se ao clicar no botão, o quadro de pixels é totalmente preenchido de branco",
              "timedOut": null,
              "duration": 4346,
              "state": "failed",
              "speed": null,
              "pass": false,
              "fail": true,
              "pending": false,
              "context": null,
              "code": "cy.get('.color').eq(1).then(function (color) {\n  var backgroundColor = color.css('background-color');\n  cy.wrap(color).click();\n  cy.get('.pixel').each(function (pixel) {\n    cy.wrap(pixel).click().should('have.css', 'background-color', backgroundColor);\n  });\n});\ncy.get('#clear-board').click();\ncy.get('.pixel').each(function (pixel) {\n  cy.wrap(pixel).should('have.css', 'background-color', WHITE);\n});",
              "err": {
                "message": "CypressError: Timed out retrying: cy.click() failed because this element is not visible:\n\n<div class=\"color yellow\"></div>\n\nThis element '<div.color.yellow>' is not visible because it has an effective width and height of: '1350 x 0' pixels.\n\nFix this problem, or use {force: true} to disable error checking.\n\nhttps://on.cypress.io/element-cannot-be-interacted-with",
                "estack": "CypressError: Timed out retrying: cy.click() failed because this element is not visible:\n\n<div class=\"color yellow\"></div>\n\nThis element '<div.color.yellow>' is not visible because it has an effective width and height of: '1350 x 0' pixels.\n\nFix this problem, or use {force: true} to disable error checking.\n\nhttps://on.cypress.io/element-cannot-be-interacted-with\n    at cypressErr (http://localhost:38461/__cypress/runner/cypress_runner.js:149934:9)\n    at throwErr (http://localhost:38461/__cypress/runner/cypress_runner.js:149867:11)\n    at Object.throwErrByPath (http://localhost:38461/__cypress/runner/cypress_runner.js:149915:3)\n    at Object.retry (http://localhost:38461/__cypress/runner/cypress_runner.js:144197:19)\n    at retryActionability (http://localhost:38461/__cypress/runner/cypress_runner.js:132052:19)\n    at tryCatcher (http://localhost:38461/__cypress/runner/cypress_runner.js:167415:23)\n    at Function.Promise.attempt.Promise.try (http://localhost:38461/__cypress/runner/cypress_runner.js:164690:29)\n    at tryFn (http://localhost:38461/__cypress/runner/cypress_runner.js:144661:21)\n    at whenStable (http://localhost:38461/__cypress/runner/cypress_runner.js:144696:12)\n    at http://localhost:38461/__cypress/runner/cypress_runner.js:144240:16\n    at tryCatcher (http://localhost:38461/__cypress/runner/cypress_runner.js:167415:23)\n    at Promise._settlePromiseFromHandler (http://localhost:38461/__cypress/runner/cypress_runner.js:165351:31)\n    at Promise._settlePromise (http://localhost:38461/__cypress/runner/cypress_runner.js:165408:18)\n    at Promise._settlePromise0 (http://localhost:38461/__cypress/runner/cypress_runner.js:165453:10)\n    at Promise._settlePromises (http://localhost:38461/__cypress/runner/cypress_runner.js:165532:18)\n    at Promise._fulfill (http://localhost:38461/__cypress/runner/cypress_runner.js:165477:18)",
                "diff": null
              },
              "uuid": "713c2651-70fc-4554-8ce7-384b95b04bff",
              "parentUUID": "b4b98a3e-d7f3-47d0-a86f-45940a92c559",
              "isHook": false,
              "skipped": false
            }
          ],
          "suites": [],
          "passes": [
            "c960c096-8b09-4604-933f-2008cc36109a",
            "6af43865-9ec4-4778-80fe-d59669b937cd",
            "01accb1d-f5d8-4be3-af54-a9db9374ba44"
          ],
          "failures": [
            "713c2651-70fc-4554-8ce7-384b95b04bff"
          ],
          "pending": [],
          "skipped": [],
          "duration": 4631,
          "root": false,
          "rootEmpty": false,
          "_timeout": 2000
        },
        {
          "uuid": "1a47b2b4-8b19-4469-b2f1-836af6147c3b",
          "title": "10 - Faça o quadro de pixels ter seu tamanho definido pelo usuário.",
          "fullFile": "",
          "file": "",
          "beforeHooks": [],
          "afterHooks": [],
          "tests": [
            {
              "title": "Verifica se existe um input com o id `board-size`",
              "fullTitle": "10 - Faça o quadro de pixels ter seu tamanho definido pelo usuário. Verifica se existe um input com o id `board-size`",
              "timedOut": null,
              "duration": 105,
              "state": "passed",
              "speed": "slow",
              "pass": true,
              "fail": false,
              "pending": false,
              "context": null,
              "code": "cy.get('#board-size').should('be.visible');",
              "err": {},
              "uuid": "8afbc3e4-8926-4478-b38b-eace2616c135",
              "parentUUID": "1a47b2b4-8b19-4469-b2f1-836af6147c3b",
              "isHook": false,
              "skipped": false
            },
            {
              "title": "Verifica se existe um botão com o id `generate-board`",
              "fullTitle": "10 - Faça o quadro de pixels ter seu tamanho definido pelo usuário. Verifica se existe um botão com o id `generate-board`",
              "timedOut": null,
              "duration": 74,
              "state": "passed",
              "speed": "medium",
              "pass": true,
              "fail": false,
              "pending": false,
              "context": null,
              "code": "cy.get('#generate-board').should('be.visible');",
              "err": {},
              "uuid": "da5c4e7f-4398-49ab-a2e3-43737768d9c0",
              "parentUUID": "1a47b2b4-8b19-4469-b2f1-836af6147c3b",
              "isHook": false,
              "skipped": false
            },
            {
              "title": "Verifica se o input só aceita número maiores que zero. Essa restrição deve ser feita usando os atributos do elemento `input`",
              "fullTitle": "10 - Faça o quadro de pixels ter seu tamanho definido pelo usuário. Verifica se o input só aceita número maiores que zero. Essa restrição deve ser feita usando os atributos do elemento `input`",
              "timedOut": null,
              "duration": 89,
              "state": "passed",
              "speed": "slow",
              "pass": true,
              "fail": false,
              "pending": false,
              "context": null,
              "code": "cy.get('#board-size[type=\\'number\\'][min=\\'1\\']');",
              "err": {},
              "uuid": "1b65a498-ca7e-4a5c-9d82-d50c4a18a16f",
              "parentUUID": "1a47b2b4-8b19-4469-b2f1-836af6147c3b",
              "isHook": false,
              "skipped": false
            },
            {
              "title": "Verifica se o botão contém o texto 'VQV'",
              "fullTitle": "10 - Faça o quadro de pixels ter seu tamanho definido pelo usuário. Verifica se o botão contém o texto 'VQV'",
              "timedOut": null,
              "duration": 82,
              "state": "passed",
              "speed": "slow",
              "pass": true,
              "fail": false,
              "pending": false,
              "context": null,
              "code": "cy.get('#generate-board').contains(/vqv/i);",
              "err": {},
              "uuid": "89e0c46b-aaba-4431-8b83-6914bcf1fcc9",
              "parentUUID": "1a47b2b4-8b19-4469-b2f1-836af6147c3b",
              "isHook": false,
              "skipped": false
            },
            {
              "title": "Verifica se o input está posicionado entre a paleta de cores e o quadro de pixels",
              "fullTitle": "10 - Faça o quadro de pixels ter seu tamanho definido pelo usuário. Verifica se o input está posicionado entre a paleta de cores e o quadro de pixels",
              "timedOut": null,
              "duration": 88,
              "state": "passed",
              "speed": "slow",
              "pass": true,
              "fail": false,
              "pending": false,
              "context": null,
              "code": "cy.get('#color-palette').then(function (palette) {\n  cy.get('#board-size').should('be.belowOf', palette);\n});\ncy.get('#board-size').then(function (palette) {\n  cy.get('#pixel-board').should('be.belowOf', palette);\n});",
              "err": {},
              "uuid": "f41502b3-748e-4df7-94eb-d193a3c01773",
              "parentUUID": "1a47b2b4-8b19-4469-b2f1-836af6147c3b",
              "isHook": false,
              "skipped": false
            },
            {
              "title": "Verifica se o botão está posicionado ao lado do input",
              "fullTitle": "10 - Faça o quadro de pixels ter seu tamanho definido pelo usuário. Verifica se o botão está posicionado ao lado do input",
              "timedOut": null,
              "duration": 91,
              "state": "passed",
              "speed": "slow",
              "pass": true,
              "fail": false,
              "pending": false,
              "context": null,
              "code": "cy.get('#board-size').then(function (board) {\n  cy.get('#generate-board').should('be.onTheRightOf', board);\n});",
              "err": {},
              "uuid": "9233455c-8d48-4da4-bafb-e190315937e0",
              "parentUUID": "1a47b2b4-8b19-4469-b2f1-836af6147c3b",
              "isHook": false,
              "skipped": false
            },
            {
              "title": "Verifica se nenhum valor for colocado no input ao clicar no botão, um `alert` é exibido com o texto: 'Board inválido!'",
              "fullTitle": "10 - Faça o quadro de pixels ter seu tamanho definido pelo usuário. Verifica se nenhum valor for colocado no input ao clicar no botão, um `alert` é exibido com o texto: 'Board inválido!'",
              "timedOut": null,
              "duration": 314,
              "state": "failed",
              "speed": null,
              "pass": false,
              "fail": true,
              "pending": false,
              "context": null,
              "code": "var alerted = false;\ncy.on('window:alert', function (msg) {\n  return alerted = msg;\n});\ncy.get('#generate-board').click().then(function () {\n  return expect(alerted).to.match(/Board inválido!/i);\n});",
              "err": {
                "message": "AssertionError: expected false to match /Board inválido!/i",
[...]
              "timedOut": null,
              "duration": 4576,
              "state": "failed",
              "speed": null,
              "pass": false,
              "fail": true,
              "pending": false,
              "context": null,
              "code": "cy.get('#board-size').clear().type(10);\ncy.get('#generate-board').click();\ncy.get('.pixel').should('have.length', 100);",
              "err": {
                "message": "CypressError: Timed out retrying: Not enough elements found. Found '25', expected '100'.",
                "estack": "CypressError: Timed out retrying: Not enough elements found. Found '25', expected '100'.\n    at cypressErr (http://localhost:38461/__cypress/runner/cypress_runner.js:149934:9)\n    at throwErr (http://localhost:38461/__cypress/runner/cypress_runner.js:149867:11)\n    at Object.throwErrByPath (http://localhost:38461/__cypress/runner/cypress_runner.js:149915:3)\n    at retry (http://localhost:38461/__cypress/runner/cypress_runner.js:144197:19)\n    at onFailFn (http://localhost:38461/__cypress/runner/cypress_runner.js:132448:16)\n    at tryCatcher (http://localhost:38461/__cypress/runner/cypress_runner.js:167415:23)\n    at Promise._settlePromiseFromHandler (http://localhost:38461/__cypress/runner/cypress_runner.js:165351:31)\n    at Promise._settlePromise (http://localhost:38461/__cypress/runner/cypress_runner.js:165408:18)\n    at Promise._settlePromise0 (http://localhost:38461/__cypress/runner/cypress_runner.js:165453:10)\n    at Promise._settlePromises (http://localhost:38461/__cypress/runner/cypress_runner.js:165528:18)\n    at Async../node_modules/bluebird/js/release/async.js.Async._drainQueue (http://localhost:38461/__cypress/runner/cypress_runner.js:162140:16)\n    at Async../node_modules/bluebird/js/release/async.js.Async._drainQueues (http://localhost:38461/__cypress/runner/cypress_runner.js:162150:10)\n    at Async.drainQueues (http://localhost:38461/__cypress/runner/cypress_runner.js:162024:14)",
                "diff": null
              },
              "uuid": "9d9f490b-d114-4dd9-be34-b5b549b6e6ed",
              "parentUUID": "1a47b2b4-8b19-4469-b2f1-836af6147c3b",
              "isHook": false,
              "skipped": false
            },
            {
              "title": "Verifica se o novo quadro tem todos os pixels preenchidos com a cor branca",
              "fullTitle": "10 - Faça o quadro de pixels ter seu tamanho definido pelo usuário. Verifica se o novo quadro tem todos os pixels preenchidos com a cor branca",
              "timedOut": null,
              "duration": 4581,
              "state": "failed",
              "speed": null,
              "pass": false,
              "fail": true,
              "pending": false,
              "context": null,
              "code": "cy.get('#board-size').clear().type(6);\ncy.get('#generate-board').click();\ncy.get('.pixel').should('have.length', 36).each(function (pixel) {\n  expect(pixel).to.have.css('background-color', WHITE);\n});",
              "err": {
                "message": "CypressError: Timed out retrying: Not enough elements found. Found '25', expected '36'.",
                "estack": "CypressError: Timed out retrying: Not enough elements found. Found '25', expected '36'.\n    at cypressErr (http://localhost:38461/__cypress/runner/cypress_runner.js:149934:9)\n    at throwErr (http://localhost:38461/__cypress/runner/cypress_runner.js:149867:11)\n    at Object.throwErrByPath (http://localhost:38461/__cypress/runner/cypress_runner.js:149915:3)\n    at retry (http://localhost:38461/__cypress/runner/cypress_runner.js:144197:19)\n    at onFailFn (http://localhost:38461/__cypress/runner/cypress_runner.js:132448:16)\n    at tryCatcher (http://localhost:38461/__cypress/runner/cypress_runner.js:167415:23)\n    at Promise._settlePromiseFromHandler (http://localhost:38461/__cypress/runner/cypress_runner.js:165351:31)\n    at Promise._settlePromise (http://localhost:38461/__cypress/runner/cypress_runner.js:165408:18)\n    at Promise._settlePromise0 (http://localhost:38461/__cypress/runner/cypress_runner.js:165453:10)\n    at Promise._settlePromises (http://localhost:38461/__cypress/runner/cypress_runner.js:165528:18)\n    at Async../node_modules/bluebird/js/release/async.js.Async._drainQueue (http://localhost:38461/__cypress/runner/cypress_runner.js:162140:16)\n    at Async../node_modules/bluebird/js/release/async.js.Async._drainQueues (http://localhost:38461/__cypress/runner/cypress_runner.js:162150:10)\n    at Async.drainQueues (http://localhost:38461/__cypress/runner/cypress_runner.js:162024:14)",
                "diff": null
              },
              "uuid": "fb69047b-7ba5-4652-a255-6b28ae04af07",
              "parentUUID": "1a47b2b4-8b19-4469-b2f1-836af6147c3b",
              "isHook": false,
              "skipped": false
            }
          ],
          "suites": [],
          "passes": [
            "8afbc3e4-8926-4478-b38b-eace2616c135",
            "da5c4e7f-4398-49ab-a2e3-43737768d9c0",
            "1b65a498-ca7e-4a5c-9d82-d50c4a18a16f",
            "89e0c46b-aaba-4431-8b83-6914bcf1fcc9",
            "f41502b3-748e-4df7-94eb-d193a3c01773",
            "9233455c-8d48-4da4-bafb-e190315937e0"
          ],
          "failures": [
            "1f966d02-c5e2-44c0-90f7-e1349a113afc",
            "9d9f490b-d114-4dd9-be34-b5b549b6e6ed",
            "fb69047b-7ba5-4652-a255-6b28ae04af07"
          ],
          "pending": [],
          "skipped": [],
          "duration": 10000,
          "root": false,
          "rootEmpty": false,
          "_timeout": 2000
        },
        {
          "uuid": "5bf0eb83-df4b-4b8a-8b87-72b9293b7eb1",
          "title": "11 - Limite o tamanho mínimo e máximo do board.",
          "fullFile": "",
          "file": "",
          "beforeHooks": [],
          "afterHooks": [],
          "tests": [
            {
              "title": "Verifica se a altura máxima do board é 50",
              "fullTitle": "11 - Limite o tamanho mínimo e máximo do board. Verifica se a altura máxima do board é 50",
              "timedOut": null,
              "duration": 4598,
              "state": "failed",
              "speed": null,
              "pass": false,
              "fail": true,
              "pending": false,
              "context": null,
              "code": "cy.get('#board-size').clear().type(50);\ncy.get('#generate-board').click();\ncy.get('.pixel').should('have.length', 2500);",
              "err": {
                "message": "CypressError: Timed out retrying: Not enough elements found. Found '25', expected '2500'.",
                "estack": "CypressError: Timed out retrying: Not enough elements found. Found '25', expected '2500'.\n    at cypressErr (http://localhost:38461/__cypress/runner/cypress_runner.js:149934:9)\n    at throwErr (http://localhost:38461/__cypress/runner/cypress_runner.js:149867:11)\n    at Object.throwErrByPath (http://localhost:38461/__cypress/runner/cypress_runner.js:149915:3)\n    at retry (http://localhost:38461/__cypress/runner/cypress_runner.js:144197:19)\n    at onFailFn (http://localhost:38461/__cypress/runner/cypress_runner.js:132448:16)\n    at tryCatcher (http://localhost:38461/__cypress/runner/cypress_runner.js:167415:23)\n    at Promise._settlePromiseFromHandler (http://localhost:38461/__cypress/runner/cypress_runner.js:165351:31)\n    at Promise._settlePromise (http://localhost:38461/__cypress/runner/cypress_runner.js:165408:18)\n    at Promise._settlePromise0 (http://localhost:38461/__cypress/runner/cypress_runner.js:165453:10)\n    at Promise._settlePromises (http://localhost:38461/__cypress/runner/cypress_runner.js:165528:18)\n    at Async../node_modules/bluebird/js/release/async.js.Async._drainQueue (http://localhost:38461/__cypress/runner/cypress_runner.js:162140:16)\n    at Async../node_modules/bluebird/js/release/async.js.Async._drainQueues (http://localhost:38461/__cypress/runner/cypress_runner.js:162150:10)\n    at Async.drainQueues (http://localhost:38461/__cypress/runner/cypress_runner.js:162024:14)",
                "diff": null
              },
              "uuid": "58edda1e-8a37-4b96-a0e2-9faa587165c9",
              "parentUUID": "5bf0eb83-df4b-4b8a-8b87-72b9293b7eb1",
              "isHook": false,
              "skipped": false
            },
            {
              "title": "Verifica se a altura do board é 5 quando um valor menor é colocado no input",
              "fullTitle": "11 - Limite o tamanho mínimo e máximo do board. Verifica se a altura do board é 5 quando um valor menor é colocado no input",
              "timedOut": null,
              "duration": 437,
              "state": "passed",
              "speed": "slow",
              "pass": true,
              "fail": false,
              "pending": false,
              "context": null,
              "code": "cy.get('#board-size').clear().type(4);\ncy.get('#generate-board').click();\ncy.get('.pixel').should('have.length', 25);",
              "err": {},
              "uuid": "b6194299-03f6-4ab2-97a9-62b2445cab3e",
              "parentUUID": "5bf0eb83-df4b-4b8a-8b87-72b9293b7eb1",
              "isHook": false,
              "skipped": false
            },
            {
              "title": "Verifica se a altura do board é 50 quando um valor maior é colocado no input",
              "fullTitle": "11 - Limite o tamanho mínimo e máximo do board. Verifica se a altura do board é 50 quando um valor maior é colocado no input",
              "timedOut": null,
              "duration": 4605,
              "state": "failed",
              "speed": null,
              "pass": false,
              "fail": true,
              "pending": false,
              "context": null,
              "code": "cy.get('#board-size').clear().type(51);\ncy.get('#generate-board').click();\ncy.get('.pixel').should('have.length', 2500);",
              "err": {
                "message": "CypressError: Timed out retrying: Not enough elements found. Found '25', expected '2500'.",
                "estack": "CypressError: Timed out retrying: Not enough elements found. Found '25', expected '2500'.\n    at cypressErr (http://localhost:38461/__cypress/runner/cypress_runner.js:149934:9)\n    at throwErr (http://localhost:38461/__cypress/runner/cypress_runner.js:149867:11)\n    at Object.throwErrByPath (http://localhost:38461/__cypress/runner/cypress_runner.js:149915:3)\n    at retry (http://localhost:38461/__cypress/runner/cypress_runner.js:144197:19)\n    at onFailFn (http://localhost:38461/__cypress/runner/cypress_runner.js:132448:16)\n    at tryCatcher (http://localhost:38461/__cypress/runner/cypress_runner.js:167415:23)\n    at Promise._settlePromiseFromHandler (http://localhost:38461/__cypress/runner/cypress_runner.js:165351:31)\n    at Promise._settlePromise (http://localhost:38461/__cypress/runner/cypress_runner.js:165408:18)\n    at Promise._settlePromise0 (http://localhost:38461/__cypress/runner/cypress_runner.js:165453:10)\n    at Promise._settlePromises (http://localhost:38461/__cypress/runner/cypress_runner.js:165528:18)\n    at Async../node_modules/bluebird/js/release/async.js.Async._drainQueue (http://localhost:38461/__cypress/runner/cypress_runner.js:162140:16)\n    at Async../node_modules/bluebird/js/release/async.js.Async._drainQueues (http://localhost:38461/__cypress/runner/cypress_runner.js:162150:10)\n    at Async.drainQueues (http://localhost:38461/__cypress/runner/cypress_runner.js:162024:14)",
                "diff": null
              },
              "uuid": "3edb0fb6-51e0-46db-b62e-b2344d8df9b0",
              "parentUUID": "5bf0eb83-df4b-4b8a-8b87-72b9293b7eb1",
              "isHook": false,
              "skipped": false
            }
          ],
          "suites": [],
          "passes": [
            "b6194299-03f6-4ab2-97a9-62b2445cab3e"
          ],
          "failures": [
            "58edda1e-8a37-4b96-a0e2-9faa587165c9",
            "3edb0fb6-51e0-46db-b62e-b2344d8df9b0"
          ],
          "pending": [],
          "skipped": [],
          "duration": 9640,
          "root": false,
          "rootEmpty": false,
          "_timeout": 2000
        },
        {
          "uuid": "da913471-c452-45dc-a004-b14bb069c281",
          "title": "12 - Faça com que as cores da paleta sejam geradas aleatoriamente ao carregar a página.",
          "fullFile": "",
          "file": "",
          "beforeHooks": [],
          "afterHooks": [],
          "tests": [
            {
              "title": "Verifica se as cores geradas na paleta são diferentes a cada carregamento da página",
              "fullTitle": "12 - Faça com que as cores da paleta sejam geradas aleatoriamente ao carregar a página. Verifica se as cores geradas na paleta são diferentes a cada carregamento da página",
              "timedOut": null,
              "duration": 414,
              "state": "failed",
              "speed": null,
              "pass": false,
              "fail": true,
              "pending": false,
              "context": null,
              "code": "cy.get('.color').then(function (colors) {\n  var currentColors;\n  var previousColors;\n  previousColors = Array.from(colors).map(function (color) {\n    return Cypress.$(color).css('background-color');\n  });\n  for (var i = 0; i < 5; i += 1) {\n    cy.reload();\n    cy.get('.color').then(function (colors) {\n      currentColors = Array.from(colors).map(function (color) {\n        return Cypress.$(color).css('background-color');\n      });\n      expect(currentColors).not.to.deep.equal(previousColors);\n      previousColors = currentColors;\n    });\n  }\n});",
              "err": {
                "message": "AssertionError: expected [ Array(4) ] to not deeply equal [ Array(4) ]",
                "estack": "AssertionError: expected [ Array(4) ] to not deeply equal [ Array(4) ]\n    at getRet (http://localhost:38461/__cypress/runner/cypress_runner.js:136585:16)\n    at tryCatcher (http://localhost:38461/__cypress/runner/cypress_runner.js:167415:23)\n    at Function.Promise.attempt.Promise.try (http://localhost:38461/__cypress/runner/cypress_runner.js:164690:29)\n    at Context.thenFn (http://localhost:38461/__cypress/runner/cypress_runner.js:136599:23)\n    at Context.then (http://localhost:38461/__cypress/runner/cypress_runner.js:136971:21)\n    at Context.<anonymous> (http://localhost:38461/__cypress/runner/cypress_runner.js:148875:21)\n    at http://localhost:38461/__cypress/runner/cypress_runner.js:148351:33\n    at tryCatcher (http://localhost:38461/__cypress/runner/cypress_runner.js:167415:23)\n    at Promise._settlePromiseFromHandler (http://localhost:38461/__cypress/runner/cypress_runner.js:165351:31)\n    at Promise._settlePromise (http://localhost:38461/__cypress/runner/cypress_runner.js:165408:18)\n    at Promise._settlePromiseCtx (http://localhost:38461/__cypress/runner/cypress_runner.js:165445:10)\n    at Async../node_modules/bluebird/js/release/async.js.Async._drainQueue (http://localhost:38461/__cypress/runner/cypress_runner.js:162145:12)\n    at Async../node_modules/bluebird/js/release/async.js.Async._drainQueues (http://localhost:38461/__cypress/runner/cypress_runner.js:162150:10)\n    at Async.drainQueues (http://localhost:38461/__cypress/runner/cypress_runner.js:162024:14)",
                "diff": ""
              },
              "uuid": "ceb0786e-7740-40fa-8c9c-d2585476372c",
              "parentUUID": "da913471-c452-45dc-a004-b14bb069c281",
              "isHook": false,
              "skipped": false
            },
            {
              "title": "Verifica se a cor preta ainda está presente e é a primeira na sua paleta de cores",
              "fullTitle": "12 - Faça com que as cores da paleta sejam geradas aleatoriamente ao carregar a página. Verifica se a cor preta ainda está presente e é a primeira na sua paleta de cores",
              "timedOut": null,
              "duration": 279,
              "state": "failed",
              "speed": null,
              "pass": false,
              "fail": true,
              "pending": false,
              "context": null,
              "code": "cy.get('.color').then(function (colors) {\n  var currentColors;\n  var previousColors;\n  previousColors = Array.from(colors).map(function (color) {\n    return Cypress.$(color).css('background-color');\n  });\n  expect(previousColors[0]).to.eq(BLACK);\n  for (var i = 0; i < 5; i += 1) {\n    cy.reload();\n    cy.get('.color').then(function (colors) {\n      currentColors = Array.from(colors).map(function (color) {\n        return Cypress.$(color).css('background-color');\n      });\n      expect(currentColors[0]).to.eq(BLACK);\n      expect(currentColors).not.to.deep.equal(previousColors);\n      previousColors = currentColors;\n    });\n  }\n});",
              "err": {
                "message": "AssertionError: expected 'rgba(0, 0, 0, 0)' to equal 'rgb(0, 0, 0)'",
                "estack": "AssertionError: expected 'rgba(0, 0, 0, 0)' to equal 'rgb(0, 0, 0)'\n    at getRet (http://localhost:38461/__cypress/runner/cypress_runner.js:136585:16)\n    at tryCatcher (http://localhost:38461/__cypress/runner/cypress_runner.js:167415:23)\n    at Function.Promise.attempt.Promise.try (http://localhost:38461/__cypress/runner/cypress_runner.js:164690:29)\n    at Context.thenFn (http://localhost:38461/__cypress/runner/cypress_runner.js:136599:23)\n    at Context.then (http://localhost:38461/__cypress/runner/cypress_runner.js:136971:21)\n    at Context.<anonymous> (http://localhost:38461/__cypress/runner/cypress_runner.js:148875:21)\n    at http://localhost:38461/__cypress/runner/cypress_runner.js:148351:33\n    at tryCatcher (http://localhost:38461/__cypress/runner/cypress_runner.js:167415:23)\n    at Promise._settlePromiseFromHandler (http://localhost:38461/__cypress/runner/cypress_runner.js:165351:31)\n    at Promise._settlePromise (http://localhost:38461/__cypress/runner/cypress_runner.js:165408:18)\n    at Promise._settlePromiseCtx (http://localhost:38461/__cypress/runner/cypress_runner.js:165445:10)\n    at Async../node_modules/bluebird/js/release/async.js.Async._drainQueue (http://localhost:38461/__cypress/runner/cypress_runner.js:162145:12)\n    at Async../node_modules/bluebird/js/release/async.js.Async._drainQueues (http://localhost:38461/__cypress/runner/cypress_runner.js:162150:10)\n    at Async.drainQueues (http://localhost:38461/__cypress/runner/cypress_runner.js:162024:14)",
                "diff": "- 'rgba(0, 0, 0, 0)'\n+ 'rgb(0, 0, 0)'\n"
              },
              "uuid": "b57f1cb6-e5e8-4fa7-8c61-cf44f5215065",
              "parentUUID": "da913471-c452-45dc-a004-b14bb069c281",
              "isHook": false,
              "skipped": false
            }
          ],
          "suites": [],
          "passes": [],
          "failures": [
            "ceb0786e-7740-40fa-8c9c-d2585476372c",
            "b57f1cb6-e5e8-4fa7-8c61-cf44f5215065"
          ],
          "pending": [],
          "skipped": [],
          "duration": 693,
          "root": false,
          "rootEmpty": false,
          "_timeout": 2000
        }
      ],
      "passes": [],
      "failures": [],
      "pending": [],
      "skipped": [],
      "duration": 0,
      "root": true,
      "rootEmpty": true,
      "_timeout": 2000
    }
  ],
  "meta": {
    "mocha": {
      "version": "7.0.1"
    },
    "mochawesome": {
      "options": {
        "quiet": false,
        "reportFilename": "mochawesome",
        "saveHtml": false,
        "saveJson": true,
        "consoleReporter": "spec",
        "useInlineDiffs": false
      },
      "version": "4.1.0"
    },
    "marge": {
      "options": {
        "id": "default",
        "reportDir": "cypress/reports",
        "overwrite": true,
        "html": false,
        "json": true
      },
      "version": "4.1.0"
    }
  }
}