{
  "stats": {
    "suites": 12,
    "tests": 41,
    "passes": 23,
    "pending": 0,
    "failures": 18,
    "start": "2021-09-17T17:54:39.506Z",
    "end": "2021-09-17T17:56:24.713Z",
    "duration": 105207,
    "testsRegistered": 41,
    "passPercent": 56.09756097560976,
    "pendingPercent": 0,
    "other": 0,
    "hasOther": false,
    "skipped": 0,
    "hasSkipped": false
  },
  "results": [
    {
      "uuid": "7caf8583-e53f-4801-a1c4-eb29d8884373",
      "title": "",
      "fullFile": "cypress/integration/project.spec.js",
      "file": "cypress/integration/project.spec.js",
      "beforeHooks": [],
      "afterHooks": [],
      "tests": [],
      "suites": [
        {
          "uuid": "ee8cf870-5564-455d-9447-1abee63b9734",
          "title": "1 - Adicione à página o título \"Paleta de Cores\".",
          "fullFile": "",
          "file": "",
          "beforeHooks": [],
          "afterHooks": [],
          "tests": [
            {
              "title": "Verifica se contém um elemento `h1` com o id `title` com o título correto",
              "fullTitle": "1 - Adicione à página o título \"Paleta de Cores\". Verifica se contém um elemento `h1` com o id `title` com o título correto",
              "timedOut": null,
              "duration": 413,
              "state": "passed",
              "speed": "slow",
              "pass": true,
              "fail": false,
              "pending": false,
              "context": null,
              "code": "cy.get('h1#title').should('contain.text', 'Paleta de Cores');",
              "err": {},
              "uuid": "1d00b36a-4882-4a9c-a614-eadd735d5d91",
              "parentUUID": "ee8cf870-5564-455d-9447-1abee63b9734",
              "isHook": false,
              "skipped": false
            }
          ],
          "suites": [],
          "passes": [
            "1d00b36a-4882-4a9c-a614-eadd735d5d91"
          ],
          "failures": [],
          "pending": [],
          "skipped": [],
          "duration": 413,
          "root": false,
          "rootEmpty": false,
          "_timeout": 2000
        },
        {
          "uuid": "37399ec1-6796-4432-ade1-96669c0d9084",
          "title": "2 - Adicione à página uma paleta de quatro cores distintas.",
          "fullFile": "",
          "file": "",
          "beforeHooks": [],
          "afterHooks": [],
          "tests": [
            {
              "title": "A paleta de cores deve ser um elemento com `id` denominado `color-palette`",
              "fullTitle": "2 - Adicione à página uma paleta de quatro cores distintas. A paleta de cores deve ser um elemento com `id` denominado `color-palette`",
              "timedOut": null,
              "duration": 247,
              "state": "passed",
              "speed": "slow",
              "pass": true,
              "fail": false,
              "pending": false,
              "context": null,
              "code": "cy.get('#color-palette').should('be.visible');\ncy.get('#color-palette').children('.color');",
              "err": {},
              "uuid": "d5ae433e-c5b2-4bc9-9a56-e423c8de23ef",
              "parentUUID": "37399ec1-6796-4432-ade1-96669c0d9084",
              "isHook": false,
              "skipped": false
            },
            {
              "title": "Verifica se cada cor individual da paleta de cores possui a `classe` chamada `color`.",
              "fullTitle": "2 - Adicione à página uma paleta de quatro cores distintas. Verifica se cada cor individual da paleta de cores possui a `classe` chamada `color`.",
              "timedOut": null,
              "duration": 245,
              "state": "passed",
              "speed": "slow",
              "pass": true,
              "fail": false,
              "pending": false,
              "context": null,
              "code": "cy.get('.color').should('have.length', 4).then(function (colors) {\n  for (var i = 0; i < colors.length; i++) {\n    cy.wrap(colors[i]).should('be.visible');\n  }\n});",
              "err": {},
              "uuid": "25bd2a89-761d-4c89-b2a7-b55a267724c6",
              "parentUUID": "37399ec1-6796-4432-ade1-96669c0d9084",
              "isHook": false,
              "skipped": false
            },
            {
              "title": "Verifica se a cor de fundo de cada elemento da paleta é a cor que o elemento representa. **A única cor não permitida na paleta é a cor branca.**",
              "fullTitle": "2 - Adicione à página uma paleta de quatro cores distintas. Verifica se a cor de fundo de cada elemento da paleta é a cor que o elemento representa. **A única cor não permitida na paleta é a cor branca.**",
              "timedOut": null,
              "duration": 219,
              "state": "passed",
              "speed": "slow",
              "pass": true,
              "fail": false,
              "pending": false,
              "context": null,
              "code": "cy.get('.color').each(function (color) {\n  cy.wrap(color).should('have.class', 'color').and('not.have.css', 'background-color', WHITE);\n  cy.wrap(color).should('have.css', 'background-color');\n});",
              "err": {},
              "uuid": "7edc50fb-9eb8-4d8b-bae4-1f7f8d32ce52",
              "parentUUID": "37399ec1-6796-4432-ade1-96669c0d9084",
              "isHook": false,
              "skipped": false
            },
            {
              "title": "Verifica se cada elemento da paleta de cores tem uma borda preta, sólida e com 1 pixel de largura;",
              "fullTitle": "2 - Adicione à página uma paleta de quatro cores distintas. Verifica se cada elemento da paleta de cores tem uma borda preta, sólida e com 1 pixel de largura;",
              "timedOut": null,
              "duration": 179,
              "state": "passed",
              "speed": "slow",
              "pass": true,
              "fail": false,
              "pending": false,
              "context": null,
              "code": "cy.get('.color').each(function (color) {\n  cy.wrap(color).and('have.css', 'border', \"1px solid \".concat(BLACK)).and('have.class', 'color');\n});",
              "err": {},
              "uuid": "7cadf1d6-949f-4939-a25c-caec879d1a97",
              "parentUUID": "37399ec1-6796-4432-ade1-96669c0d9084",
              "isHook": false,
              "skipped": false
            },
            {
              "title": "Verifica se a paleta lista todas as cores disponíveis para utilização, lado a lado.",
              "fullTitle": "2 - Adicione à página uma paleta de quatro cores distintas. Verifica se a paleta lista todas as cores disponíveis para utilização, lado a lado.",
              "timedOut": null,
              "duration": 166,
              "state": "passed",
              "speed": "slow",
              "pass": true,
              "fail": false,
              "pending": false,
              "context": null,
              "code": "cy.get('.color').then(function (colors) {\n  for (var index = 1; index < colors.length; index += 1) {\n    var currentColor = colors[index];\n    var previousColor = colors[index - 1];\n    cy.wrap(currentColor).should('be.onTheRightOf', previousColor).and('be.horizontallyAlignedWith', previousColor);\n  }\n});",
              "err": {},
              "uuid": "3ea493ef-3166-49fe-b28a-2c6a636de766",
              "parentUUID": "37399ec1-6796-4432-ade1-96669c0d9084",
              "isHook": false,
              "skipped": false
            },
            {
              "title": "Verifica se a paleta de cores está posicionada abaixo do título 'Paleta de Cores'",
              "fullTitle": "2 - Adicione à página uma paleta de quatro cores distintas. Verifica se a paleta de cores está posicionada abaixo do título 'Paleta de Cores'",
              "timedOut": null,
              "duration": 185,
              "state": "passed",
              "speed": "slow",
              "pass": true,
              "fail": false,
              "pending": false,
              "context": null,
              "code": "cy.get('h1#title').then(function (title) {\n  cy.get('#color-palette').should('be.belowOf', title);\n});",
              "err": {},
              "uuid": "02f84bd7-a47c-4dc9-96e1-03a7ef2f5ffa",
              "parentUUID": "37399ec1-6796-4432-ade1-96669c0d9084",
              "isHook": false,
              "skipped": false
            },
            {
              "title": "Verifica se a paleta de cores não contém cores repetidas.",
              "fullTitle": "2 - Adicione à página uma paleta de quatro cores distintas. Verifica se a paleta de cores não contém cores repetidas.",
              "timedOut": null,
              "duration": 186,
              "state": "passed",
              "speed": "slow",
              "pass": true,
              "fail": false,
              "pending": false,
              "context": null,
              "code": "cy.get('.color').then(function (colors) {\n  var allColors = Array.from(colors).map(function (color) {\n    return Cypress.$(color).css('background-color');\n  });\n  cy.log(allColors);\n  var uniqColors = (0, _toConsumableArray2[\"default\"])(new Set(allColors));\n  cy.log(uniqColors);\n  expect(allColors.length).to.eq(uniqColors.length);\n});",
              "err": {},
              "uuid": "a5a891c2-89fb-4f49-8ebf-bcac3831e85a",
              "parentUUID": "37399ec1-6796-4432-ade1-96669c0d9084",
              "isHook": false,
              "skipped": false
            }
          ],
          "suites": [],
          "passes": [
            "d5ae433e-c5b2-4bc9-9a56-e423c8de23ef",
            "25bd2a89-761d-4c89-b2a7-b55a267724c6",
            "7edc50fb-9eb8-4d8b-bae4-1f7f8d32ce52",
            "7cadf1d6-949f-4939-a25c-caec879d1a97",
            "3ea493ef-3166-49fe-b28a-2c6a636de766",
            "02f84bd7-a47c-4dc9-96e1-03a7ef2f5ffa",
            "a5a891c2-89fb-4f49-8ebf-bcac3831e85a"
          ],
          "failures": [],
          "pending": [],
          "skipped": [],
          "duration": 1427,
          "root": false,
          "rootEmpty": false,
          "_timeout": 2000
        },
        {
          "uuid": "eb36468b-0b45-4fae-a3d8-46648099ad21",
          "title": "3 - Adicione a cor **preta** como a primeira cor da paleta de cores.",
          "fullFile": "",
          "file": "",
          "beforeHooks": [],
          "afterHooks": [],
          "tests": [
            {
              "title": "Verifica se a primeira cor da paleta é preta",
              "fullTitle": "3 - Adicione a cor **preta** como a primeira cor da paleta de cores. Verifica se a primeira cor da paleta é preta",
              "timedOut": null,
              "duration": 126,
              "state": "passed",
              "speed": "slow",
              "pass": true,
              "fail": false,
              "pending": false,
              "context": null,
              "code": "cy.get('.color').first().should('have.css', 'background-color', BLACK);",
              "err": {},
              "uuid": "43cb07a4-a234-4c5a-9e2d-4a151a8b92db",
              "parentUUID": "eb36468b-0b45-4fae-a3d8-46648099ad21",
              "isHook": false,
              "skipped": false
            },
            {
              "title": "Verifica se as demais cores podem ser escolhidas livremente.",
              "fullTitle": "3 - Adicione a cor **preta** como a primeira cor da paleta de cores. Verifica se as demais cores podem ser escolhidas livremente.",
              "timedOut": null,
              "duration": 311,
              "state": "passed",
              "speed": "slow",
              "pass": true,
              "fail": false,
              "pending": false,
              "context": null,
              "code": "cy.get('.color').eq(1).should('not.have.css', 'background-color', BLACK);\ncy.get('.color').eq(1).should('not.have.css', 'background-color', WHITE);\ncy.get('.color').eq(1).should('not.have.css', 'background-color', 'rgba(0, 0, 0, 0)');\ncy.get('.color').eq(1).should('have.css', 'background-color');\ncy.get('.color').eq(2).should('not.have.css', 'background-color', BLACK);\ncy.get('.color').eq(2).should('not.have.css', 'background-color', WHITE);\ncy.get('.color').eq(2).should('not.have.css', 'background-color', 'rgba(0, 0, 0, 0)');\ncy.get('.color').eq(2).should('have.css', 'background-color');\ncy.get('.color').eq(3).should('not.have.css', 'background-color', BLACK);\ncy.get('.color').eq(3).should('not.have.css', 'background-color', WHITE);\ncy.get('.color').eq(3).should('not.have.css', 'background-color', 'rgba(0, 0, 0, 0)');\ncy.get('.color').eq(3).should('have.css', 'background-color');",
              "err": {},
              "uuid": "d1dcdbdf-002d-4c58-afd7-f67ffe0c2016",
              "parentUUID": "eb36468b-0b45-4fae-a3d8-46648099ad21",
              "isHook": false,
              "skipped": false
            }
          ],
          "suites": [],
          "passes": [
            "43cb07a4-a234-4c5a-9e2d-4a151a8b92db",
            "d1dcdbdf-002d-4c58-afd7-f67ffe0c2016"
          ],
          "failures": [],
          "pending": [],
          "skipped": [],
          "duration": 437,
          "root": false,
          "rootEmpty": false,
          "_timeout": 2000
        },
        {
          "uuid": "5ea6fde0-876a-4767-b888-882f93ee48e3",
          "title": "4 - Adicione à página um quadro de pixels, com 25 pixels.",
          "fullFile": "",
          "file": "",
          "beforeHooks": [],
          "afterHooks": [],
          "tests": [
            {
              "title": "Verifica se o quadro de pixels possui o `id` denominado `pixel-board`",
              "fullTitle": "4 - Adicione à página um quadro de pixels, com 25 pixels. Verifica se o quadro de pixels possui o `id` denominado `pixel-board`",
              "timedOut": null,
              "duration": 105,
              "state": "passed",
              "speed": "slow",
              "pass": true,
              "fail": false,
              "pending": false,
              "context": null,
              "code": "cy.get('#pixel-board').should('be.visible');",
              "err": {},
              "uuid": "994a30ac-80d2-4e68-8414-2f36514951d2",
              "parentUUID": "5ea6fde0-876a-4767-b888-882f93ee48e3",
              "isHook": false,
              "skipped": false
            },
            {
              "title": "Verifica se cada pixel individual dentro do quadro possui a `classe` denominada `pixel`.",
              "fullTitle": "4 - Adicione à página um quadro de pixels, com 25 pixels. Verifica se cada pixel individual dentro do quadro possui a `classe` denominada `pixel`.",
              "timedOut": null,
              "duration": 185,
              "state": "passed",
              "speed": "slow",
              "pass": true,
              "fail": false,
              "pending": false,
              "context": null,
              "code": "cy.get('.pixel').should('have.length', 25);",
              "err": {},
              "uuid": "f0bc0785-63a6-4ada-b2a3-c48471414f36",
              "parentUUID": "5ea6fde0-876a-4767-b888-882f93ee48e3",
              "isHook": false,
              "skipped": false
            },
            {
              "title": "Verifica se a cor inicial dos pixels dentro do quadro, ao abrir a página, é branca.",
              "fullTitle": "4 - Adicione à página um quadro de pixels, com 25 pixels. Verifica se a cor inicial dos pixels dentro do quadro, ao abrir a página, é branca.",
              "timedOut": null,
              "duration": 225,
              "state": "passed",
              "speed": "slow",
              "pass": true,
              "fail": false,
              "pending": false,
              "context": null,
              "code": "cy.get('.pixel').should('have.length', 25).each(function (pixel) {\n  expect(pixel).to.have.css('background-color', WHITE);\n});",
              "err": {},
              "uuid": "b24164b4-ff53-46ca-b177-1e5869be2f4c",
              "parentUUID": "5ea6fde0-876a-4767-b888-882f93ee48e3",
              "isHook": false,
              "skipped": false
            },
            {
              "title": "Verifica se o quadro de pixels aparece abaixo da paleta de cores",
              "fullTitle": "4 - Adicione à página um quadro de pixels, com 25 pixels. Verifica se o quadro de pixels aparece abaixo da paleta de cores",
              "timedOut": null,
              "duration": 110,
              "state": "passed",
              "speed": "slow",
              "pass": true,
              "fail": false,
              "pending": false,
              "context": null,
              "code": "cy.get('#color-palette').then(function (palette) {\n  cy.get('#pixel-board').should('be.belowOf', palette);\n});",
              "err": {},
              "uuid": "a43b21d5-7548-45a0-a25d-fb6b1d53563d",
              "parentUUID": "5ea6fde0-876a-4767-b888-882f93ee48e3",
              "isHook": false,
              "skipped": false
            }
          ],
          "suites": [],
          "passes": [
            "994a30ac-80d2-4e68-8414-2f36514951d2",
            "f0bc0785-63a6-4ada-b2a3-c48471414f36",
            "b24164b4-ff53-46ca-b177-1e5869be2f4c",
            "a43b21d5-7548-45a0-a25d-fb6b1d53563d"
          ],
          "failures": [],
          "pending": [],
          "skipped": [],
          "duration": 625,
          "root": false,
          "rootEmpty": false,
          "_timeout": 2000
        },
        {
          "uuid": "172bb429-9cc9-448d-a513-1c428f7e2366",
          "title": "5 - Faça com que cada elemento do quadro de pixels possua 40 pixels de largura, 40 pixels de altura e seja delimitado por uma borda preta de 1 pixel.",
          "fullFile": "",
          "file": "",
          "beforeHooks": [],
          "afterHooks": [],
          "tests": [
            {
              "title": "Verifica se o quadro de pixels tem altura e comprimento de 5 elementos",
              "fullTitle": "5 - Faça com que cada elemento do quadro de pixels possua 40 pixels de largura, 40 pixels de altura e seja delimitado por uma borda preta de 1 pixel. Verifica se o quadro de pixels tem altura e comprimento de 5 elementos",
              "timedOut": null,
              "duration": 409,
              "state": "passed",
              "speed": "slow",
              "pass": true,
              "fail": false,
              "pending": false,
              "context": null,
              "code": "cy.get('.pixel').should('have.length', 25).each(function (pixel) {\n  expect(pixel).to.have.css('background-color', WHITE);\n}).and(function (pixels) {\n  var rows = chunk(pixels, 5);\n  rows.forEach(function (row) {\n    for (var index = 1; index < row.length; index += 1) {\n      var current = pixels[index];\n      var previous = pixels[index - 1];\n      cy.wrap(current).should('be.onTheRightOf', previous).and('be.horizontallyAlignedWith', previous);\n    }\n  });\n  for (var index = 1; index < 5; index += 1) {\n    expect(pixels[index * 5]).to.be.belowOf(pixels[(index - 1) * 5]);\n  }\n});",
              "err": {},
              "uuid": "0eb3a33f-f2e5-4044-a46f-f44b5611e7ee",
              "parentUUID": "172bb429-9cc9-448d-a513-1c428f7e2366",
              "isHook": false,
              "skipped": false
            },
            {
              "title": "Verifica se 40 pixels é o tamanho total do elemento, incluindo seu conteúdo e excluindo a borda preta, que deve ser criada à parte.",
              "fullTitle": "5 - Faça com que cada elemento do quadro de pixels possua 40 pixels de largura, 40 pixels de altura e seja delimitado por uma borda preta de 1 pixel. Verifica se 40 pixels é o tamanho total do elemento, incluindo seu conteúdo e excluindo a borda preta, que deve ser criada à parte.",
              "timedOut": null,
              "duration": 365,
              "state": "passed",
              "speed": "slow",
              "pass": true,
              "fail": false,
              "pending": false,
              "context": null,
              "code": "cy.get('.pixel').each(function (pixel) {\n  cy.wrap(pixel).should('have.css', 'height', '40px').and('have.css', 'width', '40px').and('have.css', 'border', \"1px solid \".concat(BLACK));\n});",
              "err": {},
              "uuid": "66abd564-f0b4-40d2-b055-ee087139cc08",
              "parentUUID": "172bb429-9cc9-448d-a513-1c428f7e2366",
              "isHook": false,
              "skipped": false
            }
          ],
          "suites": [],
          "passes": [
            "0eb3a33f-f2e5-4044-a46f-f44b5611e7ee",
            "66abd564-f0b4-40d2-b055-ee087139cc08"
          ],
          "failures": [],
          "pending": [],
          "skipped": [],
          "duration": 774,
          "root": false,
          "rootEmpty": false,
          "_timeout": 2000
        },
        {
          "uuid": "bd8f6b05-0c81-4610-ab17-c0c88e3f6fdd",
          "title": "6 - Defina a cor preta como cor inicial. Ao carregar a página a cor preta já deve estar selecionada para pintar os pixels",
          "fullFile": "",
          "file": "",
          "beforeHooks": [],
          "afterHooks": [],
          "tests": [
            {
              "title": "Verifica se o elemento da cor preta possui, inicialmente, a `classe` `selected`",
              "fullTitle": "6 - Defina a cor preta como cor inicial. Ao carregar a página a cor preta já deve estar selecionada para pintar os pixels Verifica se o elemento da cor preta possui, inicialmente, a `classe` `selected`",
              "timedOut": null,
              "duration": 155,
              "state": "passed",
              "speed": "slow",
              "pass": true,
              "fail": false,
              "pending": false,
              "context": null,
              "code": "cy.get('.selected').first().should('have.css', 'background-color', BLACK);",
              "err": {},
              "uuid": "7fa364ad-540d-4911-a374-e39c7c1a196e",
              "parentUUID": "bd8f6b05-0c81-4610-ab17-c0c88e3f6fdd",
              "isHook": false,
              "skipped": false
            },
            {
              "title": "Verifica se nenhuma outra cor da paleta tem a `classe` `selected`",
              "fullTitle": "6 - Defina a cor preta como cor inicial. Ao carregar a página a cor preta já deve estar selecionada para pintar os pixels Verifica se nenhuma outra cor da paleta tem a `classe` `selected`",
              "timedOut": null,
              "duration": 103,
              "state": "passed",
              "speed": "slow",
              "pass": true,
              "fail": false,
              "pending": false,
              "context": null,
              "code": "cy.get('.color:not(:first-child)').each(function (color) {\n  cy.wrap(color).should('not.have.class', 'selected');\n});",
              "err": {},
              "uuid": "9bc7ef87-dae5-4905-9444-4e7eade8a67f",
              "parentUUID": "bd8f6b05-0c81-4610-ab17-c0c88e3f6fdd",
              "isHook": false,
              "skipped": false
            }
          ],
          "suites": [],
          "passes": [
            "7fa364ad-540d-4911-a374-e39c7c1a196e",
            "9bc7ef87-dae5-4905-9444-4e7eade8a67f"
          ],
          "failures": [],
          "pending": [],
          "skipped": [],
          "duration": 258,
          "root": false,
          "rootEmpty": false,
          "_timeout": 2000
        },
        {
          "uuid": "713b8e84-ad63-4cb6-b1fc-f68a02ccb759",
          "title": "7 - Clicar em uma das cores da paleta, faz com que ela seja selecionada e utilizada para preencher os pixels no quadro.",
          "fullFile": "",
          "file": "",
          "beforeHooks": [],
          "afterHooks": [],
          "tests": [
            {
              "title": "Verifica se somente uma cor da paleta de cores tem a classe `selected` de cada vez",
              "fullTitle": "7 - Clicar em uma das cores da paleta, faz com que ela seja selecionada e utilizada para preencher os pixels no quadro. Verifica se somente uma cor da paleta de cores tem a classe `selected` de cada vez",
              "timedOut": null,
              "duration": 584,
              "state": "passed",
              "speed": "slow",
              "pass": true,
              "fail": false,
              "pending": false,
              "context": null,
              "code": "cy.get('.color').each(function (selectedColor, selectedColorIndex) {\n  cy.wrap(selectedColor).click();\n  cy.get('.color').each(function (color, colorIndex) {\n    if (colorIndex === selectedColorIndex) {\n      expect(color).to.have[\"class\"]('selected');\n    } else {\n      expect(color).not.to.have[\"class\"]('selected');\n    }\n  });\n});",
              "err": {},
              "uuid": "831c72cf-fae6-4569-833f-f8bd28101f16",
              "parentUUID": "713b8e84-ad63-4cb6-b1fc-f68a02ccb759",
              "isHook": false,
              "skipped": false
            },
            {
              "title": "Verifica se os pixels dentro do quadro não têm a classe `selected` quando são clicados",
              "fullTitle": "7 - Clicar em uma das cores da paleta, faz com que ela seja selecionada e utilizada para preencher os pixels no quadro. Verifica se os pixels dentro do quadro não têm a classe `selected` quando são clicados",
              "timedOut": null,
              "duration": 8988,
              "state": "passed",
              "speed": "slow",
              "pass": true,
              "fail": false,
              "pending": false,
              "context": null,
              "code": "cy.get('.color').each(function (color) {\n  var backgroundColor = color.css('background-color');\n  cy.wrap(color).click();\n  cy.get('.pixel').each(function (pixel) {\n    cy.wrap(pixel).click().should('not.have.class', 'selected');\n  });\n});",
              "err": {},
              "uuid": "5e48fd50-6faf-46fd-85bb-fbdeb125f9ec",
              "parentUUID": "713b8e84-ad63-4cb6-b1fc-f68a02ccb759",
              "isHook": false,
              "skipped": false
            }
          ],
          "suites": [],
          "passes": [
            "831c72cf-fae6-4569-833f-f8bd28101f16",
            "5e48fd50-6faf-46fd-85bb-fbdeb125f9ec"
          ],
          "failures": [],
          "pending": [],
          "skipped": [],
          "duration": 9572,
          "root": false,
          "rootEmpty": false,
          "_timeout": 2000
        },
        {
          "uuid": "b69b8ad7-9c0b-46f6-bcf7-c82ae0490956",
          "title": "8 - Clicar em um pixel dentro do quadro após selecionar uma cor na paleta, faz com que o pixel seja preenchido com a cor selecionada.",
          "fullFile": "",
          "file": "",
          "beforeHooks": [],
          "afterHooks": [],
          "tests": [
            {
              "title": "Verifica se ao carregar a página deve ser possível pintar os pixels de preto",
              "fullTitle": "8 - Clicar em um pixel dentro do quadro após selecionar uma cor na paleta, faz com que o pixel seja preenchido com a cor selecionada. Verifica se ao carregar a página deve ser possível pintar os pixels de preto",
              "timedOut": null,
              "duration": 2381,
              "state": "passed",
              "speed": "slow",
              "pass": true,
              "fail": false,
              "pending": false,
              "context": null,
              "code": "cy.get('.pixel').each(function (pixel) {\n  cy.wrap(pixel).click().should('have.css', 'background-color', BLACK);\n});",
              "err": {},
              "uuid": "4f09fcf9-164d-44bc-9fcb-0295be552857",
              "parentUUID": "b69b8ad7-9c0b-46f6-bcf7-c82ae0490956",
              "isHook": false,
              "skipped": false
            },
            {
              "title": "Verifica se após selecionar uma outra cor na paleta, é possível pintar os pixels com essa cor",
              "fullTitle": "8 - Clicar em um pixel dentro do quadro após selecionar uma cor na paleta, faz com que o pixel seja preenchido com a cor selecionada. Verifica se após selecionar uma outra cor na paleta, é possível pintar os pixels com essa cor",
              "timedOut": null,
              "duration": 9045,
              "state": "passed",
              "speed": "slow",
              "pass": true,
              "fail": false,
              "pending": false,
              "context": null,
              "code": "cy.get('.color').each(function (color) {\n  var backgroundColor = color.css('background-color');\n  cy.wrap(color).click();\n  cy.get('.pixel').each(function (pixel) {\n    cy.wrap(pixel).click().should('have.css', 'background-color', backgroundColor);\n  });\n});",
              "err": {},
              "uuid": "bb1e762a-c1d4-466b-8369-fc80c183d679",
              "parentUUID": "b69b8ad7-9c0b-46f6-bcf7-c82ae0490956",
              "isHook": false,
              "skipped": false
            },
            {
              "title": "Verifica se somente o pixel que foi clicado foi preenchido com a cor selecionada, sem influenciar na cor dos demais pixels.",
              "fullTitle": "8 - Clicar em um pixel dentro do quadro após selecionar uma cor na paleta, faz com que o pixel seja preenchido com a cor selecionada. Verifica se somente o pixel que foi clicado foi preenchido com a cor selecionada, sem influenciar na cor dos demais pixels.",
              "timedOut": null,
              "duration": 1636,
              "state": "passed",
              "speed": "slow",
              "pass": true,
              "fail": false,
              "pending": false,
              "context": null,
              "code": "var colorToPixelIndexMap = {\n  0: 6,\n  1: 8,\n  2: 16,\n  3: 18\n};\ncy.get('.color').each(function (color, index) {\n  cy.wrap(color).click();\n  var backgroundColor = color.css('background-color');\n  var clickedPixelIndex = colorToPixelIndexMap[index];\n  cy.get('.pixel').eq(clickedPixelIndex).click();\n  cy.get('.pixel').eq(clickedPixelIndex - 1).should('not.have.css', 'background-color', backgroundColor);\n  cy.get('.pixel').eq(clickedPixelIndex + 1).should('not.have.css', 'background-color', backgroundColor);\n  cy.get('.pixel').eq(clickedPixelIndex - 5).should('not.have.css', 'background-color', backgroundColor);\n  cy.get('.pixel').eq(clickedPixelIndex + 5).should('not.have.css', 'background-color', backgroundColor);\n  cy.get('.pixel').eq(clickedPixelIndex - 6).should('not.have.css', 'background-color', backgroundColor);\n  cy.get('.pixel').eq(clickedPixelIndex - 4).should('not.have.css', 'background-color', backgroundColor);\n  cy.get('.pixel').eq(clickedPixelIndex + 4).should('not.have.css', 'background-color', backgroundColor);\n  cy.get('.pixel').eq(clickedPixelIndex + 6).should('not.have.css', 'background-color', backgroundColor);\n});",
              "err": {},
              "uuid": "c3019a10-98ff-41d5-9f9b-19bee4994313",
              "parentUUID": "b69b8ad7-9c0b-46f6-bcf7-c82ae0490956",
              "isHook": false,
              "skipped": false
            }
          ],
          "suites": [],
          "passes": [
            "4f09fcf9-164d-44bc-9fcb-0295be552857",
            "bb1e762a-c1d4-466b-8369-fc80c183d679",
            "c3019a10-98ff-41d5-9f9b-19bee4994313"
          ],
          "failures": [],
          "pending": [],
          "skipped": [],
          "duration": 13062,
          "root": false,
          "rootEmpty": false,
          "_timeout": 2000
        },
        {
          "uuid": "fc2f4dff-db35-469d-83f0-1958da457f25",
          "title": "9 - Crie um botão que, ao ser clicado, limpa o quadro preenchendo a cor de todos seus pixels com branco.",
          "fullFile": "",
          "file": "",
          "beforeHooks": [],
          "afterHooks": [],
          "tests": [
            {
              "title": "Verifica se o botão tem o `id` denominado `clear-board`",
              "fullTitle": "9 - Crie um botão que, ao ser clicado, limpa o quadro preenchendo a cor de todos seus pixels com branco. Verifica se o botão tem o `id` denominado `clear-board`",
              "timedOut": null,
              "duration": 4433,
              "state": "failed",
              "speed": null,
              "pass": false,
              "fail": true,
              "pending": false,
              "context": null,
              "code": "cy.get('#clear-board').should('be.visible');",
              "err": {
                "message": "CypressError: Timed out retrying: Expected to find element: '#clear-board', but never found it.",
                "estack": "CypressError: Timed out retrying: Expected to find element: '#clear-board', but never found it.\n    at cypressErr (http://localhost:37321/__cypress/runner/cypress_runner.js:149934:9)\n    at throwErr (http://localhost:37321/__cypress/runner/cypress_runner.js:149867:11)\n    at Object.throwErrByPath (http://localhost:37321/__cypress/runner/cypress_runner.js:149915:3)\n    at retry (http://localhost:37321/__cypress/runner/cypress_runner.js:144197:19)\n    at onFailFn (http://localhost:37321/__cypress/runner/cypress_runner.js:132448:16)\n    at tryCatcher (http://localhost:37321/__cypress/runner/cypress_runner.js:167415:23)\n    at Promise._settlePromiseFromHandler (http://localhost:37321/__cypress/runner/cypress_runner.js:165351:31)\n    at Promise._settlePromise (http://localhost:37321/__cypress/runner/cypress_runner.js:165408:18)\n    at Promise._settlePromise0 (http://localhost:37321/__cypress/runner/cypress_runner.js:165453:10)\n    at Promise._settlePromises (http://localhost:37321/__cypress/runner/cypress_runner.js:165528:18)\n    at Async../node_modules/bluebird/js/release/async.js.Async._drainQueue (http://localhost:37321/__cypress/runner/cypress_runner.js:162140:16)\n    at Async../node_modules/bluebird/js/release/async.js.Async._drainQueues (http://localhost:37321/__cypress/runner/cypress_runner.js:162150:10)\n    at Async.drainQueues (http://localhost:37321/__cypress/runner/cypress_runner.js:162024:14)",
                "diff": null
              },
              "uuid": "990ca0ee-e8f3-4e40-9e85-ecb5caa327ef",
              "parentUUID": "fc2f4dff-db35-469d-83f0-1958da457f25",
              "isHook": false,
              "skipped": false
            },
            {
              "title": "Verifica se o botão está posicionado entre a paleta de cores e o quadro de pixels",
              "fullTitle": "9 - Crie um botão que, ao ser clicado, limpa o quadro preenchendo a cor de todos seus pixels com branco. Verifica se o botão está posicionado entre a paleta de cores e o quadro de pixels",
              "timedOut": null,
              "duration": 4540,
              "state": "failed",
              "speed": null,
              "pass": false,
              "fail": true,
              "pending": false,
              "context": null,
              "code": "cy.get('#color-palette').then(function (palette) {\n  cy.get('#clear-board').should('be.belowOf', palette);\n});\ncy.get('#clear-board').then(function (clearBtn) {\n  cy.get('#pixel-board').should('be.belowOf', clearBtn);\n});",
              "err": {
                "message": "CypressError: Timed out retrying: Expected to find element: '#clear-board', but never found it.",
                "estack": "CypressError: Timed out retrying: Expected to find element: '#clear-board', but never found it.\n    at cypressErr (http://localhost:37321/__cypress/runner/cypress_runner.js:149934:9)\n    at throwErr (http://localhost:37321/__cypress/runner/cypress_runner.js:149867:11)\n    at Object.throwErrByPath (http://localhost:37321/__cypress/runner/cypress_runner.js:149915:3)\n    at retry (http://localhost:37321/__cypress/runner/cypress_runner.js:144197:19)\n    at onFailFn (http://localhost:37321/__cypress/runner/cypress_runner.js:132448:16)\n    at tryCatcher (http://localhost:37321/__cypress/runner/cypress_runner.js:167415:23)\n    at Promise._settlePromiseFromHandler (http://localhost:37321/__cypress/runner/cypress_runner.js:165351:31)\n    at Promise._settlePromise (http://localhost:37321/__cypress/runner/cypress_runner.js:165408:18)\n    at Promise._settlePromise0 (http://localhost:37321/__cypress/runner/cypress_runner.js:165453:10)\n    at Promise._settlePromises (http://localhost:37321/__cypress/runner/cypress_runner.js:165528:18)\n    at Async../node_modules/bluebird/js/release/async.js.Async._drainQueue (http://localhost:37321/__cypress/runner/cypress_runner.js:162140:16)\n    at Async../node_modules/bluebird/js/release/async.js.Async._drainQueues (http://localhost:37321/__cypress/runner/cypress_runner.js:162150:10)\n    at Async.drainQueues (http://localhost:37321/__cypress/runner/cypress_runner.js:162024:14)",
                "diff": null
              },
              "uuid": "df399d6c-4f44-439f-821b-bf88497115b5",
              "parentUUID": "fc2f4dff-db35-469d-83f0-1958da457f25",
              "isHook": false,
              "skipped": false
            },
            {
              "title": "Verifica se o texto do botão é 'Limpar'",
              "fullTitle": "9 - Crie um botão que, ao ser clicado, limpa o quadro preenchendo a cor de todos seus pixels com branco. Verifica se o texto do botão é 'Limpar'",
              "timedOut": null,
              "duration": 4464,
              "state": "failed",
              "speed": null,
              "pass": false,
              "fail": true,
              "pending": false,
              "context": null,
              "code": "cy.get('#clear-board').should('contain.text', 'Limpar');",
              "err": {
                "message": "CypressError: Timed out retrying: Expected to find element: '#clear-board', but never found it.",
                "estack": "CypressError: Timed out retrying: Expected to find element: '#clear-board', but never found it.\n    at cypressErr (http://localhost:37321/__cypress/runner/cypress_runner.js:149934:9)\n    at throwErr (http://localhost:37321/__cypress/runner/cypress_runner.js:149867:11)\n    at Object.throwErrByPath (http://localhost:37321/__cypress/runner/cypress_runner.js:149915:3)\n    at retry (http://localhost:37321/__cypress/runner/cypress_runner.js:144197:19)\n    at onFailFn (http://localhost:37321/__cypress/runner/cypress_runner.js:132448:16)\n    at tryCatcher (http://localhost:37321/__cypress/runner/cypress_runner.js:167415:23)\n    at Promise._settlePromiseFromHandler (http://localhost:37321/__cypress/runner/cypress_runner.js:165351:31)\n    at Promise._settlePromise (http://localhost:37321/__cypress/runner/cypress_runner.js:165408:18)\n    at Promise._settlePromise0 (http://localhost:37321/__cypress/runner/cypress_runner.js:165453:10)\n    at Promise._settlePromises (http://localhost:37321/__cypress/runner/cypress_runner.js:165528:18)\n    at Async../node_modules/bluebird/js/release/async.js.Async._drainQueue (http://localhost:37321/__cypress/runner/cypress_runner.js:162140:16)\n    at Async../node_modules/bluebird/js/release/async.js.Async._drainQueues (http://localhost:37321/__cypress/runner/cypress_runner.js:162150:10)\n    at Async.drainQueues (http://localhost:37321/__cypress/runner/cypress_runner.js:162024:14)",
                "diff": null
              },
              "uuid": "442fee68-b8d3-4696-ad46-d24b20dbf1b6",
              "parentUUID": "fc2f4dff-db35-469d-83f0-1958da457f25",
              "isHook": false,
              "skipped": false
            },
            {
              "title": "Verifica se ao clicar no botão, o quadro de pixels é totalmente preenchido de branco",
              "fullTitle": "9 - Crie um botão que, ao ser clicado, limpa o quadro preenchendo a cor de todos seus pixels com branco. Verifica se ao clicar no botão, o quadro de pixels é totalmente preenchido de branco",
              "timedOut": null,
              "duration": 6793,
              "state": "failed",
              "speed": null,
              "pass": false,
              "fail": true,
              "pending": false,
              "context": null,
              "code": "cy.get('.color').eq(1).then(function (color) {\n  var backgroundColor = color.css('background-color');\n  cy.wrap(color).click();\n  cy.get('.pixel').each(function (pixel) {\n    cy.wrap(pixel).click().should('have.css', 'background-color', backgroundColor);\n  });\n});\ncy.get('#clear-board').click();\ncy.get('.pixel').each(function (pixel) {\n  cy.wrap(pixel).should('have.css', 'background-color', WHITE);\n});",
              "err": {
                "message": "CypressError: Timed out retrying: Expected to find element: '#clear-board', but never found it.",
                "estack": "CypressError: Timed out retrying: Expected to find element: '#clear-board', but never found it.\n    at cypressErr (http://localhost:37321/__cypress/runner/cypress_runner.js:149934:9)\n    at throwErr (http://localhost:37321/__cypress/runner/cypress_runner.js:149867:11)\n    at Object.throwErrByPath (http://localhost:37321/__cypress/runner/cypress_runner.js:149915:3)\n    at retry (http://localhost:37321/__cypress/runner/cypress_runner.js:144197:19)\n    at onFailFn (http://localhost:37321/__cypress/runner/cypress_runner.js:132448:16)\n    at tryCatcher (http://localhost:37321/__cypress/runner/cypress_runner.js:167415:23)\n    at Promise._settlePromiseFromHandler (http://localhost:37321/__cypress/runner/cypress_runner.js:165351:31)\n    at Promise._settlePromise (http://localhost:37321/__cypress/runner/cypress_runner.js:165408:18)\n    at Promise._settlePromise0 (http://localhost:37321/__cypress/runner/cypress_runner.js:165453:10)\n    at Promise._settlePromises (http://localhost:37321/__cypress/runner/cypress_runner.js:165528:18)\n    at Async../node_modules/bluebird/js/release/async.js.Async._drainQueue (http://localhost:37321/__cypress/runner/cypress_runner.js:162140:16)\n    at Async../node_modules/bluebird/js/release/async.js.Async._drainQueues (http://localhost:37321/__cypress/runner/cypress_runner.js:162150:10)\n    at Async.drainQueues (http://localhost:37321/__cypress/runner/cypress_runner.js:162024:14)",
                "diff": null
              },
              "uuid": "e1bdc7bd-331d-445d-942c-7b34d060169e",
              "parentUUID": "fc2f4dff-db35-469d-83f0-1958da457f25",
              "isHook": false,
              "skipped": false
            }
          ],
          "suites": [],
          "passes": [],
          "failures": [
            "990ca0ee-e8f3-4e40-9e85-ecb5caa327ef",
            "df399d6c-4f44-439f-821b-bf88497115b5",
            "442fee68-b8d3-4696-ad46-d24b20dbf1b6",
            "e1bdc7bd-331d-445d-942c-7b34d060169e"
          ],
          "pending": [],
          "skipped": [],
          "duration": 20230,
          "root": false,
          "rootEmpty": false,
          "_timeout": 2000
        },
        {
          "uuid": "3b749d03-a657-46cf-8319-e48314c1f375",
          "title": "10 - Faça o quadro de pixels ter seu tamanho definido pelo usuário.",
          "fullFile": "",
          "file": "",
          "beforeHooks": [],
          "afterHooks": [],
          "tests": [
            {
              "title": "Verifica se existe um input com o id `board-size`",
              "fullTitle": "10 - Faça o quadro de pixels ter seu tamanho definido pelo usuário. Verifica se existe um input com o id `board-size`",
              "timedOut": null,
              "duration": 4562,
              "state": "failed",
              "speed": null,
              "pass": false,
              "fail": true,
              "pending": false,
              "context": null,
              "code": "cy.get('#board-size').should('be.visible');",
              "err": {
                "message": "CypressError: Timed out retrying: Expected to find element: '#board-size', but never found it.",
                "estack": "CypressError: Timed out retrying: Expected to find element: '#board-size', but never found it.\n    at cypressErr (http://localhost:37321/__cypress/runner/cypress_runner.js:149934:9)\n    at throwErr (http://localhost:37321/__cypress/runner/cypress_runner.js:149867:11)\n    at Object.throwErrByPath (http://localhost:37321/__cypress/runner/cypress_runner.js:149915:3)\n    at retry (http://localhost:37321/__cypress/runner/cypress_runner.js:144197:19)\n    at onFailFn (http://localhost:37321/__cypress/runner/cypress_runner.js:132448:16)\n    at tryCatcher (http://localhost:37321/__cypress/runner/cypress_runner.js:167415:23)\n    at Promise._settlePromiseFromHandler (http://localhost:37321/__cypress/runner/cypress_runner.js:165351:31)\n    at Promise._settlePromise (http://localhost:37321/__cypress/runner/cypress_runner.js:165408:18)\n    at Promise._settlePromise0 (http://localhost:37321/__cypress/runner/cypress_runner.js:165453:10)\n    at Promise._settlePromises (http://localhost:37321/__cypress/runner/cypress_runner.js:165528:18)\n    at Async../node_modules/bluebird/js/release/async.js.Async._drainQueue (http://localhost:37321/__cypress/runner/cypress_runner.js:162140:16)\n    at Async../node_modules/bluebird/js/release/async.js.Async._drainQueues (http://localhost:37321/__cypress/runner/cypress_runner.js:162150:10)\n    at Async.drainQueues (http://localhost:37321/__cypress/runner/cypress_runner.js:162024:14)",
                "diff": null
              },
              "uuid": "804ef7f0-1cba-4860-ad0c-df0d6e908fe4",
              "parentUUID": "3b749d03-a657-46cf-8319-e48314c1f375",
              "isHook": false,
              "skipped": false
            },
            {
              "title": "Verifica se existe um botão com o id `generate-board`",
              "fullTitle": "10 - Faça o quadro de pixels ter seu tamanho definido pelo usuário. Verifica se existe um botão com o id `generate-board`",
              "timedOut": null,
              "duration": 4638,
              "state": "failed",
              "speed": null,
              "pass": false,
              "fail": true,
              "pending": false,
              "context": null,
              "code": "cy.get('#generate-board').should('be.visible');",
              "err": {
                "message": "CypressError: Timed out retrying: Expected to find element: '#generate-board', but never found it.",
                "estack": "CypressError: Timed out retrying: Expected to find element: '#generate-board', but never found it.\n    at cypressErr (http://localhost:37321/__cypress/runner/cypress_runner.js:149934:9)\n    at throwErr (http://localhost:37321/__cypress/runner/cypress_runner.js:149867:11)\n    at Object.throwErrByPath (http://localhost:37321/__cypress/runner/cypress_runner.js:149915:3)\n    at retry (http://localhost:37321/__cypress/runner/cypress_runner.js:144197:19)\n    at onFailFn (http://localhost:37321/__cypress/runner/cypress_runner.js:132448:16)\n    at tryCatcher (http://localhost:37321/__cypress/runner/cypress_runner.js:167415:23)\n    at Promise._settlePromiseFromHandler (http://localhost:37321/__cypress/runner/cypress_runner.js:165351:31)\n    at Promise._settlePromise (http://localhost:37321/__cypress/runner/cypress_runner.js:165408:18)\n    at Promise._settlePromise0 (http://localhost:37321/__cypress/runner/cypress_runner.js:165453:10)\n    at Promise._settlePromises (http://localhost:37321/__cypress/runner/cypress_runner.js:165528:18)\n    at Async../node_modules/bluebird/js/release/async.js.Async._drainQueue (http://localhost:37321/__cypress/runner/cypress_runner.js:162140:16)\n    at Async../node_modules/bluebird/js/release/async.js.Async._drainQueues (http://localhost:37321/__cypress/runner/cypress_runner.js:162150:10)\n    at Async.drainQueues (http://localhost:37321/__cypress/runner/cypress_runner.js:162024:14)",
                "diff": null
              },
              "uuid": "194f38c1-586f-468e-914e-831a0c48f48f",
              "parentUUID": "3b749d03-a657-46cf-8319-e48314c1f375",
              "isHook": false,
              "skipped": false
            },
            {
              "title": "Verifica se o input só aceita número maiores que zero. Essa restrição deve ser feita usando os atributos do elemento `input`",
              "fullTitle": "10 - Faça o quadro de pixels ter seu tamanho definido pelo usuário. Verifica se o input só aceita número maiores que zero. Essa restrição deve ser feita usando os atributos do elemento `input`",
              "timedOut": null,
              "duration": 4631,
              "state": "failed",
              "speed": null,
              "pass": false,
              "fail": true,
              "pending": false,
              "context": null,
              "code": "cy.get('#board-size[type=\\'number\\'][min=\\'1\\']');",
              "err": {
                "message": "CypressError: Timed out retrying: Expected to find element: '#board-size[type='number'][min='1']', but never found it.",
                "estack": "CypressError: Timed out retrying: Expected to find element: '#board-size[type='number'][min='1']', but never found it.\n    at cypressErr (http://localhost:37321/__cypress/runner/cypress_runner.js:149934:9)\n    at throwErr (http://localhost:37321/__cypress/runner/cypress_runner.js:149867:11)\n    at Object.throwErrByPath (http://localhost:37321/__cypress/runner/cypress_runner.js:149915:3)\n    at retry (http://localhost:37321/__cypress/runner/cypress_runner.js:144197:19)\n    at onFailFn (http://localhost:37321/__cypress/runner/cypress_runner.js:132448:16)\n    at tryCatcher (http://localhost:37321/__cypress/runner/cypress_runner.js:167415:23)\n    at Promise._settlePromiseFromHandler (http://localhost:37321/__cypress/runner/cypress_runner.js:165351:31)\n    at Promise._settlePromise (http://localhost:37321/__cypress/runner/cypress_runner.js:165408:18)\n    at Promise._settlePromise0 (http://localhost:37321/__cypress/runner/cypress_runner.js:165453:10)\n    at Promise._settlePromises (http://localhost:37321/__cypress/runner/cypress_runner.js:165528:18)\n    at Async../node_modules/bluebird/js/release/async.js.Async._drainQueue (http://localhost:37321/__cypress/runner/cypress_runner.js:162140:16)\n    at Async../node_modules/bluebird/js/release/async.js.Async._drainQueues (http://localhost:37321/__cypress/runner/cypress_runner.js:162150:10)\n    at Async.drainQueues (http://localhost:37321/__cypress/runner/cypress_runner.js:162024:14)",
                "diff": null
              },
              "uuid": "4e88cb7c-2c58-4900-95d1-da8a43500132",
              "parentUUID": "3b749d03-a657-46cf-8319-e48314c1f375",
              "isHook": false,
              "skipped": false
            },
            {
              "title": "Verifica se o botão contém o texto 'VQV'",
              "fullTitle": "10 - Faça o quadro de pixels ter seu tamanho definido pelo usuário. Verifica se o botão contém o texto 'VQV'",
              "timedOut": null,
              "duration": 4503,
              "state": "failed",
              "speed": null,
              "pass": false,
              "fail": true,
              "pending": false,
              "context": null,
              "code": "cy.get('#generate-board').contains(/vqv/i);",
              "err": {
                "message": "CypressError: Timed out retrying: Expected to find element: '#generate-board', but never found it.",
                "estack": "CypressError: Timed out retrying: Expected to find element: '#generate-board', but never found it.\n    at cypressErr (http://localhost:37321/__cypress/runner/cypress_runner.js:149934:9)\n    at throwErr (http://localhost:37321/__cypress/runner/cypress_runner.js:149867:11)\n    at Object.throwErrByPath (http://localhost:37321/__cypress/runner/cypress_runner.js:149915:3)\n    at retry (http://localhost:37321/__cypress/runner/cypress_runner.js:144197:19)\n    at onFailFn (http://localhost:37321/__cypress/runner/cypress_runner.js:132448:16)\n    at tryCatcher (http://localhost:37321/__cypress/runner/cypress_runner.js:167415:23)\n    at Promise._settlePromiseFromHandler (http://localhost:37321/__cypress/runner/cypress_runner.js:165351:31)\n    at Promise._settlePromise (http://localhost:37321/__cypress/runner/cypress_runner.js:165408:18)\n    at Promise._settlePromise0 (http://localhost:37321/__cypress/runner/cypress_runner.js:165453:10)\n    at Promise._settlePromises (http://localhost:37321/__cypress/runner/cypress_runner.js:165528:18)\n    at Async../node_modules/bluebird/js/release/async.js.Async._drainQueue (http://localhost:37321/__cypress/runner/cypress_runner.js:162140:16)\n    at Async../node_modules/bluebird/js/release/async.js.Async._drainQueues (http://localhost:37321/__cypress/runner/cypress_runner.js:162150:10)\n    at Async.drainQueues (http://localhost:37321/__cypress/runner/cypress_runner.js:162024:14)",
                "diff": null
              },
              "uuid": "00ccbf7a-593b-4d99-bec2-a9b5b193b6c4",
              "parentUUID": "3b749d03-a657-46cf-8319-e48314c1f375",
              "isHook": false,
              "skipped": false
            },
            {
              "title": "Verifica se o input está posicionado entre a paleta de cores e o quadro de pixels",
              "fullTitle": "10 - Faça o quadro de pixels ter seu tamanho definido pelo usuário. Verifica se o input está posicionado entre a paleta de cores e o quadro de pixels",
              "timedOut": null,
              "duration": 4558,
              "state": "failed",
              "speed": null,
              "pass": false,
              "fail": true,
              "pending": false,
              "context": null,
              "code": "cy.get('#color-palette').then(function (palette) {\n  cy.get('#board-size').should('be.belowOf', palette);\n});\ncy.get('#board-size').then(function (palette) {\n  cy.get('#pixel-board').should('be.belowOf', palette);\n});",
              "err": {
                "message": "CypressError: Timed out retrying: Expected to find element: '#board-size', but never found it.",
                "estack": "CypressError: Timed out retrying: Expected to find element: '#board-size', but never found it.\n    at cypressErr (http://localhost:37321/__cypress/runner/cypress_runner.js:149934:9)\n    at throwErr (http://localhost:37321/__cypress/runner/cypress_runner.js:149867:11)\n    at Object.throwErrByPath (http://localhost:37321/__cypress/runner/cypress_runner.js:149915:3)\n    at retry (http://localhost:37321/__cypress/runner/cypress_runner.js:144197:19)\n    at onFailFn (http://localhost:37321/__cypress/runner/cypress_runner.js:132448:16)\n    at tryCatcher (http://localhost:37321/__cypress/runner/cypress_runner.js:167415:23)\n    at Promise._settlePromiseFromHandler (http://localhost:37321/__cypress/runner/cypress_runner.js:165351:31)\n    at Promise._settlePromise (http://localhost:37321/__cypress/runner/cypress_runner.js:165408:18)\n    at Promise._settlePromise0 (http://localhost:37321/__cypress/runner/cypress_runner.js:165453:10)\n    at Promise._settlePromises (http://localhost:37321/__cypress/runner/cypress_runner.js:165528:18)\n    at Async../node_modules/bluebird/js/release/async.js.Async._drainQueue (http://localhost:37321/__cypress/runner/cypress_runner.js:162140:16)\n    at Async../node_modules/bluebird/js/release/async.js.Async._drainQueues (http://localhost:37321/__cypress/runner/cypress_runner.js:162150:10)\n    at Async.drainQueues (http://localhost:37321/__cypress/runner/cypress_runner.js:162024:14)",
                "diff": null
              },
              "uuid": "07370ce6-0c01-4b22-a230-6bc09dd9bac4",
              "parentUUID": "3b749d03-a657-46cf-8319-e48314c1f375",
              "isHook": false,
              "skipped": false
            },
            {
              "title": "Verifica se o botão está posicionado ao lado do input",
              "fullTitle": "10 - Faça o quadro de pixels ter seu tamanho definido pelo usuário. Verifica se o botão está posicionado ao lado do input",
              "timedOut": null,
              "duration": 4558,
              "state": "failed",
              "speed": null,
              "pass": false,
              "fail": true,
              "pending": false,
              "context": null,
              "code": "cy.get('#board-size').then(function (board) {\n  cy.get('#generate-board').should('be.onTheRightOf', board);\n});",
              "err": {
                "message": "CypressError: Timed out retrying: Expected to find element: '#board-size', but never found it.",
                "estack": "CypressError: Timed out retrying: Expected to find element: '#board-size', but never found it.\n    at cypressErr (http://localhost:37321/__cypress/runner/cypress_runner.js:149934:9)\n    at throwErr (http://localhost:37321/__cypress/runner/cypress_runner.js:149867:11)\n    at Object.throwErrByPath (http://localhost:37321/__cypress/runner/cypress_runner.js:149915:3)\n    at retry (http://localhost:37321/__cypress/runner/cypress_runner.js:144197:19)\n    at onFailFn (http://localhost:37321/__cypress/runner/cypress_runner.js:132448:16)\n    at tryCatcher (http://localhost:37321/__cypress/runner/cypress_runner.js:167415:23)\n    at Promise._settlePromiseFromHandler (http://localhost:37321/__cypress/runner/cypress_runner.js:165351:31)\n    at Promise._settlePromise (http://localhost:37321/__cypress/runner/cypress_runner.js:165408:18)\n    at Promise._settlePromise0 (http://localhost:37321/__cypress/runner/cypress_runner.js:165453:10)\n    at Promise._settlePromises (http://localhost:37321/__cypress/runner/cypress_runner.js:165528:18)\n    at Async../node_modules/bluebird/js/release/async.js.Async._drainQueue (http://localhost:37321/__cypress/runner/cypress_runner.js:162140:16)\n    at Async../node_modules/bluebird/js/release/async.js.Async._drainQueues (http://localhost:37321/__cypress/runner/cypress_runner.js:162150:10)\n    at Async.drainQueues (http://localhost:37321/__cypress/runner/cypress_runner.js:162024:14)",
                "diff": null
              },
              "uuid": "e8158527-ec1a-47e4-8cdc-a2afaf3c0f81",
              "parentUUID": "3b749d03-a657-46cf-8319-e48314c1f375",
              "isHook": false,
              "skipped": false
            },
            {
              "title": "Verifica se nenhum valor for colocado no input ao clicar no botão, um `alert` é exibido com o texto: 'Board inválido!'",
              "fullTitle": "10 - Faça o quadro de pixels ter seu tamanho definido pelo usuário. Verifica se nenhum valor for colocado no input ao clicar no botão, um `alert` é exibido com o texto: 'Board inválido!'",
              "timedOut": null,
              "duration": 4668,
              "state": "failed",
              "speed": null,
              "pass": false,
              "fail": true,
              "pending": false,
              "context": null,
              "code": "var alerted = false;\ncy.on('window:alert', function (msg) {\n  return alerted = msg;\n});\ncy.get('#generate-board').click().then(function () {\n  return expect(alerted).to.match(/Board inválido!/i);\n});",
              "err": {
                "message": "CypressError: Timed out retrying: Expected to find element: '#generate-board', but never found it.",
                "estack": "CypressError: Timed out retrying: Expected to find element: '#generate-board', but never found it.\n    at cypressErr (http://localhost:37321/__cypress/runner/cypress_runner.js:149934:9)\n    at throwErr (http://localhost:37321/__cypress/runner/cypress_runner.js:149867:11)\n    at Object.throwErrByPath (http://localhost:37321/__cypress/runner/cypress_runner.js:149915:3)\n    at retry (http://localhost:37321/__cypress/runner/cypress_runner.js:144197:19)\n    at onFailFn (http://localhost:37321/__cypress/runner/cypress_runner.js:132448:16)\n    at tryCatcher (http://localhost:37321/__cypress/runner/cypress_runner.js:167415:23)\n    at Promise._settlePromiseFromHandler (http://localhost:37321/__cypress/runner/cypress_runner.js:165351:31)\n    at Promise._settlePromise (http://localhost:37321/__cypress/runner/cypress_runner.js:165408:18)\n    at Promise._settlePromise0 (http://localhost:37321/__cypress/runner/cypress_runner.js:165453:10)\n    at Promise._settlePromises (http://localhost:37321/__cypress/runner/cypress_runner.js:165528:18)\n    at Async../node_modules/bluebird/js/release/async.js.Async._drainQueue (http://localhost:37321/__cypress/runner/cypress_runner.js:162140:16)\n    at Async../node_modules/bluebird/js/release/async.js.Async._drainQueues (http://localhost:37321/__cypress/runner/cypress_runner.js:162150:10)\n    at Async.drainQueues (http://localhost:37321/__cypress/runner/cypress_runner.js:162024:14)",
                "diff": null
              },
              "uuid": "06067952-5e3e-4d27-8209-8634aff86968",
              "parentUUID": "3b749d03-a657-46cf-8319-e48314c1f375",
              "isHook": false,
              "skipped": false
            },
            {
              "title": "Verifica se ao clicar no botão com um valor preenchido, o tamanho do board muda.",
              "fullTitle": "10 - Faça o quadro de pixels ter seu tamanho definido pelo usuário. Verifica se ao clicar no botão com um valor preenchido, o tamanho do board muda.",
              "timedOut": null,
              "duration": 4615,
              "state": "failed",
              "speed": null,
              "pass": false,
              "fail": true,
              "pending": false,
              "context": null,
              "code": "cy.get('#board-size').clear().type(10);\ncy.get('#generate-board').click();\ncy.get('.pixel').should('have.length', 100);",
              "err": {
                "message": "CypressError: Timed out retrying: Expected to find element: '#board-size', but never found it.",
                "estack": "CypressError: Timed out retrying: Expected to find element: '#board-size', but never found it.\n    at cypressErr (http://localhost:37321/__cypress/runner/cypress_runner.js:149934:9)\n    at throwErr (http://localhost:37321/__cypress/runner/cypress_runner.js:149867:11)\n    at Object.throwErrByPath (http://localhost:37321/__cypress/runner/cypress_runner.js:149915:3)\n    at retry (http://localhost:37321/__cypress/runner/cypress_runner.js:144197:19)\n    at onFailFn (http://localhost:37321/__cypress/runner/cypress_runner.js:132448:16)\n    at tryCatcher (http://localhost:37321/__cypress/runner/cypress_runner.js:167415:23)\n    at Promise._settlePromiseFromHandler (http://localhost:37321/__cypress/runner/cypress_runner.js:165351:31)\n    at Promise._settlePromise (http://localhost:37321/__cypress/runner/cypress_runner.js:165408:18)\n    at Promise._settlePromise0 (http://localhost:37321/__cypress/runner/cypress_runner.js:165453:10)\n    at Promise._settlePromises (http://localhost:37321/__cypress/runner/cypress_runner.js:165528:18)\n    at Async../node_modules/bluebird/js/release/async.js.Async._drainQueue (http://localhost:37321/__cypress/runner/cypress_runner.js:162140:16)\n    at Async../node_modules/bluebird/js/release/async.js.Async._drainQueues (http://localhost:37321/__cypress/runner/cypress_runner.js:162150:10)\n    at Async.drainQueues (http://localhost:37321/__cypress/runner/cypress_runner.js:162024:14)",
                "diff": null
              },
              "uuid": "20335d37-5c49-45a3-acb1-aaa9ea68790e",
              "parentUUID": "3b749d03-a657-46cf-8319-e48314c1f375",
              "isHook": false,
              "skipped": false
            },
            {
              "title": "Verifica se o novo quadro tem todos os pixels preenchidos com a cor branca",
              "fullTitle": "10 - Faça o quadro de pixels ter seu tamanho definido pelo usuário. Verifica se o novo quadro tem todos os pixels preenchidos com a cor branca",
              "timedOut": null,
              "duration": 4662,
              "state": "failed",
              "speed": null,
              "pass": false,
              "fail": true,
              "pending": false,
              "context": null,
              "code": "cy.get('#board-size').clear().type(6);\ncy.get('#generate-board').click();\ncy.get('.pixel').should('have.length', 36).each(function (pixel) {\n  expect(pixel).to.have.css('background-color', WHITE);\n});",
              "err": {
                "message": "CypressError: Timed out retrying: Expected to find element: '#board-size', but never found it.",
                "estack": "CypressError: Timed out retrying: Expected to find element: '#board-size', but never found it.\n    at cypressErr (http://localhost:37321/__cypress/runner/cypress_runner.js:149934:9)\n    at throwErr (http://localhost:37321/__cypress/runner/cypress_runner.js:149867:11)\n    at Object.throwErrByPath (http://localhost:37321/__cypress/runner/cypress_runner.js:149915:3)\n    at retry (http://localhost:37321/__cypress/runner/cypress_runner.js:144197:19)\n    at onFailFn (http://localhost:37321/__cypress/runner/cypress_runner.js:132448:16)\n    at tryCatcher (http://localhost:37321/__cypress/runner/cypress_runner.js:167415:23)\n    at Promise._settlePromiseFromHandler (http://localhost:37321/__cypress/runner/cypress_runner.js:165351:31)\n    at Promise._settlePromise (http://localhost:37321/__cypress/runner/cypress_runner.js:165408:18)\n    at Promise._settlePromise0 (http://localhost:37321/__cypress/runner/cypress_runner.js:165453:10)\n    at Promise._settlePromises (http://localhost:37321/__cypress/runner/cypress_runner.js:165528:18)\n    at Async../node_modules/bluebird/js/release/async.js.Async._drainQueue (http://localhost:37321/__cypress/runner/cypress_runner.js:162140:16)\n    at Async../node_modules/bluebird/js/release/async.js.Async._drainQueues (http://localhost:37321/__cypress/runner/cypress_runner.js:162150:10)\n    at Async.drainQueues (http://localhost:37321/__cypress/runner/cypress_runner.js:162024:14)",
                "diff": null
              },
              "uuid": "3f214c16-21b6-484b-81d4-01037e6c8d7b",
              "parentUUID": "3b749d03-a657-46cf-8319-e48314c1f375",
              "isHook": false,
              "skipped": false
            }
          ],
          "suites": [],
          "passes": [],
          "failures": [
            "804ef7f0-1cba-4860-ad0c-df0d6e908fe4",
            "194f38c1-586f-468e-914e-831a0c48f48f",
            "4e88cb7c-2c58-4900-95d1-da8a43500132",
            "00ccbf7a-593b-4d99-bec2-a9b5b193b6c4",
            "07370ce6-0c01-4b22-a230-6bc09dd9bac4",
            "e8158527-ec1a-47e4-8cdc-a2afaf3c0f81",
            "06067952-5e3e-4d27-8209-8634aff86968",
            "20335d37-5c49-45a3-acb1-aaa9ea68790e",
            "3f214c16-21b6-484b-81d4-01037e6c8d7b"
          ],
          "pending": [],
          "skipped": [],
          "duration": 41395,
          "root": false,
          "rootEmpty": false,
          "_timeout": 2000
        },
        {
          "uuid": "eaf72f95-e036-46e7-a61d-602d28e1c7f7",
          "title": "11 - Limite o tamanho mínimo e máximo do board.",
          "fullFile": "",
          "file": "",
          "beforeHooks": [],
          "afterHooks": [],
          "tests": [
            {
              "title": "Verifica se a altura máxima do board é 50",
              "fullTitle": "11 - Limite o tamanho mínimo e máximo do board. Verifica se a altura máxima do board é 50",
              "timedOut": null,
              "duration": 4667,
              "state": "failed",
              "speed": null,
              "pass": false,
              "fail": true,
              "pending": false,
              "context": null,
              "code": "cy.get('#board-size').clear().type(50);\ncy.get('#generate-board').click();\ncy.get('.pixel').should('have.length', 2500);",
              "err": {
                "message": "CypressError: Timed out retrying: Expected to find element: '#board-size', but never found it.",
                "estack": "CypressError: Timed out retrying: Expected to find element: '#board-size', but never found it.\n    at cypressErr (http://localhost:37321/__cypress/runner/cypress_runner.js:149934:9)\n    at throwErr (http://localhost:37321/__cypress/runner/cypress_runner.js:149867:11)\n    at Object.throwErrByPath (http://localhost:37321/__cypress/runner/cypress_runner.js:149915:3)\n    at retry (http://localhost:37321/__cypress/runner/cypress_runner.js:144197:19)\n    at onFailFn (http://localhost:37321/__cypress/runner/cypress_runner.js:132448:16)\n    at tryCatcher (http://localhost:37321/__cypress/runner/cypress_runner.js:167415:23)\n    at Promise._settlePromiseFromHandler (http://localhost:37321/__cypress/runner/cypress_runner.js:165351:31)\n    at Promise._settlePromise (http://localhost:37321/__cypress/runner/cypress_runner.js:165408:18)\n    at Promise._settlePromise0 (http://localhost:37321/__cypress/runner/cypress_runner.js:165453:10)\n    at Promise._settlePromises (http://localhost:37321/__cypress/runner/cypress_runner.js:165528:18)\n    at Async../node_modules/bluebird/js/release/async.js.Async._drainQueue (http://localhost:37321/__cypress/runner/cypress_runner.js:162140:16)\n    at Async../node_modules/bluebird/js/release/async.js.Async._drainQueues (http://localhost:37321/__cypress/runner/cypress_runner.js:162150:10)\n    at Async.drainQueues (http://localhost:37321/__cypress/runner/cypress_runner.js:162024:14)",
                "diff": null
              },
              "uuid": "e4c649ee-2378-4deb-bdee-5c2a7a4d170e",
              "parentUUID": "eaf72f95-e036-46e7-a61d-602d28e1c7f7",
              "isHook": false,
              "skipped": false
            },
            {
              "title": "Verifica se a altura do board é 5 quando um valor menor é colocado no input",
              "fullTitle": "11 - Limite o tamanho mínimo e máximo do board. Verifica se a altura do board é 5 quando um valor menor é colocado no input",
              "timedOut": null,
              "duration": 4557,
              "state": "failed",
              "speed": null,
              "pass": false,
              "fail": true,
              "pending": false,
              "context": null,
              "code": "cy.get('#board-size').clear().type(4);\ncy.get('#generate-board').click();\ncy.get('.pixel').should('have.length', 25);",
              "err": {
                "message": "CypressError: Timed out retrying: Expected to find element: '#board-size', but never found it.",
                "estack": "CypressError: Timed out retrying: Expected to find element: '#board-size', but never found it.\n    at cypressErr (http://localhost:37321/__cypress/runner/cypress_runner.js:149934:9)\n    at throwErr (http://localhost:37321/__cypress/runner/cypress_runner.js:149867:11)\n    at Object.throwErrByPath (http://localhost:37321/__cypress/runner/cypress_runner.js:149915:3)\n    at retry (http://localhost:37321/__cypress/runner/cypress_runner.js:144197:19)\n    at onFailFn (http://localhost:37321/__cypress/runner/cypress_runner.js:132448:16)\n    at tryCatcher (http://localhost:37321/__cypress/runner/cypress_runner.js:167415:23)\n    at Promise._settlePromiseFromHandler (http://localhost:37321/__cypress/runner/cypress_runner.js:165351:31)\n    at Promise._settlePromise (http://localhost:37321/__cypress/runner/cypress_runner.js:165408:18)\n    at Promise._settlePromise0 (http://localhost:37321/__cypress/runner/cypress_runner.js:165453:10)\n    at Promise._settlePromises (http://localhost:37321/__cypress/runner/cypress_runner.js:165528:18)\n    at Async../node_modules/bluebird/js/release/async.js.Async._drainQueue (http://localhost:37321/__cypress/runner/cypress_runner.js:162140:16)\n    at Async../node_modules/bluebird/js/release/async.js.Async._drainQueues (http://localhost:37321/__cypress/runner/cypress_runner.js:162150:10)\n    at Async.drainQueues (http://localhost:37321/__cypress/runner/cypress_runner.js:162024:14)",
                "diff": null
              },
              "uuid": "828541db-3f27-4a48-89d9-fbcb802ec68d",
              "parentUUID": "eaf72f95-e036-46e7-a61d-602d28e1c7f7",
              "isHook": false,
              "skipped": false
            },
            {
              "title": "Verifica se a altura do board é 50 quando um valor maior é colocado no input",
              "fullTitle": "11 - Limite o tamanho mínimo e máximo do board. Verifica se a altura do board é 50 quando um valor maior é colocado no input",
              "timedOut": null,
              "duration": 4622,
              "state": "failed",
              "speed": null,
              "pass": false,
              "fail": true,
              "pending": false,
              "context": null,
              "code": "cy.get('#board-size').clear().type(51);\ncy.get('#generate-board').click();\ncy.get('.pixel').should('have.length', 2500);",
              "err": {
                "message": "CypressError: Timed out retrying: Expected to find element: '#board-size', but never found it.",
                "estack": "CypressError: Timed out retrying: Expected to find element: '#board-size', but never found it.\n    at cypressErr (http://localhost:37321/__cypress/runner/cypress_runner.js:149934:9)\n    at throwErr (http://localhost:37321/__cypress/runner/cypress_runner.js:149867:11)\n    at Object.throwErrByPath (http://localhost:37321/__cypress/runner/cypress_runner.js:149915:3)\n    at retry (http://localhost:37321/__cypress/runner/cypress_runner.js:144197:19)\n    at onFailFn (http://localhost:37321/__cypress/runner/cypress_runner.js:132448:16)\n    at tryCatcher (http://localhost:37321/__cypress/runner/cypress_runner.js:167415:23)\n    at Promise._settlePromiseFromHandler (http://localhost:37321/__cypress/runner/cypress_runner.js:165351:31)\n    at Promise._settlePromise (http://localhost:37321/__cypress/runner/cypress_runner.js:165408:18)\n    at Promise._settlePromise0 (http://localhost:37321/__cypress/runner/cypress_runner.js:165453:10)\n    at Promise._settlePromises (http://localhost:37321/__cypress/runner/cypress_runner.js:165528:18)\n    at Async../node_modules/bluebird/js/release/async.js.Async._drainQueue (http://localhost:37321/__cypress/runner/cypress_runner.js:162140:16)\n    at Async../node_modules/bluebird/js/release/async.js.Async._drainQueues (http://localhost:37321/__cypress/runner/cypress_runner.js:162150:10)\n    at Async.drainQueues (http://localhost:37321/__cypress/runner/cypress_runner.js:162024:14)",
                "diff": null
              },
              "uuid": "11934b9f-6a1c-484b-9082-8572a0644ba3",
              "parentUUID": "eaf72f95-e036-46e7-a61d-602d28e1c7f7",
              "isHook": false,
              "skipped": false
            }
          ],
          "suites": [],
          "passes": [],
          "failures": [
            "e4c649ee-2378-4deb-bdee-5c2a7a4d170e",
            "828541db-3f27-4a48-89d9-fbcb802ec68d",
            "11934b9f-6a1c-484b-9082-8572a0644ba3"
          ],
          "pending": [],
          "skipped": [],
          "duration": 13846,
          "root": false,
          "rootEmpty": false,
          "_timeout": 2000
        },
        {
          "uuid": "bc9def8d-71cb-4e86-a12c-a3c49242950d",
          "title": "12 - Faça com que as cores da paleta sejam geradas aleatoriamente ao carregar a página.",
          "fullFile": "",
          "file": "",
          "beforeHooks": [],
          "afterHooks": [],
          "tests": [
            {
              "title": "Verifica se as cores geradas na paleta são diferentes a cada carregamento da página",
              "fullTitle": "12 - Faça com que as cores da paleta sejam geradas aleatoriamente ao carregar a página. Verifica se as cores geradas na paleta são diferentes a cada carregamento da página",
              "timedOut": null,
              "duration": 778,
              "state": "failed",
              "speed": null,
              "pass": false,
              "fail": true,
              "pending": false,
              "context": null,
              "code": "cy.get('.color').then(function (colors) {\n  var currentColors;\n  var previousColors;\n  previousColors = Array.from(colors).map(function (color) {\n    return Cypress.$(color).css('background-color');\n  });\n  for (var i = 0; i < 5; i += 1) {\n    cy.reload();\n    cy.get('.color').then(function (colors) {\n      currentColors = Array.from(colors).map(function (color) {\n        return Cypress.$(color).css('background-color');\n      });\n      expect(currentColors).not.to.deep.equal(previousColors);\n      previousColors = currentColors;\n    });\n  }\n});",
              "err": {
                "message": "AssertionError: expected [ Array(4) ] to not deeply equal [ Array(4) ]",
                "estack": "AssertionError: expected [ Array(4) ] to not deeply equal [ Array(4) ]\n    at getRet (http://localhost:37321/__cypress/runner/cypress_runner.js:136585:16)\n    at tryCatcher (http://localhost:37321/__cypress/runner/cypress_runner.js:167415:23)\n    at Function.Promise.attempt.Promise.try (http://localhost:37321/__cypress/runner/cypress_runner.js:164690:29)\n    at Context.thenFn (http://localhost:37321/__cypress/runner/cypress_runner.js:136599:23)\n    at Context.then (http://localhost:37321/__cypress/runner/cypress_runner.js:136971:21)\n    at Context.<anonymous> (http://localhost:37321/__cypress/runner/cypress_runner.js:148875:21)\n    at http://localhost:37321/__cypress/runner/cypress_runner.js:148351:33\n    at tryCatcher (http://localhost:37321/__cypress/runner/cypress_runner.js:167415:23)\n    at Promise._settlePromiseFromHandler (http://localhost:37321/__cypress/runner/cypress_runner.js:165351:31)\n    at Promise._settlePromise (http://localhost:37321/__cypress/runner/cypress_runner.js:165408:18)\n    at Promise._settlePromiseCtx (http://localhost:37321/__cypress/runner/cypress_runner.js:165445:10)\n    at Async../node_modules/bluebird/js/release/async.js.Async._drainQueue (http://localhost:37321/__cypress/runner/cypress_runner.js:162145:12)\n    at Async../node_modules/bluebird/js/release/async.js.Async._drainQueues (http://localhost:37321/__cypress/runner/cypress_runner.js:162150:10)\n    at Async.drainQueues (http://localhost:37321/__cypress/runner/cypress_runner.js:162024:14)",
                "diff": ""
              },
              "uuid": "364f6449-5b00-4fcf-8e95-fb69cc055242",
              "parentUUID": "bc9def8d-71cb-4e86-a12c-a3c49242950d",
              "isHook": false,
              "skipped": false
            },
            {
              "title": "Verifica se a cor preta ainda está presente e é a primeira na sua paleta de cores",
              "fullTitle": "12 - Faça com que as cores da paleta sejam geradas aleatoriamente ao carregar a página. Verifica se a cor preta ainda está presente e é a primeira na sua paleta de cores",
              "timedOut": null,
              "duration": 628,
              "state": "failed",
              "speed": null,
              "pass": false,
              "fail": true,
              "pending": false,
              "context": null,
              "code": "cy.get('.color').then(function (colors) {\n  var currentColors;\n  var previousColors;\n  previousColors = Array.from(colors).map(function (color) {\n    return Cypress.$(color).css('background-color');\n  });\n  expect(previousColors[0]).to.eq(BLACK);\n  for (var i = 0; i < 5; i += 1) {\n    cy.reload();\n    cy.get('.color').then(function (colors) {\n      currentColors = Array.from(colors).map(function (color) {\n        return Cypress.$(color).css('background-color');\n      });\n      expect(currentColors[0]).to.eq(BLACK);\n      expect(currentColors).not.to.deep.equal(previousColors);\n      previousColors = currentColors;\n    });\n  }\n});",
              "err": {
                "message": "AssertionError: expected [ Array(4) ] to not deeply equal [ Array(4) ]",
                "estack": "AssertionError: expected [ Array(4) ] to not deeply equal [ Array(4) ]\n    at getRet (http://localhost:37321/__cypress/runner/cypress_runner.js:136585:16)\n    at tryCatcher (http://localhost:37321/__cypress/runner/cypress_runner.js:167415:23)\n    at Function.Promise.attempt.Promise.try (http://localhost:37321/__cypress/runner/cypress_runner.js:164690:29)\n    at Context.thenFn (http://localhost:37321/__cypress/runner/cypress_runner.js:136599:23)\n    at Context.then (http://localhost:37321/__cypress/runner/cypress_runner.js:136971:21)\n    at Context.<anonymous> (http://localhost:37321/__cypress/runner/cypress_runner.js:148875:21)\n    at http://localhost:37321/__cypress/runner/cypress_runner.js:148351:33\n    at tryCatcher (http://localhost:37321/__cypress/runner/cypress_runner.js:167415:23)\n    at Promise._settlePromiseFromHandler (http://localhost:37321/__cypress/runner/cypress_runner.js:165351:31)\n    at Promise._settlePromise (http://localhost:37321/__cypress/runner/cypress_runner.js:165408:18)\n    at Promise._settlePromiseCtx (http://localhost:37321/__cypress/runner/cypress_runner.js:165445:10)\n    at Async../node_modules/bluebird/js/release/async.js.Async._drainQueue (http://localhost:37321/__cypress/runner/cypress_runner.js:162145:12)\n    at Async../node_modules/bluebird/js/release/async.js.Async._drainQueues (http://localhost:37321/__cypress/runner/cypress_runner.js:162150:10)\n    at Async.drainQueues (http://localhost:37321/__cypress/runner/cypress_runner.js:162024:14)",
                "diff": ""
              },
              "uuid": "1d7d5a00-0c48-4d63-a725-e05ce1326a59",
              "parentUUID": "bc9def8d-71cb-4e86-a12c-a3c49242950d",
              "isHook": false,
              "skipped": false
            }
          ],
          "suites": [],
          "passes": [],
          "failures": [
            "364f6449-5b00-4fcf-8e95-fb69cc055242",
            "1d7d5a00-0c48-4d63-a725-e05ce1326a59"
          ],
          "pending": [],
          "skipped": [],
          "duration": 1406,
          "root": false,
          "rootEmpty": false,
          "_timeout": 2000
        }
      ],
      "passes": [],
      "failures": [],
      "pending": [],
      "skipped": [],
      "duration": 0,
      "root": true,
      "rootEmpty": true,
      "_timeout": 2000
    }
  ],
  "meta": {
    "mocha": {
      "version": "7.0.1"
    },
    "mochawesome": {
      "options": {
        "quiet": false,
        "reportFilename": "mochawesome",
        "saveHtml": false,
        "saveJson": true,
        "consoleReporter": "spec",
        "useInlineDiffs": false
      },
      "version": "4.1.0"
    },
    "marge": {
      "options": {
        "id": "default",
        "reportDir": "cypress/reports",
        "overwrite": true,
        "html": false,
        "json": true
      },
      "version": "4.1.0"
    }
  }
}