{
  "stats": {
    "suites": 12,
    "tests": 41,
    "passes": 23,
    "pending": 0,
    "failures": 18,
    "start": "2021-09-11T22:38:14.396Z",
    "end": "2021-09-11T22:40:10.815Z",
    "duration": 116419,
    "testsRegistered": 41,
    "passPercent": 56.09756097560976,
    "pendingPercent": 0,
    "other": 0,
    "hasOther": false,
    "skipped": 0,
    "hasSkipped": false
  },
  "results": [
    {
      "uuid": "e7d9416f-ae4b-4d9f-8235-edfe8d892746",
      "title": "",
      "fullFile": "cypress/integration/project.spec.js",
      "file": "cypress/integration/project.spec.js",
      "beforeHooks": [],
      "afterHooks": [],
      "tests": [],
      "suites": [
        {
          "uuid": "3e7fd604-efaa-4e5b-9487-47e8dbc84153",
          "title": "1 - Adicione à página o título \"Paleta de Cores\".",
          "fullFile": "",
          "file": "",
          "beforeHooks": [],
          "afterHooks": [],
          "tests": [
            {
              "title": "Verifica se contém um elemento `h1` com o id `title` com o título correto",
              "fullTitle": "1 - Adicione à página o título \"Paleta de Cores\". Verifica se contém um elemento `h1` com o id `title` com o título correto",
              "timedOut": null,
              "duration": 600,
              "state": "passed",
              "speed": "slow",
              "pass": true,
              "fail": false,
              "pending": false,
              "context": null,
              "code": "cy.get('h1#title').should('contain.text', 'Paleta de Cores');",
              "err": {},
              "uuid": "771efdf3-e3f8-4043-8738-63c43b8e9096",
              "parentUUID": "3e7fd604-efaa-4e5b-9487-47e8dbc84153",
              "isHook": false,
              "skipped": false
            }
          ],
          "suites": [],
          "passes": [
            "771efdf3-e3f8-4043-8738-63c43b8e9096"
          ],
          "failures": [],
          "pending": [],
          "skipped": [],
          "duration": 600,
          "root": false,
          "rootEmpty": false,
          "_timeout": 2000
        },
        {
          "uuid": "aa0d3e9f-7a79-49ad-875c-48c4129abda5",
          "title": "2 - Adicione à página uma paleta de quatro cores distintas.",
          "fullFile": "",
          "file": "",
          "beforeHooks": [],
          "afterHooks": [],
          "tests": [
            {
              "title": "A paleta de cores deve ser um elemento com `id` denominado `color-palette`",
              "fullTitle": "2 - Adicione à página uma paleta de quatro cores distintas. A paleta de cores deve ser um elemento com `id` denominado `color-palette`",
              "timedOut": null,
              "duration": 476,
              "state": "passed",
              "speed": "slow",
              "pass": true,
              "fail": false,
              "pending": false,
              "context": null,
              "code": "cy.get('#color-palette').should('be.visible');\ncy.get('#color-palette').children('.color');",
              "err": {},
              "uuid": "9545b017-feea-482c-89ff-06a8f7fe2a71",
              "parentUUID": "aa0d3e9f-7a79-49ad-875c-48c4129abda5",
              "isHook": false,
              "skipped": false
            },
            {
              "title": "Verifica se cada cor individual da paleta de cores possui a `classe` chamada `color`.",
              "fullTitle": "2 - Adicione à página uma paleta de quatro cores distintas. Verifica se cada cor individual da paleta de cores possui a `classe` chamada `color`.",
              "timedOut": null,
              "duration": 394,
              "state": "passed",
              "speed": "slow",
              "pass": true,
              "fail": false,
              "pending": false,
              "context": null,
              "code": "cy.get('.color').should('have.length', 4).then(function (colors) {\n  for (var i = 0; i < colors.length; i++) {\n    cy.wrap(colors[i]).should('be.visible');\n  }\n});",
              "err": {},
              "uuid": "99c37482-595b-41e9-9569-638ba4a124be",
              "parentUUID": "aa0d3e9f-7a79-49ad-875c-48c4129abda5",
              "isHook": false,
              "skipped": false
            },
            {
              "title": "Verifica se a cor de fundo de cada elemento da paleta é a cor que o elemento representa. **A única cor não permitida na paleta é a cor branca.**",
              "fullTitle": "2 - Adicione à página uma paleta de quatro cores distintas. Verifica se a cor de fundo de cada elemento da paleta é a cor que o elemento representa. **A única cor não permitida na paleta é a cor branca.**",
              "timedOut": null,
              "duration": 239,
              "state": "passed",
              "speed": "slow",
              "pass": true,
              "fail": false,
              "pending": false,
              "context": null,
              "code": "cy.get('.color').each(function (color) {\n  cy.wrap(color).should('have.class', 'color').and('not.have.css', 'background-color', WHITE);\n  cy.wrap(color).should('have.css', 'background-color');\n});",
              "err": {},
              "uuid": "6c71d661-da98-4fcd-8268-d95ce9a322b4",
              "parentUUID": "aa0d3e9f-7a79-49ad-875c-48c4129abda5",
              "isHook": false,
              "skipped": false
            },
            {
              "title": "Verifica se cada elemento da paleta de cores tem uma borda preta, sólida e com 1 pixel de largura;",
              "fullTitle": "2 - Adicione à página uma paleta de quatro cores distintas. Verifica se cada elemento da paleta de cores tem uma borda preta, sólida e com 1 pixel de largura;",
              "timedOut": null,
              "duration": 326,
              "state": "passed",
              "speed": "slow",
              "pass": true,
              "fail": false,
              "pending": false,
              "context": null,
              "code": "cy.get('.color').each(function (color) {\n  cy.wrap(color).and('have.css', 'border', \"1px solid \".concat(BLACK)).and('have.class', 'color');\n});",
              "err": {},
              "uuid": "1f9984b6-79cc-41d1-af98-1680902bf1cb",
              "parentUUID": "aa0d3e9f-7a79-49ad-875c-48c4129abda5",
              "isHook": false,
              "skipped": false
            },
            {
              "title": "Verifica se a paleta lista todas as cores disponíveis para utilização, lado a lado.",
              "fullTitle": "2 - Adicione à página uma paleta de quatro cores distintas. Verifica se a paleta lista todas as cores disponíveis para utilização, lado a lado.",
              "timedOut": null,
              "duration": 142,
              "state": "passed",
              "speed": "slow",
              "pass": true,
              "fail": false,
              "pending": false,
              "context": null,
              "code": "cy.get('.color').then(function (colors) {\n  for (var index = 1; index < colors.length; index += 1) {\n    var currentColor = colors[index];\n    var previousColor = colors[index - 1];\n    cy.wrap(currentColor).should('be.onTheRightOf', previousColor).and('be.horizontallyAlignedWith', previousColor);\n  }\n});",
              "err": {},
              "uuid": "dd0264fe-1389-4155-be8c-0ebcb764d976",
              "parentUUID": "aa0d3e9f-7a79-49ad-875c-48c4129abda5",
              "isHook": false,
              "skipped": false
            },
            {
              "title": "Verifica se a paleta de cores está posicionada abaixo do título 'Paleta de Cores'",
              "fullTitle": "2 - Adicione à página uma paleta de quatro cores distintas. Verifica se a paleta de cores está posicionada abaixo do título 'Paleta de Cores'",
              "timedOut": null,
              "duration": 168,
              "state": "passed",
              "speed": "slow",
              "pass": true,
              "fail": false,
              "pending": false,
              "context": null,
              "code": "cy.get('h1#title').then(function (title) {\n  cy.get('#color-palette').should('be.belowOf', title);\n});",
              "err": {},
              "uuid": "2726bcd7-fb34-4dab-941b-1d91b58f79e1",
              "parentUUID": "aa0d3e9f-7a79-49ad-875c-48c4129abda5",
              "isHook": false,
              "skipped": false
            },
            {
              "title": "Verifica se a paleta de cores não contém cores repetidas.",
              "fullTitle": "2 - Adicione à página uma paleta de quatro cores distintas. Verifica se a paleta de cores não contém cores repetidas.",
              "timedOut": null,
              "duration": 267,
              "state": "passed",
              "speed": "slow",
              "pass": true,
              "fail": false,
              "pending": false,
              "context": null,
              "code": "cy.get('.color').then(function (colors) {\n  var allColors = Array.from(colors).map(function (color) {\n    return Cypress.$(color).css('background-color');\n  });\n  cy.log(allColors);\n  var uniqColors = (0, _toConsumableArray2[\"default\"])(new Set(allColors));\n  cy.log(uniqColors);\n  expect(allColors.length).to.eq(uniqColors.length);\n});",
              "err": {},
              "uuid": "0a309d57-5ac5-4221-9cb4-a5d836efddb1",
              "parentUUID": "aa0d3e9f-7a79-49ad-875c-48c4129abda5",
              "isHook": false,
              "skipped": false
            }
          ],
          "suites": [],
          "passes": [
            "9545b017-feea-482c-89ff-06a8f7fe2a71",
            "99c37482-595b-41e9-9569-638ba4a124be",
            "6c71d661-da98-4fcd-8268-d95ce9a322b4",
            "1f9984b6-79cc-41d1-af98-1680902bf1cb",
            "dd0264fe-1389-4155-be8c-0ebcb764d976",
            "2726bcd7-fb34-4dab-941b-1d91b58f79e1",
            "0a309d57-5ac5-4221-9cb4-a5d836efddb1"
          ],
          "failures": [],
          "pending": [],
          "skipped": [],
          "duration": 2012,
          "root": false,
          "rootEmpty": false,
          "_timeout": 2000
        },
        {
          "uuid": "b1f7b7bb-324d-4045-b10b-4f1c89973e0b",
          "title": "3 - Adicione a cor **preta** como a primeira cor da paleta de cores.",
          "fullFile": "",
          "file": "",
          "beforeHooks": [],
          "afterHooks": [],
          "tests": [
            {
              "title": "Verifica se a primeira cor da paleta é preta",
              "fullTitle": "3 - Adicione a cor **preta** como a primeira cor da paleta de cores. Verifica se a primeira cor da paleta é preta",
              "timedOut": null,
              "duration": 135,
              "state": "passed",
              "speed": "slow",
              "pass": true,
              "fail": false,
              "pending": false,
              "context": null,
              "code": "cy.get('.color').first().should('have.css', 'background-color', BLACK);",
              "err": {},
              "uuid": "cd475b03-c0af-41d8-a622-00b3716d0433",
              "parentUUID": "b1f7b7bb-324d-4045-b10b-4f1c89973e0b",
              "isHook": false,
              "skipped": false
            },
            {
              "title": "Verifica se as demais cores podem ser escolhidas livremente.",
              "fullTitle": "3 - Adicione a cor **preta** como a primeira cor da paleta de cores. Verifica se as demais cores podem ser escolhidas livremente.",
              "timedOut": null,
              "duration": 315,
              "state": "passed",
              "speed": "slow",
              "pass": true,
              "fail": false,
              "pending": false,
              "context": null,
              "code": "cy.get('.color').eq(1).should('not.have.css', 'background-color', BLACK);\ncy.get('.color').eq(1).should('not.have.css', 'background-color', WHITE);\ncy.get('.color').eq(1).should('not.have.css', 'background-color', 'rgba(0, 0, 0, 0)');\ncy.get('.color').eq(1).should('have.css', 'background-color');\ncy.get('.color').eq(2).should('not.have.css', 'background-color', BLACK);\ncy.get('.color').eq(2).should('not.have.css', 'background-color', WHITE);\ncy.get('.color').eq(2).should('not.have.css', 'background-color', 'rgba(0, 0, 0, 0)');\ncy.get('.color').eq(2).should('have.css', 'background-color');\ncy.get('.color').eq(3).should('not.have.css', 'background-color', BLACK);\ncy.get('.color').eq(3).should('not.have.css', 'background-color', WHITE);\ncy.get('.color').eq(3).should('not.have.css', 'background-color', 'rgba(0, 0, 0, 0)');\ncy.get('.color').eq(3).should('have.css', 'background-color');",
              "err": {},
              "uuid": "9829aee5-f692-446c-a334-da48b2a2891a",
              "parentUUID": "b1f7b7bb-324d-4045-b10b-4f1c89973e0b",
              "isHook": false,
              "skipped": false
            }
          ],
          "suites": [],
          "passes": [
            "cd475b03-c0af-41d8-a622-00b3716d0433",
            "9829aee5-f692-446c-a334-da48b2a2891a"
          ],
          "failures": [],
          "pending": [],
          "skipped": [],
          "duration": 450,
          "root": false,
          "rootEmpty": false,
          "_timeout": 2000
        },
        {
          "uuid": "e072e3fe-f442-4f18-b491-afecc8719e57",
          "title": "4 - Adicione à página um quadro de pixels, com 25 pixels.",
          "fullFile": "",
          "file": "",
          "beforeHooks": [],
          "afterHooks": [],
          "tests": [
            {
              "title": "Verifica se o quadro de pixels possui o `id` denominado `pixel-board`",
              "fullTitle": "4 - Adicione à página um quadro de pixels, com 25 pixels. Verifica se o quadro de pixels possui o `id` denominado `pixel-board`",
              "timedOut": null,
              "duration": 181,
              "state": "passed",
              "speed": "slow",
              "pass": true,
              "fail": false,
              "pending": false,
              "context": null,
              "code": "cy.get('#pixel-board').should('be.visible');",
              "err": {},
              "uuid": "ca2c26a7-5b12-487c-a959-b06d936f3f5b",
              "parentUUID": "e072e3fe-f442-4f18-b491-afecc8719e57",
              "isHook": false,
              "skipped": false
            },
            {
              "title": "Verifica se cada pixel individual dentro do quadro possui a `classe` denominada `pixel`.",
              "fullTitle": "4 - Adicione à página um quadro de pixels, com 25 pixels. Verifica se cada pixel individual dentro do quadro possui a `classe` denominada `pixel`.",
              "timedOut": null,
              "duration": 205,
              "state": "passed",
              "speed": "slow",
              "pass": true,
              "fail": false,
              "pending": false,
              "context": null,
              "code": "cy.get('.pixel').should('have.length', 25);",
              "err": {},
              "uuid": "47798e71-25c8-4be4-a024-63b30b4df88e",
              "parentUUID": "e072e3fe-f442-4f18-b491-afecc8719e57",
              "isHook": false,
              "skipped": false
            },
            {
              "title": "Verifica se a cor inicial dos pixels dentro do quadro, ao abrir a página, é branca.",
              "fullTitle": "4 - Adicione à página um quadro de pixels, com 25 pixels. Verifica se a cor inicial dos pixels dentro do quadro, ao abrir a página, é branca.",
              "timedOut": null,
              "duration": 424,
              "state": "passed",
              "speed": "slow",
              "pass": true,
              "fail": false,
              "pending": false,
              "context": null,
              "code": "cy.get('.pixel').should('have.length', 25).each(function (pixel) {\n  expect(pixel).to.have.css('background-color', WHITE);\n});",
              "err": {},
              "uuid": "8c47ed70-62aa-4ac6-bcdc-17bb56b7690f",
              "parentUUID": "e072e3fe-f442-4f18-b491-afecc8719e57",
              "isHook": false,
              "skipped": false
            },
            {
              "title": "Verifica se o quadro de pixels aparece abaixo da paleta de cores",
              "fullTitle": "4 - Adicione à página um quadro de pixels, com 25 pixels. Verifica se o quadro de pixels aparece abaixo da paleta de cores",
              "timedOut": null,
              "duration": 239,
              "state": "passed",
              "speed": "slow",
              "pass": true,
              "fail": false,
              "pending": false,
              "context": null,
              "code": "cy.get('#color-palette').then(function (palette) {\n  cy.get('#pixel-board').should('be.belowOf', palette);\n});",
              "err": {},
              "uuid": "0b021ad2-4426-475a-a1a5-95e1b7664ca1",
              "parentUUID": "e072e3fe-f442-4f18-b491-afecc8719e57",
              "isHook": false,
              "skipped": false
            }
          ],
          "suites": [],
          "passes": [
            "ca2c26a7-5b12-487c-a959-b06d936f3f5b",
            "47798e71-25c8-4be4-a024-63b30b4df88e",
            "8c47ed70-62aa-4ac6-bcdc-17bb56b7690f",
            "0b021ad2-4426-475a-a1a5-95e1b7664ca1"
          ],
          "failures": [],
          "pending": [],
          "skipped": [],
          "duration": 1049,
          "root": false,
          "rootEmpty": false,
          "_timeout": 2000
        },
        {
          "uuid": "e12d17e6-472b-4db9-bb5c-fa35003eea79",
          "title": "5 - Faça com que cada elemento do quadro de pixels possua 40 pixels de largura, 40 pixels de altura e seja delimitado por uma borda preta de 1 pixel.",
          "fullFile": "",
          "file": "",
          "beforeHooks": [],
          "afterHooks": [],
          "tests": [
            {
              "title": "Verifica se o quadro de pixels tem altura e comprimento de 5 elementos",
              "fullTitle": "5 - Faça com que cada elemento do quadro de pixels possua 40 pixels de largura, 40 pixels de altura e seja delimitado por uma borda preta de 1 pixel. Verifica se o quadro de pixels tem altura e comprimento de 5 elementos",
              "timedOut": null,
              "duration": 561,
              "state": "passed",
              "speed": "slow",
              "pass": true,
              "fail": false,
              "pending": false,
              "context": null,
              "code": "cy.get('.pixel').should('have.length', 25).each(function (pixel) {\n  expect(pixel).to.have.css('background-color', WHITE);\n}).and(function (pixels) {\n  var rows = chunk(pixels, 5);\n  rows.forEach(function (row) {\n    for (var index = 1; index < row.length; index += 1) {\n      var current = pixels[index];\n      var previous = pixels[index - 1];\n      cy.wrap(current).should('be.onTheRightOf', previous).and('be.horizontallyAlignedWith', previous);\n    }\n  });\n  for (var index = 1; index < 5; index += 1) {\n    expect(pixels[index * 5]).to.be.belowOf(pixels[(index - 1) * 5]);\n  }\n});",
              "err": {},
              "uuid": "60591ef3-f858-4aeb-806b-91eac954ccdb",
              "parentUUID": "e12d17e6-472b-4db9-bb5c-fa35003eea79",
              "isHook": false,
              "skipped": false
            },
            {
              "title": "Verifica se 40 pixels é o tamanho total do elemento, incluindo seu conteúdo e excluindo a borda preta, que deve ser criada à parte.",
              "fullTitle": "5 - Faça com que cada elemento do quadro de pixels possua 40 pixels de largura, 40 pixels de altura e seja delimitado por uma borda preta de 1 pixel. Verifica se 40 pixels é o tamanho total do elemento, incluindo seu conteúdo e excluindo a borda preta, que deve ser criada à parte.",
              "timedOut": null,
              "duration": 581,
              "state": "passed",
              "speed": "slow",
              "pass": true,
              "fail": false,
              "pending": false,
              "context": null,
              "code": "cy.get('.pixel').each(function (pixel) {\n  cy.wrap(pixel).should('have.css', 'height', '40px').and('have.css', 'width', '40px').and('have.css', 'border', \"1px solid \".concat(BLACK));\n});",
              "err": {},
              "uuid": "763dd2c2-a42f-40c1-95b9-6f3228278e96",
              "parentUUID": "e12d17e6-472b-4db9-bb5c-fa35003eea79",
              "isHook": false,
              "skipped": false
            }
          ],
          "suites": [],
          "passes": [
            "60591ef3-f858-4aeb-806b-91eac954ccdb",
            "763dd2c2-a42f-40c1-95b9-6f3228278e96"
          ],
          "failures": [],
          "pending": [],
          "skipped": [],
          "duration": 1142,
          "root": false,
          "rootEmpty": false,
          "_timeout": 2000
        },
        {
          "uuid": "22370bbc-e312-4d52-b057-2c3ea35c349a",
          "title": "6 - Defina a cor preta como cor inicial. Ao carregar a página a cor preta já deve estar selecionada para pintar os pixels",
          "fullFile": "",
          "file": "",
          "beforeHooks": [],
          "afterHooks": [],
          "tests": [
            {
              "title": "Verifica se o elemento da cor preta possui, inicialmente, a `classe` `selected`",
              "fullTitle": "6 - Defina a cor preta como cor inicial. Ao carregar a página a cor preta já deve estar selecionada para pintar os pixels Verifica se o elemento da cor preta possui, inicialmente, a `classe` `selected`",
              "timedOut": null,
              "duration": 324,
              "state": "passed",
              "speed": "slow",
              "pass": true,
              "fail": false,
              "pending": false,
              "context": null,
              "code": "cy.get('.selected').first().should('have.css', 'background-color', BLACK);",
              "err": {},
              "uuid": "d9880996-49d5-4b4f-aedc-5d6448e4950c",
              "parentUUID": "22370bbc-e312-4d52-b057-2c3ea35c349a",
              "isHook": false,
              "skipped": false
            },
            {
              "title": "Verifica se nenhuma outra cor da paleta tem a `classe` `selected`",
              "fullTitle": "6 - Defina a cor preta como cor inicial. Ao carregar a página a cor preta já deve estar selecionada para pintar os pixels Verifica se nenhuma outra cor da paleta tem a `classe` `selected`",
              "timedOut": null,
              "duration": 132,
              "state": "passed",
              "speed": "slow",
              "pass": true,
              "fail": false,
              "pending": false,
              "context": null,
              "code": "cy.get('.color:not(:first-child)').each(function (color) {\n  cy.wrap(color).should('not.have.class', 'selected');\n});",
              "err": {},
              "uuid": "51ca49de-35c6-467c-8b02-6ecdae58e484",
              "parentUUID": "22370bbc-e312-4d52-b057-2c3ea35c349a",
              "isHook": false,
              "skipped": false
            }
          ],
          "suites": [],
          "passes": [
            "d9880996-49d5-4b4f-aedc-5d6448e4950c",
            "51ca49de-35c6-467c-8b02-6ecdae58e484"
          ],
          "failures": [],
          "pending": [],
          "skipped": [],
          "duration": 456,
          "root": false,
          "rootEmpty": false,
          "_timeout": 2000
        },
        {
          "uuid": "d2734da7-499f-4c46-a58a-aa469d24215b",
          "title": "7 - Clicar em uma das cores da paleta, faz com que ela seja selecionada e utilizada para preencher os pixels no quadro.",
          "fullFile": "",
          "file": "",
          "beforeHooks": [],
          "afterHooks": [],
          "tests": [
            {
              "title": "Verifica se somente uma cor da paleta de cores tem a classe `selected` de cada vez",
              "fullTitle": "7 - Clicar em uma das cores da paleta, faz com que ela seja selecionada e utilizada para preencher os pixels no quadro. Verifica se somente uma cor da paleta de cores tem a classe `selected` de cada vez",
              "timedOut": null,
              "duration": 548,
              "state": "passed",
              "speed": "slow",
              "pass": true,
              "fail": false,
              "pending": false,
              "context": null,
              "code": "cy.get('.color').each(function (selectedColor, selectedColorIndex) {\n  cy.wrap(selectedColor).click();\n  cy.get('.color').each(function (color, colorIndex) {\n    if (colorIndex === selectedColorIndex) {\n      expect(color).to.have[\"class\"]('selected');\n    } else {\n      expect(color).not.to.have[\"class\"]('selected');\n    }\n  });\n});",
              "err": {},
              "uuid": "9c889b7d-a244-4881-8617-51665ca9180a",
              "parentUUID": "d2734da7-499f-4c46-a58a-aa469d24215b",
              "isHook": false,
              "skipped": false
            },
            {
              "title": "Verifica se os pixels dentro do quadro não têm a classe `selected` quando são clicados",
              "fullTitle": "7 - Clicar em uma das cores da paleta, faz com que ela seja selecionada e utilizada para preencher os pixels no quadro. Verifica se os pixels dentro do quadro não têm a classe `selected` quando são clicados",
              "timedOut": null,
              "duration": 9432,
              "state": "passed",
              "speed": "slow",
              "pass": true,
              "fail": false,
              "pending": false,
              "context": null,
              "code": "cy.get('.color').each(function (color) {\n  var backgroundColor = color.css('background-color');\n  cy.wrap(color).click();\n  cy.get('.pixel').each(function (pixel) {\n    cy.wrap(pixel).click().should('not.have.class', 'selected');\n  });\n});",
              "err": {},
              "uuid": "b26e2031-6e15-4e29-adc6-e6526f3c0c2e",
              "parentUUID": "d2734da7-499f-4c46-a58a-aa469d24215b",
              "isHook": false,
              "skipped": false
            }
          ],
          "suites": [],
          "passes": [
            "9c889b7d-a244-4881-8617-51665ca9180a",
            "b26e2031-6e15-4e29-adc6-e6526f3c0c2e"
          ],
          "failures": [],
          "pending": [],
          "skipped": [],
          "duration": 9980,
          "root": false,
          "rootEmpty": false,
          "_timeout": 2000
        },
        {
          "uuid": "49b37a56-fe87-4539-8b6c-c0ecdef925f1",
          "title": "8 - Clicar em um pixel dentro do quadro após selecionar uma cor na paleta, faz com que o pixel seja preenchido com a cor selecionada.",
          "fullFile": "",
          "file": "",
          "beforeHooks": [],
          "afterHooks": [],
          "tests": [
            {
              "title": "Verifica se ao carregar a página deve ser possível pintar os pixels de preto",
              "fullTitle": "8 - Clicar em um pixel dentro do quadro após selecionar uma cor na paleta, faz com que o pixel seja preenchido com a cor selecionada. Verifica se ao carregar a página deve ser possível pintar os pixels de preto",
              "timedOut": null,
              "duration": 2684,
              "state": "passed",
              "speed": "slow",
              "pass": true,
              "fail": false,
              "pending": false,
              "context": null,
              "code": "cy.get('.pixel').each(function (pixel) {\n  cy.wrap(pixel).click().should('have.css', 'background-color', BLACK);\n});",
              "err": {},
              "uuid": "e2bab2c3-68e2-4f9b-ada8-265c0e6348f2",
              "parentUUID": "49b37a56-fe87-4539-8b6c-c0ecdef925f1",
              "isHook": false,
              "skipped": false
            },
            {
              "title": "Verifica se após selecionar uma outra cor na paleta, é possível pintar os pixels com essa cor",
              "fullTitle": "8 - Clicar em um pixel dentro do quadro após selecionar uma cor na paleta, faz com que o pixel seja preenchido com a cor selecionada. Verifica se após selecionar uma outra cor na paleta, é possível pintar os pixels com essa cor",
              "timedOut": null,
              "duration": 9883,
              "state": "passed",
              "speed": "slow",
              "pass": true,
              "fail": false,
              "pending": false,
              "context": null,
              "code": "cy.get('.color').each(function (color) {\n  var backgroundColor = color.css('background-color');\n  cy.wrap(color).click();\n  cy.get('.pixel').each(function (pixel) {\n    cy.wrap(pixel).click().should('have.css', 'background-color', backgroundColor);\n  });\n});",
              "err": {},
              "uuid": "4fcc69ee-863d-4771-9ece-7266b2222eba",
              "parentUUID": "49b37a56-fe87-4539-8b6c-c0ecdef925f1",
              "isHook": false,
              "skipped": false
            },
            {
              "title": "Verifica se somente o pixel que foi clicado foi preenchido com a cor selecionada, sem influenciar na cor dos demais pixels.",
              "fullTitle": "8 - Clicar em um pixel dentro do quadro após selecionar uma cor na paleta, faz com que o pixel seja preenchido com a cor selecionada. Verifica se somente o pixel que foi clicado foi preenchido com a cor selecionada, sem influenciar na cor dos demais pixels.",
              "timedOut": null,
              "duration": 2136,
              "state": "passed",
              "speed": "slow",
              "pass": true,
              "fail": false,
              "pending": false,
              "context": null,
              "code": "var colorToPixelIndexMap = {\n  0: 6,\n  1: 8,\n  2: 16,\n  3: 18\n};\ncy.get('.color').each(function (color, index) {\n  cy.wrap(color).click();\n  var backgroundColor = color.css('background-color');\n  var clickedPixelIndex = colorToPixelIndexMap[index];\n  cy.get('.pixel').eq(clickedPixelIndex).click();\n  cy.get('.pixel').eq(clickedPixelIndex - 1).should('not.have.css', 'background-color', backgroundColor);\n  cy.get('.pixel').eq(clickedPixelIndex + 1).should('not.have.css', 'background-color', backgroundColor);\n  cy.get('.pixel').eq(clickedPixelIndex - 5).should('not.have.css', 'background-color', backgroundColor);\n  cy.get('.pixel').eq(clickedPixelIndex + 5).should('not.have.css', 'background-color', backgroundColor);\n  cy.get('.pixel').eq(clickedPixelIndex - 6).should('not.have.css', 'background-color', backgroundColor);\n  cy.get('.pixel').eq(clickedPixelIndex - 4).should('not.have.css', 'background-color', backgroundColor);\n  cy.get('.pixel').eq(clickedPixelIndex + 4).should('not.have.css', 'background-color', backgroundColor);\n  cy.get('.pixel').eq(clickedPixelIndex + 6).should('not.have.css', 'background-color', backgroundColor);\n});",
              "err": {},
              "uuid": "2c4dc443-8e21-42bd-9b36-74226a7980f9",
              "parentUUID": "49b37a56-fe87-4539-8b6c-c0ecdef925f1",
              "isHook": false,
              "skipped": false
            }
          ],
          "suites": [],
          "passes": [
            "e2bab2c3-68e2-4f9b-ada8-265c0e6348f2",
            "4fcc69ee-863d-4771-9ece-7266b2222eba",
            "2c4dc443-8e21-42bd-9b36-74226a7980f9"
          ],
          "failures": [],
          "pending": [],
          "skipped": [],
          "duration": 14703,
          "root": false,
          "rootEmpty": false,
          "_timeout": 2000
        },
        {
          "uuid": "9f8a9422-782c-4b0d-89d2-eb4478166861",
          "title": "9 - Crie um botão que, ao ser clicado, limpa o quadro preenchendo a cor de todos seus pixels com branco.",
          "fullFile": "",
          "file": "",
          "beforeHooks": [],
          "afterHooks": [],
          "tests": [
            {
              "title": "Verifica se o botão tem o `id` denominado `clear-board`",
              "fullTitle": "9 - Crie um botão que, ao ser clicado, limpa o quadro preenchendo a cor de todos seus pixels com branco. Verifica se o botão tem o `id` denominado `clear-board`",
              "timedOut": null,
              "duration": 4892,
              "state": "failed",
              "speed": null,
              "pass": false,
              "fail": true,
              "pending": false,
              "context": null,
              "code": "cy.get('#clear-board').should('be.visible');",
              "err": {
                "message": "CypressError: Timed out retrying: Expected to find element: '#clear-board', but never found it.",
                "estack": "CypressError: Timed out retrying: Expected to find element: '#clear-board', but never found it.\n    at cypressErr (http://localhost:35123/__cypress/runner/cypress_runner.js:149934:9)\n    at throwErr (http://localhost:35123/__cypress/runner/cypress_runner.js:149867:11)\n    at Object.throwErrByPath (http://localhost:35123/__cypress/runner/cypress_runner.js:149915:3)\n    at retry (http://localhost:35123/__cypress/runner/cypress_runner.js:144197:19)\n    at onFailFn (http://localhost:35123/__cypress/runner/cypress_runner.js:132448:16)\n    at tryCatcher (http://localhost:35123/__cypress/runner/cypress_runner.js:167415:23)\n    at Promise._settlePromiseFromHandler (http://localhost:35123/__cypress/runner/cypress_runner.js:165351:31)\n    at Promise._settlePromise (http://localhost:35123/__cypress/runner/cypress_runner.js:165408:18)\n    at Promise._settlePromise0 (http://localhost:35123/__cypress/runner/cypress_runner.js:165453:10)\n    at Promise._settlePromises (http://localhost:35123/__cypress/runner/cypress_runner.js:165528:18)\n    at Async../node_modules/bluebird/js/release/async.js.Async._drainQueue (http://localhost:35123/__cypress/runner/cypress_runner.js:162140:16)\n    at Async../node_modules/bluebird/js/release/async.js.Async._drainQueues (http://localhost:35123/__cypress/runner/cypress_runner.js:162150:10)\n    at Async.drainQueues (http://localhost:35123/__cypress/runner/cypress_runner.js:162024:14)",
                "diff": null
              },
              "uuid": "dcd087d7-8e4a-44ec-a229-bf1828b52fa6",
              "parentUUID": "9f8a9422-782c-4b0d-89d2-eb4478166861",
              "isHook": false,
              "skipped": false
            },
            {
              "title": "Verifica se o botão está posicionado entre a paleta de cores e o quadro de pixels",
              "fullTitle": "9 - Crie um botão que, ao ser clicado, limpa o quadro preenchendo a cor de todos seus pixels com branco. Verifica se o botão está posicionado entre a paleta de cores e o quadro de pixels",
              "timedOut": null,
              "duration": 4698,
              "state": "failed",
              "speed": null,
              "pass": false,
              "fail": true,
              "pending": false,
              "context": null,
              "code": "cy.get('#color-palette').then(function (palette) {\n  cy.get('#clear-board').should('be.belowOf', palette);\n});\ncy.get('#clear-board').then(function (clearBtn) {\n  cy.get('#pixel-board').should('be.belowOf', clearBtn);\n});",
              "err": {
                "message": "CypressError: Timed out retrying: Expected to find element: '#clear-board', but never found it.",
                "estack": "CypressError: Timed out retrying: Expected to find element: '#clear-board', but never found it.\n    at cypressErr (http://localhost:35123/__cypress/runner/cypress_runner.js:149934:9)\n    at throwErr (http://localhost:35123/__cypress/runner/cypress_runner.js:149867:11)\n    at Object.throwErrByPath (http://localhost:35123/__cypress/runner/cypress_runner.js:149915:3)\n    at retry (http://localhost:35123/__cypress/runner/cypress_runner.js:144197:19)\n    at onFailFn (http://localhost:35123/__cypress/runner/cypress_runner.js:132448:16)\n    at tryCatcher (http://localhost:35123/__cypress/runner/cypress_runner.js:167415:23)\n    at Promise._settlePromiseFromHandler (http://localhost:35123/__cypress/runner/cypress_runner.js:165351:31)\n    at Promise._settlePromise (http://localhost:35123/__cypress/runner/cypress_runner.js:165408:18)\n    at Promise._settlePromise0 (http://localhost:35123/__cypress/runner/cypress_runner.js:165453:10)\n    at Promise._settlePromises (http://localhost:35123/__cypress/runner/cypress_runner.js:165528:18)\n    at Async../node_modules/bluebird/js/release/async.js.Async._drainQueue (http://localhost:35123/__cypress/runner/cypress_runner.js:162140:16)\n    at Async../node_modules/bluebird/js/release/async.js.Async._drainQueues (http://localhost:35123/__cypress/runner/cypress_runner.js:162150:10)\n    at Async.drainQueues (http://localhost:35123/__cypress/runner/cypress_runner.js:162024:14)",
                "diff": null
              },
              "uuid": "f235ff5e-52c0-42d2-8668-cdfb64838e73",
              "parentUUID": "9f8a9422-782c-4b0d-89d2-eb4478166861",
              "isHook": false,
              "skipped": false
            },
            {
              "title": "Verifica se o texto do botão é 'Limpar'",
              "fullTitle": "9 - Crie um botão que, ao ser clicado, limpa o quadro preenchendo a cor de todos seus pixels com branco. Verifica se o texto do botão é 'Limpar'",
              "timedOut": null,
              "duration": 4661,
              "state": "failed",
              "speed": null,
              "pass": false,
              "fail": true,
              "pending": false,
              "context": null,
              "code": "cy.get('#clear-board').should('contain.text', 'Limpar');",
              "err": {
                "message": "CypressError: Timed out retrying: Expected to find element: '#clear-board', but never found it.",
                "estack": "CypressError: Timed out retrying: Expected to find element: '#clear-board', but never found it.\n    at cypressErr (http://localhost:35123/__cypress/runner/cypress_runner.js:149934:9)\n    at throwErr (http://localhost:35123/__cypress/runner/cypress_runner.js:149867:11)\n    at Object.throwErrByPath (http://localhost:35123/__cypress/runner/cypress_runner.js:149915:3)\n    at retry (http://localhost:35123/__cypress/runner/cypress_runner.js:144197:19)\n    at onFailFn (http://localhost:35123/__cypress/runner/cypress_runner.js:132448:16)\n    at tryCatcher (http://localhost:35123/__cypress/runner/cypress_runner.js:167415:23)\n    at Promise._settlePromiseFromHandler (http://localhost:35123/__cypress/runner/cypress_runner.js:165351:31)\n    at Promise._settlePromise (http://localhost:35123/__cypress/runner/cypress_runner.js:165408:18)\n    at Promise._settlePromise0 (http://localhost:35123/__cypress/runner/cypress_runner.js:165453:10)\n    at Promise._settlePromises (http://localhost:35123/__cypress/runner/cypress_runner.js:165528:18)\n    at Async../node_modules/bluebird/js/release/async.js.Async._drainQueue (http://localhost:35123/__cypress/runner/cypress_runner.js:162140:16)\n    at Async../node_modules/bluebird/js/release/async.js.Async._drainQueues (http://localhost:35123/__cypress/runner/cypress_runner.js:162150:10)\n    at Async.drainQueues (http://localhost:35123/__cypress/runner/cypress_runner.js:162024:14)",
                "diff": null
              },
              "uuid": "09d67b84-303a-44a8-84e9-8817af802cdc",
              "parentUUID": "9f8a9422-782c-4b0d-89d2-eb4478166861",
              "isHook": false,
              "skipped": false
            },
            {
              "title": "Verifica se ao clicar no botão, o quadro de pixels é totalmente preenchido de branco",
              "fullTitle": "9 - Crie um botão que, ao ser clicado, limpa o quadro preenchendo a cor de todos seus pixels com branco. Verifica se ao clicar no botão, o quadro de pixels é totalmente preenchido de branco",
              "timedOut": null,
              "duration": 7039,
              "state": "failed",
              "speed": null,
              "pass": false,
              "fail": true,
              "pending": false,
              "context": null,
              "code": "cy.get('.color').eq(1).then(function (color) {\n  var backgroundColor = color.css('background-color');\n  cy.wrap(color).click();\n  cy.get('.pixel').each(function (pixel) {\n    cy.wrap(pixel).click().should('have.css', 'background-color', backgroundColor);\n  });\n});\ncy.get('#clear-board').click();\ncy.get('.pixel').each(function (pixel) {\n  cy.wrap(pixel).should('have.css', 'background-color', WHITE);\n});",
              "err": {
                "message": "CypressError: Timed out retrying: Expected to find element: '#clear-board', but never found it.",
                "estack": "CypressError: Timed out retrying: Expected to find element: '#clear-board', but never found it.\n    at cypressErr (http://localhost:35123/__cypress/runner/cypress_runner.js:149934:9)\n    at throwErr (http://localhost:35123/__cypress/runner/cypress_runner.js:149867:11)\n    at Object.throwErrByPath (http://localhost:35123/__cypress/runner/cypress_runner.js:149915:3)\n    at retry (http://localhost:35123/__cypress/runner/cypress_runner.js:144197:19)\n    at onFailFn (http://localhost:35123/__cypress/runner/cypress_runner.js:132448:16)\n    at tryCatcher (http://localhost:35123/__cypress/runner/cypress_runner.js:167415:23)\n    at Promise._settlePromiseFromHandler (http://localhost:35123/__cypress/runner/cypress_runner.js:165351:31)\n    at Promise._settlePromise (http://localhost:35123/__cypress/runner/cypress_runner.js:165408:18)\n    at Promise._settlePromise0 (http://localhost:35123/__cypress/runner/cypress_runner.js:165453:10)\n    at Promise._settlePromises (http://localhost:35123/__cypress/runner/cypress_runner.js:165528:18)\n    at Async../node_modules/bluebird/js/release/async.js.Async._drainQueue (http://localhost:35123/__cypress/runner/cypress_runner.js:162140:16)\n    at Async../node_modules/bluebird/js/release/async.js.Async._drainQueues (http://localhost:35123/__cypress/runner/cypress_runner.js:162150:10)\n    at Async.drainQueues (http://localhost:35123/__cypress/runner/cypress_runner.js:162024:14)",
                "diff": null
              },
              "uuid": "7522f5a3-d24e-42c6-a55a-f28279396008",
              "parentUUID": "9f8a9422-782c-4b0d-89d2-eb4478166861",
              "isHook": false,
              "skipped": false
            }
          ],
          "suites": [],
          "passes": [],
          "failures": [
            "dcd087d7-8e4a-44ec-a229-bf1828b52fa6",
            "f235ff5e-52c0-42d2-8668-cdfb64838e73",
            "09d67b84-303a-44a8-84e9-8817af802cdc",
            "7522f5a3-d24e-42c6-a55a-f28279396008"
          ],
          "pending": [],
          "skipped": [],
          "duration": 21290,
          "root": false,
          "rootEmpty": false,
          "_timeout": 2000
        },
        {
          "uuid": "234e39fb-350a-46aa-a0cb-55c486b9b62d",
          "title": "10 - Faça o quadro de pixels ter seu tamanho definido pelo usuário.",
          "fullFile": "",
          "file": "",
          "beforeHooks": [],
          "afterHooks": [],
          "tests": [
            {
              "title": "Verifica se existe um input com o id `board-size`",
              "fullTitle": "10 - Faça o quadro de pixels ter seu tamanho definido pelo usuário. Verifica se existe um input com o id `board-size`",
              "timedOut": null,
              "duration": 4845,
              "state": "failed",
              "speed": null,
              "pass": false,
              "fail": true,
              "pending": false,
              "context": null,
              "code": "cy.get('#board-size').should('be.visible');",
              "err": {
                "message": "CypressError: Timed out retrying: Expected to find element: '#board-size', but never found it.",
                "estack": "CypressError: Timed out retrying: Expected to find element: '#board-size', but never found it.\n    at cypressErr (http://localhost:35123/__cypress/runner/cypress_runner.js:149934:9)\n    at throwErr (http://localhost:35123/__cypress/runner/cypress_runner.js:149867:11)\n    at Object.throwErrByPath (http://localhost:35123/__cypress/runner/cypress_runner.js:149915:3)\n    at retry (http://localhost:35123/__cypress/runner/cypress_runner.js:144197:19)\n    at onFailFn (http://localhost:35123/__cypress/runner/cypress_runner.js:132448:16)\n    at tryCatcher (http://localhost:35123/__cypress/runner/cypress_runner.js:167415:23)\n    at Promise._settlePromiseFromHandler (http://localhost:35123/__cypress/runner/cypress_runner.js:165351:31)\n    at Promise._settlePromise (http://localhost:35123/__cypress/runner/cypress_runner.js:165408:18)\n    at Promise._settlePromise0 (http://localhost:35123/__cypress/runner/cypress_runner.js:165453:10)\n    at Promise._settlePromises (http://localhost:35123/__cypress/runner/cypress_runner.js:165528:18)\n    at Async../node_modules/bluebird/js/release/async.js.Async._drainQueue (http://localhost:35123/__cypress/runner/cypress_runner.js:162140:16)\n    at Async../node_modules/bluebird/js/release/async.js.Async._drainQueues (http://localhost:35123/__cypress/runner/cypress_runner.js:162150:10)\n    at Async.drainQueues (http://localhost:35123/__cypress/runner/cypress_runner.js:162024:14)",
                "diff": null
              },
              "uuid": "83741e2c-31d3-45d4-9756-372b3d25ac02",
              "parentUUID": "234e39fb-350a-46aa-a0cb-55c486b9b62d",
              "isHook": false,
              "skipped": false
            },
            {
              "title": "Verifica se existe um botão com o id `generate-board`",
              "fullTitle": "10 - Faça o quadro de pixels ter seu tamanho definido pelo usuário. Verifica se existe um botão com o id `generate-board`",
              "timedOut": null,
              "duration": 5084,
              "state": "failed",
              "speed": null,
              "pass": false,
              "fail": true,
              "pending": false,
              "context": null,
              "code": "cy.get('#generate-board').should('be.visible');",
              "err": {
                "message": "CypressError: Timed out retrying: Expected to find element: '#generate-board', but never found it.",
                "estack": "CypressError: Timed out retrying: Expected to find element: '#generate-board', but never found it.\n    at cypressErr (http://localhost:35123/__cypress/runner/cypress_runner.js:149934:9)\n    at throwErr (http://localhost:35123/__cypress/runner/cypress_runner.js:149867:11)\n    at Object.throwErrByPath (http://localhost:35123/__cypress/runner/cypress_runner.js:149915:3)\n    at retry (http://localhost:35123/__cypress/runner/cypress_runner.js:144197:19)\n    at onFailFn (http://localhost:35123/__cypress/runner/cypress_runner.js:132448:16)\n    at tryCatcher (http://localhost:35123/__cypress/runner/cypress_runner.js:167415:23)\n    at Promise._settlePromiseFromHandler (http://localhost:35123/__cypress/runner/cypress_runner.js:165351:31)\n    at Promise._settlePromise (http://localhost:35123/__cypress/runner/cypress_runner.js:165408:18)\n    at Promise._settlePromise0 (http://localhost:35123/__cypress/runner/cypress_runner.js:165453:10)\n    at Promise._settlePromises (http://localhost:35123/__cypress/runner/cypress_runner.js:165528:18)\n    at Async../node_modules/bluebird/js/release/async.js.Async._drainQueue (http://localhost:35123/__cypress/runner/cypress_runner.js:162140:16)\n    at Async../node_modules/bluebird/js/release/async.js.Async._drainQueues (http://localhost:35123/__cypress/runner/cypress_runner.js:162150:10)\n    at Async.drainQueues (http://localhost:35123/__cypress/runner/cypress_runner.js:162024:14)",
                "diff": null
              },
              "uuid": "cef94d31-0a01-4ec0-9736-4c363599e88d",
              "parentUUID": "234e39fb-350a-46aa-a0cb-55c486b9b62d",
              "isHook": false,
              "skipped": false
            },
            {
              "title": "Verifica se o input só aceita número maiores que zero. Essa restrição deve ser feita usando os atributos do elemento `input`",
              "fullTitle": "10 - Faça o quadro de pixels ter seu tamanho definido pelo usuário. Verifica se o input só aceita número maiores que zero. Essa restrição deve ser feita usando os atributos do elemento `input`",
              "timedOut": null,
              "duration": 5066,
              "state": "failed",
              "speed": null,
              "pass": false,
              "fail": true,
              "pending": false,
              "context": null,
              "code": "cy.get('#board-size[type=\\'number\\'][min=\\'1\\']');",
              "err": {
                "message": "CypressError: Timed out retrying: Expected to find element: '#board-size[type='number'][min='1']', but never found it.",
                "estack": "CypressError: Timed out retrying: Expected to find element: '#board-size[type='number'][min='1']', but never found it.\n    at cypressErr (http://localhost:35123/__cypress/runner/cypress_runner.js:149934:9)\n    at throwErr (http://localhost:35123/__cypress/runner/cypress_runner.js:149867:11)\n    at Object.throwErrByPath (http://localhost:35123/__cypress/runner/cypress_runner.js:149915:3)\n    at retry (http://localhost:35123/__cypress/runner/cypress_runner.js:144197:19)\n    at onFailFn (http://localhost:35123/__cypress/runner/cypress_runner.js:132448:16)\n    at tryCatcher (http://localhost:35123/__cypress/runner/cypress_runner.js:167415:23)\n    at Promise._settlePromiseFromHandler (http://localhost:35123/__cypress/runner/cypress_runner.js:165351:31)\n    at Promise._settlePromise (http://localhost:35123/__cypress/runner/cypress_runner.js:165408:18)\n    at Promise._settlePromise0 (http://localhost:35123/__cypress/runner/cypress_runner.js:165453:10)\n    at Promise._settlePromises (http://localhost:35123/__cypress/runner/cypress_runner.js:165528:18)\n    at Async../node_modules/bluebird/js/release/async.js.Async._drainQueue (http://localhost:35123/__cypress/runner/cypress_runner.js:162140:16)\n    at Async../node_modules/bluebird/js/release/async.js.Async._drainQueues (http://localhost:35123/__cypress/runner/cypress_runner.js:162150:10)\n    at Async.drainQueues (http://localhost:35123/__cypress/runner/cypress_runner.js:162024:14)",
                "diff": null
              },
              "uuid": "fcfbd283-b8d3-49cc-8f59-e10f4f3982b6",
              "parentUUID": "234e39fb-350a-46aa-a0cb-55c486b9b62d",
              "isHook": false,
              "skipped": false
            },
            {
              "title": "Verifica se o botão contém o texto 'VQV'",
              "fullTitle": "10 - Faça o quadro de pixels ter seu tamanho definido pelo usuário. Verifica se o botão contém o texto 'VQV'",
              "timedOut": null,
              "duration": 5080,
              "state": "failed",
              "speed": null,
              "pass": false,
              "fail": true,
              "pending": false,
              "context": null,
              "code": "cy.get('#generate-board').contains(/vqv/i);",
              "err": {
                "message": "CypressError: Timed out retrying: Expected to find element: '#generate-board', but never found it.",
                "estack": "CypressError: Timed out retrying: Expected to find element: '#generate-board', but never found it.\n    at cypressErr (http://localhost:35123/__cypress/runner/cypress_runner.js:149934:9)\n    at throwErr (http://localhost:35123/__cypress/runner/cypress_runner.js:149867:11)\n    at Object.throwErrByPath (http://localhost:35123/__cypress/runner/cypress_runner.js:149915:3)\n    at retry (http://localhost:35123/__cypress/runner/cypress_runner.js:144197:19)\n    at onFailFn (http://localhost:35123/__cypress/runner/cypress_runner.js:132448:16)\n    at tryCatcher (http://localhost:35123/__cypress/runner/cypress_runner.js:167415:23)\n    at Promise._settlePromiseFromHandler (http://localhost:35123/__cypress/runner/cypress_runner.js:165351:31)\n    at Promise._settlePromise (http://localhost:35123/__cypress/runner/cypress_runner.js:165408:18)\n    at Promise._settlePromise0 (http://localhost:35123/__cypress/runner/cypress_runner.js:165453:10)\n    at Promise._settlePromises (http://localhost:35123/__cypress/runner/cypress_runner.js:165528:18)\n    at Async../node_modules/bluebird/js/release/async.js.Async._drainQueue (http://localhost:35123/__cypress/runner/cypress_runner.js:162140:16)\n    at Async../node_modules/bluebird/js/release/async.js.Async._drainQueues (http://localhost:35123/__cypress/runner/cypress_runner.js:162150:10)\n    at Async.drainQueues (http://localhost:35123/__cypress/runner/cypress_runner.js:162024:14)",
                "diff": null
              },
              "uuid": "70ab4221-6de6-424d-af23-6f49a9d106f8",
              "parentUUID": "234e39fb-350a-46aa-a0cb-55c486b9b62d",
              "isHook": false,
              "skipped": false
            },
            {
              "title": "Verifica se o input está posicionado entre a paleta de cores e o quadro de pixels",
              "fullTitle": "10 - Faça o quadro de pixels ter seu tamanho definido pelo usuário. Verifica se o input está posicionado entre a paleta de cores e o quadro de pixels",
              "timedOut": null,
              "duration": 4755,
              "state": "failed",
              "speed": null,
              "pass": false,
              "fail": true,
              "pending": false,
              "context": null,
              "code": "cy.get('#color-palette').then(function (palette) {\n  cy.get('#board-size').should('be.belowOf', palette);\n});\ncy.get('#board-size').then(function (palette) {\n  cy.get('#pixel-board').should('be.belowOf', palette);\n});",
              "err": {
                "message": "CypressError: Timed out retrying: Expected to find element: '#board-size', but never found it.",
                "estack": "CypressError: Timed out retrying: Expected to find element: '#board-size', but never found it.\n    at cypressErr (http://localhost:35123/__cypress/runner/cypress_runner.js:149934:9)\n    at throwErr (http://localhost:35123/__cypress/runner/cypress_runner.js:149867:11)\n    at Object.throwErrByPath (http://localhost:35123/__cypress/runner/cypress_runner.js:149915:3)\n    at retry (http://localhost:35123/__cypress/runner/cypress_runner.js:144197:19)\n    at onFailFn (http://localhost:35123/__cypress/runner/cypress_runner.js:132448:16)\n    at tryCatcher (http://localhost:35123/__cypress/runner/cypress_runner.js:167415:23)\n    at Promise._settlePromiseFromHandler (http://localhost:35123/__cypress/runner/cypress_runner.js:165351:31)\n    at Promise._settlePromise (http://localhost:35123/__cypress/runner/cypress_runner.js:165408:18)\n    at Promise._settlePromise0 (http://localhost:35123/__cypress/runner/cypress_runner.js:165453:10)\n    at Promise._settlePromises (http://localhost:35123/__cypress/runner/cypress_runner.js:165528:18)\n    at Async../node_modules/bluebird/js/release/async.js.Async._drainQueue (http://localhost:35123/__cypress/runner/cypress_runner.js:162140:16)\n    at Async../node_modules/bluebird/js/release/async.js.Async._drainQueues (http://localhost:35123/__cypress/runner/cypress_runner.js:162150:10)\n    at Async.drainQueues (http://localhost:35123/__cypress/runner/cypress_runner.js:162024:14)",
                "diff": null
              },
              "uuid": "6e419b61-a51f-4567-9d48-c28686cec320",
              "parentUUID": "234e39fb-350a-46aa-a0cb-55c486b9b62d",
              "isHook": false,
              "skipped": false
            },
            {
              "title": "Verifica se o botão está posicionado ao lado do input",
              "fullTitle": "10 - Faça o quadro de pixels ter seu tamanho definido pelo usuário. Verifica se o botão está posicionado ao lado do input",
              "timedOut": null,
              "duration": 4861,
              "state": "failed",
              "speed": null,
              "pass": false,
              "fail": true,
              "pending": false,
              "context": null,
              "code": "cy.get('#board-size').then(function (board) {\n  cy.get('#generate-board').should('be.onTheRightOf', board);\n});",
              "err": {
                "message": "CypressError: Timed out retrying: Expected to find element: '#board-size', but never found it.",
                "estack": "CypressError: Timed out retrying: Expected to find element: '#board-size', but never found it.\n    at cypressErr (http://localhost:35123/__cypress/runner/cypress_runner.js:149934:9)\n    at throwErr (http://localhost:35123/__cypress/runner/cypress_runner.js:149867:11)\n    at Object.throwErrByPath (http://localhost:35123/__cypress/runner/cypress_runner.js:149915:3)\n    at retry (http://localhost:35123/__cypress/runner/cypress_runner.js:144197:19)\n    at onFailFn (http://localhost:35123/__cypress/runner/cypress_runner.js:132448:16)\n    at tryCatcher (http://localhost:35123/__cypress/runner/cypress_runner.js:167415:23)\n    at Promise._settlePromiseFromHandler (http://localhost:35123/__cypress/runner/cypress_runner.js:165351:31)\n    at Promise._settlePromise (http://localhost:35123/__cypress/runner/cypress_runner.js:165408:18)\n    at Promise._settlePromise0 (http://localhost:35123/__cypress/runner/cypress_runner.js:165453:10)\n    at Promise._settlePromises (http://localhost:35123/__cypress/runner/cypress_runner.js:165528:18)\n    at Async../node_modules/bluebird/js/release/async.js.Async._drainQueue (http://localhost:35123/__cypress/runner/cypress_runner.js:162140:16)\n    at Async../node_modules/bluebird/js/release/async.js.Async._drainQueues (http://localhost:35123/__cypress/runner/cypress_runner.js:162150:10)\n    at Async.drainQueues (http://localhost:35123/__cypress/runner/cypress_runner.js:162024:14)",
                "diff": null
              },
              "uuid": "003fbaa0-bad7-47d0-b3df-f63383cf0dab",
              "parentUUID": "234e39fb-350a-46aa-a0cb-55c486b9b62d",
              "isHook": false,
              "skipped": false
            },
            {
              "title": "Verifica se nenhum valor for colocado no input ao clicar no botão, um `alert` é exibido com o texto: 'Board inválido!'",
              "fullTitle": "10 - Faça o quadro de pixels ter seu tamanho definido pelo usuário. Verifica se nenhum valor for colocado no input ao clicar no botão, um `alert` é exibido com o texto: 'Board inválido!'",
              "timedOut": null,
              "duration": 4875,
              "state": "failed",
              "speed": null,
              "pass": false,
              "fail": true,
              "pending": false,
              "context": null,
              "code": "var alerted = false;\ncy.on('window:alert', function (msg) {\n  return alerted = msg;\n});\ncy.get('#generate-board').click().then(function () {\n  return expect(alerted).to.match(/Board inválido!/i);\n});",
              "err": {
                "message": "CypressError: Timed out retrying: Expected to find element: '#generate-board', but never found it.",
                "estack": "CypressError: Timed out retrying: Expected to find element: '#generate-board', but never found it.\n    at cypressErr (http://localhost:35123/__cypress/runner/cypress_runner.js:149934:9)\n    at throwErr (http://localhost:35123/__cypress/runner/cypress_runner.js:149867:11)\n    at Object.throwErrByPath (http://localhost:35123/__cypress/runner/cypress_runner.js:149915:3)\n    at retry (http://localhost:35123/__cypress/runner/cypress_runner.js:144197:19)\n    at onFailFn (http://localhost:35123/__cypress/runner/cypress_runner.js:132448:16)\n    at tryCatcher (http://localhost:35123/__cypress/runner/cypress_runner.js:167415:23)\n    at Promise._settlePromiseFromHandler (http://localhost:35123/__cypress/runner/cypress_runner.js:165351:31)\n    at Promise._settlePromise (http://localhost:35123/__cypress/runner/cypress_runner.js:165408:18)\n    at Promise._settlePromise0 (http://localhost:35123/__cypress/runner/cypress_runner.js:165453:10)\n    at Promise._settlePromises (http://localhost:35123/__cypress/runner/cypress_runner.js:165528:18)\n    at Async../node_modules/bluebird/js/release/async.js.Async._drainQueue (http://localhost:35123/__cypress/runner/cypress_runner.js:162140:16)\n    at Async../node_modules/bluebird/js/release/async.js.Async._drainQueues (http://localhost:35123/__cypress/runner/cypress_runner.js:162150:10)\n    at Async.drainQueues (http://localhost:35123/__cypress/runner/cypress_runner.js:162024:14)",
                "diff": null
              },
              "uuid": "2c8bcbc9-e641-4d6c-9fcf-00658f4b33ce",
              "parentUUID": "234e39fb-350a-46aa-a0cb-55c486b9b62d",
              "isHook": false,
              "skipped": false
            },
            {
              "title": "Verifica se ao clicar no botão com um valor preenchido, o tamanho do board muda.",
              "fullTitle": "10 - Faça o quadro de pixels ter seu tamanho definido pelo usuário. Verifica se ao clicar no botão com um valor preenchido, o tamanho do board muda.",
              "timedOut": null,
              "duration": 4668,
              "state": "failed",
              "speed": null,
              "pass": false,
              "fail": true,
              "pending": false,
              "context": null,
              "code": "cy.get('#board-size').clear().type(10);\ncy.get('#generate-board').click();\ncy.get('.pixel').should('have.length', 100);",
              "err": {
                "message": "CypressError: Timed out retrying: Expected to find element: '#board-size', but never found it.",
                "estack": "CypressError: Timed out retrying: Expected to find element: '#board-size', but never found it.\n    at cypressErr (http://localhost:35123/__cypress/runner/cypress_runner.js:149934:9)\n    at throwErr (http://localhost:35123/__cypress/runner/cypress_runner.js:149867:11)\n    at Object.throwErrByPath (http://localhost:35123/__cypress/runner/cypress_runner.js:149915:3)\n    at retry (http://localhost:35123/__cypress/runner/cypress_runner.js:144197:19)\n    at onFailFn (http://localhost:35123/__cypress/runner/cypress_runner.js:132448:16)\n    at tryCatcher (http://localhost:35123/__cypress/runner/cypress_runner.js:167415:23)\n    at Promise._settlePromiseFromHandler (http://localhost:35123/__cypress/runner/cypress_runner.js:165351:31)\n    at Promise._settlePromise (http://localhost:35123/__cypress/runner/cypress_runner.js:165408:18)\n    at Promise._settlePromise0 (http://localhost:35123/__cypress/runner/cypress_runner.js:165453:10)\n    at Promise._settlePromises (http://localhost:35123/__cypress/runner/cypress_runner.js:165528:18)\n    at Async../node_modules/bluebird/js/release/async.js.Async._drainQueue (http://localhost:35123/__cypress/runner/cypress_runner.js:162140:16)\n    at Async../node_modules/bluebird/js/release/async.js.Async._drainQueues (http://localhost:35123/__cypress/runner/cypress_runner.js:162150:10)\n    at Async.drainQueues (http://localhost:35123/__cypress/runner/cypress_runner.js:162024:14)",
                "diff": null
              },
              "uuid": "437f992a-cad6-469a-9fc2-8289cacf3501",
              "parentUUID": "234e39fb-350a-46aa-a0cb-55c486b9b62d",
              "isHook": false,
              "skipped": false
            },
            {
              "title": "Verifica se o novo quadro tem todos os pixels preenchidos com a cor branca",
              "fullTitle": "10 - Faça o quadro de pixels ter seu tamanho definido pelo usuário. Verifica se o novo quadro tem todos os pixels preenchidos com a cor branca",
              "timedOut": null,
              "duration": 4968,
              "state": "failed",
              "speed": null,
              "pass": false,
              "fail": true,
              "pending": false,
              "context": null,
              "code": "cy.get('#board-size').clear().type(6);\ncy.get('#generate-board').click();\ncy.get('.pixel').should('have.length', 36).each(function (pixel) {\n  expect(pixel).to.have.css('background-color', WHITE);\n});",
              "err": {
                "message": "CypressError: Timed out retrying: Expected to find element: '#board-size', but never found it.",
                "estack": "CypressError: Timed out retrying: Expected to find element: '#board-size', but never found it.\n    at cypressErr (http://localhost:35123/__cypress/runner/cypress_runner.js:149934:9)\n    at throwErr (http://localhost:35123/__cypress/runner/cypress_runner.js:149867:11)\n    at Object.throwErrByPath (http://localhost:35123/__cypress/runner/cypress_runner.js:149915:3)\n    at retry (http://localhost:35123/__cypress/runner/cypress_runner.js:144197:19)\n    at onFailFn (http://localhost:35123/__cypress/runner/cypress_runner.js:132448:16)\n    at tryCatcher (http://localhost:35123/__cypress/runner/cypress_runner.js:167415:23)\n    at Promise._settlePromiseFromHandler (http://localhost:35123/__cypress/runner/cypress_runner.js:165351:31)\n    at Promise._settlePromise (http://localhost:35123/__cypress/runner/cypress_runner.js:165408:18)\n    at Promise._settlePromise0 (http://localhost:35123/__cypress/runner/cypress_runner.js:165453:10)\n    at Promise._settlePromises (http://localhost:35123/__cypress/runner/cypress_runner.js:165528:18)\n    at Async../node_modules/bluebird/js/release/async.js.Async._drainQueue (http://localhost:35123/__cypress/runner/cypress_runner.js:162140:16)\n    at Async../node_modules/bluebird/js/release/async.js.Async._drainQueues (http://localhost:35123/__cypress/runner/cypress_runner.js:162150:10)\n    at Async.drainQueues (http://localhost:35123/__cypress/runner/cypress_runner.js:162024:14)",
                "diff": null
              },
              "uuid": "e4c2ed5a-15b9-49a6-8b41-baa0d43ce594",
              "parentUUID": "234e39fb-350a-46aa-a0cb-55c486b9b62d",
              "isHook": false,
              "skipped": false
            }
          ],
          "suites": [],
          "passes": [],
          "failures": [
            "83741e2c-31d3-45d4-9756-372b3d25ac02",
            "cef94d31-0a01-4ec0-9736-4c363599e88d",
            "fcfbd283-b8d3-49cc-8f59-e10f4f3982b6",
            "70ab4221-6de6-424d-af23-6f49a9d106f8",
            "6e419b61-a51f-4567-9d48-c28686cec320",
            "003fbaa0-bad7-47d0-b3df-f63383cf0dab",
            "2c8bcbc9-e641-4d6c-9fcf-00658f4b33ce",
            "437f992a-cad6-469a-9fc2-8289cacf3501",
            "e4c2ed5a-15b9-49a6-8b41-baa0d43ce594"
          ],
          "pending": [],
          "skipped": [],
          "duration": 44202,
          "root": false,
          "rootEmpty": false,
          "_timeout": 2000
        },
        {
          "uuid": "1f90cf56-90a1-4b82-b403-8f036757630a",
          "title": "11 - Limite o tamanho mínimo e máximo do board.",
          "fullFile": "",
          "file": "",
          "beforeHooks": [],
          "afterHooks": [],
          "tests": [
            {
              "title": "Verifica se a altura máxima do board é 50",
              "fullTitle": "11 - Limite o tamanho mínimo e máximo do board. Verifica se a altura máxima do board é 50",
              "timedOut": null,
              "duration": 5043,
              "state": "failed",
              "speed": null,
              "pass": false,
              "fail": true,
              "pending": false,
              "context": null,
              "code": "cy.get('#board-size').clear().type(50);\ncy.get('#generate-board').click();\ncy.get('.pixel').should('have.length', 2500);",
              "err": {
                "message": "CypressError: Timed out retrying: Expected to find element: '#board-size', but never found it.",
                "estack": "CypressError: Timed out retrying: Expected to find element: '#board-size', but never found it.\n    at cypressErr (http://localhost:35123/__cypress/runner/cypress_runner.js:149934:9)\n    at throwErr (http://localhost:35123/__cypress/runner/cypress_runner.js:149867:11)\n    at Object.throwErrByPath (http://localhost:35123/__cypress/runner/cypress_runner.js:149915:3)\n    at retry (http://localhost:35123/__cypress/runner/cypress_runner.js:144197:19)\n    at onFailFn (http://localhost:35123/__cypress/runner/cypress_runner.js:132448:16)\n    at tryCatcher (http://localhost:35123/__cypress/runner/cypress_runner.js:167415:23)\n    at Promise._settlePromiseFromHandler (http://localhost:35123/__cypress/runner/cypress_runner.js:165351:31)\n    at Promise._settlePromise (http://localhost:35123/__cypress/runner/cypress_runner.js:165408:18)\n    at Promise._settlePromise0 (http://localhost:35123/__cypress/runner/cypress_runner.js:165453:10)\n    at Promise._settlePromises (http://localhost:35123/__cypress/runner/cypress_runner.js:165528:18)\n    at Async../node_modules/bluebird/js/release/async.js.Async._drainQueue (http://localhost:35123/__cypress/runner/cypress_runner.js:162140:16)\n    at Async../node_modules/bluebird/js/release/async.js.Async._drainQueues (http://localhost:35123/__cypress/runner/cypress_runner.js:162150:10)\n    at Async.drainQueues (http://localhost:35123/__cypress/runner/cypress_runner.js:162024:14)",
                "diff": null
              },
              "uuid": "77089d1c-0440-483f-aae5-38d98339ab39",
              "parentUUID": "1f90cf56-90a1-4b82-b403-8f036757630a",
              "isHook": false,
              "skipped": false
            },
            {
              "title": "Verifica se a altura do board é 5 quando um valor menor é colocado no input",
              "fullTitle": "11 - Limite o tamanho mínimo e máximo do board. Verifica se a altura do board é 5 quando um valor menor é colocado no input",
              "timedOut": null,
              "duration": 5282,
              "state": "failed",
              "speed": null,
              "pass": false,
              "fail": true,
              "pending": false,
              "context": null,
              "code": "cy.get('#board-size').clear().type(4);\ncy.get('#generate-board').click();\ncy.get('.pixel').should('have.length', 25);",
              "err": {
                "message": "CypressError: Timed out retrying: Expected to find element: '#board-size', but never found it.",
                "estack": "CypressError: Timed out retrying: Expected to find element: '#board-size', but never found it.\n    at cypressErr (http://localhost:35123/__cypress/runner/cypress_runner.js:149934:9)\n    at throwErr (http://localhost:35123/__cypress/runner/cypress_runner.js:149867:11)\n    at Object.throwErrByPath (http://localhost:35123/__cypress/runner/cypress_runner.js:149915:3)\n    at retry (http://localhost:35123/__cypress/runner/cypress_runner.js:144197:19)\n    at onFailFn (http://localhost:35123/__cypress/runner/cypress_runner.js:132448:16)\n    at tryCatcher (http://localhost:35123/__cypress/runner/cypress_runner.js:167415:23)\n    at Promise._settlePromiseFromHandler (http://localhost:35123/__cypress/runner/cypress_runner.js:165351:31)\n    at Promise._settlePromise (http://localhost:35123/__cypress/runner/cypress_runner.js:165408:18)\n    at Promise._settlePromise0 (http://localhost:35123/__cypress/runner/cypress_runner.js:165453:10)\n    at Promise._settlePromises (http://localhost:35123/__cypress/runner/cypress_runner.js:165528:18)\n    at Async../node_modules/bluebird/js/release/async.js.Async._drainQueue (http://localhost:35123/__cypress/runner/cypress_runner.js:162140:16)\n    at Async../node_modules/bluebird/js/release/async.js.Async._drainQueues (http://localhost:35123/__cypress/runner/cypress_runner.js:162150:10)\n    at Async.drainQueues (http://localhost:35123/__cypress/runner/cypress_runner.js:162024:14)",
                "diff": null
              },
              "uuid": "dfbbaa1d-91a6-4b11-a0d3-e7023735fb80",
              "parentUUID": "1f90cf56-90a1-4b82-b403-8f036757630a",
              "isHook": false,
              "skipped": false
            },
            {
              "title": "Verifica se a altura do board é 50 quando um valor maior é colocado no input",
              "fullTitle": "11 - Limite o tamanho mínimo e máximo do board. Verifica se a altura do board é 50 quando um valor maior é colocado no input",
              "timedOut": null,
              "duration": 5118,
              "state": "failed",
              "speed": null,
              "pass": false,
              "fail": true,
              "pending": false,
              "context": null,
              "code": "cy.get('#board-size').clear().type(51);\ncy.get('#generate-board').click();\ncy.get('.pixel').should('have.length', 2500);",
              "err": {
                "message": "CypressError: Timed out retrying: Expected to find element: '#board-size', but never found it.",
                "estack": "CypressError: Timed out retrying: Expected to find element: '#board-size', but never found it.\n    at cypressErr (http://localhost:35123/__cypress/runner/cypress_runner.js:149934:9)\n    at throwErr (http://localhost:35123/__cypress/runner/cypress_runner.js:149867:11)\n    at Object.throwErrByPath (http://localhost:35123/__cypress/runner/cypress_runner.js:149915:3)\n    at retry (http://localhost:35123/__cypress/runner/cypress_runner.js:144197:19)\n    at onFailFn (http://localhost:35123/__cypress/runner/cypress_runner.js:132448:16)\n    at tryCatcher (http://localhost:35123/__cypress/runner/cypress_runner.js:167415:23)\n    at Promise._settlePromiseFromHandler (http://localhost:35123/__cypress/runner/cypress_runner.js:165351:31)\n    at Promise._settlePromise (http://localhost:35123/__cypress/runner/cypress_runner.js:165408:18)\n    at Promise._settlePromise0 (http://localhost:35123/__cypress/runner/cypress_runner.js:165453:10)\n    at Promise._settlePromises (http://localhost:35123/__cypress/runner/cypress_runner.js:165528:18)\n    at Async../node_modules/bluebird/js/release/async.js.Async._drainQueue (http://localhost:35123/__cypress/runner/cypress_runner.js:162140:16)\n    at Async../node_modules/bluebird/js/release/async.js.Async._drainQueues (http://localhost:35123/__cypress/runner/cypress_runner.js:162150:10)\n    at Async.drainQueues (http://localhost:35123/__cypress/runner/cypress_runner.js:162024:14)",
                "diff": null
              },
              "uuid": "a81b7ccf-8196-4443-8446-62df90cf3621",
              "parentUUID": "1f90cf56-90a1-4b82-b403-8f036757630a",
              "isHook": false,
              "skipped": false
            }
          ],
          "suites": [],
          "passes": [],
          "failures": [
            "77089d1c-0440-483f-aae5-38d98339ab39",
            "dfbbaa1d-91a6-4b11-a0d3-e7023735fb80",
            "a81b7ccf-8196-4443-8446-62df90cf3621"
          ],
          "pending": [],
          "skipped": [],
          "duration": 15443,
          "root": false,
          "rootEmpty": false,
          "_timeout": 2000
        },
        {
          "uuid": "5890ef43-fd71-42b6-82d6-08ec462b7ae7",
          "title": "12 - Faça com que as cores da paleta sejam geradas aleatoriamente ao carregar a página.",
          "fullFile": "",
          "file": "",
          "beforeHooks": [],
          "afterHooks": [],
          "tests": [
            {
              "title": "Verifica se as cores geradas na paleta são diferentes a cada carregamento da página",
              "fullTitle": "12 - Faça com que as cores da paleta sejam geradas aleatoriamente ao carregar a página. Verifica se as cores geradas na paleta são diferentes a cada carregamento da página",
              "timedOut": null,
              "duration": 1144,
              "state": "failed",
              "speed": null,
              "pass": false,
              "fail": true,
              "pending": false,
              "context": null,
              "code": "cy.get('.color').then(function (colors) {\n  var currentColors;\n  var previousColors;\n  previousColors = Array.from(colors).map(function (color) {\n    return Cypress.$(color).css('background-color');\n  });\n  for (var i = 0; i < 5; i += 1) {\n    cy.reload();\n    cy.get('.color').then(function (colors) {\n      currentColors = Array.from(colors).map(function (color) {\n        return Cypress.$(color).css('background-color');\n      });\n      expect(currentColors).not.to.deep.equal(previousColors);\n      previousColors = currentColors;\n    });\n  }\n});",
              "err": {
                "message": "AssertionError: expected [ Array(4) ] to not deeply equal [ Array(4) ]",
                "estack": "AssertionError: expected [ Array(4) ] to not deeply equal [ Array(4) ]\n    at getRet (http://localhost:35123/__cypress/runner/cypress_runner.js:136585:16)\n    at tryCatcher (http://localhost:35123/__cypress/runner/cypress_runner.js:167415:23)\n    at Function.Promise.attempt.Promise.try (http://localhost:35123/__cypress/runner/cypress_runner.js:164690:29)\n    at Context.thenFn (http://localhost:35123/__cypress/runner/cypress_runner.js:136599:23)\n    at Context.then (http://localhost:35123/__cypress/runner/cypress_runner.js:136971:21)\n    at Context.<anonymous> (http://localhost:35123/__cypress/runner/cypress_runner.js:148875:21)\n    at http://localhost:35123/__cypress/runner/cypress_runner.js:148351:33\n    at tryCatcher (http://localhost:35123/__cypress/runner/cypress_runner.js:167415:23)\n    at Promise._settlePromiseFromHandler (http://localhost:35123/__cypress/runner/cypress_runner.js:165351:31)\n    at Promise._settlePromise (http://localhost:35123/__cypress/runner/cypress_runner.js:165408:18)\n    at Promise._settlePromiseCtx (http://localhost:35123/__cypress/runner/cypress_runner.js:165445:10)\n    at Async../node_modules/bluebird/js/release/async.js.Async._drainQueue (http://localhost:35123/__cypress/runner/cypress_runner.js:162145:12)\n    at Async../node_modules/bluebird/js/release/async.js.Async._drainQueues (http://localhost:35123/__cypress/runner/cypress_runner.js:162150:10)\n    at Async.drainQueues (http://localhost:35123/__cypress/runner/cypress_runner.js:162024:14)",
                "diff": ""
              },
              "uuid": "93b52537-905f-4247-8a43-264cc07496fb",
              "parentUUID": "5890ef43-fd71-42b6-82d6-08ec462b7ae7",
              "isHook": false,
              "skipped": false
            },
            {
              "title": "Verifica se a cor preta ainda está presente e é a primeira na sua paleta de cores",
              "fullTitle": "12 - Faça com que as cores da paleta sejam geradas aleatoriamente ao carregar a página. Verifica se a cor preta ainda está presente e é a primeira na sua paleta de cores",
              "timedOut": null,
              "duration": 1277,
              "state": "failed",
              "speed": null,
              "pass": false,
              "fail": true,
              "pending": false,
              "context": null,
              "code": "cy.get('.color').then(function (colors) {\n  var currentColors;\n  var previousColors;\n  previousColors = Array.from(colors).map(function (color) {\n    return Cypress.$(color).css('background-color');\n  });\n  expect(previousColors[0]).to.eq(BLACK);\n  for (var i = 0; i < 5; i += 1) {\n    cy.reload();\n    cy.get('.color').then(function (colors) {\n      currentColors = Array.from(colors).map(function (color) {\n        return Cypress.$(color).css('background-color');\n      });\n      expect(currentColors[0]).to.eq(BLACK);\n      expect(currentColors).not.to.deep.equal(previousColors);\n      previousColors = currentColors;\n    });\n  }\n});",
              "err": {
                "message": "AssertionError: expected [ Array(4) ] to not deeply equal [ Array(4) ]",
                "estack": "AssertionError: expected [ Array(4) ] to not deeply equal [ Array(4) ]\n    at getRet (http://localhost:35123/__cypress/runner/cypress_runner.js:136585:16)\n    at tryCatcher (http://localhost:35123/__cypress/runner/cypress_runner.js:167415:23)\n    at Function.Promise.attempt.Promise.try (http://localhost:35123/__cypress/runner/cypress_runner.js:164690:29)\n    at Context.thenFn (http://localhost:35123/__cypress/runner/cypress_runner.js:136599:23)\n    at Context.then (http://localhost:35123/__cypress/runner/cypress_runner.js:136971:21)\n    at Context.<anonymous> (http://localhost:35123/__cypress/runner/cypress_runner.js:148875:21)\n    at http://localhost:35123/__cypress/runner/cypress_runner.js:148351:33\n    at tryCatcher (http://localhost:35123/__cypress/runner/cypress_runner.js:167415:23)\n    at Promise._settlePromiseFromHandler (http://localhost:35123/__cypress/runner/cypress_runner.js:165351:31)\n    at Promise._settlePromise (http://localhost:35123/__cypress/runner/cypress_runner.js:165408:18)\n    at Promise._settlePromiseCtx (http://localhost:35123/__cypress/runner/cypress_runner.js:165445:10)\n    at Async../node_modules/bluebird/js/release/async.js.Async._drainQueue (http://localhost:35123/__cypress/runner/cypress_runner.js:162145:12)\n    at Async../node_modules/bluebird/js/release/async.js.Async._drainQueues (http://localhost:35123/__cypress/runner/cypress_runner.js:162150:10)\n    at Async.drainQueues (http://localhost:35123/__cypress/runner/cypress_runner.js:162024:14)",
                "diff": ""
              },
              "uuid": "4eaee76a-0311-40e8-8695-4893040cf443",
              "parentUUID": "5890ef43-fd71-42b6-82d6-08ec462b7ae7",
              "isHook": false,
              "skipped": false
            }
          ],
          "suites": [],
          "passes": [],
          "failures": [
            "93b52537-905f-4247-8a43-264cc07496fb",
            "4eaee76a-0311-40e8-8695-4893040cf443"
          ],
          "pending": [],
          "skipped": [],
          "duration": 2421,
          "root": false,
          "rootEmpty": false,
          "_timeout": 2000
        }
      ],
      "passes": [],
      "failures": [],
      "pending": [],
      "skipped": [],
      "duration": 0,
      "root": true,
      "rootEmpty": true,
      "_timeout": 2000
    }
  ],
  "meta": {
    "mocha": {
      "version": "7.0.1"
    },
    "mochawesome": {
      "options": {
        "quiet": false,
        "reportFilename": "mochawesome",
        "saveHtml": false,
        "saveJson": true,
        "consoleReporter": "spec",
        "useInlineDiffs": false
      },
      "version": "4.1.0"
    },
    "marge": {
      "options": {
        "id": "default",
        "reportDir": "cypress/reports",
        "overwrite": true,
        "html": false,
        "json": true
      },
      "version": "4.1.0"
    }
  }
}