{
  "stats": {
    "suites": 12,
    "tests": 41,
    "passes": 21,
    "pending": 0,
    "failures": 20,
    "start": "2021-09-12T22:26:19.852Z",
    "end": "2021-09-12T22:27:56.696Z",
    "duration": 96844,
    "testsRegistered": 41,
    "passPercent": 51.21951219512195,
    "pendingPercent": 0,
    "other": 0,
    "hasOther": false,
    "skipped": 0,
    "hasSkipped": false
  },
  "results": [
    {
      "uuid": "8e2eccd2-8288-41f5-b68c-9e6a75bf3676",
      "title": "",
      "fullFile": "cypress/integration/project.spec.js",
      "file": "cypress/integration/project.spec.js",
      "beforeHooks": [],
      "afterHooks": [],
      "tests": [],
      "suites": [
        {
          "uuid": "86e4a13f-b52e-4f7d-8c74-a2bcaa746d95",
          "title": "1 - Adicione à página o título \"Paleta de Cores\".",
          "fullFile": "",
          "file": "",
          "beforeHooks": [],
          "afterHooks": [],
          "tests": [
            {
              "title": "Verifica se contém um elemento `h1` com o id `title` com o título correto",
              "fullTitle": "1 - Adicione à página o título \"Paleta de Cores\". Verifica se contém um elemento `h1` com o id `title` com o título correto",
              "timedOut": null,
              "duration": 234,
              "state": "passed",
              "speed": "slow",
              "pass": true,
              "fail": false,
              "pending": false,
              "context": null,
              "code": "cy.get('h1#title').should('contain.text', 'Paleta de Cores');",
              "err": {},
              "uuid": "242ea363-c172-4703-a631-a885728fa2af",
              "parentUUID": "86e4a13f-b52e-4f7d-8c74-a2bcaa746d95",
              "isHook": false,
              "skipped": false
            }
          ],
          "suites": [],
          "passes": [
            "242ea363-c172-4703-a631-a885728fa2af"
          ],
          "failures": [],
          "pending": [],
          "skipped": [],
          "duration": 234,
          "root": false,
          "rootEmpty": false,
          "_timeout": 2000
        },
        {
          "uuid": "c368c22a-1b6e-43c7-9c9c-2a6794439526",
          "title": "2 - Adicione à página uma paleta de quatro cores distintas.",
          "fullFile": "",
          "file": "",
          "beforeHooks": [],
          "afterHooks": [],
          "tests": [
            {
              "title": "A paleta de cores deve ser um elemento com `id` denominado `color-palette`",
              "fullTitle": "2 - Adicione à página uma paleta de quatro cores distintas. A paleta de cores deve ser um elemento com `id` denominado `color-palette`",
              "timedOut": null,
              "duration": 192,
              "state": "passed",
              "speed": "slow",
              "pass": true,
              "fail": false,
              "pending": false,
              "context": null,
              "code": "cy.get('#color-palette').should('be.visible');\ncy.get('#color-palette').children('.color');",
              "err": {},
              "uuid": "14836912-039c-4fec-b1a9-f12a46a87bef",
              "parentUUID": "c368c22a-1b6e-43c7-9c9c-2a6794439526",
              "isHook": false,
              "skipped": false
            },
            {
              "title": "Verifica se cada cor individual da paleta de cores possui a `classe` chamada `color`.",
              "fullTitle": "2 - Adicione à página uma paleta de quatro cores distintas. Verifica se cada cor individual da paleta de cores possui a `classe` chamada `color`.",
              "timedOut": null,
              "duration": 185,
              "state": "passed",
              "speed": "slow",
              "pass": true,
              "fail": false,
              "pending": false,
              "context": null,
              "code": "cy.get('.color').should('have.length', 4).then(function (colors) {\n  for (var i = 0; i < colors.length; i++) {\n    cy.wrap(colors[i]).should('be.visible');\n  }\n});",
              "err": {},
              "uuid": "2a790163-576c-4625-844c-15b73a08aed2",
              "parentUUID": "c368c22a-1b6e-43c7-9c9c-2a6794439526",
              "isHook": false,
              "skipped": false
            },
            {
              "title": "Verifica se a cor de fundo de cada elemento da paleta é a cor que o elemento representa. **A única cor não permitida na paleta é a cor branca.**",
              "fullTitle": "2 - Adicione à página uma paleta de quatro cores distintas. Verifica se a cor de fundo de cada elemento da paleta é a cor que o elemento representa. **A única cor não permitida na paleta é a cor branca.**",
              "timedOut": null,
              "duration": 231,
              "state": "passed",
              "speed": "slow",
              "pass": true,
              "fail": false,
              "pending": false,
              "context": null,
              "code": "cy.get('.color').each(function (color) {\n  cy.wrap(color).should('have.class', 'color').and('not.have.css', 'background-color', WHITE);\n  cy.wrap(color).should('have.css', 'background-color');\n});",
              "err": {},
              "uuid": "1f9a7033-5720-4ca0-a508-94d985c18df0",
              "parentUUID": "c368c22a-1b6e-43c7-9c9c-2a6794439526",
              "isHook": false,
              "skipped": false
            },
            {
              "title": "Verifica se cada elemento da paleta de cores tem uma borda preta, sólida e com 1 pixel de largura;",
              "fullTitle": "2 - Adicione à página uma paleta de quatro cores distintas. Verifica se cada elemento da paleta de cores tem uma borda preta, sólida e com 1 pixel de largura;",
              "timedOut": null,
              "duration": 241,
              "state": "passed",
              "speed": "slow",
              "pass": true,
              "fail": false,
              "pending": false,
              "context": null,
              "code": "cy.get('.color').each(function (color) {\n  cy.wrap(color).and('have.css', 'border', \"1px solid \".concat(BLACK)).and('have.class', 'color');\n});",
              "err": {},
              "uuid": "29e39dc2-9ba0-4555-afe8-ba557b1ab464",
              "parentUUID": "c368c22a-1b6e-43c7-9c9c-2a6794439526",
              "isHook": false,
              "skipped": false
            },
            {
              "title": "Verifica se a paleta lista todas as cores disponíveis para utilização, lado a lado.",
              "fullTitle": "2 - Adicione à página uma paleta de quatro cores distintas. Verifica se a paleta lista todas as cores disponíveis para utilização, lado a lado.",
              "timedOut": null,
              "duration": 126,
              "state": "passed",
              "speed": "slow",
              "pass": true,
              "fail": false,
              "pending": false,
              "context": null,
              "code": "cy.get('.color').then(function (colors) {\n  for (var index = 1; index < colors.length; index += 1) {\n    var currentColor = colors[index];\n    var previousColor = colors[index - 1];\n    cy.wrap(currentColor).should('be.onTheRightOf', previousColor).and('be.horizontallyAlignedWith', previousColor);\n  }\n});",
              "err": {},
              "uuid": "48b38cc4-70b7-433f-963a-9a1bde71d3db",
              "parentUUID": "c368c22a-1b6e-43c7-9c9c-2a6794439526",
              "isHook": false,
              "skipped": false
            },
            {
              "title": "Verifica se a paleta de cores está posicionada abaixo do título 'Paleta de Cores'",
              "fullTitle": "2 - Adicione à página uma paleta de quatro cores distintas. Verifica se a paleta de cores está posicionada abaixo do título 'Paleta de Cores'",
              "timedOut": null,
              "duration": 120,
              "state": "passed",
              "speed": "slow",
              "pass": true,
              "fail": false,
              "pending": false,
              "context": null,
              "code": "cy.get('h1#title').then(function (title) {\n  cy.get('#color-palette').should('be.belowOf', title);\n});",
              "err": {},
              "uuid": "56e1c4cc-4515-49c9-a121-a0c6690f0586",
              "parentUUID": "c368c22a-1b6e-43c7-9c9c-2a6794439526",
              "isHook": false,
              "skipped": false
            },
            {
              "title": "Verifica se a paleta de cores não contém cores repetidas.",
              "fullTitle": "2 - Adicione à página uma paleta de quatro cores distintas. Verifica se a paleta de cores não contém cores repetidas.",
              "timedOut": null,
              "duration": 92,
              "state": "passed",
              "speed": "slow",
              "pass": true,
              "fail": false,
              "pending": false,
              "context": null,
              "code": "cy.get('.color').then(function (colors) {\n  var allColors = Array.from(colors).map(function (color) {\n    return Cypress.$(color).css('background-color');\n  });\n  cy.log(allColors);\n  var uniqColors = (0, _toConsumableArray2[\"default\"])(new Set(allColors));\n  cy.log(uniqColors);\n  expect(allColors.length).to.eq(uniqColors.length);\n});",
              "err": {},
              "uuid": "388074e2-1ff0-4d26-96df-9501c4786b66",
              "parentUUID": "c368c22a-1b6e-43c7-9c9c-2a6794439526",
              "isHook": false,
              "skipped": false
            }
          ],
          "suites": [],
          "passes": [
            "14836912-039c-4fec-b1a9-f12a46a87bef",
            "2a790163-576c-4625-844c-15b73a08aed2",
            "1f9a7033-5720-4ca0-a508-94d985c18df0",
            "29e39dc2-9ba0-4555-afe8-ba557b1ab464",
            "48b38cc4-70b7-433f-963a-9a1bde71d3db",
            "56e1c4cc-4515-49c9-a121-a0c6690f0586",
            "388074e2-1ff0-4d26-96df-9501c4786b66"
          ],
          "failures": [],
          "pending": [],
          "skipped": [],
          "duration": 1187,
          "root": false,
          "rootEmpty": false,
          "_timeout": 2000
        },
        {
          "uuid": "f4dc012a-b81b-415e-9561-4e88abcaabc5",
          "title": "3 - Adicione a cor **preta** como a primeira cor da paleta de cores.",
          "fullFile": "",
          "file": "",
          "beforeHooks": [],
          "afterHooks": [],
          "tests": [
            {
              "title": "Verifica se a primeira cor da paleta é preta",
              "fullTitle": "3 - Adicione a cor **preta** como a primeira cor da paleta de cores. Verifica se a primeira cor da paleta é preta",
              "timedOut": null,
              "duration": 153,
              "state": "passed",
              "speed": "slow",
              "pass": true,
              "fail": false,
              "pending": false,
              "context": null,
              "code": "cy.get('.color').first().should('have.css', 'background-color', BLACK);",
              "err": {},
              "uuid": "412c5702-b359-499c-9423-6d058449b326",
              "parentUUID": "f4dc012a-b81b-415e-9561-4e88abcaabc5",
              "isHook": false,
              "skipped": false
            },
            {
              "title": "Verifica se as demais cores podem ser escolhidas livremente.",
              "fullTitle": "3 - Adicione a cor **preta** como a primeira cor da paleta de cores. Verifica se as demais cores podem ser escolhidas livremente.",
              "timedOut": null,
              "duration": 255,
              "state": "passed",
              "speed": "slow",
              "pass": true,
              "fail": false,
              "pending": false,
              "context": null,
              "code": "cy.get('.color').eq(1).should('not.have.css', 'background-color', BLACK);\ncy.get('.color').eq(1).should('not.have.css', 'background-color', WHITE);\ncy.get('.color').eq(1).should('not.have.css', 'background-color', 'rgba(0, 0, 0, 0)');\ncy.get('.color').eq(1).should('have.css', 'background-color');\ncy.get('.color').eq(2).should('not.have.css', 'background-color', BLACK);\ncy.get('.color').eq(2).should('not.have.css', 'background-color', WHITE);\ncy.get('.color').eq(2).should('not.have.css', 'background-color', 'rgba(0, 0, 0, 0)');\ncy.get('.color').eq(2).should('have.css', 'background-color');\ncy.get('.color').eq(3).should('not.have.css', 'background-color', BLACK);\ncy.get('.color').eq(3).should('not.have.css', 'background-color', WHITE);\ncy.get('.color').eq(3).should('not.have.css', 'background-color', 'rgba(0, 0, 0, 0)');\ncy.get('.color').eq(3).should('have.css', 'background-color');",
              "err": {},
              "uuid": "f67d2d03-88d6-48a7-8dbd-dc2eff827e73",
              "parentUUID": "f4dc012a-b81b-415e-9561-4e88abcaabc5",
              "isHook": false,
              "skipped": false
            }
          ],
          "suites": [],
          "passes": [
            "412c5702-b359-499c-9423-6d058449b326",
            "f67d2d03-88d6-48a7-8dbd-dc2eff827e73"
          ],
          "failures": [],
          "pending": [],
          "skipped": [],
          "duration": 408,
          "root": false,
          "rootEmpty": false,
          "_timeout": 2000
        },
        {
          "uuid": "6ac90f1a-c200-4990-a897-056d7211c5f3",
          "title": "4 - Adicione à página um quadro de pixels, com 25 pixels.",
          "fullFile": "",
          "file": "",
          "beforeHooks": [],
          "afterHooks": [],
          "tests": [
            {
              "title": "Verifica se o quadro de pixels possui o `id` denominado `pixel-board`",
              "fullTitle": "4 - Adicione à página um quadro de pixels, com 25 pixels. Verifica se o quadro de pixels possui o `id` denominado `pixel-board`",
              "timedOut": null,
              "duration": 109,
              "state": "passed",
              "speed": "slow",
              "pass": true,
              "fail": false,
              "pending": false,
              "context": null,
              "code": "cy.get('#pixel-board').should('be.visible');",
              "err": {},
              "uuid": "d7c50644-af9c-4edf-8cde-06f4231a77a9",
              "parentUUID": "6ac90f1a-c200-4990-a897-056d7211c5f3",
              "isHook": false,
              "skipped": false
            },
            {
              "title": "Verifica se cada pixel individual dentro do quadro possui a `classe` denominada `pixel`.",
              "fullTitle": "4 - Adicione à página um quadro de pixels, com 25 pixels. Verifica se cada pixel individual dentro do quadro possui a `classe` denominada `pixel`.",
              "timedOut": null,
              "duration": 166,
              "state": "passed",
              "speed": "slow",
              "pass": true,
              "fail": false,
              "pending": false,
              "context": null,
              "code": "cy.get('.pixel').should('have.length', 25);",
              "err": {},
              "uuid": "40351d21-772f-4360-86e8-f0f5ab662658",
              "parentUUID": "6ac90f1a-c200-4990-a897-056d7211c5f3",
              "isHook": false,
              "skipped": false
            },
            {
              "title": "Verifica se a cor inicial dos pixels dentro do quadro, ao abrir a página, é branca.",
              "fullTitle": "4 - Adicione à página um quadro de pixels, com 25 pixels. Verifica se a cor inicial dos pixels dentro do quadro, ao abrir a página, é branca.",
              "timedOut": null,
              "duration": 226,
              "state": "passed",
              "speed": "slow",
              "pass": true,
              "fail": false,
              "pending": false,
              "context": null,
              "code": "cy.get('.pixel').should('have.length', 25).each(function (pixel) {\n  expect(pixel).to.have.css('background-color', WHITE);\n});",
              "err": {},
              "uuid": "33b9eba2-9ee9-424e-8db6-37ca552562bd",
              "parentUUID": "6ac90f1a-c200-4990-a897-056d7211c5f3",
              "isHook": false,
              "skipped": false
            },
            {
              "title": "Verifica se o quadro de pixels aparece abaixo da paleta de cores",
              "fullTitle": "4 - Adicione à página um quadro de pixels, com 25 pixels. Verifica se o quadro de pixels aparece abaixo da paleta de cores",
              "timedOut": null,
              "duration": 125,
              "state": "passed",
              "speed": "slow",
              "pass": true,
              "fail": false,
              "pending": false,
              "context": null,
              "code": "cy.get('#color-palette').then(function (palette) {\n  cy.get('#pixel-board').should('be.belowOf', palette);\n});",
              "err": {},
              "uuid": "90699ce1-f032-46b4-acc0-e568df9c7125",
              "parentUUID": "6ac90f1a-c200-4990-a897-056d7211c5f3",
              "isHook": false,
              "skipped": false
            }
          ],
          "suites": [],
          "passes": [
            "d7c50644-af9c-4edf-8cde-06f4231a77a9",
            "40351d21-772f-4360-86e8-f0f5ab662658",
            "33b9eba2-9ee9-424e-8db6-37ca552562bd",
            "90699ce1-f032-46b4-acc0-e568df9c7125"
          ],
          "failures": [],
          "pending": [],
          "skipped": [],
          "duration": 626,
          "root": false,
          "rootEmpty": false,
          "_timeout": 2000
        },
        {
          "uuid": "071b082b-468f-4a30-8564-f777315079ab",
          "title": "5 - Faça com que cada elemento do quadro de pixels possua 40 pixels de largura, 40 pixels de altura e seja delimitado por uma borda preta de 1 pixel.",
          "fullFile": "",
          "file": "",
          "beforeHooks": [],
          "afterHooks": [],
          "tests": [
            {
              "title": "Verifica se o quadro de pixels tem altura e comprimento de 5 elementos",
              "fullTitle": "5 - Faça com que cada elemento do quadro de pixels possua 40 pixels de largura, 40 pixels de altura e seja delimitado por uma borda preta de 1 pixel. Verifica se o quadro de pixels tem altura e comprimento de 5 elementos",
              "timedOut": null,
              "duration": 361,
              "state": "passed",
              "speed": "slow",
              "pass": true,
              "fail": false,
              "pending": false,
              "context": null,
              "code": "cy.get('.pixel').should('have.length', 25).each(function (pixel) {\n  expect(pixel).to.have.css('background-color', WHITE);\n}).and(function (pixels) {\n  var rows = chunk(pixels, 5);\n  rows.forEach(function (row) {\n    for (var index = 1; index < row.length; index += 1) {\n      var current = pixels[index];\n      var previous = pixels[index - 1];\n      cy.wrap(current).should('be.onTheRightOf', previous).and('be.horizontallyAlignedWith', previous);\n    }\n  });\n  for (var index = 1; index < 5; index += 1) {\n    expect(pixels[index * 5]).to.be.belowOf(pixels[(index - 1) * 5]);\n  }\n});",
              "err": {},
              "uuid": "31dc9720-b343-409b-87a4-83a8dfd852b4",
              "parentUUID": "071b082b-468f-4a30-8564-f777315079ab",
              "isHook": false,
              "skipped": false
            },
            {
              "title": "Verifica se 40 pixels é o tamanho total do elemento, incluindo seu conteúdo e excluindo a borda preta, que deve ser criada à parte.",
              "fullTitle": "5 - Faça com que cada elemento do quadro de pixels possua 40 pixels de largura, 40 pixels de altura e seja delimitado por uma borda preta de 1 pixel. Verifica se 40 pixels é o tamanho total do elemento, incluindo seu conteúdo e excluindo a borda preta, que deve ser criada à parte.",
              "timedOut": null,
              "duration": 323,
              "state": "passed",
              "speed": "slow",
              "pass": true,
              "fail": false,
              "pending": false,
              "context": null,
              "code": "cy.get('.pixel').each(function (pixel) {\n  cy.wrap(pixel).should('have.css', 'height', '40px').and('have.css', 'width', '40px').and('have.css', 'border', \"1px solid \".concat(BLACK));\n});",
              "err": {},
              "uuid": "134e26d6-5911-4f67-97eb-947a341d72fd",
              "parentUUID": "071b082b-468f-4a30-8564-f777315079ab",
              "isHook": false,
              "skipped": false
            }
          ],
          "suites": [],
          "passes": [
            "31dc9720-b343-409b-87a4-83a8dfd852b4",
            "134e26d6-5911-4f67-97eb-947a341d72fd"
          ],
          "failures": [],
          "pending": [],
          "skipped": [],
          "duration": 684,
          "root": false,
          "rootEmpty": false,
          "_timeout": 2000
        },
        {
          "uuid": "4dbe5c94-a33c-49b8-a1a2-c551b8e6d149",
          "title": "6 - Defina a cor preta como cor inicial. Ao carregar a página a cor preta já deve estar selecionada para pintar os pixels",
          "fullFile": "",
          "file": "",
          "beforeHooks": [],
          "afterHooks": [],
          "tests": [
            {
              "title": "Verifica se o elemento da cor preta possui, inicialmente, a `classe` `selected`",
              "fullTitle": "6 - Defina a cor preta como cor inicial. Ao carregar a página a cor preta já deve estar selecionada para pintar os pixels Verifica se o elemento da cor preta possui, inicialmente, a `classe` `selected`",
              "timedOut": null,
              "duration": 115,
              "state": "passed",
              "speed": "slow",
              "pass": true,
              "fail": false,
              "pending": false,
              "context": null,
              "code": "cy.get('.selected').first().should('have.css', 'background-color', BLACK);",
              "err": {},
              "uuid": "2677b101-aefc-4c40-9399-3fc0756c7376",
              "parentUUID": "4dbe5c94-a33c-49b8-a1a2-c551b8e6d149",
              "isHook": false,
              "skipped": false
            },
            {
              "title": "Verifica se nenhuma outra cor da paleta tem a `classe` `selected`",
              "fullTitle": "6 - Defina a cor preta como cor inicial. Ao carregar a página a cor preta já deve estar selecionada para pintar os pixels Verifica se nenhuma outra cor da paleta tem a `classe` `selected`",
              "timedOut": null,
              "duration": 92,
              "state": "passed",
              "speed": "slow",
              "pass": true,
              "fail": false,
              "pending": false,
              "context": null,
              "code": "cy.get('.color:not(:first-child)').each(function (color) {\n  cy.wrap(color).should('not.have.class', 'selected');\n});",
              "err": {},
              "uuid": "18e5eb26-5801-4487-b66a-98566ca41d8a",
              "parentUUID": "4dbe5c94-a33c-49b8-a1a2-c551b8e6d149",
              "isHook": false,
              "skipped": false
            }
          ],
          "suites": [],
          "passes": [
            "2677b101-aefc-4c40-9399-3fc0756c7376",
            "18e5eb26-5801-4487-b66a-98566ca41d8a"
          ],
          "failures": [],
          "pending": [],
          "skipped": [],
          "duration": 207,
          "root": false,
          "rootEmpty": false,
          "_timeout": 2000
        },
        {
          "uuid": "9a45083b-eb9e-445c-b51d-9b647a08631d",
          "title": "7 - Clicar em uma das cores da paleta, faz com que ela seja selecionada e utilizada para preencher os pixels no quadro.",
          "fullFile": "",
          "file": "",
          "beforeHooks": [],
          "afterHooks": [],
          "tests": [
            {
              "title": "Verifica se somente uma cor da paleta de cores tem a classe `selected` de cada vez",
              "fullTitle": "7 - Clicar em uma das cores da paleta, faz com que ela seja selecionada e utilizada para preencher os pixels no quadro. Verifica se somente uma cor da paleta de cores tem a classe `selected` de cada vez",
              "timedOut": null,
              "duration": 502,
              "state": "passed",
              "speed": "slow",
              "pass": true,
              "fail": false,
              "pending": false,
              "context": null,
              "code": "cy.get('.color').each(function (selectedColor, selectedColorIndex) {\n  cy.wrap(selectedColor).click();\n  cy.get('.color').each(function (color, colorIndex) {\n    if (colorIndex === selectedColorIndex) {\n      expect(color).to.have[\"class\"]('selected');\n    } else {\n      expect(color).not.to.have[\"class\"]('selected');\n    }\n  });\n});",
              "err": {},
              "uuid": "d3b47a01-cbde-4b0b-833c-4c14dc7b8b91",
              "parentUUID": "9a45083b-eb9e-445c-b51d-9b647a08631d",
              "isHook": false,
              "skipped": false
            },
            {
              "title": "Verifica se os pixels dentro do quadro não têm a classe `selected` quando são clicados",
              "fullTitle": "7 - Clicar em uma das cores da paleta, faz com que ela seja selecionada e utilizada para preencher os pixels no quadro. Verifica se os pixels dentro do quadro não têm a classe `selected` quando são clicados",
              "timedOut": null,
              "duration": 8785,
              "state": "passed",
              "speed": "slow",
              "pass": true,
              "fail": false,
              "pending": false,
              "context": null,
              "code": "cy.get('.color').each(function (color) {\n  var backgroundColor = color.css('background-color');\n  cy.wrap(color).click();\n  cy.get('.pixel').each(function (pixel) {\n    cy.wrap(pixel).click().should('not.have.class', 'selected');\n  });\n});",
              "err": {},
              "uuid": "7e9bf25b-8a57-433c-8f6e-8af7dfd543a0",
              "parentUUID": "9a45083b-eb9e-445c-b51d-9b647a08631d",
              "isHook": false,
              "skipped": false
            }
          ],
          "suites": [],
          "passes": [
            "d3b47a01-cbde-4b0b-833c-4c14dc7b8b91",
            "7e9bf25b-8a57-433c-8f6e-8af7dfd543a0"
          ],
          "failures": [],
          "pending": [],
          "skipped": [],
          "duration": 9287,
          "root": false,
          "rootEmpty": false,
          "_timeout": 2000
        },
        {
          "uuid": "fe3fcf57-c100-485d-905b-e176a83b5266",
          "title": "8 - Clicar em um pixel dentro do quadro após selecionar uma cor na paleta, faz com que o pixel seja preenchido com a cor selecionada.",
          "fullFile": "",
          "file": "",
          "beforeHooks": [],
          "afterHooks": [],
          "tests": [
            {
              "title": "Verifica se ao carregar a página deve ser possível pintar os pixels de preto",
              "fullTitle": "8 - Clicar em um pixel dentro do quadro após selecionar uma cor na paleta, faz com que o pixel seja preenchido com a cor selecionada. Verifica se ao carregar a página deve ser possível pintar os pixels de preto",
              "timedOut": null,
              "duration": 4443,
              "state": "failed",
              "speed": null,
              "pass": false,
              "fail": true,
              "pending": false,
              "context": null,
              "code": "cy.get('.pixel').each(function (pixel) {\n  cy.wrap(pixel).click().should('have.css', 'background-color', BLACK);\n});",
              "err": {
                "message": "CypressError: Timed out retrying: expected '<div.pixel>' to have CSS property 'background-color' with the value 'rgb(0, 0, 0)', but the value was 'rgb(255, 255, 255)'",
                "estack": "CypressError: Timed out retrying: expected '<div.pixel>' to have CSS property 'background-color' with the value 'rgb(0, 0, 0)', but the value was 'rgb(255, 255, 255)'\n    at cypressErr (http://localhost:45765/__cypress/runner/cypress_runner.js:149934:9)\n    at throwErr (http://localhost:45765/__cypress/runner/cypress_runner.js:149867:11)\n    at Object.throwErrByPath (http://localhost:45765/__cypress/runner/cypress_runner.js:149915:3)\n    at retry (http://localhost:45765/__cypress/runner/cypress_runner.js:144197:19)\n    at onFailFn (http://localhost:45765/__cypress/runner/cypress_runner.js:132448:16)\n    at tryCatcher (http://localhost:45765/__cypress/runner/cypress_runner.js:167415:23)\n    at Promise._settlePromiseFromHandler (http://localhost:45765/__cypress/runner/cypress_runner.js:165351:31)\n    at Promise._settlePromise (http://localhost:45765/__cypress/runner/cypress_runner.js:165408:18)\n    at Promise._settlePromise0 (http://localhost:45765/__cypress/runner/cypress_runner.js:165453:10)\n    at Promise._settlePromises (http://localhost:45765/__cypress/runner/cypress_runner.js:165528:18)\n    at Async../node_modules/bluebird/js/release/async.js.Async._drainQueue (http://localhost:45765/__cypress/runner/cypress_runner.js:162140:16)\n    at Async../node_modules/bluebird/js/release/async.js.Async._drainQueues (http://localhost:45765/__cypress/runner/cypress_runner.js:162150:10)\n    at Async.drainQueues (http://localhost:45765/__cypress/runner/cypress_runner.js:162024:14)",
                "diff": null
              },
              "uuid": "7d89fcdd-26bf-4b1a-bf86-c68701d071e5",
              "parentUUID": "fe3fcf57-c100-485d-905b-e176a83b5266",
              "isHook": false,
              "skipped": false
            },
            {
              "title": "Verifica se após selecionar uma outra cor na paleta, é possível pintar os pixels com essa cor",
              "fullTitle": "8 - Clicar em um pixel dentro do quadro após selecionar uma cor na paleta, faz com que o pixel seja preenchido com a cor selecionada. Verifica se após selecionar uma outra cor na paleta, é possível pintar os pixels com essa cor",
              "timedOut": null,
              "duration": 4527,
              "state": "failed",
              "speed": null,
              "pass": false,
              "fail": true,
              "pending": false,
              "context": null,
              "code": "cy.get('.color').each(function (color) {\n  var backgroundColor = color.css('background-color');\n  cy.wrap(color).click();\n  cy.get('.pixel').each(function (pixel) {\n    cy.wrap(pixel).click().should('have.css', 'background-color', backgroundColor);\n  });\n});",
              "err": {
                "message": "CypressError: Timed out retrying: expected '<div.pixel>' to have CSS property 'background-color' with the value 'rgb(0, 0, 0)', but the value was 'rgb(255, 255, 255)'",
                "estack": "CypressError: Timed out retrying: expected '<div.pixel>' to have CSS property 'background-color' with the value 'rgb(0, 0, 0)', but the value was 'rgb(255, 255, 255)'\n    at cypressErr (http://localhost:45765/__cypress/runner/cypress_runner.js:149934:9)\n    at throwErr (http://localhost:45765/__cypress/runner/cypress_runner.js:149867:11)\n    at Object.throwErrByPath (http://localhost:45765/__cypress/runner/cypress_runner.js:149915:3)\n    at retry (http://localhost:45765/__cypress/runner/cypress_runner.js:144197:19)\n    at onFailFn (http://localhost:45765/__cypress/runner/cypress_runner.js:132448:16)\n    at tryCatcher (http://localhost:45765/__cypress/runner/cypress_runner.js:167415:23)\n    at Promise._settlePromiseFromHandler (http://localhost:45765/__cypress/runner/cypress_runner.js:165351:31)\n    at Promise._settlePromise (http://localhost:45765/__cypress/runner/cypress_runner.js:165408:18)\n    at Promise._settlePromise0 (http://localhost:45765/__cypress/runner/cypress_runner.js:165453:10)\n    at Promise._settlePromises (http://localhost:45765/__cypress/runner/cypress_runner.js:165528:18)\n    at Async../node_modules/bluebird/js/release/async.js.Async._drainQueue (http://localhost:45765/__cypress/runner/cypress_runner.js:162140:16)\n    at Async../node_modules/bluebird/js/release/async.js.Async._drainQueues (http://localhost:45765/__cypress/runner/cypress_runner.js:162150:10)\n    at Async.drainQueues (http://localhost:45765/__cypress/runner/cypress_runner.js:162024:14)",
                "diff": null
              },
              "uuid": "a2d39513-c4db-41fb-b89c-957cf38f242f",
              "parentUUID": "fe3fcf57-c100-485d-905b-e176a83b5266",
              "isHook": false,
              "skipped": false
            },
            {
              "title": "Verifica se somente o pixel que foi clicado foi preenchido com a cor selecionada, sem influenciar na cor dos demais pixels.",
              "fullTitle": "8 - Clicar em um pixel dentro do quadro após selecionar uma cor na paleta, faz com que o pixel seja preenchido com a cor selecionada. Verifica se somente o pixel que foi clicado foi preenchido com a cor selecionada, sem influenciar na cor dos demais pixels.",
              "timedOut": null,
              "duration": 1980,
              "state": "passed",
              "speed": "slow",
              "pass": true,
              "fail": false,
              "pending": false,
              "context": null,
              "code": "var colorToPixelIndexMap = {\n  0: 6,\n  1: 8,\n  2: 16,\n  3: 18\n};\ncy.get('.color').each(function (color, index) {\n  cy.wrap(color).click();\n  var backgroundColor = color.css('background-color');\n  var clickedPixelIndex = colorToPixelIndexMap[index];\n  cy.get('.pixel').eq(clickedPixelIndex).click();\n  cy.get('.pixel').eq(clickedPixelIndex - 1).should('not.have.css', 'background-color', backgroundColor);\n  cy.get('.pixel').eq(clickedPixelIndex + 1).should('not.have.css', 'background-color', backgroundColor);\n  cy.get('.pixel').eq(clickedPixelIndex - 5).should('not.have.css', 'background-color', backgroundColor);\n  cy.get('.pixel').eq(clickedPixelIndex + 5).should('not.have.css', 'background-color', backgroundColor);\n  cy.get('.pixel').eq(clickedPixelIndex - 6).should('not.have.css', 'background-color', backgroundColor);\n  cy.get('.pixel').eq(clickedPixelIndex - 4).should('not.have.css', 'background-color', backgroundColor);\n  cy.get('.pixel').eq(clickedPixelIndex + 4).should('not.have.css', 'background-color', backgroundColor);\n  cy.get('.pixel').eq(clickedPixelIndex + 6).should('not.have.css', 'background-color', backgroundColor);\n});",
              "err": {},
              "uuid": "36584e7e-698a-4836-9b9c-e234b0671e08",
              "parentUUID": "fe3fcf57-c100-485d-905b-e176a83b5266",
              "isHook": false,
              "skipped": false
            }
          ],
          "suites": [],
          "passes": [
            "36584e7e-698a-4836-9b9c-e234b0671e08"
          ],
          "failures": [
            "7d89fcdd-26bf-4b1a-bf86-c68701d071e5",
            "a2d39513-c4db-41fb-b89c-957cf38f242f"
          ],
          "pending": [],
          "skipped": [],
          "duration": 10950,
          "root": false,
          "rootEmpty": false,
          "_timeout": 2000
        },
        {
          "uuid": "f863c6a2-c025-4962-863c-e0dcf56f8ce0",
          "title": "9 - Crie um botão que, ao ser clicado, limpa o quadro preenchendo a cor de todos seus pixels com branco.",
          "fullFile": "",
          "file": "",
          "beforeHooks": [],
          "afterHooks": [],
          "tests": [
            {
              "title": "Verifica se o botão tem o `id` denominado `clear-board`",
              "fullTitle": "9 - Crie um botão que, ao ser clicado, limpa o quadro preenchendo a cor de todos seus pixels com branco. Verifica se o botão tem o `id` denominado `clear-board`",
              "timedOut": null,
              "duration": 4409,
              "state": "failed",
              "speed": null,
              "pass": false,
              "fail": true,
              "pending": false,
              "context": null,
              "code": "cy.get('#clear-board').should('be.visible');",
              "err": {
                "message": "CypressError: Timed out retrying: Expected to find element: '#clear-board', but never found it.",
                "estack": "CypressError: Timed out retrying: Expected to find element: '#clear-board', but never found it.\n    at cypressErr (http://localhost:45765/__cypress/runner/cypress_runner.js:149934:9)\n    at throwErr (http://localhost:45765/__cypress/runner/cypress_runner.js:149867:11)\n    at Object.throwErrByPath (http://localhost:45765/__cypress/runner/cypress_runner.js:149915:3)\n    at retry (http://localhost:45765/__cypress/runner/cypress_runner.js:144197:19)\n    at onFailFn (http://localhost:45765/__cypress/runner/cypress_runner.js:132448:16)\n    at tryCatcher (http://localhost:45765/__cypress/runner/cypress_runner.js:167415:23)\n    at Promise._settlePromiseFromHandler (http://localhost:45765/__cypress/runner/cypress_runner.js:165351:31)\n    at Promise._settlePromise (http://localhost:45765/__cypress/runner/cypress_runner.js:165408:18)\n    at Promise._settlePromise0 (http://localhost:45765/__cypress/runner/cypress_runner.js:165453:10)\n    at Promise._settlePromises (http://localhost:45765/__cypress/runner/cypress_runner.js:165528:18)\n    at Async../node_modules/bluebird/js/release/async.js.Async._drainQueue (http://localhost:45765/__cypress/runner/cypress_runner.js:162140:16)\n    at Async../node_modules/bluebird/js/release/async.js.Async._drainQueues (http://localhost:45765/__cypress/runner/cypress_runner.js:162150:10)\n    at Async.drainQueues (http://localhost:45765/__cypress/runner/cypress_runner.js:162024:14)",
                "diff": null
              },
              "uuid": "13ff3174-1b47-4fbb-9d07-33ecca5506c7",
              "parentUUID": "f863c6a2-c025-4962-863c-e0dcf56f8ce0",
              "isHook": false,
              "skipped": false
            },
            {
              "title": "Verifica se o botão está posicionado entre a paleta de cores e o quadro de pixels",
              "fullTitle": "9 - Crie um botão que, ao ser clicado, limpa o quadro preenchendo a cor de todos seus pixels com branco. Verifica se o botão está posicionado entre a paleta de cores e o quadro de pixels",
              "timedOut": null,
              "duration": 4333,
              "state": "failed",
              "speed": null,
              "pass": false,
              "fail": true,
              "pending": false,
              "context": null,
              "code": "cy.get('#color-palette').then(function (palette) {\n  cy.get('#clear-board').should('be.belowOf', palette);\n});\ncy.get('#clear-board').then(function (clearBtn) {\n  cy.get('#pixel-board').should('be.belowOf', clearBtn);\n});",
              "err": {
                "message": "CypressError: Timed out retrying: Expected to find element: '#clear-board', but never found it.",
                "estack": "CypressError: Timed out retrying: Expected to find element: '#clear-board', but never found it.\n    at cypressErr (http://localhost:45765/__cypress/runner/cypress_runner.js:149934:9)\n    at throwErr (http://localhost:45765/__cypress/runner/cypress_runner.js:149867:11)\n    at Object.throwErrByPath (http://localhost:45765/__cypress/runner/cypress_runner.js:149915:3)\n    at retry (http://localhost:45765/__cypress/runner/cypress_runner.js:144197:19)\n    at onFailFn (http://localhost:45765/__cypress/runner/cypress_runner.js:132448:16)\n    at tryCatcher (http://localhost:45765/__cypress/runner/cypress_runner.js:167415:23)\n    at Promise._settlePromiseFromHandler (http://localhost:45765/__cypress/runner/cypress_runner.js:165351:31)\n    at Promise._settlePromise (http://localhost:45765/__cypress/runner/cypress_runner.js:165408:18)\n    at Promise._settlePromise0 (http://localhost:45765/__cypress/runner/cypress_runner.js:165453:10)\n    at Promise._settlePromises (http://localhost:45765/__cypress/runner/cypress_runner.js:165528:18)\n    at Async../node_modules/bluebird/js/release/async.js.Async._drainQueue (http://localhost:45765/__cypress/runner/cypress_runner.js:162140:16)\n    at Async../node_modules/bluebird/js/release/async.js.Async._drainQueues (http://localhost:45765/__cypress/runner/cypress_runner.js:162150:10)\n    at Async.drainQueues (http://localhost:45765/__cypress/runner/cypress_runner.js:162024:14)",
                "diff": null
              },
              "uuid": "e90b5131-5415-4783-8915-f15b54ea0fd8",
              "parentUUID": "f863c6a2-c025-4962-863c-e0dcf56f8ce0",
              "isHook": false,
              "skipped": false
            },
            {
              "title": "Verifica se o texto do botão é 'Limpar'",
              "fullTitle": "9 - Crie um botão que, ao ser clicado, limpa o quadro preenchendo a cor de todos seus pixels com branco. Verifica se o texto do botão é 'Limpar'",
              "timedOut": null,
              "duration": 4380,
              "state": "failed",
              "speed": null,
              "pass": false,
              "fail": true,
              "pending": false,
              "context": null,
              "code": "cy.get('#clear-board').should('contain.text', 'Limpar');",
              "err": {
                "message": "CypressError: Timed out retrying: Expected to find element: '#clear-board', but never found it.",
                "estack": "CypressError: Timed out retrying: Expected to find element: '#clear-board', but never found it.\n    at cypressErr (http://localhost:45765/__cypress/runner/cypress_runner.js:149934:9)\n    at throwErr (http://localhost:45765/__cypress/runner/cypress_runner.js:149867:11)\n    at Object.throwErrByPath (http://localhost:45765/__cypress/runner/cypress_runner.js:149915:3)\n    at retry (http://localhost:45765/__cypress/runner/cypress_runner.js:144197:19)\n    at onFailFn (http://localhost:45765/__cypress/runner/cypress_runner.js:132448:16)\n    at tryCatcher (http://localhost:45765/__cypress/runner/cypress_runner.js:167415:23)\n    at Promise._settlePromiseFromHandler (http://localhost:45765/__cypress/runner/cypress_runner.js:165351:31)\n    at Promise._settlePromise (http://localhost:45765/__cypress/runner/cypress_runner.js:165408:18)\n    at Promise._settlePromise0 (http://localhost:45765/__cypress/runner/cypress_runner.js:165453:10)\n    at Promise._settlePromises (http://localhost:45765/__cypress/runner/cypress_runner.js:165528:18)\n    at Async../node_modules/bluebird/js/release/async.js.Async._drainQueue (http://localhost:45765/__cypress/runner/cypress_runner.js:162140:16)\n    at Async../node_modules/bluebird/js/release/async.js.Async._drainQueues (http://localhost:45765/__cypress/runner/cypress_runner.js:162150:10)\n    at Async.drainQueues (http://localhost:45765/__cypress/runner/cypress_runner.js:162024:14)",
                "diff": null
              },
              "uuid": "47393269-1924-41f6-b743-974044dfd468",
              "parentUUID": "f863c6a2-c025-4962-863c-e0dcf56f8ce0",
              "isHook": false,
              "skipped": false
            },
            {
              "title": "Verifica se ao clicar no botão, o quadro de pixels é totalmente preenchido de branco",
              "fullTitle": "9 - Crie um botão que, ao ser clicado, limpa o quadro preenchendo a cor de todos seus pixels com branco. Verifica se ao clicar no botão, o quadro de pixels é totalmente preenchido de branco",
              "timedOut": null,
              "duration": 4654,
              "state": "failed",
              "speed": null,
              "pass": false,
              "fail": true,
              "pending": false,
              "context": null,
              "code": "cy.get('.color').eq(1).then(function (color) {\n  var backgroundColor = color.css('background-color');\n  cy.wrap(color).click();\n  cy.get('.pixel').each(function (pixel) {\n    cy.wrap(pixel).click().should('have.css', 'background-color', backgroundColor);\n  });\n});\ncy.get('#clear-board').click();\ncy.get('.pixel').each(function (pixel) {\n  cy.wrap(pixel).should('have.css', 'background-color', WHITE);\n});",
              "err": {
                "message": "CypressError: Timed out retrying: expected '<div.pixel>' to have CSS property 'background-color' with the value 'rgb(255, 0, 0)', but the value was 'rgb(255, 255, 255)'",
                "estack": "CypressError: Timed out retrying: expected '<div.pixel>' to have CSS property 'background-color' with the value 'rgb(255, 0, 0)', but the value was 'rgb(255, 255, 255)'\n    at cypressErr (http://localhost:45765/__cypress/runner/cypress_runner.js:149934:9)\n    at throwErr (http://localhost:45765/__cypress/runner/cypress_runner.js:149867:11)\n    at Object.throwErrByPath (http://localhost:45765/__cypress/runner/cypress_runner.js:149915:3)\n    at retry (http://localhost:45765/__cypress/runner/cypress_runner.js:144197:19)\n    at onFailFn (http://localhost:45765/__cypress/runner/cypress_runner.js:132448:16)\n    at tryCatcher (http://localhost:45765/__cypress/runner/cypress_runner.js:167415:23)\n    at Promise._settlePromiseFromHandler (http://localhost:45765/__cypress/runner/cypress_runner.js:165351:31)\n    at Promise._settlePromise (http://localhost:45765/__cypress/runner/cypress_runner.js:165408:18)\n    at Promise._settlePromise0 (http://localhost:45765/__cypress/runner/cypress_runner.js:165453:10)\n    at Promise._settlePromises (http://localhost:45765/__cypress/runner/cypress_runner.js:165528:18)\n    at Async../node_modules/bluebird/js/release/async.js.Async._drainQueue (http://localhost:45765/__cypress/runner/cypress_runner.js:162140:16)\n    at Async../node_modules/bluebird/js/release/async.js.Async._drainQueues (http://localhost:45765/__cypress/runner/cypress_runner.js:162150:10)\n    at Async.drainQueues (http://localhost:45765/__cypress/runner/cypress_runner.js:162024:14)",
                "diff": null
              },
              "uuid": "e3fa8714-ff8a-484d-b701-8549f9413596",
              "parentUUID": "f863c6a2-c025-4962-863c-e0dcf56f8ce0",
              "isHook": false,
              "skipped": false
            }
          ],
          "suites": [],
          "passes": [],
          "failures": [
            "13ff3174-1b47-4fbb-9d07-33ecca5506c7",
            "e90b5131-5415-4783-8915-f15b54ea0fd8",
            "47393269-1924-41f6-b743-974044dfd468",
            "e3fa8714-ff8a-484d-b701-8549f9413596"
          ],
          "pending": [],
          "skipped": [],
          "duration": 17776,
          "root": false,
          "rootEmpty": false,
          "_timeout": 2000
        },
        {
          "uuid": "c932b535-e838-49c5-9752-3881bdd647b4",
          "title": "10 - Faça o quadro de pixels ter seu tamanho definido pelo usuário.",
          "fullFile": "",
          "file": "",
          "beforeHooks": [],
          "afterHooks": [],
          "tests": [
            {
              "title": "Verifica se existe um input com o id `board-size`",
              "fullTitle": "10 - Faça o quadro de pixels ter seu tamanho definido pelo usuário. Verifica se existe um input com o id `board-size`",
              "timedOut": null,
              "duration": 4419,
              "state": "failed",
              "speed": null,
              "pass": false,
              "fail": true,
              "pending": false,
              "context": null,
              "code": "cy.get('#board-size').should('be.visible');",
              "err": {
                "message": "CypressError: Timed out retrying: Expected to find element: '#board-size', but never found it.",
                "estack": "CypressError: Timed out retrying: Expected to find element: '#board-size', but never found it.\n    at cypressErr (http://localhost:45765/__cypress/runner/cypress_runner.js:149934:9)\n    at throwErr (http://localhost:45765/__cypress/runner/cypress_runner.js:149867:11)\n    at Object.throwErrByPath (http://localhost:45765/__cypress/runner/cypress_runner.js:149915:3)\n    at retry (http://localhost:45765/__cypress/runner/cypress_runner.js:144197:19)\n    at onFailFn (http://localhost:45765/__cypress/runner/cypress_runner.js:132448:16)\n    at tryCatcher (http://localhost:45765/__cypress/runner/cypress_runner.js:167415:23)\n    at Promise._settlePromiseFromHandler (http://localhost:45765/__cypress/runner/cypress_runner.js:165351:31)\n    at Promise._settlePromise (http://localhost:45765/__cypress/runner/cypress_runner.js:165408:18)\n    at Promise._settlePromise0 (http://localhost:45765/__cypress/runner/cypress_runner.js:165453:10)\n    at Promise._settlePromises (http://localhost:45765/__cypress/runner/cypress_runner.js:165528:18)\n    at Async../node_modules/bluebird/js/release/async.js.Async._drainQueue (http://localhost:45765/__cypress/runner/cypress_runner.js:162140:16)\n    at Async../node_modules/bluebird/js/release/async.js.Async._drainQueues (http://localhost:45765/__cypress/runner/cypress_runner.js:162150:10)\n    at Async.drainQueues (http://localhost:45765/__cypress/runner/cypress_runner.js:162024:14)",
                "diff": null
              },
              "uuid": "91433e46-3fe9-4065-be4b-44e7a4dd2c50",
              "parentUUID": "c932b535-e838-49c5-9752-3881bdd647b4",
              "isHook": false,
              "skipped": false
            },
            {
              "title": "Verifica se existe um botão com o id `generate-board`",
              "fullTitle": "10 - Faça o quadro de pixels ter seu tamanho definido pelo usuário. Verifica se existe um botão com o id `generate-board`",
              "timedOut": null,
              "duration": 4437,
              "state": "failed",
              "speed": null,
              "pass": false,
              "fail": true,
              "pending": false,
              "context": null,
              "code": "cy.get('#generate-board').should('be.visible');",
              "err": {
                "message": "CypressError: Timed out retrying: Expected to find element: '#generate-board', but never found it.",
                "estack": "CypressError: Timed out retrying: Expected to find element: '#generate-board', but never found it.\n    at cypressErr (http://localhost:45765/__cypress/runner/cypress_runner.js:149934:9)\n    at throwErr (http://localhost:45765/__cypress/runner/cypress_runner.js:149867:11)\n    at Object.throwErrByPath (http://localhost:45765/__cypress/runner/cypress_runner.js:149915:3)\n    at retry (http://localhost:45765/__cypress/runner/cypress_runner.js:144197:19)\n    at onFailFn (http://localhost:45765/__cypress/runner/cypress_runner.js:132448:16)\n    at tryCatcher (http://localhost:45765/__cypress/runner/cypress_runner.js:167415:23)\n    at Promise._settlePromiseFromHandler (http://localhost:45765/__cypress/runner/cypress_runner.js:165351:31)\n    at Promise._settlePromise (http://localhost:45765/__cypress/runner/cypress_runner.js:165408:18)\n    at Promise._settlePromise0 (http://localhost:45765/__cypress/runner/cypress_runner.js:165453:10)\n    at Promise._settlePromises (http://localhost:45765/__cypress/runner/cypress_runner.js:165528:18)\n    at Async../node_modules/bluebird/js/release/async.js.Async._drainQueue (http://localhost:45765/__cypress/runner/cypress_runner.js:162140:16)\n    at Async../node_modules/bluebird/js/release/async.js.Async._drainQueues (http://localhost:45765/__cypress/runner/cypress_runner.js:162150:10)\n    at Async.drainQueues (http://localhost:45765/__cypress/runner/cypress_runner.js:162024:14)",
                "diff": null
              },
              "uuid": "6ed1fd84-b83c-43ee-8aca-8e9527dabffc",
              "parentUUID": "c932b535-e838-49c5-9752-3881bdd647b4",
              "isHook": false,
              "skipped": false
            },
            {
              "title": "Verifica se o input só aceita número maiores que zero. Essa restrição deve ser feita usando os atributos do elemento `input`",
              "fullTitle": "10 - Faça o quadro de pixels ter seu tamanho definido pelo usuário. Verifica se o input só aceita número maiores que zero. Essa restrição deve ser feita usando os atributos do elemento `input`",
              "timedOut": null,
              "duration": 4411,
              "state": "failed",
              "speed": null,
              "pass": false,
              "fail": true,
              "pending": false,
              "context": null,
              "code": "cy.get('#board-size[type=\\'number\\'][min=\\'1\\']');",
              "err": {
                "message": "CypressError: Timed out retrying: Expected to find element: '#board-size[type='number'][min='1']', but never found it.",
                "estack": "CypressError: Timed out retrying: Expected to find element: '#board-size[type='number'][min='1']', but never found it.\n    at cypressErr (http://localhost:45765/__cypress/runner/cypress_runner.js:149934:9)\n    at throwErr (http://localhost:45765/__cypress/runner/cypress_runner.js:149867:11)\n    at Object.throwErrByPath (http://localhost:45765/__cypress/runner/cypress_runner.js:149915:3)\n    at retry (http://localhost:45765/__cypress/runner/cypress_runner.js:144197:19)\n    at onFailFn (http://localhost:45765/__cypress/runner/cypress_runner.js:132448:16)\n    at tryCatcher (http://localhost:45765/__cypress/runner/cypress_runner.js:167415:23)\n    at Promise._settlePromiseFromHandler (http://localhost:45765/__cypress/runner/cypress_runner.js:165351:31)\n    at Promise._settlePromise (http://localhost:45765/__cypress/runner/cypress_runner.js:165408:18)\n    at Promise._settlePromise0 (http://localhost:45765/__cypress/runner/cypress_runner.js:165453:10)\n    at Promise._settlePromises (http://localhost:45765/__cypress/runner/cypress_runner.js:165528:18)\n    at Async../node_modules/bluebird/js/release/async.js.Async._drainQueue (http://localhost:45765/__cypress/runner/cypress_runner.js:162140:16)\n    at Async../node_modules/bluebird/js/release/async.js.Async._drainQueues (http://localhost:45765/__cypress/runner/cypress_runner.js:162150:10)\n    at Async.drainQueues (http://localhost:45765/__cypress/runner/cypress_runner.js:162024:14)",
                "diff": null
              },
              "uuid": "e56a94d8-4abd-4c24-a1d7-e9be8ecfb92d",
              "parentUUID": "c932b535-e838-49c5-9752-3881bdd647b4",
              "isHook": false,
              "skipped": false
            },
            {
              "title": "Verifica se o botão contém o texto 'VQV'",
              "fullTitle": "10 - Faça o quadro de pixels ter seu tamanho definido pelo usuário. Verifica se o botão contém o texto 'VQV'",
              "timedOut": null,
              "duration": 4422,
              "state": "failed",
              "speed": null,
              "pass": false,
              "fail": true,
              "pending": false,
              "context": null,
              "code": "cy.get('#generate-board').contains(/vqv/i);",
              "err": {
                "message": "CypressError: Timed out retrying: Expected to find element: '#generate-board', but never found it.",
                "estack": "CypressError: Timed out retrying: Expected to find element: '#generate-board', but never found it.\n    at cypressErr (http://localhost:45765/__cypress/runner/cypress_runner.js:149934:9)\n    at throwErr (http://localhost:45765/__cypress/runner/cypress_runner.js:149867:11)\n    at Object.throwErrByPath (http://localhost:45765/__cypress/runner/cypress_runner.js:149915:3)\n    at retry (http://localhost:45765/__cypress/runner/cypress_runner.js:144197:19)\n    at onFailFn (http://localhost:45765/__cypress/runner/cypress_runner.js:132448:16)\n    at tryCatcher (http://localhost:45765/__cypress/runner/cypress_runner.js:167415:23)\n    at Promise._settlePromiseFromHandler (http://localhost:45765/__cypress/runner/cypress_runner.js:165351:31)\n    at Promise._settlePromise (http://localhost:45765/__cypress/runner/cypress_runner.js:165408:18)\n    at Promise._settlePromise0 (http://localhost:45765/__cypress/runner/cypress_runner.js:165453:10)\n    at Promise._settlePromises (http://localhost:45765/__cypress/runner/cypress_runner.js:165528:18)\n    at Async../node_modules/bluebird/js/release/async.js.Async._drainQueue (http://localhost:45765/__cypress/runner/cypress_runner.js:162140:16)\n    at Async../node_modules/bluebird/js/release/async.js.Async._drainQueues (http://localhost:45765/__cypress/runner/cypress_runner.js:162150:10)\n    at Async.drainQueues (http://localhost:45765/__cypress/runner/cypress_runner.js:162024:14)",
                "diff": null
              },
              "uuid": "748076b0-fdba-4c51-8146-e1aa5e03aec6",
              "parentUUID": "c932b535-e838-49c5-9752-3881bdd647b4",
              "isHook": false,
              "skipped": false
            },
            {
              "title": "Verifica se o input está posicionado entre a paleta de cores e o quadro de pixels",
              "fullTitle": "10 - Faça o quadro de pixels ter seu tamanho definido pelo usuário. Verifica se o input está posicionado entre a paleta de cores e o quadro de pixels",
              "timedOut": null,
              "duration": 4450,
              "state": "failed",
              "speed": null,
              "pass": false,
              "fail": true,
              "pending": false,
              "context": null,
              "code": "cy.get('#color-palette').then(function (palette) {\n  cy.get('#board-size').should('be.belowOf', palette);\n});\ncy.get('#board-size').then(function (palette) {\n  cy.get('#pixel-board').should('be.belowOf', palette);\n});",
              "err": {
                "message": "CypressError: Timed out retrying: Expected to find element: '#board-size', but never found it.",
                "estack": "CypressError: Timed out retrying: Expected to find element: '#board-size', but never found it.\n    at cypressErr (http://localhost:45765/__cypress/runner/cypress_runner.js:149934:9)\n    at throwErr (http://localhost:45765/__cypress/runner/cypress_runner.js:149867:11)\n    at Object.throwErrByPath (http://localhost:45765/__cypress/runner/cypress_runner.js:149915:3)\n    at retry (http://localhost:45765/__cypress/runner/cypress_runner.js:144197:19)\n    at onFailFn (http://localhost:45765/__cypress/runner/cypress_runner.js:132448:16)\n    at tryCatcher (http://localhost:45765/__cypress/runner/cypress_runner.js:167415:23)\n    at Promise._settlePromiseFromHandler (http://localhost:45765/__cypress/runner/cypress_runner.js:165351:31)\n    at Promise._settlePromise (http://localhost:45765/__cypress/runner/cypress_runner.js:165408:18)\n    at Promise._settlePromise0 (http://localhost:45765/__cypress/runner/cypress_runner.js:165453:10)\n    at Promise._settlePromises (http://localhost:45765/__cypress/runner/cypress_runner.js:165528:18)\n    at Async../node_modules/bluebird/js/release/async.js.Async._drainQueue (http://localhost:45765/__cypress/runner/cypress_runner.js:162140:16)\n    at Async../node_modules/bluebird/js/release/async.js.Async._drainQueues (http://localhost:45765/__cypress/runner/cypress_runner.js:162150:10)\n    at Async.drainQueues (http://localhost:45765/__cypress/runner/cypress_runner.js:162024:14)",
                "diff": null
              },
              "uuid": "35226afb-39c2-4c25-bf01-e81037914811",
              "parentUUID": "c932b535-e838-49c5-9752-3881bdd647b4",
              "isHook": false,
              "skipped": false
            },
            {
              "title": "Verifica se o botão está posicionado ao lado do input",
              "fullTitle": "10 - Faça o quadro de pixels ter seu tamanho definido pelo usuário. Verifica se o botão está posicionado ao lado do input",
              "timedOut": null,
              "duration": 4428,
              "state": "failed",
              "speed": null,
              "pass": false,
              "fail": true,
              "pending": false,
              "context": null,
              "code": "cy.get('#board-size').then(function (board) {\n  cy.get('#generate-board').should('be.onTheRightOf', board);\n});",
              "err": {
                "message": "CypressError: Timed out retrying: Expected to find element: '#board-size', but never found it.",
                "estack": "CypressError: Timed out retrying: Expected to find element: '#board-size', but never found it.\n    at cypressErr (http://localhost:45765/__cypress/runner/cypress_runner.js:149934:9)\n    at throwErr (http://localhost:45765/__cypress/runner/cypress_runner.js:149867:11)\n    at Object.throwErrByPath (http://localhost:45765/__cypress/runner/cypress_runner.js:149915:3)\n    at retry (http://localhost:45765/__cypress/runner/cypress_runner.js:144197:19)\n    at onFailFn (http://localhost:45765/__cypress/runner/cypress_runner.js:132448:16)\n    at tryCatcher (http://localhost:45765/__cypress/runner/cypress_runner.js:167415:23)\n    at Promise._settlePromiseFromHandler (http://localhost:45765/__cypress/runner/cypress_runner.js:165351:31)\n    at Promise._settlePromise (http://localhost:45765/__cypress/runner/cypress_runner.js:165408:18)\n    at Promise._settlePromise0 (http://localhost:45765/__cypress/runner/cypress_runner.js:165453:10)\n    at Promise._settlePromises (http://localhost:45765/__cypress/runner/cypress_runner.js:165528:18)\n    at Async../node_modules/bluebird/js/release/async.js.Async._drainQueue (http://localhost:45765/__cypress/runner/cypress_runner.js:162140:16)\n    at Async../node_modules/bluebird/js/release/async.js.Async._drainQueues (http://localhost:45765/__cypress/runner/cypress_runner.js:162150:10)\n    at Async.drainQueues (http://localhost:45765/__cypress/runner/cypress_runner.js:162024:14)",
                "diff": null
              },
              "uuid": "5aa02923-4123-4760-bfc5-0258611ff669",
              "parentUUID": "c932b535-e838-49c5-9752-3881bdd647b4",
              "isHook": false,
              "skipped": false
            },
            {
              "title": "Verifica se nenhum valor for colocado no input ao clicar no botão, um `alert` é exibido com o texto: 'Board inválido!'",
              "fullTitle": "10 - Faça o quadro de pixels ter seu tamanho definido pelo usuário. Verifica se nenhum valor for colocado no input ao clicar no botão, um `alert` é exibido com o texto: 'Board inválido!'",
              "timedOut": null,
              "duration": 4345,
              "state": "failed",
              "speed": null,
              "pass": false,
              "fail": true,
              "pending": false,
              "context": null,
              "code": "var alerted = false;\ncy.on('window:alert', function (msg) {\n  return alerted = msg;\n});\ncy.get('#generate-board').click().then(function () {\n  return expect(alerted).to.match(/Board inválido!/i);\n});",
              "err": {
                "message": "CypressError: Timed out retrying: Expected to find element: '#generate-board', but never found it.",
                "estack": "CypressError: Timed out retrying: Expected to find element: '#generate-board', but never found it.\n    at cypressErr (http://localhost:45765/__cypress/runner/cypress_runner.js:149934:9)\n    at throwErr (http://localhost:45765/__cypress/runner/cypress_runner.js:149867:11)\n    at Object.throwErrByPath (http://localhost:45765/__cypress/runner/cypress_runner.js:149915:3)\n    at retry (http://localhost:45765/__cypress/runner/cypress_runner.js:144197:19)\n    at onFailFn (http://localhost:45765/__cypress/runner/cypress_runner.js:132448:16)\n    at tryCatcher (http://localhost:45765/__cypress/runner/cypress_runner.js:167415:23)\n    at Promise._settlePromiseFromHandler (http://localhost:45765/__cypress/runner/cypress_runner.js:165351:31)\n    at Promise._settlePromise (http://localhost:45765/__cypress/runner/cypress_runner.js:165408:18)\n    at Promise._settlePromise0 (http://localhost:45765/__cypress/runner/cypress_runner.js:165453:10)\n    at Promise._settlePromises (http://localhost:45765/__cypress/runner/cypress_runner.js:165528:18)\n    at Async../node_modules/bluebird/js/release/async.js.Async._drainQueue (http://localhost:45765/__cypress/runner/cypress_runner.js:162140:16)\n    at Async../node_modules/bluebird/js/release/async.js.Async._drainQueues (http://localhost:45765/__cypress/runner/cypress_runner.js:162150:10)\n    at Async.drainQueues (http://localhost:45765/__cypress/runner/cypress_runner.js:162024:14)",
                "diff": null
              },
              "uuid": "18189cc5-d988-4246-b488-b98ae6253fb4",
              "parentUUID": "c932b535-e838-49c5-9752-3881bdd647b4",
              "isHook": false,
              "skipped": false
            },
            {
              "title": "Verifica se ao clicar no botão com um valor preenchido, o tamanho do board muda.",
              "fullTitle": "10 - Faça o quadro de pixels ter seu tamanho definido pelo usuário. Verifica se ao clicar no botão com um valor preenchido, o tamanho do board muda.",
              "timedOut": null,
              "duration": 4429,
              "state": "failed",
              "speed": null,
              "pass": false,
              "fail": true,
              "pending": false,
              "context": null,
              "code": "cy.get('#board-size').clear().type(10);\ncy.get('#generate-board').click();\ncy.get('.pixel').should('have.length', 100);",
              "err": {
                "message": "CypressError: Timed out retrying: Expected to find element: '#board-size', but never found it.",
                "estack": "CypressError: Timed out retrying: Expected to find element: '#board-size', but never found it.\n    at cypressErr (http://localhost:45765/__cypress/runner/cypress_runner.js:149934:9)\n    at throwErr (http://localhost:45765/__cypress/runner/cypress_runner.js:149867:11)\n    at Object.throwErrByPath (http://localhost:45765/__cypress/runner/cypress_runner.js:149915:3)\n    at retry (http://localhost:45765/__cypress/runner/cypress_runner.js:144197:19)\n    at onFailFn (http://localhost:45765/__cypress/runner/cypress_runner.js:132448:16)\n    at tryCatcher (http://localhost:45765/__cypress/runner/cypress_runner.js:167415:23)\n    at Promise._settlePromiseFromHandler (http://localhost:45765/__cypress/runner/cypress_runner.js:165351:31)\n    at Promise._settlePromise (http://localhost:45765/__cypress/runner/cypress_runner.js:165408:18)\n    at Promise._settlePromise0 (http://localhost:45765/__cypress/runner/cypress_runner.js:165453:10)\n    at Promise._settlePromises (http://localhost:45765/__cypress/runner/cypress_runner.js:165528:18)\n    at Async../node_modules/bluebird/js/release/async.js.Async._drainQueue (http://localhost:45765/__cypress/runner/cypress_runner.js:162140:16)\n    at Async../node_modules/bluebird/js/release/async.js.Async._drainQueues (http://localhost:45765/__cypress/runner/cypress_runner.js:162150:10)\n    at Async.drainQueues (http://localhost:45765/__cypress/runner/cypress_runner.js:162024:14)",
                "diff": null
              },
              "uuid": "ec07a6a1-0dae-4378-87e3-c7e73bea691d",
              "parentUUID": "c932b535-e838-49c5-9752-3881bdd647b4",
              "isHook": false,
              "skipped": false
            },
            {
              "title": "Verifica se o novo quadro tem todos os pixels preenchidos com a cor branca",
              "fullTitle": "10 - Faça o quadro de pixels ter seu tamanho definido pelo usuário. Verifica se o novo quadro tem todos os pixels preenchidos com a cor branca",
              "timedOut": null,
              "duration": 4497,
              "state": "failed",
              "speed": null,
              "pass": false,
              "fail": true,
              "pending": false,
              "context": null,
              "code": "cy.get('#board-size').clear().type(6);\ncy.get('#generate-board').click();\ncy.get('.pixel').should('have.length', 36).each(function (pixel) {\n  expect(pixel).to.have.css('background-color', WHITE);\n});",
              "err": {
                "message": "CypressError: Timed out retrying: Expected to find element: '#board-size', but never found it.",
                "estack": "CypressError: Timed out retrying: Expected to find element: '#board-size', but never found it.\n    at cypressErr (http://localhost:45765/__cypress/runner/cypress_runner.js:149934:9)\n    at throwErr (http://localhost:45765/__cypress/runner/cypress_runner.js:149867:11)\n    at Object.throwErrByPath (http://localhost:45765/__cypress/runner/cypress_runner.js:149915:3)\n    at retry (http://localhost:45765/__cypress/runner/cypress_runner.js:144197:19)\n    at onFailFn (http://localhost:45765/__cypress/runner/cypress_runner.js:132448:16)\n    at tryCatcher (http://localhost:45765/__cypress/runner/cypress_runner.js:167415:23)\n    at Promise._settlePromiseFromHandler (http://localhost:45765/__cypress/runner/cypress_runner.js:165351:31)\n    at Promise._settlePromise (http://localhost:45765/__cypress/runner/cypress_runner.js:165408:18)\n    at Promise._settlePromise0 (http://localhost:45765/__cypress/runner/cypress_runner.js:165453:10)\n    at Promise._settlePromises (http://localhost:45765/__cypress/runner/cypress_runner.js:165528:18)\n    at Async../node_modules/bluebird/js/release/async.js.Async._drainQueue (http://localhost:45765/__cypress/runner/cypress_runner.js:162140:16)\n    at Async../node_modules/bluebird/js/release/async.js.Async._drainQueues (http://localhost:45765/__cypress/runner/cypress_runner.js:162150:10)\n    at Async.drainQueues (http://localhost:45765/__cypress/runner/cypress_runner.js:162024:14)",
                "diff": null
              },
              "uuid": "6e37077a-7a7a-4561-8bbd-2b54a7f25d84",
              "parentUUID": "c932b535-e838-49c5-9752-3881bdd647b4",
              "isHook": false,
              "skipped": false
            }
          ],
          "suites": [],
          "passes": [],
          "failures": [
            "91433e46-3fe9-4065-be4b-44e7a4dd2c50",
            "6ed1fd84-b83c-43ee-8aca-8e9527dabffc",
            "e56a94d8-4abd-4c24-a1d7-e9be8ecfb92d",
            "748076b0-fdba-4c51-8146-e1aa5e03aec6",
            "35226afb-39c2-4c25-bf01-e81037914811",
            "5aa02923-4123-4760-bfc5-0258611ff669",
            "18189cc5-d988-4246-b488-b98ae6253fb4",
            "ec07a6a1-0dae-4378-87e3-c7e73bea691d",
            "6e37077a-7a7a-4561-8bbd-2b54a7f25d84"
          ],
          "pending": [],
          "skipped": [],
          "duration": 39838,
          "root": false,
          "rootEmpty": false,
          "_timeout": 2000
        },
        {
          "uuid": "b00dab85-39fd-41f8-9268-05f014720713",
          "title": "11 - Limite o tamanho mínimo e máximo do board.",
          "fullFile": "",
          "file": "",
          "beforeHooks": [],
          "afterHooks": [],
          "tests": [
            {
              "title": "Verifica se a altura máxima do board é 50",
              "fullTitle": "11 - Limite o tamanho mínimo e máximo do board. Verifica se a altura máxima do board é 50",
              "timedOut": null,
              "duration": 4388,
              "state": "failed",
              "speed": null,
              "pass": false,
              "fail": true,
              "pending": false,
              "context": null,
              "code": "cy.get('#board-size').clear().type(50);\ncy.get('#generate-board').click();\ncy.get('.pixel').should('have.length', 2500);",
              "err": {
                "message": "CypressError: Timed out retrying: Expected to find element: '#board-size', but never found it.",
                "estack": "CypressError: Timed out retrying: Expected to find element: '#board-size', but never found it.\n    at cypressErr (http://localhost:45765/__cypress/runner/cypress_runner.js:149934:9)\n    at throwErr (http://localhost:45765/__cypress/runner/cypress_runner.js:149867:11)\n    at Object.throwErrByPath (http://localhost:45765/__cypress/runner/cypress_runner.js:149915:3)\n    at retry (http://localhost:45765/__cypress/runner/cypress_runner.js:144197:19)\n    at onFailFn (http://localhost:45765/__cypress/runner/cypress_runner.js:132448:16)\n    at tryCatcher (http://localhost:45765/__cypress/runner/cypress_runner.js:167415:23)\n    at Promise._settlePromiseFromHandler (http://localhost:45765/__cypress/runner/cypress_runner.js:165351:31)\n    at Promise._settlePromise (http://localhost:45765/__cypress/runner/cypress_runner.js:165408:18)\n    at Promise._settlePromise0 (http://localhost:45765/__cypress/runner/cypress_runner.js:165453:10)\n    at Promise._settlePromises (http://localhost:45765/__cypress/runner/cypress_runner.js:165528:18)\n    at Async../node_modules/bluebird/js/release/async.js.Async._drainQueue (http://localhost:45765/__cypress/runner/cypress_runner.js:162140:16)\n    at Async../node_modules/bluebird/js/release/async.js.Async._drainQueues (http://localhost:45765/__cypress/runner/cypress_runner.js:162150:10)\n    at Async.drainQueues (http://localhost:45765/__cypress/runner/cypress_runner.js:162024:14)",
                "diff": null
              },
              "uuid": "af2522e5-0d5c-4657-a596-beff3e3a10ec",
              "parentUUID": "b00dab85-39fd-41f8-9268-05f014720713",
              "isHook": false,
              "skipped": false
            },
            {
              "title": "Verifica se a altura do board é 5 quando um valor menor é colocado no input",
              "fullTitle": "11 - Limite o tamanho mínimo e máximo do board. Verifica se a altura do board é 5 quando um valor menor é colocado no input",
              "timedOut": null,
              "duration": 4430,
              "state": "failed",
              "speed": null,
              "pass": false,
              "fail": true,
              "pending": false,
              "context": null,
              "code": "cy.get('#board-size').clear().type(4);\ncy.get('#generate-board').click();\ncy.get('.pixel').should('have.length', 25);",
              "err": {
                "message": "CypressError: Timed out retrying: Expected to find element: '#board-size', but never found it.",
                "estack": "CypressError: Timed out retrying: Expected to find element: '#board-size', but never found it.\n    at cypressErr (http://localhost:45765/__cypress/runner/cypress_runner.js:149934:9)\n    at throwErr (http://localhost:45765/__cypress/runner/cypress_runner.js:149867:11)\n    at Object.throwErrByPath (http://localhost:45765/__cypress/runner/cypress_runner.js:149915:3)\n    at retry (http://localhost:45765/__cypress/runner/cypress_runner.js:144197:19)\n    at onFailFn (http://localhost:45765/__cypress/runner/cypress_runner.js:132448:16)\n    at tryCatcher (http://localhost:45765/__cypress/runner/cypress_runner.js:167415:23)\n    at Promise._settlePromiseFromHandler (http://localhost:45765/__cypress/runner/cypress_runner.js:165351:31)\n    at Promise._settlePromise (http://localhost:45765/__cypress/runner/cypress_runner.js:165408:18)\n    at Promise._settlePromise0 (http://localhost:45765/__cypress/runner/cypress_runner.js:165453:10)\n    at Promise._settlePromises (http://localhost:45765/__cypress/runner/cypress_runner.js:165528:18)\n    at Async../node_modules/bluebird/js/release/async.js.Async._drainQueue (http://localhost:45765/__cypress/runner/cypress_runner.js:162140:16)\n    at Async../node_modules/bluebird/js/release/async.js.Async._drainQueues (http://localhost:45765/__cypress/runner/cypress_runner.js:162150:10)\n    at Async.drainQueues (http://localhost:45765/__cypress/runner/cypress_runner.js:162024:14)",
                "diff": null
              },
              "uuid": "9786f562-6a3e-4eef-be50-ae6e09a2bcea",
              "parentUUID": "b00dab85-39fd-41f8-9268-05f014720713",
              "isHook": false,
              "skipped": false
            },
            {
              "title": "Verifica se a altura do board é 50 quando um valor maior é colocado no input",
              "fullTitle": "11 - Limite o tamanho mínimo e máximo do board. Verifica se a altura do board é 50 quando um valor maior é colocado no input",
              "timedOut": null,
              "duration": 4472,
              "state": "failed",
              "speed": null,
              "pass": false,
              "fail": true,
              "pending": false,
              "context": null,
              "code": "cy.get('#board-size').clear().type(51);\ncy.get('#generate-board').click();\ncy.get('.pixel').should('have.length', 2500);",
              "err": {
                "message": "CypressError: Timed out retrying: Expected to find element: '#board-size', but never found it.",
                "estack": "CypressError: Timed out retrying: Expected to find element: '#board-size', but never found it.\n    at cypressErr (http://localhost:45765/__cypress/runner/cypress_runner.js:149934:9)\n    at throwErr (http://localhost:45765/__cypress/runner/cypress_runner.js:149867:11)\n    at Object.throwErrByPath (http://localhost:45765/__cypress/runner/cypress_runner.js:149915:3)\n    at retry (http://localhost:45765/__cypress/runner/cypress_runner.js:144197:19)\n    at onFailFn (http://localhost:45765/__cypress/runner/cypress_runner.js:132448:16)\n    at tryCatcher (http://localhost:45765/__cypress/runner/cypress_runner.js:167415:23)\n    at Promise._settlePromiseFromHandler (http://localhost:45765/__cypress/runner/cypress_runner.js:165351:31)\n    at Promise._settlePromise (http://localhost:45765/__cypress/runner/cypress_runner.js:165408:18)\n    at Promise._settlePromise0 (http://localhost:45765/__cypress/runner/cypress_runner.js:165453:10)\n    at Promise._settlePromises (http://localhost:45765/__cypress/runner/cypress_runner.js:165528:18)\n    at Async../node_modules/bluebird/js/release/async.js.Async._drainQueue (http://localhost:45765/__cypress/runner/cypress_runner.js:162140:16)\n    at Async../node_modules/bluebird/js/release/async.js.Async._drainQueues (http://localhost:45765/__cypress/runner/cypress_runner.js:162150:10)\n    at Async.drainQueues (http://localhost:45765/__cypress/runner/cypress_runner.js:162024:14)",
                "diff": null
              },
              "uuid": "ea2ac42b-32cf-4a0a-958f-fe199b4acd81",
              "parentUUID": "b00dab85-39fd-41f8-9268-05f014720713",
              "isHook": false,
              "skipped": false
            }
          ],
          "suites": [],
          "passes": [],
          "failures": [
            "af2522e5-0d5c-4657-a596-beff3e3a10ec",
            "9786f562-6a3e-4eef-be50-ae6e09a2bcea",
            "ea2ac42b-32cf-4a0a-958f-fe199b4acd81"
          ],
          "pending": [],
          "skipped": [],
          "duration": 13290,
          "root": false,
          "rootEmpty": false,
          "_timeout": 2000
        },
        {
          "uuid": "3374e456-e481-462f-9b57-3318135c2d3e",
          "title": "12 - Faça com que as cores da paleta sejam geradas aleatoriamente ao carregar a página.",
          "fullFile": "",
          "file": "",
          "beforeHooks": [],
          "afterHooks": [],
          "tests": [
            {
              "title": "Verifica se as cores geradas na paleta são diferentes a cada carregamento da página",
              "fullTitle": "12 - Faça com que as cores da paleta sejam geradas aleatoriamente ao carregar a página. Verifica se as cores geradas na paleta são diferentes a cada carregamento da página",
              "timedOut": null,
              "duration": 541,
              "state": "failed",
              "speed": null,
              "pass": false,
              "fail": true,
              "pending": false,
              "context": null,
              "code": "cy.get('.color').then(function (colors) {\n  var currentColors;\n  var previousColors;\n  previousColors = Array.from(colors).map(function (color) {\n    return Cypress.$(color).css('background-color');\n  });\n  for (var i = 0; i < 5; i += 1) {\n    cy.reload();\n    cy.get('.color').then(function (colors) {\n      currentColors = Array.from(colors).map(function (color) {\n        return Cypress.$(color).css('background-color');\n      });\n      expect(currentColors).not.to.deep.equal(previousColors);\n      previousColors = currentColors;\n    });\n  }\n});",
              "err": {
                "message": "AssertionError: expected [ Array(4) ] to not deeply equal [ Array(4) ]",
                "estack": "AssertionError: expected [ Array(4) ] to not deeply equal [ Array(4) ]\n    at getRet (http://localhost:45765/__cypress/runner/cypress_runner.js:136585:16)\n    at tryCatcher (http://localhost:45765/__cypress/runner/cypress_runner.js:167415:23)\n    at Function.Promise.attempt.Promise.try (http://localhost:45765/__cypress/runner/cypress_runner.js:164690:29)\n    at Context.thenFn (http://localhost:45765/__cypress/runner/cypress_runner.js:136599:23)\n    at Context.then (http://localhost:45765/__cypress/runner/cypress_runner.js:136971:21)\n    at Context.<anonymous> (http://localhost:45765/__cypress/runner/cypress_runner.js:148875:21)\n    at http://localhost:45765/__cypress/runner/cypress_runner.js:148351:33\n    at tryCatcher (http://localhost:45765/__cypress/runner/cypress_runner.js:167415:23)\n    at Promise._settlePromiseFromHandler (http://localhost:45765/__cypress/runner/cypress_runner.js:165351:31)\n    at Promise._settlePromise (http://localhost:45765/__cypress/runner/cypress_runner.js:165408:18)\n    at Promise._settlePromiseCtx (http://localhost:45765/__cypress/runner/cypress_runner.js:165445:10)\n    at Async../node_modules/bluebird/js/release/async.js.Async._drainQueue (http://localhost:45765/__cypress/runner/cypress_runner.js:162145:12)\n    at Async../node_modules/bluebird/js/release/async.js.Async._drainQueues (http://localhost:45765/__cypress/runner/cypress_runner.js:162150:10)\n    at Async.drainQueues (http://localhost:45765/__cypress/runner/cypress_runner.js:162024:14)",
                "diff": ""
              },
              "uuid": "dd70ed95-4b85-4eba-b5b6-064c0119ba7d",
              "parentUUID": "3374e456-e481-462f-9b57-3318135c2d3e",
              "isHook": false,
              "skipped": false
            },
            {
              "title": "Verifica se a cor preta ainda está presente e é a primeira na sua paleta de cores",
              "fullTitle": "12 - Faça com que as cores da paleta sejam geradas aleatoriamente ao carregar a página. Verifica se a cor preta ainda está presente e é a primeira na sua paleta de cores",
              "timedOut": null,
              "duration": 532,
              "state": "failed",
              "speed": null,
              "pass": false,
              "fail": true,
              "pending": false,
              "context": null,
              "code": "cy.get('.color').then(function (colors) {\n  var currentColors;\n  var previousColors;\n  previousColors = Array.from(colors).map(function (color) {\n    return Cypress.$(color).css('background-color');\n  });\n  expect(previousColors[0]).to.eq(BLACK);\n  for (var i = 0; i < 5; i += 1) {\n    cy.reload();\n    cy.get('.color').then(function (colors) {\n      currentColors = Array.from(colors).map(function (color) {\n        return Cypress.$(color).css('background-color');\n      });\n      expect(currentColors[0]).to.eq(BLACK);\n      expect(currentColors).not.to.deep.equal(previousColors);\n      previousColors = currentColors;\n    });\n  }\n});",
              "err": {
                "message": "AssertionError: expected [ Array(4) ] to not deeply equal [ Array(4) ]",
                "estack": "AssertionError: expected [ Array(4) ] to not deeply equal [ Array(4) ]\n    at getRet (http://localhost:45765/__cypress/runner/cypress_runner.js:136585:16)\n    at tryCatcher (http://localhost:45765/__cypress/runner/cypress_runner.js:167415:23)\n    at Function.Promise.attempt.Promise.try (http://localhost:45765/__cypress/runner/cypress_runner.js:164690:29)\n    at Context.thenFn (http://localhost:45765/__cypress/runner/cypress_runner.js:136599:23)\n    at Context.then (http://localhost:45765/__cypress/runner/cypress_runner.js:136971:21)\n    at Context.<anonymous> (http://localhost:45765/__cypress/runner/cypress_runner.js:148875:21)\n    at http://localhost:45765/__cypress/runner/cypress_runner.js:148351:33\n    at tryCatcher (http://localhost:45765/__cypress/runner/cypress_runner.js:167415:23)\n    at Promise._settlePromiseFromHandler (http://localhost:45765/__cypress/runner/cypress_runner.js:165351:31)\n    at Promise._settlePromise (http://localhost:45765/__cypress/runner/cypress_runner.js:165408:18)\n    at Promise._settlePromiseCtx (http://localhost:45765/__cypress/runner/cypress_runner.js:165445:10)\n    at Async../node_modules/bluebird/js/release/async.js.Async._drainQueue (http://localhost:45765/__cypress/runner/cypress_runner.js:162145:12)\n    at Async../node_modules/bluebird/js/release/async.js.Async._drainQueues (http://localhost:45765/__cypress/runner/cypress_runner.js:162150:10)\n    at Async.drainQueues (http://localhost:45765/__cypress/runner/cypress_runner.js:162024:14)",
                "diff": ""
              },
              "uuid": "2c303d80-949b-4045-baca-8ba630afa7f9",
              "parentUUID": "3374e456-e481-462f-9b57-3318135c2d3e",
              "isHook": false,
              "skipped": false
            }
          ],
          "suites": [],
          "passes": [],
          "failures": [
            "dd70ed95-4b85-4eba-b5b6-064c0119ba7d",
            "2c303d80-949b-4045-baca-8ba630afa7f9"
          ],
          "pending": [],
          "skipped": [],
          "duration": 1073,
          "root": false,
          "rootEmpty": false,
          "_timeout": 2000
        }
      ],
      "passes": [],
      "failures": [],
      "pending": [],
      "skipped": [],
      "duration": 0,
      "root": true,
      "rootEmpty": true,
      "_timeout": 2000
    }
  ],
  "meta": {
    "mocha": {
      "version": "7.0.1"
    },
    "mochawesome": {
      "options": {
        "quiet": false,
        "reportFilename": "mochawesome",
        "saveHtml": false,
        "saveJson": true,
        "consoleReporter": "spec",
        "useInlineDiffs": false
      },
      "version": "4.1.0"
    },
    "marge": {
      "options": {
        "id": "default",
        "reportDir": "cypress/reports",
        "overwrite": true,
        "html": false,
        "json": true
      },
      "version": "4.1.0"
    }
  }
}