{
  "stats": {
    "suites": 12,
    "tests": 41,
    "passes": 21,
    "pending": 0,
    "failures": 20,
    "start": "2021-09-14T05:13:16.628Z",
    "end": "2021-09-14T05:14:48.970Z",
    "duration": 92342,
    "testsRegistered": 41,
    "passPercent": 51.21951219512195,
    "pendingPercent": 0,
    "other": 0,
    "hasOther": false,
    "skipped": 0,
    "hasSkipped": false
  },
  "results": [
    {
      "uuid": "e0fff7dd-3960-456e-b44a-9a89d1288474",
      "title": "",
      "fullFile": "cypress/integration/project.spec.js",
      "file": "cypress/integration/project.spec.js",
      "beforeHooks": [],
      "afterHooks": [],
      "tests": [],
      "suites": [
        {
          "uuid": "45b434b7-a608-4045-bce6-4c7c610894a0",
          "title": "1 - Adicione à página o título \"Paleta de Cores\".",
          "fullFile": "",
          "file": "",
          "beforeHooks": [],
          "afterHooks": [],
          "tests": [
            {
              "title": "Verifica se contém um elemento `h1` com o id `title` com o título correto",
              "fullTitle": "1 - Adicione à página o título \"Paleta de Cores\". Verifica se contém um elemento `h1` com o id `title` com o título correto",
              "timedOut": null,
              "duration": 425,
              "state": "passed",
              "speed": "slow",
              "pass": true,
              "fail": false,
              "pending": false,
              "context": null,
              "code": "cy.get('h1#title').should('contain.text', 'Paleta de Cores');",
              "err": {},
              "uuid": "f15a7a31-40bb-4a35-9539-ce5aae9fe88a",
              "parentUUID": "45b434b7-a608-4045-bce6-4c7c610894a0",
              "isHook": false,
              "skipped": false
            }
          ],
          "suites": [],
          "passes": [
            "f15a7a31-40bb-4a35-9539-ce5aae9fe88a"
          ],
          "failures": [],
          "pending": [],
          "skipped": [],
          "duration": 425,
          "root": false,
          "rootEmpty": false,
          "_timeout": 2000
        },
        {
          "uuid": "a4650ebd-1db6-4476-828a-1a3f9f4d6bc8",
          "title": "2 - Adicione à página uma paleta de quatro cores distintas.",
          "fullFile": "",
          "file": "",
          "beforeHooks": [],
          "afterHooks": [],
          "tests": [
            {
              "title": "A paleta de cores deve ser um elemento com `id` denominado `color-palette`",
              "fullTitle": "2 - Adicione à página uma paleta de quatro cores distintas. A paleta de cores deve ser um elemento com `id` denominado `color-palette`",
              "timedOut": null,
              "duration": 143,
              "state": "passed",
              "speed": "slow",
              "pass": true,
              "fail": false,
              "pending": false,
              "context": null,
              "code": "cy.get('#color-palette').should('be.visible');\ncy.get('#color-palette').children('.color');",
              "err": {},
              "uuid": "fa6f16ba-e28d-4df6-9565-9f8b572b293b",
              "parentUUID": "a4650ebd-1db6-4476-828a-1a3f9f4d6bc8",
              "isHook": false,
              "skipped": false
            },
            {
              "title": "Verifica se cada cor individual da paleta de cores possui a `classe` chamada `color`.",
              "fullTitle": "2 - Adicione à página uma paleta de quatro cores distintas. Verifica se cada cor individual da paleta de cores possui a `classe` chamada `color`.",
              "timedOut": null,
              "duration": 130,
              "state": "passed",
              "speed": "slow",
              "pass": true,
              "fail": false,
              "pending": false,
              "context": null,
              "code": "cy.get('.color').should('have.length', 4).then(function (colors) {\n  for (var i = 0; i < colors.length; i++) {\n    cy.wrap(colors[i]).should('be.visible');\n  }\n});",
              "err": {},
              "uuid": "467f72f4-6e7b-4bd2-ac39-cb4430d8e067",
              "parentUUID": "a4650ebd-1db6-4476-828a-1a3f9f4d6bc8",
              "isHook": false,
              "skipped": false
            },
            {
              "title": "Verifica se a cor de fundo de cada elemento da paleta é a cor que o elemento representa. **A única cor não permitida na paleta é a cor branca.**",
              "fullTitle": "2 - Adicione à página uma paleta de quatro cores distintas. Verifica se a cor de fundo de cada elemento da paleta é a cor que o elemento representa. **A única cor não permitida na paleta é a cor branca.**",
              "timedOut": null,
              "duration": 173,
              "state": "passed",
              "speed": "slow",
              "pass": true,
              "fail": false,
              "pending": false,
              "context": null,
              "code": "cy.get('.color').each(function (color) {\n  cy.wrap(color).should('have.class', 'color').and('not.have.css', 'background-color', WHITE);\n  cy.wrap(color).should('have.css', 'background-color');\n});",
              "err": {},
              "uuid": "0fba1d5e-f804-4fd1-9725-91d80b387dbc",
              "parentUUID": "a4650ebd-1db6-4476-828a-1a3f9f4d6bc8",
              "isHook": false,
              "skipped": false
            },
            {
              "title": "Verifica se cada elemento da paleta de cores tem uma borda preta, sólida e com 1 pixel de largura;",
              "fullTitle": "2 - Adicione à página uma paleta de quatro cores distintas. Verifica se cada elemento da paleta de cores tem uma borda preta, sólida e com 1 pixel de largura;",
              "timedOut": null,
              "duration": 102,
              "state": "passed",
              "speed": "slow",
              "pass": true,
              "fail": false,
              "pending": false,
              "context": null,
              "code": "cy.get('.color').each(function (color) {\n  cy.wrap(color).and('have.css', 'border', \"1px solid \".concat(BLACK)).and('have.class', 'color');\n});",
              "err": {},
              "uuid": "06af85f2-79d5-43e6-8452-7b62467aab20",
              "parentUUID": "a4650ebd-1db6-4476-828a-1a3f9f4d6bc8",
              "isHook": false,
              "skipped": false
            },
            {
              "title": "Verifica se a paleta lista todas as cores disponíveis para utilização, lado a lado.",
              "fullTitle": "2 - Adicione à página uma paleta de quatro cores distintas. Verifica se a paleta lista todas as cores disponíveis para utilização, lado a lado.",
              "timedOut": null,
              "duration": 82,
              "state": "passed",
              "speed": "slow",
              "pass": true,
              "fail": false,
              "pending": false,
              "context": null,
              "code": "cy.get('.color').then(function (colors) {\n  for (var index = 1; index < colors.length; index += 1) {\n    var currentColor = colors[index];\n    var previousColor = colors[index - 1];\n    cy.wrap(currentColor).should('be.onTheRightOf', previousColor).and('be.horizontallyAlignedWith', previousColor);\n  }\n});",
              "err": {},
              "uuid": "8835c5c2-31dc-4a4f-923b-cbb0e45cd29d",
              "parentUUID": "a4650ebd-1db6-4476-828a-1a3f9f4d6bc8",
              "isHook": false,
              "skipped": false
            },
            {
              "title": "Verifica se a paleta de cores está posicionada abaixo do título 'Paleta de Cores'",
              "fullTitle": "2 - Adicione à página uma paleta de quatro cores distintas. Verifica se a paleta de cores está posicionada abaixo do título 'Paleta de Cores'",
              "timedOut": null,
              "duration": 113,
              "state": "passed",
              "speed": "slow",
              "pass": true,
              "fail": false,
              "pending": false,
              "context": null,
              "code": "cy.get('h1#title').then(function (title) {\n  cy.get('#color-palette').should('be.belowOf', title);\n});",
              "err": {},
              "uuid": "2bf5b8dc-10c2-454d-9c6d-addcbef7aac0",
              "parentUUID": "a4650ebd-1db6-4476-828a-1a3f9f4d6bc8",
              "isHook": false,
              "skipped": false
            },
            {
              "title": "Verifica se a paleta de cores não contém cores repetidas.",
              "fullTitle": "2 - Adicione à página uma paleta de quatro cores distintas. Verifica se a paleta de cores não contém cores repetidas.",
              "timedOut": null,
              "duration": 105,
              "state": "passed",
              "speed": "slow",
              "pass": true,
              "fail": false,
              "pending": false,
              "context": null,
              "code": "cy.get('.color').then(function (colors) {\n  var allColors = Array.from(colors).map(function (color) {\n    return Cypress.$(color).css('background-color');\n  });\n  cy.log(allColors);\n  var uniqColors = (0, _toConsumableArray2[\"default\"])(new Set(allColors));\n  cy.log(uniqColors);\n  expect(allColors.length).to.eq(uniqColors.length);\n});",
              "err": {},
              "uuid": "a4061f41-b3a6-421e-b4f2-10f9fc6d07e5",
              "parentUUID": "a4650ebd-1db6-4476-828a-1a3f9f4d6bc8",
              "isHook": false,
              "skipped": false
            }
          ],
          "suites": [],
          "passes": [
            "fa6f16ba-e28d-4df6-9565-9f8b572b293b",
            "467f72f4-6e7b-4bd2-ac39-cb4430d8e067",
            "0fba1d5e-f804-4fd1-9725-91d80b387dbc",
            "06af85f2-79d5-43e6-8452-7b62467aab20",
            "8835c5c2-31dc-4a4f-923b-cbb0e45cd29d",
            "2bf5b8dc-10c2-454d-9c6d-addcbef7aac0",
            "a4061f41-b3a6-421e-b4f2-10f9fc6d07e5"
          ],
          "failures": [],
          "pending": [],
          "skipped": [],
          "duration": 848,
          "root": false,
          "rootEmpty": false,
          "_timeout": 2000
        },
        {
          "uuid": "e245104d-e45c-46f3-8a1f-f7a78f592af4",
          "title": "3 - Adicione a cor **preta** como a primeira cor da paleta de cores.",
          "fullFile": "",
          "file": "",
          "beforeHooks": [],
          "afterHooks": [],
          "tests": [
            {
              "title": "Verifica se a primeira cor da paleta é preta",
              "fullTitle": "3 - Adicione a cor **preta** como a primeira cor da paleta de cores. Verifica se a primeira cor da paleta é preta",
              "timedOut": null,
              "duration": 112,
              "state": "passed",
              "speed": "slow",
              "pass": true,
              "fail": false,
              "pending": false,
              "context": null,
              "code": "cy.get('.color').first().should('have.css', 'background-color', BLACK);",
              "err": {},
              "uuid": "62902813-afec-433e-b1d9-7c56d1c11956",
              "parentUUID": "e245104d-e45c-46f3-8a1f-f7a78f592af4",
              "isHook": false,
              "skipped": false
            },
            {
              "title": "Verifica se as demais cores podem ser escolhidas livremente.",
              "fullTitle": "3 - Adicione a cor **preta** como a primeira cor da paleta de cores. Verifica se as demais cores podem ser escolhidas livremente.",
              "timedOut": null,
              "duration": 160,
              "state": "passed",
              "speed": "slow",
              "pass": true,
              "fail": false,
              "pending": false,
              "context": null,
              "code": "cy.get('.color').eq(1).should('not.have.css', 'background-color', BLACK);\ncy.get('.color').eq(1).should('not.have.css', 'background-color', WHITE);\ncy.get('.color').eq(1).should('not.have.css', 'background-color', 'rgba(0, 0, 0, 0)');\ncy.get('.color').eq(1).should('have.css', 'background-color');\ncy.get('.color').eq(2).should('not.have.css', 'background-color', BLACK);\ncy.get('.color').eq(2).should('not.have.css', 'background-color', WHITE);\ncy.get('.color').eq(2).should('not.have.css', 'background-color', 'rgba(0, 0, 0, 0)');\ncy.get('.color').eq(2).should('have.css', 'background-color');\ncy.get('.color').eq(3).should('not.have.css', 'background-color', BLACK);\ncy.get('.color').eq(3).should('not.have.css', 'background-color', WHITE);\ncy.get('.color').eq(3).should('not.have.css', 'background-color', 'rgba(0, 0, 0, 0)');\ncy.get('.color').eq(3).should('have.css', 'background-color');",
              "err": {},
              "uuid": "eedbe644-4af3-4c9a-9419-3a7bab8d0ed8",
              "parentUUID": "e245104d-e45c-46f3-8a1f-f7a78f592af4",
              "isHook": false,
              "skipped": false
            }
          ],
          "suites": [],
          "passes": [
            "62902813-afec-433e-b1d9-7c56d1c11956",
            "eedbe644-4af3-4c9a-9419-3a7bab8d0ed8"
          ],
          "failures": [],
          "pending": [],
          "skipped": [],
          "duration": 272,
          "root": false,
          "rootEmpty": false,
          "_timeout": 2000
        },
        {
          "uuid": "449ff15d-fe61-4511-b2e9-c4862766bc65",
          "title": "4 - Adicione à página um quadro de pixels, com 25 pixels.",
          "fullFile": "",
          "file": "",
          "beforeHooks": [],
          "afterHooks": [],
          "tests": [
            {
              "title": "Verifica se o quadro de pixels possui o `id` denominado `pixel-board`",
              "fullTitle": "4 - Adicione à página um quadro de pixels, com 25 pixels. Verifica se o quadro de pixels possui o `id` denominado `pixel-board`",
              "timedOut": null,
              "duration": 94,
              "state": "passed",
              "speed": "slow",
              "pass": true,
              "fail": false,
              "pending": false,
              "context": null,
              "code": "cy.get('#pixel-board').should('be.visible');",
              "err": {},
              "uuid": "301e287f-74a6-4ff4-bb9f-fa252a09b65c",
              "parentUUID": "449ff15d-fe61-4511-b2e9-c4862766bc65",
              "isHook": false,
              "skipped": false
            },
            {
              "title": "Verifica se cada pixel individual dentro do quadro possui a `classe` denominada `pixel`.",
              "fullTitle": "4 - Adicione à página um quadro de pixels, com 25 pixels. Verifica se cada pixel individual dentro do quadro possui a `classe` denominada `pixel`.",
              "timedOut": null,
              "duration": 123,
              "state": "passed",
              "speed": "slow",
              "pass": true,
              "fail": false,
              "pending": false,
              "context": null,
              "code": "cy.get('.pixel').should('have.length', 25);",
              "err": {},
              "uuid": "c6c5817b-89e1-4d01-8070-a656408cf886",
              "parentUUID": "449ff15d-fe61-4511-b2e9-c4862766bc65",
              "isHook": false,
              "skipped": false
            },
            {
              "title": "Verifica se a cor inicial dos pixels dentro do quadro, ao abrir a página, é branca.",
              "fullTitle": "4 - Adicione à página um quadro de pixels, com 25 pixels. Verifica se a cor inicial dos pixels dentro do quadro, ao abrir a página, é branca.",
              "timedOut": null,
              "duration": 155,
              "state": "passed",
              "speed": "slow",
              "pass": true,
              "fail": false,
              "pending": false,
              "context": null,
              "code": "cy.get('.pixel').should('have.length', 25).each(function (pixel) {\n  expect(pixel).to.have.css('background-color', WHITE);\n});",
              "err": {},
              "uuid": "f0e9de09-eb5a-40f8-b42d-adccdac3c60a",
              "parentUUID": "449ff15d-fe61-4511-b2e9-c4862766bc65",
              "isHook": false,
              "skipped": false
            },
            {
              "title": "Verifica se o quadro de pixels aparece abaixo da paleta de cores",
              "fullTitle": "4 - Adicione à página um quadro de pixels, com 25 pixels. Verifica se o quadro de pixels aparece abaixo da paleta de cores",
              "timedOut": null,
              "duration": 98,
              "state": "passed",
              "speed": "slow",
              "pass": true,
              "fail": false,
              "pending": false,
              "context": null,
              "code": "cy.get('#color-palette').then(function (palette) {\n  cy.get('#pixel-board').should('be.belowOf', palette);\n});",
              "err": {},
              "uuid": "3c7592ef-7d81-4720-86bd-c49b82bb4965",
              "parentUUID": "449ff15d-fe61-4511-b2e9-c4862766bc65",
              "isHook": false,
              "skipped": false
            }
          ],
          "suites": [],
          "passes": [
            "301e287f-74a6-4ff4-bb9f-fa252a09b65c",
            "c6c5817b-89e1-4d01-8070-a656408cf886",
            "f0e9de09-eb5a-40f8-b42d-adccdac3c60a",
            "3c7592ef-7d81-4720-86bd-c49b82bb4965"
          ],
          "failures": [],
          "pending": [],
          "skipped": [],
          "duration": 470,
          "root": false,
          "rootEmpty": false,
          "_timeout": 2000
        },
        {
          "uuid": "64acfe67-7d96-4e71-876d-3a887a015e2c",
          "title": "5 - Faça com que cada elemento do quadro de pixels possua 40 pixels de largura, 40 pixels de altura e seja delimitado por uma borda preta de 1 pixel.",
          "fullFile": "",
          "file": "",
          "beforeHooks": [],
          "afterHooks": [],
          "tests": [
            {
              "title": "Verifica se o quadro de pixels tem altura e comprimento de 5 elementos",
              "fullTitle": "5 - Faça com que cada elemento do quadro de pixels possua 40 pixels de largura, 40 pixels de altura e seja delimitado por uma borda preta de 1 pixel. Verifica se o quadro de pixels tem altura e comprimento de 5 elementos",
              "timedOut": null,
              "duration": 262,
              "state": "passed",
              "speed": "slow",
              "pass": true,
              "fail": false,
              "pending": false,
              "context": null,
              "code": "cy.get('.pixel').should('have.length', 25).each(function (pixel) {\n  expect(pixel).to.have.css('background-color', WHITE);\n}).and(function (pixels) {\n  var rows = chunk(pixels, 5);\n  rows.forEach(function (row) {\n    for (var index = 1; index < row.length; index += 1) {\n      var current = pixels[index];\n      var previous = pixels[index - 1];\n      cy.wrap(current).should('be.onTheRightOf', previous).and('be.horizontallyAlignedWith', previous);\n    }\n  });\n  for (var index = 1; index < 5; index += 1) {\n    expect(pixels[index * 5]).to.be.belowOf(pixels[(index - 1) * 5]);\n  }\n});",
              "err": {},
              "uuid": "7208f964-aa50-4d17-8f1f-fdf5477ee0bb",
              "parentUUID": "64acfe67-7d96-4e71-876d-3a887a015e2c",
              "isHook": false,
              "skipped": false
            },
            {
              "title": "Verifica se 40 pixels é o tamanho total do elemento, incluindo seu conteúdo e excluindo a borda preta, que deve ser criada à parte.",
              "fullTitle": "5 - Faça com que cada elemento do quadro de pixels possua 40 pixels de largura, 40 pixels de altura e seja delimitado por uma borda preta de 1 pixel. Verifica se 40 pixels é o tamanho total do elemento, incluindo seu conteúdo e excluindo a borda preta, que deve ser criada à parte.",
              "timedOut": null,
              "duration": 244,
              "state": "passed",
              "speed": "slow",
              "pass": true,
              "fail": false,
              "pending": false,
              "context": null,
              "code": "cy.get('.pixel').each(function (pixel) {\n  cy.wrap(pixel).should('have.css', 'height', '40px').and('have.css', 'width', '40px').and('have.css', 'border', \"1px solid \".concat(BLACK));\n});",
              "err": {},
              "uuid": "68836f2e-15fe-4e6c-ac22-aec054aee10e",
              "parentUUID": "64acfe67-7d96-4e71-876d-3a887a015e2c",
              "isHook": false,
              "skipped": false
            }
          ],
          "suites": [],
          "passes": [
            "7208f964-aa50-4d17-8f1f-fdf5477ee0bb",
            "68836f2e-15fe-4e6c-ac22-aec054aee10e"
          ],
          "failures": [],
          "pending": [],
          "skipped": [],
          "duration": 506,
          "root": false,
          "rootEmpty": false,
          "_timeout": 2000
        },
        {
          "uuid": "6b0c614e-2b0d-42ff-843f-de43199e2eee",
          "title": "6 - Defina a cor preta como cor inicial. Ao carregar a página a cor preta já deve estar selecionada para pintar os pixels",
          "fullFile": "",
          "file": "",
          "beforeHooks": [],
          "afterHooks": [],
          "tests": [
            {
              "title": "Verifica se o elemento da cor preta possui, inicialmente, a `classe` `selected`",
              "fullTitle": "6 - Defina a cor preta como cor inicial. Ao carregar a página a cor preta já deve estar selecionada para pintar os pixels Verifica se o elemento da cor preta possui, inicialmente, a `classe` `selected`",
              "timedOut": null,
              "duration": 100,
              "state": "passed",
              "speed": "slow",
              "pass": true,
              "fail": false,
              "pending": false,
              "context": null,
              "code": "cy.get('.selected').first().should('have.css', 'background-color', BLACK);",
              "err": {},
              "uuid": "e5bf29cc-fd55-4637-aa2e-4d5131346552",
              "parentUUID": "6b0c614e-2b0d-42ff-843f-de43199e2eee",
              "isHook": false,
              "skipped": false
            },
            {
              "title": "Verifica se nenhuma outra cor da paleta tem a `classe` `selected`",
              "fullTitle": "6 - Defina a cor preta como cor inicial. Ao carregar a página a cor preta já deve estar selecionada para pintar os pixels Verifica se nenhuma outra cor da paleta tem a `classe` `selected`",
              "timedOut": null,
              "duration": 97,
              "state": "passed",
              "speed": "slow",
              "pass": true,
              "fail": false,
              "pending": false,
              "context": null,
              "code": "cy.get('.color:not(:first-child)').each(function (color) {\n  cy.wrap(color).should('not.have.class', 'selected');\n});",
              "err": {},
              "uuid": "388005a2-1f8e-44b0-9ea5-c9f5c52e870c",
              "parentUUID": "6b0c614e-2b0d-42ff-843f-de43199e2eee",
              "isHook": false,
              "skipped": false
            }
          ],
          "suites": [],
          "passes": [
            "e5bf29cc-fd55-4637-aa2e-4d5131346552",
            "388005a2-1f8e-44b0-9ea5-c9f5c52e870c"
          ],
          "failures": [],
          "pending": [],
          "skipped": [],
          "duration": 197,
          "root": false,
          "rootEmpty": false,
          "_timeout": 2000
        },
        {
          "uuid": "926d85fe-79a4-4e98-8162-9950a65cfe54",
          "title": "7 - Clicar em uma das cores da paleta, faz com que ela seja selecionada e utilizada para preencher os pixels no quadro.",
          "fullFile": "",
          "file": "",
          "beforeHooks": [],
          "afterHooks": [],
          "tests": [
            {
              "title": "Verifica se somente uma cor da paleta de cores tem a classe `selected` de cada vez",
              "fullTitle": "7 - Clicar em uma das cores da paleta, faz com que ela seja selecionada e utilizada para preencher os pixels no quadro. Verifica se somente uma cor da paleta de cores tem a classe `selected` de cada vez",
              "timedOut": null,
              "duration": 440,
              "state": "passed",
              "speed": "slow",
              "pass": true,
              "fail": false,
              "pending": false,
              "context": null,
              "code": "cy.get('.color').each(function (selectedColor, selectedColorIndex) {\n  cy.wrap(selectedColor).click();\n  cy.get('.color').each(function (color, colorIndex) {\n    if (colorIndex === selectedColorIndex) {\n      expect(color).to.have[\"class\"]('selected');\n    } else {\n      expect(color).not.to.have[\"class\"]('selected');\n    }\n  });\n});",
              "err": {},
              "uuid": "a5919d44-d3a9-4459-ab31-944bc204e838",
              "parentUUID": "926d85fe-79a4-4e98-8162-9950a65cfe54",
              "isHook": false,
              "skipped": false
            },
            {
              "title": "Verifica se os pixels dentro do quadro não têm a classe `selected` quando são clicados",
              "fullTitle": "7 - Clicar em uma das cores da paleta, faz com que ela seja selecionada e utilizada para preencher os pixels no quadro. Verifica se os pixels dentro do quadro não têm a classe `selected` quando são clicados",
              "timedOut": null,
              "duration": 8512,
              "state": "passed",
              "speed": "slow",
              "pass": true,
              "fail": false,
              "pending": false,
              "context": null,
              "code": "cy.get('.color').each(function (color) {\n  var backgroundColor = color.css('background-color');\n  cy.wrap(color).click();\n  cy.get('.pixel').each(function (pixel) {\n    cy.wrap(pixel).click().should('not.have.class', 'selected');\n  });\n});",
              "err": {},
              "uuid": "9bf50716-8974-4192-bd07-b8bd3a722a3a",
              "parentUUID": "926d85fe-79a4-4e98-8162-9950a65cfe54",
              "isHook": false,
              "skipped": false
            }
          ],
          "suites": [],
          "passes": [
            "a5919d44-d3a9-4459-ab31-944bc204e838",
            "9bf50716-8974-4192-bd07-b8bd3a722a3a"
          ],
          "failures": [],
          "pending": [],
          "skipped": [],
          "duration": 8952,
          "root": false,
          "rootEmpty": false,
          "_timeout": 2000
        },
        {
          "uuid": "cc202e0f-aaf2-4165-a425-b19d487249ea",
          "title": "8 - Clicar em um pixel dentro do quadro após selecionar uma cor na paleta, faz com que o pixel seja preenchido com a cor selecionada.",
          "fullFile": "",
          "file": "",
          "beforeHooks": [],
          "afterHooks": [],
          "tests": [
            {
              "title": "Verifica se ao carregar a página deve ser possível pintar os pixels de preto",
              "fullTitle": "8 - Clicar em um pixel dentro do quadro após selecionar uma cor na paleta, faz com que o pixel seja preenchido com a cor selecionada. Verifica se ao carregar a página deve ser possível pintar os pixels de preto",
              "timedOut": null,
              "duration": 4392,
              "state": "failed",
              "speed": null,
              "pass": false,
              "fail": true,
              "pending": false,
              "context": null,
              "code": "cy.get('.pixel').each(function (pixel) {\n  cy.wrap(pixel).click().should('have.css', 'background-color', BLACK);\n});",
              "err": {
                "message": "CypressError: Timed out retrying: expected '<div.pixel>' to have CSS property 'background-color' with the value 'rgb(0, 0, 0)', but the value was 'rgb(255, 255, 255)'",
                "estack": "CypressError: Timed out retrying: expected '<div.pixel>' to have CSS property 'background-color' with the value 'rgb(0, 0, 0)', but the value was 'rgb(255, 255, 255)'\n    at cypressErr (http://localhost:45915/__cypress/runner/cypress_runner.js:149934:9)\n    at throwErr (http://localhost:45915/__cypress/runner/cypress_runner.js:149867:11)\n    at Object.throwErrByPath (http://localhost:45915/__cypress/runner/cypress_runner.js:149915:3)\n    at retry (http://localhost:45915/__cypress/runner/cypress_runner.js:144197:19)\n    at onFailFn (http://localhost:45915/__cypress/runner/cypress_runner.js:132448:16)\n    at tryCatcher (http://localhost:45915/__cypress/runner/cypress_runner.js:167415:23)\n    at Promise._settlePromiseFromHandler (http://localhost:45915/__cypress/runner/cypress_runner.js:165351:31)\n    at Promise._settlePromise (http://localhost:45915/__cypress/runner/cypress_runner.js:165408:18)\n    at Promise._settlePromise0 (http://localhost:45915/__cypress/runner/cypress_runner.js:165453:10)\n    at Promise._settlePromises (http://localhost:45915/__cypress/runner/cypress_runner.js:165528:18)\n    at Async../node_modules/bluebird/js/release/async.js.Async._drainQueue (http://localhost:45915/__cypress/runner/cypress_runner.js:162140:16)\n    at Async../node_modules/bluebird/js/release/async.js.Async._drainQueues (http://localhost:45915/__cypress/runner/cypress_runner.js:162150:10)\n    at Async.drainQueues (http://localhost:45915/__cypress/runner/cypress_runner.js:162024:14)",
                "diff": null
              },
              "uuid": "3cb148b6-8513-4b98-986b-c90bf9a76e57",
              "parentUUID": "cc202e0f-aaf2-4165-a425-b19d487249ea",
              "isHook": false,
              "skipped": false
            },
            {
              "title": "Verifica se após selecionar uma outra cor na paleta, é possível pintar os pixels com essa cor",
              "fullTitle": "8 - Clicar em um pixel dentro do quadro após selecionar uma cor na paleta, faz com que o pixel seja preenchido com a cor selecionada. Verifica se após selecionar uma outra cor na paleta, é possível pintar os pixels com essa cor",
              "timedOut": null,
              "duration": 4419,
              "state": "failed",
              "speed": null,
              "pass": false,
              "fail": true,
              "pending": false,
              "context": null,
              "code": "cy.get('.color').each(function (color) {\n  var backgroundColor = color.css('background-color');\n  cy.wrap(color).click();\n  cy.get('.pixel').each(function (pixel) {\n    cy.wrap(pixel).click().should('have.css', 'background-color', backgroundColor);\n  });\n});",
              "err": {
                "message": "CypressError: Timed out retrying: expected '<div.pixel>' to have CSS property 'background-color' with the value 'rgb(0, 0, 0)', but the value was 'rgb(255, 255, 255)'",
                "estack": "CypressError: Timed out retrying: expected '<div.pixel>' to have CSS property 'background-color' with the value 'rgb(0, 0, 0)', but the value was 'rgb(255, 255, 255)'\n    at cypressErr (http://localhost:45915/__cypress/runner/cypress_runner.js:149934:9)\n    at throwErr (http://localhost:45915/__cypress/runner/cypress_runner.js:149867:11)\n    at Object.throwErrByPath (http://localhost:45915/__cypress/runner/cypress_runner.js:149915:3)\n    at retry (http://localhost:45915/__cypress/runner/cypress_runner.js:144197:19)\n    at onFailFn (http://localhost:45915/__cypress/runner/cypress_runner.js:132448:16)\n    at tryCatcher (http://localhost:45915/__cypress/runner/cypress_runner.js:167415:23)\n    at Promise._settlePromiseFromHandler (http://localhost:45915/__cypress/runner/cypress_runner.js:165351:31)\n    at Promise._settlePromise (http://localhost:45915/__cypress/runner/cypress_runner.js:165408:18)\n    at Promise._settlePromise0 (http://localhost:45915/__cypress/runner/cypress_runner.js:165453:10)\n    at Promise._settlePromises (http://localhost:45915/__cypress/runner/cypress_runner.js:165528:18)\n    at Async../node_modules/bluebird/js/release/async.js.Async._drainQueue (http://localhost:45915/__cypress/runner/cypress_runner.js:162140:16)\n    at Async../node_modules/bluebird/js/release/async.js.Async._drainQueues (http://localhost:45915/__cypress/runner/cypress_runner.js:162150:10)\n    at Async.drainQueues (http://localhost:45915/__cypress/runner/cypress_runner.js:162024:14)",
                "diff": null
              },
              "uuid": "046bf503-3067-49f3-9270-678347c02ec0",
              "parentUUID": "cc202e0f-aaf2-4165-a425-b19d487249ea",
              "isHook": false,
              "skipped": false
            },
            {
              "title": "Verifica se somente o pixel que foi clicado foi preenchido com a cor selecionada, sem influenciar na cor dos demais pixels.",
              "fullTitle": "8 - Clicar em um pixel dentro do quadro após selecionar uma cor na paleta, faz com que o pixel seja preenchido com a cor selecionada. Verifica se somente o pixel que foi clicado foi preenchido com a cor selecionada, sem influenciar na cor dos demais pixels.",
              "timedOut": null,
              "duration": 1396,
              "state": "passed",
              "speed": "slow",
              "pass": true,
              "fail": false,
              "pending": false,
              "context": null,
              "code": "var colorToPixelIndexMap = {\n  0: 6,\n  1: 8,\n  2: 16,\n  3: 18\n};\ncy.get('.color').each(function (color, index) {\n  cy.wrap(color).click();\n  var backgroundColor = color.css('background-color');\n  var clickedPixelIndex = colorToPixelIndexMap[index];\n  cy.get('.pixel').eq(clickedPixelIndex).click();\n  cy.get('.pixel').eq(clickedPixelIndex - 1).should('not.have.css', 'background-color', backgroundColor);\n  cy.get('.pixel').eq(clickedPixelIndex + 1).should('not.have.css', 'background-color', backgroundColor);\n  cy.get('.pixel').eq(clickedPixelIndex - 5).should('not.have.css', 'background-color', backgroundColor);\n  cy.get('.pixel').eq(clickedPixelIndex + 5).should('not.have.css', 'background-color', backgroundColor);\n  cy.get('.pixel').eq(clickedPixelIndex - 6).should('not.have.css', 'background-color', backgroundColor);\n  cy.get('.pixel').eq(clickedPixelIndex - 4).should('not.have.css', 'background-color', backgroundColor);\n  cy.get('.pixel').eq(clickedPixelIndex + 4).should('not.have.css', 'background-color', backgroundColor);\n  cy.get('.pixel').eq(clickedPixelIndex + 6).should('not.have.css', 'background-color', backgroundColor);\n});",
              "err": {},
              "uuid": "77c9a00d-5fec-4388-8e83-9983086ca3cd",
              "parentUUID": "cc202e0f-aaf2-4165-a425-b19d487249ea",
              "isHook": false,
              "skipped": false
            }
          ],
          "suites": [],
          "passes": [
            "77c9a00d-5fec-4388-8e83-9983086ca3cd"
          ],
          "failures": [
            "3cb148b6-8513-4b98-986b-c90bf9a76e57",
            "046bf503-3067-49f3-9270-678347c02ec0"
          ],
          "pending": [],
          "skipped": [],
          "duration": 10207,
          "root": false,
          "rootEmpty": false,
          "_timeout": 2000
        },
        {
          "uuid": "26beb6e7-a53a-4395-a34a-b1a9bde33a68",
          "title": "9 - Crie um botão que, ao ser clicado, limpa o quadro preenchendo a cor de todos seus pixels com branco.",
          "fullFile": "",
          "file": "",
          "beforeHooks": [],
          "afterHooks": [],
          "tests": [
            {
              "title": "Verifica se o botão tem o `id` denominado `clear-board`",
              "fullTitle": "9 - Crie um botão que, ao ser clicado, limpa o quadro preenchendo a cor de todos seus pixels com branco. Verifica se o botão tem o `id` denominado `clear-board`",
              "timedOut": null,
              "duration": 4281,
              "state": "failed",
              "speed": null,
              "pass": false,
              "fail": true,
              "pending": false,
              "context": null,
              "code": "cy.get('#clear-board').should('be.visible');",
              "err": {
                "message": "CypressError: Timed out retrying: Expected to find element: '#clear-board', but never found it.",
                "estack": "CypressError: Timed out retrying: Expected to find element: '#clear-board', but never found it.\n    at cypressErr (http://localhost:45915/__cypress/runner/cypress_runner.js:149934:9)\n    at throwErr (http://localhost:45915/__cypress/runner/cypress_runner.js:149867:11)\n    at Object.throwErrByPath (http://localhost:45915/__cypress/runner/cypress_runner.js:149915:3)\n    at retry (http://localhost:45915/__cypress/runner/cypress_runner.js:144197:19)\n    at onFailFn (http://localhost:45915/__cypress/runner/cypress_runner.js:132448:16)\n    at tryCatcher (http://localhost:45915/__cypress/runner/cypress_runner.js:167415:23)\n    at Promise._settlePromiseFromHandler (http://localhost:45915/__cypress/runner/cypress_runner.js:165351:31)\n    at Promise._settlePromise (http://localhost:45915/__cypress/runner/cypress_runner.js:165408:18)\n    at Promise._settlePromise0 (http://localhost:45915/__cypress/runner/cypress_runner.js:165453:10)\n    at Promise._settlePromises (http://localhost:45915/__cypress/runner/cypress_runner.js:165528:18)\n    at Async../node_modules/bluebird/js/release/async.js.Async._drainQueue (http://localhost:45915/__cypress/runner/cypress_runner.js:162140:16)\n    at Async../node_modules/bluebird/js/release/async.js.Async._drainQueues (http://localhost:45915/__cypress/runner/cypress_runner.js:162150:10)\n    at Async.drainQueues (http://localhost:45915/__cypress/runner/cypress_runner.js:162024:14)",
                "diff": null
              },
              "uuid": "0a134d3f-9fd4-4343-9460-871db924a85c",
              "parentUUID": "26beb6e7-a53a-4395-a34a-b1a9bde33a68",
              "isHook": false,
              "skipped": false
            },
            {
              "title": "Verifica se o botão está posicionado entre a paleta de cores e o quadro de pixels",
              "fullTitle": "9 - Crie um botão que, ao ser clicado, limpa o quadro preenchendo a cor de todos seus pixels com branco. Verifica se o botão está posicionado entre a paleta de cores e o quadro de pixels",
              "timedOut": null,
              "duration": 4259,
              "state": "failed",
              "speed": null,
              "pass": false,
              "fail": true,
              "pending": false,
              "context": null,
              "code": "cy.get('#color-palette').then(function (palette) {\n  cy.get('#clear-board').should('be.belowOf', palette);\n});\ncy.get('#clear-board').then(function (clearBtn) {\n  cy.get('#pixel-board').should('be.belowOf', clearBtn);\n});",
              "err": {
                "message": "CypressError: Timed out retrying: Expected to find element: '#clear-board', but never found it.",
                "estack": "CypressError: Timed out retrying: Expected to find element: '#clear-board', but never found it.\n    at cypressErr (http://localhost:45915/__cypress/runner/cypress_runner.js:149934:9)\n    at throwErr (http://localhost:45915/__cypress/runner/cypress_runner.js:149867:11)\n    at Object.throwErrByPath (http://localhost:45915/__cypress/runner/cypress_runner.js:149915:3)\n    at retry (http://localhost:45915/__cypress/runner/cypress_runner.js:144197:19)\n    at onFailFn (http://localhost:45915/__cypress/runner/cypress_runner.js:132448:16)\n    at tryCatcher (http://localhost:45915/__cypress/runner/cypress_runner.js:167415:23)\n    at Promise._settlePromiseFromHandler (http://localhost:45915/__cypress/runner/cypress_runner.js:165351:31)\n    at Promise._settlePromise (http://localhost:45915/__cypress/runner/cypress_runner.js:165408:18)\n    at Promise._settlePromise0 (http://localhost:45915/__cypress/runner/cypress_runner.js:165453:10)\n    at Promise._settlePromises (http://localhost:45915/__cypress/runner/cypress_runner.js:165528:18)\n    at Async../node_modules/bluebird/js/release/async.js.Async._drainQueue (http://localhost:45915/__cypress/runner/cypress_runner.js:162140:16)\n    at Async../node_modules/bluebird/js/release/async.js.Async._drainQueues (http://localhost:45915/__cypress/runner/cypress_runner.js:162150:10)\n    at Async.drainQueues (http://localhost:45915/__cypress/runner/cypress_runner.js:162024:14)",
                "diff": null
              },
              "uuid": "cf456970-98a6-4300-b369-0b32625569bc",
              "parentUUID": "26beb6e7-a53a-4395-a34a-b1a9bde33a68",
              "isHook": false,
              "skipped": false
            },
            {
              "title": "Verifica se o texto do botão é 'Limpar'",
              "fullTitle": "9 - Crie um botão que, ao ser clicado, limpa o quadro preenchendo a cor de todos seus pixels com branco. Verifica se o texto do botão é 'Limpar'",
              "timedOut": null,
              "duration": 4275,
              "state": "failed",
              "speed": null,
              "pass": false,
              "fail": true,
              "pending": false,
              "context": null,
              "code": "cy.get('#clear-board').should('contain.text', 'Limpar');",
              "err": {
                "message": "CypressError: Timed out retrying: Expected to find element: '#clear-board', but never found it.",
                "estack": "CypressError: Timed out retrying: Expected to find element: '#clear-board', but never found it.\n    at cypressErr (http://localhost:45915/__cypress/runner/cypress_runner.js:149934:9)\n    at throwErr (http://localhost:45915/__cypress/runner/cypress_runner.js:149867:11)\n    at Object.throwErrByPath (http://localhost:45915/__cypress/runner/cypress_runner.js:149915:3)\n    at retry (http://localhost:45915/__cypress/runner/cypress_runner.js:144197:19)\n    at onFailFn (http://localhost:45915/__cypress/runner/cypress_runner.js:132448:16)\n    at tryCatcher (http://localhost:45915/__cypress/runner/cypress_runner.js:167415:23)\n    at Promise._settlePromiseFromHandler (http://localhost:45915/__cypress/runner/cypress_runner.js:165351:31)\n    at Promise._settlePromise (http://localhost:45915/__cypress/runner/cypress_runner.js:165408:18)\n    at Promise._settlePromise0 (http://localhost:45915/__cypress/runner/cypress_runner.js:165453:10)\n    at Promise._settlePromises (http://localhost:45915/__cypress/runner/cypress_runner.js:165528:18)\n    at Async../node_modules/bluebird/js/release/async.js.Async._drainQueue (http://localhost:45915/__cypress/runner/cypress_runner.js:162140:16)\n    at Async../node_modules/bluebird/js/release/async.js.Async._drainQueues (http://localhost:45915/__cypress/runner/cypress_runner.js:162150:10)\n    at Async.drainQueues (http://localhost:45915/__cypress/runner/cypress_runner.js:162024:14)",
                "diff": null
              },
              "uuid": "3c730ebe-0ffa-4c13-92e8-635f31b2126a",
              "parentUUID": "26beb6e7-a53a-4395-a34a-b1a9bde33a68",
              "isHook": false,
              "skipped": false
            },
            {
              "title": "Verifica se ao clicar no botão, o quadro de pixels é totalmente preenchido de branco",
              "fullTitle": "9 - Crie um botão que, ao ser clicado, limpa o quadro preenchendo a cor de todos seus pixels com branco. Verifica se ao clicar no botão, o quadro de pixels é totalmente preenchido de branco",
              "timedOut": null,
              "duration": 4427,
              "state": "failed",
              "speed": null,
              "pass": false,
              "fail": true,
              "pending": false,
              "context": null,
              "code": "cy.get('.color').eq(1).then(function (color) {\n  var backgroundColor = color.css('background-color');\n  cy.wrap(color).click();\n  cy.get('.pixel').each(function (pixel) {\n    cy.wrap(pixel).click().should('have.css', 'background-color', backgroundColor);\n  });\n});\ncy.get('#clear-board').click();\ncy.get('.pixel').each(function (pixel) {\n  cy.wrap(pixel).should('have.css', 'background-color', WHITE);\n});",
              "err": {
                "message": "CypressError: Timed out retrying: expected '<div.pixel>' to have CSS property 'background-color' with the value 'rgb(255, 0, 0)', but the value was 'rgb(255, 255, 255)'",
                "estack": "CypressError: Timed out retrying: expected '<div.pixel>' to have CSS property 'background-color' with the value 'rgb(255, 0, 0)', but the value was 'rgb(255, 255, 255)'\n    at cypressErr (http://localhost:45915/__cypress/runner/cypress_runner.js:149934:9)\n    at throwErr (http://localhost:45915/__cypress/runner/cypress_runner.js:149867:11)\n    at Object.throwErrByPath (http://localhost:45915/__cypress/runner/cypress_runner.js:149915:3)\n    at retry (http://localhost:45915/__cypress/runner/cypress_runner.js:144197:19)\n    at onFailFn (http://localhost:45915/__cypress/runner/cypress_runner.js:132448:16)\n    at tryCatcher (http://localhost:45915/__cypress/runner/cypress_runner.js:167415:23)\n    at Promise._settlePromiseFromHandler (http://localhost:45915/__cypress/runner/cypress_runner.js:165351:31)\n    at Promise._settlePromise (http://localhost:45915/__cypress/runner/cypress_runner.js:165408:18)\n    at Promise._settlePromise0 (http://localhost:45915/__cypress/runner/cypress_runner.js:165453:10)\n    at Promise._settlePromises (http://localhost:45915/__cypress/runner/cypress_runner.js:165528:18)\n    at Async../node_modules/bluebird/js/release/async.js.Async._drainQueue (http://localhost:45915/__cypress/runner/cypress_runner.js:162140:16)\n    at Async../node_modules/bluebird/js/release/async.js.Async._drainQueues (http://localhost:45915/__cypress/runner/cypress_runner.js:162150:10)\n    at Async.drainQueues (http://localhost:45915/__cypress/runner/cypress_runner.js:162024:14)",
                "diff": null
              },
              "uuid": "7329a866-70cf-4cba-ac4c-86ffd548e010",
              "parentUUID": "26beb6e7-a53a-4395-a34a-b1a9bde33a68",
              "isHook": false,
              "skipped": false
            }
          ],
          "suites": [],
          "passes": [],
          "failures": [
            "0a134d3f-9fd4-4343-9460-871db924a85c",
            "cf456970-98a6-4300-b369-0b32625569bc",
            "3c730ebe-0ffa-4c13-92e8-635f31b2126a",
            "7329a866-70cf-4cba-ac4c-86ffd548e010"
          ],
          "pending": [],
          "skipped": [],
          "duration": 17242,
          "root": false,
          "rootEmpty": false,
          "_timeout": 2000
        },
        {
          "uuid": "73e3cb99-0873-43a6-8dc5-89b3ed04b38d",
          "title": "10 - Faça o quadro de pixels ter seu tamanho definido pelo usuário.",
          "fullFile": "",
          "file": "",
          "beforeHooks": [],
          "afterHooks": [],
          "tests": [
            {
              "title": "Verifica se existe um input com o id `board-size`",
              "fullTitle": "10 - Faça o quadro de pixels ter seu tamanho definido pelo usuário. Verifica se existe um input com o id `board-size`",
              "timedOut": null,
              "duration": 4302,
              "state": "failed",
              "speed": null,
              "pass": false,
              "fail": true,
              "pending": false,
              "context": null,
              "code": "cy.get('#board-size').should('be.visible');",
              "err": {
                "message": "CypressError: Timed out retrying: Expected to find element: '#board-size', but never found it.",
                "estack": "CypressError: Timed out retrying: Expected to find element: '#board-size', but never found it.\n    at cypressErr (http://localhost:45915/__cypress/runner/cypress_runner.js:149934:9)\n    at throwErr (http://localhost:45915/__cypress/runner/cypress_runner.js:149867:11)\n    at Object.throwErrByPath (http://localhost:45915/__cypress/runner/cypress_runner.js:149915:3)\n    at retry (http://localhost:45915/__cypress/runner/cypress_runner.js:144197:19)\n    at onFailFn (http://localhost:45915/__cypress/runner/cypress_runner.js:132448:16)\n    at tryCatcher (http://localhost:45915/__cypress/runner/cypress_runner.js:167415:23)\n    at Promise._settlePromiseFromHandler (http://localhost:45915/__cypress/runner/cypress_runner.js:165351:31)\n    at Promise._settlePromise (http://localhost:45915/__cypress/runner/cypress_runner.js:165408:18)\n    at Promise._settlePromise0 (http://localhost:45915/__cypress/runner/cypress_runner.js:165453:10)\n    at Promise._settlePromises (http://localhost:45915/__cypress/runner/cypress_runner.js:165528:18)\n    at Async../node_modules/bluebird/js/release/async.js.Async._drainQueue (http://localhost:45915/__cypress/runner/cypress_runner.js:162140:16)\n    at Async../node_modules/bluebird/js/release/async.js.Async._drainQueues (http://localhost:45915/__cypress/runner/cypress_runner.js:162150:10)\n    at Async.drainQueues (http://localhost:45915/__cypress/runner/cypress_runner.js:162024:14)",
                "diff": null
              },
              "uuid": "9bb0299a-2f96-46e4-8f2a-e3e5444b9d06",
              "parentUUID": "73e3cb99-0873-43a6-8dc5-89b3ed04b38d",
              "isHook": false,
              "skipped": false
            },
            {
              "title": "Verifica se existe um botão com o id `generate-board`",
              "fullTitle": "10 - Faça o quadro de pixels ter seu tamanho definido pelo usuário. Verifica se existe um botão com o id `generate-board`",
              "timedOut": null,
              "duration": 4316,
              "state": "failed",
              "speed": null,
              "pass": false,
              "fail": true,
              "pending": false,
              "context": null,
              "code": "cy.get('#generate-board').should('be.visible');",
              "err": {
                "message": "CypressError: Timed out retrying: Expected to find element: '#generate-board', but never found it.",
                "estack": "CypressError: Timed out retrying: Expected to find element: '#generate-board', but never found it.\n    at cypressErr (http://localhost:45915/__cypress/runner/cypress_runner.js:149934:9)\n    at throwErr (http://localhost:45915/__cypress/runner/cypress_runner.js:149867:11)\n    at Object.throwErrByPath (http://localhost:45915/__cypress/runner/cypress_runner.js:149915:3)\n    at retry (http://localhost:45915/__cypress/runner/cypress_runner.js:144197:19)\n    at onFailFn (http://localhost:45915/__cypress/runner/cypress_runner.js:132448:16)\n    at tryCatcher (http://localhost:45915/__cypress/runner/cypress_runner.js:167415:23)\n    at Promise._settlePromiseFromHandler (http://localhost:45915/__cypress/runner/cypress_runner.js:165351:31)\n    at Promise._settlePromise (http://localhost:45915/__cypress/runner/cypress_runner.js:165408:18)\n    at Promise._settlePromise0 (http://localhost:45915/__cypress/runner/cypress_runner.js:165453:10)\n    at Promise._settlePromises (http://localhost:45915/__cypress/runner/cypress_runner.js:165528:18)\n    at Async../node_modules/bluebird/js/release/async.js.Async._drainQueue (http://localhost:45915/__cypress/runner/cypress_runner.js:162140:16)\n    at Async../node_modules/bluebird/js/release/async.js.Async._drainQueues (http://localhost:45915/__cypress/runner/cypress_runner.js:162150:10)\n    at Async.drainQueues (http://localhost:45915/__cypress/runner/cypress_runner.js:162024:14)",
                "diff": null
              },
              "uuid": "cf97f102-aa26-4587-b693-055a6e53bbb2",
              "parentUUID": "73e3cb99-0873-43a6-8dc5-89b3ed04b38d",
              "isHook": false,
              "skipped": false
            },
            {
              "title": "Verifica se o input só aceita número maiores que zero. Essa restrição deve ser feita usando os atributos do elemento `input`",
              "fullTitle": "10 - Faça o quadro de pixels ter seu tamanho definido pelo usuário. Verifica se o input só aceita número maiores que zero. Essa restrição deve ser feita usando os atributos do elemento `input`",
              "timedOut": null,
              "duration": 4270,
              "state": "failed",
              "speed": null,
              "pass": false,
              "fail": true,
              "pending": false,
              "context": null,
              "code": "cy.get('#board-size[type=\\'number\\'][min=\\'1\\']');",
              "err": {
                "message": "CypressError: Timed out retrying: Expected to find element: '#board-size[type='number'][min='1']', but never found it.",
                "estack": "CypressError: Timed out retrying: Expected to find element: '#board-size[type='number'][min='1']', but never found it.\n    at cypressErr (http://localhost:45915/__cypress/runner/cypress_runner.js:149934:9)\n    at throwErr (http://localhost:45915/__cypress/runner/cypress_runner.js:149867:11)\n    at Object.throwErrByPath (http://localhost:45915/__cypress/runner/cypress_runner.js:149915:3)\n    at retry (http://localhost:45915/__cypress/runner/cypress_runner.js:144197:19)\n    at onFailFn (http://localhost:45915/__cypress/runner/cypress_runner.js:132448:16)\n    at tryCatcher (http://localhost:45915/__cypress/runner/cypress_runner.js:167415:23)\n    at Promise._settlePromiseFromHandler (http://localhost:45915/__cypress/runner/cypress_runner.js:165351:31)\n    at Promise._settlePromise (http://localhost:45915/__cypress/runner/cypress_runner.js:165408:18)\n    at Promise._settlePromise0 (http://localhost:45915/__cypress/runner/cypress_runner.js:165453:10)\n    at Promise._settlePromises (http://localhost:45915/__cypress/runner/cypress_runner.js:165528:18)\n    at Async../node_modules/bluebird/js/release/async.js.Async._drainQueue (http://localhost:45915/__cypress/runner/cypress_runner.js:162140:16)\n    at Async../node_modules/bluebird/js/release/async.js.Async._drainQueues (http://localhost:45915/__cypress/runner/cypress_runner.js:162150:10)\n    at Async.drainQueues (http://localhost:45915/__cypress/runner/cypress_runner.js:162024:14)",
                "diff": null
              },
              "uuid": "7e2de026-2869-4ee3-8389-07e900bbb552",
              "parentUUID": "73e3cb99-0873-43a6-8dc5-89b3ed04b38d",
              "isHook": false,
              "skipped": false
            },
            {
              "title": "Verifica se o botão contém o texto 'VQV'",
              "fullTitle": "10 - Faça o quadro de pixels ter seu tamanho definido pelo usuário. Verifica se o botão contém o texto 'VQV'",
              "timedOut": null,
              "duration": 4300,
              "state": "failed",
              "speed": null,
              "pass": false,
              "fail": true,
              "pending": false,
              "context": null,
              "code": "cy.get('#generate-board').contains(/vqv/i);",
              "err": {
                "message": "CypressError: Timed out retrying: Expected to find element: '#generate-board', but never found it.",
                "estack": "CypressError: Timed out retrying: Expected to find element: '#generate-board', but never found it.\n    at cypressErr (http://localhost:45915/__cypress/runner/cypress_runner.js:149934:9)\n    at throwErr (http://localhost:45915/__cypress/runner/cypress_runner.js:149867:11)\n    at Object.throwErrByPath (http://localhost:45915/__cypress/runner/cypress_runner.js:149915:3)\n    at retry (http://localhost:45915/__cypress/runner/cypress_runner.js:144197:19)\n    at onFailFn (http://localhost:45915/__cypress/runner/cypress_runner.js:132448:16)\n    at tryCatcher (http://localhost:45915/__cypress/runner/cypress_runner.js:167415:23)\n    at Promise._settlePromiseFromHandler (http://localhost:45915/__cypress/runner/cypress_runner.js:165351:31)\n    at Promise._settlePromise (http://localhost:45915/__cypress/runner/cypress_runner.js:165408:18)\n    at Promise._settlePromise0 (http://localhost:45915/__cypress/runner/cypress_runner.js:165453:10)\n    at Promise._settlePromises (http://localhost:45915/__cypress/runner/cypress_runner.js:165528:18)\n    at Async../node_modules/bluebird/js/release/async.js.Async._drainQueue (http://localhost:45915/__cypress/runner/cypress_runner.js:162140:16)\n    at Async../node_modules/bluebird/js/release/async.js.Async._drainQueues (http://localhost:45915/__cypress/runner/cypress_runner.js:162150:10)\n    at Async.drainQueues (http://localhost:45915/__cypress/runner/cypress_runner.js:162024:14)",
                "diff": null
              },
              "uuid": "d0c4664d-6dae-41c8-92ec-82d75550e966",
              "parentUUID": "73e3cb99-0873-43a6-8dc5-89b3ed04b38d",
              "isHook": false,
              "skipped": false
            },
            {
              "title": "Verifica se o input está posicionado entre a paleta de cores e o quadro de pixels",
              "fullTitle": "10 - Faça o quadro de pixels ter seu tamanho definido pelo usuário. Verifica se o input está posicionado entre a paleta de cores e o quadro de pixels",
              "timedOut": null,
              "duration": 4287,
              "state": "failed",
              "speed": null,
              "pass": false,
              "fail": true,
              "pending": false,
              "context": null,
              "code": "cy.get('#color-palette').then(function (palette) {\n  cy.get('#board-size').should('be.belowOf', palette);\n});\ncy.get('#board-size').then(function (palette) {\n  cy.get('#pixel-board').should('be.belowOf', palette);\n});",
              "err": {
                "message": "CypressError: Timed out retrying: Expected to find element: '#board-size', but never found it.",
                "estack": "CypressError: Timed out retrying: Expected to find element: '#board-size', but never found it.\n    at cypressErr (http://localhost:45915/__cypress/runner/cypress_runner.js:149934:9)\n    at throwErr (http://localhost:45915/__cypress/runner/cypress_runner.js:149867:11)\n    at Object.throwErrByPath (http://localhost:45915/__cypress/runner/cypress_runner.js:149915:3)\n    at retry (http://localhost:45915/__cypress/runner/cypress_runner.js:144197:19)\n    at onFailFn (http://localhost:45915/__cypress/runner/cypress_runner.js:132448:16)\n    at tryCatcher (http://localhost:45915/__cypress/runner/cypress_runner.js:167415:23)\n    at Promise._settlePromiseFromHandler (http://localhost:45915/__cypress/runner/cypress_runner.js:165351:31)\n    at Promise._settlePromise (http://localhost:45915/__cypress/runner/cypress_runner.js:165408:18)\n    at Promise._settlePromise0 (http://localhost:45915/__cypress/runner/cypress_runner.js:165453:10)\n    at Promise._settlePromises (http://localhost:45915/__cypress/runner/cypress_runner.js:165528:18)\n    at Async../node_modules/bluebird/js/release/async.js.Async._drainQueue (http://localhost:45915/__cypress/runner/cypress_runner.js:162140:16)\n    at Async../node_modules/bluebird/js/release/async.js.Async._drainQueues (http://localhost:45915/__cypress/runner/cypress_runner.js:162150:10)\n    at Async.drainQueues (http://localhost:45915/__cypress/runner/cypress_runner.js:162024:14)",
                "diff": null
              },
              "uuid": "670204b0-1180-4b58-9434-1f17dcf2f510",
              "parentUUID": "73e3cb99-0873-43a6-8dc5-89b3ed04b38d",
              "isHook": false,
              "skipped": false
            },
            {
              "title": "Verifica se o botão está posicionado ao lado do input",
              "fullTitle": "10 - Faça o quadro de pixels ter seu tamanho definido pelo usuário. Verifica se o botão está posicionado ao lado do input",
              "timedOut": null,
              "duration": 4319,
              "state": "failed",
              "speed": null,
              "pass": false,
              "fail": true,
              "pending": false,
              "context": null,
              "code": "cy.get('#board-size').then(function (board) {\n  cy.get('#generate-board').should('be.onTheRightOf', board);\n});",
              "err": {
                "message": "CypressError: Timed out retrying: Expected to find element: '#board-size', but never found it.",
                "estack": "CypressError: Timed out retrying: Expected to find element: '#board-size', but never found it.\n    at cypressErr (http://localhost:45915/__cypress/runner/cypress_runner.js:149934:9)\n    at throwErr (http://localhost:45915/__cypress/runner/cypress_runner.js:149867:11)\n    at Object.throwErrByPath (http://localhost:45915/__cypress/runner/cypress_runner.js:149915:3)\n    at retry (http://localhost:45915/__cypress/runner/cypress_runner.js:144197:19)\n    at onFailFn (http://localhost:45915/__cypress/runner/cypress_runner.js:132448:16)\n    at tryCatcher (http://localhost:45915/__cypress/runner/cypress_runner.js:167415:23)\n    at Promise._settlePromiseFromHandler (http://localhost:45915/__cypress/runner/cypress_runner.js:165351:31)\n    at Promise._settlePromise (http://localhost:45915/__cypress/runner/cypress_runner.js:165408:18)\n    at Promise._settlePromise0 (http://localhost:45915/__cypress/runner/cypress_runner.js:165453:10)\n    at Promise._settlePromises (http://localhost:45915/__cypress/runner/cypress_runner.js:165528:18)\n    at Async../node_modules/bluebird/js/release/async.js.Async._drainQueue (http://localhost:45915/__cypress/runner/cypress_runner.js:162140:16)\n    at Async../node_modules/bluebird/js/release/async.js.Async._drainQueues (http://localhost:45915/__cypress/runner/cypress_runner.js:162150:10)\n    at Async.drainQueues (http://localhost:45915/__cypress/runner/cypress_runner.js:162024:14)",
                "diff": null
              },
              "uuid": "f7baf597-dfda-47d7-a9df-5fd98827e2e5",
              "parentUUID": "73e3cb99-0873-43a6-8dc5-89b3ed04b38d",
              "isHook": false,
              "skipped": false
            },
            {
              "title": "Verifica se nenhum valor for colocado no input ao clicar no botão, um `alert` é exibido com o texto: 'Board inválido!'",
              "fullTitle": "10 - Faça o quadro de pixels ter seu tamanho definido pelo usuário. Verifica se nenhum valor for colocado no input ao clicar no botão, um `alert` é exibido com o texto: 'Board inválido!'",
              "timedOut": null,
              "duration": 4298,
              "state": "failed",
              "speed": null,
              "pass": false,
              "fail": true,
              "pending": false,
              "context": null,
              "code": "var alerted = false;\ncy.on('window:alert', function (msg) {\n  return alerted = msg;\n});\ncy.get('#generate-board').click().then(function () {\n  return expect(alerted).to.match(/Board inválido!/i);\n});",
              "err": {
                "message": "CypressError: Timed out retrying: Expected to find element: '#generate-board', but never found it.",
                "estack": "CypressError: Timed out retrying: Expected to find element: '#generate-board', but never found it.\n    at cypressErr (http://localhost:45915/__cypress/runner/cypress_runner.js:149934:9)\n    at throwErr (http://localhost:45915/__cypress/runner/cypress_runner.js:149867:11)\n    at Object.throwErrByPath (http://localhost:45915/__cypress/runner/cypress_runner.js:149915:3)\n    at retry (http://localhost:45915/__cypress/runner/cypress_runner.js:144197:19)\n    at onFailFn (http://localhost:45915/__cypress/runner/cypress_runner.js:132448:16)\n    at tryCatcher (http://localhost:45915/__cypress/runner/cypress_runner.js:167415:23)\n    at Promise._settlePromiseFromHandler (http://localhost:45915/__cypress/runner/cypress_runner.js:165351:31)\n    at Promise._settlePromise (http://localhost:45915/__cypress/runner/cypress_runner.js:165408:18)\n    at Promise._settlePromise0 (http://localhost:45915/__cypress/runner/cypress_runner.js:165453:10)\n    at Promise._settlePromises (http://localhost:45915/__cypress/runner/cypress_runner.js:165528:18)\n    at Async../node_modules/bluebird/js/release/async.js.Async._drainQueue (http://localhost:45915/__cypress/runner/cypress_runner.js:162140:16)\n    at Async../node_modules/bluebird/js/release/async.js.Async._drainQueues (http://localhost:45915/__cypress/runner/cypress_runner.js:162150:10)\n    at Async.drainQueues (http://localhost:45915/__cypress/runner/cypress_runner.js:162024:14)",
                "diff": null
              },
              "uuid": "a3a39634-4190-457c-82fb-4926b1319770",
              "parentUUID": "73e3cb99-0873-43a6-8dc5-89b3ed04b38d",
              "isHook": false,
              "skipped": false
            },
            {
              "title": "Verifica se ao clicar no botão com um valor preenchido, o tamanho do board muda.",
              "fullTitle": "10 - Faça o quadro de pixels ter seu tamanho definido pelo usuário. Verifica se ao clicar no botão com um valor preenchido, o tamanho do board muda.",
              "timedOut": null,
              "duration": 4265,
              "state": "failed",
              "speed": null,
              "pass": false,
              "fail": true,
              "pending": false,
              "context": null,
              "code": "cy.get('#board-size').clear().type(10);\ncy.get('#generate-board').click();\ncy.get('.pixel').should('have.length', 100);",
              "err": {
                "message": "CypressError: Timed out retrying: Expected to find element: '#board-size', but never found it.",
                "estack": "CypressError: Timed out retrying: Expected to find element: '#board-size', but never found it.\n    at cypressErr (http://localhost:45915/__cypress/runner/cypress_runner.js:149934:9)\n    at throwErr (http://localhost:45915/__cypress/runner/cypress_runner.js:149867:11)\n    at Object.throwErrByPath (http://localhost:45915/__cypress/runner/cypress_runner.js:149915:3)\n    at retry (http://localhost:45915/__cypress/runner/cypress_runner.js:144197:19)\n    at onFailFn (http://localhost:45915/__cypress/runner/cypress_runner.js:132448:16)\n    at tryCatcher (http://localhost:45915/__cypress/runner/cypress_runner.js:167415:23)\n    at Promise._settlePromiseFromHandler (http://localhost:45915/__cypress/runner/cypress_runner.js:165351:31)\n    at Promise._settlePromise (http://localhost:45915/__cypress/runner/cypress_runner.js:165408:18)\n    at Promise._settlePromise0 (http://localhost:45915/__cypress/runner/cypress_runner.js:165453:10)\n    at Promise._settlePromises (http://localhost:45915/__cypress/runner/cypress_runner.js:165528:18)\n    at Async../node_modules/bluebird/js/release/async.js.Async._drainQueue (http://localhost:45915/__cypress/runner/cypress_runner.js:162140:16)\n    at Async../node_modules/bluebird/js/release/async.js.Async._drainQueues (http://localhost:45915/__cypress/runner/cypress_runner.js:162150:10)\n    at Async.drainQueues (http://localhost:45915/__cypress/runner/cypress_runner.js:162024:14)",
                "diff": null
              },
              "uuid": "7f9c8181-a95b-41b8-965f-4ff298660457",
              "parentUUID": "73e3cb99-0873-43a6-8dc5-89b3ed04b38d",
              "isHook": false,
              "skipped": false
            },
            {
              "title": "Verifica se o novo quadro tem todos os pixels preenchidos com a cor branca",
              "fullTitle": "10 - Faça o quadro de pixels ter seu tamanho definido pelo usuário. Verifica se o novo quadro tem todos os pixels preenchidos com a cor branca",
              "timedOut": null,
              "duration": 4267,
              "state": "failed",
              "speed": null,
              "pass": false,
              "fail": true,
              "pending": false,
              "context": null,
              "code": "cy.get('#board-size').clear().type(6);\ncy.get('#generate-board').click();\ncy.get('.pixel').should('have.length', 36).each(function (pixel) {\n  expect(pixel).to.have.css('background-color', WHITE);\n});",
              "err": {
                "message": "CypressError: Timed out retrying: Expected to find element: '#board-size', but never found it.",
                "estack": "CypressError: Timed out retrying: Expected to find element: '#board-size', but never found it.\n    at cypressErr (http://localhost:45915/__cypress/runner/cypress_runner.js:149934:9)\n    at throwErr (http://localhost:45915/__cypress/runner/cypress_runner.js:149867:11)\n    at Object.throwErrByPath (http://localhost:45915/__cypress/runner/cypress_runner.js:149915:3)\n    at retry (http://localhost:45915/__cypress/runner/cypress_runner.js:144197:19)\n    at onFailFn (http://localhost:45915/__cypress/runner/cypress_runner.js:132448:16)\n    at tryCatcher (http://localhost:45915/__cypress/runner/cypress_runner.js:167415:23)\n    at Promise._settlePromiseFromHandler (http://localhost:45915/__cypress/runner/cypress_runner.js:165351:31)\n    at Promise._settlePromise (http://localhost:45915/__cypress/runner/cypress_runner.js:165408:18)\n    at Promise._settlePromise0 (http://localhost:45915/__cypress/runner/cypress_runner.js:165453:10)\n    at Promise._settlePromises (http://localhost:45915/__cypress/runner/cypress_runner.js:165528:18)\n    at Async../node_modules/bluebird/js/release/async.js.Async._drainQueue (http://localhost:45915/__cypress/runner/cypress_runner.js:162140:16)\n    at Async../node_modules/bluebird/js/release/async.js.Async._drainQueues (http://localhost:45915/__cypress/runner/cypress_runner.js:162150:10)\n    at Async.drainQueues (http://localhost:45915/__cypress/runner/cypress_runner.js:162024:14)",
                "diff": null
              },
              "uuid": "55eb13cb-e3df-439c-aa42-1282e9e3ba38",
              "parentUUID": "73e3cb99-0873-43a6-8dc5-89b3ed04b38d",
              "isHook": false,
              "skipped": false
            }
          ],
          "suites": [],
          "passes": [],
          "failures": [
            "9bb0299a-2f96-46e4-8f2a-e3e5444b9d06",
            "cf97f102-aa26-4587-b693-055a6e53bbb2",
            "7e2de026-2869-4ee3-8389-07e900bbb552",
            "d0c4664d-6dae-41c8-92ec-82d75550e966",
            "670204b0-1180-4b58-9434-1f17dcf2f510",
            "f7baf597-dfda-47d7-a9df-5fd98827e2e5",
            "a3a39634-4190-457c-82fb-4926b1319770",
            "7f9c8181-a95b-41b8-965f-4ff298660457",
            "55eb13cb-e3df-439c-aa42-1282e9e3ba38"
          ],
          "pending": [],
          "skipped": [],
          "duration": 38624,
          "root": false,
          "rootEmpty": false,
          "_timeout": 2000
        },
        {
          "uuid": "4fa6cc4c-811a-40ab-aa8d-3690e9d95672",
          "title": "11 - Limite o tamanho mínimo e máximo do board.",
          "fullFile": "",
          "file": "",
          "beforeHooks": [],
          "afterHooks": [],
          "tests": [
            {
              "title": "Verifica se a altura máxima do board é 50",
              "fullTitle": "11 - Limite o tamanho mínimo e máximo do board. Verifica se a altura máxima do board é 50",
              "timedOut": null,
              "duration": 4280,
              "state": "failed",
              "speed": null,
              "pass": false,
              "fail": true,
              "pending": false,
              "context": null,
              "code": "cy.get('#board-size').clear().type(50);\ncy.get('#generate-board').click();\ncy.get('.pixel').should('have.length', 2500);",
              "err": {
                "message": "CypressError: Timed out retrying: Expected to find element: '#board-size', but never found it.",
                "estack": "CypressError: Timed out retrying: Expected to find element: '#board-size', but never found it.\n    at cypressErr (http://localhost:45915/__cypress/runner/cypress_runner.js:149934:9)\n    at throwErr (http://localhost:45915/__cypress/runner/cypress_runner.js:149867:11)\n    at Object.throwErrByPath (http://localhost:45915/__cypress/runner/cypress_runner.js:149915:3)\n    at retry (http://localhost:45915/__cypress/runner/cypress_runner.js:144197:19)\n    at onFailFn (http://localhost:45915/__cypress/runner/cypress_runner.js:132448:16)\n    at tryCatcher (http://localhost:45915/__cypress/runner/cypress_runner.js:167415:23)\n    at Promise._settlePromiseFromHandler (http://localhost:45915/__cypress/runner/cypress_runner.js:165351:31)\n    at Promise._settlePromise (http://localhost:45915/__cypress/runner/cypress_runner.js:165408:18)\n    at Promise._settlePromise0 (http://localhost:45915/__cypress/runner/cypress_runner.js:165453:10)\n    at Promise._settlePromises (http://localhost:45915/__cypress/runner/cypress_runner.js:165528:18)\n    at Async../node_modules/bluebird/js/release/async.js.Async._drainQueue (http://localhost:45915/__cypress/runner/cypress_runner.js:162140:16)\n    at Async../node_modules/bluebird/js/release/async.js.Async._drainQueues (http://localhost:45915/__cypress/runner/cypress_runner.js:162150:10)\n    at Async.drainQueues (http://localhost:45915/__cypress/runner/cypress_runner.js:162024:14)",
                "diff": null
              },
              "uuid": "ba1cd496-cbc8-44df-a29f-0da31877b855",
              "parentUUID": "4fa6cc4c-811a-40ab-aa8d-3690e9d95672",
              "isHook": false,
              "skipped": false
            },
            {
              "title": "Verifica se a altura do board é 5 quando um valor menor é colocado no input",
              "fullTitle": "11 - Limite o tamanho mínimo e máximo do board. Verifica se a altura do board é 5 quando um valor menor é colocado no input",
              "timedOut": null,
              "duration": 4273,
              "state": "failed",
              "speed": null,
              "pass": false,
              "fail": true,
              "pending": false,
              "context": null,
              "code": "cy.get('#board-size').clear().type(4);\ncy.get('#generate-board').click();\ncy.get('.pixel').should('have.length', 25);",
              "err": {
                "message": "CypressError: Timed out retrying: Expected to find element: '#board-size', but never found it.",
                "estack": "CypressError: Timed out retrying: Expected to find element: '#board-size', but never found it.\n    at cypressErr (http://localhost:45915/__cypress/runner/cypress_runner.js:149934:9)\n    at throwErr (http://localhost:45915/__cypress/runner/cypress_runner.js:149867:11)\n    at Object.throwErrByPath (http://localhost:45915/__cypress/runner/cypress_runner.js:149915:3)\n    at retry (http://localhost:45915/__cypress/runner/cypress_runner.js:144197:19)\n    at onFailFn (http://localhost:45915/__cypress/runner/cypress_runner.js:132448:16)\n    at tryCatcher (http://localhost:45915/__cypress/runner/cypress_runner.js:167415:23)\n    at Promise._settlePromiseFromHandler (http://localhost:45915/__cypress/runner/cypress_runner.js:165351:31)\n    at Promise._settlePromise (http://localhost:45915/__cypress/runner/cypress_runner.js:165408:18)\n    at Promise._settlePromise0 (http://localhost:45915/__cypress/runner/cypress_runner.js:165453:10)\n    at Promise._settlePromises (http://localhost:45915/__cypress/runner/cypress_runner.js:165528:18)\n    at Async../node_modules/bluebird/js/release/async.js.Async._drainQueue (http://localhost:45915/__cypress/runner/cypress_runner.js:162140:16)\n    at Async../node_modules/bluebird/js/release/async.js.Async._drainQueues (http://localhost:45915/__cypress/runner/cypress_runner.js:162150:10)\n    at Async.drainQueues (http://localhost:45915/__cypress/runner/cypress_runner.js:162024:14)",
                "diff": null
              },
              "uuid": "3d0f3633-f243-4600-a0b7-924050c493d0",
              "parentUUID": "4fa6cc4c-811a-40ab-aa8d-3690e9d95672",
              "isHook": false,
              "skipped": false
            },
            {
              "title": "Verifica se a altura do board é 50 quando um valor maior é colocado no input",
              "fullTitle": "11 - Limite o tamanho mínimo e máximo do board. Verifica se a altura do board é 50 quando um valor maior é colocado no input",
              "timedOut": null,
              "duration": 4304,
              "state": "failed",
              "speed": null,
              "pass": false,
              "fail": true,
              "pending": false,
              "context": null,
              "code": "cy.get('#board-size').clear().type(51);\ncy.get('#generate-board').click();\ncy.get('.pixel').should('have.length', 2500);",
              "err": {
                "message": "CypressError: Timed out retrying: Expected to find element: '#board-size', but never found it.",
                "estack": "CypressError: Timed out retrying: Expected to find element: '#board-size', but never found it.\n    at cypressErr (http://localhost:45915/__cypress/runner/cypress_runner.js:149934:9)\n    at throwErr (http://localhost:45915/__cypress/runner/cypress_runner.js:149867:11)\n    at Object.throwErrByPath (http://localhost:45915/__cypress/runner/cypress_runner.js:149915:3)\n    at retry (http://localhost:45915/__cypress/runner/cypress_runner.js:144197:19)\n    at onFailFn (http://localhost:45915/__cypress/runner/cypress_runner.js:132448:16)\n    at tryCatcher (http://localhost:45915/__cypress/runner/cypress_runner.js:167415:23)\n    at Promise._settlePromiseFromHandler (http://localhost:45915/__cypress/runner/cypress_runner.js:165351:31)\n    at Promise._settlePromise (http://localhost:45915/__cypress/runner/cypress_runner.js:165408:18)\n    at Promise._settlePromise0 (http://localhost:45915/__cypress/runner/cypress_runner.js:165453:10)\n    at Promise._settlePromises (http://localhost:45915/__cypress/runner/cypress_runner.js:165528:18)\n    at Async../node_modules/bluebird/js/release/async.js.Async._drainQueue (http://localhost:45915/__cypress/runner/cypress_runner.js:162140:16)\n    at Async../node_modules/bluebird/js/release/async.js.Async._drainQueues (http://localhost:45915/__cypress/runner/cypress_runner.js:162150:10)\n    at Async.drainQueues (http://localhost:45915/__cypress/runner/cypress_runner.js:162024:14)",
                "diff": null
              },
              "uuid": "dd1114f9-9508-411e-a36b-921fec262b0a",
              "parentUUID": "4fa6cc4c-811a-40ab-aa8d-3690e9d95672",
              "isHook": false,
              "skipped": false
            }
          ],
          "suites": [],
          "passes": [],
          "failures": [
            "ba1cd496-cbc8-44df-a29f-0da31877b855",
            "3d0f3633-f243-4600-a0b7-924050c493d0",
            "dd1114f9-9508-411e-a36b-921fec262b0a"
          ],
          "pending": [],
          "skipped": [],
          "duration": 12857,
          "root": false,
          "rootEmpty": false,
          "_timeout": 2000
        },
        {
          "uuid": "273bc8f2-1b1b-4fa4-94c2-964534051d35",
          "title": "12 - Faça com que as cores da paleta sejam geradas aleatoriamente ao carregar a página.",
          "fullFile": "",
          "file": "",
          "beforeHooks": [],
          "afterHooks": [],
          "tests": [
            {
              "title": "Verifica se as cores geradas na paleta são diferentes a cada carregamento da página",
              "fullTitle": "12 - Faça com que as cores da paleta sejam geradas aleatoriamente ao carregar a página. Verifica se as cores geradas na paleta são diferentes a cada carregamento da página",
              "timedOut": null,
              "duration": 352,
              "state": "failed",
              "speed": null,
              "pass": false,
              "fail": true,
              "pending": false,
              "context": null,
              "code": "cy.get('.color').then(function (colors) {\n  var currentColors;\n  var previousColors;\n  previousColors = Array.from(colors).map(function (color) {\n    return Cypress.$(color).css('background-color');\n  });\n  for (var i = 0; i < 5; i += 1) {\n    cy.reload();\n    cy.get('.color').then(function (colors) {\n      currentColors = Array.from(colors).map(function (color) {\n        return Cypress.$(color).css('background-color');\n      });\n      expect(currentColors).not.to.deep.equal(previousColors);\n      previousColors = currentColors;\n    });\n  }\n});",
              "err": {
                "message": "AssertionError: expected [ Array(4) ] to not deeply equal [ Array(4) ]",
                "estack": "AssertionError: expected [ Array(4) ] to not deeply equal [ Array(4) ]\n    at getRet (http://localhost:45915/__cypress/runner/cypress_runner.js:136585:16)\n    at tryCatcher (http://localhost:45915/__cypress/runner/cypress_runner.js:167415:23)\n    at Function.Promise.attempt.Promise.try (http://localhost:45915/__cypress/runner/cypress_runner.js:164690:29)\n    at Context.thenFn (http://localhost:45915/__cypress/runner/cypress_runner.js:136599:23)\n    at Context.then (http://localhost:45915/__cypress/runner/cypress_runner.js:136971:21)\n    at Context.<anonymous> (http://localhost:45915/__cypress/runner/cypress_runner.js:148875:21)\n    at http://localhost:45915/__cypress/runner/cypress_runner.js:148351:33\n    at tryCatcher (http://localhost:45915/__cypress/runner/cypress_runner.js:167415:23)\n    at Promise._settlePromiseFromHandler (http://localhost:45915/__cypress/runner/cypress_runner.js:165351:31)\n    at Promise._settlePromise (http://localhost:45915/__cypress/runner/cypress_runner.js:165408:18)\n    at Promise._settlePromiseCtx (http://localhost:45915/__cypress/runner/cypress_runner.js:165445:10)\n    at Async../node_modules/bluebird/js/release/async.js.Async._drainQueue (http://localhost:45915/__cypress/runner/cypress_runner.js:162145:12)\n    at Async../node_modules/bluebird/js/release/async.js.Async._drainQueues (http://localhost:45915/__cypress/runner/cypress_runner.js:162150:10)\n    at Async.drainQueues (http://localhost:45915/__cypress/runner/cypress_runner.js:162024:14)",
                "diff": ""
              },
              "uuid": "b2d9e11a-fdc0-4c89-b3f6-141238f15725",
              "parentUUID": "273bc8f2-1b1b-4fa4-94c2-964534051d35",
              "isHook": false,
              "skipped": false
            },
            {
              "title": "Verifica se a cor preta ainda está presente e é a primeira na sua paleta de cores",
              "fullTitle": "12 - Faça com que as cores da paleta sejam geradas aleatoriamente ao carregar a página. Verifica se a cor preta ainda está presente e é a primeira na sua paleta de cores",
              "timedOut": null,
              "duration": 345,
              "state": "failed",
              "speed": null,
              "pass": false,
              "fail": true,
              "pending": false,
              "context": null,
              "code": "cy.get('.color').then(function (colors) {\n  var currentColors;\n  var previousColors;\n  previousColors = Array.from(colors).map(function (color) {\n    return Cypress.$(color).css('background-color');\n  });\n  expect(previousColors[0]).to.eq(BLACK);\n  for (var i = 0; i < 5; i += 1) {\n    cy.reload();\n    cy.get('.color').then(function (colors) {\n      currentColors = Array.from(colors).map(function (color) {\n        return Cypress.$(color).css('background-color');\n      });\n      expect(currentColors[0]).to.eq(BLACK);\n      expect(currentColors).not.to.deep.equal(previousColors);\n      previousColors = currentColors;\n    });\n  }\n});",
              "err": {
                "message": "AssertionError: expected [ Array(4) ] to not deeply equal [ Array(4) ]",
                "estack": "AssertionError: expected [ Array(4) ] to not deeply equal [ Array(4) ]\n    at getRet (http://localhost:45915/__cypress/runner/cypress_runner.js:136585:16)\n    at tryCatcher (http://localhost:45915/__cypress/runner/cypress_runner.js:167415:23)\n    at Function.Promise.attempt.Promise.try (http://localhost:45915/__cypress/runner/cypress_runner.js:164690:29)\n    at Context.thenFn (http://localhost:45915/__cypress/runner/cypress_runner.js:136599:23)\n    at Context.then (http://localhost:45915/__cypress/runner/cypress_runner.js:136971:21)\n    at Context.<anonymous> (http://localhost:45915/__cypress/runner/cypress_runner.js:148875:21)\n    at http://localhost:45915/__cypress/runner/cypress_runner.js:148351:33\n    at tryCatcher (http://localhost:45915/__cypress/runner/cypress_runner.js:167415:23)\n    at Promise._settlePromiseFromHandler (http://localhost:45915/__cypress/runner/cypress_runner.js:165351:31)\n    at Promise._settlePromise (http://localhost:45915/__cypress/runner/cypress_runner.js:165408:18)\n    at Promise._settlePromiseCtx (http://localhost:45915/__cypress/runner/cypress_runner.js:165445:10)\n    at Async../node_modules/bluebird/js/release/async.js.Async._drainQueue (http://localhost:45915/__cypress/runner/cypress_runner.js:162145:12)\n    at Async../node_modules/bluebird/js/release/async.js.Async._drainQueues (http://localhost:45915/__cypress/runner/cypress_runner.js:162150:10)\n    at Async.drainQueues (http://localhost:45915/__cypress/runner/cypress_runner.js:162024:14)",
                "diff": ""
              },
              "uuid": "3b747067-3826-4d51-9da3-dbb776b2d495",
              "parentUUID": "273bc8f2-1b1b-4fa4-94c2-964534051d35",
              "isHook": false,
              "skipped": false
            }
          ],
          "suites": [],
          "passes": [],
          "failures": [
            "b2d9e11a-fdc0-4c89-b3f6-141238f15725",
            "3b747067-3826-4d51-9da3-dbb776b2d495"
          ],
          "pending": [],
          "skipped": [],
          "duration": 697,
          "root": false,
          "rootEmpty": false,
          "_timeout": 2000
        }
      ],
      "passes": [],
      "failures": [],
      "pending": [],
      "skipped": [],
      "duration": 0,
      "root": true,
      "rootEmpty": true,
      "_timeout": 2000
    }
  ],
  "meta": {
    "mocha": {
      "version": "7.0.1"
    },
    "mochawesome": {
      "options": {
        "quiet": false,
        "reportFilename": "mochawesome",
        "saveHtml": false,
        "saveJson": true,
        "consoleReporter": "spec",
        "useInlineDiffs": false
      },
      "version": "4.1.0"
    },
    "marge": {
      "options": {
        "id": "default",
        "reportDir": "cypress/reports",
        "overwrite": true,
        "html": false,
        "json": true
      },
      "version": "4.1.0"
    }
  }
}