{
  "stats": {
    "suites": 12,
    "tests": 41,
    "passes": 8,
    "pending": 0,
    "failures": 33,
    "start": "2021-09-10T19:22:45.514Z",
    "end": "2021-09-10T19:25:01.758Z",
    "duration": 136244,
    "testsRegistered": 41,
    "passPercent": 19.51219512195122,
    "pendingPercent": 0,
    "other": 0,
    "hasOther": false,
    "skipped": 0,
    "hasSkipped": false
  },
  "results": [
    {
      "uuid": "3be72c22-319a-447e-b6fc-663781a6854e",
      "title": "",
      "fullFile": "cypress/integration/project.spec.js",
      "file": "cypress/integration/project.spec.js",
      "beforeHooks": [],
      "afterHooks": [],
      "tests": [],
      "suites": [
        {
          "uuid": "ac9efc84-3c46-4487-9069-d1a9d947f433",
          "title": "1 - Adicione à página o título \"Paleta de Cores\".",
          "fullFile": "",
          "file": "",
          "beforeHooks": [],
          "afterHooks": [],
          "tests": [
            {
              "title": "Verifica se contém um elemento `h1` com o id `title` com o título correto",
              "fullTitle": "1 - Adicione à página o título \"Paleta de Cores\". Verifica se contém um elemento `h1` com o id `title` com o título correto",
              "timedOut": null,
              "duration": 170,
              "state": "passed",
              "speed": "slow",
              "pass": true,
              "fail": false,
              "pending": false,
              "context": null,
              "code": "cy.get('h1#title').should('contain.text', 'Paleta de Cores');",
              "err": {},
              "uuid": "4feec1fe-228e-499b-b0d1-4b048ddfd768",
              "parentUUID": "ac9efc84-3c46-4487-9069-d1a9d947f433",
              "isHook": false,
              "skipped": false
            }
          ],
          "suites": [],
          "passes": [
            "4feec1fe-228e-499b-b0d1-4b048ddfd768"
          ],
          "failures": [],
          "pending": [],
          "skipped": [],
          "duration": 170,
          "root": false,
          "rootEmpty": false,
          "_timeout": 2000
        },
        {
          "uuid": "e96f0520-b00b-4471-8408-7867e33ac8c9",
          "title": "2 - Adicione à página uma paleta de quatro cores distintas.",
          "fullFile": "",
          "file": "",
          "beforeHooks": [],
          "afterHooks": [],
          "tests": [
            {
              "title": "A paleta de cores deve ser um elemento com `id` denominado `color-palette`",
              "fullTitle": "2 - Adicione à página uma paleta de quatro cores distintas. A paleta de cores deve ser um elemento com `id` denominado `color-palette`",
              "timedOut": null,
              "duration": 128,
              "state": "passed",
              "speed": "slow",
              "pass": true,
              "fail": false,
              "pending": false,
              "context": null,
              "code": "cy.get('#color-palette').should('be.visible');\ncy.get('#color-palette').children('.color');",
              "err": {},
              "uuid": "d514449d-e205-4380-8b5b-fc585f8320c3",
              "parentUUID": "e96f0520-b00b-4471-8408-7867e33ac8c9",
              "isHook": false,
              "skipped": false
            },
            {
              "title": "Verifica se cada cor individual da paleta de cores possui a `classe` chamada `color`.",
              "fullTitle": "2 - Adicione à página uma paleta de quatro cores distintas. Verifica se cada cor individual da paleta de cores possui a `classe` chamada `color`.",
              "timedOut": null,
              "duration": 184,
              "state": "passed",
              "speed": "slow",
              "pass": true,
              "fail": false,
              "pending": false,
              "context": null,
              "code": "cy.get('.color').should('have.length', 4).then(function (colors) {\n  for (var i = 0; i < colors.length; i++) {\n    cy.wrap(colors[i]).should('be.visible');\n  }\n});",
              "err": {},
              "uuid": "8d442ee2-5d91-4f05-b350-887307ff85df",
              "parentUUID": "e96f0520-b00b-4471-8408-7867e33ac8c9",
              "isHook": false,
              "skipped": false
            },
            {
              "title": "Verifica se a cor de fundo de cada elemento da paleta é a cor que o elemento representa. **A única cor não permitida na paleta é a cor branca.**",
              "fullTitle": "2 - Adicione à página uma paleta de quatro cores distintas. Verifica se a cor de fundo de cada elemento da paleta é a cor que o elemento representa. **A única cor não permitida na paleta é a cor branca.**",
              "timedOut": null,
              "duration": 154,
              "state": "passed",
              "speed": "slow",
              "pass": true,
              "fail": false,
              "pending": false,
              "context": null,
              "code": "cy.get('.color').each(function (color) {\n  cy.wrap(color).should('have.class', 'color').and('not.have.css', 'background-color', WHITE);\n  cy.wrap(color).should('have.css', 'background-color');\n});",
              "err": {},
              "uuid": "5a659ff1-7d76-455b-bfc5-7c31582d85f2",
              "parentUUID": "e96f0520-b00b-4471-8408-7867e33ac8c9",
              "isHook": false,
              "skipped": false
            },
            {
              "title": "Verifica se cada elemento da paleta de cores tem uma borda preta, sólida e com 1 pixel de largura;",
              "fullTitle": "2 - Adicione à página uma paleta de quatro cores distintas. Verifica se cada elemento da paleta de cores tem uma borda preta, sólida e com 1 pixel de largura;",
              "timedOut": null,
              "duration": 142,
              "state": "passed",
              "speed": "slow",
              "pass": true,
              "fail": false,
              "pending": false,
              "context": null,
              "code": "cy.get('.color').each(function (color) {\n  cy.wrap(color).and('have.css', 'border', \"1px solid \".concat(BLACK)).and('have.class', 'color');\n});",
              "err": {},
              "uuid": "278dc586-fdd2-4900-8fb0-203f3833ea5e",
              "parentUUID": "e96f0520-b00b-4471-8408-7867e33ac8c9",
              "isHook": false,
              "skipped": false
            },
            {
              "title": "Verifica se a paleta lista todas as cores disponíveis para utilização, lado a lado.",
              "fullTitle": "2 - Adicione à página uma paleta de quatro cores distintas. Verifica se a paleta lista todas as cores disponíveis para utilização, lado a lado.",
              "timedOut": null,
              "duration": 164,
              "state": "passed",
              "speed": "slow",
              "pass": true,
              "fail": false,
              "pending": false,
              "context": null,
              "code": "cy.get('.color').then(function (colors) {\n  for (var index = 1; index < colors.length; index += 1) {\n    var currentColor = colors[index];\n    var previousColor = colors[index - 1];\n    cy.wrap(currentColor).should('be.onTheRightOf', previousColor).and('be.horizontallyAlignedWith', previousColor);\n  }\n});",
              "err": {},
              "uuid": "8c759143-cffb-472b-874e-5e79e4cac0bf",
              "parentUUID": "e96f0520-b00b-4471-8408-7867e33ac8c9",
              "isHook": false,
              "skipped": false
            },
            {
              "title": "Verifica se a paleta de cores está posicionada abaixo do título 'Paleta de Cores'",
              "fullTitle": "2 - Adicione à página uma paleta de quatro cores distintas. Verifica se a paleta de cores está posicionada abaixo do título 'Paleta de Cores'",
              "timedOut": null,
              "duration": 107,
              "state": "passed",
              "speed": "slow",
              "pass": true,
              "fail": false,
              "pending": false,
              "context": null,
              "code": "cy.get('h1#title').then(function (title) {\n  cy.get('#color-palette').should('be.belowOf', title);\n});",
              "err": {},
              "uuid": "56ddc768-34ec-4beb-924a-6f6c35f4cec1",
              "parentUUID": "e96f0520-b00b-4471-8408-7867e33ac8c9",
              "isHook": false,
              "skipped": false
            },
            {
              "title": "Verifica se a paleta de cores não contém cores repetidas.",
              "fullTitle": "2 - Adicione à página uma paleta de quatro cores distintas. Verifica se a paleta de cores não contém cores repetidas.",
              "timedOut": null,
              "duration": 483,
              "state": "failed",
              "speed": null,
              "pass": false,
              "fail": true,
              "pending": false,
              "context": null,
              "code": "cy.get('.color').then(function (colors) {\n  var allColors = Array.from(colors).map(function (color) {\n    return Cypress.$(color).css('background-color');\n  });\n  cy.log(allColors);\n  var uniqColors = (0, _toConsumableArray2[\"default\"])(new Set(allColors));\n  cy.log(uniqColors);\n  expect(allColors.length).to.eq(uniqColors.length);\n});",
              "err": {
                "message": "AssertionError: expected 4 to equal 1",
                "estack": "AssertionError: expected 4 to equal 1\n    at getRet (http://localhost:51907/__cypress/runner/cypress_runner.js:136585:16)\n    at tryCatcher (http://localhost:51907/__cypress/runner/cypress_runner.js:167415:23)\n    at Function.Promise.attempt.Promise.try (http://localhost:51907/__cypress/runner/cypress_runner.js:164690:29)\n    at Context.thenFn (http://localhost:51907/__cypress/runner/cypress_runner.js:136599:23)\n    at Context.then (http://localhost:51907/__cypress/runner/cypress_runner.js:136971:21)\n    at Context.<anonymous> (http://localhost:51907/__cypress/runner/cypress_runner.js:148875:21)\n    at http://localhost:51907/__cypress/runner/cypress_runner.js:148351:33\n    at tryCatcher (http://localhost:51907/__cypress/runner/cypress_runner.js:167415:23)\n    at Promise._settlePromiseFromHandler (http://localhost:51907/__cypress/runner/cypress_runner.js:165351:31)\n    at Promise._settlePromise (http://localhost:51907/__cypress/runner/cypress_runner.js:165408:18)\n    at Promise._settlePromiseCtx (http://localhost:51907/__cypress/runner/cypress_runner.js:165445:10)\n    at Async../node_modules/bluebird/js/release/async.js.Async._drainQueue (http://localhost:51907/__cypress/runner/cypress_runner.js:162145:12)\n    at Async../node_modules/bluebird/js/release/async.js.Async._drainQueues (http://localhost:51907/__cypress/runner/cypress_runner.js:162150:10)\n    at Async.drainQueues (http://localhost:51907/__cypress/runner/cypress_runner.js:162024:14)",
                "diff": "- 4\n+ 1\n"
              },
              "uuid": "50a9b34e-e435-4766-b054-ff8681b4a653",
              "parentUUID": "e96f0520-b00b-4471-8408-7867e33ac8c9",
              "isHook": false,
              "skipped": false
            }
          ],
          "suites": [],
          "passes": [
            "d514449d-e205-4380-8b5b-fc585f8320c3",
            "8d442ee2-5d91-4f05-b350-887307ff85df",
            "5a659ff1-7d76-455b-bfc5-7c31582d85f2",
            "278dc586-fdd2-4900-8fb0-203f3833ea5e",
            "8c759143-cffb-472b-874e-5e79e4cac0bf",
            "56ddc768-34ec-4beb-924a-6f6c35f4cec1"
          ],
          "failures": [
            "50a9b34e-e435-4766-b054-ff8681b4a653"
          ],
          "pending": [],
          "skipped": [],
          "duration": 1362,
          "root": false,
          "rootEmpty": false,
          "_timeout": 2000
        },
        {
          "uuid": "8f88ddea-3a7a-4a50-982f-09fe5daae0b1",
          "title": "3 - Adicione a cor **preta** como a primeira cor da paleta de cores.",
          "fullFile": "",
          "file": "",
          "beforeHooks": [],
          "afterHooks": [],
          "tests": [
            {
              "title": "Verifica se a primeira cor da paleta é preta",
              "fullTitle": "3 - Adicione a cor **preta** como a primeira cor da paleta de cores. Verifica se a primeira cor da paleta é preta",
              "timedOut": null,
              "duration": 4378,
              "state": "failed",
              "speed": null,
              "pass": false,
              "fail": true,
              "pending": false,
              "context": null,
              "code": "cy.get('.color').first().should('have.css', 'background-color', BLACK);",
              "err": {
                "message": "CypressError: Timed out retrying: expected '<div.color>' to have CSS property 'background-color' with the value 'rgb(0, 0, 0)', but the value was 'rgba(0, 0, 0, 0)'",
                "estack": "CypressError: Timed out retrying: expected '<div.color>' to have CSS property 'background-color' with the value 'rgb(0, 0, 0)', but the value was 'rgba(0, 0, 0, 0)'\n    at cypressErr (http://localhost:51907/__cypress/runner/cypress_runner.js:149934:9)\n    at throwErr (http://localhost:51907/__cypress/runner/cypress_runner.js:149867:11)\n    at Object.throwErrByPath (http://localhost:51907/__cypress/runner/cypress_runner.js:149915:3)\n    at retry (http://localhost:51907/__cypress/runner/cypress_runner.js:144197:19)\n    at onFailFn (http://localhost:51907/__cypress/runner/cypress_runner.js:132448:16)\n    at tryCatcher (http://localhost:51907/__cypress/runner/cypress_runner.js:167415:23)\n    at Promise._settlePromiseFromHandler (http://localhost:51907/__cypress/runner/cypress_runner.js:165351:31)\n    at Promise._settlePromise (http://localhost:51907/__cypress/runner/cypress_runner.js:165408:18)\n    at Promise._settlePromise0 (http://localhost:51907/__cypress/runner/cypress_runner.js:165453:10)\n    at Promise._settlePromises (http://localhost:51907/__cypress/runner/cypress_runner.js:165528:18)\n    at Async../node_modules/bluebird/js/release/async.js.Async._drainQueue (http://localhost:51907/__cypress/runner/cypress_runner.js:162140:16)\n    at Async../node_modules/bluebird/js/release/async.js.Async._drainQueues (http://localhost:51907/__cypress/runner/cypress_runner.js:162150:10)\n    at Async.drainQueues (http://localhost:51907/__cypress/runner/cypress_runner.js:162024:14)",
                "diff": null
              },
              "uuid": "a7059127-0ad0-4669-86ff-2b89a134b4d0",
              "parentUUID": "8f88ddea-3a7a-4a50-982f-09fe5daae0b1",
              "isHook": false,
              "skipped": false
            },
            {
              "title": "Verifica se as demais cores podem ser escolhidas livremente.",
              "fullTitle": "3 - Adicione a cor **preta** como a primeira cor da paleta de cores. Verifica se as demais cores podem ser escolhidas livremente.",
              "timedOut": null,
              "duration": 4519,
              "state": "failed",
              "speed": null,
              "pass": false,
              "fail": true,
              "pending": false,
              "context": null,
              "code": "cy.get('.color').eq(1).should('not.have.css', 'background-color', BLACK);\ncy.get('.color').eq(1).should('not.have.css', 'background-color', WHITE);\ncy.get('.color').eq(1).should('not.have.css', 'background-color', 'rgba(0, 0, 0, 0)');\ncy.get('.color').eq(1).should('have.css', 'background-color');\ncy.get('.color').eq(2).should('not.have.css', 'background-color', BLACK);\ncy.get('.color').eq(2).should('not.have.css', 'background-color', WHITE);\ncy.get('.color').eq(2).should('not.have.css', 'background-color', 'rgba(0, 0, 0, 0)');\ncy.get('.color').eq(2).should('have.css', 'background-color');\ncy.get('.color').eq(3).should('not.have.css', 'background-color', BLACK);\ncy.get('.color').eq(3).should('not.have.css', 'background-color', WHITE);\ncy.get('.color').eq(3).should('not.have.css', 'background-color', 'rgba(0, 0, 0, 0)');\ncy.get('.color').eq(3).should('have.css', 'background-color');",
              "err": {
                "message": "CypressError: Timed out retrying: expected '<div.color>' not to have CSS property 'background-color' with the value 'rgba(0, 0, 0, 0)', but the value was 'rgba(0, 0, 0, 0)'",
                "estack": "CypressError: Timed out retrying: expected '<div.color>' not to have CSS property 'background-color' with the value 'rgba(0, 0, 0, 0)', but the value was 'rgba(0, 0, 0, 0)'\n    at cypressErr (http://localhost:51907/__cypress/runner/cypress_runner.js:149934:9)\n    at throwErr (http://localhost:51907/__cypress/runner/cypress_runner.js:149867:11)\n    at Object.throwErrByPath (http://localhost:51907/__cypress/runner/cypress_runner.js:149915:3)\n    at retry (http://localhost:51907/__cypress/runner/cypress_runner.js:144197:19)\n    at onFailFn (http://localhost:51907/__cypress/runner/cypress_runner.js:132448:16)\n    at tryCatcher (http://localhost:51907/__cypress/runner/cypress_runner.js:167415:23)\n    at Promise._settlePromiseFromHandler (http://localhost:51907/__cypress/runner/cypress_runner.js:165351:31)\n    at Promise._settlePromise (http://localhost:51907/__cypress/runner/cypress_runner.js:165408:18)\n    at Promise._settlePromise0 (http://localhost:51907/__cypress/runner/cypress_runner.js:165453:10)\n    at Promise._settlePromises (http://localhost:51907/__cypress/runner/cypress_runner.js:165528:18)\n    at Async../node_modules/bluebird/js/release/async.js.Async._drainQueue (http://localhost:51907/__cypress/runner/cypress_runner.js:162140:16)\n    at Async../node_modules/bluebird/js/release/async.js.Async._drainQueues (http://localhost:51907/__cypress/runner/cypress_runner.js:162150:10)\n    at Async.drainQueues (http://localhost:51907/__cypress/runner/cypress_runner.js:162024:14)",
                "diff": null
              },
              "uuid": "46d8f007-c8de-4f2c-98d8-fc269ff94bd3",
              "parentUUID": "8f88ddea-3a7a-4a50-982f-09fe5daae0b1",
              "isHook": false,
              "skipped": false
            }
          ],
          "suites": [],
          "passes": [],
          "failures": [
            "a7059127-0ad0-4669-86ff-2b89a134b4d0",
            "46d8f007-c8de-4f2c-98d8-fc269ff94bd3"
          ],
          "pending": [],
          "skipped": [],
          "duration": 8897,
          "root": false,
          "rootEmpty": false,
          "_timeout": 2000
        },
        {
          "uuid": "9dbe13e8-b30e-42d8-9766-4315f8ac2dea",
          "title": "4 - Adicione à página um quadro de pixels, com 25 pixels.",
          "fullFile": "",
          "file": "",
          "beforeHooks": [],
          "afterHooks": [],
          "tests": [
            {
              "title": "Verifica se o quadro de pixels possui o `id` denominado `pixel-board`",
              "fullTitle": "4 - Adicione à página um quadro de pixels, com 25 pixels. Verifica se o quadro de pixels possui o `id` denominado `pixel-board`",
              "timedOut": null,
              "duration": 4504,
              "state": "failed",
              "speed": null,
              "pass": false,
              "fail": true,
              "pending": false,
              "context": null,
              "code": "cy.get('#pixel-board').should('be.visible');",
              "err": {
                "message": "CypressError: Timed out retrying: Expected to find element: '#pixel-board', but never found it.",
                "estack": "CypressError: Timed out retrying: Expected to find element: '#pixel-board', but never found it.\n    at cypressErr (http://localhost:51907/__cypress/runner/cypress_runner.js:149934:9)\n    at throwErr (http://localhost:51907/__cypress/runner/cypress_runner.js:149867:11)\n    at Object.throwErrByPath (http://localhost:51907/__cypress/runner/cypress_runner.js:149915:3)\n    at retry (http://localhost:51907/__cypress/runner/cypress_runner.js:144197:19)\n    at onFailFn (http://localhost:51907/__cypress/runner/cypress_runner.js:132448:16)\n    at tryCatcher (http://localhost:51907/__cypress/runner/cypress_runner.js:167415:23)\n    at Promise._settlePromiseFromHandler (http://localhost:51907/__cypress/runner/cypress_runner.js:165351:31)\n    at Promise._settlePromise (http://localhost:51907/__cypress/runner/cypress_runner.js:165408:18)\n    at Promise._settlePromise0 (http://localhost:51907/__cypress/runner/cypress_runner.js:165453:10)\n    at Promise._settlePromises (http://localhost:51907/__cypress/runner/cypress_runner.js:165528:18)\n    at Async../node_modules/bluebird/js/release/async.js.Async._drainQueue (http://localhost:51907/__cypress/runner/cypress_runner.js:162140:16)\n    at Async../node_modules/bluebird/js/release/async.js.Async._drainQueues (http://localhost:51907/__cypress/runner/cypress_runner.js:162150:10)\n    at Async.drainQueues (http://localhost:51907/__cypress/runner/cypress_runner.js:162024:14)",
                "diff": null
              },
              "uuid": "cf203ae6-f71b-449b-97c7-c674fe7c33f0",
              "parentUUID": "9dbe13e8-b30e-42d8-9766-4315f8ac2dea",
              "isHook": false,
              "skipped": false
            },
            {
              "title": "Verifica se cada pixel individual dentro do quadro possui a `classe` denominada `pixel`.",
              "fullTitle": "4 - Adicione à página um quadro de pixels, com 25 pixels. Verifica se cada pixel individual dentro do quadro possui a `classe` denominada `pixel`.",
              "timedOut": null,
              "duration": 4497,
              "state": "failed",
              "speed": null,
              "pass": false,
              "fail": true,
              "pending": false,
              "context": null,
              "code": "cy.get('.pixel').should('have.length', 25);",
              "err": {
                "message": "CypressError: Timed out retrying: Expected to find element: '.pixel', but never found it.",
                "estack": "CypressError: Timed out retrying: Expected to find element: '.pixel', but never found it.\n    at cypressErr (http://localhost:51907/__cypress/runner/cypress_runner.js:149934:9)\n    at throwErr (http://localhost:51907/__cypress/runner/cypress_runner.js:149867:11)\n    at Object.throwErrByPath (http://localhost:51907/__cypress/runner/cypress_runner.js:149915:3)\n    at retry (http://localhost:51907/__cypress/runner/cypress_runner.js:144197:19)\n    at onFailFn (http://localhost:51907/__cypress/runner/cypress_runner.js:132448:16)\n    at tryCatcher (http://localhost:51907/__cypress/runner/cypress_runner.js:167415:23)\n    at Promise._settlePromiseFromHandler (http://localhost:51907/__cypress/runner/cypress_runner.js:165351:31)\n    at Promise._settlePromise (http://localhost:51907/__cypress/runner/cypress_runner.js:165408:18)\n    at Promise._settlePromise0 (http://localhost:51907/__cypress/runner/cypress_runner.js:165453:10)\n    at Promise._settlePromises (http://localhost:51907/__cypress/runner/cypress_runner.js:165528:18)\n    at Async../node_modules/bluebird/js/release/async.js.Async._drainQueue (http://localhost:51907/__cypress/runner/cypress_runner.js:162140:16)\n    at Async../node_modules/bluebird/js/release/async.js.Async._drainQueues (http://localhost:51907/__cypress/runner/cypress_runner.js:162150:10)\n    at Async.drainQueues (http://localhost:51907/__cypress/runner/cypress_runner.js:162024:14)",
                "diff": null
              },
              "uuid": "b690e3d7-086a-4c41-9492-887ca8ca8b07",
              "parentUUID": "9dbe13e8-b30e-42d8-9766-4315f8ac2dea",
              "isHook": false,
              "skipped": false
            },
            {
              "title": "Verifica se a cor inicial dos pixels dentro do quadro, ao abrir a página, é branca.",
              "fullTitle": "4 - Adicione à página um quadro de pixels, com 25 pixels. Verifica se a cor inicial dos pixels dentro do quadro, ao abrir a página, é branca.",
              "timedOut": null,
              "duration": 4451,
              "state": "failed",
              "speed": null,
              "pass": false,
              "fail": true,
              "pending": false,
              "context": null,
              "code": "cy.get('.pixel').should('have.length', 25).each(function (pixel) {\n  expect(pixel).to.have.css('background-color', WHITE);\n});",
              "err": {
                "message": "CypressError: Timed out retrying: Expected to find element: '.pixel', but never found it.",
                "estack": "CypressError: Timed out retrying: Expected to find element: '.pixel', but never found it.\n    at cypressErr (http://localhost:51907/__cypress/runner/cypress_runner.js:149934:9)\n    at throwErr (http://localhost:51907/__cypress/runner/cypress_runner.js:149867:11)\n    at Object.throwErrByPath (http://localhost:51907/__cypress/runner/cypress_runner.js:149915:3)\n    at retry (http://localhost:51907/__cypress/runner/cypress_runner.js:144197:19)\n    at onFailFn (http://localhost:51907/__cypress/runner/cypress_runner.js:132448:16)\n    at tryCatcher (http://localhost:51907/__cypress/runner/cypress_runner.js:167415:23)\n    at Promise._settlePromiseFromHandler (http://localhost:51907/__cypress/runner/cypress_runner.js:165351:31)\n    at Promise._settlePromise (http://localhost:51907/__cypress/runner/cypress_runner.js:165408:18)\n    at Promise._settlePromise0 (http://localhost:51907/__cypress/runner/cypress_runner.js:165453:10)\n    at Promise._settlePromises (http://localhost:51907/__cypress/runner/cypress_runner.js:165528:18)\n    at Async../node_modules/bluebird/js/release/async.js.Async._drainQueue (http://localhost:51907/__cypress/runner/cypress_runner.js:162140:16)\n    at Async../node_modules/bluebird/js/release/async.js.Async._drainQueues (http://localhost:51907/__cypress/runner/cypress_runner.js:162150:10)\n    at Async.drainQueues (http://localhost:51907/__cypress/runner/cypress_runner.js:162024:14)",
                "diff": null
              },
              "uuid": "b4150475-bf68-4854-a2de-d377e2729774",
              "parentUUID": "9dbe13e8-b30e-42d8-9766-4315f8ac2dea",
              "isHook": false,
              "skipped": false
            },
            {
              "title": "Verifica se o quadro de pixels aparece abaixo da paleta de cores",
              "fullTitle": "4 - Adicione à página um quadro de pixels, com 25 pixels. Verifica se o quadro de pixels aparece abaixo da paleta de cores",
              "timedOut": null,
              "duration": 4458,
              "state": "failed",
              "speed": null,
              "pass": false,
              "fail": true,
              "pending": false,
              "context": null,
              "code": "cy.get('#color-palette').then(function (palette) {\n  cy.get('#pixel-board').should('be.belowOf', palette);\n});",
              "err": {
                "message": "CypressError: Timed out retrying: Expected to find element: '#pixel-board', but never found it.",
                "estack": "CypressError: Timed out retrying: Expected to find element: '#pixel-board', but never found it.\n    at cypressErr (http://localhost:51907/__cypress/runner/cypress_runner.js:149934:9)\n    at throwErr (http://localhost:51907/__cypress/runner/cypress_runner.js:149867:11)\n    at Object.throwErrByPath (http://localhost:51907/__cypress/runner/cypress_runner.js:149915:3)\n    at retry (http://localhost:51907/__cypress/runner/cypress_runner.js:144197:19)\n    at onFailFn (http://localhost:51907/__cypress/runner/cypress_runner.js:132448:16)\n    at tryCatcher (http://localhost:51907/__cypress/runner/cypress_runner.js:167415:23)\n    at Promise._settlePromiseFromHandler (http://localhost:51907/__cypress/runner/cypress_runner.js:165351:31)\n    at Promise._settlePromise (http://localhost:51907/__cypress/runner/cypress_runner.js:165408:18)\n    at Promise._settlePromise0 (http://localhost:51907/__cypress/runner/cypress_runner.js:165453:10)\n    at Promise._settlePromises (http://localhost:51907/__cypress/runner/cypress_runner.js:165528:18)\n    at Async../node_modules/bluebird/js/release/async.js.Async._drainQueue (http://localhost:51907/__cypress/runner/cypress_runner.js:162140:16)\n    at Async../node_modules/bluebird/js/release/async.js.Async._drainQueues (http://localhost:51907/__cypress/runner/cypress_runner.js:162150:10)\n    at Async.drainQueues (http://localhost:51907/__cypress/runner/cypress_runner.js:162024:14)",
                "diff": null
              },
              "uuid": "62e5c979-2f8f-49c4-a2e3-34d442e8fdc8",
              "parentUUID": "9dbe13e8-b30e-42d8-9766-4315f8ac2dea",
              "isHook": false,
              "skipped": false
            }
          ],
          "suites": [],
          "passes": [],
          "failures": [
            "cf203ae6-f71b-449b-97c7-c674fe7c33f0",
            "b690e3d7-086a-4c41-9492-887ca8ca8b07",
            "b4150475-bf68-4854-a2de-d377e2729774",
            "62e5c979-2f8f-49c4-a2e3-34d442e8fdc8"
          ],
          "pending": [],
          "skipped": [],
          "duration": 17910,
          "root": false,
          "rootEmpty": false,
          "_timeout": 2000
        },
        {
          "uuid": "fb2b653c-7168-4561-968b-1cefe91be3e5",
          "title": "5 - Faça com que cada elemento do quadro de pixels possua 40 pixels de largura, 40 pixels de altura e seja delimitado por uma borda preta de 1 pixel.",
          "fullFile": "",
          "file": "",
          "beforeHooks": [],
          "afterHooks": [],
          "tests": [
            {
              "title": "Verifica se o quadro de pixels tem altura e comprimento de 5 elementos",
              "fullTitle": "5 - Faça com que cada elemento do quadro de pixels possua 40 pixels de largura, 40 pixels de altura e seja delimitado por uma borda preta de 1 pixel. Verifica se o quadro de pixels tem altura e comprimento de 5 elementos",
              "timedOut": null,
              "duration": 4471,
              "state": "failed",
              "speed": null,
              "pass": false,
              "fail": true,
              "pending": false,
              "context": null,
              "code": "cy.get('.pixel').should('have.length', 25).each(function (pixel) {\n  expect(pixel).to.have.css('background-color', WHITE);\n}).and(function (pixels) {\n  var rows = chunk(pixels, 5);\n  rows.forEach(function (row) {\n    for (var index = 1; index < row.length; index += 1) {\n      var current = pixels[index];\n      var previous = pixels[index - 1];\n      cy.wrap(current).should('be.onTheRightOf', previous).and('be.horizontallyAlignedWith', previous);\n    }\n  });\n  for (var index = 1; index < 5; index += 1) {\n    expect(pixels[index * 5]).to.be.belowOf(pixels[(index - 1) * 5]);\n  }\n});",
              "err": {
                "message": "CypressError: Timed out retrying: Expected to find element: '.pixel', but never found it.",
                "estack": "CypressError: Timed out retrying: Expected to find element: '.pixel', but never found it.\n    at cypressErr (http://localhost:51907/__cypress/runner/cypress_runner.js:149934:9)\n    at throwErr (http://localhost:51907/__cypress/runner/cypress_runner.js:149867:11)\n    at Object.throwErrByPath (http://localhost:51907/__cypress/runner/cypress_runner.js:149915:3)\n    at retry (http://localhost:51907/__cypress/runner/cypress_runner.js:144197:19)\n    at onFailFn (http://localhost:51907/__cypress/runner/cypress_runner.js:132448:16)\n    at tryCatcher (http://localhost:51907/__cypress/runner/cypress_runner.js:167415:23)\n    at Promise._settlePromiseFromHandler (http://localhost:51907/__cypress/runner/cypress_runner.js:165351:31)\n    at Promise._settlePromise (http://localhost:51907/__cypress/runner/cypress_runner.js:165408:18)\n    at Promise._settlePromise0 (http://localhost:51907/__cypress/runner/cypress_runner.js:165453:10)\n    at Promise._settlePromises (http://localhost:51907/__cypress/runner/cypress_runner.js:165528:18)\n    at Async../node_modules/bluebird/js/release/async.js.Async._drainQueue (http://localhost:51907/__cypress/runner/cypress_runner.js:162140:16)\n    at Async../node_modules/bluebird/js/release/async.js.Async._drainQueues (http://localhost:51907/__cypress/runner/cypress_runner.js:162150:10)\n    at Async.drainQueues (http://localhost:51907/__cypress/runner/cypress_runner.js:162024:14)",
                "diff": null
              },
              "uuid": "ece4f860-0659-45bf-add0-d53303b68c23",
              "parentUUID": "fb2b653c-7168-4561-968b-1cefe91be3e5",
              "isHook": false,
              "skipped": false
            },
            {
              "title": "Verifica se 40 pixels é o tamanho total do elemento, incluindo seu conteúdo e excluindo a borda preta, que deve ser criada à parte.",
              "fullTitle": "5 - Faça com que cada elemento do quadro de pixels possua 40 pixels de largura, 40 pixels de altura e seja delimitado por uma borda preta de 1 pixel. Verifica se 40 pixels é o tamanho total do elemento, incluindo seu conteúdo e excluindo a borda preta, que deve ser criada à parte.",
              "timedOut": null,
              "duration": 4469,
              "state": "failed",
              "speed": null,
              "pass": false,
              "fail": true,
              "pending": false,
              "context": null,
              "code": "cy.get('.pixel').each(function (pixel) {\n  cy.wrap(pixel).should('have.css', 'height', '40px').and('have.css', 'width', '40px').and('have.css', 'border', \"1px solid \".concat(BLACK));\n});",
              "err": {
                "message": "CypressError: Timed out retrying: Expected to find element: '.pixel', but never found it.",
                "estack": "CypressError: Timed out retrying: Expected to find element: '.pixel', but never found it.\n    at cypressErr (http://localhost:51907/__cypress/runner/cypress_runner.js:149934:9)\n    at throwErr (http://localhost:51907/__cypress/runner/cypress_runner.js:149867:11)\n    at Object.throwErrByPath (http://localhost:51907/__cypress/runner/cypress_runner.js:149915:3)\n    at retry (http://localhost:51907/__cypress/runner/cypress_runner.js:144197:19)\n    at onFailFn (http://localhost:51907/__cypress/runner/cypress_runner.js:132448:16)\n    at tryCatcher (http://localhost:51907/__cypress/runner/cypress_runner.js:167415:23)\n    at Promise._settlePromiseFromHandler (http://localhost:51907/__cypress/runner/cypress_runner.js:165351:31)\n    at Promise._settlePromise (http://localhost:51907/__cypress/runner/cypress_runner.js:165408:18)\n    at Promise._settlePromise0 (http://localhost:51907/__cypress/runner/cypress_runner.js:165453:10)\n    at Promise._settlePromises (http://localhost:51907/__cypress/runner/cypress_runner.js:165528:18)\n    at Async../node_modules/bluebird/js/release/async.js.Async._drainQueue (http://localhost:51907/__cypress/runner/cypress_runner.js:162140:16)\n    at Async../node_modules/bluebird/js/release/async.js.Async._drainQueues (http://localhost:51907/__cypress/runner/cypress_runner.js:162150:10)\n    at Async.drainQueues (http://localhost:51907/__cypress/runner/cypress_runner.js:162024:14)",
                "diff": null
              },
              "uuid": "c9b8bae8-8eec-408c-95ef-cbc7b232beb0",
              "parentUUID": "fb2b653c-7168-4561-968b-1cefe91be3e5",
              "isHook": false,
              "skipped": false
            }
          ],
          "suites": [],
          "passes": [],
          "failures": [
            "ece4f860-0659-45bf-add0-d53303b68c23",
            "c9b8bae8-8eec-408c-95ef-cbc7b232beb0"
          ],
          "pending": [],
          "skipped": [],
          "duration": 8940,
          "root": false,
          "rootEmpty": false,
          "_timeout": 2000
        },
        {
          "uuid": "9e47216a-0c71-4eec-b936-3265e1617d35",
          "title": "6 - Defina a cor preta como cor inicial. Ao carregar a página a cor preta já deve estar selecionada para pintar os pixels",
          "fullFile": "",
          "file": "",
          "beforeHooks": [],
          "afterHooks": [],
          "tests": [
            {
              "title": "Verifica se o elemento da cor preta possui, inicialmente, a `classe` `selected`",
              "fullTitle": "6 - Defina a cor preta como cor inicial. Ao carregar a página a cor preta já deve estar selecionada para pintar os pixels Verifica se o elemento da cor preta possui, inicialmente, a `classe` `selected`",
              "timedOut": null,
              "duration": 4482,
              "state": "failed",
              "speed": null,
              "pass": false,
              "fail": true,
              "pending": false,
              "context": null,
              "code": "cy.get('.selected').first().should('have.css', 'background-color', BLACK);",
              "err": {
                "message": "CypressError: Timed out retrying: Expected to find element: '.selected', but never found it.",
                "estack": "CypressError: Timed out retrying: Expected to find element: '.selected', but never found it.\n    at cypressErr (http://localhost:51907/__cypress/runner/cypress_runner.js:149934:9)\n    at throwErr (http://localhost:51907/__cypress/runner/cypress_runner.js:149867:11)\n    at Object.throwErrByPath (http://localhost:51907/__cypress/runner/cypress_runner.js:149915:3)\n    at retry (http://localhost:51907/__cypress/runner/cypress_runner.js:144197:19)\n    at onFailFn (http://localhost:51907/__cypress/runner/cypress_runner.js:132448:16)\n    at tryCatcher (http://localhost:51907/__cypress/runner/cypress_runner.js:167415:23)\n    at Promise._settlePromiseFromHandler (http://localhost:51907/__cypress/runner/cypress_runner.js:165351:31)\n    at Promise._settlePromise (http://localhost:51907/__cypress/runner/cypress_runner.js:165408:18)\n    at Promise._settlePromise0 (http://localhost:51907/__cypress/runner/cypress_runner.js:165453:10)\n    at Promise._settlePromises (http://localhost:51907/__cypress/runner/cypress_runner.js:165528:18)\n    at Async../node_modules/bluebird/js/release/async.js.Async._drainQueue (http://localhost:51907/__cypress/runner/cypress_runner.js:162140:16)\n    at Async../node_modules/bluebird/js/release/async.js.Async._drainQueues (http://localhost:51907/__cypress/runner/cypress_runner.js:162150:10)\n    at Async.drainQueues (http://localhost:51907/__cypress/runner/cypress_runner.js:162024:14)",
                "diff": null
              },
              "uuid": "2761b3de-8ecd-45ca-b8dc-7d80aba6acb1",
              "parentUUID": "9e47216a-0c71-4eec-b936-3265e1617d35",
              "isHook": false,
              "skipped": false
            },
            {
              "title": "Verifica se nenhuma outra cor da paleta tem a `classe` `selected`",
              "fullTitle": "6 - Defina a cor preta como cor inicial. Ao carregar a página a cor preta já deve estar selecionada para pintar os pixels Verifica se nenhuma outra cor da paleta tem a `classe` `selected`",
              "timedOut": null,
              "duration": 248,
              "state": "passed",
              "speed": "slow",
              "pass": true,
              "fail": false,
              "pending": false,
              "context": null,
              "code": "cy.get('.color:not(:first-child)').each(function (color) {\n  cy.wrap(color).should('not.have.class', 'selected');\n});",
              "err": {},
              "uuid": "5760dd74-6584-4420-959c-95a29d47b1a4",
              "parentUUID": "9e47216a-0c71-4eec-b936-3265e1617d35",
              "isHook": false,
              "skipped": false
            }
          ],
          "suites": [],
          "passes": [
            "5760dd74-6584-4420-959c-95a29d47b1a4"
          ],
          "failures": [
            "2761b3de-8ecd-45ca-b8dc-7d80aba6acb1"
          ],
          "pending": [],
          "skipped": [],
          "duration": 4730,
          "root": false,
          "rootEmpty": false,
          "_timeout": 2000
        },
        {
          "uuid": "bc2d0c5d-29de-4314-8454-18af3ac3c907",
          "title": "7 - Clicar em uma das cores da paleta, faz com que ela seja selecionada e utilizada para preencher os pixels no quadro.",
          "fullFile": "",
          "file": "",
          "beforeHooks": [],
          "afterHooks": [],
          "tests": [
            {
              "title": "Verifica se somente uma cor da paleta de cores tem a classe `selected` de cada vez",
              "fullTitle": "7 - Clicar em uma das cores da paleta, faz com que ela seja selecionada e utilizada para preencher os pixels no quadro. Verifica se somente uma cor da paleta de cores tem a classe `selected` de cada vez",
              "timedOut": null,
              "duration": 528,
              "state": "failed",
              "speed": null,
              "pass": false,
              "fail": true,
              "pending": false,
              "context": null,
              "code": "cy.get('.color').each(function (selectedColor, selectedColorIndex) {\n  cy.wrap(selectedColor).click();\n  cy.get('.color').each(function (color, colorIndex) {\n    if (colorIndex === selectedColorIndex) {\n      expect(color).to.have[\"class\"]('selected');\n    } else {\n      expect(color).not.to.have[\"class\"]('selected');\n    }\n  });\n});",
              "err": {
                "message": "AssertionError: expected '<div.color>' to have class 'selected'",
                "estack": "AssertionError: expected '<div.color>' to have class 'selected'\n    at callback (http://localhost:51907/__cypress/runner/cypress_runner.js:136947:20)\n    at getRet (http://localhost:51907/__cypress/runner/cypress_runner.js:136585:16)\n    at tryCatcher (http://localhost:51907/__cypress/runner/cypress_runner.js:167415:23)\n    at Function.Promise.attempt.Promise.try (http://localhost:51907/__cypress/runner/cypress_runner.js:164690:29)\n    at thenFn (http://localhost:51907/__cypress/runner/cypress_runner.js:136599:23)\n    at yieldItem (http://localhost:51907/__cypress/runner/cypress_runner.js:136954:16)\n    at tryCatcher (http://localhost:51907/__cypress/runner/cypress_runner.js:167415:23)\n    at Object.gotValue (http://localhost:51907/__cypress/runner/cypress_runner.js:166557:18)\n    at Object.gotAccum (http://localhost:51907/__cypress/runner/cypress_runner.js:166546:25)\n    at Object.tryCatcher (http://localhost:51907/__cypress/runner/cypress_runner.js:167415:23)\n    at Promise._settlePromiseFromHandler (http://localhost:51907/__cypress/runner/cypress_runner.js:165351:31)\n    at Promise._settlePromise (http://localhost:51907/__cypress/runner/cypress_runner.js:165408:18)\n    at Promise._settlePromiseCtx (http://localhost:51907/__cypress/runner/cypress_runner.js:165445:10)\n    at Async../node_modules/bluebird/js/release/async.js.Async._drainQueue (http://localhost:51907/__cypress/runner/cypress_runner.js:162145:12)\n    at Async../node_modules/bluebird/js/release/async.js.Async._drainQueues (http://localhost:51907/__cypress/runner/cypress_runner.js:162150:10)\n    at Async.drainQueues (http://localhost:51907/__cypress/runner/cypress_runner.js:162024:14)",
                "diff": "- { '0': <div class=\"color\"></div>,\n-   length: 1,\n-   jquery: '3.1.1',\n-   constructor: \n-    { [Function: jQuery]\n-      fn: \n-       { jquery: '3.1.1',\n-         constructor: [Circular],\n-         length: 0,\n-         toArray: [Function: toArray],\n-         get: [Function: get],\n-         pushStack: [Function: pushStack],\n-         each: [Function: each],\n-         map: [Function: map],\n-         slice: [Function: slice],\n-         first: [Function: first],\n-         last: [Function: last],\n-         eq: [Function: eq],\n-         end: [Function: end],\n-         push: [Function: push],\n-         sort: [Function: sort],\n-         splice: [Function: splice],\n-         extend: [Function],\n-         find: [Function: find],\n-         filter: [Function: filter],\n-         not: [Function: not],\n-         is: [Function: is],\n-         init: [Function],\n-         has: [Function: has],\n-         closest: [Function: closest],\n-         index: [Function: index],\n-         add: [Function: add],\n-         addBack: [Function: addBack],\n-         parent: [Function],\n-         parents: [Function],\n-         parentsUntil: [Function],\n-         next: [Function],\n-         prev: [Function],\n-         nextAll: [Function],\n-         prevAll: [Function],\n-         nextUntil: [Function],\n-         prevUntil: [Function],\n-         siblings: [Function],\n-         children: [Function],\n-         contents: [Function],\n-         ready: [Function],\n-         data: [Function: data],\n-         removeData: [Function: removeData],\n-         queue: [Function: queue],\n-         dequeue: [Function: dequeue],\n-         clearQueue: [Function: clearQueue],\n-         promise: [Function: promise],\n-         show: [Function],\n-         hide: [Function],\n-         toggle: [Function],\n-         on: [Function: on],\n-         one: [Function: one],\n-         off: [Function: off],\n-         detach: [Function: detach],\n-         remove: [Function: remove],\n-         text: [Function: text],\n-         append: [Function: append],\n-         prepend: [Function: prepend],\n-         before: [Function: before],\n-         after: [Function: after],\n-         empty: [Function: empty],\n-         clone: [Function: clone],\n-         html: [Function: html],\n-         replaceWith: [Function: replaceWith],\n-         appendTo: [Function],\n-         prependTo: [Function],\n-         insertBefore: [Function],\n-         insertAfter: [Function],\n-         replaceAll: [Function],\n-         css: [Function: css],\n-         fadeTo: [Function: fadeTo],\n-         animate: [Function: animate],\n-         stop: [Function: stop],\n-         finish: [Function: finish],\n-         slideDown: [Function],\n-         slideUp: [Function],\n-         slideToggle: [Function],\n-         fadeIn: [Function],\n-         fadeOut: [Function],\n-         fadeToggle: [Function],\n-         delay: [Function],\n-         attr: [Function: attr],\n-         removeAttr: [Function: removeAttr],\n-         prop: [Function: prop],\n-         removeProp: [Function: removeProp],\n-         addClass: [Function: addClass],\n-         removeClass: [Function: removeClass],\n-         toggleClass: [Function: toggleClass],\n-         hasClass: [Function: hasClass],\n-         val: [Function: val],\n-         trigger: [Function: trigger],\n-         triggerHandler: [Function: triggerHandler],\n-         blur: [Function],\n-         focus: [Function],\n-         focusin: [Function],\n-         focusout: [Function],\n-         resize: [Function],\n-         scroll: [Function],\n-         click: [Function],\n-         dblclick: [Function],\n-         mousedown: [Function],\n-         mouseup: [Function],\n-         mousemove: [Function],\n-         mouseover: [Function],\n-         mouseout: [Function],\n-         mouseenter: [Function],\n-         mouseleave: [Function],\n-         change: [Function],\n-         select: [Function],\n-         submit: [Function],\n-         keydown: [Function],\n-         keypress: [Function],\n-         keyup: [Function],\n-         contextmenu: [Function],\n-         hover: [Function: hover],\n-         serialize: [Function: serialize],\n-         serializeArray: [Function: serializeArray],\n-         wrapAll: [Function: wrapAll],\n-         wrapInner: [Function: wrapInner],\n-         wrap: [Function: wrap],\n-         unwrap: [Function: unwrap],\n-         load: [Function],\n-         ajaxStart: [Function],\n-         ajaxStop: [Function],\n-         ajaxComplete: [Function],\n-         ajaxError: [Function],\n-         ajaxSuccess: [Function],\n-         ajaxSend: [Function],\n-         offset: [Function: offset],\n-         position: [Function: position],\n-         offsetParent: [Function: offsetParent],\n-         scrollLeft: [Function],\n-         scrollTop: [Function],\n-         innerHeight: [Function],\n-         height: [Function],\n-         outerHeight: [Function],\n-         innerWidth: [Function],\n-         width: [Function],\n-         outerWidth: [Function],\n-         bind: [Function: bind],\n-         unbind: [Function: unbind],\n-         delegate: [Function: delegate],\n-         undelegate: [Function: undelegate],\n-         scrollTo: [Function] },\n-      extend: [Function],\n-      expando: 'jQuery311081051905455624',\n-      isReady: true,\n-      error: [Function: error],\n-      noop: [Function: noop],\n-      isFunction: [Function: isFunction],\n-      isArray: [Function: isArray],\n-      isWindow: [Function: isWindow],\n-      isNumeric: [Function: isNumeric],\n-      isPlainObject: [Function: isPlainObject],\n-      isEmptyObject: [Function: isEmptyObject],\n-      type: [Function: type],\n-      globalEval: [Function: globalEval],\n-      camelCase: [Function: camelCase],\n-      nodeName: [Function: nodeName],\n-      each: [Function: each],\n-      trim: [Function: trim],\n-      makeArray: [Function: makeArray],\n-      inArray: [Function: inArray],\n-      merge: [Function: merge],\n-      grep: [Function: grep],\n-      map: [Function: map],\n-      guid: 7,\n-      proxy: [Function: proxy],\n-      now: [Function: now],\n-      support: \n-       { checkClone: true,\n-         noCloneChecked: true,\n-         clearCloneStyle: true,\n-         pixelPosition: [Function: pixelPosition],\n-         boxSizingReliable: [Function: boxSizingReliable],\n-         pixelMarginRight: [Function: pixelMarginRight],\n-         reliableMarginLeft: [Function: reliableMarginLeft],\n-         checkOn: true,\n-         optSelected: true,\n-         radioValue: true,\n-         focusin: false,\n-         cors: true,\n-         ajax: true,\n-         createHTMLDocument: true },\n-      find: \n-       { [Function: Sizzle]\n-         support: [Object],\n-         isXML: [Function],\n-         setDocument: [Function],\n-         matches: [Function],\n-         matchesSelector: [Function],\n-         contains: [Function],\n-         attr: [Function],\n-         escape: [Function],\n-         error: [Function],\n-         uniqueSort: [Function],\n-         getText: [Function],\n-         selectors: [Object],\n-         tokenize: [Function],\n-         compile: [Function],\n-         select: [Function] },\n-      expr: \n-       { cacheLength: 1,\n-         createPseudo: [Function: markFunction],\n-         match: [Object],\n-         attrHandle: [Object],\n-         find: [Object],\n-         relative: [Object],\n-         preFilter: [Object],\n-         filter: [Object],\n-         pseudos: [Object],\n-         filters: [Object],\n-         setFilters: [Object],\n-         ':': [Object] },\n-      unique: [Function],\n-      uniqueSort: [Function],\n-      text: [Function],\n-      isXMLDoc: [Function],\n-      contains: [Function],\n-      escapeSelector: [Function],\n-      filter: [Function],\n-      Callbacks: [Function],\n-      Deferred: { [Function: Deferred] exceptionHook: [Function] },\n-      when: [Function: when],\n-      readyException: [Function],\n-      readyWait: 0,\n-      holdReady: [Function: holdReady],\n-      ready: { [Function: ready] then: [Function: then] },\n-      hasData: [Function: hasData],\n-      data: [Function: data],\n-      removeData: [Function: removeData],\n-      _data: [Function: _data],\n-      _removeData: [Function: _removeData],\n-      queue: [Function: queue],\n-      dequeue: [Function: dequeue],\n-      _queueHooks: [Function: _queueHooks],\n-      event: \n-       { global: [Object],\n-         add: [Function: add],\n-         remove: [Function: remove],\n-         dispatch: [Function: dispatch],\n-         handlers: [Function: handlers],\n-         addProp: [Function: addProp],\n-         fix: [Function: fix],\n-         special: [Object],\n-         trigger: [Function: trigger],\n-         simulate: [Function: simulate] },\n-      removeEvent: [Function],\n-      Event: [Function],\n-      htmlPrefilter: [Function: htmlPrefilter],\n-      clone: [Function: clone],\n-      cleanData: [Function: cleanData],\n-      cssHooks: \n-       { opacity: [Object],\n-         height: [Object],\n-         width: [Object],\n-         marginLeft: [Object],\n-         margin: [Object],\n-         padding: [Object],\n-         borderWidth: [Object],\n-         top: [Object],\n-         left: [Object] },\n-      cssNumber: \n-       { animationIterationCount: true,\n-         columnCount: true,\n-         fillOpacity: true,\n-         flexGrow: true,\n-         flexShrink: true,\n-         fontWeight: true,\n-         lineHeight: true,\n-         opacity: true,\n-         order: true,\n-         orphans: true,\n-         widows: true,\n-         zIndex: true,\n-         zoom: true },\n-      cssProps: \n-       { float: 'cssFloat',\n-         width: 'width',\n-         display: 'display',\n-         boxSizing: 'boxSizing',\n-         height: 'height',\n-         overflow: 'overflow',\n-         overflowY: 'overflowY',\n-         overflowX: 'overflowX',\n-         visibility: 'visibility',\n-         position: 'position',\n-         backgroundColor: 'backgroundColor',\n-         border: 'border',\n-         paddingRight: 'paddingRight',\n-         borderRightWidth: 'borderRightWidth',\n-         paddingLeft: 'paddingLeft',\n-         borderLeftWidth: 'borderLeftWidth',\n-         paddingTop: 'paddingTop',\n-         borderTopWidth: 'borderTopWidth',\n-         paddingBottom: 'paddingBottom',\n-         borderBottomWidth: 'borderBottomWidth' },\n-      style: [Function: style],\n-      css: [Function: css],\n-      Tween: { [Function: Tween] propHooks: [Object] },\n-      easing: \n-       { linear: [Function: linear],\n-         swing: [Function: swing],\n-         _default: 'swing' },\n-      fx: \n-       { [Function: init]\n-         step: {},\n-         tick: [Function],\n-         timer: [Function],\n-         interval: 13,\n-         start: [Function],\n-         stop: [Function],\n-         speeds: [Object] },\n-      Animation: \n-       { [Function: Animation]\n-         tweeners: [Object],\n-         tweener: [Function: tweener],\n-         prefilters: [Object],\n-         prefilter: [Function: prefilter] },\n-      speed: [Function],\n-      timers: [],\n-      attr: [Function: attr],\n-      attrHooks: { type: [Object] },\n-      removeAttr: [Function: removeAttr],\n-      prop: [Function: prop],\n-      propHooks: { tabIndex: [Object] },\n-      propFix: \n-       { for: 'htmlFor',\n-         class: 'className',\n-         tabindex: 'tabIndex',\n-         readonly: 'readOnly',\n-         maxlength: 'maxLength',\n-         cellspacing: 'cellSpacing',\n-         cellpadding: 'cellPadding',\n-         rowspan: 'rowSpan',\n-         colspan: 'colSpan',\n-         usemap: 'useMap',\n-         frameborder: 'frameBorder',\n-         contenteditable: 'contentEditable' },\n-      valHooks: \n-       { option: [Object],\n-         select: [Object],\n-         radio: [Object],\n-         checkbox: [Object] },\n-      parseXML: [Function],\n-      param: [Function],\n-      active: 0,\n-      lastModified: {},\n-      etag: {},\n-      ajaxSettings: \n-       { url: 'http://localhost:51907/__/#/tests/integration/project.spec.js',\n-         type: 'GET',\n-         isLocal: false,\n-         global: true,\n-         processData: true,\n-         async: true,\n-         contentType: 'application/x-www-form-urlencoded; charset=UTF-8',\n-         accepts: [Object],\n-         contents: [Object],\n-         responseFields: [Object],\n-         converters: [Object],\n-         flatOptions: [Object],\n-         xhr: [Function],\n-         jsonp: 'callback',\n-         jsonpCallback: [Function: jsonpCallback],\n-         cache: false },\n-      ajaxSetup: [Function: ajaxSetup],\n-      ajaxPrefilter: [Function],\n-      ajaxTransport: [Function],\n-      ajax: [Function: ajax],\n-      getJSON: [Function: getJSON],\n-      getScript: [Function: getScript],\n-      get: [Function],\n-      post: [Function],\n-      _evalUrl: [Function],\n-      parseHTML: [Function],\n-      offset: { setOffset: [Function: setOffset] },\n-      parseJSON: [Function: parse],\n-      noConflict: [Function],\n-      scrollTo: { [Function] defaults: [Object], max: [Function] } },\n-   toArray: [Function: toArray],\n-   get: [Function: get],\n-   pushStack: [Function: pushStack],\n-   each: [Function: each],\n-   map: [Function: map],\n-   slice: [Function: slice],\n-   first: [Function: first],\n-   last: [Function: last],\n-   eq: [Function: eq],\n-   end: [Function: end],\n-   push: [Function: push],\n-   sort: [Function: sort],\n-   splice: [Function: splice],\n-   extend: [Function],\n-   find: [Function: find],\n-   filter: [Function: filter],\n-   not: [Function: not],\n-   is: [Function: is],\n-   init: [Function],\n-   has: [Function: has],\n-   closest: [Function: closest],\n-   index: [Function: index],\n-   add: [Function: add],\n-   addBack: [Function: addBack],\n-   parent: [Function],\n-   parents: [Function],\n-   parentsUntil: [Function],\n-   next: [Function],\n-   prev: [Function],\n-   nextAll: [Function],\n-   prevAll: [Function],\n-   nextUntil: [Function],\n-   prevUntil: [Function],\n-   siblings: [Function],\n-   children: [Function],\n-   contents: [Function],\n-   ready: [Function],\n-   data: [Function: data],\n-   removeData: [Function: removeData],\n-   queue: [Function: queue],\n-   dequeue: [Function: dequeue],\n-   clearQueue: [Function: clearQueue],\n-   promise: [Function: promise],\n-   show: [Function],\n-   hide: [Function],\n-   toggle: [Function],\n-   on: [Function: on],\n-   one: [Function: one],\n-   off: [Function: off],\n-   detach: [Function: detach],\n-   remove: [Function: remove],\n-   text: [Function: text],\n-   append: [Function: append],\n-   prepend: [Function: prepend],\n-   before: [Function: before],\n-   after: [Function: after],\n-   empty: [Function: empty],\n-   clone: [Function: clone],\n-   html: [Function: html],\n-   replaceWith: [Function: replaceWith],\n-   appendTo: [Function],\n-   prependTo: [Function],\n-   insertBefore: [Function],\n-   insertAfter: [Function],\n-   replaceAll: [Function],\n-   css: [Function: css],\n-   fadeTo: [Function: fadeTo],\n-   animate: [Function: animate],\n-   stop: [Function: stop],\n-   finish: [Function: finish],\n-   slideDown: [Function],\n-   slideUp: [Function],\n-   slideToggle: [Function],\n-   fadeIn: [Function],\n-   fadeOut: [Function],\n-   fadeToggle: [Function],\n-   delay: [Function],\n-   attr: [Function: attr],\n-   removeAttr: [Function: removeAttr],\n-   prop: [Function: prop],\n-   removeProp: [Function: removeProp],\n-   addClass: [Function: addClass],\n-   removeClass: [Function: removeClass],\n-   toggleClass: [Function: toggleClass],\n-   hasClass: [Function: hasClass],\n-   val: [Function: val],\n-   trigger: [Function: trigger],\n-   triggerHandler: [Function: triggerHandler],\n-   blur: [Function],\n-   focus: [Function],\n-   focusin: [Function],\n-   focusout: [Function],\n-   resize: [Function],\n-   scroll: [Function],\n-   click: [Function],\n-   dblclick: [Function],\n-   mousedown: [Function],\n-   mouseup: [Function],\n-   mousemove: [Function],\n-   mouseover: [Function],\n-   mouseout: [Function],\n-   mouseenter: [Function],\n-   mouseleave: [Function],\n-   change: [Function],\n-   select: [Function],\n-   submit: [Function],\n-   keydown: [Function],\n-   keypress: [Function],\n-   keyup: [Function],\n-   contextmenu: [Function],\n-   hover: [Function: hover],\n-   serialize: [Function: serialize],\n-   serializeArray: [Function: serializeArray],\n-   wrapAll: [Function: wrapAll],\n-   wrapInner: [Function: wrapInner],\n-   wrap: [Function: wrap],\n-   unwrap: [Function: unwrap],\n-   load: [Function],\n-   ajaxStart: [Function],\n-   ajaxStop: [Function],\n-   ajaxComplete: [Function],\n-   ajaxError: [Function],\n-   ajaxSuccess: [Function],\n-   ajaxSend: [Function],\n-   offset: [Function: offset],\n-   position: [Function: position],\n-   offsetParent: [Function: offsetParent],\n-   scrollLeft: [Function],\n-   scrollTop: [Function],\n-   innerHeight: [Function],\n-   height: [Function],\n-   outerHeight: [Function],\n-   innerWidth: [Function],\n-   width: [Function],\n-   outerWidth: [Function],\n-   bind: [Function: bind],\n-   unbind: [Function: unbind],\n-   delegate: [Function: delegate],\n-   undelegate: [Function: undelegate],\n-   scrollTo: [Function] }\n+ 'selected'\n"
              },
              "uuid": "1fce76b1-cf31-4621-a59e-04dd745a8bce",
              "parentUUID": "bc2d0c5d-29de-4314-8454-18af3ac3c907",
              "isHook": false,
              "skipped": false
            },
            {
              "title": "Verifica se os pixels dentro do quadro não têm a classe `selected` quando são clicados",
              "fullTitle": "7 - Clicar em uma das cores da paleta, faz com que ela seja selecionada e utilizada para preencher os pixels no quadro. Verifica se os pixels dentro do quadro não têm a classe `selected` quando são clicados",
              "timedOut": null,
              "duration": 4545,
              "state": "failed",
              "speed": null,
              "pass": false,
              "fail": true,
              "pending": false,
              "context": null,
              "code": "cy.get('.color').each(function (color) {\n  var backgroundColor = color.css('background-color');\n  cy.wrap(color).click();\n  cy.get('.pixel').each(function (pixel) {\n    cy.wrap(pixel).click().should('not.have.class', 'selected');\n  });\n});",
              "err": {
                "message": "CypressError: Timed out retrying: Expected to find element: '.pixel', but never found it.",
                "estack": "CypressError: Timed out retrying: Expected to find element: '.pixel', but never found it.\n    at cypressErr (http://localhost:51907/__cypress/runner/cypress_runner.js:149934:9)\n    at throwErr (http://localhost:51907/__cypress/runner/cypress_runner.js:149867:11)\n    at Object.throwErrByPath (http://localhost:51907/__cypress/runner/cypress_runner.js:149915:3)\n    at retry (http://localhost:51907/__cypress/runner/cypress_runner.js:144197:19)\n    at onFailFn (http://localhost:51907/__cypress/runner/cypress_runner.js:132448:16)\n    at tryCatcher (http://localhost:51907/__cypress/runner/cypress_runner.js:167415:23)\n    at Promise._settlePromiseFromHandler (http://localhost:51907/__cypress/runner/cypress_runner.js:165351:31)\n    at Promise._settlePromise (http://localhost:51907/__cypress/runner/cypress_runner.js:165408:18)\n    at Promise._settlePromise0 (http://localhost:51907/__cypress/runner/cypress_runner.js:165453:10)\n    at Promise._settlePromises (http://localhost:51907/__cypress/runner/cypress_runner.js:165528:18)\n    at Async../node_modules/bluebird/js/release/async.js.Async._drainQueue (http://localhost:51907/__cypress/runner/cypress_runner.js:162140:16)\n    at Async../node_modules/bluebird/js/release/async.js.Async._drainQueues (http://localhost:51907/__cypress/runner/cypress_runner.js:162150:10)\n    at Async.drainQueues (http://localhost:51907/__cypress/runner/cypress_runner.js:162024:14)",
                "diff": null
              },
              "uuid": "42b86aa0-71a7-48e0-b3d2-878daa2287bc",
              "parentUUID": "bc2d0c5d-29de-4314-8454-18af3ac3c907",
              "isHook": false,
              "skipped": false
            }
          ],
          "suites": [],
          "passes": [],
          "failures": [
            "1fce76b1-cf31-4621-a59e-04dd745a8bce",
            "42b86aa0-71a7-48e0-b3d2-878daa2287bc"
          ],
          "pending": [],
          "skipped": [],
          "duration": 5073,
          "root": false,
          "rootEmpty": false,
          "_timeout": 2000
        },
        {
          "uuid": "92ad5cec-929d-4755-a03e-8511f066b12c",
          "title": "8 - Clicar em um pixel dentro do quadro após selecionar uma cor na paleta, faz com que o pixel seja preenchido com a cor selecionada.",
          "fullFile": "",
          "file": "",
          "beforeHooks": [],
          "afterHooks": [],
          "tests": [
            {
              "title": "Verifica se ao carregar a página deve ser possível pintar os pixels de preto",
              "fullTitle": "8 - Clicar em um pixel dentro do quadro após selecionar uma cor na paleta, faz com que o pixel seja preenchido com a cor selecionada. Verifica se ao carregar a página deve ser possível pintar os pixels de preto",
              "timedOut": null,
              "duration": 4758,
              "state": "failed",
              "speed": null,
              "pass": false,
              "fail": true,
              "pending": false,
              "context": null,
              "code": "cy.get('.pixel').each(function (pixel) {\n  cy.wrap(pixel).click().should('have.css', 'background-color', BLACK);\n});",
              "err": {
                "message": "CypressError: Timed out retrying: Expected to find element: '.pixel', but never found it.",
                "estack": "CypressError: Timed out retrying: Expected to find element: '.pixel', but never found it.\n    at cypressErr (http://localhost:51907/__cypress/runner/cypress_runner.js:149934:9)\n    at throwErr (http://localhost:51907/__cypress/runner/cypress_runner.js:149867:11)\n    at Object.throwErrByPath (http://localhost:51907/__cypress/runner/cypress_runner.js:149915:3)\n    at retry (http://localhost:51907/__cypress/runner/cypress_runner.js:144197:19)\n    at onFailFn (http://localhost:51907/__cypress/runner/cypress_runner.js:132448:16)\n    at tryCatcher (http://localhost:51907/__cypress/runner/cypress_runner.js:167415:23)\n    at Promise._settlePromiseFromHandler (http://localhost:51907/__cypress/runner/cypress_runner.js:165351:31)\n    at Promise._settlePromise (http://localhost:51907/__cypress/runner/cypress_runner.js:165408:18)\n    at Promise._settlePromise0 (http://localhost:51907/__cypress/runner/cypress_runner.js:165453:10)\n    at Promise._settlePromises (http://localhost:51907/__cypress/runner/cypress_runner.js:165528:18)\n    at Async../node_modules/bluebird/js/release/async.js.Async._drainQueue (http://localhost:51907/__cypress/runner/cypress_runner.js:162140:16)\n    at Async../node_modules/bluebird/js/release/async.js.Async._drainQueues (http://localhost:51907/__cypress/runner/cypress_runner.js:162150:10)\n    at Async.drainQueues (http://localhost:51907/__cypress/runner/cypress_runner.js:162024:14)",
                "diff": null
              },
              "uuid": "0e1e8bf5-24d7-4126-b6e0-5f43d43f4859",
              "parentUUID": "92ad5cec-929d-4755-a03e-8511f066b12c",
              "isHook": false,
              "skipped": false
            },
            {
              "title": "Verifica se após selecionar uma outra cor na paleta, é possível pintar os pixels com essa cor",
              "fullTitle": "8 - Clicar em um pixel dentro do quadro após selecionar uma cor na paleta, faz com que o pixel seja preenchido com a cor selecionada. Verifica se após selecionar uma outra cor na paleta, é possível pintar os pixels com essa cor",
              "timedOut": null,
              "duration": 4620,
              "state": "failed",
              "speed": null,
              "pass": false,
              "fail": true,
              "pending": false,
              "context": null,
              "code": "cy.get('.color').each(function (color) {\n  var backgroundColor = color.css('background-color');\n  cy.wrap(color).click();\n  cy.get('.pixel').each(function (pixel) {\n    cy.wrap(pixel).click().should('have.css', 'background-color', backgroundColor);\n  });\n});",
              "err": {
                "message": "CypressError: Timed out retrying: Expected to find element: '.pixel', but never found it.",
                "estack": "CypressError: Timed out retrying: Expected to find element: '.pixel', but never found it.\n    at cypressErr (http://localhost:51907/__cypress/runner/cypress_runner.js:149934:9)\n    at throwErr (http://localhost:51907/__cypress/runner/cypress_runner.js:149867:11)\n    at Object.throwErrByPath (http://localhost:51907/__cypress/runner/cypress_runner.js:149915:3)\n    at retry (http://localhost:51907/__cypress/runner/cypress_runner.js:144197:19)\n    at onFailFn (http://localhost:51907/__cypress/runner/cypress_runner.js:132448:16)\n    at tryCatcher (http://localhost:51907/__cypress/runner/cypress_runner.js:167415:23)\n    at Promise._settlePromiseFromHandler (http://localhost:51907/__cypress/runner/cypress_runner.js:165351:31)\n    at Promise._settlePromise (http://localhost:51907/__cypress/runner/cypress_runner.js:165408:18)\n    at Promise._settlePromise0 (http://localhost:51907/__cypress/runner/cypress_runner.js:165453:10)\n    at Promise._settlePromises (http://localhost:51907/__cypress/runner/cypress_runner.js:165528:18)\n    at Async../node_modules/bluebird/js/release/async.js.Async._drainQueue (http://localhost:51907/__cypress/runner/cypress_runner.js:162140:16)\n    at Async../node_modules/bluebird/js/release/async.js.Async._drainQueues (http://localhost:51907/__cypress/runner/cypress_runner.js:162150:10)\n    at Async.drainQueues (http://localhost:51907/__cypress/runner/cypress_runner.js:162024:14)",
                "diff": null
              },
              "uuid": "560ccc32-a4b7-4e2e-a520-de7c554f0068",
              "parentUUID": "92ad5cec-929d-4755-a03e-8511f066b12c",
              "isHook": false,
              "skipped": false
            },
            {
              "title": "Verifica se somente o pixel que foi clicado foi preenchido com a cor selecionada, sem influenciar na cor dos demais pixels.",
              "fullTitle": "8 - Clicar em um pixel dentro do quadro após selecionar uma cor na paleta, faz com que o pixel seja preenchido com a cor selecionada. Verifica se somente o pixel que foi clicado foi preenchido com a cor selecionada, sem influenciar na cor dos demais pixels.",
              "timedOut": null,
              "duration": 4584,
              "state": "failed",
              "speed": null,
              "pass": false,
              "fail": true,
              "pending": false,
              "context": null,
              "code": "var colorToPixelIndexMap = {\n  0: 6,\n  1: 8,\n  2: 16,\n  3: 18\n};\ncy.get('.color').each(function (color, index) {\n  cy.wrap(color).click();\n  var backgroundColor = color.css('background-color');\n  var clickedPixelIndex = colorToPixelIndexMap[index];\n  cy.get('.pixel').eq(clickedPixelIndex).click();\n  cy.get('.pixel').eq(clickedPixelIndex - 1).should('not.have.css', 'background-color', backgroundColor);\n  cy.get('.pixel').eq(clickedPixelIndex + 1).should('not.have.css', 'background-color', backgroundColor);\n  cy.get('.pixel').eq(clickedPixelIndex - 5).should('not.have.css', 'background-color', backgroundColor);\n  cy.get('.pixel').eq(clickedPixelIndex + 5).should('not.have.css', 'background-color', backgroundColor);\n  cy.get('.pixel').eq(clickedPixelIndex - 6).should('not.have.css', 'background-color', backgroundColor);\n  cy.get('.pixel').eq(clickedPixelIndex - 4).should('not.have.css', 'background-color', backgroundColor);\n  cy.get('.pixel').eq(clickedPixelIndex + 4).should('not.have.css', 'background-color', backgroundColor);\n  cy.get('.pixel').eq(clickedPixelIndex + 6).should('not.have.css', 'background-color', backgroundColor);\n});",
              "err": {
                "message": "CypressError: Timed out retrying: Expected to find element: '.pixel', but never found it.",
                "estack": "CypressError: Timed out retrying: Expected to find element: '.pixel', but never found it.\n    at cypressErr (http://localhost:51907/__cypress/runner/cypress_runner.js:149934:9)\n    at throwErr (http://localhost:51907/__cypress/runner/cypress_runner.js:149867:11)\n    at Object.throwErrByPath (http://localhost:51907/__cypress/runner/cypress_runner.js:149915:3)\n    at retry (http://localhost:51907/__cypress/runner/cypress_runner.js:144197:19)\n    at onFailFn (http://localhost:51907/__cypress/runner/cypress_runner.js:132448:16)\n    at tryCatcher (http://localhost:51907/__cypress/runner/cypress_runner.js:167415:23)\n    at Promise._settlePromiseFromHandler (http://localhost:51907/__cypress/runner/cypress_runner.js:165351:31)\n    at Promise._settlePromise (http://localhost:51907/__cypress/runner/cypress_runner.js:165408:18)\n    at Promise._settlePromise0 (http://localhost:51907/__cypress/runner/cypress_runner.js:165453:10)\n    at Promise._settlePromises (http://localhost:51907/__cypress/runner/cypress_runner.js:165528:18)\n    at Async../node_modules/bluebird/js/release/async.js.Async._drainQueue (http://localhost:51907/__cypress/runner/cypress_runner.js:162140:16)\n    at Async../node_modules/bluebird/js/release/async.js.Async._drainQueues (http://localhost:51907/__cypress/runner/cypress_runner.js:162150:10)\n    at Async.drainQueues (http://localhost:51907/__cypress/runner/cypress_runner.js:162024:14)",
                "diff": null
              },
              "uuid": "009be988-5bf3-4efd-8a79-539eed98e4ec",
              "parentUUID": "92ad5cec-929d-4755-a03e-8511f066b12c",
              "isHook": false,
              "skipped": false
            }
          ],
          "suites": [],
          "passes": [],
          "failures": [
            "0e1e8bf5-24d7-4126-b6e0-5f43d43f4859",
            "560ccc32-a4b7-4e2e-a520-de7c554f0068",
            "009be988-5bf3-4efd-8a79-539eed98e4ec"
          ],
          "pending": [],
          "skipped": [],
          "duration": 13962,
          "root": false,
          "rootEmpty": false,
          "_timeout": 2000
        },
        {
          "uuid": "9dad93ea-06d5-4a77-a5e9-4c62e55c7018",
          "title": "9 - Crie um botão que, ao ser clicado, limpa o quadro preenchendo a cor de todos seus pixels com branco.",
          "fullFile": "",
          "file": "",
          "beforeHooks": [],
          "afterHooks": [],
          "tests": [
            {
              "title": "Verifica se o botão tem o `id` denominado `clear-board`",
              "fullTitle": "9 - Crie um botão que, ao ser clicado, limpa o quadro preenchendo a cor de todos seus pixels com branco. Verifica se o botão tem o `id` denominado `clear-board`",
              "timedOut": null,
              "duration": 4561,
              "state": "failed",
              "speed": null,
              "pass": false,
              "fail": true,
              "pending": false,
              "context": null,
              "code": "cy.get('#clear-board').should('be.visible');",
              "err": {
                "message": "CypressError: Timed out retrying: Expected to find element: '#clear-board', but never found it.",
                "estack": "CypressError: Timed out retrying: Expected to find element: '#clear-board', but never found it.\n    at cypressErr (http://localhost:51907/__cypress/runner/cypress_runner.js:149934:9)\n    at throwErr (http://localhost:51907/__cypress/runner/cypress_runner.js:149867:11)\n    at Object.throwErrByPath (http://localhost:51907/__cypress/runner/cypress_runner.js:149915:3)\n    at retry (http://localhost:51907/__cypress/runner/cypress_runner.js:144197:19)\n    at onFailFn (http://localhost:51907/__cypress/runner/cypress_runner.js:132448:16)\n    at tryCatcher (http://localhost:51907/__cypress/runner/cypress_runner.js:167415:23)\n    at Promise._settlePromiseFromHandler (http://localhost:51907/__cypress/runner/cypress_runner.js:165351:31)\n    at Promise._settlePromise (http://localhost:51907/__cypress/runner/cypress_runner.js:165408:18)\n    at Promise._settlePromise0 (http://localhost:51907/__cypress/runner/cypress_runner.js:165453:10)\n    at Promise._settlePromises (http://localhost:51907/__cypress/runner/cypress_runner.js:165528:18)\n    at Async../node_modules/bluebird/js/release/async.js.Async._drainQueue (http://localhost:51907/__cypress/runner/cypress_runner.js:162140:16)\n    at Async../node_modules/bluebird/js/release/async.js.Async._drainQueues (http://localhost:51907/__cypress/runner/cypress_runner.js:162150:10)\n    at Async.drainQueues (http://localhost:51907/__cypress/runner/cypress_runner.js:162024:14)",
                "diff": null
              },
              "uuid": "992c66d0-8af1-4647-a49a-ab842ddee334",
              "parentUUID": "9dad93ea-06d5-4a77-a5e9-4c62e55c7018",
              "isHook": false,
              "skipped": false
            },
            {
              "title": "Verifica se o botão está posicionado entre a paleta de cores e o quadro de pixels",
              "fullTitle": "9 - Crie um botão que, ao ser clicado, limpa o quadro preenchendo a cor de todos seus pixels com branco. Verifica se o botão está posicionado entre a paleta de cores e o quadro de pixels",
              "timedOut": null,
              "duration": 4525,
              "state": "failed",
              "speed": null,
              "pass": false,
              "fail": true,
              "pending": false,
              "context": null,
              "code": "cy.get('#color-palette').then(function (palette) {\n  cy.get('#clear-board').should('be.belowOf', palette);\n});\ncy.get('#clear-board').then(function (clearBtn) {\n  cy.get('#pixel-board').should('be.belowOf', clearBtn);\n});",
              "err": {
                "message": "CypressError: Timed out retrying: Expected to find element: '#clear-board', but never found it.",
                "estack": "CypressError: Timed out retrying: Expected to find element: '#clear-board', but never found it.\n    at cypressErr (http://localhost:51907/__cypress/runner/cypress_runner.js:149934:9)\n    at throwErr (http://localhost:51907/__cypress/runner/cypress_runner.js:149867:11)\n    at Object.throwErrByPath (http://localhost:51907/__cypress/runner/cypress_runner.js:149915:3)\n    at retry (http://localhost:51907/__cypress/runner/cypress_runner.js:144197:19)\n    at onFailFn (http://localhost:51907/__cypress/runner/cypress_runner.js:132448:16)\n    at tryCatcher (http://localhost:51907/__cypress/runner/cypress_runner.js:167415:23)\n    at Promise._settlePromiseFromHandler (http://localhost:51907/__cypress/runner/cypress_runner.js:165351:31)\n    at Promise._settlePromise (http://localhost:51907/__cypress/runner/cypress_runner.js:165408:18)\n    at Promise._settlePromise0 (http://localhost:51907/__cypress/runner/cypress_runner.js:165453:10)\n    at Promise._settlePromises (http://localhost:51907/__cypress/runner/cypress_runner.js:165528:18)\n    at Async../node_modules/bluebird/js/release/async.js.Async._drainQueue (http://localhost:51907/__cypress/runner/cypress_runner.js:162140:16)\n    at Async../node_modules/bluebird/js/release/async.js.Async._drainQueues (http://localhost:51907/__cypress/runner/cypress_runner.js:162150:10)\n    at Async.drainQueues (http://localhost:51907/__cypress/runner/cypress_runner.js:162024:14)",
                "diff": null
              },
              "uuid": "6b8fd10a-6d18-4da9-959a-1c8068a3f8a6",
              "parentUUID": "9dad93ea-06d5-4a77-a5e9-4c62e55c7018",
              "isHook": false,
              "skipped": false
            },
            {
              "title": "Verifica se o texto do botão é 'Limpar'",
              "fullTitle": "9 - Crie um botão que, ao ser clicado, limpa o quadro preenchendo a cor de todos seus pixels com branco. Verifica se o texto do botão é 'Limpar'",
              "timedOut": null,
              "duration": 4602,
              "state": "failed",
              "speed": null,
              "pass": false,
              "fail": true,
              "pending": false,
              "context": null,
              "code": "cy.get('#clear-board').should('contain.text', 'Limpar');",
              "err": {
[...]
                "diff": null
              },
              "uuid": "4a48f338-18a4-4149-b157-55726082e1c5",
              "parentUUID": "80719ba8-73c5-4592-9181-65636dc2922e",
              "isHook": false,
              "skipped": false
            },
            {
              "title": "Verifica se o novo quadro tem todos os pixels preenchidos com a cor branca",
              "fullTitle": "10 - Faça o quadro de pixels ter seu tamanho definido pelo usuário. Verifica se o novo quadro tem todos os pixels preenchidos com a cor branca",
              "timedOut": null,
              "duration": 4524,
              "state": "failed",
              "speed": null,
              "pass": false,
              "fail": true,
              "pending": false,
              "context": null,
              "code": "cy.get('#board-size').clear().type(6);\ncy.get('#generate-board').click();\ncy.get('.pixel').should('have.length', 36).each(function (pixel) {\n  expect(pixel).to.have.css('background-color', WHITE);\n});",
              "err": {
                "message": "CypressError: Timed out retrying: Expected to find element: '#board-size', but never found it.",
                "estack": "CypressError: Timed out retrying: Expected to find element: '#board-size', but never found it.\n    at cypressErr (http://localhost:51907/__cypress/runner/cypress_runner.js:149934:9)\n    at throwErr (http://localhost:51907/__cypress/runner/cypress_runner.js:149867:11)\n    at Object.throwErrByPath (http://localhost:51907/__cypress/runner/cypress_runner.js:149915:3)\n    at retry (http://localhost:51907/__cypress/runner/cypress_runner.js:144197:19)\n    at onFailFn (http://localhost:51907/__cypress/runner/cypress_runner.js:132448:16)\n    at tryCatcher (http://localhost:51907/__cypress/runner/cypress_runner.js:167415:23)\n    at Promise._settlePromiseFromHandler (http://localhost:51907/__cypress/runner/cypress_runner.js:165351:31)\n    at Promise._settlePromise (http://localhost:51907/__cypress/runner/cypress_runner.js:165408:18)\n    at Promise._settlePromise0 (http://localhost:51907/__cypress/runner/cypress_runner.js:165453:10)\n    at Promise._settlePromises (http://localhost:51907/__cypress/runner/cypress_runner.js:165528:18)\n    at Async../node_modules/bluebird/js/release/async.js.Async._drainQueue (http://localhost:51907/__cypress/runner/cypress_runner.js:162140:16)\n    at Async../node_modules/bluebird/js/release/async.js.Async._drainQueues (http://localhost:51907/__cypress/runner/cypress_runner.js:162150:10)\n    at Async.drainQueues (http://localhost:51907/__cypress/runner/cypress_runner.js:162024:14)",
                "diff": null
              },
              "uuid": "bb057e20-2152-4876-9011-8d9872af9e82",
              "parentUUID": "80719ba8-73c5-4592-9181-65636dc2922e",
              "isHook": false,
              "skipped": false
            }
          ],
          "suites": [],
          "passes": [],
          "failures": [
            "a39b4544-d29b-428d-ad04-9c6fec16aa5c",
            "5e819aa4-9522-4555-bccc-6f26fd9a78e6",
            "6a9ed30a-c3ab-41da-8f24-1eeba5b30ce3",
            "bf951b28-5d75-4078-bbf8-301b598f1905",
            "3a0b2808-aeb5-427c-9a52-d6f45d423c16",
            "00f539a0-b93a-46ec-b6ff-d52c529141f6",
            "1576423d-00b5-424f-a987-d884c9c6d77b",
            "4a48f338-18a4-4149-b157-55726082e1c5",
            "bb057e20-2152-4876-9011-8d9872af9e82"
          ],
          "pending": [],
          "skipped": [],
          "duration": 40840,
          "root": false,
          "rootEmpty": false,
          "_timeout": 2000
        },
        {
          "uuid": "24ac5760-10cd-43b9-a573-e4c603407b81",
          "title": "11 - Limite o tamanho mínimo e máximo do board.",
          "fullFile": "",
          "file": "",
          "beforeHooks": [],
          "afterHooks": [],
          "tests": [
            {
              "title": "Verifica se a altura máxima do board é 50",
              "fullTitle": "11 - Limite o tamanho mínimo e máximo do board. Verifica se a altura máxima do board é 50",
              "timedOut": null,
              "duration": 4516,
              "state": "failed",
              "speed": null,
              "pass": false,
              "fail": true,
              "pending": false,
              "context": null,
              "code": "cy.get('#board-size').clear().type(50);\ncy.get('#generate-board').click();\ncy.get('.pixel').should('have.length', 2500);",
              "err": {
                "message": "CypressError: Timed out retrying: Expected to find element: '#board-size', but never found it.",
                "estack": "CypressError: Timed out retrying: Expected to find element: '#board-size', but never found it.\n    at cypressErr (http://localhost:51907/__cypress/runner/cypress_runner.js:149934:9)\n    at throwErr (http://localhost:51907/__cypress/runner/cypress_runner.js:149867:11)\n    at Object.throwErrByPath (http://localhost:51907/__cypress/runner/cypress_runner.js:149915:3)\n    at retry (http://localhost:51907/__cypress/runner/cypress_runner.js:144197:19)\n    at onFailFn (http://localhost:51907/__cypress/runner/cypress_runner.js:132448:16)\n    at tryCatcher (http://localhost:51907/__cypress/runner/cypress_runner.js:167415:23)\n    at Promise._settlePromiseFromHandler (http://localhost:51907/__cypress/runner/cypress_runner.js:165351:31)\n    at Promise._settlePromise (http://localhost:51907/__cypress/runner/cypress_runner.js:165408:18)\n    at Promise._settlePromise0 (http://localhost:51907/__cypress/runner/cypress_runner.js:165453:10)\n    at Promise._settlePromises (http://localhost:51907/__cypress/runner/cypress_runner.js:165528:18)\n    at Async../node_modules/bluebird/js/release/async.js.Async._drainQueue (http://localhost:51907/__cypress/runner/cypress_runner.js:162140:16)\n    at Async../node_modules/bluebird/js/release/async.js.Async._drainQueues (http://localhost:51907/__cypress/runner/cypress_runner.js:162150:10)\n    at Async.drainQueues (http://localhost:51907/__cypress/runner/cypress_runner.js:162024:14)",
                "diff": null
              },
              "uuid": "6de106f7-d89a-494c-b5b8-d74703f9dfc8",
              "parentUUID": "24ac5760-10cd-43b9-a573-e4c603407b81",
              "isHook": false,
              "skipped": false
            },
            {
              "title": "Verifica se a altura do board é 5 quando um valor menor é colocado no input",
              "fullTitle": "11 - Limite o tamanho mínimo e máximo do board. Verifica se a altura do board é 5 quando um valor menor é colocado no input",
              "timedOut": null,
              "duration": 4568,
              "state": "failed",
              "speed": null,
              "pass": false,
              "fail": true,
              "pending": false,
              "context": null,
              "code": "cy.get('#board-size').clear().type(4);\ncy.get('#generate-board').click();\ncy.get('.pixel').should('have.length', 25);",
              "err": {
                "message": "CypressError: Timed out retrying: Expected to find element: '#board-size', but never found it.",
                "estack": "CypressError: Timed out retrying: Expected to find element: '#board-size', but never found it.\n    at cypressErr (http://localhost:51907/__cypress/runner/cypress_runner.js:149934:9)\n    at throwErr (http://localhost:51907/__cypress/runner/cypress_runner.js:149867:11)\n    at Object.throwErrByPath (http://localhost:51907/__cypress/runner/cypress_runner.js:149915:3)\n    at retry (http://localhost:51907/__cypress/runner/cypress_runner.js:144197:19)\n    at onFailFn (http://localhost:51907/__cypress/runner/cypress_runner.js:132448:16)\n    at tryCatcher (http://localhost:51907/__cypress/runner/cypress_runner.js:167415:23)\n    at Promise._settlePromiseFromHandler (http://localhost:51907/__cypress/runner/cypress_runner.js:165351:31)\n    at Promise._settlePromise (http://localhost:51907/__cypress/runner/cypress_runner.js:165408:18)\n    at Promise._settlePromise0 (http://localhost:51907/__cypress/runner/cypress_runner.js:165453:10)\n    at Promise._settlePromises (http://localhost:51907/__cypress/runner/cypress_runner.js:165528:18)\n    at Async../node_modules/bluebird/js/release/async.js.Async._drainQueue (http://localhost:51907/__cypress/runner/cypress_runner.js:162140:16)\n    at Async../node_modules/bluebird/js/release/async.js.Async._drainQueues (http://localhost:51907/__cypress/runner/cypress_runner.js:162150:10)\n    at Async.drainQueues (http://localhost:51907/__cypress/runner/cypress_runner.js:162024:14)",
                "diff": null
              },
              "uuid": "b91655c6-e947-4b85-918b-d0fdcfd989d5",
              "parentUUID": "24ac5760-10cd-43b9-a573-e4c603407b81",
              "isHook": false,
              "skipped": false
            },
            {
              "title": "Verifica se a altura do board é 50 quando um valor maior é colocado no input",
              "fullTitle": "11 - Limite o tamanho mínimo e máximo do board. Verifica se a altura do board é 50 quando um valor maior é colocado no input",
              "timedOut": null,
              "duration": 4692,
              "state": "failed",
              "speed": null,
              "pass": false,
              "fail": true,
              "pending": false,
              "context": null,
              "code": "cy.get('#board-size').clear().type(51);\ncy.get('#generate-board').click();\ncy.get('.pixel').should('have.length', 2500);",
              "err": {
                "message": "CypressError: Timed out retrying: Expected to find element: '#board-size', but never found it.",
                "estack": "CypressError: Timed out retrying: Expected to find element: '#board-size', but never found it.\n    at cypressErr (http://localhost:51907/__cypress/runner/cypress_runner.js:149934:9)\n    at throwErr (http://localhost:51907/__cypress/runner/cypress_runner.js:149867:11)\n    at Object.throwErrByPath (http://localhost:51907/__cypress/runner/cypress_runner.js:149915:3)\n    at retry (http://localhost:51907/__cypress/runner/cypress_runner.js:144197:19)\n    at onFailFn (http://localhost:51907/__cypress/runner/cypress_runner.js:132448:16)\n    at tryCatcher (http://localhost:51907/__cypress/runner/cypress_runner.js:167415:23)\n    at Promise._settlePromiseFromHandler (http://localhost:51907/__cypress/runner/cypress_runner.js:165351:31)\n    at Promise._settlePromise (http://localhost:51907/__cypress/runner/cypress_runner.js:165408:18)\n    at Promise._settlePromise0 (http://localhost:51907/__cypress/runner/cypress_runner.js:165453:10)\n    at Promise._settlePromises (http://localhost:51907/__cypress/runner/cypress_runner.js:165528:18)\n    at Async../node_modules/bluebird/js/release/async.js.Async._drainQueue (http://localhost:51907/__cypress/runner/cypress_runner.js:162140:16)\n    at Async../node_modules/bluebird/js/release/async.js.Async._drainQueues (http://localhost:51907/__cypress/runner/cypress_runner.js:162150:10)\n    at Async.drainQueues (http://localhost:51907/__cypress/runner/cypress_runner.js:162024:14)",
                "diff": null
              },
              "uuid": "ce40002d-85cc-4f50-8585-acd09e183cd2",
              "parentUUID": "24ac5760-10cd-43b9-a573-e4c603407b81",
              "isHook": false,
              "skipped": false
            }
          ],
          "suites": [],
          "passes": [],
          "failures": [
            "6de106f7-d89a-494c-b5b8-d74703f9dfc8",
            "b91655c6-e947-4b85-918b-d0fdcfd989d5",
            "ce40002d-85cc-4f50-8585-acd09e183cd2"
          ],
          "pending": [],
          "skipped": [],
          "duration": 13776,
          "root": false,
          "rootEmpty": false,
          "_timeout": 2000
        },
        {
          "uuid": "83c566a9-3c20-4314-a506-4e94c66dca80",
          "title": "12 - Faça com que as cores da paleta sejam geradas aleatoriamente ao carregar a página.",
          "fullFile": "",
          "file": "",
          "beforeHooks": [],
          "afterHooks": [],
          "tests": [
            {
              "title": "Verifica se as cores geradas na paleta são diferentes a cada carregamento da página",
              "fullTitle": "12 - Faça com que as cores da paleta sejam geradas aleatoriamente ao carregar a página. Verifica se as cores geradas na paleta são diferentes a cada carregamento da página",
              "timedOut": null,
              "duration": 674,
              "state": "failed",
              "speed": null,
              "pass": false,
              "fail": true,
              "pending": false,
              "context": null,
              "code": "cy.get('.color').then(function (colors) {\n  var currentColors;\n  var previousColors;\n  previousColors = Array.from(colors).map(function (color) {\n    return Cypress.$(color).css('background-color');\n  });\n  for (var i = 0; i < 5; i += 1) {\n    cy.reload();\n    cy.get('.color').then(function (colors) {\n      currentColors = Array.from(colors).map(function (color) {\n        return Cypress.$(color).css('background-color');\n      });\n      expect(currentColors).not.to.deep.equal(previousColors);\n      previousColors = currentColors;\n    });\n  }\n});",
              "err": {
                "message": "AssertionError: expected [ Array(4) ] to not deeply equal [ Array(4) ]",
                "estack": "AssertionError: expected [ Array(4) ] to not deeply equal [ Array(4) ]\n    at getRet (http://localhost:51907/__cypress/runner/cypress_runner.js:136585:16)\n    at tryCatcher (http://localhost:51907/__cypress/runner/cypress_runner.js:167415:23)\n    at Function.Promise.attempt.Promise.try (http://localhost:51907/__cypress/runner/cypress_runner.js:164690:29)\n    at Context.thenFn (http://localhost:51907/__cypress/runner/cypress_runner.js:136599:23)\n    at Context.then (http://localhost:51907/__cypress/runner/cypress_runner.js:136971:21)\n    at Context.<anonymous> (http://localhost:51907/__cypress/runner/cypress_runner.js:148875:21)\n    at http://localhost:51907/__cypress/runner/cypress_runner.js:148351:33\n    at tryCatcher (http://localhost:51907/__cypress/runner/cypress_runner.js:167415:23)\n    at Promise._settlePromiseFromHandler (http://localhost:51907/__cypress/runner/cypress_runner.js:165351:31)\n    at Promise._settlePromise (http://localhost:51907/__cypress/runner/cypress_runner.js:165408:18)\n    at Promise._settlePromiseCtx (http://localhost:51907/__cypress/runner/cypress_runner.js:165445:10)\n    at Async../node_modules/bluebird/js/release/async.js.Async._drainQueue (http://localhost:51907/__cypress/runner/cypress_runner.js:162145:12)\n    at Async../node_modules/bluebird/js/release/async.js.Async._drainQueues (http://localhost:51907/__cypress/runner/cypress_runner.js:162150:10)\n    at Async.drainQueues (http://localhost:51907/__cypress/runner/cypress_runner.js:162024:14)",
                "diff": ""
              },
              "uuid": "12a930b2-4066-4a43-a2db-4c9d8c85b8db",
              "parentUUID": "83c566a9-3c20-4314-a506-4e94c66dca80",
              "isHook": false,
              "skipped": false
            },
            {
              "title": "Verifica se a cor preta ainda está presente e é a primeira na sua paleta de cores",
              "fullTitle": "12 - Faça com que as cores da paleta sejam geradas aleatoriamente ao carregar a página. Verifica se a cor preta ainda está presente e é a primeira na sua paleta de cores",
              "timedOut": null,
              "duration": 498,
              "state": "failed",
              "speed": null,
              "pass": false,
              "fail": true,
              "pending": false,
              "context": null,
              "code": "cy.get('.color').then(function (colors) {\n  var currentColors;\n  var previousColors;\n  previousColors = Array.from(colors).map(function (color) {\n    return Cypress.$(color).css('background-color');\n  });\n  expect(previousColors[0]).to.eq(BLACK);\n  for (var i = 0; i < 5; i += 1) {\n    cy.reload();\n    cy.get('.color').then(function (colors) {\n      currentColors = Array.from(colors).map(function (color) {\n        return Cypress.$(color).css('background-color');\n      });\n      expect(currentColors[0]).to.eq(BLACK);\n      expect(currentColors).not.to.deep.equal(previousColors);\n      previousColors = currentColors;\n    });\n  }\n});",
              "err": {
                "message": "AssertionError: expected 'rgb(95, 158, 160)' to equal 'rgb(0, 0, 0)'",
                "estack": "AssertionError: expected 'rgb(95, 158, 160)' to equal 'rgb(0, 0, 0)'\n    at getRet (http://localhost:51907/__cypress/runner/cypress_runner.js:136585:16)\n    at tryCatcher (http://localhost:51907/__cypress/runner/cypress_runner.js:167415:23)\n    at Function.Promise.attempt.Promise.try (http://localhost:51907/__cypress/runner/cypress_runner.js:164690:29)\n    at Context.thenFn (http://localhost:51907/__cypress/runner/cypress_runner.js:136599:23)\n    at Context.then (http://localhost:51907/__cypress/runner/cypress_runner.js:136971:21)\n    at Context.<anonymous> (http://localhost:51907/__cypress/runner/cypress_runner.js:148875:21)\n    at http://localhost:51907/__cypress/runner/cypress_runner.js:148351:33\n    at tryCatcher (http://localhost:51907/__cypress/runner/cypress_runner.js:167415:23)\n    at Promise._settlePromiseFromHandler (http://localhost:51907/__cypress/runner/cypress_runner.js:165351:31)\n    at Promise._settlePromise (http://localhost:51907/__cypress/runner/cypress_runner.js:165408:18)\n    at Promise._settlePromiseCtx (http://localhost:51907/__cypress/runner/cypress_runner.js:165445:10)\n    at Async../node_modules/bluebird/js/release/async.js.Async._drainQueue (http://localhost:51907/__cypress/runner/cypress_runner.js:162145:12)\n    at Async../node_modules/bluebird/js/release/async.js.Async._drainQueues (http://localhost:51907/__cypress/runner/cypress_runner.js:162150:10)\n    at Async.drainQueues (http://localhost:51907/__cypress/runner/cypress_runner.js:162024:14)",
                "diff": "- 'rgb(95, 158, 160)'\n+ 'rgb(0, 0, 0)'\n"
              },
              "uuid": "8aa39079-4b30-4b7c-a6f0-09f9a72cc69c",
              "parentUUID": "83c566a9-3c20-4314-a506-4e94c66dca80",
              "isHook": false,
              "skipped": false
            }
          ],
          "suites": [],
          "passes": [],
          "failures": [
            "12a930b2-4066-4a43-a2db-4c9d8c85b8db",
            "8aa39079-4b30-4b7c-a6f0-09f9a72cc69c"
          ],
          "pending": [],
          "skipped": [],
          "duration": 1172,
          "root": false,
          "rootEmpty": false,
          "_timeout": 2000
        }
      ],
      "passes": [],
      "failures": [],
      "pending": [],
      "skipped": [],
      "duration": 0,
      "root": true,
      "rootEmpty": true,
      "_timeout": 2000
    }
  ],
  "meta": {
    "mocha": {
      "version": "7.0.1"
    },
    "mochawesome": {
      "options": {
        "quiet": false,
        "reportFilename": "mochawesome",
        "saveHtml": false,
        "saveJson": true,
        "consoleReporter": "spec",
        "useInlineDiffs": false
      },
      "version": "4.1.0"
    },
    "marge": {
      "options": {
        "id": "default",
        "reportDir": "cypress/reports",
        "overwrite": true,
        "html": false,
        "json": true
      },
      "version": "4.1.0"
    }
  }
}