{
  "stats": {
    "suites": 12,
    "tests": 41,
    "passes": 1,
    "pending": 0,
    "failures": 40,
    "start": "2021-09-10T18:49:15.389Z",
    "end": "2021-09-10T18:52:18.319Z",
    "duration": 182930,
    "testsRegistered": 41,
    "passPercent": 2.4390243902439024,
    "pendingPercent": 0,
    "other": 0,
    "hasOther": false,
    "skipped": 0,
    "hasSkipped": false
  },
  "results": [
    {
      "uuid": "65348c85-e7c8-44d4-aad3-937cf81c55b2",
      "title": "",
      "fullFile": "cypress/integration/project.spec.js",
      "file": "cypress/integration/project.spec.js",
      "beforeHooks": [],
      "afterHooks": [],
      "tests": [],
      "suites": [
        {
          "uuid": "198390c9-99c9-4a67-9653-40c3daa7db34",
          "title": "1 - Adicione à página o título \"Paleta de Cores\".",
          "fullFile": "",
          "file": "",
          "beforeHooks": [],
          "afterHooks": [],
          "tests": [
            {
              "title": "Verifica se contém um elemento `h1` com o id `title` com o título correto",
              "fullTitle": "1 - Adicione à página o título \"Paleta de Cores\". Verifica se contém um elemento `h1` com o id `title` com o título correto",
              "timedOut": null,
              "duration": 281,
              "state": "passed",
              "speed": "slow",
              "pass": true,
              "fail": false,
              "pending": false,
              "context": null,
              "code": "cy.get('h1#title').should('contain.text', 'Paleta de Cores');",
              "err": {},
              "uuid": "a32eea5e-3596-4964-9adb-b88c4c5b8e30",
              "parentUUID": "198390c9-99c9-4a67-9653-40c3daa7db34",
              "isHook": false,
              "skipped": false
            }
          ],
          "suites": [],
          "passes": [
            "a32eea5e-3596-4964-9adb-b88c4c5b8e30"
          ],
          "failures": [],
          "pending": [],
          "skipped": [],
          "duration": 281,
          "root": false,
          "rootEmpty": false,
          "_timeout": 2000
        },
        {
          "uuid": "189ffe9f-bfa7-42f1-bde2-23aea46ec518",
          "title": "2 - Adicione à página uma paleta de quatro cores distintas.",
          "fullFile": "",
          "file": "",
          "beforeHooks": [],
          "afterHooks": [],
          "tests": [
            {
              "title": "A paleta de cores deve ser um elemento com `id` denominado `color-palette`",
              "fullTitle": "2 - Adicione à página uma paleta de quatro cores distintas. A paleta de cores deve ser um elemento com `id` denominado `color-palette`",
              "timedOut": null,
              "duration": 4505,
              "state": "failed",
              "speed": null,
              "pass": false,
              "fail": true,
              "pending": false,
              "context": null,
              "code": "cy.get('#color-palette').should('be.visible');\ncy.get('#color-palette').children('.color');",
              "err": {
                "message": "CypressError: Timed out retrying: Expected to find element: '#color-palette', but never found it.",
                "estack": "CypressError: Timed out retrying: Expected to find element: '#color-palette', but never found it.\n    at cypressErr (http://localhost:36639/__cypress/runner/cypress_runner.js:149934:9)\n    at throwErr (http://localhost:36639/__cypress/runner/cypress_runner.js:149867:11)\n    at Object.throwErrByPath (http://localhost:36639/__cypress/runner/cypress_runner.js:149915:3)\n    at retry (http://localhost:36639/__cypress/runner/cypress_runner.js:144197:19)\n    at onFailFn (http://localhost:36639/__cypress/runner/cypress_runner.js:132448:16)\n    at tryCatcher (http://localhost:36639/__cypress/runner/cypress_runner.js:167415:23)\n    at Promise._settlePromiseFromHandler (http://localhost:36639/__cypress/runner/cypress_runner.js:165351:31)\n    at Promise._settlePromise (http://localhost:36639/__cypress/runner/cypress_runner.js:165408:18)\n    at Promise._settlePromise0 (http://localhost:36639/__cypress/runner/cypress_runner.js:165453:10)\n    at Promise._settlePromises (http://localhost:36639/__cypress/runner/cypress_runner.js:165528:18)\n    at Async../node_modules/bluebird/js/release/async.js.Async._drainQueue (http://localhost:36639/__cypress/runner/cypress_runner.js:162140:16)\n    at Async../node_modules/bluebird/js/release/async.js.Async._drainQueues (http://localhost:36639/__cypress/runner/cypress_runner.js:162150:10)\n    at Async.drainQueues (http://localhost:36639/__cypress/runner/cypress_runner.js:162024:14)",
                "diff": null
              },
              "uuid": "8452c54b-59fc-4949-ad4c-960677a161d2",
              "parentUUID": "189ffe9f-bfa7-42f1-bde2-23aea46ec518",
              "isHook": false,
              "skipped": false
            },
            {
              "title": "Verifica se cada cor individual da paleta de cores possui a `classe` chamada `color`.",
              "fullTitle": "2 - Adicione à página uma paleta de quatro cores distintas. Verifica se cada cor individual da paleta de cores possui a `classe` chamada `color`.",
              "timedOut": null,
              "duration": 4485,
              "state": "failed",
              "speed": null,
              "pass": false,
              "fail": true,
              "pending": false,
              "context": null,
              "code": "cy.get('.color').should('have.length', 4).then(function (colors) {\n  for (var i = 0; i < colors.length; i++) {\n    cy.wrap(colors[i]).should('be.visible');\n  }\n});",
              "err": {
                "message": "CypressError: Timed out retrying: Expected to find element: '.color', but never found it.",
                "estack": "CypressError: Timed out retrying: Expected to find element: '.color', but never found it.\n    at cypressErr (http://localhost:36639/__cypress/runner/cypress_runner.js:149934:9)\n    at throwErr (http://localhost:36639/__cypress/runner/cypress_runner.js:149867:11)\n    at Object.throwErrByPath (http://localhost:36639/__cypress/runner/cypress_runner.js:149915:3)\n    at retry (http://localhost:36639/__cypress/runner/cypress_runner.js:144197:19)\n    at onFailFn (http://localhost:36639/__cypress/runner/cypress_runner.js:132448:16)\n    at tryCatcher (http://localhost:36639/__cypress/runner/cypress_runner.js:167415:23)\n    at Promise._settlePromiseFromHandler (http://localhost:36639/__cypress/runner/cypress_runner.js:165351:31)\n    at Promise._settlePromise (http://localhost:36639/__cypress/runner/cypress_runner.js:165408:18)\n    at Promise._settlePromise0 (http://localhost:36639/__cypress/runner/cypress_runner.js:165453:10)\n    at Promise._settlePromises (http://localhost:36639/__cypress/runner/cypress_runner.js:165528:18)\n    at Async../node_modules/bluebird/js/release/async.js.Async._drainQueue (http://localhost:36639/__cypress/runner/cypress_runner.js:162140:16)\n    at Async../node_modules/bluebird/js/release/async.js.Async._drainQueues (http://localhost:36639/__cypress/runner/cypress_runner.js:162150:10)\n    at Async.drainQueues (http://localhost:36639/__cypress/runner/cypress_runner.js:162024:14)",
                "diff": null
              },
              "uuid": "4986525b-d068-4b3c-ad75-328bfbe533a5",
              "parentUUID": "189ffe9f-bfa7-42f1-bde2-23aea46ec518",
              "isHook": false,
              "skipped": false
            },
            {
              "title": "Verifica se a cor de fundo de cada elemento da paleta é a cor que o elemento representa. **A única cor não permitida na paleta é a cor branca.**",
              "fullTitle": "2 - Adicione à página uma paleta de quatro cores distintas. Verifica se a cor de fundo de cada elemento da paleta é a cor que o elemento representa. **A única cor não permitida na paleta é a cor branca.**",
              "timedOut": null,
              "duration": 4490,
              "state": "failed",
              "speed": null,
              "pass": false,
              "fail": true,
              "pending": false,
              "context": null,
              "code": "cy.get('.color').each(function (color) {\n  cy.wrap(color).should('have.class', 'color').and('not.have.css', 'background-color', WHITE);\n  cy.wrap(color).should('have.css', 'background-color');\n});",
              "err": {
                "message": "CypressError: Timed out retrying: Expected to find element: '.color', but never found it.",
                "estack": "CypressError: Timed out retrying: Expected to find element: '.color', but never found it.\n    at cypressErr (http://localhost:36639/__cypress/runner/cypress_runner.js:149934:9)\n    at throwErr (http://localhost:36639/__cypress/runner/cypress_runner.js:149867:11)\n    at Object.throwErrByPath (http://localhost:36639/__cypress/runner/cypress_runner.js:149915:3)\n    at retry (http://localhost:36639/__cypress/runner/cypress_runner.js:144197:19)\n    at onFailFn (http://localhost:36639/__cypress/runner/cypress_runner.js:132448:16)\n    at tryCatcher (http://localhost:36639/__cypress/runner/cypress_runner.js:167415:23)\n    at Promise._settlePromiseFromHandler (http://localhost:36639/__cypress/runner/cypress_runner.js:165351:31)\n    at Promise._settlePromise (http://localhost:36639/__cypress/runner/cypress_runner.js:165408:18)\n    at Promise._settlePromise0 (http://localhost:36639/__cypress/runner/cypress_runner.js:165453:10)\n    at Promise._settlePromises (http://localhost:36639/__cypress/runner/cypress_runner.js:165528:18)\n    at Async../node_modules/bluebird/js/release/async.js.Async._drainQueue (http://localhost:36639/__cypress/runner/cypress_runner.js:162140:16)\n    at Async../node_modules/bluebird/js/release/async.js.Async._drainQueues (http://localhost:36639/__cypress/runner/cypress_runner.js:162150:10)\n    at Async.drainQueues (http://localhost:36639/__cypress/runner/cypress_runner.js:162024:14)",
                "diff": null
              },
              "uuid": "a8aa3a21-1a0a-467a-becc-16e1b2216a89",
              "parentUUID": "189ffe9f-bfa7-42f1-bde2-23aea46ec518",
              "isHook": false,
              "skipped": false
            },
            {
              "title": "Verifica se cada elemento da paleta de cores tem uma borda preta, sólida e com 1 pixel de largura;",
              "fullTitle": "2 - Adicione à página uma paleta de quatro cores distintas. Verifica se cada elemento da paleta de cores tem uma borda preta, sólida e com 1 pixel de largura;",
              "timedOut": null,
              "duration": 4452,
              "state": "failed",
              "speed": null,
              "pass": false,
              "fail": true,
              "pending": false,
              "context": null,
              "code": "cy.get('.color').each(function (color) {\n  cy.wrap(color).and('have.css', 'border', \"1px solid \".concat(BLACK)).and('have.class', 'color');\n});",
              "err": {
                "message": "CypressError: Timed out retrying: Expected to find element: '.color', but never found it.",
                "estack": "CypressError: Timed out retrying: Expected to find element: '.color', but never found it.\n    at cypressErr (http://localhost:36639/__cypress/runner/cypress_runner.js:149934:9)\n    at throwErr (http://localhost:36639/__cypress/runner/cypress_runner.js:149867:11)\n    at Object.throwErrByPath (http://localhost:36639/__cypress/runner/cypress_runner.js:149915:3)\n    at retry (http://localhost:36639/__cypress/runner/cypress_runner.js:144197:19)\n    at onFailFn (http://localhost:36639/__cypress/runner/cypress_runner.js:132448:16)\n    at tryCatcher (http://localhost:36639/__cypress/runner/cypress_runner.js:167415:23)\n    at Promise._settlePromiseFromHandler (http://localhost:36639/__cypress/runner/cypress_runner.js:165351:31)\n    at Promise._settlePromise (http://localhost:36639/__cypress/runner/cypress_runner.js:165408:18)\n    at Promise._settlePromise0 (http://localhost:36639/__cypress/runner/cypress_runner.js:165453:10)\n    at Promise._settlePromises (http://localhost:36639/__cypress/runner/cypress_runner.js:165528:18)\n    at Async../node_modules/bluebird/js/release/async.js.Async._drainQueue (http://localhost:36639/__cypress/runner/cypress_runner.js:162140:16)\n    at Async../node_modules/bluebird/js/release/async.js.Async._drainQueues (http://localhost:36639/__cypress/runner/cypress_runner.js:162150:10)\n    at Async.drainQueues (http://localhost:36639/__cypress/runner/cypress_runner.js:162024:14)",
                "diff": null
              },
              "uuid": "e4ff16a1-eb9f-43cf-a224-7ef746e91945",
              "parentUUID": "189ffe9f-bfa7-42f1-bde2-23aea46ec518",
              "isHook": false,
              "skipped": false
            },
            {
              "title": "Verifica se a paleta lista todas as cores disponíveis para utilização, lado a lado.",
              "fullTitle": "2 - Adicione à página uma paleta de quatro cores distintas. Verifica se a paleta lista todas as cores disponíveis para utilização, lado a lado.",
              "timedOut": null,
              "duration": 4385,
              "state": "failed",
              "speed": null,
              "pass": false,
              "fail": true,
              "pending": false,
              "context": null,
              "code": "cy.get('.color').then(function (colors) {\n  for (var index = 1; index < colors.length; index += 1) {\n    var currentColor = colors[index];\n    var previousColor = colors[index - 1];\n    cy.wrap(currentColor).should('be.onTheRightOf', previousColor).and('be.horizontallyAlignedWith', previousColor);\n  }\n});",
              "err": {
                "message": "CypressError: Timed out retrying: Expected to find element: '.color', but never found it.",
                "estack": "CypressError: Timed out retrying: Expected to find element: '.color', but never found it.\n    at cypressErr (http://localhost:36639/__cypress/runner/cypress_runner.js:149934:9)\n    at throwErr (http://localhost:36639/__cypress/runner/cypress_runner.js:149867:11)\n    at Object.throwErrByPath (http://localhost:36639/__cypress/runner/cypress_runner.js:149915:3)\n    at retry (http://localhost:36639/__cypress/runner/cypress_runner.js:144197:19)\n    at onFailFn (http://localhost:36639/__cypress/runner/cypress_runner.js:132448:16)\n    at tryCatcher (http://localhost:36639/__cypress/runner/cypress_runner.js:167415:23)\n    at Promise._settlePromiseFromHandler (http://localhost:36639/__cypress/runner/cypress_runner.js:165351:31)\n    at Promise._settlePromise (http://localhost:36639/__cypress/runner/cypress_runner.js:165408:18)\n    at Promise._settlePromise0 (http://localhost:36639/__cypress/runner/cypress_runner.js:165453:10)\n    at Promise._settlePromises (http://localhost:36639/__cypress/runner/cypress_runner.js:165528:18)\n    at Async../node_modules/bluebird/js/release/async.js.Async._drainQueue (http://localhost:36639/__cypress/runner/cypress_runner.js:162140:16)\n    at Async../node_modules/bluebird/js/release/async.js.Async._drainQueues (http://localhost:36639/__cypress/runner/cypress_runner.js:162150:10)\n    at Async.drainQueues (http://localhost:36639/__cypress/runner/cypress_runner.js:162024:14)",
                "diff": null
              },
              "uuid": "06228b95-a92f-4321-96c3-907f14204b0f",
              "parentUUID": "189ffe9f-bfa7-42f1-bde2-23aea46ec518",
              "isHook": false,
              "skipped": false
            },
            {
              "title": "Verifica se a paleta de cores está posicionada abaixo do título 'Paleta de Cores'",
              "fullTitle": "2 - Adicione à página uma paleta de quatro cores distintas. Verifica se a paleta de cores está posicionada abaixo do título 'Paleta de Cores'",
              "timedOut": null,
              "duration": 4515,
              "state": "failed",
              "speed": null,
              "pass": false,
              "fail": true,
              "pending": false,
              "context": null,
              "code": "cy.get('h1#title').then(function (title) {\n  cy.get('#color-palette').should('be.belowOf', title);\n});",
              "err": {
                "message": "CypressError: Timed out retrying: Expected to find element: '#color-palette', but never found it.",
                "estack": "CypressError: Timed out retrying: Expected to find element: '#color-palette', but never found it.\n    at cypressErr (http://localhost:36639/__cypress/runner/cypress_runner.js:149934:9)\n    at throwErr (http://localhost:36639/__cypress/runner/cypress_runner.js:149867:11)\n    at Object.throwErrByPath (http://localhost:36639/__cypress/runner/cypress_runner.js:149915:3)\n    at retry (http://localhost:36639/__cypress/runner/cypress_runner.js:144197:19)\n    at onFailFn (http://localhost:36639/__cypress/runner/cypress_runner.js:132448:16)\n    at tryCatcher (http://localhost:36639/__cypress/runner/cypress_runner.js:167415:23)\n    at Promise._settlePromiseFromHandler (http://localhost:36639/__cypress/runner/cypress_runner.js:165351:31)\n    at Promise._settlePromise (http://localhost:36639/__cypress/runner/cypress_runner.js:165408:18)\n    at Promise._settlePromise0 (http://localhost:36639/__cypress/runner/cypress_runner.js:165453:10)\n    at Promise._settlePromises (http://localhost:36639/__cypress/runner/cypress_runner.js:165528:18)\n    at Async../node_modules/bluebird/js/release/async.js.Async._drainQueue (http://localhost:36639/__cypress/runner/cypress_runner.js:162140:16)\n    at Async../node_modules/bluebird/js/release/async.js.Async._drainQueues (http://localhost:36639/__cypress/runner/cypress_runner.js:162150:10)\n    at Async.drainQueues (http://localhost:36639/__cypress/runner/cypress_runner.js:162024:14)",
                "diff": null
              },
              "uuid": "e85d80e8-5cef-4e71-9aa7-e1c4b26f9828",
              "parentUUID": "189ffe9f-bfa7-42f1-bde2-23aea46ec518",
              "isHook": false,
              "skipped": false
            },
            {
              "title": "Verifica se a paleta de cores não contém cores repetidas.",
              "fullTitle": "2 - Adicione à página uma paleta de quatro cores distintas. Verifica se a paleta de cores não contém cores repetidas.",
              "timedOut": null,
              "duration": 4485,
              "state": "failed",
              "speed": null,
              "pass": false,
              "fail": true,
              "pending": false,
              "context": null,
              "code": "cy.get('.color').then(function (colors) {\n  var allColors = Array.from(colors).map(function (color) {\n    return Cypress.$(color).css('background-color');\n  });\n  cy.log(allColors);\n  var uniqColors = (0, _toConsumableArray2[\"default\"])(new Set(allColors));\n  cy.log(uniqColors);\n  expect(allColors.length).to.eq(uniqColors.length);\n});",
              "err": {
                "message": "CypressError: Timed out retrying: Expected to find element: '.color', but never found it.",
                "estack": "CypressError: Timed out retrying: Expected to find element: '.color', but never found it.\n    at cypressErr (http://localhost:36639/__cypress/runner/cypress_runner.js:149934:9)\n    at throwErr (http://localhost:36639/__cypress/runner/cypress_runner.js:149867:11)\n    at Object.throwErrByPath (http://localhost:36639/__cypress/runner/cypress_runner.js:149915:3)\n    at retry (http://localhost:36639/__cypress/runner/cypress_runner.js:144197:19)\n    at onFailFn (http://localhost:36639/__cypress/runner/cypress_runner.js:132448:16)\n    at tryCatcher (http://localhost:36639/__cypress/runner/cypress_runner.js:167415:23)\n    at Promise._settlePromiseFromHandler (http://localhost:36639/__cypress/runner/cypress_runner.js:165351:31)\n    at Promise._settlePromise (http://localhost:36639/__cypress/runner/cypress_runner.js:165408:18)\n    at Promise._settlePromise0 (http://localhost:36639/__cypress/runner/cypress_runner.js:165453:10)\n    at Promise._settlePromises (http://localhost:36639/__cypress/runner/cypress_runner.js:165528:18)\n    at Async../node_modules/bluebird/js/release/async.js.Async._drainQueue (http://localhost:36639/__cypress/runner/cypress_runner.js:162140:16)\n    at Async../node_modules/bluebird/js/release/async.js.Async._drainQueues (http://localhost:36639/__cypress/runner/cypress_runner.js:162150:10)\n    at Async.drainQueues (http://localhost:36639/__cypress/runner/cypress_runner.js:162024:14)",
                "diff": null
              },
              "uuid": "89dcc709-f864-4aa8-a793-6d4b97269073",
              "parentUUID": "189ffe9f-bfa7-42f1-bde2-23aea46ec518",
              "isHook": false,
              "skipped": false
            }
          ],
          "suites": [],
          "passes": [],
          "failures": [
            "8452c54b-59fc-4949-ad4c-960677a161d2",
            "4986525b-d068-4b3c-ad75-328bfbe533a5",
            "a8aa3a21-1a0a-467a-becc-16e1b2216a89",
            "e4ff16a1-eb9f-43cf-a224-7ef746e91945",
            "06228b95-a92f-4321-96c3-907f14204b0f",
            "e85d80e8-5cef-4e71-9aa7-e1c4b26f9828",
            "89dcc709-f864-4aa8-a793-6d4b97269073"
          ],
          "pending": [],
          "skipped": [],
          "duration": 31317,
          "root": false,
          "rootEmpty": false,
          "_timeout": 2000
        },
        {
          "uuid": "02b818e9-d14f-4946-a447-fb7b837ec465",
          "title": "3 - Adicione a cor **preta** como a primeira cor da paleta de cores.",
          "fullFile": "",
          "file": "",
          "beforeHooks": [],
          "afterHooks": [],
          "tests": [
            {
              "title": "Verifica se a primeira cor da paleta é preta",
              "fullTitle": "3 - Adicione a cor **preta** como a primeira cor da paleta de cores. Verifica se a primeira cor da paleta é preta",
              "timedOut": null,
              "duration": 4465,
              "state": "failed",
              "speed": null,
              "pass": false,
              "fail": true,
              "pending": false,
              "context": null,
              "code": "cy.get('.color').first().should('have.css', 'background-color', BLACK);",
              "err": {
                "message": "CypressError: Timed out retrying: Expected to find element: '.color', but never found it.",
                "estack": "CypressError: Timed out retrying: Expected to find element: '.color', but never found it.\n    at cypressErr (http://localhost:36639/__cypress/runner/cypress_runner.js:149934:9)\n    at throwErr (http://localhost:36639/__cypress/runner/cypress_runner.js:149867:11)\n    at Object.throwErrByPath (http://localhost:36639/__cypress/runner/cypress_runner.js:149915:3)\n    at retry (http://localhost:36639/__cypress/runner/cypress_runner.js:144197:19)\n    at onFailFn (http://localhost:36639/__cypress/runner/cypress_runner.js:132448:16)\n    at tryCatcher (http://localhost:36639/__cypress/runner/cypress_runner.js:167415:23)\n    at Promise._settlePromiseFromHandler (http://localhost:36639/__cypress/runner/cypress_runner.js:165351:31)\n    at Promise._settlePromise (http://localhost:36639/__cypress/runner/cypress_runner.js:165408:18)\n    at Promise._settlePromise0 (http://localhost:36639/__cypress/runner/cypress_runner.js:165453:10)\n    at Promise._settlePromises (http://localhost:36639/__cypress/runner/cypress_runner.js:165528:18)\n    at Async../node_modules/bluebird/js/release/async.js.Async._drainQueue (http://localhost:36639/__cypress/runner/cypress_runner.js:162140:16)\n    at Async../node_modules/bluebird/js/release/async.js.Async._drainQueues (http://localhost:36639/__cypress/runner/cypress_runner.js:162150:10)\n    at Async.drainQueues (http://localhost:36639/__cypress/runner/cypress_runner.js:162024:14)",
                "diff": null
              },
              "uuid": "255722ad-73a4-453a-807f-e031a081fd77",
              "parentUUID": "02b818e9-d14f-4946-a447-fb7b837ec465",
              "isHook": false,
              "skipped": false
            },
            {
              "title": "Verifica se as demais cores podem ser escolhidas livremente.",
              "fullTitle": "3 - Adicione a cor **preta** como a primeira cor da paleta de cores. Verifica se as demais cores podem ser escolhidas livremente.",
              "timedOut": null,
              "duration": 4463,
              "state": "failed",
              "speed": null,
              "pass": false,
              "fail": true,
              "pending": false,
              "context": null,
              "code": "cy.get('.color').eq(1).should('not.have.css', 'background-color', BLACK);\ncy.get('.color').eq(1).should('not.have.css', 'background-color', WHITE);\ncy.get('.color').eq(1).should('not.have.css', 'background-color', 'rgba(0, 0, 0, 0)');\ncy.get('.color').eq(1).should('have.css', 'background-color');\ncy.get('.color').eq(2).should('not.have.css', 'background-color', BLACK);\ncy.get('.color').eq(2).should('not.have.css', 'background-color', WHITE);\ncy.get('.color').eq(2).should('not.have.css', 'background-color', 'rgba(0, 0, 0, 0)');\ncy.get('.color').eq(2).should('have.css', 'background-color');\ncy.get('.color').eq(3).should('not.have.css', 'background-color', BLACK);\ncy.get('.color').eq(3).should('not.have.css', 'background-color', WHITE);\ncy.get('.color').eq(3).should('not.have.css', 'background-color', 'rgba(0, 0, 0, 0)');\ncy.get('.color').eq(3).should('have.css', 'background-color');",
              "err": {
                "message": "CypressError: Timed out retrying: Expected to find element: '.color', but never found it.",
                "estack": "CypressError: Timed out retrying: Expected to find element: '.color', but never found it.\n    at cypressErr (http://localhost:36639/__cypress/runner/cypress_runner.js:149934:9)\n    at throwErr (http://localhost:36639/__cypress/runner/cypress_runner.js:149867:11)\n    at Object.throwErrByPath (http://localhost:36639/__cypress/runner/cypress_runner.js:149915:3)\n    at retry (http://localhost:36639/__cypress/runner/cypress_runner.js:144197:19)\n    at onFailFn (http://localhost:36639/__cypress/runner/cypress_runner.js:132448:16)\n    at tryCatcher (http://localhost:36639/__cypress/runner/cypress_runner.js:167415:23)\n    at Promise._settlePromiseFromHandler (http://localhost:36639/__cypress/runner/cypress_runner.js:165351:31)\n    at Promise._settlePromise (http://localhost:36639/__cypress/runner/cypress_runner.js:165408:18)\n    at Promise._settlePromise0 (http://localhost:36639/__cypress/runner/cypress_runner.js:165453:10)\n    at Promise._settlePromises (http://localhost:36639/__cypress/runner/cypress_runner.js:165528:18)\n    at Async../node_modules/bluebird/js/release/async.js.Async._drainQueue (http://localhost:36639/__cypress/runner/cypress_runner.js:162140:16)\n    at Async../node_modules/bluebird/js/release/async.js.Async._drainQueues (http://localhost:36639/__cypress/runner/cypress_runner.js:162150:10)\n    at Async.drainQueues (http://localhost:36639/__cypress/runner/cypress_runner.js:162024:14)",
                "diff": null
              },
              "uuid": "b964179a-8caf-4f75-b06e-d22d9940d50d",
              "parentUUID": "02b818e9-d14f-4946-a447-fb7b837ec465",
              "isHook": false,
              "skipped": false
            }
          ],
          "suites": [],
          "passes": [],
          "failures": [
            "255722ad-73a4-453a-807f-e031a081fd77",
            "b964179a-8caf-4f75-b06e-d22d9940d50d"
          ],
          "pending": [],
          "skipped": [],
          "duration": 8928,
          "root": false,
          "rootEmpty": false,
          "_timeout": 2000
        },
        {
          "uuid": "9eb5eebf-e8a9-425e-9636-887f12476dd9",
          "title": "4 - Adicione à página um quadro de pixels, com 25 pixels.",
          "fullFile": "",
          "file": "",
          "beforeHooks": [],
          "afterHooks": [],
          "tests": [
            {
              "title": "Verifica se o quadro de pixels possui o `id` denominado `pixel-board`",
              "fullTitle": "4 - Adicione à página um quadro de pixels, com 25 pixels. Verifica se o quadro de pixels possui o `id` denominado `pixel-board`",
              "timedOut": null,
              "duration": 4486,
              "state": "failed",
              "speed": null,
              "pass": false,
              "fail": true,
              "pending": false,
              "context": null,
              "code": "cy.get('#pixel-board').should('be.visible');",
              "err": {
                "message": "CypressError: Timed out retrying: Expected to find element: '#pixel-board', but never found it.",
                "estack": "CypressError: Timed out retrying: Expected to find element: '#pixel-board', but never found it.\n    at cypressErr (http://localhost:36639/__cypress/runner/cypress_runner.js:149934:9)\n    at throwErr (http://localhost:36639/__cypress/runner/cypress_runner.js:149867:11)\n    at Object.throwErrByPath (http://localhost:36639/__cypress/runner/cypress_runner.js:149915:3)\n    at retry (http://localhost:36639/__cypress/runner/cypress_runner.js:144197:19)\n    at onFailFn (http://localhost:36639/__cypress/runner/cypress_runner.js:132448:16)\n    at tryCatcher (http://localhost:36639/__cypress/runner/cypress_runner.js:167415:23)\n    at Promise._settlePromiseFromHandler (http://localhost:36639/__cypress/runner/cypress_runner.js:165351:31)\n    at Promise._settlePromise (http://localhost:36639/__cypress/runner/cypress_runner.js:165408:18)\n    at Promise._settlePromise0 (http://localhost:36639/__cypress/runner/cypress_runner.js:165453:10)\n    at Promise._settlePromises (http://localhost:36639/__cypress/runner/cypress_runner.js:165528:18)\n    at Async../node_modules/bluebird/js/release/async.js.Async._drainQueue (http://localhost:36639/__cypress/runner/cypress_runner.js:162140:16)\n    at Async../node_modules/bluebird/js/release/async.js.Async._drainQueues (http://localhost:36639/__cypress/runner/cypress_runner.js:162150:10)\n    at Async.drainQueues (http://localhost:36639/__cypress/runner/cypress_runner.js:162024:14)",
                "diff": null
              },
              "uuid": "c695711b-0ffb-4fcd-9172-97295463b139",
              "parentUUID": "9eb5eebf-e8a9-425e-9636-887f12476dd9",
              "isHook": false,
              "skipped": false
            },
            {
              "title": "Verifica se cada pixel individual dentro do quadro possui a `classe` denominada `pixel`.",
              "fullTitle": "4 - Adicione à página um quadro de pixels, com 25 pixels. Verifica se cada pixel individual dentro do quadro possui a `classe` denominada `pixel`.",
              "timedOut": null,
              "duration": 4483,
              "state": "failed",
              "speed": null,
              "pass": false,
              "fail": true,
              "pending": false,
              "context": null,
              "code": "cy.get('.pixel').should('have.length', 25);",
              "err": {
                "message": "CypressError: Timed out retrying: Expected to find element: '.pixel', but never found it.",
                "estack": "CypressError: Timed out retrying: Expected to find element: '.pixel', but never found it.\n    at cypressErr (http://localhost:36639/__cypress/runner/cypress_runner.js:149934:9)\n    at throwErr (http://localhost:36639/__cypress/runner/cypress_runner.js:149867:11)\n    at Object.throwErrByPath (http://localhost:36639/__cypress/runner/cypress_runner.js:149915:3)\n    at retry (http://localhost:36639/__cypress/runner/cypress_runner.js:144197:19)\n    at onFailFn (http://localhost:36639/__cypress/runner/cypress_runner.js:132448:16)\n    at tryCatcher (http://localhost:36639/__cypress/runner/cypress_runner.js:167415:23)\n    at Promise._settlePromiseFromHandler (http://localhost:36639/__cypress/runner/cypress_runner.js:165351:31)\n    at Promise._settlePromise (http://localhost:36639/__cypress/runner/cypress_runner.js:165408:18)\n    at Promise._settlePromise0 (http://localhost:36639/__cypress/runner/cypress_runner.js:165453:10)\n    at Promise._settlePromises (http://localhost:36639/__cypress/runner/cypress_runner.js:165528:18)\n    at Async../node_modules/bluebird/js/release/async.js.Async._drainQueue (http://localhost:36639/__cypress/runner/cypress_runner.js:162140:16)\n    at Async../node_modules/bluebird/js/release/async.js.Async._drainQueues (http://localhost:36639/__cypress/runner/cypress_runner.js:162150:10)\n    at Async.drainQueues (http://localhost:36639/__cypress/runner/cypress_runner.js:162024:14)",
                "diff": null
              },
              "uuid": "84dfefde-ff26-4d14-b039-a7ca1afc50ac",
              "parentUUID": "9eb5eebf-e8a9-425e-9636-887f12476dd9",
              "isHook": false,
              "skipped": false
            },
            {
              "title": "Verifica se a cor inicial dos pixels dentro do quadro, ao abrir a página, é branca.",
              "fullTitle": "4 - Adicione à página um quadro de pixels, com 25 pixels. Verifica se a cor inicial dos pixels dentro do quadro, ao abrir a página, é branca.",
              "timedOut": null,
              "duration": 4494,
              "state": "failed",
              "speed": null,
              "pass": false,
              "fail": true,
              "pending": false,
              "context": null,
              "code": "cy.get('.pixel').should('have.length', 25).each(function (pixel) {\n  expect(pixel).to.have.css('background-color', WHITE);\n});",
              "err": {
                "message": "CypressError: Timed out retrying: Expected to find element: '.pixel', but never found it.",
                "estack": "CypressError: Timed out retrying: Expected to find element: '.pixel', but never found it.\n    at cypressErr (http://localhost:36639/__cypress/runner/cypress_runner.js:149934:9)\n    at throwErr (http://localhost:36639/__cypress/runner/cypress_runner.js:149867:11)\n    at Object.throwErrByPath (http://localhost:36639/__cypress/runner/cypress_runner.js:149915:3)\n    at retry (http://localhost:36639/__cypress/runner/cypress_runner.js:144197:19)\n    at onFailFn (http://localhost:36639/__cypress/runner/cypress_runner.js:132448:16)\n    at tryCatcher (http://localhost:36639/__cypress/runner/cypress_runner.js:167415:23)\n    at Promise._settlePromiseFromHandler (http://localhost:36639/__cypress/runner/cypress_runner.js:165351:31)\n    at Promise._settlePromise (http://localhost:36639/__cypress/runner/cypress_runner.js:165408:18)\n    at Promise._settlePromise0 (http://localhost:36639/__cypress/runner/cypress_runner.js:165453:10)\n    at Promise._settlePromises (http://localhost:36639/__cypress/runner/cypress_runner.js:165528:18)\n    at Async../node_modules/bluebird/js/release/async.js.Async._drainQueue (http://localhost:36639/__cypress/runner/cypress_runner.js:162140:16)\n    at Async../node_modules/bluebird/js/release/async.js.Async._drainQueues (http://localhost:36639/__cypress/runner/cypress_runner.js:162150:10)\n    at Async.drainQueues (http://localhost:36639/__cypress/runner/cypress_runner.js:162024:14)",
                "diff": null
              },
              "uuid": "0dded803-d0df-4d9b-a78f-d83d5b6e6b95",
              "parentUUID": "9eb5eebf-e8a9-425e-9636-887f12476dd9",
              "isHook": false,
              "skipped": false
            },
            {
              "title": "Verifica se o quadro de pixels aparece abaixo da paleta de cores",
              "fullTitle": "4 - Adicione à página um quadro de pixels, com 25 pixels. Verifica se o quadro de pixels aparece abaixo da paleta de cores",
              "timedOut": null,
              "duration": 4531,
              "state": "failed",
              "speed": null,
              "pass": false,
              "fail": true,
              "pending": false,
              "context": null,
              "code": "cy.get('#color-palette').then(function (palette) {\n  cy.get('#pixel-board').should('be.belowOf', palette);\n});",
              "err": {
                "message": "CypressError: Timed out retrying: Expected to find element: '#color-palette', but never found it.",
                "estack": "CypressError: Timed out retrying: Expected to find element: '#color-palette', but never found it.\n    at cypressErr (http://localhost:36639/__cypress/runner/cypress_runner.js:149934:9)\n    at throwErr (http://localhost:36639/__cypress/runner/cypress_runner.js:149867:11)\n    at Object.throwErrByPath (http://localhost:36639/__cypress/runner/cypress_runner.js:149915:3)\n    at retry (http://localhost:36639/__cypress/runner/cypress_runner.js:144197:19)\n    at onFailFn (http://localhost:36639/__cypress/runner/cypress_runner.js:132448:16)\n    at tryCatcher (http://localhost:36639/__cypress/runner/cypress_runner.js:167415:23)\n    at Promise._settlePromiseFromHandler (http://localhost:36639/__cypress/runner/cypress_runner.js:165351:31)\n    at Promise._settlePromise (http://localhost:36639/__cypress/runner/cypress_runner.js:165408:18)\n    at Promise._settlePromise0 (http://localhost:36639/__cypress/runner/cypress_runner.js:165453:10)\n    at Promise._settlePromises (http://localhost:36639/__cypress/runner/cypress_runner.js:165528:18)\n    at Async../node_modules/bluebird/js/release/async.js.Async._drainQueue (http://localhost:36639/__cypress/runner/cypress_runner.js:162140:16)\n    at Async../node_modules/bluebird/js/release/async.js.Async._drainQueues (http://localhost:36639/__cypress/runner/cypress_runner.js:162150:10)\n    at Async.drainQueues (http://localhost:36639/__cypress/runner/cypress_runner.js:162024:14)",
                "diff": null
              },
              "uuid": "c957d93d-e75f-49bd-aa95-28b6ce797659",
              "parentUUID": "9eb5eebf-e8a9-425e-9636-887f12476dd9",
              "isHook": false,
              "skipped": false
            }
          ],
          "suites": [],
          "passes": [],
          "failures": [
            "c695711b-0ffb-4fcd-9172-97295463b139",
            "84dfefde-ff26-4d14-b039-a7ca1afc50ac",
            "0dded803-d0df-4d9b-a78f-d83d5b6e6b95",
            "c957d93d-e75f-49bd-aa95-28b6ce797659"
          ],
          "pending": [],
          "skipped": [],
          "duration": 17994,
          "root": false,
          "rootEmpty": false,
          "_timeout": 2000
        },
        {
          "uuid": "f4ad2bc0-114d-47d7-a334-118578bfc392",
          "title": "5 - Faça com que cada elemento do quadro de pixels possua 40 pixels de largura, 40 pixels de altura e seja delimitado por uma borda preta de 1 pixel.",
          "fullFile": "",
          "file": "",
          "beforeHooks": [],
          "afterHooks": [],
          "tests": [
            {
              "title": "Verifica se o quadro de pixels tem altura e comprimento de 5 elementos",
              "fullTitle": "5 - Faça com que cada elemento do quadro de pixels possua 40 pixels de largura, 40 pixels de altura e seja delimitado por uma borda preta de 1 pixel. Verifica se o quadro de pixels tem altura e comprimento de 5 elementos",
              "timedOut": null,
              "duration": 4505,
              "state": "failed",
              "speed": null,
              "pass": false,
              "fail": true,
              "pending": false,
              "context": null,
              "code": "cy.get('.pixel').should('have.length', 25).each(function (pixel) {\n  expect(pixel).to.have.css('background-color', WHITE);\n}).and(function (pixels) {\n  var rows = chunk(pixels, 5);\n  rows.forEach(function (row) {\n    for (var index = 1; index < row.length; index += 1) {\n      var current = pixels[index];\n      var previous = pixels[index - 1];\n      cy.wrap(current).should('be.onTheRightOf', previous).and('be.horizontallyAlignedWith', previous);\n    }\n  });\n  for (var index = 1; index < 5; index += 1) {\n    expect(pixels[index * 5]).to.be.belowOf(pixels[(index - 1) * 5]);\n  }\n});",
              "err": {
                "message": "CypressError: Timed out retrying: Expected to find element: '.pixel', but never found it.",
                "estack": "CypressError: Timed out retrying: Expected to find element: '.pixel', but never found it.\n    at cypressErr (http://localhost:36639/__cypress/runner/cypress_runner.js:149934:9)\n    at throwErr (http://localhost:36639/__cypress/runner/cypress_runner.js:149867:11)\n    at Object.throwErrByPath (http://localhost:36639/__cypress/runner/cypress_runner.js:149915:3)\n    at retry (http://localhost:36639/__cypress/runner/cypress_runner.js:144197:19)\n    at onFailFn (http://localhost:36639/__cypress/runner/cypress_runner.js:132448:16)\n    at tryCatcher (http://localhost:36639/__cypress/runner/cypress_runner.js:167415:23)\n    at Promise._settlePromiseFromHandler (http://localhost:36639/__cypress/runner/cypress_runner.js:165351:31)\n    at Promise._settlePromise (http://localhost:36639/__cypress/runner/cypress_runner.js:165408:18)\n    at Promise._settlePromise0 (http://localhost:36639/__cypress/runner/cypress_runner.js:165453:10)\n    at Promise._settlePromises (http://localhost:36639/__cypress/runner/cypress_runner.js:165528:18)\n    at Async../node_modules/bluebird/js/release/async.js.Async._drainQueue (http://localhost:36639/__cypress/runner/cypress_runner.js:162140:16)\n    at Async../node_modules/bluebird/js/release/async.js.Async._drainQueues (http://localhost:36639/__cypress/runner/cypress_runner.js:162150:10)\n    at Async.drainQueues (http://localhost:36639/__cypress/runner/cypress_runner.js:162024:14)",
                "diff": null
              },
              "uuid": "41804d44-6c15-47aa-9493-447d8a3d8182",
              "parentUUID": "f4ad2bc0-114d-47d7-a334-118578bfc392",
              "isHook": false,
              "skipped": false
            },
            {
              "title": "Verifica se 40 pixels é o tamanho total do elemento, incluindo seu conteúdo e excluindo a borda preta, que deve ser criada à parte.",
              "fullTitle": "5 - Faça com que cada elemento do quadro de pixels possua 40 pixels de largura, 40 pixels de altura e seja delimitado por uma borda preta de 1 pixel. Verifica se 40 pixels é o tamanho total do elemento, incluindo seu conteúdo e excluindo a borda preta, que deve ser criada à parte.",
              "timedOut": null,
              "duration": 4510,
              "state": "failed",
              "speed": null,
              "pass": false,
              "fail": true,
              "pending": false,
              "context": null,
              "code": "cy.get('.pixel').each(function (pixel) {\n  cy.wrap(pixel).should('have.css', 'height', '40px').and('have.css', 'width', '40px').and('have.css', 'border', \"1px solid \".concat(BLACK));\n});",
              "err": {
                "message": "CypressError: Timed out retrying: Expected to find element: '.pixel', but never found it.",
                "estack": "CypressError: Timed out retrying: Expected to find element: '.pixel', but never found it.\n    at cypressErr (http://localhost:36639/__cypress/runner/cypress_runner.js:149934:9)\n    at throwErr (http://localhost:36639/__cypress/runner/cypress_runner.js:149867:11)\n    at Object.throwErrByPath (http://localhost:36639/__cypress/runner/cypress_runner.js:149915:3)\n    at retry (http://localhost:36639/__cypress/runner/cypress_runner.js:144197:19)\n    at onFailFn (http://localhost:36639/__cypress/runner/cypress_runner.js:132448:16)\n    at tryCatcher (http://localhost:36639/__cypress/runner/cypress_runner.js:167415:23)\n    at Promise._settlePromiseFromHandler (http://localhost:36639/__cypress/runner/cypress_runner.js:165351:31)\n    at Promise._settlePromise (http://localhost:36639/__cypress/runner/cypress_runner.js:165408:18)\n    at Promise._settlePromise0 (http://localhost:36639/__cypress/runner/cypress_runner.js:165453:10)\n    at Promise._settlePromises (http://localhost:36639/__cypress/runner/cypress_runner.js:165528:18)\n    at Async../node_modules/bluebird/js/release/async.js.Async._drainQueue (http://localhost:36639/__cypress/runner/cypress_runner.js:162140:16)\n    at Async../node_modules/bluebird/js/release/async.js.Async._drainQueues (http://localhost:36639/__cypress/runner/cypress_runner.js:162150:10)\n    at Async.drainQueues (http://localhost:36639/__cypress/runner/cypress_runner.js:162024:14)",
                "diff": null
              },
              "uuid": "78213171-f8f7-473a-a210-4ebd316fb18e",
              "parentUUID": "f4ad2bc0-114d-47d7-a334-118578bfc392",
              "isHook": false,
              "skipped": false
            }
          ],
          "suites": [],
          "passes": [],
          "failures": [
            "41804d44-6c15-47aa-9493-447d8a3d8182",
            "78213171-f8f7-473a-a210-4ebd316fb18e"
          ],
          "pending": [],
          "skipped": [],
          "duration": 9015,
          "root": false,
          "rootEmpty": false,
          "_timeout": 2000
        },
        {
          "uuid": "5756bd78-2b72-4078-af2b-cebb9e6e518a",
          "title": "6 - Defina a cor preta como cor inicial. Ao carregar a página a cor preta já deve estar selecionada para pintar os pixels",
          "fullFile": "",
          "file": "",
          "beforeHooks": [],
          "afterHooks": [],
          "tests": [
            {
              "title": "Verifica se o elemento da cor preta possui, inicialmente, a `classe` `selected`",
              "fullTitle": "6 - Defina a cor preta como cor inicial. Ao carregar a página a cor preta já deve estar selecionada para pintar os pixels Verifica se o elemento da cor preta possui, inicialmente, a `classe` `selected`",
              "timedOut": null,
              "duration": 4484,
              "state": "failed",
              "speed": null,
              "pass": false,
              "fail": true,
              "pending": false,
              "context": null,
              "code": "cy.get('.selected').first().should('have.css', 'background-color', BLACK);",
              "err": {
                "message": "CypressError: Timed out retrying: Expected to find element: '.selected', but never found it.",
                "estack": "CypressError: Timed out retrying: Expected to find element: '.selected', but never found it.\n    at cypressErr (http://localhost:36639/__cypress/runner/cypress_runner.js:149934:9)\n    at throwErr (http://localhost:36639/__cypress/runner/cypress_runner.js:149867:11)\n    at Object.throwErrByPath (http://localhost:36639/__cypress/runner/cypress_runner.js:149915:3)\n    at retry (http://localhost:36639/__cypress/runner/cypress_runner.js:144197:19)\n    at onFailFn (http://localhost:36639/__cypress/runner/cypress_runner.js:132448:16)\n    at tryCatcher (http://localhost:36639/__cypress/runner/cypress_runner.js:167415:23)\n    at Promise._settlePromiseFromHandler (http://localhost:36639/__cypress/runner/cypress_runner.js:165351:31)\n    at Promise._settlePromise (http://localhost:36639/__cypress/runner/cypress_runner.js:165408:18)\n    at Promise._settlePromise0 (http://localhost:36639/__cypress/runner/cypress_runner.js:165453:10)\n    at Promise._settlePromises (http://localhost:36639/__cypress/runner/cypress_runner.js:165528:18)\n    at Async../node_modules/bluebird/js/release/async.js.Async._drainQueue (http://localhost:36639/__cypress/runner/cypress_runner.js:162140:16)\n    at Async../node_modules/bluebird/js/release/async.js.Async._drainQueues (http://localhost:36639/__cypress/runner/cypress_runner.js:162150:10)\n    at Async.drainQueues (http://localhost:36639/__cypress/runner/cypress_runner.js:162024:14)",
                "diff": null
              },
              "uuid": "fb936e7f-eaa4-47dd-b3ae-f40e93dd420c",
              "parentUUID": "5756bd78-2b72-4078-af2b-cebb9e6e518a",
              "isHook": false,
              "skipped": false
            },
            {
              "title": "Verifica se nenhuma outra cor da paleta tem a `classe` `selected`",
              "fullTitle": "6 - Defina a cor preta como cor inicial. Ao carregar a página a cor preta já deve estar selecionada para pintar os pixels Verifica se nenhuma outra cor da paleta tem a `classe` `selected`",
              "timedOut": null,
              "duration": 4486,
              "state": "failed",
              "speed": null,
              "pass": false,
              "fail": true,
              "pending": false,
              "context": null,
              "code": "cy.get('.color:not(:first-child)').each(function (color) {\n  cy.wrap(color).should('not.have.class', 'selected');\n});",
              "err": {
                "message": "CypressError: Timed out retrying: Expected to find element: '.color:not(:first-child)', but never found it.",
                "estack": "CypressError: Timed out retrying: Expected to find element: '.color:not(:first-child)', but never found it.\n    at cypressErr (http://localhost:36639/__cypress/runner/cypress_runner.js:149934:9)\n    at throwErr (http://localhost:36639/__cypress/runner/cypress_runner.js:149867:11)\n    at Object.throwErrByPath (http://localhost:36639/__cypress/runner/cypress_runner.js:149915:3)\n    at retry (http://localhost:36639/__cypress/runner/cypress_runner.js:144197:19)\n    at onFailFn (http://localhost:36639/__cypress/runner/cypress_runner.js:132448:16)\n    at tryCatcher (http://localhost:36639/__cypress/runner/cypress_runner.js:167415:23)\n    at Promise._settlePromiseFromHandler (http://localhost:36639/__cypress/runner/cypress_runner.js:165351:31)\n    at Promise._settlePromise (http://localhost:36639/__cypress/runner/cypress_runner.js:165408:18)\n    at Promise._settlePromise0 (http://localhost:36639/__cypress/runner/cypress_runner.js:165453:10)\n    at Promise._settlePromises (http://localhost:36639/__cypress/runner/cypress_runner.js:165528:18)\n    at Async../node_modules/bluebird/js/release/async.js.Async._drainQueue (http://localhost:36639/__cypress/runner/cypress_runner.js:162140:16)\n    at Async../node_modules/bluebird/js/release/async.js.Async._drainQueues (http://localhost:36639/__cypress/runner/cypress_runner.js:162150:10)\n    at Async.drainQueues (http://localhost:36639/__cypress/runner/cypress_runner.js:162024:14)",
                "diff": null
              },
              "uuid": "a67adafd-4d97-44c0-b175-188bc8c6f2a6",
              "parentUUID": "5756bd78-2b72-4078-af2b-cebb9e6e518a",
              "isHook": false,
              "skipped": false
            }
          ],
          "suites": [],
          "passes": [],
          "failures": [
            "fb936e7f-eaa4-47dd-b3ae-f40e93dd420c",
            "a67adafd-4d97-44c0-b175-188bc8c6f2a6"
          ],
          "pending": [],
          "skipped": [],
          "duration": 8970,
          "root": false,
          "rootEmpty": false,
          "_timeout": 2000
        },
        {
          "uuid": "c0739d78-2382-4315-abd6-8901ed0de69f",
          "title": "7 - Clicar em uma das cores da paleta, faz com que ela seja selecionada e utilizada para preencher os pixels no quadro.",
          "fullFile": "",
          "file": "",
          "beforeHooks": [],
          "afterHooks": [],
          "tests": [
            {
              "title": "Verifica se somente uma cor da paleta de cores tem a classe `selected` de cada vez",
              "fullTitle": "7 - Clicar em uma das cores da paleta, faz com que ela seja selecionada e utilizada para preencher os pixels no quadro. Verifica se somente uma cor da paleta de cores tem a classe `selected` de cada vez",
              "timedOut": null,
              "duration": 4496,
              "state": "failed",
              "speed": null,
              "pass": false,
              "fail": true,
              "pending": false,
              "context": null,
              "code": "cy.get('.color').each(function (selectedColor, selectedColorIndex) {\n  cy.wrap(selectedColor).click();\n  cy.get('.color').each(function (color, colorIndex) {\n    if (colorIndex === selectedColorIndex) {\n      expect(color).to.have[\"class\"]('selected');\n    } else {\n      expect(color).not.to.have[\"class\"]('selected');\n    }\n  });\n});",
              "err": {
                "message": "CypressError: Timed out retrying: Expected to find element: '.color', but never found it.",
                "estack": "CypressError: Timed out retrying: Expected to find element: '.color', but never found it.\n    at cypressErr (http://localhost:36639/__cypress/runner/cypress_runner.js:149934:9)\n    at throwErr (http://localhost:36639/__cypress/runner/cypress_runner.js:149867:11)\n    at Object.throwErrByPath (http://localhost:36639/__cypress/runner/cypress_runner.js:149915:3)\n    at retry (http://localhost:36639/__cypress/runner/cypress_runner.js:144197:19)\n    at onFailFn (http://localhost:36639/__cypress/runner/cypress_runner.js:132448:16)\n    at tryCatcher (http://localhost:36639/__cypress/runner/cypress_runner.js:167415:23)\n    at Promise._settlePromiseFromHandler (http://localhost:36639/__cypress/runner/cypress_runner.js:165351:31)\n    at Promise._settlePromise (http://localhost:36639/__cypress/runner/cypress_runner.js:165408:18)\n    at Promise._settlePromise0 (http://localhost:36639/__cypress/runner/cypress_runner.js:165453:10)\n    at Promise._settlePromises (http://localhost:36639/__cypress/runner/cypress_runner.js:165528:18)\n    at Async../node_modules/bluebird/js/release/async.js.Async._drainQueue (http://localhost:36639/__cypress/runner/cypress_runner.js:162140:16)\n    at Async../node_modules/bluebird/js/release/async.js.Async._drainQueues (http://localhost:36639/__cypress/runner/cypress_runner.js:162150:10)\n    at Async.drainQueues (http://localhost:36639/__cypress/runner/cypress_runner.js:162024:14)",
                "diff": null
              },
              "uuid": "bd6357a3-0de1-4271-ae3f-41c165d749a0",
              "parentUUID": "c0739d78-2382-4315-abd6-8901ed0de69f",
              "isHook": false,
              "skipped": false
            },
            {
              "title": "Verifica se os pixels dentro do quadro não têm a classe `selected` quando são clicados",
              "fullTitle": "7 - Clicar em uma das cores da paleta, faz com que ela seja selecionada e utilizada para preencher os pixels no quadro. Verifica se os pixels dentro do quadro não têm a classe `selected` quando são clicados",
              "timedOut": null,
              "duration": 4491,
              "state": "failed",
              "speed": null,
              "pass": false,
              "fail": true,
              "pending": false,
              "context": null,
              "code": "cy.get('.color').each(function (color) {\n  var backgroundColor = color.css('background-color');\n  cy.wrap(color).click();\n  cy.get('.pixel').each(function (pixel) {\n    cy.wrap(pixel).click().should('not.have.class', 'selected');\n  });\n});",
              "err": {
                "message": "CypressError: Timed out retrying: Expected to find element: '.color', but never found it.",
                "estack": "CypressError: Timed out retrying: Expected to find element: '.color', but never found it.\n    at cypressErr (http://localhost:36639/__cypress/runner/cypress_runner.js:149934:9)\n    at throwErr (http://localhost:36639/__cypress/runner/cypress_runner.js:149867:11)\n    at Object.throwErrByPath (http://localhost:36639/__cypress/runner/cypress_runner.js:149915:3)\n    at retry (http://localhost:36639/__cypress/runner/cypress_runner.js:144197:19)\n    at onFailFn (http://localhost:36639/__cypress/runner/cypress_runner.js:132448:16)\n    at tryCatcher (http://localhost:36639/__cypress/runner/cypress_runner.js:167415:23)\n    at Promise._settlePromiseFromHandler (http://localhost:36639/__cypress/runner/cypress_runner.js:165351:31)\n    at Promise._settlePromise (http://localhost:36639/__cypress/runner/cypress_runner.js:165408:18)\n    at Promise._settlePromise0 (http://localhost:36639/__cypress/runner/cypress_runner.js:165453:10)\n    at Promise._settlePromises (http://localhost:36639/__cypress/runner/cypress_runner.js:165528:18)\n    at Async../node_modules/bluebird/js/release/async.js.Async._drainQueue (http://localhost:36639/__cypress/runner/cypress_runner.js:162140:16)\n    at Async../node_modules/bluebird/js/release/async.js.Async._drainQueues (http://localhost:36639/__cypress/runner/cypress_runner.js:162150:10)\n    at Async.drainQueues (http://localhost:36639/__cypress/runner/cypress_runner.js:162024:14)",
                "diff": null
              },
              "uuid": "870040e4-278c-4554-a27f-3a9f867d3018",
              "parentUUID": "c0739d78-2382-4315-abd6-8901ed0de69f",
              "isHook": false,
              "skipped": false
            }
          ],
          "suites": [],
          "passes": [],
          "failures": [
            "bd6357a3-0de1-4271-ae3f-41c165d749a0",
            "870040e4-278c-4554-a27f-3a9f867d3018"
          ],
          "pending": [],
          "skipped": [],
          "duration": 8987,
          "root": false,
          "rootEmpty": false,
          "_timeout": 2000
        },
        {
          "uuid": "ee847c3a-8148-4bf2-9b2e-7191c7074fdd",
          "title": "8 - Clicar em um pixel dentro do quadro após selecionar uma cor na paleta, faz com que o pixel seja preenchido com a cor selecionada.",
          "fullFile": "",
          "file": "",
          "beforeHooks": [],
          "afterHooks": [],
          "tests": [
            {
              "title": "Verifica se ao carregar a página deve ser possível pintar os pixels de preto",
              "fullTitle": "8 - Clicar em um pixel dentro do quadro após selecionar uma cor na paleta, faz com que o pixel seja preenchido com a cor selecionada. Verifica se ao carregar a página deve ser possível pintar os pixels de preto",
              "timedOut": null,
              "duration": 4501,
              "state": "failed",
              "speed": null,
              "pass": false,
              "fail": true,
              "pending": false,
              "context": null,
              "code": "cy.get('.pixel').each(function (pixel) {\n  cy.wrap(pixel).click().should('have.css', 'background-color', BLACK);\n});",
              "err": {
                "message": "CypressError: Timed out retrying: Expected to find element: '.pixel', but never found it.",
                "estack": "CypressError: Timed out retrying: Expected to find element: '.pixel', but never found it.\n    at cypressErr (http://localhost:36639/__cypress/runner/cypress_runner.js:149934:9)\n    at throwErr (http://localhost:36639/__cypress/runner/cypress_runner.js:149867:11)\n    at Object.throwErrByPath (http://localhost:36639/__cypress/runner/cypress_runner.js:149915:3)\n    at retry (http://localhost:36639/__cypress/runner/cypress_runner.js:144197:19)\n    at onFailFn (http://localhost:36639/__cypress/runner/cypress_runner.js:132448:16)\n    at tryCatcher (http://localhost:36639/__cypress/runner/cypress_runner.js:167415:23)\n    at Promise._settlePromiseFromHandler (http://localhost:36639/__cypress/runner/cypress_runner.js:165351:31)\n    at Promise._settlePromise (http://localhost:36639/__cypress/runner/cypress_runner.js:165408:18)\n    at Promise._settlePromise0 (http://localhost:36639/__cypress/runner/cypress_runner.js:165453:10)\n    at Promise._settlePromises (http://localhost:36639/__cypress/runner/cypress_runner.js:165528:18)\n    at Async../node_modules/bluebird/js/release/async.js.Async._drainQueue (http://localhost:36639/__cypress/runner/cypress_runner.js:162140:16)\n    at Async../node_modules/bluebird/js/release/async.js.Async._drainQueues (http://localhost:36639/__cypress/runner/cypress_runner.js:162150:10)\n    at Async.drainQueues (http://localhost:36639/__cypress/runner/cypress_runner.js:162024:14)",
                "diff": null
              },
              "uuid": "0f3eb4bb-e57b-42b6-a690-ac779209d889",
              "parentUUID": "ee847c3a-8148-4bf2-9b2e-7191c7074fdd",
              "isHook": false,
              "skipped": false
            },
            {
              "title": "Verifica se após selecionar uma outra cor na paleta, é possível pintar os pixels com essa cor",
              "fullTitle": "8 - Clicar em um pixel dentro do quadro após selecionar uma cor na paleta, faz com que o pixel seja preenchido com a cor selecionada. Verifica se após selecionar uma outra cor na paleta, é possível pintar os pixels com essa cor",
              "timedOut": null,
              "duration": 4512,
              "state": "failed",
              "speed": null,
              "pass": false,
              "fail": true,
              "pending": false,
              "context": null,
              "code": "cy.get('.color').each(function (color) {\n  var backgroundColor = color.css('background-color');\n  cy.wrap(color).click();\n  cy.get('.pixel').each(function (pixel) {\n    cy.wrap(pixel).click().should('have.css', 'background-color', backgroundColor);\n  });\n});",
              "err": {
                "message": "CypressError: Timed out retrying: Expected to find element: '.color', but never found it.",
                "estack": "CypressError: Timed out retrying: Expected to find element: '.color', but never found it.\n    at cypressErr (http://localhost:36639/__cypress/runner/cypress_runner.js:149934:9)\n    at throwErr (http://localhost:36639/__cypress/runner/cypress_runner.js:149867:11)\n    at Object.throwErrByPath (http://localhost:36639/__cypress/runner/cypress_runner.js:149915:3)\n    at retry (http://localhost:36639/__cypress/runner/cypress_runner.js:144197:19)\n    at onFailFn (http://localhost:36639/__cypress/runner/cypress_runner.js:132448:16)\n    at tryCatcher (http://localhost:36639/__cypress/runner/cypress_runner.js:167415:23)\n    at Promise._settlePromiseFromHandler (http://localhost:36639/__cypress/runner/cypress_runner.js:165351:31)\n    at Promise._settlePromise (http://localhost:36639/__cypress/runner/cypress_runner.js:165408:18)\n    at Promise._settlePromise0 (http://localhost:36639/__cypress/runner/cypress_runner.js:165453:10)\n    at Promise._settlePromises (http://localhost:36639/__cypress/runner/cypress_runner.js:165528:18)\n    at Async../node_modules/bluebird/js/release/async.js.Async._drainQueue (http://localhost:36639/__cypress/runner/cypress_runner.js:162140:16)\n    at Async../node_modules/bluebird/js/release/async.js.Async._drainQueues (http://localhost:36639/__cypress/runner/cypress_runner.js:162150:10)\n    at Async.drainQueues (http://localhost:36639/__cypress/runner/cypress_runner.js:162024:14)",
                "diff": null
              },
              "uuid": "07515c1e-5d20-4e8d-9ab9-bcefffa67d77",
              "parentUUID": "ee847c3a-8148-4bf2-9b2e-7191c7074fdd",
              "isHook": false,
              "skipped": false
            },
            {
              "title": "Verifica se somente o pixel que foi clicado foi preenchido com a cor selecionada, sem influenciar na cor dos demais pixels.",
              "fullTitle": "8 - Clicar em um pixel dentro do quadro após selecionar uma cor na paleta, faz com que o pixel seja preenchido com a cor selecionada. Verifica se somente o pixel que foi clicado foi preenchido com a cor selecionada, sem influenciar na cor dos demais pixels.",
              "timedOut": null,
              "duration": 4528,
              "state": "failed",
              "speed": null,
              "pass": false,
              "fail": true,
              "pending": false,
              "context": null,
              "code": "var colorToPixelIndexMap = {\n  0: 6,\n  1: 8,\n  2: 16,\n  3: 18\n};\ncy.get('.color').each(function (color, index) {\n  cy.wrap(color).click();\n  var backgroundColor = color.css('background-color');\n  var clickedPixelIndex = colorToPixelIndexMap[index];\n  cy.get('.pixel').eq(clickedPixelIndex).click();\n  cy.get('.pixel').eq(clickedPixelIndex - 1).should('not.have.css', 'background-color', backgroundColor);\n  cy.get('.pixel').eq(clickedPixelIndex + 1).should('not.have.css', 'background-color', backgroundColor);\n  cy.get('.pixel').eq(clickedPixelIndex - 5).should('not.have.css', 'background-color', backgroundColor);\n  cy.get('.pixel').eq(clickedPixelIndex + 5).should('not.have.css', 'background-color', backgroundColor);\n  cy.get('.pixel').eq(clickedPixelIndex - 6).should('not.have.css', 'background-color', backgroundColor);\n  cy.get('.pixel').eq(clickedPixelIndex - 4).should('not.have.css', 'background-color', backgroundColor);\n  cy.get('.pixel').eq(clickedPixelIndex + 4).should('not.have.css', 'background-color', backgroundColor);\n  cy.get('.pixel').eq(clickedPixelIndex + 6).should('not.have.css', 'background-color', backgroundColor);\n});",
              "err": {
                "message": "CypressError: Timed out retrying: Expected to find element: '.color', but never found it.",
                "estack": "CypressError: Timed out retrying: Expected to find element: '.color', but never found it.\n    at cypressErr (http://localhost:36639/__cypress/runner/cypress_runner.js:149934:9)\n    at throwErr (http://localhost:36639/__cypress/runner/cypress_runner.js:149867:11)\n    at Object.throwErrByPath (http://localhost:36639/__cypress/runner/cypress_runner.js:149915:3)\n    at retry (http://localhost:36639/__cypress/runner/cypress_runner.js:144197:19)\n    at onFailFn (http://localhost:36639/__cypress/runner/cypress_runner.js:132448:16)\n    at tryCatcher (http://localhost:36639/__cypress/runner/cypress_runner.js:167415:23)\n    at Promise._settlePromiseFromHandler (http://localhost:36639/__cypress/runner/cypress_runner.js:165351:31)\n    at Promise._settlePromise (http://localhost:36639/__cypress/runner/cypress_runner.js:165408:18)\n    at Promise._settlePromise0 (http://localhost:36639/__cypress/runner/cypress_runner.js:165453:10)\n    at Promise._settlePromises (http://localhost:36639/__cypress/runner/cypress_runner.js:165528:18)\n    at Async../node_modules/bluebird/js/release/async.js.Async._drainQueue (http://localhost:36639/__cypress/runner/cypress_runner.js:162140:16)\n    at Async../node_modules/bluebird/js/release/async.js.Async._drainQueues (http://localhost:36639/__cypress/runner/cypress_runner.js:162150:10)\n    at Async.drainQueues (http://localhost:36639/__cypress/runner/cypress_runner.js:162024:14)",
                "diff": null
              },
              "uuid": "17d25b3a-c45c-4959-8c9c-535a576e3a7c",
              "parentUUID": "ee847c3a-8148-4bf2-9b2e-7191c7074fdd",
              "isHook": false,
              "skipped": false
            }
          ],
          "suites": [],
          "passes": [],
          "failures": [
            "0f3eb4bb-e57b-42b6-a690-ac779209d889",
            "07515c1e-5d20-4e8d-9ab9-bcefffa67d77",
            "17d25b3a-c45c-4959-8c9c-535a576e3a7c"
          ],
          "pending": [],
          "skipped": [],
          "duration": 13541,
          "root": false,
          "rootEmpty": false,
          "_timeout": 2000
        },
        {
          "uuid": "b4a497d3-06bb-4beb-91da-f85fe2aa0fe1",
          "title": "9 - Crie um botão que, ao ser clicado, limpa o quadro preenchendo a cor de todos seus pixels com branco.",
          "fullFile": "",
          "file": "",
          "beforeHooks": [],
          "afterHooks": [],
          "tests": [
            {
              "title": "Verifica se o botão tem o `id` denominado `clear-board`",
              "fullTitle": "9 - Crie um botão que, ao ser clicado, limpa o quadro preenchendo a cor de todos seus pixels com branco. Verifica se o botão tem o `id` denominado `clear-board`",
              "timedOut": null,
              "duration": 4531,
              "state": "failed",
              "speed": null,
              "pass": false,
              "fail": true,
              "pending": false,
              "context": null,
              "code": "cy.get('#clear-board').should('be.visible');",
              "err": {
                "message": "CypressError: Timed out retrying: Expected to find element: '#clear-board', but never found it.",
                "estack": "CypressError: Timed out retrying: Expected to find element: '#clear-board', but never found it.\n    at cypressErr (http://localhost:36639/__cypress/runner/cypress_runner.js:149934:9)\n    at throwErr (http://localhost:36639/__cypress/runner/cypress_runner.js:149867:11)\n    at Object.throwErrByPath (http://localhost:36639/__cypress/runner/cypress_runner.js:149915:3)\n    at retry (http://localhost:36639/__cypress/runner/cypress_runner.js:144197:19)\n    at onFailFn (http://localhost:36639/__cypress/runner/cypress_runner.js:132448:16)\n    at tryCatcher (http://localhost:36639/__cypress/runner/cypress_runner.js:167415:23)\n    at Promise._settlePromiseFromHandler (http://localhost:36639/__cypress/runner/cypress_runner.js:165351:31)\n    at Promise._settlePromise (http://localhost:36639/__cypress/runner/cypress_runner.js:165408:18)\n    at Promise._settlePromise0 (http://localhost:36639/__cypress/runner/cypress_runner.js:165453:10)\n    at Promise._settlePromises (http://localhost:36639/__cypress/runner/cypress_runner.js:165528:18)\n    at Async../node_modules/bluebird/js/release/async.js.Async._drainQueue (http://localhost:36639/__cypress/runner/cypress_runner.js:162140:16)\n    at Async../node_modules/bluebird/js/release/async.js.Async._drainQueues (http://localhost:36639/__cypress/runner/cypress_runner.js:162150:10)\n    at Async.drainQueues (http://localhost:36639/__cypress/runner/cypress_runner.js:162024:14)",
                "diff": null
              },
              "uuid": "036cee46-7b51-4de1-ba36-ae023b59aa8a",
              "parentUUID": "b4a497d3-06bb-4beb-91da-f85fe2aa0fe1",
              "isHook": false,
              "skipped": false
            },
            {
              "title": "Verifica se o botão está posicionado entre a paleta de cores e o quadro de pixels",
              "fullTitle": "9 - Crie um botão que, ao ser clicado, limpa o quadro preenchendo a cor de todos seus pixels com branco. Verifica se o botão está posicionado entre a paleta de cores e o quadro de pixels",
              "timedOut": null,
              "duration": 4498,
              "state": "failed",
              "speed": null,
              "pass": false,
              "fail": true,
              "pending": false,
              "context": null,
              "code": "cy.get('#color-palette').then(function (palette) {\n  cy.get('#clear-board').should('be.belowOf', palette);\n});\ncy.get('#clear-board').then(function (clearBtn) {\n  cy.get('#pixel-board').should('be.belowOf', clearBtn);\n});",
              "err": {
                "message": "CypressError: Timed out retrying: Expected to find element: '#color-palette', but never found it.",
                "estack": "CypressError: Timed out retrying: Expected to find element: '#color-palette', but never found it.\n    at cypressErr (http://localhost:36639/__cypress/runner/cypress_runner.js:149934:9)\n    at throwErr (http://localhost:36639/__cypress/runner/cypress_runner.js:149867:11)\n    at Object.throwErrByPath (http://localhost:36639/__cypress/runner/cypress_runner.js:149915:3)\n    at retry (http://localhost:36639/__cypress/runner/cypress_runner.js:144197:19)\n    at onFailFn (http://localhost:36639/__cypress/runner/cypress_runner.js:132448:16)\n    at tryCatcher (http://localhost:36639/__cypress/runner/cypress_runner.js:167415:23)\n    at Promise._settlePromiseFromHandler (http://localhost:36639/__cypress/runner/cypress_runner.js:165351:31)\n    at Promise._settlePromise (http://localhost:36639/__cypress/runner/cypress_runner.js:165408:18)\n    at Promise._settlePromise0 (http://localhost:36639/__cypress/runner/cypress_runner.js:165453:10)\n    at Promise._settlePromises (http://localhost:36639/__cypress/runner/cypress_runner.js:165528:18)\n    at Async../node_modules/bluebird/js/release/async.js.Async._drainQueue (http://localhost:36639/__cypress/runner/cypress_runner.js:162140:16)\n    at Async../node_modules/bluebird/js/release/async.js.Async._drainQueues (http://localhost:36639/__cypress/runner/cypress_runner.js:162150:10)\n    at Async.drainQueues (http://localhost:36639/__cypress/runner/cypress_runner.js:162024:14)",
                "diff": null
              },
              "uuid": "9bc6fb4e-325b-4ccb-bb13-40d6ecdbb3fc",
              "parentUUID": "b4a497d3-06bb-4beb-91da-f85fe2aa0fe1",
              "isHook": false,
              "skipped": false
            },
            {
              "title": "Verifica se o texto do botão é 'Limpar'",
              "fullTitle": "9 - Crie um botão que, ao ser clicado, limpa o quadro preenchendo a cor de todos seus pixels com branco. Verifica se o texto do botão é 'Limpar'",
              "timedOut": null,
              "duration": 4572,
              "state": "failed",
              "speed": null,
              "pass": false,
              "fail": true,
              "pending": false,
              "context": null,
              "code": "cy.get('#clear-board').should('contain.text', 'Limpar');",
              "err": {
                "message": "CypressError: Timed out retrying: Expected to find element: '#clear-board', but never found it.",
                "estack": "CypressError: Timed out retrying: Expected to find element: '#clear-board', but never found it.\n    at cypressErr (http://localhost:36639/__cypress/runner/cypress_runner.js:149934:9)\n    at throwErr (http://localhost:36639/__cypress/runner/cypress_runner.js:149867:11)\n    at Object.throwErrByPath (http://localhost:36639/__cypress/runner/cypress_runner.js:149915:3)\n    at retry (http://localhost:36639/__cypress/runner/cypress_runner.js:144197:19)\n    at onFailFn (http://localhost:36639/__cypress/runner/cypress_runner.js:132448:16)\n    at tryCatcher (http://localhost:36639/__cypress/runner/cypress_runner.js:167415:23)\n    at Promise._settlePromiseFromHandler (http://localhost:36639/__cypress/runner/cypress_runner.js:165351:31)\n    at Promise._settlePromise (http://localhost:36639/__cypress/runner/cypress_runner.js:165408:18)\n    at Promise._settlePromise0 (http://localhost:36639/__cypress/runner/cypress_runner.js:165453:10)\n    at Promise._settlePromises (http://localhost:36639/__cypress/runner/cypress_runner.js:165528:18)\n    at Async../node_modules/bluebird/js/release/async.js.Async._drainQueue (http://localhost:36639/__cypress/runner/cypress_runner.js:162140:16)\n    at Async../node_modules/bluebird/js/release/async.js.Async._drainQueues (http://localhost:36639/__cypress/runner/cypress_runner.js:162150:10)\n    at Async.drainQueues (http://localhost:36639/__cypress/runner/cypress_runner.js:162024:14)",
                "diff": null
              },
              "uuid": "aa371f27-e9b6-423a-83d3-ed4f3102a669",
              "parentUUID": "b4a497d3-06bb-4beb-91da-f85fe2aa0fe1",
              "isHook": false,
              "skipped": false
            },
            {
              "title": "Verifica se ao clicar no botão, o quadro de pixels é totalmente preenchido de branco",
              "fullTitle": "9 - Crie um botão que, ao ser clicado, limpa o quadro preenchendo a cor de todos seus pixels com branco. Verifica se ao clicar no botão, o quadro de pixels é totalmente preenchido de branco",
              "timedOut": null,
              "duration": 4508,
              "state": "failed",
              "speed": null,
              "pass": false,
              "fail": true,
              "pending": false,
              "context": null,
              "code": "cy.get('.color').eq(1).then(function (color) {\n  var backgroundColor = color.css('background-color');\n  cy.wrap(color).click();\n  cy.get('.pixel').each(function (pixel) {\n    cy.wrap(pixel).click().should('have.css', 'background-color', backgroundColor);\n  });\n});\ncy.get('#clear-board').click();\ncy.get('.pixel').each(function (pixel) {\n  cy.wrap(pixel).should('have.css', 'background-color', WHITE);\n});",
              "err": {
                "message": "CypressError: Timed out retrying: Expected to find element: '.color', but never found it.",
                "estack": "CypressError: Timed out retrying: Expected to find element: '.color', but never found it.\n    at cypressErr (http://localhost:36639/__cypress/runner/cypress_runner.js:149934:9)\n    at throwErr (http://localhost:36639/__cypress/runner/cypress_runner.js:149867:11)\n    at Object.throwErrByPath (http://localhost:36639/__cypress/runner/cypress_runner.js:149915:3)\n    at retry (http://localhost:36639/__cypress/runner/cypress_runner.js:144197:19)\n    at onFailFn (http://localhost:36639/__cypress/runner/cypress_runner.js:132448:16)\n    at tryCatcher (http://localhost:36639/__cypress/runner/cypress_runner.js:167415:23)\n    at Promise._settlePromiseFromHandler (http://localhost:36639/__cypress/runner/cypress_runner.js:165351:31)\n    at Promise._settlePromise (http://localhost:36639/__cypress/runner/cypress_runner.js:165408:18)\n    at Promise._settlePromise0 (http://localhost:36639/__cypress/runner/cypress_runner.js:165453:10)\n    at Promise._settlePromises (http://localhost:36639/__cypress/runner/cypress_runner.js:165528:18)\n    at Async../node_modules/bluebird/js/release/async.js.Async._drainQueue (http://localhost:36639/__cypress/runner/cypress_runner.js:162140:16)\n    at Async../node_modules/bluebird/js/release/async.js.Async._drainQueues (http://localhost:36639/__cypress/runner/cypress_runner.js:162150:10)\n    at Async.drainQueues (http://localhost:36639/__cypress/runner/cypress_runner.js:162024:14)",
                "diff": null
              },
              "uuid": "21a28f0a-e204-42c4-8428-03ca5f9ca28c",
              "parentUUID": "b4a497d3-06bb-4beb-91da-f85fe2aa0fe1",
              "isHook": false,
              "skipped": false
            }
          ],
          "suites": [],
          "passes": [],
          "failures": [
            "036cee46-7b51-4de1-ba36-ae023b59aa8a",
            "9bc6fb4e-325b-4ccb-bb13-40d6ecdbb3fc",
            "aa371f27-e9b6-423a-83d3-ed4f3102a669",
            "21a28f0a-e204-42c4-8428-03ca5f9ca28c"
          ],
          "pending": [],
          "skipped": [],
          "duration": 18109,
          "root": false,
          "rootEmpty": false,
          "_timeout": 2000
        },
        {
          "uuid": "0af7369a-407b-4254-b098-e2072a839681",
          "title": "10 - Faça o quadro de pixels ter seu tamanho definido pelo usuário.",
          "fullFile": "",
          "file": "",
          "beforeHooks": [],
          "afterHooks": [],
          "tests": [
            {
              "title": "Verifica se existe um input com o id `board-size`",
              "fullTitle": "10 - Faça o quadro de pixels ter seu tamanho definido pelo usuário. Verifica se existe um input com o id `board-size`",
              "timedOut": null,
              "duration": 4548,
              "state": "failed",
              "speed": null,
              "pass": false,
              "fail": true,
              "pending": false,
              "context": null,
              "code": "cy.get('#board-size').should('be.visible');",
              "err": {
                "message": "CypressError: Timed out retrying: Expected to find element: '#board-size', but never found it.",
[...]
                "diff": null
              },
              "uuid": "300c13be-cb16-4d8e-9a3f-cbd47a578e2a",
              "parentUUID": "0af7369a-407b-4254-b098-e2072a839681",
              "isHook": false,
              "skipped": false
            },
            {
              "title": "Verifica se o novo quadro tem todos os pixels preenchidos com a cor branca",
              "fullTitle": "10 - Faça o quadro de pixels ter seu tamanho definido pelo usuário. Verifica se o novo quadro tem todos os pixels preenchidos com a cor branca",
              "timedOut": null,
              "duration": 4593,
              "state": "failed",
              "speed": null,
              "pass": false,
              "fail": true,
              "pending": false,
              "context": null,
              "code": "cy.get('#board-size').clear().type(6);\ncy.get('#generate-board').click();\ncy.get('.pixel').should('have.length', 36).each(function (pixel) {\n  expect(pixel).to.have.css('background-color', WHITE);\n});",
              "err": {
                "message": "CypressError: Timed out retrying: Expected to find element: '#board-size', but never found it.",
                "estack": "CypressError: Timed out retrying: Expected to find element: '#board-size', but never found it.\n    at cypressErr (http://localhost:36639/__cypress/runner/cypress_runner.js:149934:9)\n    at throwErr (http://localhost:36639/__cypress/runner/cypress_runner.js:149867:11)\n    at Object.throwErrByPath (http://localhost:36639/__cypress/runner/cypress_runner.js:149915:3)\n    at retry (http://localhost:36639/__cypress/runner/cypress_runner.js:144197:19)\n    at onFailFn (http://localhost:36639/__cypress/runner/cypress_runner.js:132448:16)\n    at tryCatcher (http://localhost:36639/__cypress/runner/cypress_runner.js:167415:23)\n    at Promise._settlePromiseFromHandler (http://localhost:36639/__cypress/runner/cypress_runner.js:165351:31)\n    at Promise._settlePromise (http://localhost:36639/__cypress/runner/cypress_runner.js:165408:18)\n    at Promise._settlePromise0 (http://localhost:36639/__cypress/runner/cypress_runner.js:165453:10)\n    at Promise._settlePromises (http://localhost:36639/__cypress/runner/cypress_runner.js:165528:18)\n    at Async../node_modules/bluebird/js/release/async.js.Async._drainQueue (http://localhost:36639/__cypress/runner/cypress_runner.js:162140:16)\n    at Async../node_modules/bluebird/js/release/async.js.Async._drainQueues (http://localhost:36639/__cypress/runner/cypress_runner.js:162150:10)\n    at Async.drainQueues (http://localhost:36639/__cypress/runner/cypress_runner.js:162024:14)",
                "diff": null
              },
              "uuid": "50860a21-94bc-4bbf-b5eb-0d48bb075b47",
              "parentUUID": "0af7369a-407b-4254-b098-e2072a839681",
              "isHook": false,
              "skipped": false
            }
          ],
          "suites": [],
          "passes": [],
          "failures": [
            "f5ebe4d0-119d-4f0d-af19-7e7b7a716d69",
            "956a0469-ad55-4bed-b4cd-47ae06ad03e7",
            "ab20d83b-bdd2-4d9c-9430-d03ed8b57a78",
            "58417542-f943-439d-805f-7171dea943d4",
            "0dd9d6ec-171f-48ca-8fcb-31116627b066",
            "d61e6719-1880-467d-9a45-3eecd3810951",
            "37761020-8e4c-4649-9d2a-778d0df5ce35",
            "300c13be-cb16-4d8e-9a3f-cbd47a578e2a",
            "50860a21-94bc-4bbf-b5eb-0d48bb075b47"
          ],
          "pending": [],
          "skipped": [],
          "duration": 40920,
          "root": false,
          "rootEmpty": false,
          "_timeout": 2000
        },
        {
          "uuid": "af799537-9149-4be1-ae04-c3336a7d0ce4",
          "title": "11 - Limite o tamanho mínimo e máximo do board.",
          "fullFile": "",
          "file": "",
          "beforeHooks": [],
          "afterHooks": [],
          "tests": [
            {
              "title": "Verifica se a altura máxima do board é 50",
              "fullTitle": "11 - Limite o tamanho mínimo e máximo do board. Verifica se a altura máxima do board é 50",
              "timedOut": null,
              "duration": 4566,
              "state": "failed",
              "speed": null,
              "pass": false,
              "fail": true,
              "pending": false,
              "context": null,
              "code": "cy.get('#board-size').clear().type(50);\ncy.get('#generate-board').click();\ncy.get('.pixel').should('have.length', 2500);",
              "err": {
                "message": "CypressError: Timed out retrying: Expected to find element: '#board-size', but never found it.",
                "estack": "CypressError: Timed out retrying: Expected to find element: '#board-size', but never found it.\n    at cypressErr (http://localhost:36639/__cypress/runner/cypress_runner.js:149934:9)\n    at throwErr (http://localhost:36639/__cypress/runner/cypress_runner.js:149867:11)\n    at Object.throwErrByPath (http://localhost:36639/__cypress/runner/cypress_runner.js:149915:3)\n    at retry (http://localhost:36639/__cypress/runner/cypress_runner.js:144197:19)\n    at onFailFn (http://localhost:36639/__cypress/runner/cypress_runner.js:132448:16)\n    at tryCatcher (http://localhost:36639/__cypress/runner/cypress_runner.js:167415:23)\n    at Promise._settlePromiseFromHandler (http://localhost:36639/__cypress/runner/cypress_runner.js:165351:31)\n    at Promise._settlePromise (http://localhost:36639/__cypress/runner/cypress_runner.js:165408:18)\n    at Promise._settlePromise0 (http://localhost:36639/__cypress/runner/cypress_runner.js:165453:10)\n    at Promise._settlePromises (http://localhost:36639/__cypress/runner/cypress_runner.js:165528:18)\n    at Async../node_modules/bluebird/js/release/async.js.Async._drainQueue (http://localhost:36639/__cypress/runner/cypress_runner.js:162140:16)\n    at Async../node_modules/bluebird/js/release/async.js.Async._drainQueues (http://localhost:36639/__cypress/runner/cypress_runner.js:162150:10)\n    at Async.drainQueues (http://localhost:36639/__cypress/runner/cypress_runner.js:162024:14)",
                "diff": null
              },
              "uuid": "42160be6-870b-45a6-a807-d111586804e5",
              "parentUUID": "af799537-9149-4be1-ae04-c3336a7d0ce4",
              "isHook": false,
              "skipped": false
            },
            {
              "title": "Verifica se a altura do board é 5 quando um valor menor é colocado no input",
              "fullTitle": "11 - Limite o tamanho mínimo e máximo do board. Verifica se a altura do board é 5 quando um valor menor é colocado no input",
              "timedOut": null,
              "duration": 4593,
              "state": "failed",
              "speed": null,
              "pass": false,
              "fail": true,
              "pending": false,
              "context": null,
              "code": "cy.get('#board-size').clear().type(4);\ncy.get('#generate-board').click();\ncy.get('.pixel').should('have.length', 25);",
              "err": {
                "message": "CypressError: Timed out retrying: Expected to find element: '#board-size', but never found it.",
                "estack": "CypressError: Timed out retrying: Expected to find element: '#board-size', but never found it.\n    at cypressErr (http://localhost:36639/__cypress/runner/cypress_runner.js:149934:9)\n    at throwErr (http://localhost:36639/__cypress/runner/cypress_runner.js:149867:11)\n    at Object.throwErrByPath (http://localhost:36639/__cypress/runner/cypress_runner.js:149915:3)\n    at retry (http://localhost:36639/__cypress/runner/cypress_runner.js:144197:19)\n    at onFailFn (http://localhost:36639/__cypress/runner/cypress_runner.js:132448:16)\n    at tryCatcher (http://localhost:36639/__cypress/runner/cypress_runner.js:167415:23)\n    at Promise._settlePromiseFromHandler (http://localhost:36639/__cypress/runner/cypress_runner.js:165351:31)\n    at Promise._settlePromise (http://localhost:36639/__cypress/runner/cypress_runner.js:165408:18)\n    at Promise._settlePromise0 (http://localhost:36639/__cypress/runner/cypress_runner.js:165453:10)\n    at Promise._settlePromises (http://localhost:36639/__cypress/runner/cypress_runner.js:165528:18)\n    at Async../node_modules/bluebird/js/release/async.js.Async._drainQueue (http://localhost:36639/__cypress/runner/cypress_runner.js:162140:16)\n    at Async../node_modules/bluebird/js/release/async.js.Async._drainQueues (http://localhost:36639/__cypress/runner/cypress_runner.js:162150:10)\n    at Async.drainQueues (http://localhost:36639/__cypress/runner/cypress_runner.js:162024:14)",
                "diff": null
              },
              "uuid": "d8984866-5e18-4e65-b79a-9f52c991fa85",
              "parentUUID": "af799537-9149-4be1-ae04-c3336a7d0ce4",
              "isHook": false,
              "skipped": false
            },
            {
              "title": "Verifica se a altura do board é 50 quando um valor maior é colocado no input",
              "fullTitle": "11 - Limite o tamanho mínimo e máximo do board. Verifica se a altura do board é 50 quando um valor maior é colocado no input",
              "timedOut": null,
              "duration": 4527,
              "state": "failed",
              "speed": null,
              "pass": false,
              "fail": true,
              "pending": false,
              "context": null,
              "code": "cy.get('#board-size').clear().type(51);\ncy.get('#generate-board').click();\ncy.get('.pixel').should('have.length', 2500);",
              "err": {
                "message": "CypressError: Timed out retrying: Expected to find element: '#board-size', but never found it.",
                "estack": "CypressError: Timed out retrying: Expected to find element: '#board-size', but never found it.\n    at cypressErr (http://localhost:36639/__cypress/runner/cypress_runner.js:149934:9)\n    at throwErr (http://localhost:36639/__cypress/runner/cypress_runner.js:149867:11)\n    at Object.throwErrByPath (http://localhost:36639/__cypress/runner/cypress_runner.js:149915:3)\n    at retry (http://localhost:36639/__cypress/runner/cypress_runner.js:144197:19)\n    at onFailFn (http://localhost:36639/__cypress/runner/cypress_runner.js:132448:16)\n    at tryCatcher (http://localhost:36639/__cypress/runner/cypress_runner.js:167415:23)\n    at Promise._settlePromiseFromHandler (http://localhost:36639/__cypress/runner/cypress_runner.js:165351:31)\n    at Promise._settlePromise (http://localhost:36639/__cypress/runner/cypress_runner.js:165408:18)\n    at Promise._settlePromise0 (http://localhost:36639/__cypress/runner/cypress_runner.js:165453:10)\n    at Promise._settlePromises (http://localhost:36639/__cypress/runner/cypress_runner.js:165528:18)\n    at Async../node_modules/bluebird/js/release/async.js.Async._drainQueue (http://localhost:36639/__cypress/runner/cypress_runner.js:162140:16)\n    at Async../node_modules/bluebird/js/release/async.js.Async._drainQueues (http://localhost:36639/__cypress/runner/cypress_runner.js:162150:10)\n    at Async.drainQueues (http://localhost:36639/__cypress/runner/cypress_runner.js:162024:14)",
                "diff": null
              },
              "uuid": "48d35a1e-6978-446b-8672-28d056489f9c",
              "parentUUID": "af799537-9149-4be1-ae04-c3336a7d0ce4",
              "isHook": false,
              "skipped": false
            }
          ],
          "suites": [],
          "passes": [],
          "failures": [
            "42160be6-870b-45a6-a807-d111586804e5",
            "d8984866-5e18-4e65-b79a-9f52c991fa85",
            "48d35a1e-6978-446b-8672-28d056489f9c"
          ],
          "pending": [],
          "skipped": [],
          "duration": 13686,
          "root": false,
          "rootEmpty": false,
          "_timeout": 2000
        },
        {
          "uuid": "8a92c734-3da0-4558-b42c-522f689a1441",
          "title": "12 - Faça com que as cores da paleta sejam geradas aleatoriamente ao carregar a página.",
          "fullFile": "",
          "file": "",
          "beforeHooks": [],
          "afterHooks": [],
          "tests": [
            {
              "title": "Verifica se as cores geradas na paleta são diferentes a cada carregamento da página",
              "fullTitle": "12 - Faça com que as cores da paleta sejam geradas aleatoriamente ao carregar a página. Verifica se as cores geradas na paleta são diferentes a cada carregamento da página",
              "timedOut": null,
              "duration": 4588,
              "state": "failed",
              "speed": null,
              "pass": false,
              "fail": true,
              "pending": false,
              "context": null,
              "code": "cy.get('.color').then(function (colors) {\n  var currentColors;\n  var previousColors;\n  previousColors = Array.from(colors).map(function (color) {\n    return Cypress.$(color).css('background-color');\n  });\n  for (var i = 0; i < 5; i += 1) {\n    cy.reload();\n    cy.get('.color').then(function (colors) {\n      currentColors = Array.from(colors).map(function (color) {\n        return Cypress.$(color).css('background-color');\n      });\n      expect(currentColors).not.to.deep.equal(previousColors);\n      previousColors = currentColors;\n    });\n  }\n});",
              "err": {
                "message": "CypressError: Timed out retrying: Expected to find element: '.color', but never found it.",
                "estack": "CypressError: Timed out retrying: Expected to find element: '.color', but never found it.\n    at cypressErr (http://localhost:36639/__cypress/runner/cypress_runner.js:149934:9)\n    at throwErr (http://localhost:36639/__cypress/runner/cypress_runner.js:149867:11)\n    at Object.throwErrByPath (http://localhost:36639/__cypress/runner/cypress_runner.js:149915:3)\n    at retry (http://localhost:36639/__cypress/runner/cypress_runner.js:144197:19)\n    at onFailFn (http://localhost:36639/__cypress/runner/cypress_runner.js:132448:16)\n    at tryCatcher (http://localhost:36639/__cypress/runner/cypress_runner.js:167415:23)\n    at Promise._settlePromiseFromHandler (http://localhost:36639/__cypress/runner/cypress_runner.js:165351:31)\n    at Promise._settlePromise (http://localhost:36639/__cypress/runner/cypress_runner.js:165408:18)\n    at Promise._settlePromise0 (http://localhost:36639/__cypress/runner/cypress_runner.js:165453:10)\n    at Promise._settlePromises (http://localhost:36639/__cypress/runner/cypress_runner.js:165528:18)\n    at Async../node_modules/bluebird/js/release/async.js.Async._drainQueue (http://localhost:36639/__cypress/runner/cypress_runner.js:162140:16)\n    at Async../node_modules/bluebird/js/release/async.js.Async._drainQueues (http://localhost:36639/__cypress/runner/cypress_runner.js:162150:10)\n    at Async.drainQueues (http://localhost:36639/__cypress/runner/cypress_runner.js:162024:14)",
                "diff": null
              },
              "uuid": "cc054954-722f-445c-a8bf-f9c084613aac",
              "parentUUID": "8a92c734-3da0-4558-b42c-522f689a1441",
              "isHook": false,
              "skipped": false
            },
            {
              "title": "Verifica se a cor preta ainda está presente e é a primeira na sua paleta de cores",
              "fullTitle": "12 - Faça com que as cores da paleta sejam geradas aleatoriamente ao carregar a página. Verifica se a cor preta ainda está presente e é a primeira na sua paleta de cores",
              "timedOut": null,
              "duration": 4517,
              "state": "failed",
              "speed": null,
              "pass": false,
              "fail": true,
              "pending": false,
              "context": null,
              "code": "cy.get('.color').then(function (colors) {\n  var currentColors;\n  var previousColors;\n  previousColors = Array.from(colors).map(function (color) {\n    return Cypress.$(color).css('background-color');\n  });\n  expect(previousColors[0]).to.eq(BLACK);\n  for (var i = 0; i < 5; i += 1) {\n    cy.reload();\n    cy.get('.color').then(function (colors) {\n      currentColors = Array.from(colors).map(function (color) {\n        return Cypress.$(color).css('background-color');\n      });\n      expect(currentColors[0]).to.eq(BLACK);\n      expect(currentColors).not.to.deep.equal(previousColors);\n      previousColors = currentColors;\n    });\n  }\n});",
              "err": {
                "message": "CypressError: Timed out retrying: Expected to find element: '.color', but never found it.",
                "estack": "CypressError: Timed out retrying: Expected to find element: '.color', but never found it.\n    at cypressErr (http://localhost:36639/__cypress/runner/cypress_runner.js:149934:9)\n    at throwErr (http://localhost:36639/__cypress/runner/cypress_runner.js:149867:11)\n    at Object.throwErrByPath (http://localhost:36639/__cypress/runner/cypress_runner.js:149915:3)\n    at retry (http://localhost:36639/__cypress/runner/cypress_runner.js:144197:19)\n    at onFailFn (http://localhost:36639/__cypress/runner/cypress_runner.js:132448:16)\n    at tryCatcher (http://localhost:36639/__cypress/runner/cypress_runner.js:167415:23)\n    at Promise._settlePromiseFromHandler (http://localhost:36639/__cypress/runner/cypress_runner.js:165351:31)\n    at Promise._settlePromise (http://localhost:36639/__cypress/runner/cypress_runner.js:165408:18)\n    at Promise._settlePromise0 (http://localhost:36639/__cypress/runner/cypress_runner.js:165453:10)\n    at Promise._settlePromises (http://localhost:36639/__cypress/runner/cypress_runner.js:165528:18)\n    at Async../node_modules/bluebird/js/release/async.js.Async._drainQueue (http://localhost:36639/__cypress/runner/cypress_runner.js:162140:16)\n    at Async../node_modules/bluebird/js/release/async.js.Async._drainQueues (http://localhost:36639/__cypress/runner/cypress_runner.js:162150:10)\n    at Async.drainQueues (http://localhost:36639/__cypress/runner/cypress_runner.js:162024:14)",
                "diff": null
              },
              "uuid": "bc9c8f3d-6585-4cad-9ef2-7a4319d7f485",
              "parentUUID": "8a92c734-3da0-4558-b42c-522f689a1441",
              "isHook": false,
              "skipped": false
            }
          ],
          "suites": [],
          "passes": [],
          "failures": [
            "cc054954-722f-445c-a8bf-f9c084613aac",
            "bc9c8f3d-6585-4cad-9ef2-7a4319d7f485"
          ],
          "pending": [],
          "skipped": [],
          "duration": 9105,
          "root": false,
          "rootEmpty": false,
          "_timeout": 2000
        }
      ],
      "passes": [],
      "failures": [],
      "pending": [],
      "skipped": [],
      "duration": 0,
      "root": true,
      "rootEmpty": true,
      "_timeout": 2000
    }
  ],
  "meta": {
    "mocha": {
      "version": "7.0.1"
    },
    "mochawesome": {
      "options": {
        "quiet": false,
        "reportFilename": "mochawesome",
        "saveHtml": false,
        "saveJson": true,
        "consoleReporter": "spec",
        "useInlineDiffs": false
      },
      "version": "4.1.0"
    },
    "marge": {
      "options": {
        "id": "default",
        "reportDir": "cypress/reports",
        "overwrite": true,
        "html": false,
        "json": true
      },
      "version": "4.1.0"
    }
  }
}