{
  "stats": {
    "suites": 12,
    "tests": 41,
    "passes": 23,
    "pending": 0,
    "failures": 18,
    "start": "2021-09-10T23:26:16.598Z",
    "end": "2021-09-10T23:27:50.759Z",
    "duration": 94161,
    "testsRegistered": 41,
    "passPercent": 56.09756097560976,
    "pendingPercent": 0,
    "other": 0,
    "hasOther": false,
    "skipped": 0,
    "hasSkipped": false
  },
  "results": [
    {
      "uuid": "d4055f70-69aa-4382-af42-c3297810c75a",
      "title": "",
      "fullFile": "cypress/integration/project.spec.js",
      "file": "cypress/integration/project.spec.js",
      "beforeHooks": [],
      "afterHooks": [],
      "tests": [],
      "suites": [
        {
          "uuid": "7bf7de7f-d641-43b6-8d71-53219f36a73b",
          "title": "1 - Adicione à página o título \"Paleta de Cores\".",
          "fullFile": "",
          "file": "",
          "beforeHooks": [],
          "afterHooks": [],
          "tests": [
            {
              "title": "Verifica se contém um elemento `h1` com o id `title` com o título correto",
              "fullTitle": "1 - Adicione à página o título \"Paleta de Cores\". Verifica se contém um elemento `h1` com o id `title` com o título correto",
              "timedOut": null,
              "duration": 95,
              "state": "passed",
              "speed": "slow",
              "pass": true,
              "fail": false,
              "pending": false,
              "context": null,
              "code": "cy.get('h1#title').should('contain.text', 'Paleta de Cores');",
              "err": {},
              "uuid": "0fe8c00c-4616-4493-b11c-31ba43f3a8f9",
              "parentUUID": "7bf7de7f-d641-43b6-8d71-53219f36a73b",
              "isHook": false,
              "skipped": false
            }
          ],
          "suites": [],
          "passes": [
            "0fe8c00c-4616-4493-b11c-31ba43f3a8f9"
          ],
          "failures": [],
          "pending": [],
          "skipped": [],
          "duration": 95,
          "root": false,
          "rootEmpty": false,
          "_timeout": 2000
        },
        {
          "uuid": "4c2f537f-2e60-45cd-9693-b2a87c11ca96",
          "title": "2 - Adicione à página uma paleta de quatro cores distintas.",
          "fullFile": "",
          "file": "",
          "beforeHooks": [],
          "afterHooks": [],
          "tests": [
            {
              "title": "A paleta de cores deve ser um elemento com `id` denominado `color-palette`",
              "fullTitle": "2 - Adicione à página uma paleta de quatro cores distintas. A paleta de cores deve ser um elemento com `id` denominado `color-palette`",
              "timedOut": null,
              "duration": 47,
              "state": "passed",
              "speed": "medium",
              "pass": true,
              "fail": false,
              "pending": false,
              "context": null,
              "code": "cy.get('#color-palette').should('be.visible');\ncy.get('#color-palette').children('.color');",
              "err": {},
              "uuid": "de069278-2cc3-41ff-8c1b-a297a91ed7e8",
              "parentUUID": "4c2f537f-2e60-45cd-9693-b2a87c11ca96",
              "isHook": false,
              "skipped": false
            },
            {
              "title": "Verifica se cada cor individual da paleta de cores possui a `classe` chamada `color`.",
              "fullTitle": "2 - Adicione à página uma paleta de quatro cores distintas. Verifica se cada cor individual da paleta de cores possui a `classe` chamada `color`.",
              "timedOut": null,
              "duration": 61,
              "state": "passed",
              "speed": "medium",
              "pass": true,
              "fail": false,
              "pending": false,
              "context": null,
              "code": "cy.get('.color').should('have.length', 4).then(function (colors) {\n  for (var i = 0; i < colors.length; i++) {\n    cy.wrap(colors[i]).should('be.visible');\n  }\n});",
              "err": {},
              "uuid": "3dc18fae-bf9a-49e6-85f3-e7fe0ea58060",
              "parentUUID": "4c2f537f-2e60-45cd-9693-b2a87c11ca96",
              "isHook": false,
              "skipped": false
            },
            {
              "title": "Verifica se a cor de fundo de cada elemento da paleta é a cor que o elemento representa. **A única cor não permitida na paleta é a cor branca.**",
              "fullTitle": "2 - Adicione à página uma paleta de quatro cores distintas. Verifica se a cor de fundo de cada elemento da paleta é a cor que o elemento representa. **A única cor não permitida na paleta é a cor branca.**",
              "timedOut": null,
              "duration": 61,
              "state": "passed",
              "speed": "medium",
              "pass": true,
              "fail": false,
              "pending": false,
              "context": null,
              "code": "cy.get('.color').each(function (color) {\n  cy.wrap(color).should('have.class', 'color').and('not.have.css', 'background-color', WHITE);\n  cy.wrap(color).should('have.css', 'background-color');\n});",
              "err": {},
              "uuid": "55f3b8c0-b113-4f20-91f9-432372e3dfe2",
              "parentUUID": "4c2f537f-2e60-45cd-9693-b2a87c11ca96",
              "isHook": false,
              "skipped": false
            },
            {
              "title": "Verifica se cada elemento da paleta de cores tem uma borda preta, sólida e com 1 pixel de largura;",
              "fullTitle": "2 - Adicione à página uma paleta de quatro cores distintas. Verifica se cada elemento da paleta de cores tem uma borda preta, sólida e com 1 pixel de largura;",
              "timedOut": null,
              "duration": 50,
              "state": "passed",
              "speed": "medium",
              "pass": true,
              "fail": false,
              "pending": false,
              "context": null,
              "code": "cy.get('.color').each(function (color) {\n  cy.wrap(color).and('have.css', 'border', \"1px solid \".concat(BLACK)).and('have.class', 'color');\n});",
              "err": {},
              "uuid": "02fdd2b5-d383-493f-9bb2-8ff96b1bc674",
              "parentUUID": "4c2f537f-2e60-45cd-9693-b2a87c11ca96",
              "isHook": false,
              "skipped": false
            },
            {
              "title": "Verifica se a paleta lista todas as cores disponíveis para utilização, lado a lado.",
              "fullTitle": "2 - Adicione à página uma paleta de quatro cores distintas. Verifica se a paleta lista todas as cores disponíveis para utilização, lado a lado.",
              "timedOut": null,
              "duration": 56,
              "state": "passed",
              "speed": "medium",
              "pass": true,
              "fail": false,
              "pending": false,
              "context": null,
              "code": "cy.get('.color').then(function (colors) {\n  for (var index = 1; index < colors.length; index += 1) {\n    var currentColor = colors[index];\n    var previousColor = colors[index - 1];\n    cy.wrap(currentColor).should('be.onTheRightOf', previousColor).and('be.horizontallyAlignedWith', previousColor);\n  }\n});",
              "err": {},
              "uuid": "e255beb2-5f47-4bf2-bf10-eec844c74c43",
              "parentUUID": "4c2f537f-2e60-45cd-9693-b2a87c11ca96",
              "isHook": false,
              "skipped": false
            },
            {
              "title": "Verifica se a paleta de cores está posicionada abaixo do título 'Paleta de Cores'",
              "fullTitle": "2 - Adicione à página uma paleta de quatro cores distintas. Verifica se a paleta de cores está posicionada abaixo do título 'Paleta de Cores'",
              "timedOut": null,
              "duration": 67,
              "state": "passed",
              "speed": "medium",
              "pass": true,
              "fail": false,
              "pending": false,
              "context": null,
              "code": "cy.get('h1#title').then(function (title) {\n  cy.get('#color-palette').should('be.belowOf', title);\n});",
              "err": {},
              "uuid": "fd298bca-3bbd-458c-b901-a10e16bc3a48",
              "parentUUID": "4c2f537f-2e60-45cd-9693-b2a87c11ca96",
              "isHook": false,
              "skipped": false
            },
            {
              "title": "Verifica se a paleta de cores não contém cores repetidas.",
              "fullTitle": "2 - Adicione à página uma paleta de quatro cores distintas. Verifica se a paleta de cores não contém cores repetidas.",
              "timedOut": null,
              "duration": 57,
              "state": "passed",
              "speed": "medium",
              "pass": true,
              "fail": false,
              "pending": false,
              "context": null,
              "code": "cy.get('.color').then(function (colors) {\n  var allColors = Array.from(colors).map(function (color) {\n    return Cypress.$(color).css('background-color');\n  });\n  cy.log(allColors);\n  var uniqColors = (0, _toConsumableArray2[\"default\"])(new Set(allColors));\n  cy.log(uniqColors);\n  expect(allColors.length).to.eq(uniqColors.length);\n});",
              "err": {},
              "uuid": "c0e32356-fdf5-4ab1-9917-2d9768d36493",
              "parentUUID": "4c2f537f-2e60-45cd-9693-b2a87c11ca96",
              "isHook": false,
              "skipped": false
            }
          ],
          "suites": [],
          "passes": [
            "de069278-2cc3-41ff-8c1b-a297a91ed7e8",
            "3dc18fae-bf9a-49e6-85f3-e7fe0ea58060",
            "55f3b8c0-b113-4f20-91f9-432372e3dfe2",
            "02fdd2b5-d383-493f-9bb2-8ff96b1bc674",
            "e255beb2-5f47-4bf2-bf10-eec844c74c43",
            "fd298bca-3bbd-458c-b901-a10e16bc3a48",
            "c0e32356-fdf5-4ab1-9917-2d9768d36493"
          ],
          "failures": [],
          "pending": [],
          "skipped": [],
          "duration": 399,
          "root": false,
          "rootEmpty": false,
          "_timeout": 2000
        },
        {
          "uuid": "7b324f4b-1e08-42dd-a47a-202041ef0ca9",
          "title": "3 - Adicione a cor **preta** como a primeira cor da paleta de cores.",
          "fullFile": "",
          "file": "",
          "beforeHooks": [],
          "afterHooks": [],
          "tests": [
            {
              "title": "Verifica se a primeira cor da paleta é preta",
              "fullTitle": "3 - Adicione a cor **preta** como a primeira cor da paleta de cores. Verifica se a primeira cor da paleta é preta",
              "timedOut": null,
              "duration": 66,
              "state": "passed",
              "speed": "medium",
              "pass": true,
              "fail": false,
              "pending": false,
              "context": null,
              "code": "cy.get('.color').first().should('have.css', 'background-color', BLACK);",
              "err": {},
              "uuid": "62899753-59e8-4cca-a131-964a3e8ec683",
              "parentUUID": "7b324f4b-1e08-42dd-a47a-202041ef0ca9",
              "isHook": false,
              "skipped": false
            },
            {
              "title": "Verifica se as demais cores podem ser escolhidas livremente.",
              "fullTitle": "3 - Adicione a cor **preta** como a primeira cor da paleta de cores. Verifica se as demais cores podem ser escolhidas livremente.",
              "timedOut": null,
              "duration": 110,
              "state": "passed",
              "speed": "slow",
              "pass": true,
              "fail": false,
              "pending": false,
              "context": null,
              "code": "cy.get('.color').eq(1).should('not.have.css', 'background-color', BLACK);\ncy.get('.color').eq(1).should('not.have.css', 'background-color', WHITE);\ncy.get('.color').eq(1).should('not.have.css', 'background-color', 'rgba(0, 0, 0, 0)');\ncy.get('.color').eq(1).should('have.css', 'background-color');\ncy.get('.color').eq(2).should('not.have.css', 'background-color', BLACK);\ncy.get('.color').eq(2).should('not.have.css', 'background-color', WHITE);\ncy.get('.color').eq(2).should('not.have.css', 'background-color', 'rgba(0, 0, 0, 0)');\ncy.get('.color').eq(2).should('have.css', 'background-color');\ncy.get('.color').eq(3).should('not.have.css', 'background-color', BLACK);\ncy.get('.color').eq(3).should('not.have.css', 'background-color', WHITE);\ncy.get('.color').eq(3).should('not.have.css', 'background-color', 'rgba(0, 0, 0, 0)');\ncy.get('.color').eq(3).should('have.css', 'background-color');",
              "err": {},
              "uuid": "50e03cff-a620-4f38-b64c-f8f10b3aa721",
              "parentUUID": "7b324f4b-1e08-42dd-a47a-202041ef0ca9",
              "isHook": false,
              "skipped": false
            }
          ],
          "suites": [],
          "passes": [
            "62899753-59e8-4cca-a131-964a3e8ec683",
            "50e03cff-a620-4f38-b64c-f8f10b3aa721"
          ],
          "failures": [],
          "pending": [],
          "skipped": [],
          "duration": 176,
          "root": false,
          "rootEmpty": false,
          "_timeout": 2000
        },
        {
          "uuid": "ed15c82e-3ee5-4d49-b634-da3ac5b573cb",
          "title": "4 - Adicione à página um quadro de pixels, com 25 pixels.",
          "fullFile": "",
          "file": "",
          "beforeHooks": [],
          "afterHooks": [],
          "tests": [
            {
              "title": "Verifica se o quadro de pixels possui o `id` denominado `pixel-board`",
              "fullTitle": "4 - Adicione à página um quadro de pixels, com 25 pixels. Verifica se o quadro de pixels possui o `id` denominado `pixel-board`",
              "timedOut": null,
              "duration": 62,
              "state": "passed",
              "speed": "medium",
              "pass": true,
              "fail": false,
              "pending": false,
              "context": null,
              "code": "cy.get('#pixel-board').should('be.visible');",
              "err": {},
              "uuid": "4f008d85-f1d1-4dc6-9753-ea81c102ffb6",
              "parentUUID": "ed15c82e-3ee5-4d49-b634-da3ac5b573cb",
              "isHook": false,
              "skipped": false
            },
            {
              "title": "Verifica se cada pixel individual dentro do quadro possui a `classe` denominada `pixel`.",
              "fullTitle": "4 - Adicione à página um quadro de pixels, com 25 pixels. Verifica se cada pixel individual dentro do quadro possui a `classe` denominada `pixel`.",
              "timedOut": null,
              "duration": 66,
              "state": "passed",
              "speed": "medium",
              "pass": true,
              "fail": false,
              "pending": false,
              "context": null,
              "code": "cy.get('.pixel').should('have.length', 25);",
              "err": {},
              "uuid": "9bee0552-3b65-4f7b-b43e-52b472647a62",
              "parentUUID": "ed15c82e-3ee5-4d49-b634-da3ac5b573cb",
              "isHook": false,
              "skipped": false
            },
            {
              "title": "Verifica se a cor inicial dos pixels dentro do quadro, ao abrir a página, é branca.",
              "fullTitle": "4 - Adicione à página um quadro de pixels, com 25 pixels. Verifica se a cor inicial dos pixels dentro do quadro, ao abrir a página, é branca.",
              "timedOut": null,
              "duration": 91,
              "state": "passed",
              "speed": "slow",
              "pass": true,
              "fail": false,
              "pending": false,
              "context": null,
              "code": "cy.get('.pixel').should('have.length', 25).each(function (pixel) {\n  expect(pixel).to.have.css('background-color', WHITE);\n});",
              "err": {},
              "uuid": "7ca7b137-a256-4230-8a41-3a98f7d52be2",
              "parentUUID": "ed15c82e-3ee5-4d49-b634-da3ac5b573cb",
              "isHook": false,
              "skipped": false
            },
            {
              "title": "Verifica se o quadro de pixels aparece abaixo da paleta de cores",
              "fullTitle": "4 - Adicione à página um quadro de pixels, com 25 pixels. Verifica se o quadro de pixels aparece abaixo da paleta de cores",
              "timedOut": null,
              "duration": 45,
              "state": "passed",
              "speed": "medium",
              "pass": true,
              "fail": false,
              "pending": false,
              "context": null,
              "code": "cy.get('#color-palette').then(function (palette) {\n  cy.get('#pixel-board').should('be.belowOf', palette);\n});",
              "err": {},
              "uuid": "b3fbc6d9-9d69-4aaf-bb42-8257e7c1669c",
              "parentUUID": "ed15c82e-3ee5-4d49-b634-da3ac5b573cb",
              "isHook": false,
              "skipped": false
            }
          ],
          "suites": [],
          "passes": [
            "4f008d85-f1d1-4dc6-9753-ea81c102ffb6",
            "9bee0552-3b65-4f7b-b43e-52b472647a62",
            "7ca7b137-a256-4230-8a41-3a98f7d52be2",
            "b3fbc6d9-9d69-4aaf-bb42-8257e7c1669c"
          ],
          "failures": [],
          "pending": [],
          "skipped": [],
          "duration": 264,
          "root": false,
          "rootEmpty": false,
          "_timeout": 2000
        },
        {
          "uuid": "06757cd7-84c0-4a96-9c90-abf50e792374",
          "title": "5 - Faça com que cada elemento do quadro de pixels possua 40 pixels de largura, 40 pixels de altura e seja delimitado por uma borda preta de 1 pixel.",
          "fullFile": "",
          "file": "",
          "beforeHooks": [],
          "afterHooks": [],
          "tests": [
            {
              "title": "Verifica se o quadro de pixels tem altura e comprimento de 5 elementos",
              "fullTitle": "5 - Faça com que cada elemento do quadro de pixels possua 40 pixels de largura, 40 pixels de altura e seja delimitado por uma borda preta de 1 pixel. Verifica se o quadro de pixels tem altura e comprimento de 5 elementos",
              "timedOut": null,
              "duration": 158,
              "state": "passed",
              "speed": "slow",
              "pass": true,
              "fail": false,
              "pending": false,
              "context": null,
              "code": "cy.get('.pixel').should('have.length', 25).each(function (pixel) {\n  expect(pixel).to.have.css('background-color', WHITE);\n}).and(function (pixels) {\n  var rows = chunk(pixels, 5);\n  rows.forEach(function (row) {\n    for (var index = 1; index < row.length; index += 1) {\n      var current = pixels[index];\n      var previous = pixels[index - 1];\n      cy.wrap(current).should('be.onTheRightOf', previous).and('be.horizontallyAlignedWith', previous);\n    }\n  });\n  for (var index = 1; index < 5; index += 1) {\n    expect(pixels[index * 5]).to.be.belowOf(pixels[(index - 1) * 5]);\n  }\n});",
              "err": {},
              "uuid": "3d772575-f667-4158-ac89-a49c748bcbef",
              "parentUUID": "06757cd7-84c0-4a96-9c90-abf50e792374",
              "isHook": false,
              "skipped": false
            },
            {
              "title": "Verifica se 40 pixels é o tamanho total do elemento, incluindo seu conteúdo e excluindo a borda preta, que deve ser criada à parte.",
              "fullTitle": "5 - Faça com que cada elemento do quadro de pixels possua 40 pixels de largura, 40 pixels de altura e seja delimitado por uma borda preta de 1 pixel. Verifica se 40 pixels é o tamanho total do elemento, incluindo seu conteúdo e excluindo a borda preta, que deve ser criada à parte.",
              "timedOut": null,
              "duration": 155,
              "state": "passed",
              "speed": "slow",
              "pass": true,
              "fail": false,
              "pending": false,
              "context": null,
              "code": "cy.get('.pixel').each(function (pixel) {\n  cy.wrap(pixel).should('have.css', 'height', '40px').and('have.css', 'width', '40px').and('have.css', 'border', \"1px solid \".concat(BLACK));\n});",
              "err": {},
              "uuid": "d531300e-a159-4a06-861b-cc8cecf49083",
              "parentUUID": "06757cd7-84c0-4a96-9c90-abf50e792374",
              "isHook": false,
              "skipped": false
            }
          ],
          "suites": [],
          "passes": [
            "3d772575-f667-4158-ac89-a49c748bcbef",
            "d531300e-a159-4a06-861b-cc8cecf49083"
          ],
          "failures": [],
          "pending": [],
          "skipped": [],
          "duration": 313,
          "root": false,
          "rootEmpty": false,
          "_timeout": 2000
        },
        {
          "uuid": "e68e61a3-e7f0-4b9a-977c-5dd907120a2c",
          "title": "6 - Defina a cor preta como cor inicial. Ao carregar a página a cor preta já deve estar selecionada para pintar os pixels",
          "fullFile": "",
          "file": "",
          "beforeHooks": [],
          "afterHooks": [],
          "tests": [
            {
              "title": "Verifica se o elemento da cor preta possui, inicialmente, a `classe` `selected`",
              "fullTitle": "6 - Defina a cor preta como cor inicial. Ao carregar a página a cor preta já deve estar selecionada para pintar os pixels Verifica se o elemento da cor preta possui, inicialmente, a `classe` `selected`",
              "timedOut": null,
              "duration": 52,
              "state": "passed",
              "speed": "medium",
              "pass": true,
              "fail": false,
              "pending": false,
              "context": null,
              "code": "cy.get('.selected').first().should('have.css', 'background-color', BLACK);",
              "err": {},
              "uuid": "daf2b490-9d06-4f13-8fa7-58aab4343fc1",
              "parentUUID": "e68e61a3-e7f0-4b9a-977c-5dd907120a2c",
              "isHook": false,
              "skipped": false
            },
            {
              "title": "Verifica se nenhuma outra cor da paleta tem a `classe` `selected`",
              "fullTitle": "6 - Defina a cor preta como cor inicial. Ao carregar a página a cor preta já deve estar selecionada para pintar os pixels Verifica se nenhuma outra cor da paleta tem a `classe` `selected`",
              "timedOut": null,
              "duration": 52,
              "state": "passed",
              "speed": "medium",
              "pass": true,
              "fail": false,
              "pending": false,
              "context": null,
              "code": "cy.get('.color:not(:first-child)').each(function (color) {\n  cy.wrap(color).should('not.have.class', 'selected');\n});",
              "err": {},
              "uuid": "a3fdf48c-6d1d-4dae-a8b8-1dedb9d58026",
              "parentUUID": "e68e61a3-e7f0-4b9a-977c-5dd907120a2c",
              "isHook": false,
              "skipped": false
            }
          ],
          "suites": [],
          "passes": [
            "daf2b490-9d06-4f13-8fa7-58aab4343fc1",
            "a3fdf48c-6d1d-4dae-a8b8-1dedb9d58026"
          ],
          "failures": [],
          "pending": [],
          "skipped": [],
          "duration": 104,
          "root": false,
          "rootEmpty": false,
          "_timeout": 2000
        },
        {
          "uuid": "1b60d378-486d-4969-b80c-b0566349f696",
          "title": "7 - Clicar em uma das cores da paleta, faz com que ela seja selecionada e utilizada para preencher os pixels no quadro.",
          "fullFile": "",
          "file": "",
          "beforeHooks": [],
          "afterHooks": [],
          "tests": [
            {
              "title": "Verifica se somente uma cor da paleta de cores tem a classe `selected` de cada vez",
              "fullTitle": "7 - Clicar em uma das cores da paleta, faz com que ela seja selecionada e utilizada para preencher os pixels no quadro. Verifica se somente uma cor da paleta de cores tem a classe `selected` de cada vez",
              "timedOut": null,
              "duration": 418,
              "state": "passed",
              "speed": "slow",
              "pass": true,
              "fail": false,
              "pending": false,
              "context": null,
              "code": "cy.get('.color').each(function (selectedColor, selectedColorIndex) {\n  cy.wrap(selectedColor).click();\n  cy.get('.color').each(function (color, colorIndex) {\n    if (colorIndex === selectedColorIndex) {\n      expect(color).to.have[\"class\"]('selected');\n    } else {\n      expect(color).not.to.have[\"class\"]('selected');\n    }\n  });\n});",
              "err": {},
              "uuid": "fb00cbfe-a0bf-444f-b52b-af4784e4782d",
              "parentUUID": "1b60d378-486d-4969-b80c-b0566349f696",
              "isHook": false,
              "skipped": false
            },
            {
              "title": "Verifica se os pixels dentro do quadro não têm a classe `selected` quando são clicados",
              "fullTitle": "7 - Clicar em uma das cores da paleta, faz com que ela seja selecionada e utilizada para preencher os pixels no quadro. Verifica se os pixels dentro do quadro não têm a classe `selected` quando são clicados",
              "timedOut": null,
              "duration": 9084,
              "state": "passed",
              "speed": "slow",
              "pass": true,
              "fail": false,
              "pending": false,
              "context": null,
              "code": "cy.get('.color').each(function (color) {\n  var backgroundColor = color.css('background-color');\n  cy.wrap(color).click();\n  cy.get('.pixel').each(function (pixel) {\n    cy.wrap(pixel).click().should('not.have.class', 'selected');\n  });\n});",
              "err": {},
              "uuid": "87954a54-4ea6-4d47-9fd2-ec302d03b3b1",
              "parentUUID": "1b60d378-486d-4969-b80c-b0566349f696",
              "isHook": false,
              "skipped": false
            }
          ],
          "suites": [],
          "passes": [
            "fb00cbfe-a0bf-444f-b52b-af4784e4782d",
            "87954a54-4ea6-4d47-9fd2-ec302d03b3b1"
          ],
          "failures": [],
          "pending": [],
          "skipped": [],
          "duration": 9502,
          "root": false,
          "rootEmpty": false,
          "_timeout": 2000
        },
        {
          "uuid": "e56d564e-8f1d-470c-aef7-194591c4835b",
          "title": "8 - Clicar em um pixel dentro do quadro após selecionar uma cor na paleta, faz com que o pixel seja preenchido com a cor selecionada.",
          "fullFile": "",
          "file": "",
          "beforeHooks": [],
          "afterHooks": [],
          "tests": [
            {
              "title": "Verifica se ao carregar a página deve ser possível pintar os pixels de preto",
              "fullTitle": "8 - Clicar em um pixel dentro do quadro após selecionar uma cor na paleta, faz com que o pixel seja preenchido com a cor selecionada. Verifica se ao carregar a página deve ser possível pintar os pixels de preto",
              "timedOut": null,
              "duration": 2256,
              "state": "passed",
              "speed": "slow",
              "pass": true,
              "fail": false,
              "pending": false,
              "context": null,
              "code": "cy.get('.pixel').each(function (pixel) {\n  cy.wrap(pixel).click().should('have.css', 'background-color', BLACK);\n});",
              "err": {},
              "uuid": "f6fb6f99-8358-4e3b-b0f5-5380c0f5fe1b",
              "parentUUID": "e56d564e-8f1d-470c-aef7-194591c4835b",
              "isHook": false,
              "skipped": false
            },
            {
              "title": "Verifica se após selecionar uma outra cor na paleta, é possível pintar os pixels com essa cor",
              "fullTitle": "8 - Clicar em um pixel dentro do quadro após selecionar uma cor na paleta, faz com que o pixel seja preenchido com a cor selecionada. Verifica se após selecionar uma outra cor na paleta, é possível pintar os pixels com essa cor",
              "timedOut": null,
              "duration": 8973,
              "state": "passed",
              "speed": "slow",
              "pass": true,
              "fail": false,
              "pending": false,
              "context": null,
              "code": "cy.get('.color').each(function (color) {\n  var backgroundColor = color.css('background-color');\n  cy.wrap(color).click();\n  cy.get('.pixel').each(function (pixel) {\n    cy.wrap(pixel).click().should('have.css', 'background-color', backgroundColor);\n  });\n});",
              "err": {},
              "uuid": "ac786128-5cee-44ca-b459-95ced7ca0f70",
              "parentUUID": "e56d564e-8f1d-470c-aef7-194591c4835b",
              "isHook": false,
              "skipped": false
            },
            {
              "title": "Verifica se somente o pixel que foi clicado foi preenchido com a cor selecionada, sem influenciar na cor dos demais pixels.",
              "fullTitle": "8 - Clicar em um pixel dentro do quadro após selecionar uma cor na paleta, faz com que o pixel seja preenchido com a cor selecionada. Verifica se somente o pixel que foi clicado foi preenchido com a cor selecionada, sem influenciar na cor dos demais pixels.",
              "timedOut": null,
              "duration": 1207,
              "state": "passed",
              "speed": "slow",
              "pass": true,
              "fail": false,
              "pending": false,
              "context": null,
              "code": "var colorToPixelIndexMap = {\n  0: 6,\n  1: 8,\n  2: 16,\n  3: 18\n};\ncy.get('.color').each(function (color, index) {\n  cy.wrap(color).click();\n  var backgroundColor = color.css('background-color');\n  var clickedPixelIndex = colorToPixelIndexMap[index];\n  cy.get('.pixel').eq(clickedPixelIndex).click();\n  cy.get('.pixel').eq(clickedPixelIndex - 1).should('not.have.css', 'background-color', backgroundColor);\n  cy.get('.pixel').eq(clickedPixelIndex + 1).should('not.have.css', 'background-color', backgroundColor);\n  cy.get('.pixel').eq(clickedPixelIndex - 5).should('not.have.css', 'background-color', backgroundColor);\n  cy.get('.pixel').eq(clickedPixelIndex + 5).should('not.have.css', 'background-color', backgroundColor);\n  cy.get('.pixel').eq(clickedPixelIndex - 6).should('not.have.css', 'background-color', backgroundColor);\n  cy.get('.pixel').eq(clickedPixelIndex - 4).should('not.have.css', 'background-color', backgroundColor);\n  cy.get('.pixel').eq(clickedPixelIndex + 4).should('not.have.css', 'background-color', backgroundColor);\n  cy.get('.pixel').eq(clickedPixelIndex + 6).should('not.have.css', 'background-color', backgroundColor);\n});",
              "err": {},
              "uuid": "c4b27132-f6c4-47f1-8591-4b057a097f3d",
              "parentUUID": "e56d564e-8f1d-470c-aef7-194591c4835b",
              "isHook": false,
              "skipped": false
            }
          ],
          "suites": [],
          "passes": [
            "f6fb6f99-8358-4e3b-b0f5-5380c0f5fe1b",
            "ac786128-5cee-44ca-b459-95ced7ca0f70",
            "c4b27132-f6c4-47f1-8591-4b057a097f3d"
          ],
          "failures": [],
          "pending": [],
          "skipped": [],
          "duration": 12436,
          "root": false,
          "rootEmpty": false,
          "_timeout": 2000
        },
        {
          "uuid": "96c3e6ed-ff41-436c-81b3-ddff4878ccc7",
          "title": "9 - Crie um botão que, ao ser clicado, limpa o quadro preenchendo a cor de todos seus pixels com branco.",
          "fullFile": "",
          "file": "",
          "beforeHooks": [],
          "afterHooks": [],
          "tests": [
            {
              "title": "Verifica se o botão tem o `id` denominado `clear-board`",
              "fullTitle": "9 - Crie um botão que, ao ser clicado, limpa o quadro preenchendo a cor de todos seus pixels com branco. Verifica se o botão tem o `id` denominado `clear-board`",
              "timedOut": null,
              "duration": 4222,
              "state": "failed",
              "speed": null,
              "pass": false,
              "fail": true,
              "pending": false,
              "context": null,
              "code": "cy.get('#clear-board').should('be.visible');",
              "err": {
                "message": "CypressError: Timed out retrying: Expected to find element: '#clear-board', but never found it.",
                "estack": "CypressError: Timed out retrying: Expected to find element: '#clear-board', but never found it.\n    at cypressErr (http://localhost:34485/__cypress/runner/cypress_runner.js:149934:9)\n    at throwErr (http://localhost:34485/__cypress/runner/cypress_runner.js:149867:11)\n    at Object.throwErrByPath (http://localhost:34485/__cypress/runner/cypress_runner.js:149915:3)\n    at retry (http://localhost:34485/__cypress/runner/cypress_runner.js:144197:19)\n    at onFailFn (http://localhost:34485/__cypress/runner/cypress_runner.js:132448:16)\n    at tryCatcher (http://localhost:34485/__cypress/runner/cypress_runner.js:167415:23)\n    at Promise._settlePromiseFromHandler (http://localhost:34485/__cypress/runner/cypress_runner.js:165351:31)\n    at Promise._settlePromise (http://localhost:34485/__cypress/runner/cypress_runner.js:165408:18)\n    at Promise._settlePromise0 (http://localhost:34485/__cypress/runner/cypress_runner.js:165453:10)\n    at Promise._settlePromises (http://localhost:34485/__cypress/runner/cypress_runner.js:165528:18)\n    at Async../node_modules/bluebird/js/release/async.js.Async._drainQueue (http://localhost:34485/__cypress/runner/cypress_runner.js:162140:16)\n    at Async../node_modules/bluebird/js/release/async.js.Async._drainQueues (http://localhost:34485/__cypress/runner/cypress_runner.js:162150:10)\n    at Async.drainQueues (http://localhost:34485/__cypress/runner/cypress_runner.js:162024:14)",
                "diff": null
              },
              "uuid": "e5a5e0d7-3226-4d5e-ae6e-78b3d8c2a853",
              "parentUUID": "96c3e6ed-ff41-436c-81b3-ddff4878ccc7",
              "isHook": false,
              "skipped": false
            },
            {
              "title": "Verifica se o botão está posicionado entre a paleta de cores e o quadro de pixels",
              "fullTitle": "9 - Crie um botão que, ao ser clicado, limpa o quadro preenchendo a cor de todos seus pixels com branco. Verifica se o botão está posicionado entre a paleta de cores e o quadro de pixels",
              "timedOut": null,
              "duration": 4176,
              "state": "failed",
              "speed": null,
              "pass": false,
              "fail": true,
              "pending": false,
              "context": null,
              "code": "cy.get('#color-palette').then(function (palette) {\n  cy.get('#clear-board').should('be.belowOf', palette);\n});\ncy.get('#clear-board').then(function (clearBtn) {\n  cy.get('#pixel-board').should('be.belowOf', clearBtn);\n});",
              "err": {
                "message": "CypressError: Timed out retrying: Expected to find element: '#clear-board', but never found it.",
                "estack": "CypressError: Timed out retrying: Expected to find element: '#clear-board', but never found it.\n    at cypressErr (http://localhost:34485/__cypress/runner/cypress_runner.js:149934:9)\n    at throwErr (http://localhost:34485/__cypress/runner/cypress_runner.js:149867:11)\n    at Object.throwErrByPath (http://localhost:34485/__cypress/runner/cypress_runner.js:149915:3)\n    at retry (http://localhost:34485/__cypress/runner/cypress_runner.js:144197:19)\n    at onFailFn (http://localhost:34485/__cypress/runner/cypress_runner.js:132448:16)\n    at tryCatcher (http://localhost:34485/__cypress/runner/cypress_runner.js:167415:23)\n    at Promise._settlePromiseFromHandler (http://localhost:34485/__cypress/runner/cypress_runner.js:165351:31)\n    at Promise._settlePromise (http://localhost:34485/__cypress/runner/cypress_runner.js:165408:18)\n    at Promise._settlePromise0 (http://localhost:34485/__cypress/runner/cypress_runner.js:165453:10)\n    at Promise._settlePromises (http://localhost:34485/__cypress/runner/cypress_runner.js:165528:18)\n    at Async../node_modules/bluebird/js/release/async.js.Async._drainQueue (http://localhost:34485/__cypress/runner/cypress_runner.js:162140:16)\n    at Async../node_modules/bluebird/js/release/async.js.Async._drainQueues (http://localhost:34485/__cypress/runner/cypress_runner.js:162150:10)\n    at Async.drainQueues (http://localhost:34485/__cypress/runner/cypress_runner.js:162024:14)",
                "diff": null
              },
              "uuid": "d2991786-3952-458f-8f9c-b340f8b9ad4d",
              "parentUUID": "96c3e6ed-ff41-436c-81b3-ddff4878ccc7",
              "isHook": false,
              "skipped": false
            },
            {
              "title": "Verifica se o texto do botão é 'Limpar'",
              "fullTitle": "9 - Crie um botão que, ao ser clicado, limpa o quadro preenchendo a cor de todos seus pixels com branco. Verifica se o texto do botão é 'Limpar'",
              "timedOut": null,
              "duration": 4160,
              "state": "failed",
              "speed": null,
              "pass": false,
              "fail": true,
              "pending": false,
              "context": null,
              "code": "cy.get('#clear-board').should('contain.text', 'Limpar');",
              "err": {
                "message": "CypressError: Timed out retrying: Expected to find element: '#clear-board', but never found it.",
                "estack": "CypressError: Timed out retrying: Expected to find element: '#clear-board', but never found it.\n    at cypressErr (http://localhost:34485/__cypress/runner/cypress_runner.js:149934:9)\n    at throwErr (http://localhost:34485/__cypress/runner/cypress_runner.js:149867:11)\n    at Object.throwErrByPath (http://localhost:34485/__cypress/runner/cypress_runner.js:149915:3)\n    at retry (http://localhost:34485/__cypress/runner/cypress_runner.js:144197:19)\n    at onFailFn (http://localhost:34485/__cypress/runner/cypress_runner.js:132448:16)\n    at tryCatcher (http://localhost:34485/__cypress/runner/cypress_runner.js:167415:23)\n    at Promise._settlePromiseFromHandler (http://localhost:34485/__cypress/runner/cypress_runner.js:165351:31)\n    at Promise._settlePromise (http://localhost:34485/__cypress/runner/cypress_runner.js:165408:18)\n    at Promise._settlePromise0 (http://localhost:34485/__cypress/runner/cypress_runner.js:165453:10)\n    at Promise._settlePromises (http://localhost:34485/__cypress/runner/cypress_runner.js:165528:18)\n    at Async../node_modules/bluebird/js/release/async.js.Async._drainQueue (http://localhost:34485/__cypress/runner/cypress_runner.js:162140:16)\n    at Async../node_modules/bluebird/js/release/async.js.Async._drainQueues (http://localhost:34485/__cypress/runner/cypress_runner.js:162150:10)\n    at Async.drainQueues (http://localhost:34485/__cypress/runner/cypress_runner.js:162024:14)",
                "diff": null
              },
              "uuid": "f773c7f5-2e7f-48a8-9f8c-aab39a4bb9d3",
              "parentUUID": "96c3e6ed-ff41-436c-81b3-ddff4878ccc7",
              "isHook": false,
              "skipped": false
            },
            {
              "title": "Verifica se ao clicar no botão, o quadro de pixels é totalmente preenchido de branco",
              "fullTitle": "9 - Crie um botão que, ao ser clicado, limpa o quadro preenchendo a cor de todos seus pixels com branco. Verifica se ao clicar no botão, o quadro de pixels é totalmente preenchido de branco",
              "timedOut": null,
              "duration": 6492,
              "state": "failed",
              "speed": null,
              "pass": false,
              "fail": true,
              "pending": false,
              "context": null,
              "code": "cy.get('.color').eq(1).then(function (color) {\n  var backgroundColor = color.css('background-color');\n  cy.wrap(color).click();\n  cy.get('.pixel').each(function (pixel) {\n    cy.wrap(pixel).click().should('have.css', 'background-color', backgroundColor);\n  });\n});\ncy.get('#clear-board').click();\ncy.get('.pixel').each(function (pixel) {\n  cy.wrap(pixel).should('have.css', 'background-color', WHITE);\n});",
              "err": {
                "message": "CypressError: Timed out retrying: Expected to find element: '#clear-board', but never found it.",
                "estack": "CypressError: Timed out retrying: Expected to find element: '#clear-board', but never found it.\n    at cypressErr (http://localhost:34485/__cypress/runner/cypress_runner.js:149934:9)\n    at throwErr (http://localhost:34485/__cypress/runner/cypress_runner.js:149867:11)\n    at Object.throwErrByPath (http://localhost:34485/__cypress/runner/cypress_runner.js:149915:3)\n    at retry (http://localhost:34485/__cypress/runner/cypress_runner.js:144197:19)\n    at onFailFn (http://localhost:34485/__cypress/runner/cypress_runner.js:132448:16)\n    at tryCatcher (http://localhost:34485/__cypress/runner/cypress_runner.js:167415:23)\n    at Promise._settlePromiseFromHandler (http://localhost:34485/__cypress/runner/cypress_runner.js:165351:31)\n    at Promise._settlePromise (http://localhost:34485/__cypress/runner/cypress_runner.js:165408:18)\n    at Promise._settlePromise0 (http://localhost:34485/__cypress/runner/cypress_runner.js:165453:10)\n    at Promise._settlePromises (http://localhost:34485/__cypress/runner/cypress_runner.js:165528:18)\n    at Async../node_modules/bluebird/js/release/async.js.Async._drainQueue (http://localhost:34485/__cypress/runner/cypress_runner.js:162140:16)\n    at Async../node_modules/bluebird/js/release/async.js.Async._drainQueues (http://localhost:34485/__cypress/runner/cypress_runner.js:162150:10)\n    at Async.drainQueues (http://localhost:34485/__cypress/runner/cypress_runner.js:162024:14)",
                "diff": null
              },
              "uuid": "028f8a23-e90d-4dd1-8b21-6128f9e1f651",
              "parentUUID": "96c3e6ed-ff41-436c-81b3-ddff4878ccc7",
              "isHook": false,
              "skipped": false
            }
          ],
          "suites": [],
          "passes": [],
          "failures": [
            "e5a5e0d7-3226-4d5e-ae6e-78b3d8c2a853",
            "d2991786-3952-458f-8f9c-b340f8b9ad4d",
            "f773c7f5-2e7f-48a8-9f8c-aab39a4bb9d3",
            "028f8a23-e90d-4dd1-8b21-6128f9e1f651"
          ],
          "pending": [],
          "skipped": [],
          "duration": 19050,
          "root": false,
          "rootEmpty": false,
          "_timeout": 2000
        },
        {
          "uuid": "f2e770ee-085a-4788-b730-2bc607dfc460",
          "title": "10 - Faça o quadro de pixels ter seu tamanho definido pelo usuário.",
          "fullFile": "",
          "file": "",
          "beforeHooks": [],
          "afterHooks": [],
          "tests": [
            {
              "title": "Verifica se existe um input com o id `board-size`",
              "fullTitle": "10 - Faça o quadro de pixels ter seu tamanho definido pelo usuário. Verifica se existe um input com o id `board-size`",
              "timedOut": null,
              "duration": 4270,
              "state": "failed",
              "speed": null,
              "pass": false,
              "fail": true,
              "pending": false,
              "context": null,
              "code": "cy.get('#board-size').should('be.visible');",
              "err": {
                "message": "CypressError: Timed out retrying: Expected to find element: '#board-size', but never found it.",
                "estack": "CypressError: Timed out retrying: Expected to find element: '#board-size', but never found it.\n    at cypressErr (http://localhost:34485/__cypress/runner/cypress_runner.js:149934:9)\n    at throwErr (http://localhost:34485/__cypress/runner/cypress_runner.js:149867:11)\n    at Object.throwErrByPath (http://localhost:34485/__cypress/runner/cypress_runner.js:149915:3)\n    at retry (http://localhost:34485/__cypress/runner/cypress_runner.js:144197:19)\n    at onFailFn (http://localhost:34485/__cypress/runner/cypress_runner.js:132448:16)\n    at tryCatcher (http://localhost:34485/__cypress/runner/cypress_runner.js:167415:23)\n    at Promise._settlePromiseFromHandler (http://localhost:34485/__cypress/runner/cypress_runner.js:165351:31)\n    at Promise._settlePromise (http://localhost:34485/__cypress/runner/cypress_runner.js:165408:18)\n    at Promise._settlePromise0 (http://localhost:34485/__cypress/runner/cypress_runner.js:165453:10)\n    at Promise._settlePromises (http://localhost:34485/__cypress/runner/cypress_runner.js:165528:18)\n    at Async../node_modules/bluebird/js/release/async.js.Async._drainQueue (http://localhost:34485/__cypress/runner/cypress_runner.js:162140:16)\n    at Async../node_modules/bluebird/js/release/async.js.Async._drainQueues (http://localhost:34485/__cypress/runner/cypress_runner.js:162150:10)\n    at Async.drainQueues (http://localhost:34485/__cypress/runner/cypress_runner.js:162024:14)",
                "diff": null
              },
              "uuid": "c8d28925-2160-40b3-92d2-8c399932a8ec",
              "parentUUID": "f2e770ee-085a-4788-b730-2bc607dfc460",
              "isHook": false,
              "skipped": false
            },
            {
              "title": "Verifica se existe um botão com o id `generate-board`",
              "fullTitle": "10 - Faça o quadro de pixels ter seu tamanho definido pelo usuário. Verifica se existe um botão com o id `generate-board`",
              "timedOut": null,
              "duration": 4180,
              "state": "failed",
              "speed": null,
              "pass": false,
              "fail": true,
              "pending": false,
              "context": null,
              "code": "cy.get('#generate-board').should('be.visible');",
              "err": {
                "message": "CypressError: Timed out retrying: Expected to find element: '#generate-board', but never found it.",
                "estack": "CypressError: Timed out retrying: Expected to find element: '#generate-board', but never found it.\n    at cypressErr (http://localhost:34485/__cypress/runner/cypress_runner.js:149934:9)\n    at throwErr (http://localhost:34485/__cypress/runner/cypress_runner.js:149867:11)\n    at Object.throwErrByPath (http://localhost:34485/__cypress/runner/cypress_runner.js:149915:3)\n    at retry (http://localhost:34485/__cypress/runner/cypress_runner.js:144197:19)\n    at onFailFn (http://localhost:34485/__cypress/runner/cypress_runner.js:132448:16)\n    at tryCatcher (http://localhost:34485/__cypress/runner/cypress_runner.js:167415:23)\n    at Promise._settlePromiseFromHandler (http://localhost:34485/__cypress/runner/cypress_runner.js:165351:31)\n    at Promise._settlePromise (http://localhost:34485/__cypress/runner/cypress_runner.js:165408:18)\n    at Promise._settlePromise0 (http://localhost:34485/__cypress/runner/cypress_runner.js:165453:10)\n    at Promise._settlePromises (http://localhost:34485/__cypress/runner/cypress_runner.js:165528:18)\n    at Async../node_modules/bluebird/js/release/async.js.Async._drainQueue (http://localhost:34485/__cypress/runner/cypress_runner.js:162140:16)\n    at Async../node_modules/bluebird/js/release/async.js.Async._drainQueues (http://localhost:34485/__cypress/runner/cypress_runner.js:162150:10)\n    at Async.drainQueues (http://localhost:34485/__cypress/runner/cypress_runner.js:162024:14)",
                "diff": null
              },
              "uuid": "048e439a-e277-4612-b6eb-d87c08f1f135",
              "parentUUID": "f2e770ee-085a-4788-b730-2bc607dfc460",
              "isHook": false,
              "skipped": false
            },
            {
              "title": "Verifica se o input só aceita número maiores que zero. Essa restrição deve ser feita usando os atributos do elemento `input`",
              "fullTitle": "10 - Faça o quadro de pixels ter seu tamanho definido pelo usuário. Verifica se o input só aceita número maiores que zero. Essa restrição deve ser feita usando os atributos do elemento `input`",
              "timedOut": null,
              "duration": 4169,
              "state": "failed",
              "speed": null,
              "pass": false,
              "fail": true,
              "pending": false,
              "context": null,
              "code": "cy.get('#board-size[type=\\'number\\'][min=\\'1\\']');",
              "err": {
                "message": "CypressError: Timed out retrying: Expected to find element: '#board-size[type='number'][min='1']', but never found it.",
                "estack": "CypressError: Timed out retrying: Expected to find element: '#board-size[type='number'][min='1']', but never found it.\n    at cypressErr (http://localhost:34485/__cypress/runner/cypress_runner.js:149934:9)\n    at throwErr (http://localhost:34485/__cypress/runner/cypress_runner.js:149867:11)\n    at Object.throwErrByPath (http://localhost:34485/__cypress/runner/cypress_runner.js:149915:3)\n    at retry (http://localhost:34485/__cypress/runner/cypress_runner.js:144197:19)\n    at onFailFn (http://localhost:34485/__cypress/runner/cypress_runner.js:132448:16)\n    at tryCatcher (http://localhost:34485/__cypress/runner/cypress_runner.js:167415:23)\n    at Promise._settlePromiseFromHandler (http://localhost:34485/__cypress/runner/cypress_runner.js:165351:31)\n    at Promise._settlePromise (http://localhost:34485/__cypress/runner/cypress_runner.js:165408:18)\n    at Promise._settlePromise0 (http://localhost:34485/__cypress/runner/cypress_runner.js:165453:10)\n    at Promise._settlePromises (http://localhost:34485/__cypress/runner/cypress_runner.js:165528:18)\n    at Async../node_modules/bluebird/js/release/async.js.Async._drainQueue (http://localhost:34485/__cypress/runner/cypress_runner.js:162140:16)\n    at Async../node_modules/bluebird/js/release/async.js.Async._drainQueues (http://localhost:34485/__cypress/runner/cypress_runner.js:162150:10)\n    at Async.drainQueues (http://localhost:34485/__cypress/runner/cypress_runner.js:162024:14)",
                "diff": null
              },
              "uuid": "d1e2eabc-deb6-41dd-9643-01c48ba22b79",
              "parentUUID": "f2e770ee-085a-4788-b730-2bc607dfc460",
              "isHook": false,
              "skipped": false
            },
            {
              "title": "Verifica se o botão contém o texto 'VQV'",
              "fullTitle": "10 - Faça o quadro de pixels ter seu tamanho definido pelo usuário. Verifica se o botão contém o texto 'VQV'",
              "timedOut": null,
              "duration": 4296,
              "state": "failed",
              "speed": null,
              "pass": false,
              "fail": true,
              "pending": false,
              "context": null,
              "code": "cy.get('#generate-board').contains(/vqv/i);",
              "err": {
                "message": "CypressError: Timed out retrying: Expected to find element: '#generate-board', but never found it.",
                "estack": "CypressError: Timed out retrying: Expected to find element: '#generate-board', but never found it.\n    at cypressErr (http://localhost:34485/__cypress/runner/cypress_runner.js:149934:9)\n    at throwErr (http://localhost:34485/__cypress/runner/cypress_runner.js:149867:11)\n    at Object.throwErrByPath (http://localhost:34485/__cypress/runner/cypress_runner.js:149915:3)\n    at retry (http://localhost:34485/__cypress/runner/cypress_runner.js:144197:19)\n    at onFailFn (http://localhost:34485/__cypress/runner/cypress_runner.js:132448:16)\n    at tryCatcher (http://localhost:34485/__cypress/runner/cypress_runner.js:167415:23)\n    at Promise._settlePromiseFromHandler (http://localhost:34485/__cypress/runner/cypress_runner.js:165351:31)\n    at Promise._settlePromise (http://localhost:34485/__cypress/runner/cypress_runner.js:165408:18)\n    at Promise._settlePromise0 (http://localhost:34485/__cypress/runner/cypress_runner.js:165453:10)\n    at Promise._settlePromises (http://localhost:34485/__cypress/runner/cypress_runner.js:165528:18)\n    at Async../node_modules/bluebird/js/release/async.js.Async._drainQueue (http://localhost:34485/__cypress/runner/cypress_runner.js:162140:16)\n    at Async../node_modules/bluebird/js/release/async.js.Async._drainQueues (http://localhost:34485/__cypress/runner/cypress_runner.js:162150:10)\n    at Async.drainQueues (http://localhost:34485/__cypress/runner/cypress_runner.js:162024:14)",
                "diff": null
              },
              "uuid": "b64a1c21-33c5-44ad-960c-8435dd475e0a",
              "parentUUID": "f2e770ee-085a-4788-b730-2bc607dfc460",
              "isHook": false,
              "skipped": false
            },
            {
              "title": "Verifica se o input está posicionado entre a paleta de cores e o quadro de pixels",
              "fullTitle": "10 - Faça o quadro de pixels ter seu tamanho definido pelo usuário. Verifica se o input está posicionado entre a paleta de cores e o quadro de pixels",
              "timedOut": null,
              "duration": 4222,
              "state": "failed",
              "speed": null,
              "pass": false,
              "fail": true,
              "pending": false,
              "context": null,
              "code": "cy.get('#color-palette').then(function (palette) {\n  cy.get('#board-size').should('be.belowOf', palette);\n});\ncy.get('#board-size').then(function (palette) {\n  cy.get('#pixel-board').should('be.belowOf', palette);\n});",
              "err": {
                "message": "CypressError: Timed out retrying: Expected to find element: '#board-size', but never found it.",
                "estack": "CypressError: Timed out retrying: Expected to find element: '#board-size', but never found it.\n    at cypressErr (http://localhost:34485/__cypress/runner/cypress_runner.js:149934:9)\n    at throwErr (http://localhost:34485/__cypress/runner/cypress_runner.js:149867:11)\n    at Object.throwErrByPath (http://localhost:34485/__cypress/runner/cypress_runner.js:149915:3)\n    at retry (http://localhost:34485/__cypress/runner/cypress_runner.js:144197:19)\n    at onFailFn (http://localhost:34485/__cypress/runner/cypress_runner.js:132448:16)\n    at tryCatcher (http://localhost:34485/__cypress/runner/cypress_runner.js:167415:23)\n    at Promise._settlePromiseFromHandler (http://localhost:34485/__cypress/runner/cypress_runner.js:165351:31)\n    at Promise._settlePromise (http://localhost:34485/__cypress/runner/cypress_runner.js:165408:18)\n    at Promise._settlePromise0 (http://localhost:34485/__cypress/runner/cypress_runner.js:165453:10)\n    at Promise._settlePromises (http://localhost:34485/__cypress/runner/cypress_runner.js:165528:18)\n    at Async../node_modules/bluebird/js/release/async.js.Async._drainQueue (http://localhost:34485/__cypress/runner/cypress_runner.js:162140:16)\n    at Async../node_modules/bluebird/js/release/async.js.Async._drainQueues (http://localhost:34485/__cypress/runner/cypress_runner.js:162150:10)\n    at Async.drainQueues (http://localhost:34485/__cypress/runner/cypress_runner.js:162024:14)",
                "diff": null
              },
              "uuid": "a8880656-a756-4b55-8cb9-51f46be53640",
              "parentUUID": "f2e770ee-085a-4788-b730-2bc607dfc460",
              "isHook": false,
              "skipped": false
            },
            {
              "title": "Verifica se o botão está posicionado ao lado do input",
              "fullTitle": "10 - Faça o quadro de pixels ter seu tamanho definido pelo usuário. Verifica se o botão está posicionado ao lado do input",
              "timedOut": null,
              "duration": 4184,
              "state": "failed",
              "speed": null,
              "pass": false,
              "fail": true,
              "pending": false,
              "context": null,
              "code": "cy.get('#board-size').then(function (board) {\n  cy.get('#generate-board').should('be.onTheRightOf', board);\n});",
              "err": {
                "message": "CypressError: Timed out retrying: Expected to find element: '#board-size', but never found it.",
                "estack": "CypressError: Timed out retrying: Expected to find element: '#board-size', but never found it.\n    at cypressErr (http://localhost:34485/__cypress/runner/cypress_runner.js:149934:9)\n    at throwErr (http://localhost:34485/__cypress/runner/cypress_runner.js:149867:11)\n    at Object.throwErrByPath (http://localhost:34485/__cypress/runner/cypress_runner.js:149915:3)\n    at retry (http://localhost:34485/__cypress/runner/cypress_runner.js:144197:19)\n    at onFailFn (http://localhost:34485/__cypress/runner/cypress_runner.js:132448:16)\n    at tryCatcher (http://localhost:34485/__cypress/runner/cypress_runner.js:167415:23)\n    at Promise._settlePromiseFromHandler (http://localhost:34485/__cypress/runner/cypress_runner.js:165351:31)\n    at Promise._settlePromise (http://localhost:34485/__cypress/runner/cypress_runner.js:165408:18)\n    at Promise._settlePromise0 (http://localhost:34485/__cypress/runner/cypress_runner.js:165453:10)\n    at Promise._settlePromises (http://localhost:34485/__cypress/runner/cypress_runner.js:165528:18)\n    at Async../node_modules/bluebird/js/release/async.js.Async._drainQueue (http://localhost:34485/__cypress/runner/cypress_runner.js:162140:16)\n    at Async../node_modules/bluebird/js/release/async.js.Async._drainQueues (http://localhost:34485/__cypress/runner/cypress_runner.js:162150:10)\n    at Async.drainQueues (http://localhost:34485/__cypress/runner/cypress_runner.js:162024:14)",
                "diff": null
              },
              "uuid": "289ec69c-edd9-4cef-ae1b-f02e0aa6e8b9",
              "parentUUID": "f2e770ee-085a-4788-b730-2bc607dfc460",
              "isHook": false,
              "skipped": false
            },
            {
              "title": "Verifica se nenhum valor for colocado no input ao clicar no botão, um `alert` é exibido com o texto: 'Board inválido!'",
              "fullTitle": "10 - Faça o quadro de pixels ter seu tamanho definido pelo usuário. Verifica se nenhum valor for colocado no input ao clicar no botão, um `alert` é exibido com o texto: 'Board inválido!'",
              "timedOut": null,
              "duration": 4178,
              "state": "failed",
              "speed": null,
              "pass": false,
              "fail": true,
              "pending": false,
              "context": null,
              "code": "var alerted = false;\ncy.on('window:alert', function (msg) {\n  return alerted = msg;\n});\ncy.get('#generate-board').click().then(function () {\n  return expect(alerted).to.match(/Board inválido!/i);\n});",
              "err": {
                "message": "CypressError: Timed out retrying: Expected to find element: '#generate-board', but never found it.",
                "estack": "CypressError: Timed out retrying: Expected to find element: '#generate-board', but never found it.\n    at cypressErr (http://localhost:34485/__cypress/runner/cypress_runner.js:149934:9)\n    at throwErr (http://localhost:34485/__cypress/runner/cypress_runner.js:149867:11)\n    at Object.throwErrByPath (http://localhost:34485/__cypress/runner/cypress_runner.js:149915:3)\n    at retry (http://localhost:34485/__cypress/runner/cypress_runner.js:144197:19)\n    at onFailFn (http://localhost:34485/__cypress/runner/cypress_runner.js:132448:16)\n    at tryCatcher (http://localhost:34485/__cypress/runner/cypress_runner.js:167415:23)\n    at Promise._settlePromiseFromHandler (http://localhost:34485/__cypress/runner/cypress_runner.js:165351:31)\n    at Promise._settlePromise (http://localhost:34485/__cypress/runner/cypress_runner.js:165408:18)\n    at Promise._settlePromise0 (http://localhost:34485/__cypress/runner/cypress_runner.js:165453:10)\n    at Promise._settlePromises (http://localhost:34485/__cypress/runner/cypress_runner.js:165528:18)\n    at Async../node_modules/bluebird/js/release/async.js.Async._drainQueue (http://localhost:34485/__cypress/runner/cypress_runner.js:162140:16)\n    at Async../node_modules/bluebird/js/release/async.js.Async._drainQueues (http://localhost:34485/__cypress/runner/cypress_runner.js:162150:10)\n    at Async.drainQueues (http://localhost:34485/__cypress/runner/cypress_runner.js:162024:14)",
                "diff": null
              },
              "uuid": "6a04fc59-a693-4439-851b-8f802f612e02",
              "parentUUID": "f2e770ee-085a-4788-b730-2bc607dfc460",
              "isHook": false,
              "skipped": false
            },
            {
              "title": "Verifica se ao clicar no botão com um valor preenchido, o tamanho do board muda.",
              "fullTitle": "10 - Faça o quadro de pixels ter seu tamanho definido pelo usuário. Verifica se ao clicar no botão com um valor preenchido, o tamanho do board muda.",
              "timedOut": null,
              "duration": 4245,
              "state": "failed",
              "speed": null,
              "pass": false,
              "fail": true,
              "pending": false,
              "context": null,
              "code": "cy.get('#board-size').clear().type(10);\ncy.get('#generate-board').click();\ncy.get('.pixel').should('have.length', 100);",
              "err": {
                "message": "CypressError: Timed out retrying: Expected to find element: '#board-size', but never found it.",
                "estack": "CypressError: Timed out retrying: Expected to find element: '#board-size', but never found it.\n    at cypressErr (http://localhost:34485/__cypress/runner/cypress_runner.js:149934:9)\n    at throwErr (http://localhost:34485/__cypress/runner/cypress_runner.js:149867:11)\n    at Object.throwErrByPath (http://localhost:34485/__cypress/runner/cypress_runner.js:149915:3)\n    at retry (http://localhost:34485/__cypress/runner/cypress_runner.js:144197:19)\n    at onFailFn (http://localhost:34485/__cypress/runner/cypress_runner.js:132448:16)\n    at tryCatcher (http://localhost:34485/__cypress/runner/cypress_runner.js:167415:23)\n    at Promise._settlePromiseFromHandler (http://localhost:34485/__cypress/runner/cypress_runner.js:165351:31)\n    at Promise._settlePromise (http://localhost:34485/__cypress/runner/cypress_runner.js:165408:18)\n    at Promise._settlePromise0 (http://localhost:34485/__cypress/runner/cypress_runner.js:165453:10)\n    at Promise._settlePromises (http://localhost:34485/__cypress/runner/cypress_runner.js:165528:18)\n    at Async../node_modules/bluebird/js/release/async.js.Async._drainQueue (http://localhost:34485/__cypress/runner/cypress_runner.js:162140:16)\n    at Async../node_modules/bluebird/js/release/async.js.Async._drainQueues (http://localhost:34485/__cypress/runner/cypress_runner.js:162150:10)\n    at Async.drainQueues (http://localhost:34485/__cypress/runner/cypress_runner.js:162024:14)",
                "diff": null
              },
              "uuid": "a8ba87b3-30bd-4e8c-908d-8c75f6ee4a6a",
              "parentUUID": "f2e770ee-085a-4788-b730-2bc607dfc460",
              "isHook": false,
              "skipped": false
            },
            {
              "title": "Verifica se o novo quadro tem todos os pixels preenchidos com a cor branca",
              "fullTitle": "10 - Faça o quadro de pixels ter seu tamanho definido pelo usuário. Verifica se o novo quadro tem todos os pixels preenchidos com a cor branca",
              "timedOut": null,
              "duration": 4204,
              "state": "failed",
              "speed": null,
              "pass": false,
              "fail": true,
              "pending": false,
              "context": null,
              "code": "cy.get('#board-size').clear().type(6);\ncy.get('#generate-board').click();\ncy.get('.pixel').should('have.length', 36).each(function (pixel) {\n  expect(pixel).to.have.css('background-color', WHITE);\n});",
              "err": {
                "message": "CypressError: Timed out retrying: Expected to find element: '#board-size', but never found it.",
                "estack": "CypressError: Timed out retrying: Expected to find element: '#board-size', but never found it.\n    at cypressErr (http://localhost:34485/__cypress/runner/cypress_runner.js:149934:9)\n    at throwErr (http://localhost:34485/__cypress/runner/cypress_runner.js:149867:11)\n    at Object.throwErrByPath (http://localhost:34485/__cypress/runner/cypress_runner.js:149915:3)\n    at retry (http://localhost:34485/__cypress/runner/cypress_runner.js:144197:19)\n    at onFailFn (http://localhost:34485/__cypress/runner/cypress_runner.js:132448:16)\n    at tryCatcher (http://localhost:34485/__cypress/runner/cypress_runner.js:167415:23)\n    at Promise._settlePromiseFromHandler (http://localhost:34485/__cypress/runner/cypress_runner.js:165351:31)\n    at Promise._settlePromise (http://localhost:34485/__cypress/runner/cypress_runner.js:165408:18)\n    at Promise._settlePromise0 (http://localhost:34485/__cypress/runner/cypress_runner.js:165453:10)\n    at Promise._settlePromises (http://localhost:34485/__cypress/runner/cypress_runner.js:165528:18)\n    at Async../node_modules/bluebird/js/release/async.js.Async._drainQueue (http://localhost:34485/__cypress/runner/cypress_runner.js:162140:16)\n    at Async../node_modules/bluebird/js/release/async.js.Async._drainQueues (http://localhost:34485/__cypress/runner/cypress_runner.js:162150:10)\n    at Async.drainQueues (http://localhost:34485/__cypress/runner/cypress_runner.js:162024:14)",
                "diff": null
              },
              "uuid": "3657f15b-a8cc-41c5-9010-65f1532d5c9e",
              "parentUUID": "f2e770ee-085a-4788-b730-2bc607dfc460",
              "isHook": false,
              "skipped": false
            }
          ],
          "suites": [],
          "passes": [],
          "failures": [
            "c8d28925-2160-40b3-92d2-8c399932a8ec",
            "048e439a-e277-4612-b6eb-d87c08f1f135",
            "d1e2eabc-deb6-41dd-9643-01c48ba22b79",
            "b64a1c21-33c5-44ad-960c-8435dd475e0a",
            "a8880656-a756-4b55-8cb9-51f46be53640",
            "289ec69c-edd9-4cef-ae1b-f02e0aa6e8b9",
            "6a04fc59-a693-4439-851b-8f802f612e02",
            "a8ba87b3-30bd-4e8c-908d-8c75f6ee4a6a",
            "3657f15b-a8cc-41c5-9010-65f1532d5c9e"
          ],
          "pending": [],
          "skipped": [],
          "duration": 37948,
          "root": false,
          "rootEmpty": false,
          "_timeout": 2000
        },
        {
          "uuid": "420a728f-f471-4e05-8f88-d052a71f8c53",
          "title": "11 - Limite o tamanho mínimo e máximo do board.",
          "fullFile": "",
          "file": "",
          "beforeHooks": [],
          "afterHooks": [],
          "tests": [
            {
              "title": "Verifica se a altura máxima do board é 50",
              "fullTitle": "11 - Limite o tamanho mínimo e máximo do board. Verifica se a altura máxima do board é 50",
              "timedOut": null,
              "duration": 4233,
              "state": "failed",
              "speed": null,
              "pass": false,
              "fail": true,
              "pending": false,
              "context": null,
              "code": "cy.get('#board-size').clear().type(50);\ncy.get('#generate-board').click();\ncy.get('.pixel').should('have.length', 2500);",
              "err": {
                "message": "CypressError: Timed out retrying: Expected to find element: '#board-size', but never found it.",
                "estack": "CypressError: Timed out retrying: Expected to find element: '#board-size', but never found it.\n    at cypressErr (http://localhost:34485/__cypress/runner/cypress_runner.js:149934:9)\n    at throwErr (http://localhost:34485/__cypress/runner/cypress_runner.js:149867:11)\n    at Object.throwErrByPath (http://localhost:34485/__cypress/runner/cypress_runner.js:149915:3)\n    at retry (http://localhost:34485/__cypress/runner/cypress_runner.js:144197:19)\n    at onFailFn (http://localhost:34485/__cypress/runner/cypress_runner.js:132448:16)\n    at tryCatcher (http://localhost:34485/__cypress/runner/cypress_runner.js:167415:23)\n    at Promise._settlePromiseFromHandler (http://localhost:34485/__cypress/runner/cypress_runner.js:165351:31)\n    at Promise._settlePromise (http://localhost:34485/__cypress/runner/cypress_runner.js:165408:18)\n    at Promise._settlePromise0 (http://localhost:34485/__cypress/runner/cypress_runner.js:165453:10)\n    at Promise._settlePromises (http://localhost:34485/__cypress/runner/cypress_runner.js:165528:18)\n    at Async../node_modules/bluebird/js/release/async.js.Async._drainQueue (http://localhost:34485/__cypress/runner/cypress_runner.js:162140:16)\n    at Async../node_modules/bluebird/js/release/async.js.Async._drainQueues (http://localhost:34485/__cypress/runner/cypress_runner.js:162150:10)\n    at Async.drainQueues (http://localhost:34485/__cypress/runner/cypress_runner.js:162024:14)",
                "diff": null
              },
              "uuid": "d023b79e-bbd6-432d-8132-a70326f403b6",
              "parentUUID": "420a728f-f471-4e05-8f88-d052a71f8c53",
              "isHook": false,
              "skipped": false
            },
            {
              "title": "Verifica se a altura do board é 5 quando um valor menor é colocado no input",
              "fullTitle": "11 - Limite o tamanho mínimo e máximo do board. Verifica se a altura do board é 5 quando um valor menor é colocado no input",
              "timedOut": null,
              "duration": 4236,
              "state": "failed",
              "speed": null,
              "pass": false,
              "fail": true,
              "pending": false,
              "context": null,
              "code": "cy.get('#board-size').clear().type(4);\ncy.get('#generate-board').click();\ncy.get('.pixel').should('have.length', 25);",
              "err": {
                "message": "CypressError: Timed out retrying: Expected to find element: '#board-size', but never found it.",
                "estack": "CypressError: Timed out retrying: Expected to find element: '#board-size', but never found it.\n    at cypressErr (http://localhost:34485/__cypress/runner/cypress_runner.js:149934:9)\n    at throwErr (http://localhost:34485/__cypress/runner/cypress_runner.js:149867:11)\n    at Object.throwErrByPath (http://localhost:34485/__cypress/runner/cypress_runner.js:149915:3)\n    at retry (http://localhost:34485/__cypress/runner/cypress_runner.js:144197:19)\n    at onFailFn (http://localhost:34485/__cypress/runner/cypress_runner.js:132448:16)\n    at tryCatcher (http://localhost:34485/__cypress/runner/cypress_runner.js:167415:23)\n    at Promise._settlePromiseFromHandler (http://localhost:34485/__cypress/runner/cypress_runner.js:165351:31)\n    at Promise._settlePromise (http://localhost:34485/__cypress/runner/cypress_runner.js:165408:18)\n    at Promise._settlePromise0 (http://localhost:34485/__cypress/runner/cypress_runner.js:165453:10)\n    at Promise._settlePromises (http://localhost:34485/__cypress/runner/cypress_runner.js:165528:18)\n    at Async../node_modules/bluebird/js/release/async.js.Async._drainQueue (http://localhost:34485/__cypress/runner/cypress_runner.js:162140:16)\n    at Async../node_modules/bluebird/js/release/async.js.Async._drainQueues (http://localhost:34485/__cypress/runner/cypress_runner.js:162150:10)\n    at Async.drainQueues (http://localhost:34485/__cypress/runner/cypress_runner.js:162024:14)",
                "diff": null
              },
              "uuid": "880d38b7-2623-4f4c-a849-fdfa98727f7a",
              "parentUUID": "420a728f-f471-4e05-8f88-d052a71f8c53",
              "isHook": false,
              "skipped": false
            },
            {
              "title": "Verifica se a altura do board é 50 quando um valor maior é colocado no input",
              "fullTitle": "11 - Limite o tamanho mínimo e máximo do board. Verifica se a altura do board é 50 quando um valor maior é colocado no input",
              "timedOut": null,
              "duration": 4223,
              "state": "failed",
              "speed": null,
              "pass": false,
              "fail": true,
              "pending": false,
              "context": null,
              "code": "cy.get('#board-size').clear().type(51);\ncy.get('#generate-board').click();\ncy.get('.pixel').should('have.length', 2500);",
              "err": {
                "message": "CypressError: Timed out retrying: Expected to find element: '#board-size', but never found it.",
                "estack": "CypressError: Timed out retrying: Expected to find element: '#board-size', but never found it.\n    at cypressErr (http://localhost:34485/__cypress/runner/cypress_runner.js:149934:9)\n    at throwErr (http://localhost:34485/__cypress/runner/cypress_runner.js:149867:11)\n    at Object.throwErrByPath (http://localhost:34485/__cypress/runner/cypress_runner.js:149915:3)\n    at retry (http://localhost:34485/__cypress/runner/cypress_runner.js:144197:19)\n    at onFailFn (http://localhost:34485/__cypress/runner/cypress_runner.js:132448:16)\n    at tryCatcher (http://localhost:34485/__cypress/runner/cypress_runner.js:167415:23)\n    at Promise._settlePromiseFromHandler (http://localhost:34485/__cypress/runner/cypress_runner.js:165351:31)\n    at Promise._settlePromise (http://localhost:34485/__cypress/runner/cypress_runner.js:165408:18)\n    at Promise._settlePromise0 (http://localhost:34485/__cypress/runner/cypress_runner.js:165453:10)\n    at Promise._settlePromises (http://localhost:34485/__cypress/runner/cypress_runner.js:165528:18)\n    at Async../node_modules/bluebird/js/release/async.js.Async._drainQueue (http://localhost:34485/__cypress/runner/cypress_runner.js:162140:16)\n    at Async../node_modules/bluebird/js/release/async.js.Async._drainQueues (http://localhost:34485/__cypress/runner/cypress_runner.js:162150:10)\n    at Async.drainQueues (http://localhost:34485/__cypress/runner/cypress_runner.js:162024:14)",
                "diff": null
              },
              "uuid": "70ccc7c6-73bf-4328-9a9e-2adf02aab70a",
              "parentUUID": "420a728f-f471-4e05-8f88-d052a71f8c53",
              "isHook": false,
              "skipped": false
            }
          ],
          "suites": [],
          "passes": [],
          "failures": [
            "d023b79e-bbd6-432d-8132-a70326f403b6",
            "880d38b7-2623-4f4c-a849-fdfa98727f7a",
            "70ccc7c6-73bf-4328-9a9e-2adf02aab70a"
          ],
          "pending": [],
          "skipped": [],
          "duration": 12692,
          "root": false,
          "rootEmpty": false,
          "_timeout": 2000
        },
        {
          "uuid": "c169d18f-552a-4ccb-8a8b-ab3267e453d5",
          "title": "12 - Faça com que as cores da paleta sejam geradas aleatoriamente ao carregar a página.",
          "fullFile": "",
          "file": "",
          "beforeHooks": [],
          "afterHooks": [],
          "tests": [
            {
              "title": "Verifica se as cores geradas na paleta são diferentes a cada carregamento da página",
              "fullTitle": "12 - Faça com que as cores da paleta sejam geradas aleatoriamente ao carregar a página. Verifica se as cores geradas na paleta são diferentes a cada carregamento da página",
              "timedOut": null,
              "duration": 248,
              "state": "failed",
              "speed": null,
              "pass": false,
              "fail": true,
              "pending": false,
              "context": null,
              "code": "cy.get('.color').then(function (colors) {\n  var currentColors;\n  var previousColors;\n  previousColors = Array.from(colors).map(function (color) {\n    return Cypress.$(color).css('background-color');\n  });\n  for (var i = 0; i < 5; i += 1) {\n    cy.reload();\n    cy.get('.color').then(function (colors) {\n      currentColors = Array.from(colors).map(function (color) {\n        return Cypress.$(color).css('background-color');\n      });\n      expect(currentColors).not.to.deep.equal(previousColors);\n      previousColors = currentColors;\n    });\n  }\n});",
              "err": {
                "message": "AssertionError: expected [ Array(4) ] to not deeply equal [ Array(4) ]",
                "estack": "AssertionError: expected [ Array(4) ] to not deeply equal [ Array(4) ]\n    at getRet (http://localhost:34485/__cypress/runner/cypress_runner.js:136585:16)\n    at tryCatcher (http://localhost:34485/__cypress/runner/cypress_runner.js:167415:23)\n    at Function.Promise.attempt.Promise.try (http://localhost:34485/__cypress/runner/cypress_runner.js:164690:29)\n    at Context.thenFn (http://localhost:34485/__cypress/runner/cypress_runner.js:136599:23)\n    at Context.then (http://localhost:34485/__cypress/runner/cypress_runner.js:136971:21)\n    at Context.<anonymous> (http://localhost:34485/__cypress/runner/cypress_runner.js:148875:21)\n    at http://localhost:34485/__cypress/runner/cypress_runner.js:148351:33\n    at tryCatcher (http://localhost:34485/__cypress/runner/cypress_runner.js:167415:23)\n    at Promise._settlePromiseFromHandler (http://localhost:34485/__cypress/runner/cypress_runner.js:165351:31)\n    at Promise._settlePromise (http://localhost:34485/__cypress/runner/cypress_runner.js:165408:18)\n    at Promise._settlePromiseCtx (http://localhost:34485/__cypress/runner/cypress_runner.js:165445:10)\n    at Async../node_modules/bluebird/js/release/async.js.Async._drainQueue (http://localhost:34485/__cypress/runner/cypress_runner.js:162145:12)\n    at Async../node_modules/bluebird/js/release/async.js.Async._drainQueues (http://localhost:34485/__cypress/runner/cypress_runner.js:162150:10)\n    at Async.drainQueues (http://localhost:34485/__cypress/runner/cypress_runner.js:162024:14)",
                "diff": ""
              },
              "uuid": "f480b871-77df-441a-8946-1acf2f93337f",
              "parentUUID": "c169d18f-552a-4ccb-8a8b-ab3267e453d5",
              "isHook": false,
              "skipped": false
            },
            {
              "title": "Verifica se a cor preta ainda está presente e é a primeira na sua paleta de cores",
              "fullTitle": "12 - Faça com que as cores da paleta sejam geradas aleatoriamente ao carregar a página. Verifica se a cor preta ainda está presente e é a primeira na sua paleta de cores",
              "timedOut": null,
              "duration": 243,
              "state": "failed",
              "speed": null,
              "pass": false,
              "fail": true,
              "pending": false,
              "context": null,
              "code": "cy.get('.color').then(function (colors) {\n  var currentColors;\n  var previousColors;\n  previousColors = Array.from(colors).map(function (color) {\n    return Cypress.$(color).css('background-color');\n  });\n  expect(previousColors[0]).to.eq(BLACK);\n  for (var i = 0; i < 5; i += 1) {\n    cy.reload();\n    cy.get('.color').then(function (colors) {\n      currentColors = Array.from(colors).map(function (color) {\n        return Cypress.$(color).css('background-color');\n      });\n      expect(currentColors[0]).to.eq(BLACK);\n      expect(currentColors).not.to.deep.equal(previousColors);\n      previousColors = currentColors;\n    });\n  }\n});",
              "err": {
                "message": "AssertionError: expected [ Array(4) ] to not deeply equal [ Array(4) ]",
                "estack": "AssertionError: expected [ Array(4) ] to not deeply equal [ Array(4) ]\n    at getRet (http://localhost:34485/__cypress/runner/cypress_runner.js:136585:16)\n    at tryCatcher (http://localhost:34485/__cypress/runner/cypress_runner.js:167415:23)\n    at Function.Promise.attempt.Promise.try (http://localhost:34485/__cypress/runner/cypress_runner.js:164690:29)\n    at Context.thenFn (http://localhost:34485/__cypress/runner/cypress_runner.js:136599:23)\n    at Context.then (http://localhost:34485/__cypress/runner/cypress_runner.js:136971:21)\n    at Context.<anonymous> (http://localhost:34485/__cypress/runner/cypress_runner.js:148875:21)\n    at http://localhost:34485/__cypress/runner/cypress_runner.js:148351:33\n    at tryCatcher (http://localhost:34485/__cypress/runner/cypress_runner.js:167415:23)\n    at Promise._settlePromiseFromHandler (http://localhost:34485/__cypress/runner/cypress_runner.js:165351:31)\n    at Promise._settlePromise (http://localhost:34485/__cypress/runner/cypress_runner.js:165408:18)\n    at Promise._settlePromiseCtx (http://localhost:34485/__cypress/runner/cypress_runner.js:165445:10)\n    at Async../node_modules/bluebird/js/release/async.js.Async._drainQueue (http://localhost:34485/__cypress/runner/cypress_runner.js:162145:12)\n    at Async../node_modules/bluebird/js/release/async.js.Async._drainQueues (http://localhost:34485/__cypress/runner/cypress_runner.js:162150:10)\n    at Async.drainQueues (http://localhost:34485/__cypress/runner/cypress_runner.js:162024:14)",
                "diff": ""
              },
              "uuid": "b535d588-fdb0-40b7-8083-5329e8145f81",
              "parentUUID": "c169d18f-552a-4ccb-8a8b-ab3267e453d5",
              "isHook": false,
              "skipped": false
            }
          ],
          "suites": [],
          "passes": [],
          "failures": [
            "f480b871-77df-441a-8946-1acf2f93337f",
            "b535d588-fdb0-40b7-8083-5329e8145f81"
          ],
          "pending": [],
          "skipped": [],
          "duration": 491,
          "root": false,
          "rootEmpty": false,
          "_timeout": 2000
        }
      ],
      "passes": [],
      "failures": [],
      "pending": [],
      "skipped": [],
      "duration": 0,
      "root": true,
      "rootEmpty": true,
      "_timeout": 2000
    }
  ],
  "meta": {
    "mocha": {
      "version": "7.0.1"
    },
    "mochawesome": {
      "options": {
        "quiet": false,
        "reportFilename": "mochawesome",
        "saveHtml": false,
        "saveJson": true,
        "consoleReporter": "spec",
        "useInlineDiffs": false
      },
      "version": "4.1.0"
    },
    "marge": {
      "options": {
        "id": "default",
        "reportDir": "cypress/reports",
        "overwrite": true,
        "html": false,
        "json": true
      },
      "version": "4.1.0"
    }
  }
}