{
  "stats": {
    "suites": 12,
    "tests": 41,
    "passes": 25,
    "pending": 0,
    "failures": 16,
    "start": "2021-09-11T14:37:02.322Z",
    "end": "2021-09-11T14:38:46.288Z",
    "duration": 103966,
    "testsRegistered": 41,
    "passPercent": 60.97560975609756,
    "pendingPercent": 0,
    "other": 0,
    "hasOther": false,
    "skipped": 0,
    "hasSkipped": false
  },
  "results": [
    {
      "uuid": "57a29947-2335-4ac5-9555-478b0362ea34",
      "title": "",
      "fullFile": "cypress/integration/project.spec.js",
      "file": "cypress/integration/project.spec.js",
      "beforeHooks": [],
      "afterHooks": [],
      "tests": [],
      "suites": [
        {
          "uuid": "2c534ac4-8c02-4649-b346-145a79506d38",
          "title": "1 - Adicione à página o título \"Paleta de Cores\".",
          "fullFile": "",
          "file": "",
          "beforeHooks": [],
          "afterHooks": [],
          "tests": [
            {
              "title": "Verifica se contém um elemento `h1` com o id `title` com o título correto",
              "fullTitle": "1 - Adicione à página o título \"Paleta de Cores\". Verifica se contém um elemento `h1` com o id `title` com o título correto",
              "timedOut": null,
              "duration": 687,
              "state": "passed",
              "speed": "slow",
              "pass": true,
              "fail": false,
              "pending": false,
              "context": null,
              "code": "cy.get('h1#title').should('contain.text', 'Paleta de Cores');",
              "err": {},
              "uuid": "3c3aa614-fa93-4edd-9f69-3e2b6b9670cb",
              "parentUUID": "2c534ac4-8c02-4649-b346-145a79506d38",
              "isHook": false,
              "skipped": false
            }
          ],
          "suites": [],
          "passes": [
            "3c3aa614-fa93-4edd-9f69-3e2b6b9670cb"
          ],
          "failures": [],
          "pending": [],
          "skipped": [],
          "duration": 687,
          "root": false,
          "rootEmpty": false,
          "_timeout": 2000
        },
        {
          "uuid": "d219997b-1dc6-4bf5-9cb6-001b9aec4aff",
          "title": "2 - Adicione à página uma paleta de quatro cores distintas.",
          "fullFile": "",
          "file": "",
          "beforeHooks": [],
          "afterHooks": [],
          "tests": [
            {
              "title": "A paleta de cores deve ser um elemento com `id` denominado `color-palette`",
              "fullTitle": "2 - Adicione à página uma paleta de quatro cores distintas. A paleta de cores deve ser um elemento com `id` denominado `color-palette`",
              "timedOut": null,
              "duration": 171,
              "state": "passed",
              "speed": "slow",
              "pass": true,
              "fail": false,
              "pending": false,
              "context": null,
              "code": "cy.get('#color-palette').should('be.visible');\ncy.get('#color-palette').children('.color');",
              "err": {},
              "uuid": "4a8181ee-611e-4ce9-bd3c-214e3f099ca2",
              "parentUUID": "d219997b-1dc6-4bf5-9cb6-001b9aec4aff",
              "isHook": false,
              "skipped": false
            },
            {
              "title": "Verifica se cada cor individual da paleta de cores possui a `classe` chamada `color`.",
              "fullTitle": "2 - Adicione à página uma paleta de quatro cores distintas. Verifica se cada cor individual da paleta de cores possui a `classe` chamada `color`.",
              "timedOut": null,
              "duration": 133,
              "state": "passed",
              "speed": "slow",
              "pass": true,
              "fail": false,
              "pending": false,
              "context": null,
              "code": "cy.get('.color').should('have.length', 4).then(function (colors) {\n  for (var i = 0; i < colors.length; i++) {\n    cy.wrap(colors[i]).should('be.visible');\n  }\n});",
              "err": {},
              "uuid": "9fe282de-5506-42db-8d78-2ad2bfb1bf69",
              "parentUUID": "d219997b-1dc6-4bf5-9cb6-001b9aec4aff",
              "isHook": false,
              "skipped": false
            },
            {
              "title": "Verifica se a cor de fundo de cada elemento da paleta é a cor que o elemento representa. **A única cor não permitida na paleta é a cor branca.**",
              "fullTitle": "2 - Adicione à página uma paleta de quatro cores distintas. Verifica se a cor de fundo de cada elemento da paleta é a cor que o elemento representa. **A única cor não permitida na paleta é a cor branca.**",
              "timedOut": null,
              "duration": 163,
              "state": "passed",
              "speed": "slow",
              "pass": true,
              "fail": false,
              "pending": false,
              "context": null,
              "code": "cy.get('.color').each(function (color) {\n  cy.wrap(color).should('have.class', 'color').and('not.have.css', 'background-color', WHITE);\n  cy.wrap(color).should('have.css', 'background-color');\n});",
              "err": {},
              "uuid": "241123e7-afe2-441b-a439-98da66f094c0",
              "parentUUID": "d219997b-1dc6-4bf5-9cb6-001b9aec4aff",
              "isHook": false,
              "skipped": false
            },
            {
              "title": "Verifica se cada elemento da paleta de cores tem uma borda preta, sólida e com 1 pixel de largura;",
              "fullTitle": "2 - Adicione à página uma paleta de quatro cores distintas. Verifica se cada elemento da paleta de cores tem uma borda preta, sólida e com 1 pixel de largura;",
              "timedOut": null,
              "duration": 111,
              "state": "passed",
              "speed": "slow",
              "pass": true,
              "fail": false,
              "pending": false,
              "context": null,
              "code": "cy.get('.color').each(function (color) {\n  cy.wrap(color).and('have.css', 'border', \"1px solid \".concat(BLACK)).and('have.class', 'color');\n});",
              "err": {},
              "uuid": "1e446f05-3c2a-481d-b283-d98ebbc473c6",
              "parentUUID": "d219997b-1dc6-4bf5-9cb6-001b9aec4aff",
              "isHook": false,
              "skipped": false
            },
            {
              "title": "Verifica se a paleta lista todas as cores disponíveis para utilização, lado a lado.",
              "fullTitle": "2 - Adicione à página uma paleta de quatro cores distintas. Verifica se a paleta lista todas as cores disponíveis para utilização, lado a lado.",
              "timedOut": null,
              "duration": 98,
              "state": "passed",
              "speed": "slow",
              "pass": true,
              "fail": false,
              "pending": false,
              "context": null,
              "code": "cy.get('.color').then(function (colors) {\n  for (var index = 1; index < colors.length; index += 1) {\n    var currentColor = colors[index];\n    var previousColor = colors[index - 1];\n    cy.wrap(currentColor).should('be.onTheRightOf', previousColor).and('be.horizontallyAlignedWith', previousColor);\n  }\n});",
              "err": {},
              "uuid": "3af7e3e6-beca-438f-8952-1954f3e98501",
              "parentUUID": "d219997b-1dc6-4bf5-9cb6-001b9aec4aff",
              "isHook": false,
              "skipped": false
            },
            {
              "title": "Verifica se a paleta de cores está posicionada abaixo do título 'Paleta de Cores'",
              "fullTitle": "2 - Adicione à página uma paleta de quatro cores distintas. Verifica se a paleta de cores está posicionada abaixo do título 'Paleta de Cores'",
              "timedOut": null,
              "duration": 148,
              "state": "passed",
              "speed": "slow",
              "pass": true,
              "fail": false,
              "pending": false,
              "context": null,
              "code": "cy.get('h1#title').then(function (title) {\n  cy.get('#color-palette').should('be.belowOf', title);\n});",
              "err": {},
              "uuid": "299f5b74-b990-4867-bf60-d2df292f71a8",
              "parentUUID": "d219997b-1dc6-4bf5-9cb6-001b9aec4aff",
              "isHook": false,
              "skipped": false
            },
            {
              "title": "Verifica se a paleta de cores não contém cores repetidas.",
              "fullTitle": "2 - Adicione à página uma paleta de quatro cores distintas. Verifica se a paleta de cores não contém cores repetidas.",
              "timedOut": null,
              "duration": 98,
              "state": "passed",
              "speed": "slow",
              "pass": true,
              "fail": false,
              "pending": false,
              "context": null,
              "code": "cy.get('.color').then(function (colors) {\n  var allColors = Array.from(colors).map(function (color) {\n    return Cypress.$(color).css('background-color');\n  });\n  cy.log(allColors);\n  var uniqColors = (0, _toConsumableArray2[\"default\"])(new Set(allColors));\n  cy.log(uniqColors);\n  expect(allColors.length).to.eq(uniqColors.length);\n});",
              "err": {},
              "uuid": "fb6cc6ad-f489-47f4-b573-ec42c0dafeab",
              "parentUUID": "d219997b-1dc6-4bf5-9cb6-001b9aec4aff",
              "isHook": false,
              "skipped": false
            }
          ],
          "suites": [],
          "passes": [
            "4a8181ee-611e-4ce9-bd3c-214e3f099ca2",
            "9fe282de-5506-42db-8d78-2ad2bfb1bf69",
            "241123e7-afe2-441b-a439-98da66f094c0",
            "1e446f05-3c2a-481d-b283-d98ebbc473c6",
            "3af7e3e6-beca-438f-8952-1954f3e98501",
            "299f5b74-b990-4867-bf60-d2df292f71a8",
            "fb6cc6ad-f489-47f4-b573-ec42c0dafeab"
          ],
          "failures": [],
          "pending": [],
          "skipped": [],
          "duration": 922,
          "root": false,
          "rootEmpty": false,
          "_timeout": 2000
        },
        {
          "uuid": "7d003032-cfd5-4721-83ab-ac219a19a434",
          "title": "3 - Adicione a cor **preta** como a primeira cor da paleta de cores.",
          "fullFile": "",
          "file": "",
          "beforeHooks": [],
          "afterHooks": [],
          "tests": [
            {
              "title": "Verifica se a primeira cor da paleta é preta",
              "fullTitle": "3 - Adicione a cor **preta** como a primeira cor da paleta de cores. Verifica se a primeira cor da paleta é preta",
              "timedOut": null,
              "duration": 107,
              "state": "passed",
              "speed": "slow",
              "pass": true,
              "fail": false,
              "pending": false,
              "context": null,
              "code": "cy.get('.color').first().should('have.css', 'background-color', BLACK);",
              "err": {},
              "uuid": "2b3de2ec-96f2-426a-8cbc-c9739fcf8f4a",
              "parentUUID": "7d003032-cfd5-4721-83ab-ac219a19a434",
              "isHook": false,
              "skipped": false
            },
            {
              "title": "Verifica se as demais cores podem ser escolhidas livremente.",
              "fullTitle": "3 - Adicione a cor **preta** como a primeira cor da paleta de cores. Verifica se as demais cores podem ser escolhidas livremente.",
              "timedOut": null,
              "duration": 188,
              "state": "passed",
              "speed": "slow",
              "pass": true,
              "fail": false,
              "pending": false,
              "context": null,
              "code": "cy.get('.color').eq(1).should('not.have.css', 'background-color', BLACK);\ncy.get('.color').eq(1).should('not.have.css', 'background-color', WHITE);\ncy.get('.color').eq(1).should('not.have.css', 'background-color', 'rgba(0, 0, 0, 0)');\ncy.get('.color').eq(1).should('have.css', 'background-color');\ncy.get('.color').eq(2).should('not.have.css', 'background-color', BLACK);\ncy.get('.color').eq(2).should('not.have.css', 'background-color', WHITE);\ncy.get('.color').eq(2).should('not.have.css', 'background-color', 'rgba(0, 0, 0, 0)');\ncy.get('.color').eq(2).should('have.css', 'background-color');\ncy.get('.color').eq(3).should('not.have.css', 'background-color', BLACK);\ncy.get('.color').eq(3).should('not.have.css', 'background-color', WHITE);\ncy.get('.color').eq(3).should('not.have.css', 'background-color', 'rgba(0, 0, 0, 0)');\ncy.get('.color').eq(3).should('have.css', 'background-color');",
              "err": {},
              "uuid": "fe652db9-5917-416d-b717-657774fb6522",
              "parentUUID": "7d003032-cfd5-4721-83ab-ac219a19a434",
              "isHook": false,
              "skipped": false
            }
          ],
          "suites": [],
          "passes": [
            "2b3de2ec-96f2-426a-8cbc-c9739fcf8f4a",
            "fe652db9-5917-416d-b717-657774fb6522"
          ],
          "failures": [],
          "pending": [],
          "skipped": [],
          "duration": 295,
          "root": false,
          "rootEmpty": false,
          "_timeout": 2000
        },
        {
          "uuid": "14c111e1-46dc-4904-b434-953824331e07",
          "title": "4 - Adicione à página um quadro de pixels, com 25 pixels.",
          "fullFile": "",
          "file": "",
          "beforeHooks": [],
          "afterHooks": [],
          "tests": [
            {
              "title": "Verifica se o quadro de pixels possui o `id` denominado `pixel-board`",
              "fullTitle": "4 - Adicione à página um quadro de pixels, com 25 pixels. Verifica se o quadro de pixels possui o `id` denominado `pixel-board`",
              "timedOut": null,
              "duration": 98,
              "state": "passed",
              "speed": "slow",
              "pass": true,
              "fail": false,
              "pending": false,
              "context": null,
              "code": "cy.get('#pixel-board').should('be.visible');",
              "err": {},
              "uuid": "62f0c951-769a-426a-a460-cc606296bedc",
              "parentUUID": "14c111e1-46dc-4904-b434-953824331e07",
              "isHook": false,
              "skipped": false
            },
            {
              "title": "Verifica se cada pixel individual dentro do quadro possui a `classe` denominada `pixel`.",
              "fullTitle": "4 - Adicione à página um quadro de pixels, com 25 pixels. Verifica se cada pixel individual dentro do quadro possui a `classe` denominada `pixel`.",
              "timedOut": null,
              "duration": 146,
              "state": "passed",
              "speed": "slow",
              "pass": true,
              "fail": false,
              "pending": false,
              "context": null,
              "code": "cy.get('.pixel').should('have.length', 25);",
              "err": {},
              "uuid": "3681d5cb-33f8-47b2-944a-704d77fa707d",
              "parentUUID": "14c111e1-46dc-4904-b434-953824331e07",
              "isHook": false,
              "skipped": false
            },
            {
              "title": "Verifica se a cor inicial dos pixels dentro do quadro, ao abrir a página, é branca.",
              "fullTitle": "4 - Adicione à página um quadro de pixels, com 25 pixels. Verifica se a cor inicial dos pixels dentro do quadro, ao abrir a página, é branca.",
              "timedOut": null,
              "duration": 234,
              "state": "passed",
              "speed": "slow",
              "pass": true,
              "fail": false,
              "pending": false,
              "context": null,
              "code": "cy.get('.pixel').should('have.length', 25).each(function (pixel) {\n  expect(pixel).to.have.css('background-color', WHITE);\n});",
              "err": {},
              "uuid": "85c4b898-4aa2-4eca-ab14-ec59e512e50d",
              "parentUUID": "14c111e1-46dc-4904-b434-953824331e07",
              "isHook": false,
              "skipped": false
            },
            {
              "title": "Verifica se o quadro de pixels aparece abaixo da paleta de cores",
              "fullTitle": "4 - Adicione à página um quadro de pixels, com 25 pixels. Verifica se o quadro de pixels aparece abaixo da paleta de cores",
              "timedOut": null,
              "duration": 102,
              "state": "passed",
              "speed": "slow",
              "pass": true,
              "fail": false,
              "pending": false,
              "context": null,
              "code": "cy.get('#color-palette').then(function (palette) {\n  cy.get('#pixel-board').should('be.belowOf', palette);\n});",
              "err": {},
              "uuid": "ea631fcb-5b35-4019-8422-8dc3c8306265",
              "parentUUID": "14c111e1-46dc-4904-b434-953824331e07",
              "isHook": false,
              "skipped": false
            }
          ],
          "suites": [],
          "passes": [
            "62f0c951-769a-426a-a460-cc606296bedc",
            "3681d5cb-33f8-47b2-944a-704d77fa707d",
            "85c4b898-4aa2-4eca-ab14-ec59e512e50d",
            "ea631fcb-5b35-4019-8422-8dc3c8306265"
          ],
          "failures": [],
          "pending": [],
          "skipped": [],
          "duration": 580,
          "root": false,
          "rootEmpty": false,
          "_timeout": 2000
        },
        {
          "uuid": "e693eed8-962d-452e-86bc-a6f8a3e5223e",
          "title": "5 - Faça com que cada elemento do quadro de pixels possua 40 pixels de largura, 40 pixels de altura e seja delimitado por uma borda preta de 1 pixel.",
          "fullFile": "",
          "file": "",
          "beforeHooks": [],
          "afterHooks": [],
          "tests": [
            {
              "title": "Verifica se o quadro de pixels tem altura e comprimento de 5 elementos",
              "fullTitle": "5 - Faça com que cada elemento do quadro de pixels possua 40 pixels de largura, 40 pixels de altura e seja delimitado por uma borda preta de 1 pixel. Verifica se o quadro de pixels tem altura e comprimento de 5 elementos",
              "timedOut": null,
              "duration": 382,
              "state": "passed",
              "speed": "slow",
              "pass": true,
              "fail": false,
              "pending": false,
              "context": null,
              "code": "cy.get('.pixel').should('have.length', 25).each(function (pixel) {\n  expect(pixel).to.have.css('background-color', WHITE);\n}).and(function (pixels) {\n  var rows = chunk(pixels, 5);\n  rows.forEach(function (row) {\n    for (var index = 1; index < row.length; index += 1) {\n      var current = pixels[index];\n      var previous = pixels[index - 1];\n      cy.wrap(current).should('be.onTheRightOf', previous).and('be.horizontallyAlignedWith', previous);\n    }\n  });\n  for (var index = 1; index < 5; index += 1) {\n    expect(pixels[index * 5]).to.be.belowOf(pixels[(index - 1) * 5]);\n  }\n});",
              "err": {},
              "uuid": "815e34b0-38c8-41d2-95ee-d99176e97b2d",
              "parentUUID": "e693eed8-962d-452e-86bc-a6f8a3e5223e",
              "isHook": false,
              "skipped": false
            },
            {
              "title": "Verifica se 40 pixels é o tamanho total do elemento, incluindo seu conteúdo e excluindo a borda preta, que deve ser criada à parte.",
              "fullTitle": "5 - Faça com que cada elemento do quadro de pixels possua 40 pixels de largura, 40 pixels de altura e seja delimitado por uma borda preta de 1 pixel. Verifica se 40 pixels é o tamanho total do elemento, incluindo seu conteúdo e excluindo a borda preta, que deve ser criada à parte.",
              "timedOut": null,
              "duration": 242,
              "state": "passed",
              "speed": "slow",
              "pass": true,
              "fail": false,
              "pending": false,
              "context": null,
              "code": "cy.get('.pixel').each(function (pixel) {\n  cy.wrap(pixel).should('have.css', 'height', '40px').and('have.css', 'width', '40px').and('have.css', 'border', \"1px solid \".concat(BLACK));\n});",
              "err": {},
              "uuid": "b516d002-8794-456d-9b38-8d5a08cc96e6",
              "parentUUID": "e693eed8-962d-452e-86bc-a6f8a3e5223e",
              "isHook": false,
              "skipped": false
            }
          ],
          "suites": [],
          "passes": [
            "815e34b0-38c8-41d2-95ee-d99176e97b2d",
            "b516d002-8794-456d-9b38-8d5a08cc96e6"
          ],
          "failures": [],
          "pending": [],
          "skipped": [],
          "duration": 624,
          "root": false,
          "rootEmpty": false,
          "_timeout": 2000
        },
        {
          "uuid": "fc59f6fc-cd05-4433-90b7-4b09f95acbce",
          "title": "6 - Defina a cor preta como cor inicial. Ao carregar a página a cor preta já deve estar selecionada para pintar os pixels",
          "fullFile": "",
          "file": "",
          "beforeHooks": [],
          "afterHooks": [],
          "tests": [
            {
              "title": "Verifica se o elemento da cor preta possui, inicialmente, a `classe` `selected`",
              "fullTitle": "6 - Defina a cor preta como cor inicial. Ao carregar a página a cor preta já deve estar selecionada para pintar os pixels Verifica se o elemento da cor preta possui, inicialmente, a `classe` `selected`",
              "timedOut": null,
              "duration": 174,
              "state": "passed",
              "speed": "slow",
              "pass": true,
              "fail": false,
              "pending": false,
              "context": null,
              "code": "cy.get('.selected').first().should('have.css', 'background-color', BLACK);",
              "err": {},
              "uuid": "5faf8f01-1b0a-4fbe-bf5d-1d04bda84b27",
              "parentUUID": "fc59f6fc-cd05-4433-90b7-4b09f95acbce",
              "isHook": false,
              "skipped": false
            },
            {
              "title": "Verifica se nenhuma outra cor da paleta tem a `classe` `selected`",
              "fullTitle": "6 - Defina a cor preta como cor inicial. Ao carregar a página a cor preta já deve estar selecionada para pintar os pixels Verifica se nenhuma outra cor da paleta tem a `classe` `selected`",
              "timedOut": null,
              "duration": 103,
              "state": "passed",
              "speed": "slow",
              "pass": true,
              "fail": false,
              "pending": false,
              "context": null,
              "code": "cy.get('.color:not(:first-child)').each(function (color) {\n  cy.wrap(color).should('not.have.class', 'selected');\n});",
              "err": {},
              "uuid": "ccbb0308-8c6c-4a78-b967-bdd3060e8636",
              "parentUUID": "fc59f6fc-cd05-4433-90b7-4b09f95acbce",
              "isHook": false,
              "skipped": false
            }
          ],
          "suites": [],
          "passes": [
            "5faf8f01-1b0a-4fbe-bf5d-1d04bda84b27",
            "ccbb0308-8c6c-4a78-b967-bdd3060e8636"
          ],
          "failures": [],
          "pending": [],
          "skipped": [],
          "duration": 277,
          "root": false,
          "rootEmpty": false,
          "_timeout": 2000
        },
        {
          "uuid": "594df848-4e07-49ad-a90f-00dccfdbe86b",
          "title": "7 - Clicar em uma das cores da paleta, faz com que ela seja selecionada e utilizada para preencher os pixels no quadro.",
          "fullFile": "",
          "file": "",
          "beforeHooks": [],
          "afterHooks": [],
          "tests": [
            {
              "title": "Verifica se somente uma cor da paleta de cores tem a classe `selected` de cada vez",
              "fullTitle": "7 - Clicar em uma das cores da paleta, faz com que ela seja selecionada e utilizada para preencher os pixels no quadro. Verifica se somente uma cor da paleta de cores tem a classe `selected` de cada vez",
              "timedOut": null,
              "duration": 451,
              "state": "passed",
              "speed": "slow",
              "pass": true,
              "fail": false,
              "pending": false,
              "context": null,
              "code": "cy.get('.color').each(function (selectedColor, selectedColorIndex) {\n  cy.wrap(selectedColor).click();\n  cy.get('.color').each(function (color, colorIndex) {\n    if (colorIndex === selectedColorIndex) {\n      expect(color).to.have[\"class\"]('selected');\n    } else {\n      expect(color).not.to.have[\"class\"]('selected');\n    }\n  });\n});",
              "err": {},
              "uuid": "ece5c6eb-0120-4c9f-b25f-73c3a7689c6b",
              "parentUUID": "594df848-4e07-49ad-a90f-00dccfdbe86b",
              "isHook": false,
              "skipped": false
            },
            {
              "title": "Verifica se os pixels dentro do quadro não têm a classe `selected` quando são clicados",
              "fullTitle": "7 - Clicar em uma das cores da paleta, faz com que ela seja selecionada e utilizada para preencher os pixels no quadro. Verifica se os pixels dentro do quadro não têm a classe `selected` quando são clicados",
              "timedOut": null,
              "duration": 8497,
              "state": "passed",
              "speed": "slow",
              "pass": true,
              "fail": false,
              "pending": false,
              "context": null,
              "code": "cy.get('.color').each(function (color) {\n  var backgroundColor = color.css('background-color');\n  cy.wrap(color).click();\n  cy.get('.pixel').each(function (pixel) {\n    cy.wrap(pixel).click().should('not.have.class', 'selected');\n  });\n});",
              "err": {},
              "uuid": "26344612-b117-4a08-b0e6-ba3a023b61cd",
              "parentUUID": "594df848-4e07-49ad-a90f-00dccfdbe86b",
              "isHook": false,
              "skipped": false
            }
          ],
          "suites": [],
          "passes": [
            "ece5c6eb-0120-4c9f-b25f-73c3a7689c6b",
            "26344612-b117-4a08-b0e6-ba3a023b61cd"
          ],
          "failures": [],
          "pending": [],
          "skipped": [],
          "duration": 8948,
          "root": false,
          "rootEmpty": false,
          "_timeout": 2000
        },
        {
          "uuid": "9832b5a4-4ded-40cc-9960-9a187d5033f1",
          "title": "8 - Clicar em um pixel dentro do quadro após selecionar uma cor na paleta, faz com que o pixel seja preenchido com a cor selecionada.",
          "fullFile": "",
          "file": "",
          "beforeHooks": [],
          "afterHooks": [],
          "tests": [
            {
              "title": "Verifica se ao carregar a página deve ser possível pintar os pixels de preto",
              "fullTitle": "8 - Clicar em um pixel dentro do quadro após selecionar uma cor na paleta, faz com que o pixel seja preenchido com a cor selecionada. Verifica se ao carregar a página deve ser possível pintar os pixels de preto",
              "timedOut": null,
              "duration": 2239,
              "state": "passed",
              "speed": "slow",
              "pass": true,
              "fail": false,
              "pending": false,
              "context": null,
              "code": "cy.get('.pixel').each(function (pixel) {\n  cy.wrap(pixel).click().should('have.css', 'background-color', BLACK);\n});",
              "err": {},
              "uuid": "9e067828-f977-4dac-8100-3d83164b9e16",
              "parentUUID": "9832b5a4-4ded-40cc-9960-9a187d5033f1",
              "isHook": false,
              "skipped": false
            },
            {
              "title": "Verifica se após selecionar uma outra cor na paleta, é possível pintar os pixels com essa cor",
              "fullTitle": "8 - Clicar em um pixel dentro do quadro após selecionar uma cor na paleta, faz com que o pixel seja preenchido com a cor selecionada. Verifica se após selecionar uma outra cor na paleta, é possível pintar os pixels com essa cor",
              "timedOut": null,
              "duration": 8760,
              "state": "passed",
              "speed": "slow",
              "pass": true,
              "fail": false,
              "pending": false,
              "context": null,
              "code": "cy.get('.color').each(function (color) {\n  var backgroundColor = color.css('background-color');\n  cy.wrap(color).click();\n  cy.get('.pixel').each(function (pixel) {\n    cy.wrap(pixel).click().should('have.css', 'background-color', backgroundColor);\n  });\n});",
              "err": {},
              "uuid": "5c4037c0-6dad-4114-a269-03846fa937cc",
              "parentUUID": "9832b5a4-4ded-40cc-9960-9a187d5033f1",
              "isHook": false,
              "skipped": false
            },
            {
              "title": "Verifica se somente o pixel que foi clicado foi preenchido com a cor selecionada, sem influenciar na cor dos demais pixels.",
              "fullTitle": "8 - Clicar em um pixel dentro do quadro após selecionar uma cor na paleta, faz com que o pixel seja preenchido com a cor selecionada. Verifica se somente o pixel que foi clicado foi preenchido com a cor selecionada, sem influenciar na cor dos demais pixels.",
              "timedOut": null,
              "duration": 1306,
              "state": "passed",
              "speed": "slow",
              "pass": true,
              "fail": false,
              "pending": false,
              "context": null,
              "code": "var colorToPixelIndexMap = {\n  0: 6,\n  1: 8,\n  2: 16,\n  3: 18\n};\ncy.get('.color').each(function (color, index) {\n  cy.wrap(color).click();\n  var backgroundColor = color.css('background-color');\n  var clickedPixelIndex = colorToPixelIndexMap[index];\n  cy.get('.pixel').eq(clickedPixelIndex).click();\n  cy.get('.pixel').eq(clickedPixelIndex - 1).should('not.have.css', 'background-color', backgroundColor);\n  cy.get('.pixel').eq(clickedPixelIndex + 1).should('not.have.css', 'background-color', backgroundColor);\n  cy.get('.pixel').eq(clickedPixelIndex - 5).should('not.have.css', 'background-color', backgroundColor);\n  cy.get('.pixel').eq(clickedPixelIndex + 5).should('not.have.css', 'background-color', backgroundColor);\n  cy.get('.pixel').eq(clickedPixelIndex - 6).should('not.have.css', 'background-color', backgroundColor);\n  cy.get('.pixel').eq(clickedPixelIndex - 4).should('not.have.css', 'background-color', backgroundColor);\n  cy.get('.pixel').eq(clickedPixelIndex + 4).should('not.have.css', 'background-color', backgroundColor);\n  cy.get('.pixel').eq(clickedPixelIndex + 6).should('not.have.css', 'background-color', backgroundColor);\n});",
              "err": {},
              "uuid": "ead43989-e3c5-4ca2-8a68-49bc072736c6",
              "parentUUID": "9832b5a4-4ded-40cc-9960-9a187d5033f1",
              "isHook": false,
              "skipped": false
            }
          ],
          "suites": [],
          "passes": [
            "9e067828-f977-4dac-8100-3d83164b9e16",
            "5c4037c0-6dad-4114-a269-03846fa937cc",
            "ead43989-e3c5-4ca2-8a68-49bc072736c6"
          ],
          "failures": [],
          "pending": [],
          "skipped": [],
          "duration": 12305,
          "root": false,
          "rootEmpty": false,
          "_timeout": 2000
        },
        {
          "uuid": "eed58f6d-4f3f-4ee0-91bc-0b7202587d58",
          "title": "9 - Crie um botão que, ao ser clicado, limpa o quadro preenchendo a cor de todos seus pixels com branco.",
          "fullFile": "",
          "file": "",
          "beforeHooks": [],
          "afterHooks": [],
          "tests": [
            {
              "title": "Verifica se o botão tem o `id` denominado `clear-board`",
              "fullTitle": "9 - Crie um botão que, ao ser clicado, limpa o quadro preenchendo a cor de todos seus pixels com branco. Verifica se o botão tem o `id` denominado `clear-board`",
              "timedOut": null,
              "duration": 4493,
              "state": "failed",
              "speed": null,
              "pass": false,
              "fail": true,
              "pending": false,
              "context": null,
              "code": "cy.get('#clear-board').should('be.visible');",
              "err": {
                "message": "CypressError: Timed out retrying: Expected to find element: '#clear-board', but never found it.",
                "estack": "CypressError: Timed out retrying: Expected to find element: '#clear-board', but never found it.\n    at cypressErr (http://localhost:62776/__cypress/runner/cypress_runner.js:149934:9)\n    at throwErr (http://localhost:62776/__cypress/runner/cypress_runner.js:149867:11)\n    at Object.throwErrByPath (http://localhost:62776/__cypress/runner/cypress_runner.js:149915:3)\n    at retry (http://localhost:62776/__cypress/runner/cypress_runner.js:144197:19)\n    at onFailFn (http://localhost:62776/__cypress/runner/cypress_runner.js:132448:16)\n    at tryCatcher (http://localhost:62776/__cypress/runner/cypress_runner.js:167415:23)\n    at Promise._settlePromiseFromHandler (http://localhost:62776/__cypress/runner/cypress_runner.js:165351:31)\n    at Promise._settlePromise (http://localhost:62776/__cypress/runner/cypress_runner.js:165408:18)\n    at Promise._settlePromise0 (http://localhost:62776/__cypress/runner/cypress_runner.js:165453:10)\n    at Promise._settlePromises (http://localhost:62776/__cypress/runner/cypress_runner.js:165528:18)\n    at Async../node_modules/bluebird/js/release/async.js.Async._drainQueue (http://localhost:62776/__cypress/runner/cypress_runner.js:162140:16)\n    at Async../node_modules/bluebird/js/release/async.js.Async._drainQueues (http://localhost:62776/__cypress/runner/cypress_runner.js:162150:10)\n    at Async.drainQueues (http://localhost:62776/__cypress/runner/cypress_runner.js:162024:14)",
                "diff": null
              },
              "uuid": "171f3a2c-c77b-4756-8900-97f62521bd1c",
              "parentUUID": "eed58f6d-4f3f-4ee0-91bc-0b7202587d58",
              "isHook": false,
              "skipped": false
            },
            {
              "title": "Verifica se o botão está posicionado entre a paleta de cores e o quadro de pixels",
              "fullTitle": "9 - Crie um botão que, ao ser clicado, limpa o quadro preenchendo a cor de todos seus pixels com branco. Verifica se o botão está posicionado entre a paleta de cores e o quadro de pixels",
              "timedOut": null,
              "duration": 4656,
              "state": "failed",
              "speed": null,
              "pass": false,
              "fail": true,
              "pending": false,
              "context": null,
              "code": "cy.get('#color-palette').then(function (palette) {\n  cy.get('#clear-board').should('be.belowOf', palette);\n});\ncy.get('#clear-board').then(function (clearBtn) {\n  cy.get('#pixel-board').should('be.belowOf', clearBtn);\n});",
              "err": {
                "message": "CypressError: Timed out retrying: Expected to find element: '#clear-board', but never found it.",
                "estack": "CypressError: Timed out retrying: Expected to find element: '#clear-board', but never found it.\n    at cypressErr (http://localhost:62776/__cypress/runner/cypress_runner.js:149934:9)\n    at throwErr (http://localhost:62776/__cypress/runner/cypress_runner.js:149867:11)\n    at Object.throwErrByPath (http://localhost:62776/__cypress/runner/cypress_runner.js:149915:3)\n    at retry (http://localhost:62776/__cypress/runner/cypress_runner.js:144197:19)\n    at onFailFn (http://localhost:62776/__cypress/runner/cypress_runner.js:132448:16)\n    at tryCatcher (http://localhost:62776/__cypress/runner/cypress_runner.js:167415:23)\n    at Promise._settlePromiseFromHandler (http://localhost:62776/__cypress/runner/cypress_runner.js:165351:31)\n    at Promise._settlePromise (http://localhost:62776/__cypress/runner/cypress_runner.js:165408:18)\n    at Promise._settlePromise0 (http://localhost:62776/__cypress/runner/cypress_runner.js:165453:10)\n    at Promise._settlePromises (http://localhost:62776/__cypress/runner/cypress_runner.js:165528:18)\n    at Async../node_modules/bluebird/js/release/async.js.Async._drainQueue (http://localhost:62776/__cypress/runner/cypress_runner.js:162140:16)\n    at Async../node_modules/bluebird/js/release/async.js.Async._drainQueues (http://localhost:62776/__cypress/runner/cypress_runner.js:162150:10)\n    at Async.drainQueues (http://localhost:62776/__cypress/runner/cypress_runner.js:162024:14)",
                "diff": null
              },
              "uuid": "0bfd0d94-67ad-4245-bab9-53466d7d3462",
              "parentUUID": "eed58f6d-4f3f-4ee0-91bc-0b7202587d58",
              "isHook": false,
              "skipped": false
            },
            {
              "title": "Verifica se o texto do botão é 'Limpar'",
              "fullTitle": "9 - Crie um botão que, ao ser clicado, limpa o quadro preenchendo a cor de todos seus pixels com branco. Verifica se o texto do botão é 'Limpar'",
              "timedOut": null,
              "duration": 4502,
              "state": "failed",
              "speed": null,
              "pass": false,
              "fail": true,
              "pending": false,
              "context": null,
              "code": "cy.get('#clear-board').should('contain.text', 'Limpar');",
              "err": {
                "message": "CypressError: Timed out retrying: Expected to find element: '#clear-board', but never found it.",
                "estack": "CypressError: Timed out retrying: Expected to find element: '#clear-board', but never found it.\n    at cypressErr (http://localhost:62776/__cypress/runner/cypress_runner.js:149934:9)\n    at throwErr (http://localhost:62776/__cypress/runner/cypress_runner.js:149867:11)\n    at Object.throwErrByPath (http://localhost:62776/__cypress/runner/cypress_runner.js:149915:3)\n    at retry (http://localhost:62776/__cypress/runner/cypress_runner.js:144197:19)\n    at onFailFn (http://localhost:62776/__cypress/runner/cypress_runner.js:132448:16)\n    at tryCatcher (http://localhost:62776/__cypress/runner/cypress_runner.js:167415:23)\n    at Promise._settlePromiseFromHandler (http://localhost:62776/__cypress/runner/cypress_runner.js:165351:31)\n    at Promise._settlePromise (http://localhost:62776/__cypress/runner/cypress_runner.js:165408:18)\n    at Promise._settlePromise0 (http://localhost:62776/__cypress/runner/cypress_runner.js:165453:10)\n    at Promise._settlePromises (http://localhost:62776/__cypress/runner/cypress_runner.js:165528:18)\n    at Async../node_modules/bluebird/js/release/async.js.Async._drainQueue (http://localhost:62776/__cypress/runner/cypress_runner.js:162140:16)\n    at Async../node_modules/bluebird/js/release/async.js.Async._drainQueues (http://localhost:62776/__cypress/runner/cypress_runner.js:162150:10)\n    at Async.drainQueues (http://localhost:62776/__cypress/runner/cypress_runner.js:162024:14)",
                "diff": null
              },
              "uuid": "a999eb15-f6cb-461d-b2bf-f2461c5e7c51",
              "parentUUID": "eed58f6d-4f3f-4ee0-91bc-0b7202587d58",
              "isHook": false,
              "skipped": false
            },
            {
              "title": "Verifica se ao clicar no botão, o quadro de pixels é totalmente preenchido de branco",
              "fullTitle": "9 - Crie um botão que, ao ser clicado, limpa o quadro preenchendo a cor de todos seus pixels com branco. Verifica se ao clicar no botão, o quadro de pixels é totalmente preenchido de branco",
              "timedOut": null,
              "duration": 6973,
              "state": "failed",
              "speed": null,
              "pass": false,
              "fail": true,
              "pending": false,
              "context": null,
              "code": "cy.get('.color').eq(1).then(function (color) {\n  var backgroundColor = color.css('background-color');\n  cy.wrap(color).click();\n  cy.get('.pixel').each(function (pixel) {\n    cy.wrap(pixel).click().should('have.css', 'background-color', backgroundColor);\n  });\n});\ncy.get('#clear-board').click();\ncy.get('.pixel').each(function (pixel) {\n  cy.wrap(pixel).should('have.css', 'background-color', WHITE);\n});",
              "err": {
                "message": "CypressError: Timed out retrying: Expected to find element: '#clear-board', but never found it.",
                "estack": "CypressError: Timed out retrying: Expected to find element: '#clear-board', but never found it.\n    at cypressErr (http://localhost:62776/__cypress/runner/cypress_runner.js:149934:9)\n    at throwErr (http://localhost:62776/__cypress/runner/cypress_runner.js:149867:11)\n    at Object.throwErrByPath (http://localhost:62776/__cypress/runner/cypress_runner.js:149915:3)\n    at retry (http://localhost:62776/__cypress/runner/cypress_runner.js:144197:19)\n    at onFailFn (http://localhost:62776/__cypress/runner/cypress_runner.js:132448:16)\n    at tryCatcher (http://localhost:62776/__cypress/runner/cypress_runner.js:167415:23)\n    at Promise._settlePromiseFromHandler (http://localhost:62776/__cypress/runner/cypress_runner.js:165351:31)\n    at Promise._settlePromise (http://localhost:62776/__cypress/runner/cypress_runner.js:165408:18)\n    at Promise._settlePromise0 (http://localhost:62776/__cypress/runner/cypress_runner.js:165453:10)\n    at Promise._settlePromises (http://localhost:62776/__cypress/runner/cypress_runner.js:165528:18)\n    at Async../node_modules/bluebird/js/release/async.js.Async._drainQueue (http://localhost:62776/__cypress/runner/cypress_runner.js:162140:16)\n    at Async../node_modules/bluebird/js/release/async.js.Async._drainQueues (http://localhost:62776/__cypress/runner/cypress_runner.js:162150:10)\n    at Async.drainQueues (http://localhost:62776/__cypress/runner/cypress_runner.js:162024:14)",
                "diff": null
              },
              "uuid": "47297a5a-0e33-4bb8-b2c3-cb4ddcc32003",
              "parentUUID": "eed58f6d-4f3f-4ee0-91bc-0b7202587d58",
              "isHook": false,
              "skipped": false
            }
          ],
          "suites": [],
          "passes": [],
          "failures": [
            "171f3a2c-c77b-4756-8900-97f62521bd1c",
            "0bfd0d94-67ad-4245-bab9-53466d7d3462",
            "a999eb15-f6cb-461d-b2bf-f2461c5e7c51",
            "47297a5a-0e33-4bb8-b2c3-cb4ddcc32003"
          ],
          "pending": [],
          "skipped": [],
          "duration": 20624,
          "root": false,
          "rootEmpty": false,
          "_timeout": 2000
        },
        {
          "uuid": "030a7705-fa5a-485c-96f4-47fe3bcb39c4",
          "title": "10 - Faça o quadro de pixels ter seu tamanho definido pelo usuário.",
          "fullFile": "",
          "file": "",
          "beforeHooks": [],
          "afterHooks": [],
          "tests": [
            {
              "title": "Verifica se existe um input com o id `board-size`",
              "fullTitle": "10 - Faça o quadro de pixels ter seu tamanho definido pelo usuário. Verifica se existe um input com o id `board-size`",
              "timedOut": null,
              "duration": 4635,
              "state": "failed",
              "speed": null,
              "pass": false,
              "fail": true,
              "pending": false,
              "context": null,
              "code": "cy.get('#board-size').should('be.visible');",
              "err": {
                "message": "CypressError: Timed out retrying: Expected to find element: '#board-size', but never found it.",
                "estack": "CypressError: Timed out retrying: Expected to find element: '#board-size', but never found it.\n    at cypressErr (http://localhost:62776/__cypress/runner/cypress_runner.js:149934:9)\n    at throwErr (http://localhost:62776/__cypress/runner/cypress_runner.js:149867:11)\n    at Object.throwErrByPath (http://localhost:62776/__cypress/runner/cypress_runner.js:149915:3)\n    at retry (http://localhost:62776/__cypress/runner/cypress_runner.js:144197:19)\n    at onFailFn (http://localhost:62776/__cypress/runner/cypress_runner.js:132448:16)\n    at tryCatcher (http://localhost:62776/__cypress/runner/cypress_runner.js:167415:23)\n    at Promise._settlePromiseFromHandler (http://localhost:62776/__cypress/runner/cypress_runner.js:165351:31)\n    at Promise._settlePromise (http://localhost:62776/__cypress/runner/cypress_runner.js:165408:18)\n    at Promise._settlePromise0 (http://localhost:62776/__cypress/runner/cypress_runner.js:165453:10)\n    at Promise._settlePromises (http://localhost:62776/__cypress/runner/cypress_runner.js:165528:18)\n    at Async../node_modules/bluebird/js/release/async.js.Async._drainQueue (http://localhost:62776/__cypress/runner/cypress_runner.js:162140:16)\n    at Async../node_modules/bluebird/js/release/async.js.Async._drainQueues (http://localhost:62776/__cypress/runner/cypress_runner.js:162150:10)\n    at Async.drainQueues (http://localhost:62776/__cypress/runner/cypress_runner.js:162024:14)",
                "diff": null
              },
              "uuid": "c84aeec3-74ae-4e7f-b506-2fa6063f6c4a",
              "parentUUID": "030a7705-fa5a-485c-96f4-47fe3bcb39c4",
              "isHook": false,
              "skipped": false
            },
            {
              "title": "Verifica se existe um botão com o id `generate-board`",
              "fullTitle": "10 - Faça o quadro de pixels ter seu tamanho definido pelo usuário. Verifica se existe um botão com o id `generate-board`",
              "timedOut": null,
              "duration": 4783,
              "state": "failed",
              "speed": null,
              "pass": false,
              "fail": true,
              "pending": false,
              "context": null,
              "code": "cy.get('#generate-board').should('be.visible');",
              "err": {
                "message": "CypressError: Timed out retrying: Expected to find element: '#generate-board', but never found it.",
                "estack": "CypressError: Timed out retrying: Expected to find element: '#generate-board', but never found it.\n    at cypressErr (http://localhost:62776/__cypress/runner/cypress_runner.js:149934:9)\n    at throwErr (http://localhost:62776/__cypress/runner/cypress_runner.js:149867:11)\n    at Object.throwErrByPath (http://localhost:62776/__cypress/runner/cypress_runner.js:149915:3)\n    at retry (http://localhost:62776/__cypress/runner/cypress_runner.js:144197:19)\n    at onFailFn (http://localhost:62776/__cypress/runner/cypress_runner.js:132448:16)\n    at tryCatcher (http://localhost:62776/__cypress/runner/cypress_runner.js:167415:23)\n    at Promise._settlePromiseFromHandler (http://localhost:62776/__cypress/runner/cypress_runner.js:165351:31)\n    at Promise._settlePromise (http://localhost:62776/__cypress/runner/cypress_runner.js:165408:18)\n    at Promise._settlePromise0 (http://localhost:62776/__cypress/runner/cypress_runner.js:165453:10)\n    at Promise._settlePromises (http://localhost:62776/__cypress/runner/cypress_runner.js:165528:18)\n    at Async../node_modules/bluebird/js/release/async.js.Async._drainQueue (http://localhost:62776/__cypress/runner/cypress_runner.js:162140:16)\n    at Async../node_modules/bluebird/js/release/async.js.Async._drainQueues (http://localhost:62776/__cypress/runner/cypress_runner.js:162150:10)\n    at Async.drainQueues (http://localhost:62776/__cypress/runner/cypress_runner.js:162024:14)",
                "diff": null
              },
              "uuid": "91d12df6-d2bb-4e8b-8c53-f55031f5ef15",
              "parentUUID": "030a7705-fa5a-485c-96f4-47fe3bcb39c4",
              "isHook": false,
              "skipped": false
            },
            {
              "title": "Verifica se o input só aceita número maiores que zero. Essa restrição deve ser feita usando os atributos do elemento `input`",
              "fullTitle": "10 - Faça o quadro de pixels ter seu tamanho definido pelo usuário. Verifica se o input só aceita número maiores que zero. Essa restrição deve ser feita usando os atributos do elemento `input`",
              "timedOut": null,
              "duration": 4598,
              "state": "failed",
              "speed": null,
              "pass": false,
              "fail": true,
              "pending": false,
              "context": null,
              "code": "cy.get('#board-size[type=\\'number\\'][min=\\'1\\']');",
              "err": {
                "message": "CypressError: Timed out retrying: Expected to find element: '#board-size[type='number'][min='1']', but never found it.",
                "estack": "CypressError: Timed out retrying: Expected to find element: '#board-size[type='number'][min='1']', but never found it.\n    at cypressErr (http://localhost:62776/__cypress/runner/cypress_runner.js:149934:9)\n    at throwErr (http://localhost:62776/__cypress/runner/cypress_runner.js:149867:11)\n    at Object.throwErrByPath (http://localhost:62776/__cypress/runner/cypress_runner.js:149915:3)\n    at retry (http://localhost:62776/__cypress/runner/cypress_runner.js:144197:19)\n    at onFailFn (http://localhost:62776/__cypress/runner/cypress_runner.js:132448:16)\n    at tryCatcher (http://localhost:62776/__cypress/runner/cypress_runner.js:167415:23)\n    at Promise._settlePromiseFromHandler (http://localhost:62776/__cypress/runner/cypress_runner.js:165351:31)\n    at Promise._settlePromise (http://localhost:62776/__cypress/runner/cypress_runner.js:165408:18)\n    at Promise._settlePromise0 (http://localhost:62776/__cypress/runner/cypress_runner.js:165453:10)\n    at Promise._settlePromises (http://localhost:62776/__cypress/runner/cypress_runner.js:165528:18)\n    at Async../node_modules/bluebird/js/release/async.js.Async._drainQueue (http://localhost:62776/__cypress/runner/cypress_runner.js:162140:16)\n    at Async../node_modules/bluebird/js/release/async.js.Async._drainQueues (http://localhost:62776/__cypress/runner/cypress_runner.js:162150:10)\n    at Async.drainQueues (http://localhost:62776/__cypress/runner/cypress_runner.js:162024:14)",
                "diff": null
              },
              "uuid": "d8aa60fe-33e5-4202-9dfa-8c8d702081d2",
              "parentUUID": "030a7705-fa5a-485c-96f4-47fe3bcb39c4",
              "isHook": false,
              "skipped": false
            },
            {
              "title": "Verifica se o botão contém o texto 'VQV'",
              "fullTitle": "10 - Faça o quadro de pixels ter seu tamanho definido pelo usuário. Verifica se o botão contém o texto 'VQV'",
              "timedOut": null,
              "duration": 4711,
              "state": "failed",
              "speed": null,
              "pass": false,
              "fail": true,
              "pending": false,
              "context": null,
              "code": "cy.get('#generate-board').contains(/vqv/i);",
              "err": {
                "message": "CypressError: Timed out retrying: Expected to find element: '#generate-board', but never found it.",
                "estack": "CypressError: Timed out retrying: Expected to find element: '#generate-board', but never found it.\n    at cypressErr (http://localhost:62776/__cypress/runner/cypress_runner.js:149934:9)\n    at throwErr (http://localhost:62776/__cypress/runner/cypress_runner.js:149867:11)\n    at Object.throwErrByPath (http://localhost:62776/__cypress/runner/cypress_runner.js:149915:3)\n    at retry (http://localhost:62776/__cypress/runner/cypress_runner.js:144197:19)\n    at onFailFn (http://localhost:62776/__cypress/runner/cypress_runner.js:132448:16)\n    at tryCatcher (http://localhost:62776/__cypress/runner/cypress_runner.js:167415:23)\n    at Promise._settlePromiseFromHandler (http://localhost:62776/__cypress/runner/cypress_runner.js:165351:31)\n    at Promise._settlePromise (http://localhost:62776/__cypress/runner/cypress_runner.js:165408:18)\n    at Promise._settlePromise0 (http://localhost:62776/__cypress/runner/cypress_runner.js:165453:10)\n    at Promise._settlePromises (http://localhost:62776/__cypress/runner/cypress_runner.js:165528:18)\n    at Async../node_modules/bluebird/js/release/async.js.Async._drainQueue (http://localhost:62776/__cypress/runner/cypress_runner.js:162140:16)\n    at Async../node_modules/bluebird/js/release/async.js.Async._drainQueues (http://localhost:62776/__cypress/runner/cypress_runner.js:162150:10)\n    at Async.drainQueues (http://localhost:62776/__cypress/runner/cypress_runner.js:162024:14)",
                "diff": null
              },
              "uuid": "8113d064-9d98-4adf-bbbe-fb7631edb126",
              "parentUUID": "030a7705-fa5a-485c-96f4-47fe3bcb39c4",
              "isHook": false,
              "skipped": false
            },
            {
              "title": "Verifica se o input está posicionado entre a paleta de cores e o quadro de pixels",
              "fullTitle": "10 - Faça o quadro de pixels ter seu tamanho definido pelo usuário. Verifica se o input está posicionado entre a paleta de cores e o quadro de pixels",
              "timedOut": null,
              "duration": 4694,
              "state": "failed",
              "speed": null,
              "pass": false,
              "fail": true,
              "pending": false,
              "context": null,
              "code": "cy.get('#color-palette').then(function (palette) {\n  cy.get('#board-size').should('be.belowOf', palette);\n});\ncy.get('#board-size').then(function (palette) {\n  cy.get('#pixel-board').should('be.belowOf', palette);\n});",
              "err": {
                "message": "CypressError: Timed out retrying: Expected to find element: '#board-size', but never found it.",
                "estack": "CypressError: Timed out retrying: Expected to find element: '#board-size', but never found it.\n    at cypressErr (http://localhost:62776/__cypress/runner/cypress_runner.js:149934:9)\n    at throwErr (http://localhost:62776/__cypress/runner/cypress_runner.js:149867:11)\n    at Object.throwErrByPath (http://localhost:62776/__cypress/runner/cypress_runner.js:149915:3)\n    at retry (http://localhost:62776/__cypress/runner/cypress_runner.js:144197:19)\n    at onFailFn (http://localhost:62776/__cypress/runner/cypress_runner.js:132448:16)\n    at tryCatcher (http://localhost:62776/__cypress/runner/cypress_runner.js:167415:23)\n    at Promise._settlePromiseFromHandler (http://localhost:62776/__cypress/runner/cypress_runner.js:165351:31)\n    at Promise._settlePromise (http://localhost:62776/__cypress/runner/cypress_runner.js:165408:18)\n    at Promise._settlePromise0 (http://localhost:62776/__cypress/runner/cypress_runner.js:165453:10)\n    at Promise._settlePromises (http://localhost:62776/__cypress/runner/cypress_runner.js:165528:18)\n    at Async../node_modules/bluebird/js/release/async.js.Async._drainQueue (http://localhost:62776/__cypress/runner/cypress_runner.js:162140:16)\n    at Async../node_modules/bluebird/js/release/async.js.Async._drainQueues (http://localhost:62776/__cypress/runner/cypress_runner.js:162150:10)\n    at Async.drainQueues (http://localhost:62776/__cypress/runner/cypress_runner.js:162024:14)",
                "diff": null
              },
              "uuid": "448b87fc-a9aa-47fb-a475-1a23ca53db59",
              "parentUUID": "030a7705-fa5a-485c-96f4-47fe3bcb39c4",
              "isHook": false,
              "skipped": false
            },
            {
              "title": "Verifica se o botão está posicionado ao lado do input",
              "fullTitle": "10 - Faça o quadro de pixels ter seu tamanho definido pelo usuário. Verifica se o botão está posicionado ao lado do input",
              "timedOut": null,
              "duration": 4611,
              "state": "failed",
              "speed": null,
              "pass": false,
              "fail": true,
              "pending": false,
              "context": null,
              "code": "cy.get('#board-size').then(function (board) {\n  cy.get('#generate-board').should('be.onTheRightOf', board);\n});",
              "err": {
                "message": "CypressError: Timed out retrying: Expected to find element: '#board-size', but never found it.",
                "estack": "CypressError: Timed out retrying: Expected to find element: '#board-size', but never found it.\n    at cypressErr (http://localhost:62776/__cypress/runner/cypress_runner.js:149934:9)\n    at throwErr (http://localhost:62776/__cypress/runner/cypress_runner.js:149867:11)\n    at Object.throwErrByPath (http://localhost:62776/__cypress/runner/cypress_runner.js:149915:3)\n    at retry (http://localhost:62776/__cypress/runner/cypress_runner.js:144197:19)\n    at onFailFn (http://localhost:62776/__cypress/runner/cypress_runner.js:132448:16)\n    at tryCatcher (http://localhost:62776/__cypress/runner/cypress_runner.js:167415:23)\n    at Promise._settlePromiseFromHandler (http://localhost:62776/__cypress/runner/cypress_runner.js:165351:31)\n    at Promise._settlePromise (http://localhost:62776/__cypress/runner/cypress_runner.js:165408:18)\n    at Promise._settlePromise0 (http://localhost:62776/__cypress/runner/cypress_runner.js:165453:10)\n    at Promise._settlePromises (http://localhost:62776/__cypress/runner/cypress_runner.js:165528:18)\n    at Async../node_modules/bluebird/js/release/async.js.Async._drainQueue (http://localhost:62776/__cypress/runner/cypress_runner.js:162140:16)\n    at Async../node_modules/bluebird/js/release/async.js.Async._drainQueues (http://localhost:62776/__cypress/runner/cypress_runner.js:162150:10)\n    at Async.drainQueues (http://localhost:62776/__cypress/runner/cypress_runner.js:162024:14)",
                "diff": null
              },
              "uuid": "d09dac31-60b9-4ba0-b395-5ab8d94066da",
              "parentUUID": "030a7705-fa5a-485c-96f4-47fe3bcb39c4",
              "isHook": false,
              "skipped": false
            },
            {
              "title": "Verifica se nenhum valor for colocado no input ao clicar no botão, um `alert` é exibido com o texto: 'Board inválido!'",
              "fullTitle": "10 - Faça o quadro de pixels ter seu tamanho definido pelo usuário. Verifica se nenhum valor for colocado no input ao clicar no botão, um `alert` é exibido com o texto: 'Board inválido!'",
              "timedOut": null,
              "duration": 4769,
              "state": "failed",
              "speed": null,
              "pass": false,
              "fail": true,
              "pending": false,
              "context": null,
              "code": "var alerted = false;\ncy.on('window:alert', function (msg) {\n  return alerted = msg;\n});\ncy.get('#generate-board').click().then(function () {\n  return expect(alerted).to.match(/Board inválido!/i);\n});",
              "err": {
                "message": "CypressError: Timed out retrying: Expected to find element: '#generate-board', but never found it.",
                "estack": "CypressError: Timed out retrying: Expected to find element: '#generate-board', but never found it.\n    at cypressErr (http://localhost:62776/__cypress/runner/cypress_runner.js:149934:9)\n    at throwErr (http://localhost:62776/__cypress/runner/cypress_runner.js:149867:11)\n    at Object.throwErrByPath (http://localhost:62776/__cypress/runner/cypress_runner.js:149915:3)\n    at retry (http://localhost:62776/__cypress/runner/cypress_runner.js:144197:19)\n    at onFailFn (http://localhost:62776/__cypress/runner/cypress_runner.js:132448:16)\n    at tryCatcher (http://localhost:62776/__cypress/runner/cypress_runner.js:167415:23)\n    at Promise._settlePromiseFromHandler (http://localhost:62776/__cypress/runner/cypress_runner.js:165351:31)\n    at Promise._settlePromise (http://localhost:62776/__cypress/runner/cypress_runner.js:165408:18)\n    at Promise._settlePromise0 (http://localhost:62776/__cypress/runner/cypress_runner.js:165453:10)\n    at Promise._settlePromises (http://localhost:62776/__cypress/runner/cypress_runner.js:165528:18)\n    at Async../node_modules/bluebird/js/release/async.js.Async._drainQueue (http://localhost:62776/__cypress/runner/cypress_runner.js:162140:16)\n    at Async../node_modules/bluebird/js/release/async.js.Async._drainQueues (http://localhost:62776/__cypress/runner/cypress_runner.js:162150:10)\n    at Async.drainQueues (http://localhost:62776/__cypress/runner/cypress_runner.js:162024:14)",
                "diff": null
              },
              "uuid": "c0c6ab75-ea26-4dcf-988d-ddbe2c45f5c4",
              "parentUUID": "030a7705-fa5a-485c-96f4-47fe3bcb39c4",
              "isHook": false,
              "skipped": false
            },
            {
              "title": "Verifica se ao clicar no botão com um valor preenchido, o tamanho do board muda.",
              "fullTitle": "10 - Faça o quadro de pixels ter seu tamanho definido pelo usuário. Verifica se ao clicar no botão com um valor preenchido, o tamanho do board muda.",
              "timedOut": null,
              "duration": 4684,
              "state": "failed",
              "speed": null,
              "pass": false,
              "fail": true,
              "pending": false,
              "context": null,
              "code": "cy.get('#board-size').clear().type(10);\ncy.get('#generate-board').click();\ncy.get('.pixel').should('have.length', 100);",
              "err": {
                "message": "CypressError: Timed out retrying: Expected to find element: '#board-size', but never found it.",
                "estack": "CypressError: Timed out retrying: Expected to find element: '#board-size', but never found it.\n    at cypressErr (http://localhost:62776/__cypress/runner/cypress_runner.js:149934:9)\n    at throwErr (http://localhost:62776/__cypress/runner/cypress_runner.js:149867:11)\n    at Object.throwErrByPath (http://localhost:62776/__cypress/runner/cypress_runner.js:149915:3)\n    at retry (http://localhost:62776/__cypress/runner/cypress_runner.js:144197:19)\n    at onFailFn (http://localhost:62776/__cypress/runner/cypress_runner.js:132448:16)\n    at tryCatcher (http://localhost:62776/__cypress/runner/cypress_runner.js:167415:23)\n    at Promise._settlePromiseFromHandler (http://localhost:62776/__cypress/runner/cypress_runner.js:165351:31)\n    at Promise._settlePromise (http://localhost:62776/__cypress/runner/cypress_runner.js:165408:18)\n    at Promise._settlePromise0 (http://localhost:62776/__cypress/runner/cypress_runner.js:165453:10)\n    at Promise._settlePromises (http://localhost:62776/__cypress/runner/cypress_runner.js:165528:18)\n    at Async../node_modules/bluebird/js/release/async.js.Async._drainQueue (http://localhost:62776/__cypress/runner/cypress_runner.js:162140:16)\n    at Async../node_modules/bluebird/js/release/async.js.Async._drainQueues (http://localhost:62776/__cypress/runner/cypress_runner.js:162150:10)\n    at Async.drainQueues (http://localhost:62776/__cypress/runner/cypress_runner.js:162024:14)",
                "diff": null
              },
              "uuid": "ef191f86-cc8d-48f3-badc-7f6237fc2ec1",
              "parentUUID": "030a7705-fa5a-485c-96f4-47fe3bcb39c4",
              "isHook": false,
              "skipped": false
            },
            {
              "title": "Verifica se o novo quadro tem todos os pixels preenchidos com a cor branca",
              "fullTitle": "10 - Faça o quadro de pixels ter seu tamanho definido pelo usuário. Verifica se o novo quadro tem todos os pixels preenchidos com a cor branca",
              "timedOut": null,
              "duration": 4646,
              "state": "failed",
              "speed": null,
              "pass": false,
              "fail": true,
              "pending": false,
              "context": null,
              "code": "cy.get('#board-size').clear().type(6);\ncy.get('#generate-board').click();\ncy.get('.pixel').should('have.length', 36).each(function (pixel) {\n  expect(pixel).to.have.css('background-color', WHITE);\n});",
              "err": {
                "message": "CypressError: Timed out retrying: Expected to find element: '#board-size', but never found it.",
                "estack": "CypressError: Timed out retrying: Expected to find element: '#board-size', but never found it.\n    at cypressErr (http://localhost:62776/__cypress/runner/cypress_runner.js:149934:9)\n    at throwErr (http://localhost:62776/__cypress/runner/cypress_runner.js:149867:11)\n    at Object.throwErrByPath (http://localhost:62776/__cypress/runner/cypress_runner.js:149915:3)\n    at retry (http://localhost:62776/__cypress/runner/cypress_runner.js:144197:19)\n    at onFailFn (http://localhost:62776/__cypress/runner/cypress_runner.js:132448:16)\n    at tryCatcher (http://localhost:62776/__cypress/runner/cypress_runner.js:167415:23)\n    at Promise._settlePromiseFromHandler (http://localhost:62776/__cypress/runner/cypress_runner.js:165351:31)\n    at Promise._settlePromise (http://localhost:62776/__cypress/runner/cypress_runner.js:165408:18)\n    at Promise._settlePromise0 (http://localhost:62776/__cypress/runner/cypress_runner.js:165453:10)\n    at Promise._settlePromises (http://localhost:62776/__cypress/runner/cypress_runner.js:165528:18)\n    at Async../node_modules/bluebird/js/release/async.js.Async._drainQueue (http://localhost:62776/__cypress/runner/cypress_runner.js:162140:16)\n    at Async../node_modules/bluebird/js/release/async.js.Async._drainQueues (http://localhost:62776/__cypress/runner/cypress_runner.js:162150:10)\n    at Async.drainQueues (http://localhost:62776/__cypress/runner/cypress_runner.js:162024:14)",
                "diff": null
              },
              "uuid": "1be191ab-2b27-40a4-97d1-f85e457a12d0",
              "parentUUID": "030a7705-fa5a-485c-96f4-47fe3bcb39c4",
              "isHook": false,
              "skipped": false
            }
          ],
          "suites": [],
          "passes": [],
          "failures": [
            "c84aeec3-74ae-4e7f-b506-2fa6063f6c4a",
            "91d12df6-d2bb-4e8b-8c53-f55031f5ef15",
            "d8aa60fe-33e5-4202-9dfa-8c8d702081d2",
            "8113d064-9d98-4adf-bbbe-fb7631edb126",
            "448b87fc-a9aa-47fb-a475-1a23ca53db59",
            "d09dac31-60b9-4ba0-b395-5ab8d94066da",
            "c0c6ab75-ea26-4dcf-988d-ddbe2c45f5c4",
            "ef191f86-cc8d-48f3-badc-7f6237fc2ec1",
            "1be191ab-2b27-40a4-97d1-f85e457a12d0"
          ],
          "pending": [],
          "skipped": [],
          "duration": 42131,
          "root": false,
          "rootEmpty": false,
          "_timeout": 2000
        },
        {
          "uuid": "5fc00ae1-2016-48f3-8d07-a770f32f61dd",
          "title": "11 - Limite o tamanho mínimo e máximo do board.",
          "fullFile": "",
          "file": "",
          "beforeHooks": [],
          "afterHooks": [],
          "tests": [
            {
              "title": "Verifica se a altura máxima do board é 50",
              "fullTitle": "11 - Limite o tamanho mínimo e máximo do board. Verifica se a altura máxima do board é 50",
              "timedOut": null,
              "duration": 4540,
              "state": "failed",
              "speed": null,
              "pass": false,
              "fail": true,
              "pending": false,
              "context": null,
              "code": "cy.get('#board-size').clear().type(50);\ncy.get('#generate-board').click();\ncy.get('.pixel').should('have.length', 2500);",
              "err": {
                "message": "CypressError: Timed out retrying: Expected to find element: '#board-size', but never found it.",
                "estack": "CypressError: Timed out retrying: Expected to find element: '#board-size', but never found it.\n    at cypressErr (http://localhost:62776/__cypress/runner/cypress_runner.js:149934:9)\n    at throwErr (http://localhost:62776/__cypress/runner/cypress_runner.js:149867:11)\n    at Object.throwErrByPath (http://localhost:62776/__cypress/runner/cypress_runner.js:149915:3)\n    at retry (http://localhost:62776/__cypress/runner/cypress_runner.js:144197:19)\n    at onFailFn (http://localhost:62776/__cypress/runner/cypress_runner.js:132448:16)\n    at tryCatcher (http://localhost:62776/__cypress/runner/cypress_runner.js:167415:23)\n    at Promise._settlePromiseFromHandler (http://localhost:62776/__cypress/runner/cypress_runner.js:165351:31)\n    at Promise._settlePromise (http://localhost:62776/__cypress/runner/cypress_runner.js:165408:18)\n    at Promise._settlePromise0 (http://localhost:62776/__cypress/runner/cypress_runner.js:165453:10)\n    at Promise._settlePromises (http://localhost:62776/__cypress/runner/cypress_runner.js:165528:18)\n    at Async../node_modules/bluebird/js/release/async.js.Async._drainQueue (http://localhost:62776/__cypress/runner/cypress_runner.js:162140:16)\n    at Async../node_modules/bluebird/js/release/async.js.Async._drainQueues (http://localhost:62776/__cypress/runner/cypress_runner.js:162150:10)\n    at Async.drainQueues (http://localhost:62776/__cypress/runner/cypress_runner.js:162024:14)",
                "diff": null
              },
              "uuid": "a71190ef-6d0e-41ac-90ce-02e61c8973d7",
              "parentUUID": "5fc00ae1-2016-48f3-8d07-a770f32f61dd",
              "isHook": false,
              "skipped": false
            },
            {
              "title": "Verifica se a altura do board é 5 quando um valor menor é colocado no input",
              "fullTitle": "11 - Limite o tamanho mínimo e máximo do board. Verifica se a altura do board é 5 quando um valor menor é colocado no input",
              "timedOut": null,
              "duration": 4677,
              "state": "failed",
              "speed": null,
              "pass": false,
              "fail": true,
              "pending": false,
              "context": null,
              "code": "cy.get('#board-size').clear().type(4);\ncy.get('#generate-board').click();\ncy.get('.pixel').should('have.length', 25);",
              "err": {
                "message": "CypressError: Timed out retrying: Expected to find element: '#board-size', but never found it.",
                "estack": "CypressError: Timed out retrying: Expected to find element: '#board-size', but never found it.\n    at cypressErr (http://localhost:62776/__cypress/runner/cypress_runner.js:149934:9)\n    at throwErr (http://localhost:62776/__cypress/runner/cypress_runner.js:149867:11)\n    at Object.throwErrByPath (http://localhost:62776/__cypress/runner/cypress_runner.js:149915:3)\n    at retry (http://localhost:62776/__cypress/runner/cypress_runner.js:144197:19)\n    at onFailFn (http://localhost:62776/__cypress/runner/cypress_runner.js:132448:16)\n    at tryCatcher (http://localhost:62776/__cypress/runner/cypress_runner.js:167415:23)\n    at Promise._settlePromiseFromHandler (http://localhost:62776/__cypress/runner/cypress_runner.js:165351:31)\n    at Promise._settlePromise (http://localhost:62776/__cypress/runner/cypress_runner.js:165408:18)\n    at Promise._settlePromise0 (http://localhost:62776/__cypress/runner/cypress_runner.js:165453:10)\n    at Promise._settlePromises (http://localhost:62776/__cypress/runner/cypress_runner.js:165528:18)\n    at Async../node_modules/bluebird/js/release/async.js.Async._drainQueue (http://localhost:62776/__cypress/runner/cypress_runner.js:162140:16)\n    at Async../node_modules/bluebird/js/release/async.js.Async._drainQueues (http://localhost:62776/__cypress/runner/cypress_runner.js:162150:10)\n    at Async.drainQueues (http://localhost:62776/__cypress/runner/cypress_runner.js:162024:14)",
                "diff": null
              },
              "uuid": "4db56e5d-e63a-40c8-87db-fe800ea3284d",
              "parentUUID": "5fc00ae1-2016-48f3-8d07-a770f32f61dd",
              "isHook": false,
              "skipped": false
            },
            {
              "title": "Verifica se a altura do board é 50 quando um valor maior é colocado no input",
              "fullTitle": "11 - Limite o tamanho mínimo e máximo do board. Verifica se a altura do board é 50 quando um valor maior é colocado no input",
              "timedOut": null,
              "duration": 4657,
              "state": "failed",
              "speed": null,
              "pass": false,
              "fail": true,
              "pending": false,
              "context": null,
              "code": "cy.get('#board-size').clear().type(51);\ncy.get('#generate-board').click();\ncy.get('.pixel').should('have.length', 2500);",
              "err": {
                "message": "CypressError: Timed out retrying: Expected to find element: '#board-size', but never found it.",
                "estack": "CypressError: Timed out retrying: Expected to find element: '#board-size', but never found it.\n    at cypressErr (http://localhost:62776/__cypress/runner/cypress_runner.js:149934:9)\n    at throwErr (http://localhost:62776/__cypress/runner/cypress_runner.js:149867:11)\n    at Object.throwErrByPath (http://localhost:62776/__cypress/runner/cypress_runner.js:149915:3)\n    at retry (http://localhost:62776/__cypress/runner/cypress_runner.js:144197:19)\n    at onFailFn (http://localhost:62776/__cypress/runner/cypress_runner.js:132448:16)\n    at tryCatcher (http://localhost:62776/__cypress/runner/cypress_runner.js:167415:23)\n    at Promise._settlePromiseFromHandler (http://localhost:62776/__cypress/runner/cypress_runner.js:165351:31)\n    at Promise._settlePromise (http://localhost:62776/__cypress/runner/cypress_runner.js:165408:18)\n    at Promise._settlePromise0 (http://localhost:62776/__cypress/runner/cypress_runner.js:165453:10)\n    at Promise._settlePromises (http://localhost:62776/__cypress/runner/cypress_runner.js:165528:18)\n    at Async../node_modules/bluebird/js/release/async.js.Async._drainQueue (http://localhost:62776/__cypress/runner/cypress_runner.js:162140:16)\n    at Async../node_modules/bluebird/js/release/async.js.Async._drainQueues (http://localhost:62776/__cypress/runner/cypress_runner.js:162150:10)\n    at Async.drainQueues (http://localhost:62776/__cypress/runner/cypress_runner.js:162024:14)",
                "diff": null
              },
              "uuid": "286536a3-ead8-497e-8049-2855e4c18080",
              "parentUUID": "5fc00ae1-2016-48f3-8d07-a770f32f61dd",
              "isHook": false,
              "skipped": false
            }
          ],
          "suites": [],
          "passes": [],
          "failures": [
            "a71190ef-6d0e-41ac-90ce-02e61c8973d7",
            "4db56e5d-e63a-40c8-87db-fe800ea3284d",
            "286536a3-ead8-497e-8049-2855e4c18080"
          ],
          "pending": [],
          "skipped": [],
          "duration": 13874,
          "root": false,
          "rootEmpty": false,
          "_timeout": 2000
        },
        {
          "uuid": "775f8ab3-c5eb-4fc6-a033-2ea625d511ab",
          "title": "12 - Faça com que as cores da paleta sejam geradas aleatoriamente ao carregar a página.",
          "fullFile": "",
          "file": "",
          "beforeHooks": [],
          "afterHooks": [],
          "tests": [
            {
              "title": "Verifica se as cores geradas na paleta são diferentes a cada carregamento da página",
              "fullTitle": "12 - Faça com que as cores da paleta sejam geradas aleatoriamente ao carregar a página. Verifica se as cores geradas na paleta são diferentes a cada carregamento da página",
              "timedOut": null,
              "duration": 1034,
              "state": "passed",
              "speed": "slow",
              "pass": true,
              "fail": false,
              "pending": false,
              "context": null,
              "code": "cy.get('.color').then(function (colors) {\n  var currentColors;\n  var previousColors;\n  previousColors = Array.from(colors).map(function (color) {\n    return Cypress.$(color).css('background-color');\n  });\n  for (var i = 0; i < 5; i += 1) {\n    cy.reload();\n    cy.get('.color').then(function (colors) {\n      currentColors = Array.from(colors).map(function (color) {\n        return Cypress.$(color).css('background-color');\n      });\n      expect(currentColors).not.to.deep.equal(previousColors);\n      previousColors = currentColors;\n    });\n  }\n});",
              "err": {},
              "uuid": "bb90cecd-f793-4585-b311-90735cd8835b",
              "parentUUID": "775f8ab3-c5eb-4fc6-a033-2ea625d511ab",
              "isHook": false,
              "skipped": false
            },
            {
              "title": "Verifica se a cor preta ainda está presente e é a primeira na sua paleta de cores",
              "fullTitle": "12 - Faça com que as cores da paleta sejam geradas aleatoriamente ao carregar a página. Verifica se a cor preta ainda está presente e é a primeira na sua paleta de cores",
              "timedOut": null,
              "duration": 677,
              "state": "passed",
              "speed": "slow",
              "pass": true,
              "fail": false,
              "pending": false,
              "context": null,
              "code": "cy.get('.color').then(function (colors) {\n  var currentColors;\n  var previousColors;\n  previousColors = Array.from(colors).map(function (color) {\n    return Cypress.$(color).css('background-color');\n  });\n  expect(previousColors[0]).to.eq(BLACK);\n  for (var i = 0; i < 5; i += 1) {\n    cy.reload();\n    cy.get('.color').then(function (colors) {\n      currentColors = Array.from(colors).map(function (color) {\n        return Cypress.$(color).css('background-color');\n      });\n      expect(currentColors[0]).to.eq(BLACK);\n      expect(currentColors).not.to.deep.equal(previousColors);\n      previousColors = currentColors;\n    });\n  }\n});",
              "err": {},
              "uuid": "e5f4f2c7-8534-46ba-8aac-c70096d77263",
              "parentUUID": "775f8ab3-c5eb-4fc6-a033-2ea625d511ab",
              "isHook": false,
              "skipped": false
            }
          ],
          "suites": [],
          "passes": [
            "bb90cecd-f793-4585-b311-90735cd8835b",
            "e5f4f2c7-8534-46ba-8aac-c70096d77263"
          ],
          "failures": [],
          "pending": [],
          "skipped": [],
          "duration": 1711,
          "root": false,
          "rootEmpty": false,
          "_timeout": 2000
        }
      ],
      "passes": [],
      "failures": [],
      "pending": [],
      "skipped": [],
      "duration": 0,
      "root": true,
      "rootEmpty": true,
      "_timeout": 2000
    }
  ],
  "meta": {
    "mocha": {
      "version": "7.0.1"
    },
    "mochawesome": {
      "options": {
        "quiet": false,
        "reportFilename": "mochawesome",
        "saveHtml": false,
        "saveJson": true,
        "consoleReporter": "spec",
        "useInlineDiffs": false
      },
      "version": "4.1.0"
    },
    "marge": {
      "options": {
        "id": "default",
        "reportDir": "cypress/reports",
        "overwrite": true,
        "html": false,
        "json": true
      },
      "version": "4.1.0"
    }
  }
}