{
  "stats": {
    "suites": 12,
    "tests": 41,
    "passes": 21,
    "pending": 0,
    "failures": 20,
    "start": "2021-09-11T22:29:18.761Z",
    "end": "2021-09-11T22:31:18.099Z",
    "duration": 119338,
    "testsRegistered": 41,
    "passPercent": 51.21951219512195,
    "pendingPercent": 0,
    "other": 0,
    "hasOther": false,
    "skipped": 0,
    "hasSkipped": false
  },
  "results": [
    {
      "uuid": "045330bf-83db-4df4-9beb-a28508ea162f",
      "title": "",
      "fullFile": "cypress/integration/project.spec.js",
      "file": "cypress/integration/project.spec.js",
      "beforeHooks": [],
      "afterHooks": [],
      "tests": [],
      "suites": [
        {
          "uuid": "00cc0fc1-9c52-4d65-9fce-bdc2696606ba",
          "title": "1 - Adicione à página o título \"Paleta de Cores\".",
          "fullFile": "",
          "file": "",
          "beforeHooks": [],
          "afterHooks": [],
          "tests": [
            {
              "title": "Verifica se contém um elemento `h1` com o id `title` com o título correto",
              "fullTitle": "1 - Adicione à página o título \"Paleta de Cores\". Verifica se contém um elemento `h1` com o id `title` com o título correto",
              "timedOut": null,
              "duration": 630,
              "state": "passed",
              "speed": "slow",
              "pass": true,
              "fail": false,
              "pending": false,
              "context": null,
              "code": "cy.get('h1#title').should('contain.text', 'Paleta de Cores');",
              "err": {},
              "uuid": "e85ebf8b-1cfa-45e6-bbbc-9599b830ea6a",
              "parentUUID": "00cc0fc1-9c52-4d65-9fce-bdc2696606ba",
              "isHook": false,
              "skipped": false
            }
          ],
          "suites": [],
          "passes": [
            "e85ebf8b-1cfa-45e6-bbbc-9599b830ea6a"
          ],
          "failures": [],
          "pending": [],
          "skipped": [],
          "duration": 630,
          "root": false,
          "rootEmpty": false,
          "_timeout": 2000
        },
        {
          "uuid": "21d86267-9d24-4181-a037-8cf14291f5a1",
          "title": "2 - Adicione à página uma paleta de quatro cores distintas.",
          "fullFile": "",
          "file": "",
          "beforeHooks": [],
          "afterHooks": [],
          "tests": [
            {
              "title": "A paleta de cores deve ser um elemento com `id` denominado `color-palette`",
              "fullTitle": "2 - Adicione à página uma paleta de quatro cores distintas. A paleta de cores deve ser um elemento com `id` denominado `color-palette`",
              "timedOut": null,
              "duration": 531,
              "state": "passed",
              "speed": "slow",
              "pass": true,
              "fail": false,
              "pending": false,
              "context": null,
              "code": "cy.get('#color-palette').should('be.visible');\ncy.get('#color-palette').children('.color');",
              "err": {},
              "uuid": "bd2ee558-2036-4e9d-b38a-13c2c7b92271",
              "parentUUID": "21d86267-9d24-4181-a037-8cf14291f5a1",
              "isHook": false,
              "skipped": false
            },
            {
              "title": "Verifica se cada cor individual da paleta de cores possui a `classe` chamada `color`.",
              "fullTitle": "2 - Adicione à página uma paleta de quatro cores distintas. Verifica se cada cor individual da paleta de cores possui a `classe` chamada `color`.",
              "timedOut": null,
              "duration": 451,
              "state": "passed",
              "speed": "slow",
              "pass": true,
              "fail": false,
              "pending": false,
              "context": null,
              "code": "cy.get('.color').should('have.length', 4).then(function (colors) {\n  for (var i = 0; i < colors.length; i++) {\n    cy.wrap(colors[i]).should('be.visible');\n  }\n});",
              "err": {},
              "uuid": "46ea5094-907f-4f4f-b72a-344fd4e3b28a",
              "parentUUID": "21d86267-9d24-4181-a037-8cf14291f5a1",
              "isHook": false,
              "skipped": false
            },
            {
              "title": "Verifica se a cor de fundo de cada elemento da paleta é a cor que o elemento representa. **A única cor não permitida na paleta é a cor branca.**",
              "fullTitle": "2 - Adicione à página uma paleta de quatro cores distintas. Verifica se a cor de fundo de cada elemento da paleta é a cor que o elemento representa. **A única cor não permitida na paleta é a cor branca.**",
              "timedOut": null,
              "duration": 516,
              "state": "passed",
              "speed": "slow",
              "pass": true,
              "fail": false,
              "pending": false,
              "context": null,
              "code": "cy.get('.color').each(function (color) {\n  cy.wrap(color).should('have.class', 'color').and('not.have.css', 'background-color', WHITE);\n  cy.wrap(color).should('have.css', 'background-color');\n});",
              "err": {},
              "uuid": "6206427b-7acd-43b8-a2d0-58c5f51ecfe6",
              "parentUUID": "21d86267-9d24-4181-a037-8cf14291f5a1",
              "isHook": false,
              "skipped": false
            },
            {
              "title": "Verifica se cada elemento da paleta de cores tem uma borda preta, sólida e com 1 pixel de largura;",
              "fullTitle": "2 - Adicione à página uma paleta de quatro cores distintas. Verifica se cada elemento da paleta de cores tem uma borda preta, sólida e com 1 pixel de largura;",
              "timedOut": null,
              "duration": 339,
              "state": "passed",
              "speed": "slow",
              "pass": true,
              "fail": false,
              "pending": false,
              "context": null,
              "code": "cy.get('.color').each(function (color) {\n  cy.wrap(color).and('have.css', 'border', \"1px solid \".concat(BLACK)).and('have.class', 'color');\n});",
              "err": {},
              "uuid": "f00af5fb-cc73-41c4-b680-706412075cc1",
              "parentUUID": "21d86267-9d24-4181-a037-8cf14291f5a1",
              "isHook": false,
              "skipped": false
            },
            {
              "title": "Verifica se a paleta lista todas as cores disponíveis para utilização, lado a lado.",
              "fullTitle": "2 - Adicione à página uma paleta de quatro cores distintas. Verifica se a paleta lista todas as cores disponíveis para utilização, lado a lado.",
              "timedOut": null,
              "duration": 332,
              "state": "passed",
              "speed": "slow",
              "pass": true,
              "fail": false,
              "pending": false,
              "context": null,
              "code": "cy.get('.color').then(function (colors) {\n  for (var index = 1; index < colors.length; index += 1) {\n    var currentColor = colors[index];\n    var previousColor = colors[index - 1];\n    cy.wrap(currentColor).should('be.onTheRightOf', previousColor).and('be.horizontallyAlignedWith', previousColor);\n  }\n});",
              "err": {},
              "uuid": "66196628-7da4-4021-b498-6d7a8fdc0cda",
              "parentUUID": "21d86267-9d24-4181-a037-8cf14291f5a1",
              "isHook": false,
              "skipped": false
            },
            {
              "title": "Verifica se a paleta de cores está posicionada abaixo do título 'Paleta de Cores'",
              "fullTitle": "2 - Adicione à página uma paleta de quatro cores distintas. Verifica se a paleta de cores está posicionada abaixo do título 'Paleta de Cores'",
              "timedOut": null,
              "duration": 323,
              "state": "passed",
              "speed": "slow",
              "pass": true,
              "fail": false,
              "pending": false,
              "context": null,
              "code": "cy.get('h1#title').then(function (title) {\n  cy.get('#color-palette').should('be.belowOf', title);\n});",
              "err": {},
              "uuid": "5674a696-7848-4cb6-a0e8-5ce73def7f5b",
              "parentUUID": "21d86267-9d24-4181-a037-8cf14291f5a1",
              "isHook": false,
              "skipped": false
            },
            {
              "title": "Verifica se a paleta de cores não contém cores repetidas.",
              "fullTitle": "2 - Adicione à página uma paleta de quatro cores distintas. Verifica se a paleta de cores não contém cores repetidas.",
              "timedOut": null,
              "duration": 257,
              "state": "passed",
              "speed": "slow",
              "pass": true,
              "fail": false,
              "pending": false,
              "context": null,
              "code": "cy.get('.color').then(function (colors) {\n  var allColors = Array.from(colors).map(function (color) {\n    return Cypress.$(color).css('background-color');\n  });\n  cy.log(allColors);\n  var uniqColors = (0, _toConsumableArray2[\"default\"])(new Set(allColors));\n  cy.log(uniqColors);\n  expect(allColors.length).to.eq(uniqColors.length);\n});",
              "err": {},
              "uuid": "c63740cf-620b-4dab-85f0-d5ac612759af",
              "parentUUID": "21d86267-9d24-4181-a037-8cf14291f5a1",
              "isHook": false,
              "skipped": false
            }
          ],
          "suites": [],
          "passes": [
            "bd2ee558-2036-4e9d-b38a-13c2c7b92271",
            "46ea5094-907f-4f4f-b72a-344fd4e3b28a",
            "6206427b-7acd-43b8-a2d0-58c5f51ecfe6",
            "f00af5fb-cc73-41c4-b680-706412075cc1",
            "66196628-7da4-4021-b498-6d7a8fdc0cda",
            "5674a696-7848-4cb6-a0e8-5ce73def7f5b",
            "c63740cf-620b-4dab-85f0-d5ac612759af"
          ],
          "failures": [],
          "pending": [],
          "skipped": [],
          "duration": 2749,
          "root": false,
          "rootEmpty": false,
          "_timeout": 2000
        },
        {
          "uuid": "4f0c6ff4-67fd-44a5-ad77-2522f788a0b2",
          "title": "3 - Adicione a cor **preta** como a primeira cor da paleta de cores.",
          "fullFile": "",
          "file": "",
          "beforeHooks": [],
          "afterHooks": [],
          "tests": [
            {
              "title": "Verifica se a primeira cor da paleta é preta",
              "fullTitle": "3 - Adicione a cor **preta** como a primeira cor da paleta de cores. Verifica se a primeira cor da paleta é preta",
              "timedOut": null,
              "duration": 232,
              "state": "passed",
              "speed": "slow",
              "pass": true,
              "fail": false,
              "pending": false,
              "context": null,
              "code": "cy.get('.color').first().should('have.css', 'background-color', BLACK);",
              "err": {},
              "uuid": "845782f7-1e00-44dc-bd69-9160cf7cfed6",
              "parentUUID": "4f0c6ff4-67fd-44a5-ad77-2522f788a0b2",
              "isHook": false,
              "skipped": false
            },
            {
              "title": "Verifica se as demais cores podem ser escolhidas livremente.",
              "fullTitle": "3 - Adicione a cor **preta** como a primeira cor da paleta de cores. Verifica se as demais cores podem ser escolhidas livremente.",
              "timedOut": null,
              "duration": 582,
              "state": "passed",
              "speed": "slow",
              "pass": true,
              "fail": false,
              "pending": false,
              "context": null,
              "code": "cy.get('.color').eq(1).should('not.have.css', 'background-color', BLACK);\ncy.get('.color').eq(1).should('not.have.css', 'background-color', WHITE);\ncy.get('.color').eq(1).should('not.have.css', 'background-color', 'rgba(0, 0, 0, 0)');\ncy.get('.color').eq(1).should('have.css', 'background-color');\ncy.get('.color').eq(2).should('not.have.css', 'background-color', BLACK);\ncy.get('.color').eq(2).should('not.have.css', 'background-color', WHITE);\ncy.get('.color').eq(2).should('not.have.css', 'background-color', 'rgba(0, 0, 0, 0)');\ncy.get('.color').eq(2).should('have.css', 'background-color');\ncy.get('.color').eq(3).should('not.have.css', 'background-color', BLACK);\ncy.get('.color').eq(3).should('not.have.css', 'background-color', WHITE);\ncy.get('.color').eq(3).should('not.have.css', 'background-color', 'rgba(0, 0, 0, 0)');\ncy.get('.color').eq(3).should('have.css', 'background-color');",
              "err": {},
              "uuid": "df35385e-a502-4cb1-a65b-c24dacaaaed5",
              "parentUUID": "4f0c6ff4-67fd-44a5-ad77-2522f788a0b2",
              "isHook": false,
              "skipped": false
            }
          ],
          "suites": [],
          "passes": [
            "845782f7-1e00-44dc-bd69-9160cf7cfed6",
            "df35385e-a502-4cb1-a65b-c24dacaaaed5"
          ],
          "failures": [],
          "pending": [],
          "skipped": [],
          "duration": 814,
          "root": false,
          "rootEmpty": false,
          "_timeout": 2000
        },
        {
          "uuid": "95e31643-3d0f-4c01-b761-45fcaf909766",
          "title": "4 - Adicione à página um quadro de pixels, com 25 pixels.",
          "fullFile": "",
          "file": "",
          "beforeHooks": [],
          "afterHooks": [],
          "tests": [
            {
              "title": "Verifica se o quadro de pixels possui o `id` denominado `pixel-board`",
              "fullTitle": "4 - Adicione à página um quadro de pixels, com 25 pixels. Verifica se o quadro de pixels possui o `id` denominado `pixel-board`",
              "timedOut": null,
              "duration": 322,
              "state": "passed",
              "speed": "slow",
              "pass": true,
              "fail": false,
              "pending": false,
              "context": null,
              "code": "cy.get('#pixel-board').should('be.visible');",
              "err": {},
              "uuid": "4b5c1160-49ec-4cf1-966b-c438228dd94a",
              "parentUUID": "95e31643-3d0f-4c01-b761-45fcaf909766",
              "isHook": false,
              "skipped": false
            },
            {
              "title": "Verifica se cada pixel individual dentro do quadro possui a `classe` denominada `pixel`.",
              "fullTitle": "4 - Adicione à página um quadro de pixels, com 25 pixels. Verifica se cada pixel individual dentro do quadro possui a `classe` denominada `pixel`.",
              "timedOut": null,
              "duration": 416,
              "state": "passed",
              "speed": "slow",
              "pass": true,
              "fail": false,
              "pending": false,
              "context": null,
              "code": "cy.get('.pixel').should('have.length', 25);",
              "err": {},
              "uuid": "6aa60fa0-a7f9-454a-8fa7-488b93810dd2",
              "parentUUID": "95e31643-3d0f-4c01-b761-45fcaf909766",
              "isHook": false,
              "skipped": false
            },
            {
              "title": "Verifica se a cor inicial dos pixels dentro do quadro, ao abrir a página, é branca.",
              "fullTitle": "4 - Adicione à página um quadro de pixels, com 25 pixels. Verifica se a cor inicial dos pixels dentro do quadro, ao abrir a página, é branca.",
              "timedOut": null,
              "duration": 592,
              "state": "passed",
              "speed": "slow",
              "pass": true,
              "fail": false,
              "pending": false,
              "context": null,
              "code": "cy.get('.pixel').should('have.length', 25).each(function (pixel) {\n  expect(pixel).to.have.css('background-color', WHITE);\n});",
              "err": {},
              "uuid": "f315a6c0-5274-4e24-ab52-e714467cc6f8",
              "parentUUID": "95e31643-3d0f-4c01-b761-45fcaf909766",
              "isHook": false,
              "skipped": false
            },
            {
              "title": "Verifica se o quadro de pixels aparece abaixo da paleta de cores",
              "fullTitle": "4 - Adicione à página um quadro de pixels, com 25 pixels. Verifica se o quadro de pixels aparece abaixo da paleta de cores",
              "timedOut": null,
              "duration": 309,
              "state": "passed",
              "speed": "slow",
              "pass": true,
              "fail": false,
              "pending": false,
              "context": null,
              "code": "cy.get('#color-palette').then(function (palette) {\n  cy.get('#pixel-board').should('be.belowOf', palette);\n});",
              "err": {},
              "uuid": "2034aa4c-b910-4765-8ec1-d5ef39f6c808",
              "parentUUID": "95e31643-3d0f-4c01-b761-45fcaf909766",
              "isHook": false,
              "skipped": false
            }
          ],
          "suites": [],
          "passes": [
            "4b5c1160-49ec-4cf1-966b-c438228dd94a",
            "6aa60fa0-a7f9-454a-8fa7-488b93810dd2",
            "f315a6c0-5274-4e24-ab52-e714467cc6f8",
            "2034aa4c-b910-4765-8ec1-d5ef39f6c808"
          ],
          "failures": [],
          "pending": [],
          "skipped": [],
          "duration": 1639,
          "root": false,
          "rootEmpty": false,
          "_timeout": 2000
        },
        {
          "uuid": "a76c4785-51e4-4c0b-9f1b-43f943b0a12a",
          "title": "5 - Faça com que cada elemento do quadro de pixels possua 40 pixels de largura, 40 pixels de altura e seja delimitado por uma borda preta de 1 pixel.",
          "fullFile": "",
          "file": "",
          "beforeHooks": [],
          "afterHooks": [],
          "tests": [
            {
              "title": "Verifica se o quadro de pixels tem altura e comprimento de 5 elementos",
              "fullTitle": "5 - Faça com que cada elemento do quadro de pixels possua 40 pixels de largura, 40 pixels de altura e seja delimitado por uma borda preta de 1 pixel. Verifica se o quadro de pixels tem altura e comprimento de 5 elementos",
              "timedOut": null,
              "duration": 942,
              "state": "passed",
              "speed": "slow",
              "pass": true,
              "fail": false,
              "pending": false,
              "context": null,
              "code": "cy.get('.pixel').should('have.length', 25).each(function (pixel) {\n  expect(pixel).to.have.css('background-color', WHITE);\n}).and(function (pixels) {\n  var rows = chunk(pixels, 5);\n  rows.forEach(function (row) {\n    for (var index = 1; index < row.length; index += 1) {\n      var current = pixels[index];\n      var previous = pixels[index - 1];\n      cy.wrap(current).should('be.onTheRightOf', previous).and('be.horizontallyAlignedWith', previous);\n    }\n  });\n  for (var index = 1; index < 5; index += 1) {\n    expect(pixels[index * 5]).to.be.belowOf(pixels[(index - 1) * 5]);\n  }\n});",
              "err": {},
              "uuid": "b290335a-17df-442a-ae28-2fa2640ae796",
              "parentUUID": "a76c4785-51e4-4c0b-9f1b-43f943b0a12a",
              "isHook": false,
              "skipped": false
            },
            {
              "title": "Verifica se 40 pixels é o tamanho total do elemento, incluindo seu conteúdo e excluindo a borda preta, que deve ser criada à parte.",
              "fullTitle": "5 - Faça com que cada elemento do quadro de pixels possua 40 pixels de largura, 40 pixels de altura e seja delimitado por uma borda preta de 1 pixel. Verifica se 40 pixels é o tamanho total do elemento, incluindo seu conteúdo e excluindo a borda preta, que deve ser criada à parte.",
              "timedOut": null,
              "duration": 990,
              "state": "passed",
              "speed": "slow",
              "pass": true,
              "fail": false,
              "pending": false,
              "context": null,
              "code": "cy.get('.pixel').each(function (pixel) {\n  cy.wrap(pixel).should('have.css', 'height', '40px').and('have.css', 'width', '40px').and('have.css', 'border', \"1px solid \".concat(BLACK));\n});",
              "err": {},
              "uuid": "5f5ed96c-b2ac-464f-a417-c206c20aeee1",
              "parentUUID": "a76c4785-51e4-4c0b-9f1b-43f943b0a12a",
              "isHook": false,
              "skipped": false
            }
          ],
          "suites": [],
          "passes": [
            "b290335a-17df-442a-ae28-2fa2640ae796",
            "5f5ed96c-b2ac-464f-a417-c206c20aeee1"
          ],
          "failures": [],
          "pending": [],
          "skipped": [],
          "duration": 1932,
          "root": false,
          "rootEmpty": false,
          "_timeout": 2000
        },
        {
          "uuid": "c13ee3e0-ab8b-450b-be45-049b34ce8072",
          "title": "6 - Defina a cor preta como cor inicial. Ao carregar a página a cor preta já deve estar selecionada para pintar os pixels",
          "fullFile": "",
          "file": "",
          "beforeHooks": [],
          "afterHooks": [],
          "tests": [
            {
              "title": "Verifica se o elemento da cor preta possui, inicialmente, a `classe` `selected`",
              "fullTitle": "6 - Defina a cor preta como cor inicial. Ao carregar a página a cor preta já deve estar selecionada para pintar os pixels Verifica se o elemento da cor preta possui, inicialmente, a `classe` `selected`",
              "timedOut": null,
              "duration": 267,
              "state": "passed",
              "speed": "slow",
              "pass": true,
              "fail": false,
              "pending": false,
              "context": null,
              "code": "cy.get('.selected').first().should('have.css', 'background-color', BLACK);",
              "err": {},
              "uuid": "7af7eb05-7352-4c14-a51a-cc67e1d9463c",
              "parentUUID": "c13ee3e0-ab8b-450b-be45-049b34ce8072",
              "isHook": false,
              "skipped": false
            },
            {
              "title": "Verifica se nenhuma outra cor da paleta tem a `classe` `selected`",
              "fullTitle": "6 - Defina a cor preta como cor inicial. Ao carregar a página a cor preta já deve estar selecionada para pintar os pixels Verifica se nenhuma outra cor da paleta tem a `classe` `selected`",
              "timedOut": null,
              "duration": 357,
              "state": "passed",
              "speed": "slow",
              "pass": true,
              "fail": false,
              "pending": false,
              "context": null,
              "code": "cy.get('.color:not(:first-child)').each(function (color) {\n  cy.wrap(color).should('not.have.class', 'selected');\n});",
              "err": {},
              "uuid": "5004586f-7c5e-469d-9f34-0af0672f8f75",
              "parentUUID": "c13ee3e0-ab8b-450b-be45-049b34ce8072",
              "isHook": false,
              "skipped": false
            }
          ],
          "suites": [],
          "passes": [
            "7af7eb05-7352-4c14-a51a-cc67e1d9463c",
            "5004586f-7c5e-469d-9f34-0af0672f8f75"
          ],
          "failures": [],
          "pending": [],
          "skipped": [],
          "duration": 624,
          "root": false,
          "rootEmpty": false,
          "_timeout": 2000
        },
        {
          "uuid": "8190dadb-52f0-4abb-a526-e5fcd3b795c6",
          "title": "7 - Clicar em uma das cores da paleta, faz com que ela seja selecionada e utilizada para preencher os pixels no quadro.",
          "fullFile": "",
          "file": "",
          "beforeHooks": [],
          "afterHooks": [],
          "tests": [
            {
              "title": "Verifica se somente uma cor da paleta de cores tem a classe `selected` de cada vez",
              "fullTitle": "7 - Clicar em uma das cores da paleta, faz com que ela seja selecionada e utilizada para preencher os pixels no quadro. Verifica se somente uma cor da paleta de cores tem a classe `selected` de cada vez",
              "timedOut": null,
              "duration": 697,
              "state": "passed",
              "speed": "slow",
              "pass": true,
              "fail": false,
              "pending": false,
              "context": null,
              "code": "cy.get('.color').each(function (selectedColor, selectedColorIndex) {\n  cy.wrap(selectedColor).click();\n  cy.get('.color').each(function (color, colorIndex) {\n    if (colorIndex === selectedColorIndex) {\n      expect(color).to.have[\"class\"]('selected');\n    } else {\n      expect(color).not.to.have[\"class\"]('selected');\n    }\n  });\n});",
              "err": {},
              "uuid": "985dbc4b-8907-405d-82db-e3313ef2d556",
              "parentUUID": "8190dadb-52f0-4abb-a526-e5fcd3b795c6",
              "isHook": false,
              "skipped": false
            },
            {
              "title": "Verifica se os pixels dentro do quadro não têm a classe `selected` quando são clicados",
              "fullTitle": "7 - Clicar em uma das cores da paleta, faz com que ela seja selecionada e utilizada para preencher os pixels no quadro. Verifica se os pixels dentro do quadro não têm a classe `selected` quando são clicados",
              "timedOut": null,
              "duration": 10859,
              "state": "passed",
              "speed": "slow",
              "pass": true,
              "fail": false,
              "pending": false,
              "context": null,
              "code": "cy.get('.color').each(function (color) {\n  var backgroundColor = color.css('background-color');\n  cy.wrap(color).click();\n  cy.get('.pixel').each(function (pixel) {\n    cy.wrap(pixel).click().should('not.have.class', 'selected');\n  });\n});",
              "err": {},
              "uuid": "346e5408-d30c-4e13-a4db-d75018af9e47",
              "parentUUID": "8190dadb-52f0-4abb-a526-e5fcd3b795c6",
              "isHook": false,
              "skipped": false
            }
          ],
          "suites": [],
          "passes": [
            "985dbc4b-8907-405d-82db-e3313ef2d556",
            "346e5408-d30c-4e13-a4db-d75018af9e47"
          ],
          "failures": [],
          "pending": [],
          "skipped": [],
          "duration": 11556,
          "root": false,
          "rootEmpty": false,
          "_timeout": 2000
        },
        {
          "uuid": "76188d90-17aa-41d8-8e53-a2881f4d5dde",
          "title": "8 - Clicar em um pixel dentro do quadro após selecionar uma cor na paleta, faz com que o pixel seja preenchido com a cor selecionada.",
          "fullFile": "",
          "file": "",
          "beforeHooks": [],
          "afterHooks": [],
          "tests": [
            {
              "title": "Verifica se ao carregar a página deve ser possível pintar os pixels de preto",
              "fullTitle": "8 - Clicar em um pixel dentro do quadro após selecionar uma cor na paleta, faz com que o pixel seja preenchido com a cor selecionada. Verifica se ao carregar a página deve ser possível pintar os pixels de preto",
              "timedOut": null,
              "duration": 4871,
              "state": "failed",
              "speed": null,
              "pass": false,
              "fail": true,
              "pending": false,
              "context": null,
              "code": "cy.get('.pixel').each(function (pixel) {\n  cy.wrap(pixel).click().should('have.css', 'background-color', BLACK);\n});",
              "err": {
                "message": "CypressError: Timed out retrying: expected '<div.pixel>' to have CSS property 'background-color' with the value 'rgb(0, 0, 0)', but the value was 'rgb(255, 255, 255)'",
                "estack": "CypressError: Timed out retrying: expected '<div.pixel>' to have CSS property 'background-color' with the value 'rgb(0, 0, 0)', but the value was 'rgb(255, 255, 255)'\n    at cypressErr (http://localhost:35479/__cypress/runner/cypress_runner.js:149934:9)\n    at throwErr (http://localhost:35479/__cypress/runner/cypress_runner.js:149867:11)\n    at Object.throwErrByPath (http://localhost:35479/__cypress/runner/cypress_runner.js:149915:3)\n    at retry (http://localhost:35479/__cypress/runner/cypress_runner.js:144197:19)\n    at onFailFn (http://localhost:35479/__cypress/runner/cypress_runner.js:132448:16)\n    at tryCatcher (http://localhost:35479/__cypress/runner/cypress_runner.js:167415:23)\n    at Promise._settlePromiseFromHandler (http://localhost:35479/__cypress/runner/cypress_runner.js:165351:31)\n    at Promise._settlePromise (http://localhost:35479/__cypress/runner/cypress_runner.js:165408:18)\n    at Promise._settlePromise0 (http://localhost:35479/__cypress/runner/cypress_runner.js:165453:10)\n    at Promise._settlePromises (http://localhost:35479/__cypress/runner/cypress_runner.js:165528:18)\n    at Async../node_modules/bluebird/js/release/async.js.Async._drainQueue (http://localhost:35479/__cypress/runner/cypress_runner.js:162140:16)\n    at Async../node_modules/bluebird/js/release/async.js.Async._drainQueues (http://localhost:35479/__cypress/runner/cypress_runner.js:162150:10)\n    at Async.drainQueues (http://localhost:35479/__cypress/runner/cypress_runner.js:162024:14)",
                "diff": null
              },
              "uuid": "1dddfee6-429b-4a35-8beb-0fd8e2bca0c0",
              "parentUUID": "76188d90-17aa-41d8-8e53-a2881f4d5dde",
              "isHook": false,
              "skipped": false
            },
            {
              "title": "Verifica se após selecionar uma outra cor na paleta, é possível pintar os pixels com essa cor",
              "fullTitle": "8 - Clicar em um pixel dentro do quadro após selecionar uma cor na paleta, faz com que o pixel seja preenchido com a cor selecionada. Verifica se após selecionar uma outra cor na paleta, é possível pintar os pixels com essa cor",
              "timedOut": null,
              "duration": 5433,
              "state": "failed",
              "speed": null,
              "pass": false,
              "fail": true,
              "pending": false,
              "context": null,
              "code": "cy.get('.color').each(function (color) {\n  var backgroundColor = color.css('background-color');\n  cy.wrap(color).click();\n  cy.get('.pixel').each(function (pixel) {\n    cy.wrap(pixel).click().should('have.css', 'background-color', backgroundColor);\n  });\n});",
              "err": {
                "message": "CypressError: Timed out retrying: expected '<div.pixel>' to have CSS property 'background-color' with the value 'rgb(0, 0, 0)', but the value was 'rgb(255, 255, 255)'",
                "estack": "CypressError: Timed out retrying: expected '<div.pixel>' to have CSS property 'background-color' with the value 'rgb(0, 0, 0)', but the value was 'rgb(255, 255, 255)'\n    at cypressErr (http://localhost:35479/__cypress/runner/cypress_runner.js:149934:9)\n    at throwErr (http://localhost:35479/__cypress/runner/cypress_runner.js:149867:11)\n    at Object.throwErrByPath (http://localhost:35479/__cypress/runner/cypress_runner.js:149915:3)\n    at retry (http://localhost:35479/__cypress/runner/cypress_runner.js:144197:19)\n    at onFailFn (http://localhost:35479/__cypress/runner/cypress_runner.js:132448:16)\n    at tryCatcher (http://localhost:35479/__cypress/runner/cypress_runner.js:167415:23)\n    at Promise._settlePromiseFromHandler (http://localhost:35479/__cypress/runner/cypress_runner.js:165351:31)\n    at Promise._settlePromise (http://localhost:35479/__cypress/runner/cypress_runner.js:165408:18)\n    at Promise._settlePromise0 (http://localhost:35479/__cypress/runner/cypress_runner.js:165453:10)\n    at Promise._settlePromises (http://localhost:35479/__cypress/runner/cypress_runner.js:165528:18)\n    at Async../node_modules/bluebird/js/release/async.js.Async._drainQueue (http://localhost:35479/__cypress/runner/cypress_runner.js:162140:16)\n    at Async../node_modules/bluebird/js/release/async.js.Async._drainQueues (http://localhost:35479/__cypress/runner/cypress_runner.js:162150:10)\n    at Async.drainQueues (http://localhost:35479/__cypress/runner/cypress_runner.js:162024:14)",
                "diff": null
              },
              "uuid": "da0f1a8a-3fd7-42aa-857b-514e9c3280de",
              "parentUUID": "76188d90-17aa-41d8-8e53-a2881f4d5dde",
              "isHook": false,
              "skipped": false
            },
            {
              "title": "Verifica se somente o pixel que foi clicado foi preenchido com a cor selecionada, sem influenciar na cor dos demais pixels.",
              "fullTitle": "8 - Clicar em um pixel dentro do quadro após selecionar uma cor na paleta, faz com que o pixel seja preenchido com a cor selecionada. Verifica se somente o pixel que foi clicado foi preenchido com a cor selecionada, sem influenciar na cor dos demais pixels.",
              "timedOut": null,
              "duration": 4377,
              "state": "passed",
              "speed": "slow",
              "pass": true,
              "fail": false,
              "pending": false,
              "context": null,
              "code": "var colorToPixelIndexMap = {\n  0: 6,\n  1: 8,\n  2: 16,\n  3: 18\n};\ncy.get('.color').each(function (color, index) {\n  cy.wrap(color).click();\n  var backgroundColor = color.css('background-color');\n  var clickedPixelIndex = colorToPixelIndexMap[index];\n  cy.get('.pixel').eq(clickedPixelIndex).click();\n  cy.get('.pixel').eq(clickedPixelIndex - 1).should('not.have.css', 'background-color', backgroundColor);\n  cy.get('.pixel').eq(clickedPixelIndex + 1).should('not.have.css', 'background-color', backgroundColor);\n  cy.get('.pixel').eq(clickedPixelIndex - 5).should('not.have.css', 'background-color', backgroundColor);\n  cy.get('.pixel').eq(clickedPixelIndex + 5).should('not.have.css', 'background-color', backgroundColor);\n  cy.get('.pixel').eq(clickedPixelIndex - 6).should('not.have.css', 'background-color', backgroundColor);\n  cy.get('.pixel').eq(clickedPixelIndex - 4).should('not.have.css', 'background-color', backgroundColor);\n  cy.get('.pixel').eq(clickedPixelIndex + 4).should('not.have.css', 'background-color', backgroundColor);\n  cy.get('.pixel').eq(clickedPixelIndex + 6).should('not.have.css', 'background-color', backgroundColor);\n});",
              "err": {},
              "uuid": "d5e30a74-5d5a-4db5-827b-e29da6f4b17e",
              "parentUUID": "76188d90-17aa-41d8-8e53-a2881f4d5dde",
              "isHook": false,
              "skipped": false
            }
          ],
          "suites": [],
          "passes": [
            "d5e30a74-5d5a-4db5-827b-e29da6f4b17e"
          ],
          "failures": [
            "1dddfee6-429b-4a35-8beb-0fd8e2bca0c0",
            "da0f1a8a-3fd7-42aa-857b-514e9c3280de"
          ],
          "pending": [],
          "skipped": [],
          "duration": 14681,
          "root": false,
          "rootEmpty": false,
          "_timeout": 2000
        },
        {
          "uuid": "2523bd6e-9cde-4627-a257-65305aa88933",
          "title": "9 - Crie um botão que, ao ser clicado, limpa o quadro preenchendo a cor de todos seus pixels com branco.",
          "fullFile": "",
          "file": "",
          "beforeHooks": [],
          "afterHooks": [],
          "tests": [
            {
              "title": "Verifica se o botão tem o `id` denominado `clear-board`",
              "fullTitle": "9 - Crie um botão que, ao ser clicado, limpa o quadro preenchendo a cor de todos seus pixels com branco. Verifica se o botão tem o `id` denominado `clear-board`",
              "timedOut": null,
              "duration": 4881,
              "state": "failed",
              "speed": null,
              "pass": false,
              "fail": true,
              "pending": false,
              "context": null,
              "code": "cy.get('#clear-board').should('be.visible');",
              "err": {
                "message": "CypressError: Timed out retrying: Expected to find element: '#clear-board', but never found it.",
                "estack": "CypressError: Timed out retrying: Expected to find element: '#clear-board', but never found it.\n    at cypressErr (http://localhost:35479/__cypress/runner/cypress_runner.js:149934:9)\n    at throwErr (http://localhost:35479/__cypress/runner/cypress_runner.js:149867:11)\n    at Object.throwErrByPath (http://localhost:35479/__cypress/runner/cypress_runner.js:149915:3)\n    at retry (http://localhost:35479/__cypress/runner/cypress_runner.js:144197:19)\n    at onFailFn (http://localhost:35479/__cypress/runner/cypress_runner.js:132448:16)\n    at tryCatcher (http://localhost:35479/__cypress/runner/cypress_runner.js:167415:23)\n    at Promise._settlePromiseFromHandler (http://localhost:35479/__cypress/runner/cypress_runner.js:165351:31)\n    at Promise._settlePromise (http://localhost:35479/__cypress/runner/cypress_runner.js:165408:18)\n    at Promise._settlePromise0 (http://localhost:35479/__cypress/runner/cypress_runner.js:165453:10)\n    at Promise._settlePromises (http://localhost:35479/__cypress/runner/cypress_runner.js:165528:18)\n    at Async../node_modules/bluebird/js/release/async.js.Async._drainQueue (http://localhost:35479/__cypress/runner/cypress_runner.js:162140:16)\n    at Async../node_modules/bluebird/js/release/async.js.Async._drainQueues (http://localhost:35479/__cypress/runner/cypress_runner.js:162150:10)\n    at Async.drainQueues (http://localhost:35479/__cypress/runner/cypress_runner.js:162024:14)",
                "diff": null
              },
              "uuid": "8c8a2aa1-e32d-462f-a614-e95762e44b3b",
              "parentUUID": "2523bd6e-9cde-4627-a257-65305aa88933",
              "isHook": false,
              "skipped": false
            },
            {
              "title": "Verifica se o botão está posicionado entre a paleta de cores e o quadro de pixels",
              "fullTitle": "9 - Crie um botão que, ao ser clicado, limpa o quadro preenchendo a cor de todos seus pixels com branco. Verifica se o botão está posicionado entre a paleta de cores e o quadro de pixels",
              "timedOut": null,
              "duration": 4917,
              "state": "failed",
              "speed": null,
              "pass": false,
              "fail": true,
              "pending": false,
              "context": null,
              "code": "cy.get('#color-palette').then(function (palette) {\n  cy.get('#clear-board').should('be.belowOf', palette);\n});\ncy.get('#clear-board').then(function (clearBtn) {\n  cy.get('#pixel-board').should('be.belowOf', clearBtn);\n});",
              "err": {
                "message": "CypressError: Timed out retrying: Expected to find element: '#clear-board', but never found it.",
                "estack": "CypressError: Timed out retrying: Expected to find element: '#clear-board', but never found it.\n    at cypressErr (http://localhost:35479/__cypress/runner/cypress_runner.js:149934:9)\n    at throwErr (http://localhost:35479/__cypress/runner/cypress_runner.js:149867:11)\n    at Object.throwErrByPath (http://localhost:35479/__cypress/runner/cypress_runner.js:149915:3)\n    at retry (http://localhost:35479/__cypress/runner/cypress_runner.js:144197:19)\n    at onFailFn (http://localhost:35479/__cypress/runner/cypress_runner.js:132448:16)\n    at tryCatcher (http://localhost:35479/__cypress/runner/cypress_runner.js:167415:23)\n    at Promise._settlePromiseFromHandler (http://localhost:35479/__cypress/runner/cypress_runner.js:165351:31)\n    at Promise._settlePromise (http://localhost:35479/__cypress/runner/cypress_runner.js:165408:18)\n    at Promise._settlePromise0 (http://localhost:35479/__cypress/runner/cypress_runner.js:165453:10)\n    at Promise._settlePromises (http://localhost:35479/__cypress/runner/cypress_runner.js:165528:18)\n    at Async../node_modules/bluebird/js/release/async.js.Async._drainQueue (http://localhost:35479/__cypress/runner/cypress_runner.js:162140:16)\n    at Async../node_modules/bluebird/js/release/async.js.Async._drainQueues (http://localhost:35479/__cypress/runner/cypress_runner.js:162150:10)\n    at Async.drainQueues (http://localhost:35479/__cypress/runner/cypress_runner.js:162024:14)",
                "diff": null
              },
              "uuid": "3f0af71d-f659-4ff8-850f-bd1a25a20204",
              "parentUUID": "2523bd6e-9cde-4627-a257-65305aa88933",
              "isHook": false,
              "skipped": false
            },
            {
              "title": "Verifica se o texto do botão é 'Limpar'",
              "fullTitle": "9 - Crie um botão que, ao ser clicado, limpa o quadro preenchendo a cor de todos seus pixels com branco. Verifica se o texto do botão é 'Limpar'",
              "timedOut": null,
              "duration": 4984,
              "state": "failed",
              "speed": null,
              "pass": false,
              "fail": true,
              "pending": false,
              "context": null,
              "code": "cy.get('#clear-board').should('contain.text', 'Limpar');",
              "err": {
                "message": "CypressError: Timed out retrying: Expected to find element: '#clear-board', but never found it.",
                "estack": "CypressError: Timed out retrying: Expected to find element: '#clear-board', but never found it.\n    at cypressErr (http://localhost:35479/__cypress/runner/cypress_runner.js:149934:9)\n    at throwErr (http://localhost:35479/__cypress/runner/cypress_runner.js:149867:11)\n    at Object.throwErrByPath (http://localhost:35479/__cypress/runner/cypress_runner.js:149915:3)\n    at retry (http://localhost:35479/__cypress/runner/cypress_runner.js:144197:19)\n    at onFailFn (http://localhost:35479/__cypress/runner/cypress_runner.js:132448:16)\n    at tryCatcher (http://localhost:35479/__cypress/runner/cypress_runner.js:167415:23)\n    at Promise._settlePromiseFromHandler (http://localhost:35479/__cypress/runner/cypress_runner.js:165351:31)\n    at Promise._settlePromise (http://localhost:35479/__cypress/runner/cypress_runner.js:165408:18)\n    at Promise._settlePromise0 (http://localhost:35479/__cypress/runner/cypress_runner.js:165453:10)\n    at Promise._settlePromises (http://localhost:35479/__cypress/runner/cypress_runner.js:165528:18)\n    at Async../node_modules/bluebird/js/release/async.js.Async._drainQueue (http://localhost:35479/__cypress/runner/cypress_runner.js:162140:16)\n    at Async../node_modules/bluebird/js/release/async.js.Async._drainQueues (http://localhost:35479/__cypress/runner/cypress_runner.js:162150:10)\n    at Async.drainQueues (http://localhost:35479/__cypress/runner/cypress_runner.js:162024:14)",
                "diff": null
              },
              "uuid": "d5926566-fd7a-46f0-96d5-630ad1722546",
              "parentUUID": "2523bd6e-9cde-4627-a257-65305aa88933",
              "isHook": false,
              "skipped": false
            },
            {
              "title": "Verifica se ao clicar no botão, o quadro de pixels é totalmente preenchido de branco",
              "fullTitle": "9 - Crie um botão que, ao ser clicado, limpa o quadro preenchendo a cor de todos seus pixels com branco. Verifica se ao clicar no botão, o quadro de pixels é totalmente preenchido de branco",
              "timedOut": null,
              "duration": 5152,
              "state": "failed",
              "speed": null,
              "pass": false,
              "fail": true,
              "pending": false,
              "context": null,
              "code": "cy.get('.color').eq(1).then(function (color) {\n  var backgroundColor = color.css('background-color');\n  cy.wrap(color).click();\n  cy.get('.pixel').each(function (pixel) {\n    cy.wrap(pixel).click().should('have.css', 'background-color', backgroundColor);\n  });\n});\ncy.get('#clear-board').click();\ncy.get('.pixel').each(function (pixel) {\n  cy.wrap(pixel).should('have.css', 'background-color', WHITE);\n});",
              "err": {
                "message": "CypressError: Timed out retrying: expected '<div.pixel>' to have CSS property 'background-color' with the value 'rgb(255, 0, 0)', but the value was 'rgb(255, 255, 255)'",
                "estack": "CypressError: Timed out retrying: expected '<div.pixel>' to have CSS property 'background-color' with the value 'rgb(255, 0, 0)', but the value was 'rgb(255, 255, 255)'\n    at cypressErr (http://localhost:35479/__cypress/runner/cypress_runner.js:149934:9)\n    at throwErr (http://localhost:35479/__cypress/runner/cypress_runner.js:149867:11)\n    at Object.throwErrByPath (http://localhost:35479/__cypress/runner/cypress_runner.js:149915:3)\n    at retry (http://localhost:35479/__cypress/runner/cypress_runner.js:144197:19)\n    at onFailFn (http://localhost:35479/__cypress/runner/cypress_runner.js:132448:16)\n    at tryCatcher (http://localhost:35479/__cypress/runner/cypress_runner.js:167415:23)\n    at Promise._settlePromiseFromHandler (http://localhost:35479/__cypress/runner/cypress_runner.js:165351:31)\n    at Promise._settlePromise (http://localhost:35479/__cypress/runner/cypress_runner.js:165408:18)\n    at Promise._settlePromise0 (http://localhost:35479/__cypress/runner/cypress_runner.js:165453:10)\n    at Promise._settlePromises (http://localhost:35479/__cypress/runner/cypress_runner.js:165528:18)\n    at Async../node_modules/bluebird/js/release/async.js.Async._drainQueue (http://localhost:35479/__cypress/runner/cypress_runner.js:162140:16)\n    at Async../node_modules/bluebird/js/release/async.js.Async._drainQueues (http://localhost:35479/__cypress/runner/cypress_runner.js:162150:10)\n    at Async.drainQueues (http://localhost:35479/__cypress/runner/cypress_runner.js:162024:14)",
                "diff": null
              },
              "uuid": "94407aff-3f17-435c-a0e8-86d01396375e",
              "parentUUID": "2523bd6e-9cde-4627-a257-65305aa88933",
              "isHook": false,
              "skipped": false
            }
          ],
          "suites": [],
          "passes": [],
          "failures": [
            "8c8a2aa1-e32d-462f-a614-e95762e44b3b",
            "3f0af71d-f659-4ff8-850f-bd1a25a20204",
            "d5926566-fd7a-46f0-96d5-630ad1722546",
            "94407aff-3f17-435c-a0e8-86d01396375e"
          ],
          "pending": [],
          "skipped": [],
          "duration": 19934,
          "root": false,
          "rootEmpty": false,
          "_timeout": 2000
        },
        {
          "uuid": "416fa698-f71f-4458-907c-d544f27931d9",
          "title": "10 - Faça o quadro de pixels ter seu tamanho definido pelo usuário.",
          "fullFile": "",
          "file": "",
          "beforeHooks": [],
          "afterHooks": [],
          "tests": [
            {
              "title": "Verifica se existe um input com o id `board-size`",
              "fullTitle": "10 - Faça o quadro de pixels ter seu tamanho definido pelo usuário. Verifica se existe um input com o id `board-size`",
              "timedOut": null,
              "duration": 4913,
              "state": "failed",
              "speed": null,
              "pass": false,
              "fail": true,
              "pending": false,
              "context": null,
              "code": "cy.get('#board-size').should('be.visible');",
              "err": {
                "message": "CypressError: Timed out retrying: Expected to find element: '#board-size', but never found it.",
                "estack": "CypressError: Timed out retrying: Expected to find element: '#board-size', but never found it.\n    at cypressErr (http://localhost:35479/__cypress/runner/cypress_runner.js:149934:9)\n    at throwErr (http://localhost:35479/__cypress/runner/cypress_runner.js:149867:11)\n    at Object.throwErrByPath (http://localhost:35479/__cypress/runner/cypress_runner.js:149915:3)\n    at retry (http://localhost:35479/__cypress/runner/cypress_runner.js:144197:19)\n    at onFailFn (http://localhost:35479/__cypress/runner/cypress_runner.js:132448:16)\n    at tryCatcher (http://localhost:35479/__cypress/runner/cypress_runner.js:167415:23)\n    at Promise._settlePromiseFromHandler (http://localhost:35479/__cypress/runner/cypress_runner.js:165351:31)\n    at Promise._settlePromise (http://localhost:35479/__cypress/runner/cypress_runner.js:165408:18)\n    at Promise._settlePromise0 (http://localhost:35479/__cypress/runner/cypress_runner.js:165453:10)\n    at Promise._settlePromises (http://localhost:35479/__cypress/runner/cypress_runner.js:165528:18)\n    at Async../node_modules/bluebird/js/release/async.js.Async._drainQueue (http://localhost:35479/__cypress/runner/cypress_runner.js:162140:16)\n    at Async../node_modules/bluebird/js/release/async.js.Async._drainQueues (http://localhost:35479/__cypress/runner/cypress_runner.js:162150:10)\n    at Async.drainQueues (http://localhost:35479/__cypress/runner/cypress_runner.js:162024:14)",
                "diff": null
              },
              "uuid": "51b08c9e-ee72-4183-bb28-eca9b1566fc3",
              "parentUUID": "416fa698-f71f-4458-907c-d544f27931d9",
              "isHook": false,
              "skipped": false
            },
            {
              "title": "Verifica se existe um botão com o id `generate-board`",
              "fullTitle": "10 - Faça o quadro de pixels ter seu tamanho definido pelo usuário. Verifica se existe um botão com o id `generate-board`",
              "timedOut": null,
              "duration": 4906,
              "state": "failed",
              "speed": null,
              "pass": false,
              "fail": true,
              "pending": false,
              "context": null,
              "code": "cy.get('#generate-board').should('be.visible');",
              "err": {
                "message": "CypressError: Timed out retrying: Expected to find element: '#generate-board', but never found it.",
                "estack": "CypressError: Timed out retrying: Expected to find element: '#generate-board', but never found it.\n    at cypressErr (http://localhost:35479/__cypress/runner/cypress_runner.js:149934:9)\n    at throwErr (http://localhost:35479/__cypress/runner/cypress_runner.js:149867:11)\n    at Object.throwErrByPath (http://localhost:35479/__cypress/runner/cypress_runner.js:149915:3)\n    at retry (http://localhost:35479/__cypress/runner/cypress_runner.js:144197:19)\n    at onFailFn (http://localhost:35479/__cypress/runner/cypress_runner.js:132448:16)\n    at tryCatcher (http://localhost:35479/__cypress/runner/cypress_runner.js:167415:23)\n    at Promise._settlePromiseFromHandler (http://localhost:35479/__cypress/runner/cypress_runner.js:165351:31)\n    at Promise._settlePromise (http://localhost:35479/__cypress/runner/cypress_runner.js:165408:18)\n    at Promise._settlePromise0 (http://localhost:35479/__cypress/runner/cypress_runner.js:165453:10)\n    at Promise._settlePromises (http://localhost:35479/__cypress/runner/cypress_runner.js:165528:18)\n    at Async../node_modules/bluebird/js/release/async.js.Async._drainQueue (http://localhost:35479/__cypress/runner/cypress_runner.js:162140:16)\n    at Async../node_modules/bluebird/js/release/async.js.Async._drainQueues (http://localhost:35479/__cypress/runner/cypress_runner.js:162150:10)\n    at Async.drainQueues (http://localhost:35479/__cypress/runner/cypress_runner.js:162024:14)",
                "diff": null
              },
              "uuid": "4e9390ce-fd3a-44c7-bf15-149dd9e3f380",
              "parentUUID": "416fa698-f71f-4458-907c-d544f27931d9",
              "isHook": false,
              "skipped": false
            },
            {
              "title": "Verifica se o input só aceita número maiores que zero. Essa restrição deve ser feita usando os atributos do elemento `input`",
              "fullTitle": "10 - Faça o quadro de pixels ter seu tamanho definido pelo usuário. Verifica se o input só aceita número maiores que zero. Essa restrição deve ser feita usando os atributos do elemento `input`",
              "timedOut": null,
              "duration": 5081,
              "state": "failed",
              "speed": null,
              "pass": false,
              "fail": true,
              "pending": false,
              "context": null,
              "code": "cy.get('#board-size[type=\\'number\\'][min=\\'1\\']');",
              "err": {
                "message": "CypressError: Timed out retrying: Expected to find element: '#board-size[type='number'][min='1']', but never found it.",
                "estack": "CypressError: Timed out retrying: Expected to find element: '#board-size[type='number'][min='1']', but never found it.\n    at cypressErr (http://localhost:35479/__cypress/runner/cypress_runner.js:149934:9)\n    at throwErr (http://localhost:35479/__cypress/runner/cypress_runner.js:149867:11)\n    at Object.throwErrByPath (http://localhost:35479/__cypress/runner/cypress_runner.js:149915:3)\n    at retry (http://localhost:35479/__cypress/runner/cypress_runner.js:144197:19)\n    at onFailFn (http://localhost:35479/__cypress/runner/cypress_runner.js:132448:16)\n    at tryCatcher (http://localhost:35479/__cypress/runner/cypress_runner.js:167415:23)\n    at Promise._settlePromiseFromHandler (http://localhost:35479/__cypress/runner/cypress_runner.js:165351:31)\n    at Promise._settlePromise (http://localhost:35479/__cypress/runner/cypress_runner.js:165408:18)\n    at Promise._settlePromise0 (http://localhost:35479/__cypress/runner/cypress_runner.js:165453:10)\n    at Promise._settlePromises (http://localhost:35479/__cypress/runner/cypress_runner.js:165528:18)\n    at Async../node_modules/bluebird/js/release/async.js.Async._drainQueue (http://localhost:35479/__cypress/runner/cypress_runner.js:162140:16)\n    at Async../node_modules/bluebird/js/release/async.js.Async._drainQueues (http://localhost:35479/__cypress/runner/cypress_runner.js:162150:10)\n    at Async.drainQueues (http://localhost:35479/__cypress/runner/cypress_runner.js:162024:14)",
                "diff": null
              },
              "uuid": "69542f60-bd74-451c-8562-dc9877b43954",
              "parentUUID": "416fa698-f71f-4458-907c-d544f27931d9",
              "isHook": false,
              "skipped": false
            },
            {
              "title": "Verifica se o botão contém o texto 'VQV'",
              "fullTitle": "10 - Faça o quadro de pixels ter seu tamanho definido pelo usuário. Verifica se o botão contém o texto 'VQV'",
              "timedOut": null,
              "duration": 5063,
              "state": "failed",
              "speed": null,
              "pass": false,
              "fail": true,
              "pending": false,
              "context": null,
              "code": "cy.get('#generate-board').contains(/vqv/i);",
              "err": {
                "message": "CypressError: Timed out retrying: Expected to find element: '#generate-board', but never found it.",
                "estack": "CypressError: Timed out retrying: Expected to find element: '#generate-board', but never found it.\n    at cypressErr (http://localhost:35479/__cypress/runner/cypress_runner.js:149934:9)\n    at throwErr (http://localhost:35479/__cypress/runner/cypress_runner.js:149867:11)\n    at Object.throwErrByPath (http://localhost:35479/__cypress/runner/cypress_runner.js:149915:3)\n    at retry (http://localhost:35479/__cypress/runner/cypress_runner.js:144197:19)\n    at onFailFn (http://localhost:35479/__cypress/runner/cypress_runner.js:132448:16)\n    at tryCatcher (http://localhost:35479/__cypress/runner/cypress_runner.js:167415:23)\n    at Promise._settlePromiseFromHandler (http://localhost:35479/__cypress/runner/cypress_runner.js:165351:31)\n    at Promise._settlePromise (http://localhost:35479/__cypress/runner/cypress_runner.js:165408:18)\n    at Promise._settlePromise0 (http://localhost:35479/__cypress/runner/cypress_runner.js:165453:10)\n    at Promise._settlePromises (http://localhost:35479/__cypress/runner/cypress_runner.js:165528:18)\n    at Async../node_modules/bluebird/js/release/async.js.Async._drainQueue (http://localhost:35479/__cypress/runner/cypress_runner.js:162140:16)\n    at Async../node_modules/bluebird/js/release/async.js.Async._drainQueues (http://localhost:35479/__cypress/runner/cypress_runner.js:162150:10)\n    at Async.drainQueues (http://localhost:35479/__cypress/runner/cypress_runner.js:162024:14)",
                "diff": null
              },
              "uuid": "a3316190-916d-4a3b-a511-b05df06471e2",
              "parentUUID": "416fa698-f71f-4458-907c-d544f27931d9",
              "isHook": false,
              "skipped": false
            },
            {
              "title": "Verifica se o input está posicionado entre a paleta de cores e o quadro de pixels",
              "fullTitle": "10 - Faça o quadro de pixels ter seu tamanho definido pelo usuário. Verifica se o input está posicionado entre a paleta de cores e o quadro de pixels",
              "timedOut": null,
              "duration": 4827,
              "state": "failed",
              "speed": null,
              "pass": false,
              "fail": true,
              "pending": false,
              "context": null,
              "code": "cy.get('#color-palette').then(function (palette) {\n  cy.get('#board-size').should('be.belowOf', palette);\n});\ncy.get('#board-size').then(function (palette) {\n  cy.get('#pixel-board').should('be.belowOf', palette);\n});",
              "err": {
                "message": "CypressError: Timed out retrying: Expected to find element: '#board-size', but never found it.",
                "estack": "CypressError: Timed out retrying: Expected to find element: '#board-size', but never found it.\n    at cypressErr (http://localhost:35479/__cypress/runner/cypress_runner.js:149934:9)\n    at throwErr (http://localhost:35479/__cypress/runner/cypress_runner.js:149867:11)\n    at Object.throwErrByPath (http://localhost:35479/__cypress/runner/cypress_runner.js:149915:3)\n    at retry (http://localhost:35479/__cypress/runner/cypress_runner.js:144197:19)\n    at onFailFn (http://localhost:35479/__cypress/runner/cypress_runner.js:132448:16)\n    at tryCatcher (http://localhost:35479/__cypress/runner/cypress_runner.js:167415:23)\n    at Promise._settlePromiseFromHandler (http://localhost:35479/__cypress/runner/cypress_runner.js:165351:31)\n    at Promise._settlePromise (http://localhost:35479/__cypress/runner/cypress_runner.js:165408:18)\n    at Promise._settlePromise0 (http://localhost:35479/__cypress/runner/cypress_runner.js:165453:10)\n    at Promise._settlePromises (http://localhost:35479/__cypress/runner/cypress_runner.js:165528:18)\n    at Async../node_modules/bluebird/js/release/async.js.Async._drainQueue (http://localhost:35479/__cypress/runner/cypress_runner.js:162140:16)\n    at Async../node_modules/bluebird/js/release/async.js.Async._drainQueues (http://localhost:35479/__cypress/runner/cypress_runner.js:162150:10)\n    at Async.drainQueues (http://localhost:35479/__cypress/runner/cypress_runner.js:162024:14)",
                "diff": null
              },
              "uuid": "d274b4c5-905a-4551-ac0a-8280e4f342f8",
              "parentUUID": "416fa698-f71f-4458-907c-d544f27931d9",
              "isHook": false,
              "skipped": false
            },
            {
              "title": "Verifica se o botão está posicionado ao lado do input",
              "fullTitle": "10 - Faça o quadro de pixels ter seu tamanho definido pelo usuário. Verifica se o botão está posicionado ao lado do input",
              "timedOut": null,
              "duration": 4962,
              "state": "failed",
              "speed": null,
              "pass": false,
              "fail": true,
              "pending": false,
              "context": null,
              "code": "cy.get('#board-size').then(function (board) {\n  cy.get('#generate-board').should('be.onTheRightOf', board);\n});",
              "err": {
                "message": "CypressError: Timed out retrying: Expected to find element: '#board-size', but never found it.",
                "estack": "CypressError: Timed out retrying: Expected to find element: '#board-size', but never found it.\n    at cypressErr (http://localhost:35479/__cypress/runner/cypress_runner.js:149934:9)\n    at throwErr (http://localhost:35479/__cypress/runner/cypress_runner.js:149867:11)\n    at Object.throwErrByPath (http://localhost:35479/__cypress/runner/cypress_runner.js:149915:3)\n    at retry (http://localhost:35479/__cypress/runner/cypress_runner.js:144197:19)\n    at onFailFn (http://localhost:35479/__cypress/runner/cypress_runner.js:132448:16)\n    at tryCatcher (http://localhost:35479/__cypress/runner/cypress_runner.js:167415:23)\n    at Promise._settlePromiseFromHandler (http://localhost:35479/__cypress/runner/cypress_runner.js:165351:31)\n    at Promise._settlePromise (http://localhost:35479/__cypress/runner/cypress_runner.js:165408:18)\n    at Promise._settlePromise0 (http://localhost:35479/__cypress/runner/cypress_runner.js:165453:10)\n    at Promise._settlePromises (http://localhost:35479/__cypress/runner/cypress_runner.js:165528:18)\n    at Async../node_modules/bluebird/js/release/async.js.Async._drainQueue (http://localhost:35479/__cypress/runner/cypress_runner.js:162140:16)\n    at Async../node_modules/bluebird/js/release/async.js.Async._drainQueues (http://localhost:35479/__cypress/runner/cypress_runner.js:162150:10)\n    at Async.drainQueues (http://localhost:35479/__cypress/runner/cypress_runner.js:162024:14)",
                "diff": null
              },
              "uuid": "a150a3ff-8b64-4e2d-aa55-4ba8f4e25261",
              "parentUUID": "416fa698-f71f-4458-907c-d544f27931d9",
              "isHook": false,
              "skipped": false
            },
            {
              "title": "Verifica se nenhum valor for colocado no input ao clicar no botão, um `alert` é exibido com o texto: 'Board inválido!'",
              "fullTitle": "10 - Faça o quadro de pixels ter seu tamanho definido pelo usuário. Verifica se nenhum valor for colocado no input ao clicar no botão, um `alert` é exibido com o texto: 'Board inválido!'",
              "timedOut": null,
              "duration": 4997,
              "state": "failed",
              "speed": null,
              "pass": false,
              "fail": true,
              "pending": false,
              "context": null,
              "code": "var alerted = false;\ncy.on('window:alert', function (msg) {\n  return alerted = msg;\n});\ncy.get('#generate-board').click().then(function () {\n  return expect(alerted).to.match(/Board inválido!/i);\n});",
              "err": {
                "message": "CypressError: Timed out retrying: Expected to find element: '#generate-board', but never found it.",
                "estack": "CypressError: Timed out retrying: Expected to find element: '#generate-board', but never found it.\n    at cypressErr (http://localhost:35479/__cypress/runner/cypress_runner.js:149934:9)\n    at throwErr (http://localhost:35479/__cypress/runner/cypress_runner.js:149867:11)\n    at Object.throwErrByPath (http://localhost:35479/__cypress/runner/cypress_runner.js:149915:3)\n    at retry (http://localhost:35479/__cypress/runner/cypress_runner.js:144197:19)\n    at onFailFn (http://localhost:35479/__cypress/runner/cypress_runner.js:132448:16)\n    at tryCatcher (http://localhost:35479/__cypress/runner/cypress_runner.js:167415:23)\n    at Promise._settlePromiseFromHandler (http://localhost:35479/__cypress/runner/cypress_runner.js:165351:31)\n    at Promise._settlePromise (http://localhost:35479/__cypress/runner/cypress_runner.js:165408:18)\n    at Promise._settlePromise0 (http://localhost:35479/__cypress/runner/cypress_runner.js:165453:10)\n    at Promise._settlePromises (http://localhost:35479/__cypress/runner/cypress_runner.js:165528:18)\n    at Async../node_modules/bluebird/js/release/async.js.Async._drainQueue (http://localhost:35479/__cypress/runner/cypress_runner.js:162140:16)\n    at Async../node_modules/bluebird/js/release/async.js.Async._drainQueues (http://localhost:35479/__cypress/runner/cypress_runner.js:162150:10)\n    at Async.drainQueues (http://localhost:35479/__cypress/runner/cypress_runner.js:162024:14)",
                "diff": null
              },
              "uuid": "8880a867-2fc9-45e7-8786-b32503082e91",
              "parentUUID": "416fa698-f71f-4458-907c-d544f27931d9",
              "isHook": false,
              "skipped": false
            },
            {
              "title": "Verifica se ao clicar no botão com um valor preenchido, o tamanho do board muda.",
              "fullTitle": "10 - Faça o quadro de pixels ter seu tamanho definido pelo usuário. Verifica se ao clicar no botão com um valor preenchido, o tamanho do board muda.",
              "timedOut": null,
              "duration": 5004,
              "state": "failed",
              "speed": null,
              "pass": false,
              "fail": true,
              "pending": false,
              "context": null,
              "code": "cy.get('#board-size').clear().type(10);\ncy.get('#generate-board').click();\ncy.get('.pixel').should('have.length', 100);",
              "err": {
                "message": "CypressError: Timed out retrying: Expected to find element: '#board-size', but never found it.",
                "estack": "CypressError: Timed out retrying: Expected to find element: '#board-size', but never found it.\n    at cypressErr (http://localhost:35479/__cypress/runner/cypress_runner.js:149934:9)\n    at throwErr (http://localhost:35479/__cypress/runner/cypress_runner.js:149867:11)\n    at Object.throwErrByPath (http://localhost:35479/__cypress/runner/cypress_runner.js:149915:3)\n    at retry (http://localhost:35479/__cypress/runner/cypress_runner.js:144197:19)\n    at onFailFn (http://localhost:35479/__cypress/runner/cypress_runner.js:132448:16)\n    at tryCatcher (http://localhost:35479/__cypress/runner/cypress_runner.js:167415:23)\n    at Promise._settlePromiseFromHandler (http://localhost:35479/__cypress/runner/cypress_runner.js:165351:31)\n    at Promise._settlePromise (http://localhost:35479/__cypress/runner/cypress_runner.js:165408:18)\n    at Promise._settlePromise0 (http://localhost:35479/__cypress/runner/cypress_runner.js:165453:10)\n    at Promise._settlePromises (http://localhost:35479/__cypress/runner/cypress_runner.js:165528:18)\n    at Async../node_modules/bluebird/js/release/async.js.Async._drainQueue (http://localhost:35479/__cypress/runner/cypress_runner.js:162140:16)\n    at Async../node_modules/bluebird/js/release/async.js.Async._drainQueues (http://localhost:35479/__cypress/runner/cypress_runner.js:162150:10)\n    at Async.drainQueues (http://localhost:35479/__cypress/runner/cypress_runner.js:162024:14)",
                "diff": null
              },
              "uuid": "981303c1-e60b-4c73-998d-8b001d6db734",
              "parentUUID": "416fa698-f71f-4458-907c-d544f27931d9",
              "isHook": false,
              "skipped": false
            },
            {
              "title": "Verifica se o novo quadro tem todos os pixels preenchidos com a cor branca",
              "fullTitle": "10 - Faça o quadro de pixels ter seu tamanho definido pelo usuário. Verifica se o novo quadro tem todos os pixels preenchidos com a cor branca",
              "timedOut": null,
              "duration": 4949,
              "state": "failed",
              "speed": null,
              "pass": false,
              "fail": true,
              "pending": false,
              "context": null,
              "code": "cy.get('#board-size').clear().type(6);\ncy.get('#generate-board').click();\ncy.get('.pixel').should('have.length', 36).each(function (pixel) {\n  expect(pixel).to.have.css('background-color', WHITE);\n});",
              "err": {
                "message": "CypressError: Timed out retrying: Expected to find element: '#board-size', but never found it.",
                "estack": "CypressError: Timed out retrying: Expected to find element: '#board-size', but never found it.\n    at cypressErr (http://localhost:35479/__cypress/runner/cypress_runner.js:149934:9)\n    at throwErr (http://localhost:35479/__cypress/runner/cypress_runner.js:149867:11)\n    at Object.throwErrByPath (http://localhost:35479/__cypress/runner/cypress_runner.js:149915:3)\n    at retry (http://localhost:35479/__cypress/runner/cypress_runner.js:144197:19)\n    at onFailFn (http://localhost:35479/__cypress/runner/cypress_runner.js:132448:16)\n    at tryCatcher (http://localhost:35479/__cypress/runner/cypress_runner.js:167415:23)\n    at Promise._settlePromiseFromHandler (http://localhost:35479/__cypress/runner/cypress_runner.js:165351:31)\n    at Promise._settlePromise (http://localhost:35479/__cypress/runner/cypress_runner.js:165408:18)\n    at Promise._settlePromise0 (http://localhost:35479/__cypress/runner/cypress_runner.js:165453:10)\n    at Promise._settlePromises (http://localhost:35479/__cypress/runner/cypress_runner.js:165528:18)\n    at Async../node_modules/bluebird/js/release/async.js.Async._drainQueue (http://localhost:35479/__cypress/runner/cypress_runner.js:162140:16)\n    at Async../node_modules/bluebird/js/release/async.js.Async._drainQueues (http://localhost:35479/__cypress/runner/cypress_runner.js:162150:10)\n    at Async.drainQueues (http://localhost:35479/__cypress/runner/cypress_runner.js:162024:14)",
                "diff": null
              },
              "uuid": "f0ce4f80-eb71-4df9-ab7e-37d159713a7f",
              "parentUUID": "416fa698-f71f-4458-907c-d544f27931d9",
              "isHook": false,
              "skipped": false
            }
          ],
          "suites": [],
          "passes": [],
          "failures": [
            "51b08c9e-ee72-4183-bb28-eca9b1566fc3",
            "4e9390ce-fd3a-44c7-bf15-149dd9e3f380",
            "69542f60-bd74-451c-8562-dc9877b43954",
            "a3316190-916d-4a3b-a511-b05df06471e2",
            "d274b4c5-905a-4551-ac0a-8280e4f342f8",
            "a150a3ff-8b64-4e2d-aa55-4ba8f4e25261",
            "8880a867-2fc9-45e7-8786-b32503082e91",
            "981303c1-e60b-4c73-998d-8b001d6db734",
            "f0ce4f80-eb71-4df9-ab7e-37d159713a7f"
          ],
          "pending": [],
          "skipped": [],
          "duration": 44702,
          "root": false,
          "rootEmpty": false,
          "_timeout": 2000
        },
        {
          "uuid": "07d48a6d-33da-4835-a85f-06c7b4911a0f",
          "title": "11 - Limite o tamanho mínimo e máximo do board.",
          "fullFile": "",
          "file": "",
          "beforeHooks": [],
          "afterHooks": [],
          "tests": [
            {
              "title": "Verifica se a altura máxima do board é 50",
              "fullTitle": "11 - Limite o tamanho mínimo e máximo do board. Verifica se a altura máxima do board é 50",
              "timedOut": null,
              "duration": 5205,
              "state": "failed",
              "speed": null,
              "pass": false,
              "fail": true,
              "pending": false,
              "context": null,
              "code": "cy.get('#board-size').clear().type(50);\ncy.get('#generate-board').click();\ncy.get('.pixel').should('have.length', 2500);",
              "err": {
                "message": "CypressError: Timed out retrying: Expected to find element: '#board-size', but never found it.",
                "estack": "CypressError: Timed out retrying: Expected to find element: '#board-size', but never found it.\n    at cypressErr (http://localhost:35479/__cypress/runner/cypress_runner.js:149934:9)\n    at throwErr (http://localhost:35479/__cypress/runner/cypress_runner.js:149867:11)\n    at Object.throwErrByPath (http://localhost:35479/__cypress/runner/cypress_runner.js:149915:3)\n    at retry (http://localhost:35479/__cypress/runner/cypress_runner.js:144197:19)\n    at onFailFn (http://localhost:35479/__cypress/runner/cypress_runner.js:132448:16)\n    at tryCatcher (http://localhost:35479/__cypress/runner/cypress_runner.js:167415:23)\n    at Promise._settlePromiseFromHandler (http://localhost:35479/__cypress/runner/cypress_runner.js:165351:31)\n    at Promise._settlePromise (http://localhost:35479/__cypress/runner/cypress_runner.js:165408:18)\n    at Promise._settlePromise0 (http://localhost:35479/__cypress/runner/cypress_runner.js:165453:10)\n    at Promise._settlePromises (http://localhost:35479/__cypress/runner/cypress_runner.js:165528:18)\n    at Async../node_modules/bluebird/js/release/async.js.Async._drainQueue (http://localhost:35479/__cypress/runner/cypress_runner.js:162140:16)\n    at Async../node_modules/bluebird/js/release/async.js.Async._drainQueues (http://localhost:35479/__cypress/runner/cypress_runner.js:162150:10)\n    at Async.drainQueues (http://localhost:35479/__cypress/runner/cypress_runner.js:162024:14)",
                "diff": null
              },
              "uuid": "4f9dd726-0764-4b07-9ca1-ee7cc2fc1869",
              "parentUUID": "07d48a6d-33da-4835-a85f-06c7b4911a0f",
              "isHook": false,
              "skipped": false
            },
            {
              "title": "Verifica se a altura do board é 5 quando um valor menor é colocado no input",
              "fullTitle": "11 - Limite o tamanho mínimo e máximo do board. Verifica se a altura do board é 5 quando um valor menor é colocado no input",
              "timedOut": null,
              "duration": 4834,
              "state": "failed",
              "speed": null,
              "pass": false,
              "fail": true,
              "pending": false,
              "context": null,
              "code": "cy.get('#board-size').clear().type(4);\ncy.get('#generate-board').click();\ncy.get('.pixel').should('have.length', 25);",
              "err": {
                "message": "CypressError: Timed out retrying: Expected to find element: '#board-size', but never found it.",
                "estack": "CypressError: Timed out retrying: Expected to find element: '#board-size', but never found it.\n    at cypressErr (http://localhost:35479/__cypress/runner/cypress_runner.js:149934:9)\n    at throwErr (http://localhost:35479/__cypress/runner/cypress_runner.js:149867:11)\n    at Object.throwErrByPath (http://localhost:35479/__cypress/runner/cypress_runner.js:149915:3)\n    at retry (http://localhost:35479/__cypress/runner/cypress_runner.js:144197:19)\n    at onFailFn (http://localhost:35479/__cypress/runner/cypress_runner.js:132448:16)\n    at tryCatcher (http://localhost:35479/__cypress/runner/cypress_runner.js:167415:23)\n    at Promise._settlePromiseFromHandler (http://localhost:35479/__cypress/runner/cypress_runner.js:165351:31)\n    at Promise._settlePromise (http://localhost:35479/__cypress/runner/cypress_runner.js:165408:18)\n    at Promise._settlePromise0 (http://localhost:35479/__cypress/runner/cypress_runner.js:165453:10)\n    at Promise._settlePromises (http://localhost:35479/__cypress/runner/cypress_runner.js:165528:18)\n    at Async../node_modules/bluebird/js/release/async.js.Async._drainQueue (http://localhost:35479/__cypress/runner/cypress_runner.js:162140:16)\n    at Async../node_modules/bluebird/js/release/async.js.Async._drainQueues (http://localhost:35479/__cypress/runner/cypress_runner.js:162150:10)\n    at Async.drainQueues (http://localhost:35479/__cypress/runner/cypress_runner.js:162024:14)",
                "diff": null
              },
              "uuid": "524fb4d6-6190-4643-bcd1-d844f9777d1e",
              "parentUUID": "07d48a6d-33da-4835-a85f-06c7b4911a0f",
              "isHook": false,
              "skipped": false
            },
            {
              "title": "Verifica se a altura do board é 50 quando um valor maior é colocado no input",
              "fullTitle": "11 - Limite o tamanho mínimo e máximo do board. Verifica se a altura do board é 50 quando um valor maior é colocado no input",
              "timedOut": null,
              "duration": 4962,
              "state": "failed",
              "speed": null,
              "pass": false,
              "fail": true,
              "pending": false,
              "context": null,
              "code": "cy.get('#board-size').clear().type(51);\ncy.get('#generate-board').click();\ncy.get('.pixel').should('have.length', 2500);",
              "err": {
                "message": "CypressError: Timed out retrying: Expected to find element: '#board-size', but never found it.",
                "estack": "CypressError: Timed out retrying: Expected to find element: '#board-size', but never found it.\n    at cypressErr (http://localhost:35479/__cypress/runner/cypress_runner.js:149934:9)\n    at throwErr (http://localhost:35479/__cypress/runner/cypress_runner.js:149867:11)\n    at Object.throwErrByPath (http://localhost:35479/__cypress/runner/cypress_runner.js:149915:3)\n    at retry (http://localhost:35479/__cypress/runner/cypress_runner.js:144197:19)\n    at onFailFn (http://localhost:35479/__cypress/runner/cypress_runner.js:132448:16)\n    at tryCatcher (http://localhost:35479/__cypress/runner/cypress_runner.js:167415:23)\n    at Promise._settlePromiseFromHandler (http://localhost:35479/__cypress/runner/cypress_runner.js:165351:31)\n    at Promise._settlePromise (http://localhost:35479/__cypress/runner/cypress_runner.js:165408:18)\n    at Promise._settlePromise0 (http://localhost:35479/__cypress/runner/cypress_runner.js:165453:10)\n    at Promise._settlePromises (http://localhost:35479/__cypress/runner/cypress_runner.js:165528:18)\n    at Async../node_modules/bluebird/js/release/async.js.Async._drainQueue (http://localhost:35479/__cypress/runner/cypress_runner.js:162140:16)\n    at Async../node_modules/bluebird/js/release/async.js.Async._drainQueues (http://localhost:35479/__cypress/runner/cypress_runner.js:162150:10)\n    at Async.drainQueues (http://localhost:35479/__cypress/runner/cypress_runner.js:162024:14)",
                "diff": null
              },
              "uuid": "16c00a67-57e9-4772-8624-a93ba59c6ac3",
              "parentUUID": "07d48a6d-33da-4835-a85f-06c7b4911a0f",
              "isHook": false,
              "skipped": false
            }
          ],
          "suites": [],
          "passes": [],
          "failures": [
            "4f9dd726-0764-4b07-9ca1-ee7cc2fc1869",
            "524fb4d6-6190-4643-bcd1-d844f9777d1e",
            "16c00a67-57e9-4772-8624-a93ba59c6ac3"
          ],
          "pending": [],
          "skipped": [],
          "duration": 15001,
          "root": false,
          "rootEmpty": false,
          "_timeout": 2000
        },
        {
          "uuid": "307a541c-3a43-4e85-9a88-cbd5c773e01d",
          "title": "12 - Faça com que as cores da paleta sejam geradas aleatoriamente ao carregar a página.",
          "fullFile": "",
          "file": "",
          "beforeHooks": [],
          "afterHooks": [],
          "tests": [
            {
              "title": "Verifica se as cores geradas na paleta são diferentes a cada carregamento da página",
              "fullTitle": "12 - Faça com que as cores da paleta sejam geradas aleatoriamente ao carregar a página. Verifica se as cores geradas na paleta são diferentes a cada carregamento da página",
              "timedOut": null,
              "duration": 1230,
              "state": "failed",
              "speed": null,
              "pass": false,
              "fail": true,
              "pending": false,
              "context": null,
              "code": "cy.get('.color').then(function (colors) {\n  var currentColors;\n  var previousColors;\n  previousColors = Array.from(colors).map(function (color) {\n    return Cypress.$(color).css('background-color');\n  });\n  for (var i = 0; i < 5; i += 1) {\n    cy.reload();\n    cy.get('.color').then(function (colors) {\n      currentColors = Array.from(colors).map(function (color) {\n        return Cypress.$(color).css('background-color');\n      });\n      expect(currentColors).not.to.deep.equal(previousColors);\n      previousColors = currentColors;\n    });\n  }\n});",
              "err": {
                "message": "AssertionError: expected [ Array(4) ] to not deeply equal [ Array(4) ]",
                "estack": "AssertionError: expected [ Array(4) ] to not deeply equal [ Array(4) ]\n    at getRet (http://localhost:35479/__cypress/runner/cypress_runner.js:136585:16)\n    at tryCatcher (http://localhost:35479/__cypress/runner/cypress_runner.js:167415:23)\n    at Function.Promise.attempt.Promise.try (http://localhost:35479/__cypress/runner/cypress_runner.js:164690:29)\n    at Context.thenFn (http://localhost:35479/__cypress/runner/cypress_runner.js:136599:23)\n    at Context.then (http://localhost:35479/__cypress/runner/cypress_runner.js:136971:21)\n    at Context.<anonymous> (http://localhost:35479/__cypress/runner/cypress_runner.js:148875:21)\n    at http://localhost:35479/__cypress/runner/cypress_runner.js:148351:33\n    at tryCatcher (http://localhost:35479/__cypress/runner/cypress_runner.js:167415:23)\n    at Promise._settlePromiseFromHandler (http://localhost:35479/__cypress/runner/cypress_runner.js:165351:31)\n    at Promise._settlePromise (http://localhost:35479/__cypress/runner/cypress_runner.js:165408:18)\n    at Promise._settlePromiseCtx (http://localhost:35479/__cypress/runner/cypress_runner.js:165445:10)\n    at Async../node_modules/bluebird/js/release/async.js.Async._drainQueue (http://localhost:35479/__cypress/runner/cypress_runner.js:162145:12)\n    at Async../node_modules/bluebird/js/release/async.js.Async._drainQueues (http://localhost:35479/__cypress/runner/cypress_runner.js:162150:10)\n    at Async.drainQueues (http://localhost:35479/__cypress/runner/cypress_runner.js:162024:14)",
                "diff": ""
              },
              "uuid": "7c283e91-7509-41e4-baec-39e0f908afb6",
              "parentUUID": "307a541c-3a43-4e85-9a88-cbd5c773e01d",
              "isHook": false,
              "skipped": false
            },
            {
              "title": "Verifica se a cor preta ainda está presente e é a primeira na sua paleta de cores",
              "fullTitle": "12 - Faça com que as cores da paleta sejam geradas aleatoriamente ao carregar a página. Verifica se a cor preta ainda está presente e é a primeira na sua paleta de cores",
              "timedOut": null,
              "duration": 986,
              "state": "failed",
              "speed": null,
              "pass": false,
              "fail": true,
              "pending": false,
              "context": null,
              "code": "cy.get('.color').then(function (colors) {\n  var currentColors;\n  var previousColors;\n  previousColors = Array.from(colors).map(function (color) {\n    return Cypress.$(color).css('background-color');\n  });\n  expect(previousColors[0]).to.eq(BLACK);\n  for (var i = 0; i < 5; i += 1) {\n    cy.reload();\n    cy.get('.color').then(function (colors) {\n      currentColors = Array.from(colors).map(function (color) {\n        return Cypress.$(color).css('background-color');\n      });\n      expect(currentColors[0]).to.eq(BLACK);\n      expect(currentColors).not.to.deep.equal(previousColors);\n      previousColors = currentColors;\n    });\n  }\n});",
              "err": {
                "message": "AssertionError: expected [ Array(4) ] to not deeply equal [ Array(4) ]",
                "estack": "AssertionError: expected [ Array(4) ] to not deeply equal [ Array(4) ]\n    at getRet (http://localhost:35479/__cypress/runner/cypress_runner.js:136585:16)\n    at tryCatcher (http://localhost:35479/__cypress/runner/cypress_runner.js:167415:23)\n    at Function.Promise.attempt.Promise.try (http://localhost:35479/__cypress/runner/cypress_runner.js:164690:29)\n    at Context.thenFn (http://localhost:35479/__cypress/runner/cypress_runner.js:136599:23)\n    at Context.then (http://localhost:35479/__cypress/runner/cypress_runner.js:136971:21)\n    at Context.<anonymous> (http://localhost:35479/__cypress/runner/cypress_runner.js:148875:21)\n    at http://localhost:35479/__cypress/runner/cypress_runner.js:148351:33\n    at tryCatcher (http://localhost:35479/__cypress/runner/cypress_runner.js:167415:23)\n    at Promise._settlePromiseFromHandler (http://localhost:35479/__cypress/runner/cypress_runner.js:165351:31)\n    at Promise._settlePromise (http://localhost:35479/__cypress/runner/cypress_runner.js:165408:18)\n    at Promise._settlePromiseCtx (http://localhost:35479/__cypress/runner/cypress_runner.js:165445:10)\n    at Async../node_modules/bluebird/js/release/async.js.Async._drainQueue (http://localhost:35479/__cypress/runner/cypress_runner.js:162145:12)\n    at Async../node_modules/bluebird/js/release/async.js.Async._drainQueues (http://localhost:35479/__cypress/runner/cypress_runner.js:162150:10)\n    at Async.drainQueues (http://localhost:35479/__cypress/runner/cypress_runner.js:162024:14)",
                "diff": ""
              },
              "uuid": "d2f9227f-9054-47d9-a9d6-4ee29ec3a5df",
              "parentUUID": "307a541c-3a43-4e85-9a88-cbd5c773e01d",
              "isHook": false,
              "skipped": false
            }
          ],
          "suites": [],
          "passes": [],
          "failures": [
            "7c283e91-7509-41e4-baec-39e0f908afb6",
            "d2f9227f-9054-47d9-a9d6-4ee29ec3a5df"
          ],
          "pending": [],
          "skipped": [],
          "duration": 2216,
          "root": false,
          "rootEmpty": false,
          "_timeout": 2000
        }
      ],
      "passes": [],
      "failures": [],
      "pending": [],
      "skipped": [],
      "duration": 0,
      "root": true,
      "rootEmpty": true,
      "_timeout": 2000
    }
  ],
  "meta": {
    "mocha": {
      "version": "7.0.1"
    },
    "mochawesome": {
      "options": {
        "quiet": false,
        "reportFilename": "mochawesome",
        "saveHtml": false,
        "saveJson": true,
        "consoleReporter": "spec",
        "useInlineDiffs": false
      },
      "version": "4.1.0"
    },
    "marge": {
      "options": {
        "id": "default",
        "reportDir": "cypress/reports",
        "overwrite": true,
        "html": false,
        "json": true
      },
      "version": "4.1.0"
    }
  }
}