{
  "stats": {
    "suites": 12,
    "tests": 41,
    "passes": 0,
    "pending": 0,
    "failures": 41,
    "start": "2021-09-10T17:54:11.252Z",
    "end": "2021-09-10T17:57:26.236Z",
    "duration": 194984,
    "testsRegistered": 41,
    "passPercent": 0,
    "pendingPercent": 0,
    "other": 0,
    "hasOther": false,
    "skipped": 0,
    "hasSkipped": false
  },
  "results": [
    {
      "uuid": "2ee29e08-52f9-42fb-baaa-8ad0b1e8d9fd",
      "title": "",
      "fullFile": "cypress/integration/project.spec.js",
      "file": "cypress/integration/project.spec.js",
      "beforeHooks": [],
      "afterHooks": [],
      "tests": [],
      "suites": [
        {
          "uuid": "b046bf98-4f19-423e-b25d-f199e2f344f2",
          "title": "1 - Adicione à página o título \"Paleta de Cores\".",
          "fullFile": "",
          "file": "",
          "beforeHooks": [],
          "afterHooks": [],
          "tests": [
            {
              "title": "Verifica se contém um elemento `h1` com o id `title` com o título correto",
              "fullTitle": "1 - Adicione à página o título \"Paleta de Cores\". Verifica se contém um elemento `h1` com o id `title` com o título correto",
              "timedOut": null,
              "duration": 4885,
              "state": "failed",
              "speed": null,
              "pass": false,
              "fail": true,
              "pending": false,
              "context": null,
              "code": "cy.get('h1#title').should('contain.text', 'Paleta de Cores');",
              "err": {
                "message": "CypressError: Timed out retrying: Expected to find element: 'h1#title', but never found it.",
                "estack": "CypressError: Timed out retrying: Expected to find element: 'h1#title', but never found it.\n    at cypressErr (http://localhost:36403/__cypress/runner/cypress_runner.js:149934:9)\n    at throwErr (http://localhost:36403/__cypress/runner/cypress_runner.js:149867:11)\n    at Object.throwErrByPath (http://localhost:36403/__cypress/runner/cypress_runner.js:149915:3)\n    at retry (http://localhost:36403/__cypress/runner/cypress_runner.js:144197:19)\n    at onFailFn (http://localhost:36403/__cypress/runner/cypress_runner.js:132448:16)\n    at tryCatcher (http://localhost:36403/__cypress/runner/cypress_runner.js:167415:23)\n    at Promise._settlePromiseFromHandler (http://localhost:36403/__cypress/runner/cypress_runner.js:165351:31)\n    at Promise._settlePromise (http://localhost:36403/__cypress/runner/cypress_runner.js:165408:18)\n    at Promise._settlePromise0 (http://localhost:36403/__cypress/runner/cypress_runner.js:165453:10)\n    at Promise._settlePromises (http://localhost:36403/__cypress/runner/cypress_runner.js:165528:18)\n    at Async../node_modules/bluebird/js/release/async.js.Async._drainQueue (http://localhost:36403/__cypress/runner/cypress_runner.js:162140:16)\n    at Async../node_modules/bluebird/js/release/async.js.Async._drainQueues (http://localhost:36403/__cypress/runner/cypress_runner.js:162150:10)\n    at Async.drainQueues (http://localhost:36403/__cypress/runner/cypress_runner.js:162024:14)",
                "diff": null
              },
              "uuid": "511e18a5-e315-4ce0-85c3-9f8ee4b9b343",
              "parentUUID": "b046bf98-4f19-423e-b25d-f199e2f344f2",
              "isHook": false,
              "skipped": false
            }
          ],
          "suites": [],
          "passes": [],
          "failures": [
            "511e18a5-e315-4ce0-85c3-9f8ee4b9b343"
          ],
          "pending": [],
          "skipped": [],
          "duration": 4885,
          "root": false,
          "rootEmpty": false,
          "_timeout": 2000
        },
        {
          "uuid": "5ee5a97d-09cc-42cb-a27f-a2e00b092921",
          "title": "2 - Adicione à página uma paleta de quatro cores distintas.",
          "fullFile": "",
          "file": "",
          "beforeHooks": [],
          "afterHooks": [],
          "tests": [
            {
              "title": "A paleta de cores deve ser um elemento com `id` denominado `color-palette`",
              "fullTitle": "2 - Adicione à página uma paleta de quatro cores distintas. A paleta de cores deve ser um elemento com `id` denominado `color-palette`",
              "timedOut": null,
              "duration": 4632,
              "state": "failed",
              "speed": null,
              "pass": false,
              "fail": true,
              "pending": false,
              "context": null,
              "code": "cy.get('#color-palette').should('be.visible');\ncy.get('#color-palette').children('.color');",
              "err": {
                "message": "CypressError: Timed out retrying: Expected to find element: '#color-palette', but never found it.",
                "estack": "CypressError: Timed out retrying: Expected to find element: '#color-palette', but never found it.\n    at cypressErr (http://localhost:36403/__cypress/runner/cypress_runner.js:149934:9)\n    at throwErr (http://localhost:36403/__cypress/runner/cypress_runner.js:149867:11)\n    at Object.throwErrByPath (http://localhost:36403/__cypress/runner/cypress_runner.js:149915:3)\n    at retry (http://localhost:36403/__cypress/runner/cypress_runner.js:144197:19)\n    at onFailFn (http://localhost:36403/__cypress/runner/cypress_runner.js:132448:16)\n    at tryCatcher (http://localhost:36403/__cypress/runner/cypress_runner.js:167415:23)\n    at Promise._settlePromiseFromHandler (http://localhost:36403/__cypress/runner/cypress_runner.js:165351:31)\n    at Promise._settlePromise (http://localhost:36403/__cypress/runner/cypress_runner.js:165408:18)\n    at Promise._settlePromise0 (http://localhost:36403/__cypress/runner/cypress_runner.js:165453:10)\n    at Promise._settlePromises (http://localhost:36403/__cypress/runner/cypress_runner.js:165528:18)\n    at Async../node_modules/bluebird/js/release/async.js.Async._drainQueue (http://localhost:36403/__cypress/runner/cypress_runner.js:162140:16)\n    at Async../node_modules/bluebird/js/release/async.js.Async._drainQueues (http://localhost:36403/__cypress/runner/cypress_runner.js:162150:10)\n    at Async.drainQueues (http://localhost:36403/__cypress/runner/cypress_runner.js:162024:14)",
                "diff": null
              },
              "uuid": "7b03ef75-8bfb-4bbe-a600-8061e97d83d0",
              "parentUUID": "5ee5a97d-09cc-42cb-a27f-a2e00b092921",
              "isHook": false,
              "skipped": false
            },
            {
              "title": "Verifica se cada cor individual da paleta de cores possui a `classe` chamada `color`.",
              "fullTitle": "2 - Adicione à página uma paleta de quatro cores distintas. Verifica se cada cor individual da paleta de cores possui a `classe` chamada `color`.",
              "timedOut": null,
              "duration": 4585,
              "state": "failed",
              "speed": null,
              "pass": false,
              "fail": true,
              "pending": false,
              "context": null,
              "code": "cy.get('.color').should('have.length', 4).then(function (colors) {\n  for (var i = 0; i < colors.length; i++) {\n    cy.wrap(colors[i]).should('be.visible');\n  }\n});",
              "err": {
                "message": "CypressError: Timed out retrying: Expected to find element: '.color', but never found it.",
                "estack": "CypressError: Timed out retrying: Expected to find element: '.color', but never found it.\n    at cypressErr (http://localhost:36403/__cypress/runner/cypress_runner.js:149934:9)\n    at throwErr (http://localhost:36403/__cypress/runner/cypress_runner.js:149867:11)\n    at Object.throwErrByPath (http://localhost:36403/__cypress/runner/cypress_runner.js:149915:3)\n    at retry (http://localhost:36403/__cypress/runner/cypress_runner.js:144197:19)\n    at onFailFn (http://localhost:36403/__cypress/runner/cypress_runner.js:132448:16)\n    at tryCatcher (http://localhost:36403/__cypress/runner/cypress_runner.js:167415:23)\n    at Promise._settlePromiseFromHandler (http://localhost:36403/__cypress/runner/cypress_runner.js:165351:31)\n    at Promise._settlePromise (http://localhost:36403/__cypress/runner/cypress_runner.js:165408:18)\n    at Promise._settlePromise0 (http://localhost:36403/__cypress/runner/cypress_runner.js:165453:10)\n    at Promise._settlePromises (http://localhost:36403/__cypress/runner/cypress_runner.js:165528:18)\n    at Async../node_modules/bluebird/js/release/async.js.Async._drainQueue (http://localhost:36403/__cypress/runner/cypress_runner.js:162140:16)\n    at Async../node_modules/bluebird/js/release/async.js.Async._drainQueues (http://localhost:36403/__cypress/runner/cypress_runner.js:162150:10)\n    at Async.drainQueues (http://localhost:36403/__cypress/runner/cypress_runner.js:162024:14)",
                "diff": null
              },
              "uuid": "be9ac6c0-ae7f-4583-95d9-8973850a5bdb",
              "parentUUID": "5ee5a97d-09cc-42cb-a27f-a2e00b092921",
              "isHook": false,
              "skipped": false
            },
            {
              "title": "Verifica se a cor de fundo de cada elemento da paleta é a cor que o elemento representa. **A única cor não permitida na paleta é a cor branca.**",
              "fullTitle": "2 - Adicione à página uma paleta de quatro cores distintas. Verifica se a cor de fundo de cada elemento da paleta é a cor que o elemento representa. **A única cor não permitida na paleta é a cor branca.**",
              "timedOut": null,
              "duration": 4552,
              "state": "failed",
              "speed": null,
              "pass": false,
              "fail": true,
              "pending": false,
              "context": null,
              "code": "cy.get('.color').each(function (color) {\n  cy.wrap(color).should('have.class', 'color').and('not.have.css', 'background-color', WHITE);\n  cy.wrap(color).should('have.css', 'background-color');\n});",
              "err": {
                "message": "CypressError: Timed out retrying: Expected to find element: '.color', but never found it.",
                "estack": "CypressError: Timed out retrying: Expected to find element: '.color', but never found it.\n    at cypressErr (http://localhost:36403/__cypress/runner/cypress_runner.js:149934:9)\n    at throwErr (http://localhost:36403/__cypress/runner/cypress_runner.js:149867:11)\n    at Object.throwErrByPath (http://localhost:36403/__cypress/runner/cypress_runner.js:149915:3)\n    at retry (http://localhost:36403/__cypress/runner/cypress_runner.js:144197:19)\n    at onFailFn (http://localhost:36403/__cypress/runner/cypress_runner.js:132448:16)\n    at tryCatcher (http://localhost:36403/__cypress/runner/cypress_runner.js:167415:23)\n    at Promise._settlePromiseFromHandler (http://localhost:36403/__cypress/runner/cypress_runner.js:165351:31)\n    at Promise._settlePromise (http://localhost:36403/__cypress/runner/cypress_runner.js:165408:18)\n    at Promise._settlePromise0 (http://localhost:36403/__cypress/runner/cypress_runner.js:165453:10)\n    at Promise._settlePromises (http://localhost:36403/__cypress/runner/cypress_runner.js:165528:18)\n    at Async../node_modules/bluebird/js/release/async.js.Async._drainQueue (http://localhost:36403/__cypress/runner/cypress_runner.js:162140:16)\n    at Async../node_modules/bluebird/js/release/async.js.Async._drainQueues (http://localhost:36403/__cypress/runner/cypress_runner.js:162150:10)\n    at Async.drainQueues (http://localhost:36403/__cypress/runner/cypress_runner.js:162024:14)",
                "diff": null
              },
              "uuid": "277ee02e-17e5-4938-a4a9-18b66ee662c1",
              "parentUUID": "5ee5a97d-09cc-42cb-a27f-a2e00b092921",
              "isHook": false,
              "skipped": false
            },
            {
              "title": "Verifica se cada elemento da paleta de cores tem uma borda preta, sólida e com 1 pixel de largura;",
              "fullTitle": "2 - Adicione à página uma paleta de quatro cores distintas. Verifica se cada elemento da paleta de cores tem uma borda preta, sólida e com 1 pixel de largura;",
              "timedOut": null,
              "duration": 4534,
              "state": "failed",
              "speed": null,
              "pass": false,
              "fail": true,
              "pending": false,
              "context": null,
              "code": "cy.get('.color').each(function (color) {\n  cy.wrap(color).and('have.css', 'border', \"1px solid \".concat(BLACK)).and('have.class', 'color');\n});",
              "err": {
                "message": "CypressError: Timed out retrying: Expected to find element: '.color', but never found it.",
                "estack": "CypressError: Timed out retrying: Expected to find element: '.color', but never found it.\n    at cypressErr (http://localhost:36403/__cypress/runner/cypress_runner.js:149934:9)\n    at throwErr (http://localhost:36403/__cypress/runner/cypress_runner.js:149867:11)\n    at Object.throwErrByPath (http://localhost:36403/__cypress/runner/cypress_runner.js:149915:3)\n    at retry (http://localhost:36403/__cypress/runner/cypress_runner.js:144197:19)\n    at onFailFn (http://localhost:36403/__cypress/runner/cypress_runner.js:132448:16)\n    at tryCatcher (http://localhost:36403/__cypress/runner/cypress_runner.js:167415:23)\n    at Promise._settlePromiseFromHandler (http://localhost:36403/__cypress/runner/cypress_runner.js:165351:31)\n    at Promise._settlePromise (http://localhost:36403/__cypress/runner/cypress_runner.js:165408:18)\n    at Promise._settlePromise0 (http://localhost:36403/__cypress/runner/cypress_runner.js:165453:10)\n    at Promise._settlePromises (http://localhost:36403/__cypress/runner/cypress_runner.js:165528:18)\n    at Async../node_modules/bluebird/js/release/async.js.Async._drainQueue (http://localhost:36403/__cypress/runner/cypress_runner.js:162140:16)\n    at Async../node_modules/bluebird/js/release/async.js.Async._drainQueues (http://localhost:36403/__cypress/runner/cypress_runner.js:162150:10)\n    at Async.drainQueues (http://localhost:36403/__cypress/runner/cypress_runner.js:162024:14)",
                "diff": null
              },
              "uuid": "d09b192a-4c52-4cad-8036-384e28fe2f5d",
              "parentUUID": "5ee5a97d-09cc-42cb-a27f-a2e00b092921",
              "isHook": false,
              "skipped": false
            },
            {
              "title": "Verifica se a paleta lista todas as cores disponíveis para utilização, lado a lado.",
              "fullTitle": "2 - Adicione à página uma paleta de quatro cores distintas. Verifica se a paleta lista todas as cores disponíveis para utilização, lado a lado.",
              "timedOut": null,
              "duration": 4543,
              "state": "failed",
              "speed": null,
              "pass": false,
              "fail": true,
              "pending": false,
              "context": null,
              "code": "cy.get('.color').then(function (colors) {\n  for (var index = 1; index < colors.length; index += 1) {\n    var currentColor = colors[index];\n    var previousColor = colors[index - 1];\n    cy.wrap(currentColor).should('be.onTheRightOf', previousColor).and('be.horizontallyAlignedWith', previousColor);\n  }\n});",
              "err": {
                "message": "CypressError: Timed out retrying: Expected to find element: '.color', but never found it.",
                "estack": "CypressError: Timed out retrying: Expected to find element: '.color', but never found it.\n    at cypressErr (http://localhost:36403/__cypress/runner/cypress_runner.js:149934:9)\n    at throwErr (http://localhost:36403/__cypress/runner/cypress_runner.js:149867:11)\n    at Object.throwErrByPath (http://localhost:36403/__cypress/runner/cypress_runner.js:149915:3)\n    at retry (http://localhost:36403/__cypress/runner/cypress_runner.js:144197:19)\n    at onFailFn (http://localhost:36403/__cypress/runner/cypress_runner.js:132448:16)\n    at tryCatcher (http://localhost:36403/__cypress/runner/cypress_runner.js:167415:23)\n    at Promise._settlePromiseFromHandler (http://localhost:36403/__cypress/runner/cypress_runner.js:165351:31)\n    at Promise._settlePromise (http://localhost:36403/__cypress/runner/cypress_runner.js:165408:18)\n    at Promise._settlePromise0 (http://localhost:36403/__cypress/runner/cypress_runner.js:165453:10)\n    at Promise._settlePromises (http://localhost:36403/__cypress/runner/cypress_runner.js:165528:18)\n    at Async../node_modules/bluebird/js/release/async.js.Async._drainQueue (http://localhost:36403/__cypress/runner/cypress_runner.js:162140:16)\n    at Async../node_modules/bluebird/js/release/async.js.Async._drainQueues (http://localhost:36403/__cypress/runner/cypress_runner.js:162150:10)\n    at Async.drainQueues (http://localhost:36403/__cypress/runner/cypress_runner.js:162024:14)",
                "diff": null
              },
              "uuid": "c17af887-0d34-422b-8c51-613ad39ddad7",
              "parentUUID": "5ee5a97d-09cc-42cb-a27f-a2e00b092921",
              "isHook": false,
              "skipped": false
            },
            {
              "title": "Verifica se a paleta de cores está posicionada abaixo do título 'Paleta de Cores'",
              "fullTitle": "2 - Adicione à página uma paleta de quatro cores distintas. Verifica se a paleta de cores está posicionada abaixo do título 'Paleta de Cores'",
              "timedOut": null,
              "duration": 4538,
              "state": "failed",
              "speed": null,
              "pass": false,
              "fail": true,
              "pending": false,
              "context": null,
              "code": "cy.get('h1#title').then(function (title) {\n  cy.get('#color-palette').should('be.belowOf', title);\n});",
              "err": {
                "message": "CypressError: Timed out retrying: Expected to find element: 'h1#title', but never found it.",
                "estack": "CypressError: Timed out retrying: Expected to find element: 'h1#title', but never found it.\n    at cypressErr (http://localhost:36403/__cypress/runner/cypress_runner.js:149934:9)\n    at throwErr (http://localhost:36403/__cypress/runner/cypress_runner.js:149867:11)\n    at Object.throwErrByPath (http://localhost:36403/__cypress/runner/cypress_runner.js:149915:3)\n    at retry (http://localhost:36403/__cypress/runner/cypress_runner.js:144197:19)\n    at onFailFn (http://localhost:36403/__cypress/runner/cypress_runner.js:132448:16)\n    at tryCatcher (http://localhost:36403/__cypress/runner/cypress_runner.js:167415:23)\n    at Promise._settlePromiseFromHandler (http://localhost:36403/__cypress/runner/cypress_runner.js:165351:31)\n    at Promise._settlePromise (http://localhost:36403/__cypress/runner/cypress_runner.js:165408:18)\n    at Promise._settlePromise0 (http://localhost:36403/__cypress/runner/cypress_runner.js:165453:10)\n    at Promise._settlePromises (http://localhost:36403/__cypress/runner/cypress_runner.js:165528:18)\n    at Async../node_modules/bluebird/js/release/async.js.Async._drainQueue (http://localhost:36403/__cypress/runner/cypress_runner.js:162140:16)\n    at Async../node_modules/bluebird/js/release/async.js.Async._drainQueues (http://localhost:36403/__cypress/runner/cypress_runner.js:162150:10)\n    at Async.drainQueues (http://localhost:36403/__cypress/runner/cypress_runner.js:162024:14)",
                "diff": null
              },
              "uuid": "90c766de-a6bc-4ced-af62-feb1788c9f42",
              "parentUUID": "5ee5a97d-09cc-42cb-a27f-a2e00b092921",
              "isHook": false,
              "skipped": false
            },
            {
              "title": "Verifica se a paleta de cores não contém cores repetidas.",
              "fullTitle": "2 - Adicione à página uma paleta de quatro cores distintas. Verifica se a paleta de cores não contém cores repetidas.",
              "timedOut": null,
              "duration": 4596,
              "state": "failed",
              "speed": null,
              "pass": false,
              "fail": true,
              "pending": false,
              "context": null,
              "code": "cy.get('.color').then(function (colors) {\n  var allColors = Array.from(colors).map(function (color) {\n    return Cypress.$(color).css('background-color');\n  });\n  cy.log(allColors);\n  var uniqColors = (0, _toConsumableArray2[\"default\"])(new Set(allColors));\n  cy.log(uniqColors);\n  expect(allColors.length).to.eq(uniqColors.length);\n});",
              "err": {
                "message": "CypressError: Timed out retrying: Expected to find element: '.color', but never found it.",
                "estack": "CypressError: Timed out retrying: Expected to find element: '.color', but never found it.\n    at cypressErr (http://localhost:36403/__cypress/runner/cypress_runner.js:149934:9)\n    at throwErr (http://localhost:36403/__cypress/runner/cypress_runner.js:149867:11)\n    at Object.throwErrByPath (http://localhost:36403/__cypress/runner/cypress_runner.js:149915:3)\n    at retry (http://localhost:36403/__cypress/runner/cypress_runner.js:144197:19)\n    at onFailFn (http://localhost:36403/__cypress/runner/cypress_runner.js:132448:16)\n    at tryCatcher (http://localhost:36403/__cypress/runner/cypress_runner.js:167415:23)\n    at Promise._settlePromiseFromHandler (http://localhost:36403/__cypress/runner/cypress_runner.js:165351:31)\n    at Promise._settlePromise (http://localhost:36403/__cypress/runner/cypress_runner.js:165408:18)\n    at Promise._settlePromise0 (http://localhost:36403/__cypress/runner/cypress_runner.js:165453:10)\n    at Promise._settlePromises (http://localhost:36403/__cypress/runner/cypress_runner.js:165528:18)\n    at Async../node_modules/bluebird/js/release/async.js.Async._drainQueue (http://localhost:36403/__cypress/runner/cypress_runner.js:162140:16)\n    at Async../node_modules/bluebird/js/release/async.js.Async._drainQueues (http://localhost:36403/__cypress/runner/cypress_runner.js:162150:10)\n    at Async.drainQueues (http://localhost:36403/__cypress/runner/cypress_runner.js:162024:14)",
                "diff": null
              },
              "uuid": "c1b0dee9-2711-4946-94c0-1e187a383e7d",
              "parentUUID": "5ee5a97d-09cc-42cb-a27f-a2e00b092921",
              "isHook": false,
              "skipped": false
            }
          ],
          "suites": [],
          "passes": [],
          "failures": [
            "7b03ef75-8bfb-4bbe-a600-8061e97d83d0",
            "be9ac6c0-ae7f-4583-95d9-8973850a5bdb",
            "277ee02e-17e5-4938-a4a9-18b66ee662c1",
            "d09b192a-4c52-4cad-8036-384e28fe2f5d",
            "c17af887-0d34-422b-8c51-613ad39ddad7",
            "90c766de-a6bc-4ced-af62-feb1788c9f42",
            "c1b0dee9-2711-4946-94c0-1e187a383e7d"
          ],
          "pending": [],
          "skipped": [],
          "duration": 31980,
          "root": false,
          "rootEmpty": false,
          "_timeout": 2000
        },
        {
          "uuid": "f3056d63-6dbb-4de6-a0e1-c8a5d83ecddf",
          "title": "3 - Adicione a cor **preta** como a primeira cor da paleta de cores.",
          "fullFile": "",
          "file": "",
          "beforeHooks": [],
          "afterHooks": [],
          "tests": [
            {
              "title": "Verifica se a primeira cor da paleta é preta",
              "fullTitle": "3 - Adicione a cor **preta** como a primeira cor da paleta de cores. Verifica se a primeira cor da paleta é preta",
              "timedOut": null,
              "duration": 4517,
              "state": "failed",
              "speed": null,
              "pass": false,
              "fail": true,
              "pending": false,
              "context": null,
              "code": "cy.get('.color').first().should('have.css', 'background-color', BLACK);",
              "err": {
                "message": "CypressError: Timed out retrying: Expected to find element: '.color', but never found it.",
                "estack": "CypressError: Timed out retrying: Expected to find element: '.color', but never found it.\n    at cypressErr (http://localhost:36403/__cypress/runner/cypress_runner.js:149934:9)\n    at throwErr (http://localhost:36403/__cypress/runner/cypress_runner.js:149867:11)\n    at Object.throwErrByPath (http://localhost:36403/__cypress/runner/cypress_runner.js:149915:3)\n    at retry (http://localhost:36403/__cypress/runner/cypress_runner.js:144197:19)\n    at onFailFn (http://localhost:36403/__cypress/runner/cypress_runner.js:132448:16)\n    at tryCatcher (http://localhost:36403/__cypress/runner/cypress_runner.js:167415:23)\n    at Promise._settlePromiseFromHandler (http://localhost:36403/__cypress/runner/cypress_runner.js:165351:31)\n    at Promise._settlePromise (http://localhost:36403/__cypress/runner/cypress_runner.js:165408:18)\n    at Promise._settlePromise0 (http://localhost:36403/__cypress/runner/cypress_runner.js:165453:10)\n    at Promise._settlePromises (http://localhost:36403/__cypress/runner/cypress_runner.js:165528:18)\n    at Async../node_modules/bluebird/js/release/async.js.Async._drainQueue (http://localhost:36403/__cypress/runner/cypress_runner.js:162140:16)\n    at Async../node_modules/bluebird/js/release/async.js.Async._drainQueues (http://localhost:36403/__cypress/runner/cypress_runner.js:162150:10)\n    at Async.drainQueues (http://localhost:36403/__cypress/runner/cypress_runner.js:162024:14)",
                "diff": null
              },
              "uuid": "c82ee0e5-fd31-47f4-865c-b06473696fbc",
              "parentUUID": "f3056d63-6dbb-4de6-a0e1-c8a5d83ecddf",
              "isHook": false,
              "skipped": false
            },
            {
              "title": "Verifica se as demais cores podem ser escolhidas livremente.",
              "fullTitle": "3 - Adicione a cor **preta** como a primeira cor da paleta de cores. Verifica se as demais cores podem ser escolhidas livremente.",
              "timedOut": null,
              "duration": 4522,
              "state": "failed",
              "speed": null,
              "pass": false,
              "fail": true,
              "pending": false,
              "context": null,
              "code": "cy.get('.color').eq(1).should('not.have.css', 'background-color', BLACK);\ncy.get('.color').eq(1).should('not.have.css', 'background-color', WHITE);\ncy.get('.color').eq(1).should('not.have.css', 'background-color', 'rgba(0, 0, 0, 0)');\ncy.get('.color').eq(1).should('have.css', 'background-color');\ncy.get('.color').eq(2).should('not.have.css', 'background-color', BLACK);\ncy.get('.color').eq(2).should('not.have.css', 'background-color', WHITE);\ncy.get('.color').eq(2).should('not.have.css', 'background-color', 'rgba(0, 0, 0, 0)');\ncy.get('.color').eq(2).should('have.css', 'background-color');\ncy.get('.color').eq(3).should('not.have.css', 'background-color', BLACK);\ncy.get('.color').eq(3).should('not.have.css', 'background-color', WHITE);\ncy.get('.color').eq(3).should('not.have.css', 'background-color', 'rgba(0, 0, 0, 0)');\ncy.get('.color').eq(3).should('have.css', 'background-color');",
              "err": {
                "message": "CypressError: Timed out retrying: Expected to find element: '.color', but never found it.",
                "estack": "CypressError: Timed out retrying: Expected to find element: '.color', but never found it.\n    at cypressErr (http://localhost:36403/__cypress/runner/cypress_runner.js:149934:9)\n    at throwErr (http://localhost:36403/__cypress/runner/cypress_runner.js:149867:11)\n    at Object.throwErrByPath (http://localhost:36403/__cypress/runner/cypress_runner.js:149915:3)\n    at retry (http://localhost:36403/__cypress/runner/cypress_runner.js:144197:19)\n    at onFailFn (http://localhost:36403/__cypress/runner/cypress_runner.js:132448:16)\n    at tryCatcher (http://localhost:36403/__cypress/runner/cypress_runner.js:167415:23)\n    at Promise._settlePromiseFromHandler (http://localhost:36403/__cypress/runner/cypress_runner.js:165351:31)\n    at Promise._settlePromise (http://localhost:36403/__cypress/runner/cypress_runner.js:165408:18)\n    at Promise._settlePromise0 (http://localhost:36403/__cypress/runner/cypress_runner.js:165453:10)\n    at Promise._settlePromises (http://localhost:36403/__cypress/runner/cypress_runner.js:165528:18)\n    at Async../node_modules/bluebird/js/release/async.js.Async._drainQueue (http://localhost:36403/__cypress/runner/cypress_runner.js:162140:16)\n    at Async../node_modules/bluebird/js/release/async.js.Async._drainQueues (http://localhost:36403/__cypress/runner/cypress_runner.js:162150:10)\n    at Async.drainQueues (http://localhost:36403/__cypress/runner/cypress_runner.js:162024:14)",
                "diff": null
              },
              "uuid": "07ffff0f-b7d5-466a-b018-6fc2da468e33",
              "parentUUID": "f3056d63-6dbb-4de6-a0e1-c8a5d83ecddf",
              "isHook": false,
              "skipped": false
            }
          ],
          "suites": [],
          "passes": [],
          "failures": [
            "c82ee0e5-fd31-47f4-865c-b06473696fbc",
            "07ffff0f-b7d5-466a-b018-6fc2da468e33"
          ],
          "pending": [],
          "skipped": [],
          "duration": 9039,
          "root": false,
          "rootEmpty": false,
          "_timeout": 2000
        },
        {
          "uuid": "bff16a8a-f018-45f3-b5ed-e95740a6e67f",
          "title": "4 - Adicione à página um quadro de pixels, com 25 pixels.",
          "fullFile": "",
          "file": "",
          "beforeHooks": [],
          "afterHooks": [],
          "tests": [
            {
              "title": "Verifica se o quadro de pixels possui o `id` denominado `pixel-board`",
              "fullTitle": "4 - Adicione à página um quadro de pixels, com 25 pixels. Verifica se o quadro de pixels possui o `id` denominado `pixel-board`",
              "timedOut": null,
              "duration": 4551,
              "state": "failed",
              "speed": null,
              "pass": false,
              "fail": true,
              "pending": false,
              "context": null,
              "code": "cy.get('#pixel-board').should('be.visible');",
              "err": {
                "message": "CypressError: Timed out retrying: Expected to find element: '#pixel-board', but never found it.",
                "estack": "CypressError: Timed out retrying: Expected to find element: '#pixel-board', but never found it.\n    at cypressErr (http://localhost:36403/__cypress/runner/cypress_runner.js:149934:9)\n    at throwErr (http://localhost:36403/__cypress/runner/cypress_runner.js:149867:11)\n    at Object.throwErrByPath (http://localhost:36403/__cypress/runner/cypress_runner.js:149915:3)\n    at retry (http://localhost:36403/__cypress/runner/cypress_runner.js:144197:19)\n    at onFailFn (http://localhost:36403/__cypress/runner/cypress_runner.js:132448:16)\n    at tryCatcher (http://localhost:36403/__cypress/runner/cypress_runner.js:167415:23)\n    at Promise._settlePromiseFromHandler (http://localhost:36403/__cypress/runner/cypress_runner.js:165351:31)\n    at Promise._settlePromise (http://localhost:36403/__cypress/runner/cypress_runner.js:165408:18)\n    at Promise._settlePromise0 (http://localhost:36403/__cypress/runner/cypress_runner.js:165453:10)\n    at Promise._settlePromises (http://localhost:36403/__cypress/runner/cypress_runner.js:165528:18)\n    at Async../node_modules/bluebird/js/release/async.js.Async._drainQueue (http://localhost:36403/__cypress/runner/cypress_runner.js:162140:16)\n    at Async../node_modules/bluebird/js/release/async.js.Async._drainQueues (http://localhost:36403/__cypress/runner/cypress_runner.js:162150:10)\n    at Async.drainQueues (http://localhost:36403/__cypress/runner/cypress_runner.js:162024:14)",
                "diff": null
              },
              "uuid": "f8ace8a6-67e8-4b45-bae7-fab3912baffb",
              "parentUUID": "bff16a8a-f018-45f3-b5ed-e95740a6e67f",
              "isHook": false,
              "skipped": false
            },
            {
              "title": "Verifica se cada pixel individual dentro do quadro possui a `classe` denominada `pixel`.",
              "fullTitle": "4 - Adicione à página um quadro de pixels, com 25 pixels. Verifica se cada pixel individual dentro do quadro possui a `classe` denominada `pixel`.",
              "timedOut": null,
              "duration": 4631,
              "state": "failed",
              "speed": null,
              "pass": false,
              "fail": true,
              "pending": false,
              "context": null,
              "code": "cy.get('.pixel').should('have.length', 25);",
              "err": {
                "message": "CypressError: Timed out retrying: Expected to find element: '.pixel', but never found it.",
                "estack": "CypressError: Timed out retrying: Expected to find element: '.pixel', but never found it.\n    at cypressErr (http://localhost:36403/__cypress/runner/cypress_runner.js:149934:9)\n    at throwErr (http://localhost:36403/__cypress/runner/cypress_runner.js:149867:11)\n    at Object.throwErrByPath (http://localhost:36403/__cypress/runner/cypress_runner.js:149915:3)\n    at retry (http://localhost:36403/__cypress/runner/cypress_runner.js:144197:19)\n    at onFailFn (http://localhost:36403/__cypress/runner/cypress_runner.js:132448:16)\n    at tryCatcher (http://localhost:36403/__cypress/runner/cypress_runner.js:167415:23)\n    at Promise._settlePromiseFromHandler (http://localhost:36403/__cypress/runner/cypress_runner.js:165351:31)\n    at Promise._settlePromise (http://localhost:36403/__cypress/runner/cypress_runner.js:165408:18)\n    at Promise._settlePromise0 (http://localhost:36403/__cypress/runner/cypress_runner.js:165453:10)\n    at Promise._settlePromises (http://localhost:36403/__cypress/runner/cypress_runner.js:165528:18)\n    at Async../node_modules/bluebird/js/release/async.js.Async._drainQueue (http://localhost:36403/__cypress/runner/cypress_runner.js:162140:16)\n    at Async../node_modules/bluebird/js/release/async.js.Async._drainQueues (http://localhost:36403/__cypress/runner/cypress_runner.js:162150:10)\n    at Async.drainQueues (http://localhost:36403/__cypress/runner/cypress_runner.js:162024:14)",
                "diff": null
              },
              "uuid": "83539cb5-2878-4bde-9dcb-d9aad6f58934",
              "parentUUID": "bff16a8a-f018-45f3-b5ed-e95740a6e67f",
              "isHook": false,
              "skipped": false
            },
            {
              "title": "Verifica se a cor inicial dos pixels dentro do quadro, ao abrir a página, é branca.",
              "fullTitle": "4 - Adicione à página um quadro de pixels, com 25 pixels. Verifica se a cor inicial dos pixels dentro do quadro, ao abrir a página, é branca.",
              "timedOut": null,
              "duration": 4556,
              "state": "failed",
              "speed": null,
              "pass": false,
              "fail": true,
              "pending": false,
              "context": null,
              "code": "cy.get('.pixel').should('have.length', 25).each(function (pixel) {\n  expect(pixel).to.have.css('background-color', WHITE);\n});",
              "err": {
                "message": "CypressError: Timed out retrying: Expected to find element: '.pixel', but never found it.",
                "estack": "CypressError: Timed out retrying: Expected to find element: '.pixel', but never found it.\n    at cypressErr (http://localhost:36403/__cypress/runner/cypress_runner.js:149934:9)\n    at throwErr (http://localhost:36403/__cypress/runner/cypress_runner.js:149867:11)\n    at Object.throwErrByPath (http://localhost:36403/__cypress/runner/cypress_runner.js:149915:3)\n    at retry (http://localhost:36403/__cypress/runner/cypress_runner.js:144197:19)\n    at onFailFn (http://localhost:36403/__cypress/runner/cypress_runner.js:132448:16)\n    at tryCatcher (http://localhost:36403/__cypress/runner/cypress_runner.js:167415:23)\n    at Promise._settlePromiseFromHandler (http://localhost:36403/__cypress/runner/cypress_runner.js:165351:31)\n    at Promise._settlePromise (http://localhost:36403/__cypress/runner/cypress_runner.js:165408:18)\n    at Promise._settlePromise0 (http://localhost:36403/__cypress/runner/cypress_runner.js:165453:10)\n    at Promise._settlePromises (http://localhost:36403/__cypress/runner/cypress_runner.js:165528:18)\n    at Async../node_modules/bluebird/js/release/async.js.Async._drainQueue (http://localhost:36403/__cypress/runner/cypress_runner.js:162140:16)\n    at Async../node_modules/bluebird/js/release/async.js.Async._drainQueues (http://localhost:36403/__cypress/runner/cypress_runner.js:162150:10)\n    at Async.drainQueues (http://localhost:36403/__cypress/runner/cypress_runner.js:162024:14)",
                "diff": null
              },
              "uuid": "e13b4cb4-f70b-40b0-9146-304ba2402357",
              "parentUUID": "bff16a8a-f018-45f3-b5ed-e95740a6e67f",
              "isHook": false,
              "skipped": false
            },
            {
              "title": "Verifica se o quadro de pixels aparece abaixo da paleta de cores",
              "fullTitle": "4 - Adicione à página um quadro de pixels, com 25 pixels. Verifica se o quadro de pixels aparece abaixo da paleta de cores",
              "timedOut": null,
              "duration": 4673,
              "state": "failed",
              "speed": null,
              "pass": false,
              "fail": true,
              "pending": false,
              "context": null,
              "code": "cy.get('#color-palette').then(function (palette) {\n  cy.get('#pixel-board').should('be.belowOf', palette);\n});",
              "err": {
                "message": "CypressError: Timed out retrying: Expected to find element: '#color-palette', but never found it.",
                "estack": "CypressError: Timed out retrying: Expected to find element: '#color-palette', but never found it.\n    at cypressErr (http://localhost:36403/__cypress/runner/cypress_runner.js:149934:9)\n    at throwErr (http://localhost:36403/__cypress/runner/cypress_runner.js:149867:11)\n    at Object.throwErrByPath (http://localhost:36403/__cypress/runner/cypress_runner.js:149915:3)\n    at retry (http://localhost:36403/__cypress/runner/cypress_runner.js:144197:19)\n    at onFailFn (http://localhost:36403/__cypress/runner/cypress_runner.js:132448:16)\n    at tryCatcher (http://localhost:36403/__cypress/runner/cypress_runner.js:167415:23)\n    at Promise._settlePromiseFromHandler (http://localhost:36403/__cypress/runner/cypress_runner.js:165351:31)\n    at Promise._settlePromise (http://localhost:36403/__cypress/runner/cypress_runner.js:165408:18)\n    at Promise._settlePromise0 (http://localhost:36403/__cypress/runner/cypress_runner.js:165453:10)\n    at Promise._settlePromises (http://localhost:36403/__cypress/runner/cypress_runner.js:165528:18)\n    at Async../node_modules/bluebird/js/release/async.js.Async._drainQueue (http://localhost:36403/__cypress/runner/cypress_runner.js:162140:16)\n    at Async../node_modules/bluebird/js/release/async.js.Async._drainQueues (http://localhost:36403/__cypress/runner/cypress_runner.js:162150:10)\n    at Async.drainQueues (http://localhost:36403/__cypress/runner/cypress_runner.js:162024:14)",
                "diff": null
              },
              "uuid": "b330cfce-e313-4258-bbe4-e25d54000d38",
              "parentUUID": "bff16a8a-f018-45f3-b5ed-e95740a6e67f",
              "isHook": false,
              "skipped": false
            }
          ],
          "suites": [],
          "passes": [],
          "failures": [
            "f8ace8a6-67e8-4b45-bae7-fab3912baffb",
            "83539cb5-2878-4bde-9dcb-d9aad6f58934",
            "e13b4cb4-f70b-40b0-9146-304ba2402357",
            "b330cfce-e313-4258-bbe4-e25d54000d38"
          ],
          "pending": [],
          "skipped": [],
          "duration": 18411,
          "root": false,
          "rootEmpty": false,
          "_timeout": 2000
        },
        {
          "uuid": "7e3220be-fed8-4fb5-8470-32765883d4fb",
          "title": "5 - Faça com que cada elemento do quadro de pixels possua 40 pixels de largura, 40 pixels de altura e seja delimitado por uma borda preta de 1 pixel.",
          "fullFile": "",
          "file": "",
          "beforeHooks": [],
          "afterHooks": [],
          "tests": [
            {
              "title": "Verifica se o quadro de pixels tem altura e comprimento de 5 elementos",
              "fullTitle": "5 - Faça com que cada elemento do quadro de pixels possua 40 pixels de largura, 40 pixels de altura e seja delimitado por uma borda preta de 1 pixel. Verifica se o quadro de pixels tem altura e comprimento de 5 elementos",
              "timedOut": null,
              "duration": 4641,
              "state": "failed",
              "speed": null,
              "pass": false,
              "fail": true,
              "pending": false,
              "context": null,
              "code": "cy.get('.pixel').should('have.length', 25).each(function (pixel) {\n  expect(pixel).to.have.css('background-color', WHITE);\n}).and(function (pixels) {\n  var rows = chunk(pixels, 5);\n  rows.forEach(function (row) {\n    for (var index = 1; index < row.length; index += 1) {\n      var current = pixels[index];\n      var previous = pixels[index - 1];\n      cy.wrap(current).should('be.onTheRightOf', previous).and('be.horizontallyAlignedWith', previous);\n    }\n  });\n  for (var index = 1; index < 5; index += 1) {\n    expect(pixels[index * 5]).to.be.belowOf(pixels[(index - 1) * 5]);\n  }\n});",
              "err": {
                "message": "CypressError: Timed out retrying: Expected to find element: '.pixel', but never found it.",
                "estack": "CypressError: Timed out retrying: Expected to find element: '.pixel', but never found it.\n    at cypressErr (http://localhost:36403/__cypress/runner/cypress_runner.js:149934:9)\n    at throwErr (http://localhost:36403/__cypress/runner/cypress_runner.js:149867:11)\n    at Object.throwErrByPath (http://localhost:36403/__cypress/runner/cypress_runner.js:149915:3)\n    at retry (http://localhost:36403/__cypress/runner/cypress_runner.js:144197:19)\n    at onFailFn (http://localhost:36403/__cypress/runner/cypress_runner.js:132448:16)\n    at tryCatcher (http://localhost:36403/__cypress/runner/cypress_runner.js:167415:23)\n    at Promise._settlePromiseFromHandler (http://localhost:36403/__cypress/runner/cypress_runner.js:165351:31)\n    at Promise._settlePromise (http://localhost:36403/__cypress/runner/cypress_runner.js:165408:18)\n    at Promise._settlePromise0 (http://localhost:36403/__cypress/runner/cypress_runner.js:165453:10)\n    at Promise._settlePromises (http://localhost:36403/__cypress/runner/cypress_runner.js:165528:18)\n    at Async../node_modules/bluebird/js/release/async.js.Async._drainQueue (http://localhost:36403/__cypress/runner/cypress_runner.js:162140:16)\n    at Async../node_modules/bluebird/js/release/async.js.Async._drainQueues (http://localhost:36403/__cypress/runner/cypress_runner.js:162150:10)\n    at Async.drainQueues (http://localhost:36403/__cypress/runner/cypress_runner.js:162024:14)",
                "diff": null
              },
              "uuid": "603f1588-7a3c-4a06-8e0f-fc691fcfb849",
              "parentUUID": "7e3220be-fed8-4fb5-8470-32765883d4fb",
              "isHook": false,
              "skipped": false
            },
            {
              "title": "Verifica se 40 pixels é o tamanho total do elemento, incluindo seu conteúdo e excluindo a borda preta, que deve ser criada à parte.",
              "fullTitle": "5 - Faça com que cada elemento do quadro de pixels possua 40 pixels de largura, 40 pixels de altura e seja delimitado por uma borda preta de 1 pixel. Verifica se 40 pixels é o tamanho total do elemento, incluindo seu conteúdo e excluindo a borda preta, que deve ser criada à parte.",
              "timedOut": null,
              "duration": 4733,
              "state": "failed",
              "speed": null,
              "pass": false,
              "fail": true,
              "pending": false,
              "context": null,
              "code": "cy.get('.pixel').each(function (pixel) {\n  cy.wrap(pixel).should('have.css', 'height', '40px').and('have.css', 'width', '40px').and('have.css', 'border', \"1px solid \".concat(BLACK));\n});",
              "err": {
                "message": "CypressError: Timed out retrying: Expected to find element: '.pixel', but never found it.",
                "estack": "CypressError: Timed out retrying: Expected to find element: '.pixel', but never found it.\n    at cypressErr (http://localhost:36403/__cypress/runner/cypress_runner.js:149934:9)\n    at throwErr (http://localhost:36403/__cypress/runner/cypress_runner.js:149867:11)\n    at Object.throwErrByPath (http://localhost:36403/__cypress/runner/cypress_runner.js:149915:3)\n    at retry (http://localhost:36403/__cypress/runner/cypress_runner.js:144197:19)\n    at onFailFn (http://localhost:36403/__cypress/runner/cypress_runner.js:132448:16)\n    at tryCatcher (http://localhost:36403/__cypress/runner/cypress_runner.js:167415:23)\n    at Promise._settlePromiseFromHandler (http://localhost:36403/__cypress/runner/cypress_runner.js:165351:31)\n    at Promise._settlePromise (http://localhost:36403/__cypress/runner/cypress_runner.js:165408:18)\n    at Promise._settlePromise0 (http://localhost:36403/__cypress/runner/cypress_runner.js:165453:10)\n    at Promise._settlePromises (http://localhost:36403/__cypress/runner/cypress_runner.js:165528:18)\n    at Async../node_modules/bluebird/js/release/async.js.Async._drainQueue (http://localhost:36403/__cypress/runner/cypress_runner.js:162140:16)\n    at Async../node_modules/bluebird/js/release/async.js.Async._drainQueues (http://localhost:36403/__cypress/runner/cypress_runner.js:162150:10)\n    at Async.drainQueues (http://localhost:36403/__cypress/runner/cypress_runner.js:162024:14)",
                "diff": null
              },
              "uuid": "3de58e5d-8111-4031-a27a-a7514970358e",
              "parentUUID": "7e3220be-fed8-4fb5-8470-32765883d4fb",
              "isHook": false,
              "skipped": false
            }
          ],
          "suites": [],
          "passes": [],
          "failures": [
            "603f1588-7a3c-4a06-8e0f-fc691fcfb849",
            "3de58e5d-8111-4031-a27a-a7514970358e"
          ],
          "pending": [],
          "skipped": [],
          "duration": 9374,
          "root": false,
          "rootEmpty": false,
          "_timeout": 2000
        },
        {
          "uuid": "51bc5f69-0326-4c78-8e7e-44c1a4e673fb",
          "title": "6 - Defina a cor preta como cor inicial. Ao carregar a página a cor preta já deve estar selecionada para pintar os pixels",
          "fullFile": "",
          "file": "",
          "beforeHooks": [],
          "afterHooks": [],
          "tests": [
            {
              "title": "Verifica se o elemento da cor preta possui, inicialmente, a `classe` `selected`",
              "fullTitle": "6 - Defina a cor preta como cor inicial. Ao carregar a página a cor preta já deve estar selecionada para pintar os pixels Verifica se o elemento da cor preta possui, inicialmente, a `classe` `selected`",
              "timedOut": null,
              "duration": 4597,
              "state": "failed",
              "speed": null,
              "pass": false,
              "fail": true,
              "pending": false,
              "context": null,
              "code": "cy.get('.selected').first().should('have.css', 'background-color', BLACK);",
              "err": {
                "message": "CypressError: Timed out retrying: Expected to find element: '.selected', but never found it.",
                "estack": "CypressError: Timed out retrying: Expected to find element: '.selected', but never found it.\n    at cypressErr (http://localhost:36403/__cypress/runner/cypress_runner.js:149934:9)\n    at throwErr (http://localhost:36403/__cypress/runner/cypress_runner.js:149867:11)\n    at Object.throwErrByPath (http://localhost:36403/__cypress/runner/cypress_runner.js:149915:3)\n    at retry (http://localhost:36403/__cypress/runner/cypress_runner.js:144197:19)\n    at onFailFn (http://localhost:36403/__cypress/runner/cypress_runner.js:132448:16)\n    at tryCatcher (http://localhost:36403/__cypress/runner/cypress_runner.js:167415:23)\n    at Promise._settlePromiseFromHandler (http://localhost:36403/__cypress/runner/cypress_runner.js:165351:31)\n    at Promise._settlePromise (http://localhost:36403/__cypress/runner/cypress_runner.js:165408:18)\n    at Promise._settlePromise0 (http://localhost:36403/__cypress/runner/cypress_runner.js:165453:10)\n    at Promise._settlePromises (http://localhost:36403/__cypress/runner/cypress_runner.js:165528:18)\n    at Async../node_modules/bluebird/js/release/async.js.Async._drainQueue (http://localhost:36403/__cypress/runner/cypress_runner.js:162140:16)\n    at Async../node_modules/bluebird/js/release/async.js.Async._drainQueues (http://localhost:36403/__cypress/runner/cypress_runner.js:162150:10)\n    at Async.drainQueues (http://localhost:36403/__cypress/runner/cypress_runner.js:162024:14)",
                "diff": null
              },
              "uuid": "a37d4eba-4357-41f1-9856-60b855033c8d",
              "parentUUID": "51bc5f69-0326-4c78-8e7e-44c1a4e673fb",
              "isHook": false,
              "skipped": false
            },
            {
              "title": "Verifica se nenhuma outra cor da paleta tem a `classe` `selected`",
              "fullTitle": "6 - Defina a cor preta como cor inicial. Ao carregar a página a cor preta já deve estar selecionada para pintar os pixels Verifica se nenhuma outra cor da paleta tem a `classe` `selected`",
              "timedOut": null,
              "duration": 4669,
              "state": "failed",
              "speed": null,
              "pass": false,
              "fail": true,
              "pending": false,
              "context": null,
              "code": "cy.get('.color:not(:first-child)').each(function (color) {\n  cy.wrap(color).should('not.have.class', 'selected');\n});",
              "err": {
                "message": "CypressError: Timed out retrying: Expected to find element: '.color:not(:first-child)', but never found it.",
                "estack": "CypressError: Timed out retrying: Expected to find element: '.color:not(:first-child)', but never found it.\n    at cypressErr (http://localhost:36403/__cypress/runner/cypress_runner.js:149934:9)\n    at throwErr (http://localhost:36403/__cypress/runner/cypress_runner.js:149867:11)\n    at Object.throwErrByPath (http://localhost:36403/__cypress/runner/cypress_runner.js:149915:3)\n    at retry (http://localhost:36403/__cypress/runner/cypress_runner.js:144197:19)\n    at onFailFn (http://localhost:36403/__cypress/runner/cypress_runner.js:132448:16)\n    at tryCatcher (http://localhost:36403/__cypress/runner/cypress_runner.js:167415:23)\n    at Promise._settlePromiseFromHandler (http://localhost:36403/__cypress/runner/cypress_runner.js:165351:31)\n    at Promise._settlePromise (http://localhost:36403/__cypress/runner/cypress_runner.js:165408:18)\n    at Promise._settlePromise0 (http://localhost:36403/__cypress/runner/cypress_runner.js:165453:10)\n    at Promise._settlePromises (http://localhost:36403/__cypress/runner/cypress_runner.js:165528:18)\n    at Async../node_modules/bluebird/js/release/async.js.Async._drainQueue (http://localhost:36403/__cypress/runner/cypress_runner.js:162140:16)\n    at Async../node_modules/bluebird/js/release/async.js.Async._drainQueues (http://localhost:36403/__cypress/runner/cypress_runner.js:162150:10)\n    at Async.drainQueues (http://localhost:36403/__cypress/runner/cypress_runner.js:162024:14)",
                "diff": null
              },
              "uuid": "76322553-55be-4462-875f-9b2ca4bfd335",
              "parentUUID": "51bc5f69-0326-4c78-8e7e-44c1a4e673fb",
              "isHook": false,
              "skipped": false
            }
          ],
          "suites": [],
          "passes": [],
          "failures": [
            "a37d4eba-4357-41f1-9856-60b855033c8d",
            "76322553-55be-4462-875f-9b2ca4bfd335"
          ],
          "pending": [],
          "skipped": [],
          "duration": 9266,
          "root": false,
          "rootEmpty": false,
          "_timeout": 2000
        },
        {
          "uuid": "04d1dbf0-7076-4bbd-8f28-7c18adf69185",
          "title": "7 - Clicar em uma das cores da paleta, faz com que ela seja selecionada e utilizada para preencher os pixels no quadro.",
          "fullFile": "",
          "file": "",
          "beforeHooks": [],
          "afterHooks": [],
          "tests": [
            {
              "title": "Verifica se somente uma cor da paleta de cores tem a classe `selected` de cada vez",
              "fullTitle": "7 - Clicar em uma das cores da paleta, faz com que ela seja selecionada e utilizada para preencher os pixels no quadro. Verifica se somente uma cor da paleta de cores tem a classe `selected` de cada vez",
              "timedOut": null,
              "duration": 4705,
              "state": "failed",
              "speed": null,
              "pass": false,
              "fail": true,
              "pending": false,
              "context": null,
              "code": "cy.get('.color').each(function (selectedColor, selectedColorIndex) {\n  cy.wrap(selectedColor).click();\n  cy.get('.color').each(function (color, colorIndex) {\n    if (colorIndex === selectedColorIndex) {\n      expect(color).to.have[\"class\"]('selected');\n    } else {\n      expect(color).not.to.have[\"class\"]('selected');\n    }\n  });\n});",
              "err": {
                "message": "CypressError: Timed out retrying: Expected to find element: '.color', but never found it.",
                "estack": "CypressError: Timed out retrying: Expected to find element: '.color', but never found it.\n    at cypressErr (http://localhost:36403/__cypress/runner/cypress_runner.js:149934:9)\n    at throwErr (http://localhost:36403/__cypress/runner/cypress_runner.js:149867:11)\n    at Object.throwErrByPath (http://localhost:36403/__cypress/runner/cypress_runner.js:149915:3)\n    at retry (http://localhost:36403/__cypress/runner/cypress_runner.js:144197:19)\n    at onFailFn (http://localhost:36403/__cypress/runner/cypress_runner.js:132448:16)\n    at tryCatcher (http://localhost:36403/__cypress/runner/cypress_runner.js:167415:23)\n    at Promise._settlePromiseFromHandler (http://localhost:36403/__cypress/runner/cypress_runner.js:165351:31)\n    at Promise._settlePromise (http://localhost:36403/__cypress/runner/cypress_runner.js:165408:18)\n    at Promise._settlePromise0 (http://localhost:36403/__cypress/runner/cypress_runner.js:165453:10)\n    at Promise._settlePromises (http://localhost:36403/__cypress/runner/cypress_runner.js:165528:18)\n    at Async../node_modules/bluebird/js/release/async.js.Async._drainQueue (http://localhost:36403/__cypress/runner/cypress_runner.js:162140:16)\n    at Async../node_modules/bluebird/js/release/async.js.Async._drainQueues (http://localhost:36403/__cypress/runner/cypress_runner.js:162150:10)\n    at Async.drainQueues (http://localhost:36403/__cypress/runner/cypress_runner.js:162024:14)",
                "diff": null
              },
              "uuid": "a54520fa-b21a-43b4-924d-e4bd3a792d5f",
              "parentUUID": "04d1dbf0-7076-4bbd-8f28-7c18adf69185",
              "isHook": false,
              "skipped": false
            },
            {
              "title": "Verifica se os pixels dentro do quadro não têm a classe `selected` quando são clicados",
              "fullTitle": "7 - Clicar em uma das cores da paleta, faz com que ela seja selecionada e utilizada para preencher os pixels no quadro. Verifica se os pixels dentro do quadro não têm a classe `selected` quando são clicados",
              "timedOut": null,
              "duration": 4646,
              "state": "failed",
              "speed": null,
              "pass": false,
              "fail": true,
              "pending": false,
              "context": null,
              "code": "cy.get('.color').each(function (color) {\n  var backgroundColor = color.css('background-color');\n  cy.wrap(color).click();\n  cy.get('.pixel').each(function (pixel) {\n    cy.wrap(pixel).click().should('not.have.class', 'selected');\n  });\n});",
              "err": {
                "message": "CypressError: Timed out retrying: Expected to find element: '.color', but never found it.",
                "estack": "CypressError: Timed out retrying: Expected to find element: '.color', but never found it.\n    at cypressErr (http://localhost:36403/__cypress/runner/cypress_runner.js:149934:9)\n    at throwErr (http://localhost:36403/__cypress/runner/cypress_runner.js:149867:11)\n    at Object.throwErrByPath (http://localhost:36403/__cypress/runner/cypress_runner.js:149915:3)\n    at retry (http://localhost:36403/__cypress/runner/cypress_runner.js:144197:19)\n    at onFailFn (http://localhost:36403/__cypress/runner/cypress_runner.js:132448:16)\n    at tryCatcher (http://localhost:36403/__cypress/runner/cypress_runner.js:167415:23)\n    at Promise._settlePromiseFromHandler (http://localhost:36403/__cypress/runner/cypress_runner.js:165351:31)\n    at Promise._settlePromise (http://localhost:36403/__cypress/runner/cypress_runner.js:165408:18)\n    at Promise._settlePromise0 (http://localhost:36403/__cypress/runner/cypress_runner.js:165453:10)\n    at Promise._settlePromises (http://localhost:36403/__cypress/runner/cypress_runner.js:165528:18)\n    at Async../node_modules/bluebird/js/release/async.js.Async._drainQueue (http://localhost:36403/__cypress/runner/cypress_runner.js:162140:16)\n    at Async../node_modules/bluebird/js/release/async.js.Async._drainQueues (http://localhost:36403/__cypress/runner/cypress_runner.js:162150:10)\n    at Async.drainQueues (http://localhost:36403/__cypress/runner/cypress_runner.js:162024:14)",
                "diff": null
              },
              "uuid": "e697321b-ca4b-4e74-bd57-15c3a3ac90ad",
              "parentUUID": "04d1dbf0-7076-4bbd-8f28-7c18adf69185",
              "isHook": false,
              "skipped": false
            }
          ],
          "suites": [],
          "passes": [],
          "failures": [
            "a54520fa-b21a-43b4-924d-e4bd3a792d5f",
            "e697321b-ca4b-4e74-bd57-15c3a3ac90ad"
          ],
          "pending": [],
          "skipped": [],
          "duration": 9351,
          "root": false,
          "rootEmpty": false,
          "_timeout": 2000
        },
        {
          "uuid": "f9fbd09c-788e-42cd-b2f3-84c85075be26",
          "title": "8 - Clicar em um pixel dentro do quadro após selecionar uma cor na paleta, faz com que o pixel seja preenchido com a cor selecionada.",
          "fullFile": "",
          "file": "",
          "beforeHooks": [],
          "afterHooks": [],
          "tests": [
            {
              "title": "Verifica se ao carregar a página deve ser possível pintar os pixels de preto",
              "fullTitle": "8 - Clicar em um pixel dentro do quadro após selecionar uma cor na paleta, faz com que o pixel seja preenchido com a cor selecionada. Verifica se ao carregar a página deve ser possível pintar os pixels de preto",
              "timedOut": null,
              "duration": 4661,
              "state": "failed",
              "speed": null,
              "pass": false,
              "fail": true,
              "pending": false,
              "context": null,
              "code": "cy.get('.pixel').each(function (pixel) {\n  cy.wrap(pixel).click().should('have.css', 'background-color', BLACK);\n});",
              "err": {
                "message": "CypressError: Timed out retrying: Expected to find element: '.pixel', but never found it.",
                "estack": "CypressError: Timed out retrying: Expected to find element: '.pixel', but never found it.\n    at cypressErr (http://localhost:36403/__cypress/runner/cypress_runner.js:149934:9)\n    at throwErr (http://localhost:36403/__cypress/runner/cypress_runner.js:149867:11)\n    at Object.throwErrByPath (http://localhost:36403/__cypress/runner/cypress_runner.js:149915:3)\n    at retry (http://localhost:36403/__cypress/runner/cypress_runner.js:144197:19)\n    at onFailFn (http://localhost:36403/__cypress/runner/cypress_runner.js:132448:16)\n    at tryCatcher (http://localhost:36403/__cypress/runner/cypress_runner.js:167415:23)\n    at Promise._settlePromiseFromHandler (http://localhost:36403/__cypress/runner/cypress_runner.js:165351:31)\n    at Promise._settlePromise (http://localhost:36403/__cypress/runner/cypress_runner.js:165408:18)\n    at Promise._settlePromise0 (http://localhost:36403/__cypress/runner/cypress_runner.js:165453:10)\n    at Promise._settlePromises (http://localhost:36403/__cypress/runner/cypress_runner.js:165528:18)\n    at Async../node_modules/bluebird/js/release/async.js.Async._drainQueue (http://localhost:36403/__cypress/runner/cypress_runner.js:162140:16)\n    at Async../node_modules/bluebird/js/release/async.js.Async._drainQueues (http://localhost:36403/__cypress/runner/cypress_runner.js:162150:10)\n    at Async.drainQueues (http://localhost:36403/__cypress/runner/cypress_runner.js:162024:14)",
                "diff": null
              },
              "uuid": "f7af258d-4c8d-41c2-927b-266164e34c4c",
              "parentUUID": "f9fbd09c-788e-42cd-b2f3-84c85075be26",
              "isHook": false,
              "skipped": false
            },
            {
              "title": "Verifica se após selecionar uma outra cor na paleta, é possível pintar os pixels com essa cor",
              "fullTitle": "8 - Clicar em um pixel dentro do quadro após selecionar uma cor na paleta, faz com que o pixel seja preenchido com a cor selecionada. Verifica se após selecionar uma outra cor na paleta, é possível pintar os pixels com essa cor",
              "timedOut": null,
              "duration": 4621,
              "state": "failed",
              "speed": null,
              "pass": false,
              "fail": true,
              "pending": false,
              "context": null,
              "code": "cy.get('.color').each(function (color) {\n  var backgroundColor = color.css('background-color');\n  cy.wrap(color).click();\n  cy.get('.pixel').each(function (pixel) {\n    cy.wrap(pixel).click().should('have.css', 'background-color', backgroundColor);\n  });\n});",
              "err": {
                "message": "CypressError: Timed out retrying: Expected to find element: '.color', but never found it.",
                "estack": "CypressError: Timed out retrying: Expected to find element: '.color', but never found it.\n    at cypressErr (http://localhost:36403/__cypress/runner/cypress_runner.js:149934:9)\n    at throwErr (http://localhost:36403/__cypress/runner/cypress_runner.js:149867:11)\n    at Object.throwErrByPath (http://localhost:36403/__cypress/runner/cypress_runner.js:149915:3)\n    at retry (http://localhost:36403/__cypress/runner/cypress_runner.js:144197:19)\n    at onFailFn (http://localhost:36403/__cypress/runner/cypress_runner.js:132448:16)\n    at tryCatcher (http://localhost:36403/__cypress/runner/cypress_runner.js:167415:23)\n    at Promise._settlePromiseFromHandler (http://localhost:36403/__cypress/runner/cypress_runner.js:165351:31)\n    at Promise._settlePromise (http://localhost:36403/__cypress/runner/cypress_runner.js:165408:18)\n    at Promise._settlePromise0 (http://localhost:36403/__cypress/runner/cypress_runner.js:165453:10)\n    at Promise._settlePromises (http://localhost:36403/__cypress/runner/cypress_runner.js:165528:18)\n    at Async../node_modules/bluebird/js/release/async.js.Async._drainQueue (http://localhost:36403/__cypress/runner/cypress_runner.js:162140:16)\n    at Async../node_modules/bluebird/js/release/async.js.Async._drainQueues (http://localhost:36403/__cypress/runner/cypress_runner.js:162150:10)\n    at Async.drainQueues (http://localhost:36403/__cypress/runner/cypress_runner.js:162024:14)",
                "diff": null
              },
              "uuid": "bdee96f5-617e-4b10-a5ae-901fb2ed9e28",
              "parentUUID": "f9fbd09c-788e-42cd-b2f3-84c85075be26",
              "isHook": false,
              "skipped": false
            },
            {
              "title": "Verifica se somente o pixel que foi clicado foi preenchido com a cor selecionada, sem influenciar na cor dos demais pixels.",
              "fullTitle": "8 - Clicar em um pixel dentro do quadro após selecionar uma cor na paleta, faz com que o pixel seja preenchido com a cor selecionada. Verifica se somente o pixel que foi clicado foi preenchido com a cor selecionada, sem influenciar na cor dos demais pixels.",
              "timedOut": null,
              "duration": 4742,
              "state": "failed",
              "speed": null,
              "pass": false,
              "fail": true,
              "pending": false,
              "context": null,
              "code": "var colorToPixelIndexMap = {\n  0: 6,\n  1: 8,\n  2: 16,\n  3: 18\n};\ncy.get('.color').each(function (color, index) {\n  cy.wrap(color).click();\n  var backgroundColor = color.css('background-color');\n  var clickedPixelIndex = colorToPixelIndexMap[index];\n  cy.get('.pixel').eq(clickedPixelIndex).click();\n  cy.get('.pixel').eq(clickedPixelIndex - 1).should('not.have.css', 'background-color', backgroundColor);\n  cy.get('.pixel').eq(clickedPixelIndex + 1).should('not.have.css', 'background-color', backgroundColor);\n  cy.get('.pixel').eq(clickedPixelIndex - 5).should('not.have.css', 'background-color', backgroundColor);\n  cy.get('.pixel').eq(clickedPixelIndex + 5).should('not.have.css', 'background-color', backgroundColor);\n  cy.get('.pixel').eq(clickedPixelIndex - 6).should('not.have.css', 'background-color', backgroundColor);\n  cy.get('.pixel').eq(clickedPixelIndex - 4).should('not.have.css', 'background-color', backgroundColor);\n  cy.get('.pixel').eq(clickedPixelIndex + 4).should('not.have.css', 'background-color', backgroundColor);\n  cy.get('.pixel').eq(clickedPixelIndex + 6).should('not.have.css', 'background-color', backgroundColor);\n});",
              "err": {
                "message": "CypressError: Timed out retrying: Expected to find element: '.color', but never found it.",
                "estack": "CypressError: Timed out retrying: Expected to find element: '.color', but never found it.\n    at cypressErr (http://localhost:36403/__cypress/runner/cypress_runner.js:149934:9)\n    at throwErr (http://localhost:36403/__cypress/runner/cypress_runner.js:149867:11)\n    at Object.throwErrByPath (http://localhost:36403/__cypress/runner/cypress_runner.js:149915:3)\n    at retry (http://localhost:36403/__cypress/runner/cypress_runner.js:144197:19)\n    at onFailFn (http://localhost:36403/__cypress/runner/cypress_runner.js:132448:16)\n    at tryCatcher (http://localhost:36403/__cypress/runner/cypress_runner.js:167415:23)\n    at Promise._settlePromiseFromHandler (http://localhost:36403/__cypress/runner/cypress_runner.js:165351:31)\n    at Promise._settlePromise (http://localhost:36403/__cypress/runner/cypress_runner.js:165408:18)\n    at Promise._settlePromise0 (http://localhost:36403/__cypress/runner/cypress_runner.js:165453:10)\n    at Promise._settlePromises (http://localhost:36403/__cypress/runner/cypress_runner.js:165528:18)\n    at Async../node_modules/bluebird/js/release/async.js.Async._drainQueue (http://localhost:36403/__cypress/runner/cypress_runner.js:162140:16)\n    at Async../node_modules/bluebird/js/release/async.js.Async._drainQueues (http://localhost:36403/__cypress/runner/cypress_runner.js:162150:10)\n    at Async.drainQueues (http://localhost:36403/__cypress/runner/cypress_runner.js:162024:14)",
                "diff": null
              },
              "uuid": "adc0ac7e-1239-49ab-9d61-26b26259e6e9",
              "parentUUID": "f9fbd09c-788e-42cd-b2f3-84c85075be26",
              "isHook": false,
              "skipped": false
            }
          ],
          "suites": [],
          "passes": [],
          "failures": [
            "f7af258d-4c8d-41c2-927b-266164e34c4c",
            "bdee96f5-617e-4b10-a5ae-901fb2ed9e28",
            "adc0ac7e-1239-49ab-9d61-26b26259e6e9"
          ],
          "pending": [],
          "skipped": [],
          "duration": 14024,
          "root": false,
          "rootEmpty": false,
          "_timeout": 2000
        },
        {
          "uuid": "2e0640a9-7c28-4e5c-acad-5c9ad62608d8",
          "title": "9 - Crie um botão que, ao ser clicado, limpa o quadro preenchendo a cor de todos seus pixels com branco.",
          "fullFile": "",
          "file": "",
          "beforeHooks": [],
          "afterHooks": [],
          "tests": [
            {
              "title": "Verifica se o botão tem o `id` denominado `clear-board`",
              "fullTitle": "9 - Crie um botão que, ao ser clicado, limpa o quadro preenchendo a cor de todos seus pixels com branco. Verifica se o botão tem o `id` denominado `clear-board`",
              "timedOut": null,
              "duration": 5066,
              "state": "failed",
              "speed": null,
              "pass": false,
              "fail": true,
              "pending": false,
              "context": null,
              "code": "cy.get('#clear-board').should('be.visible');",
              "err": {
                "message": "CypressError: Timed out retrying: Expected to find element: '#clear-board', but never found it.",
                "estack": "CypressError: Timed out retrying: Expected to find element: '#clear-board', but never found it.\n    at cypressErr (http://localhost:36403/__cypress/runner/cypress_runner.js:149934:9)\n    at throwErr (http://localhost:36403/__cypress/runner/cypress_runner.js:149867:11)\n    at Object.throwErrByPath (http://localhost:36403/__cypress/runner/cypress_runner.js:149915:3)\n    at retry (http://localhost:36403/__cypress/runner/cypress_runner.js:144197:19)\n    at onFailFn (http://localhost:36403/__cypress/runner/cypress_runner.js:132448:16)\n    at tryCatcher (http://localhost:36403/__cypress/runner/cypress_runner.js:167415:23)\n    at Promise._settlePromiseFromHandler (http://localhost:36403/__cypress/runner/cypress_runner.js:165351:31)\n    at Promise._settlePromise (http://localhost:36403/__cypress/runner/cypress_runner.js:165408:18)\n    at Promise._settlePromise0 (http://localhost:36403/__cypress/runner/cypress_runner.js:165453:10)\n    at Promise._settlePromises (http://localhost:36403/__cypress/runner/cypress_runner.js:165528:18)\n    at Async../node_modules/bluebird/js/release/async.js.Async._drainQueue (http://localhost:36403/__cypress/runner/cypress_runner.js:162140:16)\n    at Async../node_modules/bluebird/js/release/async.js.Async._drainQueues (http://localhost:36403/__cypress/runner/cypress_runner.js:162150:10)\n    at Async.drainQueues (http://localhost:36403/__cypress/runner/cypress_runner.js:162024:14)",
                "diff": null
              },
              "uuid": "d50b4942-9955-4a3e-9834-065d2eb92872",
              "parentUUID": "2e0640a9-7c28-4e5c-acad-5c9ad62608d8",
              "isHook": false,
              "skipped": false
            },
            {
              "title": "Verifica se o botão está posicionado entre a paleta de cores e o quadro de pixels",
              "fullTitle": "9 - Crie um botão que, ao ser clicado, limpa o quadro preenchendo a cor de todos seus pixels com branco. Verifica se o botão está posicionado entre a paleta de cores e o quadro de pixels",
              "timedOut": null,
              "duration": 4639,
              "state": "failed",
              "speed": null,
              "pass": false,
              "fail": true,
              "pending": false,
              "context": null,
              "code": "cy.get('#color-palette').then(function (palette) {\n  cy.get('#clear-board').should('be.belowOf', palette);\n});\ncy.get('#clear-board').then(function (clearBtn) {\n  cy.get('#pixel-board').should('be.belowOf', clearBtn);\n});",
              "err": {
                "message": "CypressError: Timed out retrying: Expected to find element: '#color-palette', but never found it.",
                "estack": "CypressError: Timed out retrying: Expected to find element: '#color-palette', but never found it.\n    at cypressErr (http://localhost:36403/__cypress/runner/cypress_runner.js:149934:9)\n    at throwErr (http://localhost:36403/__cypress/runner/cypress_runner.js:149867:11)\n    at Object.throwErrByPath (http://localhost:36403/__cypress/runner/cypress_runner.js:149915:3)\n    at retry (http://localhost:36403/__cypress/runner/cypress_runner.js:144197:19)\n    at onFailFn (http://localhost:36403/__cypress/runner/cypress_runner.js:132448:16)\n    at tryCatcher (http://localhost:36403/__cypress/runner/cypress_runner.js:167415:23)\n    at Promise._settlePromiseFromHandler (http://localhost:36403/__cypress/runner/cypress_runner.js:165351:31)\n    at Promise._settlePromise (http://localhost:36403/__cypress/runner/cypress_runner.js:165408:18)\n    at Promise._settlePromise0 (http://localhost:36403/__cypress/runner/cypress_runner.js:165453:10)\n    at Promise._settlePromises (http://localhost:36403/__cypress/runner/cypress_runner.js:165528:18)\n    at Async../node_modules/bluebird/js/release/async.js.Async._drainQueue (http://localhost:36403/__cypress/runner/cypress_runner.js:162140:16)\n    at Async../node_modules/bluebird/js/release/async.js.Async._drainQueues (http://localhost:36403/__cypress/runner/cypress_runner.js:162150:10)\n    at Async.drainQueues (http://localhost:36403/__cypress/runner/cypress_runner.js:162024:14)",
                "diff": null
              },
              "uuid": "f56a133a-720d-49c3-be4f-cbcbc536ec35",
              "parentUUID": "2e0640a9-7c28-4e5c-acad-5c9ad62608d8",
              "isHook": false,
              "skipped": false
            },
            {
              "title": "Verifica se o texto do botão é 'Limpar'",
              "fullTitle": "9 - Crie um botão que, ao ser clicado, limpa o quadro preenchendo a cor de todos seus pixels com branco. Verifica se o texto do botão é 'Limpar'",
              "timedOut": null,
              "duration": 4674,
              "state": "failed",
              "speed": null,
              "pass": false,
              "fail": true,
              "pending": false,
              "context": null,
              "code": "cy.get('#clear-board').should('contain.text', 'Limpar');",
              "err": {
                "message": "CypressError: Timed out retrying: Expected to find element: '#clear-board', but never found it.",
                "estack": "CypressError: Timed out retrying: Expected to find element: '#clear-board', but never found it.\n    at cypressErr (http://localhost:36403/__cypress/runner/cypress_runner.js:149934:9)\n    at throwErr (http://localhost:36403/__cypress/runner/cypress_runner.js:149867:11)\n    at Object.throwErrByPath (http://localhost:36403/__cypress/runner/cypress_runner.js:149915:3)\n    at retry (http://localhost:36403/__cypress/runner/cypress_runner.js:144197:19)\n    at onFailFn (http://localhost:36403/__cypress/runner/cypress_runner.js:132448:16)\n    at tryCatcher (http://localhost:36403/__cypress/runner/cypress_runner.js:167415:23)\n    at Promise._settlePromiseFromHandler (http://localhost:36403/__cypress/runner/cypress_runner.js:165351:31)\n    at Promise._settlePromise (http://localhost:36403/__cypress/runner/cypress_runner.js:165408:18)\n    at Promise._settlePromise0 (http://localhost:36403/__cypress/runner/cypress_runner.js:165453:10)\n    at Promise._settlePromises (http://localhost:36403/__cypress/runner/cypress_runner.js:165528:18)\n    at Async../node_modules/bluebird/js/release/async.js.Async._drainQueue (http://localhost:36403/__cypress/runner/cypress_runner.js:162140:16)\n    at Async../node_modules/bluebird/js/release/async.js.Async._drainQueues (http://localhost:36403/__cypress/runner/cypress_runner.js:162150:10)\n    at Async.drainQueues (http://localhost:36403/__cypress/runner/cypress_runner.js:162024:14)",
                "diff": null
              },
              "uuid": "5b87c0f1-b7d9-474d-acca-8e83113858e6",
              "parentUUID": "2e0640a9-7c28-4e5c-acad-5c9ad62608d8",
              "isHook": false,
              "skipped": false
            },
            {
              "title": "Verifica se ao clicar no botão, o quadro de pixels é totalmente preenchido de branco",
              "fullTitle": "9 - Crie um botão que, ao ser clicado, limpa o quadro preenchendo a cor de todos seus pixels com branco. Verifica se ao clicar no botão, o quadro de pixels é totalmente preenchido de branco",
              "timedOut": null,
              "duration": 4681,
              "state": "failed",
              "speed": null,
              "pass": false,
              "fail": true,
              "pending": false,
              "context": null,
              "code": "cy.get('.color').eq(1).then(function (color) {\n  var backgroundColor = color.css('background-color');\n  cy.wrap(color).click();\n  cy.get('.pixel').each(function (pixel) {\n    cy.wrap(pixel).click().should('have.css', 'background-color', backgroundColor);\n  });\n});\ncy.get('#clear-board').click();\ncy.get('.pixel').each(function (pixel) {\n  cy.wrap(pixel).should('have.css', 'background-color', WHITE);\n});",
              "err": {
                "message": "CypressError: Timed out retrying: Expected to find element: '.color', but never found it.",
                "estack": "CypressError: Timed out retrying: Expected to find element: '.color', but never found it.\n    at cypressErr (http://localhost:36403/__cypress/runner/cypress_runner.js:149934:9)\n    at throwErr (http://localhost:36403/__cypress/runner/cypress_runner.js:149867:11)\n    at Object.throwErrByPath (http://localhost:36403/__cypress/runner/cypress_runner.js:149915:3)\n    at retry (http://localhost:36403/__cypress/runner/cypress_runner.js:144197:19)\n    at onFailFn (http://localhost:36403/__cypress/runner/cypress_runner.js:132448:16)\n    at tryCatcher (http://localhost:36403/__cypress/runner/cypress_runner.js:167415:23)\n    at Promise._settlePromiseFromHandler (http://localhost:36403/__cypress/runner/cypress_runner.js:165351:31)\n    at Promise._settlePromise (http://localhost:36403/__cypress/runner/cypress_runner.js:165408:18)\n    at Promise._settlePromise0 (http://localhost:36403/__cypress/runner/cypress_runner.js:165453:10)\n    at Promise._settlePromises (http://localhost:36403/__cypress/runner/cypress_runner.js:165528:18)\n    at Async../node_modules/bluebird/js/release/async.js.Async._drainQueue (http://localhost:36403/__cypress/runner/cypress_runner.js:162140:16)\n    at Async../node_modules/bluebird/js/release/async.js.Async._drainQueues (http://localhost:36403/__cypress/runner/cypress_runner.js:162150:10)\n    at Async.drainQueues (http://localhost:36403/__cypress/runner/cypress_runner.js:162024:14)",
                "diff": null
              },
              "uuid": "9489217a-cd75-473c-a626-d2f57b30a5bb",
              "parentUUID": "2e0640a9-7c28-4e5c-acad-5c9ad62608d8",
              "isHook": false,
              "skipped": false
            }
          ],
          "suites": [],
          "passes": [],
          "failures": [
            "d50b4942-9955-4a3e-9834-065d2eb92872",
            "f56a133a-720d-49c3-be4f-cbcbc536ec35",
            "5b87c0f1-b7d9-474d-acca-8e83113858e6",
            "9489217a-cd75-473c-a626-d2f57b30a5bb"
          ],
[...]
                "diff": null
              },
              "uuid": "24219098-8740-44c5-a9c0-9ec689199eda",
              "parentUUID": "2e48ede2-c0ec-4cef-965f-ab066cb69ac9",
              "isHook": false,
              "skipped": false
            },
            {
              "title": "Verifica se o novo quadro tem todos os pixels preenchidos com a cor branca",
              "fullTitle": "10 - Faça o quadro de pixels ter seu tamanho definido pelo usuário. Verifica se o novo quadro tem todos os pixels preenchidos com a cor branca",
              "timedOut": null,
              "duration": 4807,
              "state": "failed",
              "speed": null,
              "pass": false,
              "fail": true,
              "pending": false,
              "context": null,
              "code": "cy.get('#board-size').clear().type(6);\ncy.get('#generate-board').click();\ncy.get('.pixel').should('have.length', 36).each(function (pixel) {\n  expect(pixel).to.have.css('background-color', WHITE);\n});",
              "err": {
                "message": "CypressError: Timed out retrying: Expected to find element: '#board-size', but never found it.",
                "estack": "CypressError: Timed out retrying: Expected to find element: '#board-size', but never found it.\n    at cypressErr (http://localhost:36403/__cypress/runner/cypress_runner.js:149934:9)\n    at throwErr (http://localhost:36403/__cypress/runner/cypress_runner.js:149867:11)\n    at Object.throwErrByPath (http://localhost:36403/__cypress/runner/cypress_runner.js:149915:3)\n    at retry (http://localhost:36403/__cypress/runner/cypress_runner.js:144197:19)\n    at onFailFn (http://localhost:36403/__cypress/runner/cypress_runner.js:132448:16)\n    at tryCatcher (http://localhost:36403/__cypress/runner/cypress_runner.js:167415:23)\n    at Promise._settlePromiseFromHandler (http://localhost:36403/__cypress/runner/cypress_runner.js:165351:31)\n    at Promise._settlePromise (http://localhost:36403/__cypress/runner/cypress_runner.js:165408:18)\n    at Promise._settlePromise0 (http://localhost:36403/__cypress/runner/cypress_runner.js:165453:10)\n    at Promise._settlePromises (http://localhost:36403/__cypress/runner/cypress_runner.js:165528:18)\n    at Async../node_modules/bluebird/js/release/async.js.Async._drainQueue (http://localhost:36403/__cypress/runner/cypress_runner.js:162140:16)\n    at Async../node_modules/bluebird/js/release/async.js.Async._drainQueues (http://localhost:36403/__cypress/runner/cypress_runner.js:162150:10)\n    at Async.drainQueues (http://localhost:36403/__cypress/runner/cypress_runner.js:162024:14)",
                "diff": null
              },
              "uuid": "d818e7cc-b433-4047-8c80-825f30e4d083",
              "parentUUID": "2e48ede2-c0ec-4cef-965f-ab066cb69ac9",
              "isHook": false,
              "skipped": false
            }
          ],
          "suites": [],
          "passes": [],
          "failures": [
            "97ab394b-6d26-4c6d-9b9b-fde2acf23b94",
            "1f036ddf-805f-4b92-877d-0b3fcac3e3cd",
            "cf71c4cb-2f37-49f9-902c-65e50535f7c3",
            "157dcc86-de40-45a2-8d70-a85e2c603153",
            "ca4eda79-a2a4-4a1f-a09c-e6c1bb2d5d0d",
            "60ca1803-7c7c-4f0d-a0ad-c1f9264c3d36",
            "36aba99e-bb80-4fe9-b910-ff00796dc877",
            "24219098-8740-44c5-a9c0-9ec689199eda",
            "d818e7cc-b433-4047-8c80-825f30e4d083"
          ],
          "pending": [],
          "skipped": [],
          "duration": 42737,
          "root": false,
          "rootEmpty": false,
          "_timeout": 2000
        },
        {
          "uuid": "89556f04-4845-4419-be02-1908e5a01f9a",
          "title": "11 - Limite o tamanho mínimo e máximo do board.",
          "fullFile": "",
          "file": "",
          "beforeHooks": [],
          "afterHooks": [],
          "tests": [
            {
              "title": "Verifica se a altura máxima do board é 50",
              "fullTitle": "11 - Limite o tamanho mínimo e máximo do board. Verifica se a altura máxima do board é 50",
              "timedOut": null,
              "duration": 4832,
              "state": "failed",
              "speed": null,
              "pass": false,
              "fail": true,
              "pending": false,
              "context": null,
              "code": "cy.get('#board-size').clear().type(50);\ncy.get('#generate-board').click();\ncy.get('.pixel').should('have.length', 2500);",
              "err": {
                "message": "CypressError: Timed out retrying: Expected to find element: '#board-size', but never found it.",
                "estack": "CypressError: Timed out retrying: Expected to find element: '#board-size', but never found it.\n    at cypressErr (http://localhost:36403/__cypress/runner/cypress_runner.js:149934:9)\n    at throwErr (http://localhost:36403/__cypress/runner/cypress_runner.js:149867:11)\n    at Object.throwErrByPath (http://localhost:36403/__cypress/runner/cypress_runner.js:149915:3)\n    at retry (http://localhost:36403/__cypress/runner/cypress_runner.js:144197:19)\n    at onFailFn (http://localhost:36403/__cypress/runner/cypress_runner.js:132448:16)\n    at tryCatcher (http://localhost:36403/__cypress/runner/cypress_runner.js:167415:23)\n    at Promise._settlePromiseFromHandler (http://localhost:36403/__cypress/runner/cypress_runner.js:165351:31)\n    at Promise._settlePromise (http://localhost:36403/__cypress/runner/cypress_runner.js:165408:18)\n    at Promise._settlePromise0 (http://localhost:36403/__cypress/runner/cypress_runner.js:165453:10)\n    at Promise._settlePromises (http://localhost:36403/__cypress/runner/cypress_runner.js:165528:18)\n    at Async../node_modules/bluebird/js/release/async.js.Async._drainQueue (http://localhost:36403/__cypress/runner/cypress_runner.js:162140:16)\n    at Async../node_modules/bluebird/js/release/async.js.Async._drainQueues (http://localhost:36403/__cypress/runner/cypress_runner.js:162150:10)\n    at Async.drainQueues (http://localhost:36403/__cypress/runner/cypress_runner.js:162024:14)",
                "diff": null
              },
              "uuid": "e3d268ab-6342-4a62-823a-3644edc20b0e",
              "parentUUID": "89556f04-4845-4419-be02-1908e5a01f9a",
              "isHook": false,
              "skipped": false
            },
            {
              "title": "Verifica se a altura do board é 5 quando um valor menor é colocado no input",
              "fullTitle": "11 - Limite o tamanho mínimo e máximo do board. Verifica se a altura do board é 5 quando um valor menor é colocado no input",
              "timedOut": null,
              "duration": 4810,
              "state": "failed",
              "speed": null,
              "pass": false,
              "fail": true,
              "pending": false,
              "context": null,
              "code": "cy.get('#board-size').clear().type(4);\ncy.get('#generate-board').click();\ncy.get('.pixel').should('have.length', 25);",
              "err": {
                "message": "CypressError: Timed out retrying: Expected to find element: '#board-size', but never found it.",
                "estack": "CypressError: Timed out retrying: Expected to find element: '#board-size', but never found it.\n    at cypressErr (http://localhost:36403/__cypress/runner/cypress_runner.js:149934:9)\n    at throwErr (http://localhost:36403/__cypress/runner/cypress_runner.js:149867:11)\n    at Object.throwErrByPath (http://localhost:36403/__cypress/runner/cypress_runner.js:149915:3)\n    at retry (http://localhost:36403/__cypress/runner/cypress_runner.js:144197:19)\n    at onFailFn (http://localhost:36403/__cypress/runner/cypress_runner.js:132448:16)\n    at tryCatcher (http://localhost:36403/__cypress/runner/cypress_runner.js:167415:23)\n    at Promise._settlePromiseFromHandler (http://localhost:36403/__cypress/runner/cypress_runner.js:165351:31)\n    at Promise._settlePromise (http://localhost:36403/__cypress/runner/cypress_runner.js:165408:18)\n    at Promise._settlePromise0 (http://localhost:36403/__cypress/runner/cypress_runner.js:165453:10)\n    at Promise._settlePromises (http://localhost:36403/__cypress/runner/cypress_runner.js:165528:18)\n    at Async../node_modules/bluebird/js/release/async.js.Async._drainQueue (http://localhost:36403/__cypress/runner/cypress_runner.js:162140:16)\n    at Async../node_modules/bluebird/js/release/async.js.Async._drainQueues (http://localhost:36403/__cypress/runner/cypress_runner.js:162150:10)\n    at Async.drainQueues (http://localhost:36403/__cypress/runner/cypress_runner.js:162024:14)",
                "diff": null
              },
              "uuid": "0728e11d-ca7f-4d33-8e60-a3e45eccd7a7",
              "parentUUID": "89556f04-4845-4419-be02-1908e5a01f9a",
              "isHook": false,
              "skipped": false
            },
            {
              "title": "Verifica se a altura do board é 50 quando um valor maior é colocado no input",
              "fullTitle": "11 - Limite o tamanho mínimo e máximo do board. Verifica se a altura do board é 50 quando um valor maior é colocado no input",
              "timedOut": null,
              "duration": 4833,
              "state": "failed",
              "speed": null,
              "pass": false,
              "fail": true,
              "pending": false,
              "context": null,
              "code": "cy.get('#board-size').clear().type(51);\ncy.get('#generate-board').click();\ncy.get('.pixel').should('have.length', 2500);",
              "err": {
                "message": "CypressError: Timed out retrying: Expected to find element: '#board-size', but never found it.",
                "estack": "CypressError: Timed out retrying: Expected to find element: '#board-size', but never found it.\n    at cypressErr (http://localhost:36403/__cypress/runner/cypress_runner.js:149934:9)\n    at throwErr (http://localhost:36403/__cypress/runner/cypress_runner.js:149867:11)\n    at Object.throwErrByPath (http://localhost:36403/__cypress/runner/cypress_runner.js:149915:3)\n    at retry (http://localhost:36403/__cypress/runner/cypress_runner.js:144197:19)\n    at onFailFn (http://localhost:36403/__cypress/runner/cypress_runner.js:132448:16)\n    at tryCatcher (http://localhost:36403/__cypress/runner/cypress_runner.js:167415:23)\n    at Promise._settlePromiseFromHandler (http://localhost:36403/__cypress/runner/cypress_runner.js:165351:31)\n    at Promise._settlePromise (http://localhost:36403/__cypress/runner/cypress_runner.js:165408:18)\n    at Promise._settlePromise0 (http://localhost:36403/__cypress/runner/cypress_runner.js:165453:10)\n    at Promise._settlePromises (http://localhost:36403/__cypress/runner/cypress_runner.js:165528:18)\n    at Async../node_modules/bluebird/js/release/async.js.Async._drainQueue (http://localhost:36403/__cypress/runner/cypress_runner.js:162140:16)\n    at Async../node_modules/bluebird/js/release/async.js.Async._drainQueues (http://localhost:36403/__cypress/runner/cypress_runner.js:162150:10)\n    at Async.drainQueues (http://localhost:36403/__cypress/runner/cypress_runner.js:162024:14)",
                "diff": null
              },
              "uuid": "3ccaf3e4-8aaa-4f84-bd21-65d0d7d17096",
              "parentUUID": "89556f04-4845-4419-be02-1908e5a01f9a",
              "isHook": false,
              "skipped": false
            }
          ],
          "suites": [],
          "passes": [],
          "failures": [
            "e3d268ab-6342-4a62-823a-3644edc20b0e",
            "0728e11d-ca7f-4d33-8e60-a3e45eccd7a7",
            "3ccaf3e4-8aaa-4f84-bd21-65d0d7d17096"
          ],
          "pending": [],
          "skipped": [],
          "duration": 14475,
          "root": false,
          "rootEmpty": false,
          "_timeout": 2000
        },
        {
          "uuid": "cf74c0db-e640-4c1f-bf73-bcb312734933",
          "title": "12 - Faça com que as cores da paleta sejam geradas aleatoriamente ao carregar a página.",
          "fullFile": "",
          "file": "",
          "beforeHooks": [],
          "afterHooks": [],
          "tests": [
            {
              "title": "Verifica se as cores geradas na paleta são diferentes a cada carregamento da página",
              "fullTitle": "12 - Faça com que as cores da paleta sejam geradas aleatoriamente ao carregar a página. Verifica se as cores geradas na paleta são diferentes a cada carregamento da página",
              "timedOut": null,
              "duration": 4737,
              "state": "failed",
              "speed": null,
              "pass": false,
              "fail": true,
              "pending": false,
              "context": null,
              "code": "cy.get('.color').then(function (colors) {\n  var currentColors;\n  var previousColors;\n  previousColors = Array.from(colors).map(function (color) {\n    return Cypress.$(color).css('background-color');\n  });\n  for (var i = 0; i < 5; i += 1) {\n    cy.reload();\n    cy.get('.color').then(function (colors) {\n      currentColors = Array.from(colors).map(function (color) {\n        return Cypress.$(color).css('background-color');\n      });\n      expect(currentColors).not.to.deep.equal(previousColors);\n      previousColors = currentColors;\n    });\n  }\n});",
              "err": {
                "message": "CypressError: Timed out retrying: Expected to find element: '.color', but never found it.",
                "estack": "CypressError: Timed out retrying: Expected to find element: '.color', but never found it.\n    at cypressErr (http://localhost:36403/__cypress/runner/cypress_runner.js:149934:9)\n    at throwErr (http://localhost:36403/__cypress/runner/cypress_runner.js:149867:11)\n    at Object.throwErrByPath (http://localhost:36403/__cypress/runner/cypress_runner.js:149915:3)\n    at retry (http://localhost:36403/__cypress/runner/cypress_runner.js:144197:19)\n    at onFailFn (http://localhost:36403/__cypress/runner/cypress_runner.js:132448:16)\n    at tryCatcher (http://localhost:36403/__cypress/runner/cypress_runner.js:167415:23)\n    at Promise._settlePromiseFromHandler (http://localhost:36403/__cypress/runner/cypress_runner.js:165351:31)\n    at Promise._settlePromise (http://localhost:36403/__cypress/runner/cypress_runner.js:165408:18)\n    at Promise._settlePromise0 (http://localhost:36403/__cypress/runner/cypress_runner.js:165453:10)\n    at Promise._settlePromises (http://localhost:36403/__cypress/runner/cypress_runner.js:165528:18)\n    at Async../node_modules/bluebird/js/release/async.js.Async._drainQueue (http://localhost:36403/__cypress/runner/cypress_runner.js:162140:16)\n    at Async../node_modules/bluebird/js/release/async.js.Async._drainQueues (http://localhost:36403/__cypress/runner/cypress_runner.js:162150:10)\n    at Async.drainQueues (http://localhost:36403/__cypress/runner/cypress_runner.js:162024:14)",
                "diff": null
              },
              "uuid": "2d8f9014-ad7a-4d7c-a6d2-86d1e3089654",
              "parentUUID": "cf74c0db-e640-4c1f-bf73-bcb312734933",
              "isHook": false,
              "skipped": false
            },
            {
              "title": "Verifica se a cor preta ainda está presente e é a primeira na sua paleta de cores",
              "fullTitle": "12 - Faça com que as cores da paleta sejam geradas aleatoriamente ao carregar a página. Verifica se a cor preta ainda está presente e é a primeira na sua paleta de cores",
              "timedOut": null,
              "duration": 4685,
              "state": "failed",
              "speed": null,
              "pass": false,
              "fail": true,
              "pending": false,
              "context": null,
              "code": "cy.get('.color').then(function (colors) {\n  var currentColors;\n  var previousColors;\n  previousColors = Array.from(colors).map(function (color) {\n    return Cypress.$(color).css('background-color');\n  });\n  expect(previousColors[0]).to.eq(BLACK);\n  for (var i = 0; i < 5; i += 1) {\n    cy.reload();\n    cy.get('.color').then(function (colors) {\n      currentColors = Array.from(colors).map(function (color) {\n        return Cypress.$(color).css('background-color');\n      });\n      expect(currentColors[0]).to.eq(BLACK);\n      expect(currentColors).not.to.deep.equal(previousColors);\n      previousColors = currentColors;\n    });\n  }\n});",
              "err": {
                "message": "CypressError: Timed out retrying: Expected to find element: '.color', but never found it.",
                "estack": "CypressError: Timed out retrying: Expected to find element: '.color', but never found it.\n    at cypressErr (http://localhost:36403/__cypress/runner/cypress_runner.js:149934:9)\n    at throwErr (http://localhost:36403/__cypress/runner/cypress_runner.js:149867:11)\n    at Object.throwErrByPath (http://localhost:36403/__cypress/runner/cypress_runner.js:149915:3)\n    at retry (http://localhost:36403/__cypress/runner/cypress_runner.js:144197:19)\n    at onFailFn (http://localhost:36403/__cypress/runner/cypress_runner.js:132448:16)\n    at tryCatcher (http://localhost:36403/__cypress/runner/cypress_runner.js:167415:23)\n    at Promise._settlePromiseFromHandler (http://localhost:36403/__cypress/runner/cypress_runner.js:165351:31)\n    at Promise._settlePromise (http://localhost:36403/__cypress/runner/cypress_runner.js:165408:18)\n    at Promise._settlePromise0 (http://localhost:36403/__cypress/runner/cypress_runner.js:165453:10)\n    at Promise._settlePromises (http://localhost:36403/__cypress/runner/cypress_runner.js:165528:18)\n    at Async../node_modules/bluebird/js/release/async.js.Async._drainQueue (http://localhost:36403/__cypress/runner/cypress_runner.js:162140:16)\n    at Async../node_modules/bluebird/js/release/async.js.Async._drainQueues (http://localhost:36403/__cypress/runner/cypress_runner.js:162150:10)\n    at Async.drainQueues (http://localhost:36403/__cypress/runner/cypress_runner.js:162024:14)",
                "diff": null
              },
              "uuid": "0729081c-6708-43ef-8165-286f256356b3",
              "parentUUID": "cf74c0db-e640-4c1f-bf73-bcb312734933",
              "isHook": false,
              "skipped": false
            }
          ],
          "suites": [],
          "passes": [],
          "failures": [
            "2d8f9014-ad7a-4d7c-a6d2-86d1e3089654",
            "0729081c-6708-43ef-8165-286f256356b3"
          ],
          "pending": [],
          "skipped": [],
          "duration": 9422,
          "root": false,
          "rootEmpty": false,
          "_timeout": 2000
        }
      ],
      "passes": [],
      "failures": [],
      "pending": [],
      "skipped": [],
      "duration": 0,
      "root": true,
      "rootEmpty": true,
      "_timeout": 2000
    }
  ],
  "meta": {
    "mocha": {
      "version": "7.0.1"
    },
    "mochawesome": {
      "options": {
        "quiet": false,
        "reportFilename": "mochawesome",
        "saveHtml": false,
        "saveJson": true,
        "consoleReporter": "spec",
        "useInlineDiffs": false
      },
      "version": "4.1.0"
    },
    "marge": {
      "options": {
        "id": "default",
        "reportDir": "cypress/reports",
        "overwrite": true,
        "html": false,
        "json": true
      },
      "version": "4.1.0"
    }
  }
}