{
  "stats": {
    "suites": 12,
    "tests": 41,
    "passes": 25,
    "pending": 0,
    "failures": 16,
    "start": "2021-09-11T18:55:46.706Z",
    "end": "2021-09-11T18:57:36.481Z",
    "duration": 109775,
    "testsRegistered": 41,
    "passPercent": 60.97560975609756,
    "pendingPercent": 0,
    "other": 0,
    "hasOther": false,
    "skipped": 0,
    "hasSkipped": false
  },
  "results": [
    {
      "uuid": "67d4b35b-8a32-4485-9ad2-16a4cfe4cab2",
      "title": "",
      "fullFile": "cypress/integration/project.spec.js",
      "file": "cypress/integration/project.spec.js",
      "beforeHooks": [],
      "afterHooks": [],
      "tests": [],
      "suites": [
        {
          "uuid": "7bf30b48-6421-4a42-ac61-65309a33d829",
          "title": "1 - Adicione à página o título \"Paleta de Cores\".",
          "fullFile": "",
          "file": "",
          "beforeHooks": [],
          "afterHooks": [],
          "tests": [
            {
              "title": "Verifica se contém um elemento `h1` com o id `title` com o título correto",
              "fullTitle": "1 - Adicione à página o título \"Paleta de Cores\". Verifica se contém um elemento `h1` com o id `title` com o título correto",
              "timedOut": null,
              "duration": 560,
              "state": "passed",
              "speed": "slow",
              "pass": true,
              "fail": false,
              "pending": false,
              "context": null,
              "code": "cy.get('h1#title').should('contain.text', 'Paleta de Cores');",
              "err": {},
              "uuid": "f7d90545-ac2b-4c86-a4d0-d205b9329de5",
              "parentUUID": "7bf30b48-6421-4a42-ac61-65309a33d829",
              "isHook": false,
              "skipped": false
            }
          ],
          "suites": [],
          "passes": [
            "f7d90545-ac2b-4c86-a4d0-d205b9329de5"
          ],
          "failures": [],
          "pending": [],
          "skipped": [],
          "duration": 560,
          "root": false,
          "rootEmpty": false,
          "_timeout": 2000
        },
        {
          "uuid": "4dd838de-06af-4000-8b4b-234f5ff0f8ad",
          "title": "2 - Adicione à página uma paleta de quatro cores distintas.",
          "fullFile": "",
          "file": "",
          "beforeHooks": [],
          "afterHooks": [],
          "tests": [
            {
              "title": "A paleta de cores deve ser um elemento com `id` denominado `color-palette`",
              "fullTitle": "2 - Adicione à página uma paleta de quatro cores distintas. A paleta de cores deve ser um elemento com `id` denominado `color-palette`",
              "timedOut": null,
              "duration": 454,
              "state": "passed",
              "speed": "slow",
              "pass": true,
              "fail": false,
              "pending": false,
              "context": null,
              "code": "cy.get('#color-palette').should('be.visible');\ncy.get('#color-palette').children('.color');",
              "err": {},
              "uuid": "c69f9a3f-9162-4e1e-a2b6-2bc397ad6c0a",
              "parentUUID": "4dd838de-06af-4000-8b4b-234f5ff0f8ad",
              "isHook": false,
              "skipped": false
            },
            {
              "title": "Verifica se cada cor individual da paleta de cores possui a `classe` chamada `color`.",
              "fullTitle": "2 - Adicione à página uma paleta de quatro cores distintas. Verifica se cada cor individual da paleta de cores possui a `classe` chamada `color`.",
              "timedOut": null,
              "duration": 405,
              "state": "passed",
              "speed": "slow",
              "pass": true,
              "fail": false,
              "pending": false,
              "context": null,
              "code": "cy.get('.color').should('have.length', 4).then(function (colors) {\n  for (var i = 0; i < colors.length; i++) {\n    cy.wrap(colors[i]).should('be.visible');\n  }\n});",
              "err": {},
              "uuid": "932bae36-b242-4288-97ed-5f81f2e5d3a5",
              "parentUUID": "4dd838de-06af-4000-8b4b-234f5ff0f8ad",
              "isHook": false,
              "skipped": false
            },
            {
              "title": "Verifica se a cor de fundo de cada elemento da paleta é a cor que o elemento representa. **A única cor não permitida na paleta é a cor branca.**",
              "fullTitle": "2 - Adicione à página uma paleta de quatro cores distintas. Verifica se a cor de fundo de cada elemento da paleta é a cor que o elemento representa. **A única cor não permitida na paleta é a cor branca.**",
              "timedOut": null,
              "duration": 436,
              "state": "passed",
              "speed": "slow",
              "pass": true,
              "fail": false,
              "pending": false,
              "context": null,
              "code": "cy.get('.color').each(function (color) {\n  cy.wrap(color).should('have.class', 'color').and('not.have.css', 'background-color', WHITE);\n  cy.wrap(color).should('have.css', 'background-color');\n});",
              "err": {},
              "uuid": "69a21745-120c-4ef3-82b6-20f983b4a2e0",
              "parentUUID": "4dd838de-06af-4000-8b4b-234f5ff0f8ad",
              "isHook": false,
              "skipped": false
            },
            {
              "title": "Verifica se cada elemento da paleta de cores tem uma borda preta, sólida e com 1 pixel de largura;",
              "fullTitle": "2 - Adicione à página uma paleta de quatro cores distintas. Verifica se cada elemento da paleta de cores tem uma borda preta, sólida e com 1 pixel de largura;",
              "timedOut": null,
              "duration": 259,
              "state": "passed",
              "speed": "slow",
              "pass": true,
              "fail": false,
              "pending": false,
              "context": null,
              "code": "cy.get('.color').each(function (color) {\n  cy.wrap(color).and('have.css', 'border', \"1px solid \".concat(BLACK)).and('have.class', 'color');\n});",
              "err": {},
              "uuid": "3ac3cb9d-bd76-4ce2-981d-ebdeb59ab523",
              "parentUUID": "4dd838de-06af-4000-8b4b-234f5ff0f8ad",
              "isHook": false,
              "skipped": false
            },
            {
              "title": "Verifica se a paleta lista todas as cores disponíveis para utilização, lado a lado.",
              "fullTitle": "2 - Adicione à página uma paleta de quatro cores distintas. Verifica se a paleta lista todas as cores disponíveis para utilização, lado a lado.",
              "timedOut": null,
              "duration": 169,
              "state": "passed",
              "speed": "slow",
              "pass": true,
              "fail": false,
              "pending": false,
              "context": null,
              "code": "cy.get('.color').then(function (colors) {\n  for (var index = 1; index < colors.length; index += 1) {\n    var currentColor = colors[index];\n    var previousColor = colors[index - 1];\n    cy.wrap(currentColor).should('be.onTheRightOf', previousColor).and('be.horizontallyAlignedWith', previousColor);\n  }\n});",
              "err": {},
              "uuid": "996cb94a-3c64-4d66-ac21-60725fdecb81",
              "parentUUID": "4dd838de-06af-4000-8b4b-234f5ff0f8ad",
              "isHook": false,
              "skipped": false
            },
            {
              "title": "Verifica se a paleta de cores está posicionada abaixo do título 'Paleta de Cores'",
              "fullTitle": "2 - Adicione à página uma paleta de quatro cores distintas. Verifica se a paleta de cores está posicionada abaixo do título 'Paleta de Cores'",
              "timedOut": null,
              "duration": 215,
              "state": "passed",
              "speed": "slow",
              "pass": true,
              "fail": false,
              "pending": false,
              "context": null,
              "code": "cy.get('h1#title').then(function (title) {\n  cy.get('#color-palette').should('be.belowOf', title);\n});",
              "err": {},
              "uuid": "8ed7c0b7-73a0-4d07-8c0d-fe71d5151258",
              "parentUUID": "4dd838de-06af-4000-8b4b-234f5ff0f8ad",
              "isHook": false,
              "skipped": false
            },
            {
              "title": "Verifica se a paleta de cores não contém cores repetidas.",
              "fullTitle": "2 - Adicione à página uma paleta de quatro cores distintas. Verifica se a paleta de cores não contém cores repetidas.",
              "timedOut": null,
              "duration": 170,
              "state": "passed",
              "speed": "slow",
              "pass": true,
              "fail": false,
              "pending": false,
              "context": null,
              "code": "cy.get('.color').then(function (colors) {\n  var allColors = Array.from(colors).map(function (color) {\n    return Cypress.$(color).css('background-color');\n  });\n  cy.log(allColors);\n  var uniqColors = (0, _toConsumableArray2[\"default\"])(new Set(allColors));\n  cy.log(uniqColors);\n  expect(allColors.length).to.eq(uniqColors.length);\n});",
              "err": {},
              "uuid": "00df8431-9e86-4811-8c53-950e65d93f42",
              "parentUUID": "4dd838de-06af-4000-8b4b-234f5ff0f8ad",
              "isHook": false,
              "skipped": false
            }
          ],
          "suites": [],
          "passes": [
            "c69f9a3f-9162-4e1e-a2b6-2bc397ad6c0a",
            "932bae36-b242-4288-97ed-5f81f2e5d3a5",
            "69a21745-120c-4ef3-82b6-20f983b4a2e0",
            "3ac3cb9d-bd76-4ce2-981d-ebdeb59ab523",
            "996cb94a-3c64-4d66-ac21-60725fdecb81",
            "8ed7c0b7-73a0-4d07-8c0d-fe71d5151258",
            "00df8431-9e86-4811-8c53-950e65d93f42"
          ],
          "failures": [],
          "pending": [],
          "skipped": [],
          "duration": 2108,
          "root": false,
          "rootEmpty": false,
          "_timeout": 2000
        },
        {
          "uuid": "ba416bb5-2989-44ef-ad2d-28742db7a809",
          "title": "3 - Adicione a cor **preta** como a primeira cor da paleta de cores.",
          "fullFile": "",
          "file": "",
          "beforeHooks": [],
          "afterHooks": [],
          "tests": [
            {
              "title": "Verifica se a primeira cor da paleta é preta",
              "fullTitle": "3 - Adicione a cor **preta** como a primeira cor da paleta de cores. Verifica se a primeira cor da paleta é preta",
              "timedOut": null,
              "duration": 232,
              "state": "passed",
              "speed": "slow",
              "pass": true,
              "fail": false,
              "pending": false,
              "context": null,
              "code": "cy.get('.color').first().should('have.css', 'background-color', BLACK);",
              "err": {},
              "uuid": "4ba0a6ab-222f-402d-a6a2-179c733095ed",
              "parentUUID": "ba416bb5-2989-44ef-ad2d-28742db7a809",
              "isHook": false,
              "skipped": false
            },
            {
              "title": "Verifica se as demais cores podem ser escolhidas livremente.",
              "fullTitle": "3 - Adicione a cor **preta** como a primeira cor da paleta de cores. Verifica se as demais cores podem ser escolhidas livremente.",
              "timedOut": null,
              "duration": 335,
              "state": "passed",
              "speed": "slow",
              "pass": true,
              "fail": false,
              "pending": false,
              "context": null,
              "code": "cy.get('.color').eq(1).should('not.have.css', 'background-color', BLACK);\ncy.get('.color').eq(1).should('not.have.css', 'background-color', WHITE);\ncy.get('.color').eq(1).should('not.have.css', 'background-color', 'rgba(0, 0, 0, 0)');\ncy.get('.color').eq(1).should('have.css', 'background-color');\ncy.get('.color').eq(2).should('not.have.css', 'background-color', BLACK);\ncy.get('.color').eq(2).should('not.have.css', 'background-color', WHITE);\ncy.get('.color').eq(2).should('not.have.css', 'background-color', 'rgba(0, 0, 0, 0)');\ncy.get('.color').eq(2).should('have.css', 'background-color');\ncy.get('.color').eq(3).should('not.have.css', 'background-color', BLACK);\ncy.get('.color').eq(3).should('not.have.css', 'background-color', WHITE);\ncy.get('.color').eq(3).should('not.have.css', 'background-color', 'rgba(0, 0, 0, 0)');\ncy.get('.color').eq(3).should('have.css', 'background-color');",
              "err": {},
              "uuid": "114f55f0-6b52-4084-8d5d-68e76587b9a4",
              "parentUUID": "ba416bb5-2989-44ef-ad2d-28742db7a809",
              "isHook": false,
              "skipped": false
            }
          ],
          "suites": [],
          "passes": [
            "4ba0a6ab-222f-402d-a6a2-179c733095ed",
            "114f55f0-6b52-4084-8d5d-68e76587b9a4"
          ],
          "failures": [],
          "pending": [],
          "skipped": [],
          "duration": 567,
          "root": false,
          "rootEmpty": false,
          "_timeout": 2000
        },
        {
          "uuid": "ad64ed2e-8ac5-40f8-99fa-edd56eb2167b",
          "title": "4 - Adicione à página um quadro de pixels, com 25 pixels.",
          "fullFile": "",
          "file": "",
          "beforeHooks": [],
          "afterHooks": [],
          "tests": [
            {
              "title": "Verifica se o quadro de pixels possui o `id` denominado `pixel-board`",
              "fullTitle": "4 - Adicione à página um quadro de pixels, com 25 pixels. Verifica se o quadro de pixels possui o `id` denominado `pixel-board`",
              "timedOut": null,
              "duration": 247,
              "state": "passed",
              "speed": "slow",
              "pass": true,
              "fail": false,
              "pending": false,
              "context": null,
              "code": "cy.get('#pixel-board').should('be.visible');",
              "err": {},
              "uuid": "7f0fddd1-374f-499b-af7f-129dc521b925",
              "parentUUID": "ad64ed2e-8ac5-40f8-99fa-edd56eb2167b",
              "isHook": false,
              "skipped": false
            },
            {
              "title": "Verifica se cada pixel individual dentro do quadro possui a `classe` denominada `pixel`.",
              "fullTitle": "4 - Adicione à página um quadro de pixels, com 25 pixels. Verifica se cada pixel individual dentro do quadro possui a `classe` denominada `pixel`.",
              "timedOut": null,
              "duration": 231,
              "state": "passed",
              "speed": "slow",
              "pass": true,
              "fail": false,
              "pending": false,
              "context": null,
              "code": "cy.get('.pixel').should('have.length', 25);",
              "err": {},
              "uuid": "a3d6b322-8260-4f0e-bc8e-2c99636da535",
              "parentUUID": "ad64ed2e-8ac5-40f8-99fa-edd56eb2167b",
              "isHook": false,
              "skipped": false
            },
            {
              "title": "Verifica se a cor inicial dos pixels dentro do quadro, ao abrir a página, é branca.",
              "fullTitle": "4 - Adicione à página um quadro de pixels, com 25 pixels. Verifica se a cor inicial dos pixels dentro do quadro, ao abrir a página, é branca.",
              "timedOut": null,
              "duration": 511,
              "state": "passed",
              "speed": "slow",
              "pass": true,
              "fail": false,
              "pending": false,
              "context": null,
              "code": "cy.get('.pixel').should('have.length', 25).each(function (pixel) {\n  expect(pixel).to.have.css('background-color', WHITE);\n});",
              "err": {},
              "uuid": "75503c57-903b-40ce-9480-329a656ea0ad",
              "parentUUID": "ad64ed2e-8ac5-40f8-99fa-edd56eb2167b",
              "isHook": false,
              "skipped": false
            },
            {
              "title": "Verifica se o quadro de pixels aparece abaixo da paleta de cores",
              "fullTitle": "4 - Adicione à página um quadro de pixels, com 25 pixels. Verifica se o quadro de pixels aparece abaixo da paleta de cores",
              "timedOut": null,
              "duration": 283,
              "state": "passed",
              "speed": "slow",
              "pass": true,
              "fail": false,
              "pending": false,
              "context": null,
              "code": "cy.get('#color-palette').then(function (palette) {\n  cy.get('#pixel-board').should('be.belowOf', palette);\n});",
              "err": {},
              "uuid": "59f0cd77-337c-41db-921a-dc6110efa383",
              "parentUUID": "ad64ed2e-8ac5-40f8-99fa-edd56eb2167b",
              "isHook": false,
              "skipped": false
            }
          ],
          "suites": [],
          "passes": [
            "7f0fddd1-374f-499b-af7f-129dc521b925",
            "a3d6b322-8260-4f0e-bc8e-2c99636da535",
            "75503c57-903b-40ce-9480-329a656ea0ad",
            "59f0cd77-337c-41db-921a-dc6110efa383"
          ],
          "failures": [],
          "pending": [],
          "skipped": [],
          "duration": 1272,
          "root": false,
          "rootEmpty": false,
          "_timeout": 2000
        },
        {
          "uuid": "55f4eb97-5302-40a0-9527-8d69a7cbb5fd",
          "title": "5 - Faça com que cada elemento do quadro de pixels possua 40 pixels de largura, 40 pixels de altura e seja delimitado por uma borda preta de 1 pixel.",
          "fullFile": "",
          "file": "",
          "beforeHooks": [],
          "afterHooks": [],
          "tests": [
            {
              "title": "Verifica se o quadro de pixels tem altura e comprimento de 5 elementos",
              "fullTitle": "5 - Faça com que cada elemento do quadro de pixels possua 40 pixels de largura, 40 pixels de altura e seja delimitado por uma borda preta de 1 pixel. Verifica se o quadro de pixels tem altura e comprimento de 5 elementos",
              "timedOut": null,
              "duration": 709,
              "state": "passed",
              "speed": "slow",
              "pass": true,
              "fail": false,
              "pending": false,
              "context": null,
              "code": "cy.get('.pixel').should('have.length', 25).each(function (pixel) {\n  expect(pixel).to.have.css('background-color', WHITE);\n}).and(function (pixels) {\n  var rows = chunk(pixels, 5);\n  rows.forEach(function (row) {\n    for (var index = 1; index < row.length; index += 1) {\n      var current = pixels[index];\n      var previous = pixels[index - 1];\n      cy.wrap(current).should('be.onTheRightOf', previous).and('be.horizontallyAlignedWith', previous);\n    }\n  });\n  for (var index = 1; index < 5; index += 1) {\n    expect(pixels[index * 5]).to.be.belowOf(pixels[(index - 1) * 5]);\n  }\n});",
              "err": {},
              "uuid": "07010a70-3b1d-48de-a7f4-23054eb2fa4b",
              "parentUUID": "55f4eb97-5302-40a0-9527-8d69a7cbb5fd",
              "isHook": false,
              "skipped": false
            },
            {
              "title": "Verifica se 40 pixels é o tamanho total do elemento, incluindo seu conteúdo e excluindo a borda preta, que deve ser criada à parte.",
              "fullTitle": "5 - Faça com que cada elemento do quadro de pixels possua 40 pixels de largura, 40 pixels de altura e seja delimitado por uma borda preta de 1 pixel. Verifica se 40 pixels é o tamanho total do elemento, incluindo seu conteúdo e excluindo a borda preta, que deve ser criada à parte.",
              "timedOut": null,
              "duration": 630,
              "state": "passed",
              "speed": "slow",
              "pass": true,
              "fail": false,
              "pending": false,
              "context": null,
              "code": "cy.get('.pixel').each(function (pixel) {\n  cy.wrap(pixel).should('have.css', 'height', '40px').and('have.css', 'width', '40px').and('have.css', 'border', \"1px solid \".concat(BLACK));\n});",
              "err": {},
              "uuid": "671c1182-4c6b-48b9-affb-f81b78a1a3ff",
              "parentUUID": "55f4eb97-5302-40a0-9527-8d69a7cbb5fd",
              "isHook": false,
              "skipped": false
            }
          ],
          "suites": [],
          "passes": [
            "07010a70-3b1d-48de-a7f4-23054eb2fa4b",
            "671c1182-4c6b-48b9-affb-f81b78a1a3ff"
          ],
          "failures": [],
          "pending": [],
          "skipped": [],
          "duration": 1339,
          "root": false,
          "rootEmpty": false,
          "_timeout": 2000
        },
        {
          "uuid": "1ffac9ad-b99d-4cc5-92af-c2dcb0758fa8",
          "title": "6 - Defina a cor preta como cor inicial. Ao carregar a página a cor preta já deve estar selecionada para pintar os pixels",
          "fullFile": "",
          "file": "",
          "beforeHooks": [],
          "afterHooks": [],
          "tests": [
            {
              "title": "Verifica se o elemento da cor preta possui, inicialmente, a `classe` `selected`",
              "fullTitle": "6 - Defina a cor preta como cor inicial. Ao carregar a página a cor preta já deve estar selecionada para pintar os pixels Verifica se o elemento da cor preta possui, inicialmente, a `classe` `selected`",
              "timedOut": null,
              "duration": 251,
              "state": "passed",
              "speed": "slow",
              "pass": true,
              "fail": false,
              "pending": false,
              "context": null,
              "code": "cy.get('.selected').first().should('have.css', 'background-color', BLACK);",
              "err": {},
              "uuid": "854eb991-1f74-4f04-81c1-9baf996f1d96",
              "parentUUID": "1ffac9ad-b99d-4cc5-92af-c2dcb0758fa8",
              "isHook": false,
              "skipped": false
            },
            {
              "title": "Verifica se nenhuma outra cor da paleta tem a `classe` `selected`",
              "fullTitle": "6 - Defina a cor preta como cor inicial. Ao carregar a página a cor preta já deve estar selecionada para pintar os pixels Verifica se nenhuma outra cor da paleta tem a `classe` `selected`",
              "timedOut": null,
              "duration": 314,
              "state": "passed",
              "speed": "slow",
              "pass": true,
              "fail": false,
              "pending": false,
              "context": null,
              "code": "cy.get('.color:not(:first-child)').each(function (color) {\n  cy.wrap(color).should('not.have.class', 'selected');\n});",
              "err": {},
              "uuid": "fb5406ea-3991-46a5-aa3f-7b09aec43219",
              "parentUUID": "1ffac9ad-b99d-4cc5-92af-c2dcb0758fa8",
              "isHook": false,
              "skipped": false
            }
          ],
          "suites": [],
          "passes": [
            "854eb991-1f74-4f04-81c1-9baf996f1d96",
            "fb5406ea-3991-46a5-aa3f-7b09aec43219"
          ],
          "failures": [],
          "pending": [],
          "skipped": [],
          "duration": 565,
          "root": false,
          "rootEmpty": false,
          "_timeout": 2000
        },
        {
          "uuid": "83613ef9-f7df-4645-9829-97373cf36146",
          "title": "7 - Clicar em uma das cores da paleta, faz com que ela seja selecionada e utilizada para preencher os pixels no quadro.",
          "fullFile": "",
          "file": "",
          "beforeHooks": [],
          "afterHooks": [],
          "tests": [
            {
              "title": "Verifica se somente uma cor da paleta de cores tem a classe `selected` de cada vez",
              "fullTitle": "7 - Clicar em uma das cores da paleta, faz com que ela seja selecionada e utilizada para preencher os pixels no quadro. Verifica se somente uma cor da paleta de cores tem a classe `selected` de cada vez",
              "timedOut": null,
              "duration": 749,
              "state": "passed",
              "speed": "slow",
              "pass": true,
              "fail": false,
              "pending": false,
              "context": null,
              "code": "cy.get('.color').each(function (selectedColor, selectedColorIndex) {\n  cy.wrap(selectedColor).click();\n  cy.get('.color').each(function (color, colorIndex) {\n    if (colorIndex === selectedColorIndex) {\n      expect(color).to.have[\"class\"]('selected');\n    } else {\n      expect(color).not.to.have[\"class\"]('selected');\n    }\n  });\n});",
              "err": {},
              "uuid": "540f7372-1684-4fd6-b77f-26aa280ccf68",
              "parentUUID": "83613ef9-f7df-4645-9829-97373cf36146",
              "isHook": false,
              "skipped": false
            },
            {
              "title": "Verifica se os pixels dentro do quadro não têm a classe `selected` quando são clicados",
              "fullTitle": "7 - Clicar em uma das cores da paleta, faz com que ela seja selecionada e utilizada para preencher os pixels no quadro. Verifica se os pixels dentro do quadro não têm a classe `selected` quando são clicados",
              "timedOut": null,
              "duration": 9407,
              "state": "passed",
              "speed": "slow",
              "pass": true,
              "fail": false,
              "pending": false,
              "context": null,
              "code": "cy.get('.color').each(function (color) {\n  var backgroundColor = color.css('background-color');\n  cy.wrap(color).click();\n  cy.get('.pixel').each(function (pixel) {\n    cy.wrap(pixel).click().should('not.have.class', 'selected');\n  });\n});",
              "err": {},
              "uuid": "f5d18325-4a6b-4ab3-9c17-e2fbbe6fe0a4",
              "parentUUID": "83613ef9-f7df-4645-9829-97373cf36146",
              "isHook": false,
              "skipped": false
            }
          ],
          "suites": [],
          "passes": [
            "540f7372-1684-4fd6-b77f-26aa280ccf68",
            "f5d18325-4a6b-4ab3-9c17-e2fbbe6fe0a4"
          ],
          "failures": [],
          "pending": [],
          "skipped": [],
          "duration": 10156,
          "root": false,
          "rootEmpty": false,
          "_timeout": 2000
        },
        {
          "uuid": "8312c905-f02d-4711-84d0-09db4d95a7df",
          "title": "8 - Clicar em um pixel dentro do quadro após selecionar uma cor na paleta, faz com que o pixel seja preenchido com a cor selecionada.",
          "fullFile": "",
          "file": "",
          "beforeHooks": [],
          "afterHooks": [],
          "tests": [
            {
              "title": "Verifica se ao carregar a página deve ser possível pintar os pixels de preto",
              "fullTitle": "8 - Clicar em um pixel dentro do quadro após selecionar uma cor na paleta, faz com que o pixel seja preenchido com a cor selecionada. Verifica se ao carregar a página deve ser possível pintar os pixels de preto",
              "timedOut": null,
              "duration": 2446,
              "state": "passed",
              "speed": "slow",
              "pass": true,
              "fail": false,
              "pending": false,
              "context": null,
              "code": "cy.get('.pixel').each(function (pixel) {\n  cy.wrap(pixel).click().should('have.css', 'background-color', BLACK);\n});",
              "err": {},
              "uuid": "22ece643-ab8c-4b41-a113-defc21c99833",
              "parentUUID": "8312c905-f02d-4711-84d0-09db4d95a7df",
              "isHook": false,
              "skipped": false
            },
            {
              "title": "Verifica se após selecionar uma outra cor na paleta, é possível pintar os pixels com essa cor",
              "fullTitle": "8 - Clicar em um pixel dentro do quadro após selecionar uma cor na paleta, faz com que o pixel seja preenchido com a cor selecionada. Verifica se após selecionar uma outra cor na paleta, é possível pintar os pixels com essa cor",
              "timedOut": null,
              "duration": 9216,
              "state": "passed",
              "speed": "slow",
              "pass": true,
              "fail": false,
              "pending": false,
              "context": null,
              "code": "cy.get('.color').each(function (color) {\n  var backgroundColor = color.css('background-color');\n  cy.wrap(color).click();\n  cy.get('.pixel').each(function (pixel) {\n    cy.wrap(pixel).click().should('have.css', 'background-color', backgroundColor);\n  });\n});",
              "err": {},
              "uuid": "9f2ae54b-1863-49c6-be79-97a629ddcee8",
              "parentUUID": "8312c905-f02d-4711-84d0-09db4d95a7df",
              "isHook": false,
              "skipped": false
            },
            {
              "title": "Verifica se somente o pixel que foi clicado foi preenchido com a cor selecionada, sem influenciar na cor dos demais pixels.",
              "fullTitle": "8 - Clicar em um pixel dentro do quadro após selecionar uma cor na paleta, faz com que o pixel seja preenchido com a cor selecionada. Verifica se somente o pixel que foi clicado foi preenchido com a cor selecionada, sem influenciar na cor dos demais pixels.",
              "timedOut": null,
              "duration": 2184,
              "state": "passed",
              "speed": "slow",
              "pass": true,
              "fail": false,
              "pending": false,
              "context": null,
              "code": "var colorToPixelIndexMap = {\n  0: 6,\n  1: 8,\n  2: 16,\n  3: 18\n};\ncy.get('.color').each(function (color, index) {\n  cy.wrap(color).click();\n  var backgroundColor = color.css('background-color');\n  var clickedPixelIndex = colorToPixelIndexMap[index];\n  cy.get('.pixel').eq(clickedPixelIndex).click();\n  cy.get('.pixel').eq(clickedPixelIndex - 1).should('not.have.css', 'background-color', backgroundColor);\n  cy.get('.pixel').eq(clickedPixelIndex + 1).should('not.have.css', 'background-color', backgroundColor);\n  cy.get('.pixel').eq(clickedPixelIndex - 5).should('not.have.css', 'background-color', backgroundColor);\n  cy.get('.pixel').eq(clickedPixelIndex + 5).should('not.have.css', 'background-color', backgroundColor);\n  cy.get('.pixel').eq(clickedPixelIndex - 6).should('not.have.css', 'background-color', backgroundColor);\n  cy.get('.pixel').eq(clickedPixelIndex - 4).should('not.have.css', 'background-color', backgroundColor);\n  cy.get('.pixel').eq(clickedPixelIndex + 4).should('not.have.css', 'background-color', backgroundColor);\n  cy.get('.pixel').eq(clickedPixelIndex + 6).should('not.have.css', 'background-color', backgroundColor);\n});",
              "err": {},
              "uuid": "b65d58cd-c66d-4b13-9859-56acdba6d919",
              "parentUUID": "8312c905-f02d-4711-84d0-09db4d95a7df",
              "isHook": false,
              "skipped": false
            }
          ],
          "suites": [],
          "passes": [
            "22ece643-ab8c-4b41-a113-defc21c99833",
            "9f2ae54b-1863-49c6-be79-97a629ddcee8",
            "b65d58cd-c66d-4b13-9859-56acdba6d919"
          ],
          "failures": [],
          "pending": [],
          "skipped": [],
          "duration": 13846,
          "root": false,
          "rootEmpty": false,
          "_timeout": 2000
        },
        {
          "uuid": "794de9c5-c86c-4ca8-a063-d1f3fbb2cbb5",
          "title": "9 - Crie um botão que, ao ser clicado, limpa o quadro preenchendo a cor de todos seus pixels com branco.",
          "fullFile": "",
          "file": "",
          "beforeHooks": [],
          "afterHooks": [],
          "tests": [
            {
              "title": "Verifica se o botão tem o `id` denominado `clear-board`",
              "fullTitle": "9 - Crie um botão que, ao ser clicado, limpa o quadro preenchendo a cor de todos seus pixels com branco. Verifica se o botão tem o `id` denominado `clear-board`",
              "timedOut": null,
              "duration": 4578,
              "state": "failed",
              "speed": null,
              "pass": false,
              "fail": true,
              "pending": false,
              "context": null,
              "code": "cy.get('#clear-board').should('be.visible');",
              "err": {
                "message": "CypressError: Timed out retrying: Expected to find element: '#clear-board', but never found it.",
                "estack": "CypressError: Timed out retrying: Expected to find element: '#clear-board', but never found it.\n    at cypressErr (http://localhost:36871/__cypress/runner/cypress_runner.js:149934:9)\n    at throwErr (http://localhost:36871/__cypress/runner/cypress_runner.js:149867:11)\n    at Object.throwErrByPath (http://localhost:36871/__cypress/runner/cypress_runner.js:149915:3)\n    at retry (http://localhost:36871/__cypress/runner/cypress_runner.js:144197:19)\n    at onFailFn (http://localhost:36871/__cypress/runner/cypress_runner.js:132448:16)\n    at tryCatcher (http://localhost:36871/__cypress/runner/cypress_runner.js:167415:23)\n    at Promise._settlePromiseFromHandler (http://localhost:36871/__cypress/runner/cypress_runner.js:165351:31)\n    at Promise._settlePromise (http://localhost:36871/__cypress/runner/cypress_runner.js:165408:18)\n    at Promise._settlePromise0 (http://localhost:36871/__cypress/runner/cypress_runner.js:165453:10)\n    at Promise._settlePromises (http://localhost:36871/__cypress/runner/cypress_runner.js:165528:18)\n    at Async../node_modules/bluebird/js/release/async.js.Async._drainQueue (http://localhost:36871/__cypress/runner/cypress_runner.js:162140:16)\n    at Async../node_modules/bluebird/js/release/async.js.Async._drainQueues (http://localhost:36871/__cypress/runner/cypress_runner.js:162150:10)\n    at Async.drainQueues (http://localhost:36871/__cypress/runner/cypress_runner.js:162024:14)",
                "diff": null
              },
              "uuid": "4a7596e9-ebdc-45df-a8c0-e0d43dad87e6",
              "parentUUID": "794de9c5-c86c-4ca8-a063-d1f3fbb2cbb5",
              "isHook": false,
              "skipped": false
            },
            {
              "title": "Verifica se o botão está posicionado entre a paleta de cores e o quadro de pixels",
              "fullTitle": "9 - Crie um botão que, ao ser clicado, limpa o quadro preenchendo a cor de todos seus pixels com branco. Verifica se o botão está posicionado entre a paleta de cores e o quadro de pixels",
              "timedOut": null,
              "duration": 4497,
              "state": "failed",
              "speed": null,
              "pass": false,
              "fail": true,
              "pending": false,
              "context": null,
              "code": "cy.get('#color-palette').then(function (palette) {\n  cy.get('#clear-board').should('be.belowOf', palette);\n});\ncy.get('#clear-board').then(function (clearBtn) {\n  cy.get('#pixel-board').should('be.belowOf', clearBtn);\n});",
              "err": {
                "message": "CypressError: Timed out retrying: Expected to find element: '#clear-board', but never found it.",
                "estack": "CypressError: Timed out retrying: Expected to find element: '#clear-board', but never found it.\n    at cypressErr (http://localhost:36871/__cypress/runner/cypress_runner.js:149934:9)\n    at throwErr (http://localhost:36871/__cypress/runner/cypress_runner.js:149867:11)\n    at Object.throwErrByPath (http://localhost:36871/__cypress/runner/cypress_runner.js:149915:3)\n    at retry (http://localhost:36871/__cypress/runner/cypress_runner.js:144197:19)\n    at onFailFn (http://localhost:36871/__cypress/runner/cypress_runner.js:132448:16)\n    at tryCatcher (http://localhost:36871/__cypress/runner/cypress_runner.js:167415:23)\n    at Promise._settlePromiseFromHandler (http://localhost:36871/__cypress/runner/cypress_runner.js:165351:31)\n    at Promise._settlePromise (http://localhost:36871/__cypress/runner/cypress_runner.js:165408:18)\n    at Promise._settlePromise0 (http://localhost:36871/__cypress/runner/cypress_runner.js:165453:10)\n    at Promise._settlePromises (http://localhost:36871/__cypress/runner/cypress_runner.js:165528:18)\n    at Async../node_modules/bluebird/js/release/async.js.Async._drainQueue (http://localhost:36871/__cypress/runner/cypress_runner.js:162140:16)\n    at Async../node_modules/bluebird/js/release/async.js.Async._drainQueues (http://localhost:36871/__cypress/runner/cypress_runner.js:162150:10)\n    at Async.drainQueues (http://localhost:36871/__cypress/runner/cypress_runner.js:162024:14)",
                "diff": null
              },
              "uuid": "a9c0d978-36be-4d1e-8d7b-6c1998d442eb",
              "parentUUID": "794de9c5-c86c-4ca8-a063-d1f3fbb2cbb5",
              "isHook": false,
              "skipped": false
            },
            {
              "title": "Verifica se o texto do botão é 'Limpar'",
              "fullTitle": "9 - Crie um botão que, ao ser clicado, limpa o quadro preenchendo a cor de todos seus pixels com branco. Verifica se o texto do botão é 'Limpar'",
              "timedOut": null,
              "duration": 4531,
              "state": "failed",
              "speed": null,
              "pass": false,
              "fail": true,
              "pending": false,
              "context": null,
              "code": "cy.get('#clear-board').should('contain.text', 'Limpar');",
              "err": {
                "message": "CypressError: Timed out retrying: Expected to find element: '#clear-board', but never found it.",
                "estack": "CypressError: Timed out retrying: Expected to find element: '#clear-board', but never found it.\n    at cypressErr (http://localhost:36871/__cypress/runner/cypress_runner.js:149934:9)\n    at throwErr (http://localhost:36871/__cypress/runner/cypress_runner.js:149867:11)\n    at Object.throwErrByPath (http://localhost:36871/__cypress/runner/cypress_runner.js:149915:3)\n    at retry (http://localhost:36871/__cypress/runner/cypress_runner.js:144197:19)\n    at onFailFn (http://localhost:36871/__cypress/runner/cypress_runner.js:132448:16)\n    at tryCatcher (http://localhost:36871/__cypress/runner/cypress_runner.js:167415:23)\n    at Promise._settlePromiseFromHandler (http://localhost:36871/__cypress/runner/cypress_runner.js:165351:31)\n    at Promise._settlePromise (http://localhost:36871/__cypress/runner/cypress_runner.js:165408:18)\n    at Promise._settlePromise0 (http://localhost:36871/__cypress/runner/cypress_runner.js:165453:10)\n    at Promise._settlePromises (http://localhost:36871/__cypress/runner/cypress_runner.js:165528:18)\n    at Async../node_modules/bluebird/js/release/async.js.Async._drainQueue (http://localhost:36871/__cypress/runner/cypress_runner.js:162140:16)\n    at Async../node_modules/bluebird/js/release/async.js.Async._drainQueues (http://localhost:36871/__cypress/runner/cypress_runner.js:162150:10)\n    at Async.drainQueues (http://localhost:36871/__cypress/runner/cypress_runner.js:162024:14)",
                "diff": null
              },
              "uuid": "6c51bddc-9749-41be-9214-f064d4a81a89",
              "parentUUID": "794de9c5-c86c-4ca8-a063-d1f3fbb2cbb5",
              "isHook": false,
              "skipped": false
            },
            {
              "title": "Verifica se ao clicar no botão, o quadro de pixels é totalmente preenchido de branco",
              "fullTitle": "9 - Crie um botão que, ao ser clicado, limpa o quadro preenchendo a cor de todos seus pixels com branco. Verifica se ao clicar no botão, o quadro de pixels é totalmente preenchido de branco",
              "timedOut": null,
              "duration": 6858,
              "state": "failed",
              "speed": null,
              "pass": false,
              "fail": true,
              "pending": false,
              "context": null,
              "code": "cy.get('.color').eq(1).then(function (color) {\n  var backgroundColor = color.css('background-color');\n  cy.wrap(color).click();\n  cy.get('.pixel').each(function (pixel) {\n    cy.wrap(pixel).click().should('have.css', 'background-color', backgroundColor);\n  });\n});\ncy.get('#clear-board').click();\ncy.get('.pixel').each(function (pixel) {\n  cy.wrap(pixel).should('have.css', 'background-color', WHITE);\n});",
              "err": {
                "message": "CypressError: Timed out retrying: Expected to find element: '#clear-board', but never found it.",
                "estack": "CypressError: Timed out retrying: Expected to find element: '#clear-board', but never found it.\n    at cypressErr (http://localhost:36871/__cypress/runner/cypress_runner.js:149934:9)\n    at throwErr (http://localhost:36871/__cypress/runner/cypress_runner.js:149867:11)\n    at Object.throwErrByPath (http://localhost:36871/__cypress/runner/cypress_runner.js:149915:3)\n    at retry (http://localhost:36871/__cypress/runner/cypress_runner.js:144197:19)\n    at onFailFn (http://localhost:36871/__cypress/runner/cypress_runner.js:132448:16)\n    at tryCatcher (http://localhost:36871/__cypress/runner/cypress_runner.js:167415:23)\n    at Promise._settlePromiseFromHandler (http://localhost:36871/__cypress/runner/cypress_runner.js:165351:31)\n    at Promise._settlePromise (http://localhost:36871/__cypress/runner/cypress_runner.js:165408:18)\n    at Promise._settlePromise0 (http://localhost:36871/__cypress/runner/cypress_runner.js:165453:10)\n    at Promise._settlePromises (http://localhost:36871/__cypress/runner/cypress_runner.js:165528:18)\n    at Async../node_modules/bluebird/js/release/async.js.Async._drainQueue (http://localhost:36871/__cypress/runner/cypress_runner.js:162140:16)\n    at Async../node_modules/bluebird/js/release/async.js.Async._drainQueues (http://localhost:36871/__cypress/runner/cypress_runner.js:162150:10)\n    at Async.drainQueues (http://localhost:36871/__cypress/runner/cypress_runner.js:162024:14)",
                "diff": null
              },
              "uuid": "6017c52a-bfb9-4e07-8fb7-2e3b6e09b321",
              "parentUUID": "794de9c5-c86c-4ca8-a063-d1f3fbb2cbb5",
              "isHook": false,
              "skipped": false
            }
          ],
          "suites": [],
          "passes": [],
          "failures": [
            "4a7596e9-ebdc-45df-a8c0-e0d43dad87e6",
            "a9c0d978-36be-4d1e-8d7b-6c1998d442eb",
            "6c51bddc-9749-41be-9214-f064d4a81a89",
            "6017c52a-bfb9-4e07-8fb7-2e3b6e09b321"
          ],
          "pending": [],
          "skipped": [],
          "duration": 20464,
          "root": false,
          "rootEmpty": false,
          "_timeout": 2000
        },
        {
          "uuid": "61883731-36a3-460b-bedc-cd3461b9de10",
          "title": "10 - Faça o quadro de pixels ter seu tamanho definido pelo usuário.",
          "fullFile": "",
          "file": "",
          "beforeHooks": [],
          "afterHooks": [],
          "tests": [
            {
              "title": "Verifica se existe um input com o id `board-size`",
              "fullTitle": "10 - Faça o quadro de pixels ter seu tamanho definido pelo usuário. Verifica se existe um input com o id `board-size`",
              "timedOut": null,
              "duration": 4613,
              "state": "failed",
              "speed": null,
              "pass": false,
              "fail": true,
              "pending": false,
              "context": null,
              "code": "cy.get('#board-size').should('be.visible');",
              "err": {
                "message": "CypressError: Timed out retrying: Expected to find element: '#board-size', but never found it.",
                "estack": "CypressError: Timed out retrying: Expected to find element: '#board-size', but never found it.\n    at cypressErr (http://localhost:36871/__cypress/runner/cypress_runner.js:149934:9)\n    at throwErr (http://localhost:36871/__cypress/runner/cypress_runner.js:149867:11)\n    at Object.throwErrByPath (http://localhost:36871/__cypress/runner/cypress_runner.js:149915:3)\n    at retry (http://localhost:36871/__cypress/runner/cypress_runner.js:144197:19)\n    at onFailFn (http://localhost:36871/__cypress/runner/cypress_runner.js:132448:16)\n    at tryCatcher (http://localhost:36871/__cypress/runner/cypress_runner.js:167415:23)\n    at Promise._settlePromiseFromHandler (http://localhost:36871/__cypress/runner/cypress_runner.js:165351:31)\n    at Promise._settlePromise (http://localhost:36871/__cypress/runner/cypress_runner.js:165408:18)\n    at Promise._settlePromise0 (http://localhost:36871/__cypress/runner/cypress_runner.js:165453:10)\n    at Promise._settlePromises (http://localhost:36871/__cypress/runner/cypress_runner.js:165528:18)\n    at Async../node_modules/bluebird/js/release/async.js.Async._drainQueue (http://localhost:36871/__cypress/runner/cypress_runner.js:162140:16)\n    at Async../node_modules/bluebird/js/release/async.js.Async._drainQueues (http://localhost:36871/__cypress/runner/cypress_runner.js:162150:10)\n    at Async.drainQueues (http://localhost:36871/__cypress/runner/cypress_runner.js:162024:14)",
                "diff": null
              },
              "uuid": "33de5dfd-b549-4fa2-b250-fcdbc9a6d857",
              "parentUUID": "61883731-36a3-460b-bedc-cd3461b9de10",
              "isHook": false,
              "skipped": false
            },
            {
              "title": "Verifica se existe um botão com o id `generate-board`",
              "fullTitle": "10 - Faça o quadro de pixels ter seu tamanho definido pelo usuário. Verifica se existe um botão com o id `generate-board`",
              "timedOut": null,
              "duration": 4620,
              "state": "failed",
              "speed": null,
              "pass": false,
              "fail": true,
              "pending": false,
              "context": null,
              "code": "cy.get('#generate-board').should('be.visible');",
              "err": {
                "message": "CypressError: Timed out retrying: Expected to find element: '#generate-board', but never found it.",
                "estack": "CypressError: Timed out retrying: Expected to find element: '#generate-board', but never found it.\n    at cypressErr (http://localhost:36871/__cypress/runner/cypress_runner.js:149934:9)\n    at throwErr (http://localhost:36871/__cypress/runner/cypress_runner.js:149867:11)\n    at Object.throwErrByPath (http://localhost:36871/__cypress/runner/cypress_runner.js:149915:3)\n    at retry (http://localhost:36871/__cypress/runner/cypress_runner.js:144197:19)\n    at onFailFn (http://localhost:36871/__cypress/runner/cypress_runner.js:132448:16)\n    at tryCatcher (http://localhost:36871/__cypress/runner/cypress_runner.js:167415:23)\n    at Promise._settlePromiseFromHandler (http://localhost:36871/__cypress/runner/cypress_runner.js:165351:31)\n    at Promise._settlePromise (http://localhost:36871/__cypress/runner/cypress_runner.js:165408:18)\n    at Promise._settlePromise0 (http://localhost:36871/__cypress/runner/cypress_runner.js:165453:10)\n    at Promise._settlePromises (http://localhost:36871/__cypress/runner/cypress_runner.js:165528:18)\n    at Async../node_modules/bluebird/js/release/async.js.Async._drainQueue (http://localhost:36871/__cypress/runner/cypress_runner.js:162140:16)\n    at Async../node_modules/bluebird/js/release/async.js.Async._drainQueues (http://localhost:36871/__cypress/runner/cypress_runner.js:162150:10)\n    at Async.drainQueues (http://localhost:36871/__cypress/runner/cypress_runner.js:162024:14)",
                "diff": null
              },
              "uuid": "f8f2d338-b521-4c6b-a9c8-70cff600002a",
              "parentUUID": "61883731-36a3-460b-bedc-cd3461b9de10",
              "isHook": false,
              "skipped": false
            },
            {
              "title": "Verifica se o input só aceita número maiores que zero. Essa restrição deve ser feita usando os atributos do elemento `input`",
              "fullTitle": "10 - Faça o quadro de pixels ter seu tamanho definido pelo usuário. Verifica se o input só aceita número maiores que zero. Essa restrição deve ser feita usando os atributos do elemento `input`",
              "timedOut": null,
              "duration": 4582,
              "state": "failed",
              "speed": null,
              "pass": false,
              "fail": true,
              "pending": false,
              "context": null,
              "code": "cy.get('#board-size[type=\\'number\\'][min=\\'1\\']');",
              "err": {
                "message": "CypressError: Timed out retrying: Expected to find element: '#board-size[type='number'][min='1']', but never found it.",
                "estack": "CypressError: Timed out retrying: Expected to find element: '#board-size[type='number'][min='1']', but never found it.\n    at cypressErr (http://localhost:36871/__cypress/runner/cypress_runner.js:149934:9)\n    at throwErr (http://localhost:36871/__cypress/runner/cypress_runner.js:149867:11)\n    at Object.throwErrByPath (http://localhost:36871/__cypress/runner/cypress_runner.js:149915:3)\n    at retry (http://localhost:36871/__cypress/runner/cypress_runner.js:144197:19)\n    at onFailFn (http://localhost:36871/__cypress/runner/cypress_runner.js:132448:16)\n    at tryCatcher (http://localhost:36871/__cypress/runner/cypress_runner.js:167415:23)\n    at Promise._settlePromiseFromHandler (http://localhost:36871/__cypress/runner/cypress_runner.js:165351:31)\n    at Promise._settlePromise (http://localhost:36871/__cypress/runner/cypress_runner.js:165408:18)\n    at Promise._settlePromise0 (http://localhost:36871/__cypress/runner/cypress_runner.js:165453:10)\n    at Promise._settlePromises (http://localhost:36871/__cypress/runner/cypress_runner.js:165528:18)\n    at Async../node_modules/bluebird/js/release/async.js.Async._drainQueue (http://localhost:36871/__cypress/runner/cypress_runner.js:162140:16)\n    at Async../node_modules/bluebird/js/release/async.js.Async._drainQueues (http://localhost:36871/__cypress/runner/cypress_runner.js:162150:10)\n    at Async.drainQueues (http://localhost:36871/__cypress/runner/cypress_runner.js:162024:14)",
                "diff": null
              },
              "uuid": "75dba50d-7d0b-48e1-9bde-185ad531d103",
              "parentUUID": "61883731-36a3-460b-bedc-cd3461b9de10",
              "isHook": false,
              "skipped": false
            },
            {
              "title": "Verifica se o botão contém o texto 'VQV'",
              "fullTitle": "10 - Faça o quadro de pixels ter seu tamanho definido pelo usuário. Verifica se o botão contém o texto 'VQV'",
              "timedOut": null,
              "duration": 4591,
              "state": "failed",
              "speed": null,
              "pass": false,
              "fail": true,
              "pending": false,
              "context": null,
              "code": "cy.get('#generate-board').contains(/vqv/i);",
              "err": {
                "message": "CypressError: Timed out retrying: Expected to find element: '#generate-board', but never found it.",
                "estack": "CypressError: Timed out retrying: Expected to find element: '#generate-board', but never found it.\n    at cypressErr (http://localhost:36871/__cypress/runner/cypress_runner.js:149934:9)\n    at throwErr (http://localhost:36871/__cypress/runner/cypress_runner.js:149867:11)\n    at Object.throwErrByPath (http://localhost:36871/__cypress/runner/cypress_runner.js:149915:3)\n    at retry (http://localhost:36871/__cypress/runner/cypress_runner.js:144197:19)\n    at onFailFn (http://localhost:36871/__cypress/runner/cypress_runner.js:132448:16)\n    at tryCatcher (http://localhost:36871/__cypress/runner/cypress_runner.js:167415:23)\n    at Promise._settlePromiseFromHandler (http://localhost:36871/__cypress/runner/cypress_runner.js:165351:31)\n    at Promise._settlePromise (http://localhost:36871/__cypress/runner/cypress_runner.js:165408:18)\n    at Promise._settlePromise0 (http://localhost:36871/__cypress/runner/cypress_runner.js:165453:10)\n    at Promise._settlePromises (http://localhost:36871/__cypress/runner/cypress_runner.js:165528:18)\n    at Async../node_modules/bluebird/js/release/async.js.Async._drainQueue (http://localhost:36871/__cypress/runner/cypress_runner.js:162140:16)\n    at Async../node_modules/bluebird/js/release/async.js.Async._drainQueues (http://localhost:36871/__cypress/runner/cypress_runner.js:162150:10)\n    at Async.drainQueues (http://localhost:36871/__cypress/runner/cypress_runner.js:162024:14)",
                "diff": null
              },
              "uuid": "c18832d2-4a00-4390-bfe3-39cb9335020f",
              "parentUUID": "61883731-36a3-460b-bedc-cd3461b9de10",
              "isHook": false,
              "skipped": false
            },
            {
              "title": "Verifica se o input está posicionado entre a paleta de cores e o quadro de pixels",
              "fullTitle": "10 - Faça o quadro de pixels ter seu tamanho definido pelo usuário. Verifica se o input está posicionado entre a paleta de cores e o quadro de pixels",
              "timedOut": null,
              "duration": 4570,
              "state": "failed",
              "speed": null,
              "pass": false,
              "fail": true,
              "pending": false,
              "context": null,
              "code": "cy.get('#color-palette').then(function (palette) {\n  cy.get('#board-size').should('be.belowOf', palette);\n});\ncy.get('#board-size').then(function (palette) {\n  cy.get('#pixel-board').should('be.belowOf', palette);\n});",
              "err": {
                "message": "CypressError: Timed out retrying: Expected to find element: '#board-size', but never found it.",
                "estack": "CypressError: Timed out retrying: Expected to find element: '#board-size', but never found it.\n    at cypressErr (http://localhost:36871/__cypress/runner/cypress_runner.js:149934:9)\n    at throwErr (http://localhost:36871/__cypress/runner/cypress_runner.js:149867:11)\n    at Object.throwErrByPath (http://localhost:36871/__cypress/runner/cypress_runner.js:149915:3)\n    at retry (http://localhost:36871/__cypress/runner/cypress_runner.js:144197:19)\n    at onFailFn (http://localhost:36871/__cypress/runner/cypress_runner.js:132448:16)\n    at tryCatcher (http://localhost:36871/__cypress/runner/cypress_runner.js:167415:23)\n    at Promise._settlePromiseFromHandler (http://localhost:36871/__cypress/runner/cypress_runner.js:165351:31)\n    at Promise._settlePromise (http://localhost:36871/__cypress/runner/cypress_runner.js:165408:18)\n    at Promise._settlePromise0 (http://localhost:36871/__cypress/runner/cypress_runner.js:165453:10)\n    at Promise._settlePromises (http://localhost:36871/__cypress/runner/cypress_runner.js:165528:18)\n    at Async../node_modules/bluebird/js/release/async.js.Async._drainQueue (http://localhost:36871/__cypress/runner/cypress_runner.js:162140:16)\n    at Async../node_modules/bluebird/js/release/async.js.Async._drainQueues (http://localhost:36871/__cypress/runner/cypress_runner.js:162150:10)\n    at Async.drainQueues (http://localhost:36871/__cypress/runner/cypress_runner.js:162024:14)",
                "diff": null
              },
              "uuid": "3c798ec6-fb01-4d0d-80b9-fba6e33a38e6",
              "parentUUID": "61883731-36a3-460b-bedc-cd3461b9de10",
              "isHook": false,
              "skipped": false
            },
            {
              "title": "Verifica se o botão está posicionado ao lado do input",
              "fullTitle": "10 - Faça o quadro de pixels ter seu tamanho definido pelo usuário. Verifica se o botão está posicionado ao lado do input",
              "timedOut": null,
              "duration": 4552,
              "state": "failed",
              "speed": null,
              "pass": false,
              "fail": true,
              "pending": false,
              "context": null,
              "code": "cy.get('#board-size').then(function (board) {\n  cy.get('#generate-board').should('be.onTheRightOf', board);\n});",
              "err": {
                "message": "CypressError: Timed out retrying: Expected to find element: '#board-size', but never found it.",
                "estack": "CypressError: Timed out retrying: Expected to find element: '#board-size', but never found it.\n    at cypressErr (http://localhost:36871/__cypress/runner/cypress_runner.js:149934:9)\n    at throwErr (http://localhost:36871/__cypress/runner/cypress_runner.js:149867:11)\n    at Object.throwErrByPath (http://localhost:36871/__cypress/runner/cypress_runner.js:149915:3)\n    at retry (http://localhost:36871/__cypress/runner/cypress_runner.js:144197:19)\n    at onFailFn (http://localhost:36871/__cypress/runner/cypress_runner.js:132448:16)\n    at tryCatcher (http://localhost:36871/__cypress/runner/cypress_runner.js:167415:23)\n    at Promise._settlePromiseFromHandler (http://localhost:36871/__cypress/runner/cypress_runner.js:165351:31)\n    at Promise._settlePromise (http://localhost:36871/__cypress/runner/cypress_runner.js:165408:18)\n    at Promise._settlePromise0 (http://localhost:36871/__cypress/runner/cypress_runner.js:165453:10)\n    at Promise._settlePromises (http://localhost:36871/__cypress/runner/cypress_runner.js:165528:18)\n    at Async../node_modules/bluebird/js/release/async.js.Async._drainQueue (http://localhost:36871/__cypress/runner/cypress_runner.js:162140:16)\n    at Async../node_modules/bluebird/js/release/async.js.Async._drainQueues (http://localhost:36871/__cypress/runner/cypress_runner.js:162150:10)\n    at Async.drainQueues (http://localhost:36871/__cypress/runner/cypress_runner.js:162024:14)",
                "diff": null
              },
              "uuid": "117cf3da-3e17-4cb0-9002-bcde57a9dfde",
              "parentUUID": "61883731-36a3-460b-bedc-cd3461b9de10",
              "isHook": false,
              "skipped": false
            },
            {
              "title": "Verifica se nenhum valor for colocado no input ao clicar no botão, um `alert` é exibido com o texto: 'Board inválido!'",
              "fullTitle": "10 - Faça o quadro de pixels ter seu tamanho definido pelo usuário. Verifica se nenhum valor for colocado no input ao clicar no botão, um `alert` é exibido com o texto: 'Board inválido!'",
              "timedOut": null,
              "duration": 4566,
              "state": "failed",
              "speed": null,
              "pass": false,
              "fail": true,
              "pending": false,
              "context": null,
              "code": "var alerted = false;\ncy.on('window:alert', function (msg) {\n  return alerted = msg;\n});\ncy.get('#generate-board').click().then(function () {\n  return expect(alerted).to.match(/Board inválido!/i);\n});",
              "err": {
                "message": "CypressError: Timed out retrying: Expected to find element: '#generate-board', but never found it.",
                "estack": "CypressError: Timed out retrying: Expected to find element: '#generate-board', but never found it.\n    at cypressErr (http://localhost:36871/__cypress/runner/cypress_runner.js:149934:9)\n    at throwErr (http://localhost:36871/__cypress/runner/cypress_runner.js:149867:11)\n    at Object.throwErrByPath (http://localhost:36871/__cypress/runner/cypress_runner.js:149915:3)\n    at retry (http://localhost:36871/__cypress/runner/cypress_runner.js:144197:19)\n    at onFailFn (http://localhost:36871/__cypress/runner/cypress_runner.js:132448:16)\n    at tryCatcher (http://localhost:36871/__cypress/runner/cypress_runner.js:167415:23)\n    at Promise._settlePromiseFromHandler (http://localhost:36871/__cypress/runner/cypress_runner.js:165351:31)\n    at Promise._settlePromise (http://localhost:36871/__cypress/runner/cypress_runner.js:165408:18)\n    at Promise._settlePromise0 (http://localhost:36871/__cypress/runner/cypress_runner.js:165453:10)\n    at Promise._settlePromises (http://localhost:36871/__cypress/runner/cypress_runner.js:165528:18)\n    at Async../node_modules/bluebird/js/release/async.js.Async._drainQueue (http://localhost:36871/__cypress/runner/cypress_runner.js:162140:16)\n    at Async../node_modules/bluebird/js/release/async.js.Async._drainQueues (http://localhost:36871/__cypress/runner/cypress_runner.js:162150:10)\n    at Async.drainQueues (http://localhost:36871/__cypress/runner/cypress_runner.js:162024:14)",
                "diff": null
              },
              "uuid": "2a5dc97e-36ba-4068-95f6-fec69a66d781",
              "parentUUID": "61883731-36a3-460b-bedc-cd3461b9de10",
              "isHook": false,
              "skipped": false
            },
            {
              "title": "Verifica se ao clicar no botão com um valor preenchido, o tamanho do board muda.",
              "fullTitle": "10 - Faça o quadro de pixels ter seu tamanho definido pelo usuário. Verifica se ao clicar no botão com um valor preenchido, o tamanho do board muda.",
              "timedOut": null,
              "duration": 4666,
              "state": "failed",
              "speed": null,
              "pass": false,
              "fail": true,
              "pending": false,
              "context": null,
              "code": "cy.get('#board-size').clear().type(10);\ncy.get('#generate-board').click();\ncy.get('.pixel').should('have.length', 100);",
              "err": {
                "message": "CypressError: Timed out retrying: Expected to find element: '#board-size', but never found it.",
                "estack": "CypressError: Timed out retrying: Expected to find element: '#board-size', but never found it.\n    at cypressErr (http://localhost:36871/__cypress/runner/cypress_runner.js:149934:9)\n    at throwErr (http://localhost:36871/__cypress/runner/cypress_runner.js:149867:11)\n    at Object.throwErrByPath (http://localhost:36871/__cypress/runner/cypress_runner.js:149915:3)\n    at retry (http://localhost:36871/__cypress/runner/cypress_runner.js:144197:19)\n    at onFailFn (http://localhost:36871/__cypress/runner/cypress_runner.js:132448:16)\n    at tryCatcher (http://localhost:36871/__cypress/runner/cypress_runner.js:167415:23)\n    at Promise._settlePromiseFromHandler (http://localhost:36871/__cypress/runner/cypress_runner.js:165351:31)\n    at Promise._settlePromise (http://localhost:36871/__cypress/runner/cypress_runner.js:165408:18)\n    at Promise._settlePromise0 (http://localhost:36871/__cypress/runner/cypress_runner.js:165453:10)\n    at Promise._settlePromises (http://localhost:36871/__cypress/runner/cypress_runner.js:165528:18)\n    at Async../node_modules/bluebird/js/release/async.js.Async._drainQueue (http://localhost:36871/__cypress/runner/cypress_runner.js:162140:16)\n    at Async../node_modules/bluebird/js/release/async.js.Async._drainQueues (http://localhost:36871/__cypress/runner/cypress_runner.js:162150:10)\n    at Async.drainQueues (http://localhost:36871/__cypress/runner/cypress_runner.js:162024:14)",
                "diff": null
              },
              "uuid": "21c3cea3-e707-4827-9bd8-e974e4713e27",
              "parentUUID": "61883731-36a3-460b-bedc-cd3461b9de10",
              "isHook": false,
              "skipped": false
            },
            {
              "title": "Verifica se o novo quadro tem todos os pixels preenchidos com a cor branca",
              "fullTitle": "10 - Faça o quadro de pixels ter seu tamanho definido pelo usuário. Verifica se o novo quadro tem todos os pixels preenchidos com a cor branca",
              "timedOut": null,
              "duration": 4549,
              "state": "failed",
              "speed": null,
              "pass": false,
              "fail": true,
              "pending": false,
              "context": null,
              "code": "cy.get('#board-size').clear().type(6);\ncy.get('#generate-board').click();\ncy.get('.pixel').should('have.length', 36).each(function (pixel) {\n  expect(pixel).to.have.css('background-color', WHITE);\n});",
              "err": {
                "message": "CypressError: Timed out retrying: Expected to find element: '#board-size', but never found it.",
                "estack": "CypressError: Timed out retrying: Expected to find element: '#board-size', but never found it.\n    at cypressErr (http://localhost:36871/__cypress/runner/cypress_runner.js:149934:9)\n    at throwErr (http://localhost:36871/__cypress/runner/cypress_runner.js:149867:11)\n    at Object.throwErrByPath (http://localhost:36871/__cypress/runner/cypress_runner.js:149915:3)\n    at retry (http://localhost:36871/__cypress/runner/cypress_runner.js:144197:19)\n    at onFailFn (http://localhost:36871/__cypress/runner/cypress_runner.js:132448:16)\n    at tryCatcher (http://localhost:36871/__cypress/runner/cypress_runner.js:167415:23)\n    at Promise._settlePromiseFromHandler (http://localhost:36871/__cypress/runner/cypress_runner.js:165351:31)\n    at Promise._settlePromise (http://localhost:36871/__cypress/runner/cypress_runner.js:165408:18)\n    at Promise._settlePromise0 (http://localhost:36871/__cypress/runner/cypress_runner.js:165453:10)\n    at Promise._settlePromises (http://localhost:36871/__cypress/runner/cypress_runner.js:165528:18)\n    at Async../node_modules/bluebird/js/release/async.js.Async._drainQueue (http://localhost:36871/__cypress/runner/cypress_runner.js:162140:16)\n    at Async../node_modules/bluebird/js/release/async.js.Async._drainQueues (http://localhost:36871/__cypress/runner/cypress_runner.js:162150:10)\n    at Async.drainQueues (http://localhost:36871/__cypress/runner/cypress_runner.js:162024:14)",
                "diff": null
              },
              "uuid": "325e0344-23ec-4c0b-aba5-9d0af12533ad",
              "parentUUID": "61883731-36a3-460b-bedc-cd3461b9de10",
              "isHook": false,
              "skipped": false
            }
          ],
          "suites": [],
          "passes": [],
          "failures": [
            "33de5dfd-b549-4fa2-b250-fcdbc9a6d857",
            "f8f2d338-b521-4c6b-a9c8-70cff600002a",
            "75dba50d-7d0b-48e1-9bde-185ad531d103",
            "c18832d2-4a00-4390-bfe3-39cb9335020f",
            "3c798ec6-fb01-4d0d-80b9-fba6e33a38e6",
            "117cf3da-3e17-4cb0-9002-bcde57a9dfde",
            "2a5dc97e-36ba-4068-95f6-fec69a66d781",
            "21c3cea3-e707-4827-9bd8-e974e4713e27",
            "325e0344-23ec-4c0b-aba5-9d0af12533ad"
          ],
          "pending": [],
          "skipped": [],
          "duration": 41309,
          "root": false,
          "rootEmpty": false,
          "_timeout": 2000
        },
        {
          "uuid": "e1c88850-6fe7-4cf2-aefe-0b36ba2d8045",
          "title": "11 - Limite o tamanho mínimo e máximo do board.",
          "fullFile": "",
          "file": "",
          "beforeHooks": [],
          "afterHooks": [],
          "tests": [
            {
              "title": "Verifica se a altura máxima do board é 50",
              "fullTitle": "11 - Limite o tamanho mínimo e máximo do board. Verifica se a altura máxima do board é 50",
              "timedOut": null,
              "duration": 4632,
              "state": "failed",
              "speed": null,
              "pass": false,
              "fail": true,
              "pending": false,
              "context": null,
              "code": "cy.get('#board-size').clear().type(50);\ncy.get('#generate-board').click();\ncy.get('.pixel').should('have.length', 2500);",
              "err": {
                "message": "CypressError: Timed out retrying: Expected to find element: '#board-size', but never found it.",
                "estack": "CypressError: Timed out retrying: Expected to find element: '#board-size', but never found it.\n    at cypressErr (http://localhost:36871/__cypress/runner/cypress_runner.js:149934:9)\n    at throwErr (http://localhost:36871/__cypress/runner/cypress_runner.js:149867:11)\n    at Object.throwErrByPath (http://localhost:36871/__cypress/runner/cypress_runner.js:149915:3)\n    at retry (http://localhost:36871/__cypress/runner/cypress_runner.js:144197:19)\n    at onFailFn (http://localhost:36871/__cypress/runner/cypress_runner.js:132448:16)\n    at tryCatcher (http://localhost:36871/__cypress/runner/cypress_runner.js:167415:23)\n    at Promise._settlePromiseFromHandler (http://localhost:36871/__cypress/runner/cypress_runner.js:165351:31)\n    at Promise._settlePromise (http://localhost:36871/__cypress/runner/cypress_runner.js:165408:18)\n    at Promise._settlePromise0 (http://localhost:36871/__cypress/runner/cypress_runner.js:165453:10)\n    at Promise._settlePromises (http://localhost:36871/__cypress/runner/cypress_runner.js:165528:18)\n    at Async../node_modules/bluebird/js/release/async.js.Async._drainQueue (http://localhost:36871/__cypress/runner/cypress_runner.js:162140:16)\n    at Async../node_modules/bluebird/js/release/async.js.Async._drainQueues (http://localhost:36871/__cypress/runner/cypress_runner.js:162150:10)\n    at Async.drainQueues (http://localhost:36871/__cypress/runner/cypress_runner.js:162024:14)",
                "diff": null
              },
              "uuid": "35c8b9b2-43b3-4056-8ab9-19d6430d1e10",
              "parentUUID": "e1c88850-6fe7-4cf2-aefe-0b36ba2d8045",
              "isHook": false,
              "skipped": false
            },
            {
              "title": "Verifica se a altura do board é 5 quando um valor menor é colocado no input",
              "fullTitle": "11 - Limite o tamanho mínimo e máximo do board. Verifica se a altura do board é 5 quando um valor menor é colocado no input",
              "timedOut": null,
              "duration": 4530,
              "state": "failed",
              "speed": null,
              "pass": false,
              "fail": true,
              "pending": false,
              "context": null,
              "code": "cy.get('#board-size').clear().type(4);\ncy.get('#generate-board').click();\ncy.get('.pixel').should('have.length', 25);",
              "err": {
                "message": "CypressError: Timed out retrying: Expected to find element: '#board-size', but never found it.",
                "estack": "CypressError: Timed out retrying: Expected to find element: '#board-size', but never found it.\n    at cypressErr (http://localhost:36871/__cypress/runner/cypress_runner.js:149934:9)\n    at throwErr (http://localhost:36871/__cypress/runner/cypress_runner.js:149867:11)\n    at Object.throwErrByPath (http://localhost:36871/__cypress/runner/cypress_runner.js:149915:3)\n    at retry (http://localhost:36871/__cypress/runner/cypress_runner.js:144197:19)\n    at onFailFn (http://localhost:36871/__cypress/runner/cypress_runner.js:132448:16)\n    at tryCatcher (http://localhost:36871/__cypress/runner/cypress_runner.js:167415:23)\n    at Promise._settlePromiseFromHandler (http://localhost:36871/__cypress/runner/cypress_runner.js:165351:31)\n    at Promise._settlePromise (http://localhost:36871/__cypress/runner/cypress_runner.js:165408:18)\n    at Promise._settlePromise0 (http://localhost:36871/__cypress/runner/cypress_runner.js:165453:10)\n    at Promise._settlePromises (http://localhost:36871/__cypress/runner/cypress_runner.js:165528:18)\n    at Async../node_modules/bluebird/js/release/async.js.Async._drainQueue (http://localhost:36871/__cypress/runner/cypress_runner.js:162140:16)\n    at Async../node_modules/bluebird/js/release/async.js.Async._drainQueues (http://localhost:36871/__cypress/runner/cypress_runner.js:162150:10)\n    at Async.drainQueues (http://localhost:36871/__cypress/runner/cypress_runner.js:162024:14)",
                "diff": null
              },
              "uuid": "40cd7e4c-9a8a-41ad-9df8-3c20282166c3",
              "parentUUID": "e1c88850-6fe7-4cf2-aefe-0b36ba2d8045",
              "isHook": false,
              "skipped": false
            },
            {
              "title": "Verifica se a altura do board é 50 quando um valor maior é colocado no input",
              "fullTitle": "11 - Limite o tamanho mínimo e máximo do board. Verifica se a altura do board é 50 quando um valor maior é colocado no input",
              "timedOut": null,
              "duration": 4665,
              "state": "failed",
              "speed": null,
              "pass": false,
              "fail": true,
              "pending": false,
              "context": null,
              "code": "cy.get('#board-size').clear().type(51);\ncy.get('#generate-board').click();\ncy.get('.pixel').should('have.length', 2500);",
              "err": {
                "message": "CypressError: Timed out retrying: Expected to find element: '#board-size', but never found it.",
                "estack": "CypressError: Timed out retrying: Expected to find element: '#board-size', but never found it.\n    at cypressErr (http://localhost:36871/__cypress/runner/cypress_runner.js:149934:9)\n    at throwErr (http://localhost:36871/__cypress/runner/cypress_runner.js:149867:11)\n    at Object.throwErrByPath (http://localhost:36871/__cypress/runner/cypress_runner.js:149915:3)\n    at retry (http://localhost:36871/__cypress/runner/cypress_runner.js:144197:19)\n    at onFailFn (http://localhost:36871/__cypress/runner/cypress_runner.js:132448:16)\n    at tryCatcher (http://localhost:36871/__cypress/runner/cypress_runner.js:167415:23)\n    at Promise._settlePromiseFromHandler (http://localhost:36871/__cypress/runner/cypress_runner.js:165351:31)\n    at Promise._settlePromise (http://localhost:36871/__cypress/runner/cypress_runner.js:165408:18)\n    at Promise._settlePromise0 (http://localhost:36871/__cypress/runner/cypress_runner.js:165453:10)\n    at Promise._settlePromises (http://localhost:36871/__cypress/runner/cypress_runner.js:165528:18)\n    at Async../node_modules/bluebird/js/release/async.js.Async._drainQueue (http://localhost:36871/__cypress/runner/cypress_runner.js:162140:16)\n    at Async../node_modules/bluebird/js/release/async.js.Async._drainQueues (http://localhost:36871/__cypress/runner/cypress_runner.js:162150:10)\n    at Async.drainQueues (http://localhost:36871/__cypress/runner/cypress_runner.js:162024:14)",
                "diff": null
              },
              "uuid": "c5d39823-6484-45af-8ce4-101862423463",
              "parentUUID": "e1c88850-6fe7-4cf2-aefe-0b36ba2d8045",
              "isHook": false,
              "skipped": false
            }
          ],
          "suites": [],
          "passes": [],
          "failures": [
            "35c8b9b2-43b3-4056-8ab9-19d6430d1e10",
            "40cd7e4c-9a8a-41ad-9df8-3c20282166c3",
            "c5d39823-6484-45af-8ce4-101862423463"
          ],
          "pending": [],
          "skipped": [],
          "duration": 13827,
          "root": false,
          "rootEmpty": false,
          "_timeout": 2000
        },
        {
          "uuid": "ccb284e0-c061-42d5-a683-adf62cea3422",
          "title": "12 - Faça com que as cores da paleta sejam geradas aleatoriamente ao carregar a página.",
          "fullFile": "",
          "file": "",
          "beforeHooks": [],
          "afterHooks": [],
          "tests": [
            {
              "title": "Verifica se as cores geradas na paleta são diferentes a cada carregamento da página",
              "fullTitle": "12 - Faça com que as cores da paleta sejam geradas aleatoriamente ao carregar a página. Verifica se as cores geradas na paleta são diferentes a cada carregamento da página",
              "timedOut": null,
              "duration": 757,
              "state": "passed",
              "speed": "slow",
              "pass": true,
              "fail": false,
              "pending": false,
              "context": null,
              "code": "cy.get('.color').then(function (colors) {\n  var currentColors;\n  var previousColors;\n  previousColors = Array.from(colors).map(function (color) {\n    return Cypress.$(color).css('background-color');\n  });\n  for (var i = 0; i < 5; i += 1) {\n    cy.reload();\n    cy.get('.color').then(function (colors) {\n      currentColors = Array.from(colors).map(function (color) {\n        return Cypress.$(color).css('background-color');\n      });\n      expect(currentColors).not.to.deep.equal(previousColors);\n      previousColors = currentColors;\n    });\n  }\n});",
              "err": {},
              "uuid": "7c2e677e-3afc-4920-b4e0-f68fc517382a",
              "parentUUID": "ccb284e0-c061-42d5-a683-adf62cea3422",
              "isHook": false,
              "skipped": false
            },
            {
              "title": "Verifica se a cor preta ainda está presente e é a primeira na sua paleta de cores",
              "fullTitle": "12 - Faça com que as cores da paleta sejam geradas aleatoriamente ao carregar a página. Verifica se a cor preta ainda está presente e é a primeira na sua paleta de cores",
              "timedOut": null,
              "duration": 777,
              "state": "passed",
              "speed": "slow",
              "pass": true,
              "fail": false,
              "pending": false,
              "context": null,
              "code": "cy.get('.color').then(function (colors) {\n  var currentColors;\n  var previousColors;\n  previousColors = Array.from(colors).map(function (color) {\n    return Cypress.$(color).css('background-color');\n  });\n  expect(previousColors[0]).to.eq(BLACK);\n  for (var i = 0; i < 5; i += 1) {\n    cy.reload();\n    cy.get('.color').then(function (colors) {\n      currentColors = Array.from(colors).map(function (color) {\n        return Cypress.$(color).css('background-color');\n      });\n      expect(currentColors[0]).to.eq(BLACK);\n      expect(currentColors).not.to.deep.equal(previousColors);\n      previousColors = currentColors;\n    });\n  }\n});",
              "err": {},
              "uuid": "60666e91-8e23-43a6-9aed-acf6ab86db63",
              "parentUUID": "ccb284e0-c061-42d5-a683-adf62cea3422",
              "isHook": false,
              "skipped": false
            }
          ],
          "suites": [],
          "passes": [
            "7c2e677e-3afc-4920-b4e0-f68fc517382a",
            "60666e91-8e23-43a6-9aed-acf6ab86db63"
          ],
          "failures": [],
          "pending": [],
          "skipped": [],
          "duration": 1534,
          "root": false,
          "rootEmpty": false,
          "_timeout": 2000
        }
      ],
      "passes": [],
      "failures": [],
      "pending": [],
      "skipped": [],
      "duration": 0,
      "root": true,
      "rootEmpty": true,
      "_timeout": 2000
    }
  ],
  "meta": {
    "mocha": {
      "version": "7.0.1"
    },
    "mochawesome": {
      "options": {
        "quiet": false,
        "reportFilename": "mochawesome",
        "saveHtml": false,
        "saveJson": true,
        "consoleReporter": "spec",
        "useInlineDiffs": false
      },
      "version": "4.1.0"
    },
    "marge": {
      "options": {
        "id": "default",
        "reportDir": "cypress/reports",
        "overwrite": true,
        "html": false,
        "json": true
      },
      "version": "4.1.0"
    }
  }
}