{
  "stats": {
    "suites": 12,
    "tests": 41,
    "passes": 1,
    "pending": 0,
    "failures": 40,
    "start": "2021-09-10T17:55:07.635Z",
    "end": "2021-09-10T17:58:03.766Z",
    "duration": 176131,
    "testsRegistered": 41,
    "passPercent": 2.4390243902439024,
    "pendingPercent": 0,
    "other": 0,
    "hasOther": false,
    "skipped": 0,
    "hasSkipped": false
  },
  "results": [
    {
      "uuid": "41e9f1c6-8375-479e-973e-0eb28306db55",
      "title": "",
      "fullFile": "cypress/integration/project.spec.js",
      "file": "cypress/integration/project.spec.js",
      "beforeHooks": [],
      "afterHooks": [],
      "tests": [],
      "suites": [
        {
          "uuid": "94db2eb9-bdb3-4f89-aef7-5eda7cb75b2f",
          "title": "1 - Adicione à página o título \"Paleta de Cores\".",
          "fullFile": "",
          "file": "",
          "beforeHooks": [],
          "afterHooks": [],
          "tests": [
            {
              "title": "Verifica se contém um elemento `h1` com o id `title` com o título correto",
              "fullTitle": "1 - Adicione à página o título \"Paleta de Cores\". Verifica se contém um elemento `h1` com o id `title` com o título correto",
              "timedOut": null,
              "duration": 196,
              "state": "passed",
              "speed": "slow",
              "pass": true,
              "fail": false,
              "pending": false,
              "context": null,
              "code": "cy.get('h1#title').should('contain.text', 'Paleta de Cores');",
              "err": {},
              "uuid": "8c83b3ec-2109-4228-8a27-8e00434f2a14",
              "parentUUID": "94db2eb9-bdb3-4f89-aef7-5eda7cb75b2f",
              "isHook": false,
              "skipped": false
            }
          ],
          "suites": [],
          "passes": [
            "8c83b3ec-2109-4228-8a27-8e00434f2a14"
          ],
          "failures": [],
          "pending": [],
          "skipped": [],
          "duration": 196,
          "root": false,
          "rootEmpty": false,
          "_timeout": 2000
        },
        {
          "uuid": "c6519068-be73-4290-8c6c-509d04e2f318",
          "title": "2 - Adicione à página uma paleta de quatro cores distintas.",
          "fullFile": "",
          "file": "",
          "beforeHooks": [],
          "afterHooks": [],
          "tests": [
            {
              "title": "A paleta de cores deve ser um elemento com `id` denominado `color-palette`",
              "fullTitle": "2 - Adicione à página uma paleta de quatro cores distintas. A paleta de cores deve ser um elemento com `id` denominado `color-palette`",
              "timedOut": null,
              "duration": 4432,
              "state": "failed",
              "speed": null,
              "pass": false,
              "fail": true,
              "pending": false,
              "context": null,
              "code": "cy.get('#color-palette').should('be.visible');\ncy.get('#color-palette').children('.color');",
              "err": {
                "message": "CypressError: Timed out retrying: Expected to find element: '#color-palette', but never found it.",
                "estack": "CypressError: Timed out retrying: Expected to find element: '#color-palette', but never found it.\n    at cypressErr (http://localhost:37477/__cypress/runner/cypress_runner.js:149934:9)\n    at throwErr (http://localhost:37477/__cypress/runner/cypress_runner.js:149867:11)\n    at Object.throwErrByPath (http://localhost:37477/__cypress/runner/cypress_runner.js:149915:3)\n    at retry (http://localhost:37477/__cypress/runner/cypress_runner.js:144197:19)\n    at onFailFn (http://localhost:37477/__cypress/runner/cypress_runner.js:132448:16)\n    at tryCatcher (http://localhost:37477/__cypress/runner/cypress_runner.js:167415:23)\n    at Promise._settlePromiseFromHandler (http://localhost:37477/__cypress/runner/cypress_runner.js:165351:31)\n    at Promise._settlePromise (http://localhost:37477/__cypress/runner/cypress_runner.js:165408:18)\n    at Promise._settlePromise0 (http://localhost:37477/__cypress/runner/cypress_runner.js:165453:10)\n    at Promise._settlePromises (http://localhost:37477/__cypress/runner/cypress_runner.js:165528:18)\n    at Async../node_modules/bluebird/js/release/async.js.Async._drainQueue (http://localhost:37477/__cypress/runner/cypress_runner.js:162140:16)\n    at Async../node_modules/bluebird/js/release/async.js.Async._drainQueues (http://localhost:37477/__cypress/runner/cypress_runner.js:162150:10)\n    at Async.drainQueues (http://localhost:37477/__cypress/runner/cypress_runner.js:162024:14)",
                "diff": null
              },
              "uuid": "e734e8e0-a31d-4b98-9c4f-8715d33f6da9",
              "parentUUID": "c6519068-be73-4290-8c6c-509d04e2f318",
              "isHook": false,
              "skipped": false
            },
            {
              "title": "Verifica se cada cor individual da paleta de cores possui a `classe` chamada `color`.",
              "fullTitle": "2 - Adicione à página uma paleta de quatro cores distintas. Verifica se cada cor individual da paleta de cores possui a `classe` chamada `color`.",
              "timedOut": null,
              "duration": 4333,
              "state": "failed",
              "speed": null,
              "pass": false,
              "fail": true,
              "pending": false,
              "context": null,
              "code": "cy.get('.color').should('have.length', 4).then(function (colors) {\n  for (var i = 0; i < colors.length; i++) {\n    cy.wrap(colors[i]).should('be.visible');\n  }\n});",
              "err": {
                "message": "CypressError: Timed out retrying: Expected to find element: '.color', but never found it.",
                "estack": "CypressError: Timed out retrying: Expected to find element: '.color', but never found it.\n    at cypressErr (http://localhost:37477/__cypress/runner/cypress_runner.js:149934:9)\n    at throwErr (http://localhost:37477/__cypress/runner/cypress_runner.js:149867:11)\n    at Object.throwErrByPath (http://localhost:37477/__cypress/runner/cypress_runner.js:149915:3)\n    at retry (http://localhost:37477/__cypress/runner/cypress_runner.js:144197:19)\n    at onFailFn (http://localhost:37477/__cypress/runner/cypress_runner.js:132448:16)\n    at tryCatcher (http://localhost:37477/__cypress/runner/cypress_runner.js:167415:23)\n    at Promise._settlePromiseFromHandler (http://localhost:37477/__cypress/runner/cypress_runner.js:165351:31)\n    at Promise._settlePromise (http://localhost:37477/__cypress/runner/cypress_runner.js:165408:18)\n    at Promise._settlePromise0 (http://localhost:37477/__cypress/runner/cypress_runner.js:165453:10)\n    at Promise._settlePromises (http://localhost:37477/__cypress/runner/cypress_runner.js:165528:18)\n    at Async../node_modules/bluebird/js/release/async.js.Async._drainQueue (http://localhost:37477/__cypress/runner/cypress_runner.js:162140:16)\n    at Async../node_modules/bluebird/js/release/async.js.Async._drainQueues (http://localhost:37477/__cypress/runner/cypress_runner.js:162150:10)\n    at Async.drainQueues (http://localhost:37477/__cypress/runner/cypress_runner.js:162024:14)",
                "diff": null
              },
              "uuid": "8699e3f4-bab7-42f7-b968-625b47e2c99d",
              "parentUUID": "c6519068-be73-4290-8c6c-509d04e2f318",
              "isHook": false,
              "skipped": false
            },
            {
              "title": "Verifica se a cor de fundo de cada elemento da paleta é a cor que o elemento representa. **A única cor não permitida na paleta é a cor branca.**",
              "fullTitle": "2 - Adicione à página uma paleta de quatro cores distintas. Verifica se a cor de fundo de cada elemento da paleta é a cor que o elemento representa. **A única cor não permitida na paleta é a cor branca.**",
              "timedOut": null,
              "duration": 4324,
              "state": "failed",
              "speed": null,
              "pass": false,
              "fail": true,
              "pending": false,
              "context": null,
              "code": "cy.get('.color').each(function (color) {\n  cy.wrap(color).should('have.class', 'color').and('not.have.css', 'background-color', WHITE);\n  cy.wrap(color).should('have.css', 'background-color');\n});",
              "err": {
                "message": "CypressError: Timed out retrying: Expected to find element: '.color', but never found it.",
                "estack": "CypressError: Timed out retrying: Expected to find element: '.color', but never found it.\n    at cypressErr (http://localhost:37477/__cypress/runner/cypress_runner.js:149934:9)\n    at throwErr (http://localhost:37477/__cypress/runner/cypress_runner.js:149867:11)\n    at Object.throwErrByPath (http://localhost:37477/__cypress/runner/cypress_runner.js:149915:3)\n    at retry (http://localhost:37477/__cypress/runner/cypress_runner.js:144197:19)\n    at onFailFn (http://localhost:37477/__cypress/runner/cypress_runner.js:132448:16)\n    at tryCatcher (http://localhost:37477/__cypress/runner/cypress_runner.js:167415:23)\n    at Promise._settlePromiseFromHandler (http://localhost:37477/__cypress/runner/cypress_runner.js:165351:31)\n    at Promise._settlePromise (http://localhost:37477/__cypress/runner/cypress_runner.js:165408:18)\n    at Promise._settlePromise0 (http://localhost:37477/__cypress/runner/cypress_runner.js:165453:10)\n    at Promise._settlePromises (http://localhost:37477/__cypress/runner/cypress_runner.js:165528:18)\n    at Async../node_modules/bluebird/js/release/async.js.Async._drainQueue (http://localhost:37477/__cypress/runner/cypress_runner.js:162140:16)\n    at Async../node_modules/bluebird/js/release/async.js.Async._drainQueues (http://localhost:37477/__cypress/runner/cypress_runner.js:162150:10)\n    at Async.drainQueues (http://localhost:37477/__cypress/runner/cypress_runner.js:162024:14)",
                "diff": null
              },
              "uuid": "f3e23017-0212-477f-9593-bebb0e2a8259",
              "parentUUID": "c6519068-be73-4290-8c6c-509d04e2f318",
              "isHook": false,
              "skipped": false
            },
            {
              "title": "Verifica se cada elemento da paleta de cores tem uma borda preta, sólida e com 1 pixel de largura;",
              "fullTitle": "2 - Adicione à página uma paleta de quatro cores distintas. Verifica se cada elemento da paleta de cores tem uma borda preta, sólida e com 1 pixel de largura;",
              "timedOut": null,
              "duration": 4334,
              "state": "failed",
              "speed": null,
              "pass": false,
              "fail": true,
              "pending": false,
              "context": null,
              "code": "cy.get('.color').each(function (color) {\n  cy.wrap(color).and('have.css', 'border', \"1px solid \".concat(BLACK)).and('have.class', 'color');\n});",
              "err": {
                "message": "CypressError: Timed out retrying: Expected to find element: '.color', but never found it.",
                "estack": "CypressError: Timed out retrying: Expected to find element: '.color', but never found it.\n    at cypressErr (http://localhost:37477/__cypress/runner/cypress_runner.js:149934:9)\n    at throwErr (http://localhost:37477/__cypress/runner/cypress_runner.js:149867:11)\n    at Object.throwErrByPath (http://localhost:37477/__cypress/runner/cypress_runner.js:149915:3)\n    at retry (http://localhost:37477/__cypress/runner/cypress_runner.js:144197:19)\n    at onFailFn (http://localhost:37477/__cypress/runner/cypress_runner.js:132448:16)\n    at tryCatcher (http://localhost:37477/__cypress/runner/cypress_runner.js:167415:23)\n    at Promise._settlePromiseFromHandler (http://localhost:37477/__cypress/runner/cypress_runner.js:165351:31)\n    at Promise._settlePromise (http://localhost:37477/__cypress/runner/cypress_runner.js:165408:18)\n    at Promise._settlePromise0 (http://localhost:37477/__cypress/runner/cypress_runner.js:165453:10)\n    at Promise._settlePromises (http://localhost:37477/__cypress/runner/cypress_runner.js:165528:18)\n    at Async../node_modules/bluebird/js/release/async.js.Async._drainQueue (http://localhost:37477/__cypress/runner/cypress_runner.js:162140:16)\n    at Async../node_modules/bluebird/js/release/async.js.Async._drainQueues (http://localhost:37477/__cypress/runner/cypress_runner.js:162150:10)\n    at Async.drainQueues (http://localhost:37477/__cypress/runner/cypress_runner.js:162024:14)",
                "diff": null
              },
              "uuid": "7cb4b06d-d69c-4e1d-8d5b-bdfd75c75862",
              "parentUUID": "c6519068-be73-4290-8c6c-509d04e2f318",
              "isHook": false,
              "skipped": false
            },
            {
              "title": "Verifica se a paleta lista todas as cores disponíveis para utilização, lado a lado.",
              "fullTitle": "2 - Adicione à página uma paleta de quatro cores distintas. Verifica se a paleta lista todas as cores disponíveis para utilização, lado a lado.",
              "timedOut": null,
              "duration": 4349,
              "state": "failed",
              "speed": null,
              "pass": false,
              "fail": true,
              "pending": false,
              "context": null,
              "code": "cy.get('.color').then(function (colors) {\n  for (var index = 1; index < colors.length; index += 1) {\n    var currentColor = colors[index];\n    var previousColor = colors[index - 1];\n    cy.wrap(currentColor).should('be.onTheRightOf', previousColor).and('be.horizontallyAlignedWith', previousColor);\n  }\n});",
              "err": {
                "message": "CypressError: Timed out retrying: Expected to find element: '.color', but never found it.",
                "estack": "CypressError: Timed out retrying: Expected to find element: '.color', but never found it.\n    at cypressErr (http://localhost:37477/__cypress/runner/cypress_runner.js:149934:9)\n    at throwErr (http://localhost:37477/__cypress/runner/cypress_runner.js:149867:11)\n    at Object.throwErrByPath (http://localhost:37477/__cypress/runner/cypress_runner.js:149915:3)\n    at retry (http://localhost:37477/__cypress/runner/cypress_runner.js:144197:19)\n    at onFailFn (http://localhost:37477/__cypress/runner/cypress_runner.js:132448:16)\n    at tryCatcher (http://localhost:37477/__cypress/runner/cypress_runner.js:167415:23)\n    at Promise._settlePromiseFromHandler (http://localhost:37477/__cypress/runner/cypress_runner.js:165351:31)\n    at Promise._settlePromise (http://localhost:37477/__cypress/runner/cypress_runner.js:165408:18)\n    at Promise._settlePromise0 (http://localhost:37477/__cypress/runner/cypress_runner.js:165453:10)\n    at Promise._settlePromises (http://localhost:37477/__cypress/runner/cypress_runner.js:165528:18)\n    at Async../node_modules/bluebird/js/release/async.js.Async._drainQueue (http://localhost:37477/__cypress/runner/cypress_runner.js:162140:16)\n    at Async../node_modules/bluebird/js/release/async.js.Async._drainQueues (http://localhost:37477/__cypress/runner/cypress_runner.js:162150:10)\n    at Async.drainQueues (http://localhost:37477/__cypress/runner/cypress_runner.js:162024:14)",
                "diff": null
              },
              "uuid": "c36b2e91-db5f-4513-94eb-bcea4dd30e4e",
              "parentUUID": "c6519068-be73-4290-8c6c-509d04e2f318",
              "isHook": false,
              "skipped": false
            },
            {
              "title": "Verifica se a paleta de cores está posicionada abaixo do título 'Paleta de Cores'",
              "fullTitle": "2 - Adicione à página uma paleta de quatro cores distintas. Verifica se a paleta de cores está posicionada abaixo do título 'Paleta de Cores'",
              "timedOut": null,
              "duration": 4320,
              "state": "failed",
              "speed": null,
              "pass": false,
              "fail": true,
              "pending": false,
              "context": null,
              "code": "cy.get('h1#title').then(function (title) {\n  cy.get('#color-palette').should('be.belowOf', title);\n});",
              "err": {
                "message": "CypressError: Timed out retrying: Expected to find element: '#color-palette', but never found it.",
                "estack": "CypressError: Timed out retrying: Expected to find element: '#color-palette', but never found it.\n    at cypressErr (http://localhost:37477/__cypress/runner/cypress_runner.js:149934:9)\n    at throwErr (http://localhost:37477/__cypress/runner/cypress_runner.js:149867:11)\n    at Object.throwErrByPath (http://localhost:37477/__cypress/runner/cypress_runner.js:149915:3)\n    at retry (http://localhost:37477/__cypress/runner/cypress_runner.js:144197:19)\n    at onFailFn (http://localhost:37477/__cypress/runner/cypress_runner.js:132448:16)\n    at tryCatcher (http://localhost:37477/__cypress/runner/cypress_runner.js:167415:23)\n    at Promise._settlePromiseFromHandler (http://localhost:37477/__cypress/runner/cypress_runner.js:165351:31)\n    at Promise._settlePromise (http://localhost:37477/__cypress/runner/cypress_runner.js:165408:18)\n    at Promise._settlePromise0 (http://localhost:37477/__cypress/runner/cypress_runner.js:165453:10)\n    at Promise._settlePromises (http://localhost:37477/__cypress/runner/cypress_runner.js:165528:18)\n    at Async../node_modules/bluebird/js/release/async.js.Async._drainQueue (http://localhost:37477/__cypress/runner/cypress_runner.js:162140:16)\n    at Async../node_modules/bluebird/js/release/async.js.Async._drainQueues (http://localhost:37477/__cypress/runner/cypress_runner.js:162150:10)\n    at Async.drainQueues (http://localhost:37477/__cypress/runner/cypress_runner.js:162024:14)",
                "diff": null
              },
              "uuid": "f78f5e58-2934-4c29-9170-54391d49e146",
              "parentUUID": "c6519068-be73-4290-8c6c-509d04e2f318",
              "isHook": false,
              "skipped": false
            },
            {
              "title": "Verifica se a paleta de cores não contém cores repetidas.",
              "fullTitle": "2 - Adicione à página uma paleta de quatro cores distintas. Verifica se a paleta de cores não contém cores repetidas.",
              "timedOut": null,
              "duration": 4364,
              "state": "failed",
              "speed": null,
              "pass": false,
              "fail": true,
              "pending": false,
              "context": null,
              "code": "cy.get('.color').then(function (colors) {\n  var allColors = Array.from(colors).map(function (color) {\n    return Cypress.$(color).css('background-color');\n  });\n  cy.log(allColors);\n  var uniqColors = (0, _toConsumableArray2[\"default\"])(new Set(allColors));\n  cy.log(uniqColors);\n  expect(allColors.length).to.eq(uniqColors.length);\n});",
              "err": {
                "message": "CypressError: Timed out retrying: Expected to find element: '.color', but never found it.",
                "estack": "CypressError: Timed out retrying: Expected to find element: '.color', but never found it.\n    at cypressErr (http://localhost:37477/__cypress/runner/cypress_runner.js:149934:9)\n    at throwErr (http://localhost:37477/__cypress/runner/cypress_runner.js:149867:11)\n    at Object.throwErrByPath (http://localhost:37477/__cypress/runner/cypress_runner.js:149915:3)\n    at retry (http://localhost:37477/__cypress/runner/cypress_runner.js:144197:19)\n    at onFailFn (http://localhost:37477/__cypress/runner/cypress_runner.js:132448:16)\n    at tryCatcher (http://localhost:37477/__cypress/runner/cypress_runner.js:167415:23)\n    at Promise._settlePromiseFromHandler (http://localhost:37477/__cypress/runner/cypress_runner.js:165351:31)\n    at Promise._settlePromise (http://localhost:37477/__cypress/runner/cypress_runner.js:165408:18)\n    at Promise._settlePromise0 (http://localhost:37477/__cypress/runner/cypress_runner.js:165453:10)\n    at Promise._settlePromises (http://localhost:37477/__cypress/runner/cypress_runner.js:165528:18)\n    at Async../node_modules/bluebird/js/release/async.js.Async._drainQueue (http://localhost:37477/__cypress/runner/cypress_runner.js:162140:16)\n    at Async../node_modules/bluebird/js/release/async.js.Async._drainQueues (http://localhost:37477/__cypress/runner/cypress_runner.js:162150:10)\n    at Async.drainQueues (http://localhost:37477/__cypress/runner/cypress_runner.js:162024:14)",
                "diff": null
              },
              "uuid": "331fff44-9129-4536-86dd-435162c67464",
              "parentUUID": "c6519068-be73-4290-8c6c-509d04e2f318",
              "isHook": false,
              "skipped": false
            }
          ],
          "suites": [],
          "passes": [],
          "failures": [
            "e734e8e0-a31d-4b98-9c4f-8715d33f6da9",
            "8699e3f4-bab7-42f7-b968-625b47e2c99d",
            "f3e23017-0212-477f-9593-bebb0e2a8259",
            "7cb4b06d-d69c-4e1d-8d5b-bdfd75c75862",
            "c36b2e91-db5f-4513-94eb-bcea4dd30e4e",
            "f78f5e58-2934-4c29-9170-54391d49e146",
            "331fff44-9129-4536-86dd-435162c67464"
          ],
          "pending": [],
          "skipped": [],
          "duration": 30456,
          "root": false,
          "rootEmpty": false,
          "_timeout": 2000
        },
        {
          "uuid": "e2d09596-e478-4dda-b8e7-ba6f783f5203",
          "title": "3 - Adicione a cor **preta** como a primeira cor da paleta de cores.",
          "fullFile": "",
          "file": "",
          "beforeHooks": [],
          "afterHooks": [],
          "tests": [
            {
              "title": "Verifica se a primeira cor da paleta é preta",
              "fullTitle": "3 - Adicione a cor **preta** como a primeira cor da paleta de cores. Verifica se a primeira cor da paleta é preta",
              "timedOut": null,
              "duration": 4345,
              "state": "failed",
              "speed": null,
              "pass": false,
              "fail": true,
              "pending": false,
              "context": null,
              "code": "cy.get('.color').first().should('have.css', 'background-color', BLACK);",
              "err": {
                "message": "CypressError: Timed out retrying: Expected to find element: '.color', but never found it.",
                "estack": "CypressError: Timed out retrying: Expected to find element: '.color', but never found it.\n    at cypressErr (http://localhost:37477/__cypress/runner/cypress_runner.js:149934:9)\n    at throwErr (http://localhost:37477/__cypress/runner/cypress_runner.js:149867:11)\n    at Object.throwErrByPath (http://localhost:37477/__cypress/runner/cypress_runner.js:149915:3)\n    at retry (http://localhost:37477/__cypress/runner/cypress_runner.js:144197:19)\n    at onFailFn (http://localhost:37477/__cypress/runner/cypress_runner.js:132448:16)\n    at tryCatcher (http://localhost:37477/__cypress/runner/cypress_runner.js:167415:23)\n    at Promise._settlePromiseFromHandler (http://localhost:37477/__cypress/runner/cypress_runner.js:165351:31)\n    at Promise._settlePromise (http://localhost:37477/__cypress/runner/cypress_runner.js:165408:18)\n    at Promise._settlePromise0 (http://localhost:37477/__cypress/runner/cypress_runner.js:165453:10)\n    at Promise._settlePromises (http://localhost:37477/__cypress/runner/cypress_runner.js:165528:18)\n    at Async../node_modules/bluebird/js/release/async.js.Async._drainQueue (http://localhost:37477/__cypress/runner/cypress_runner.js:162140:16)\n    at Async../node_modules/bluebird/js/release/async.js.Async._drainQueues (http://localhost:37477/__cypress/runner/cypress_runner.js:162150:10)\n    at Async.drainQueues (http://localhost:37477/__cypress/runner/cypress_runner.js:162024:14)",
                "diff": null
              },
              "uuid": "5bb52cf0-6da6-4714-806b-cd3d6f041e5e",
              "parentUUID": "e2d09596-e478-4dda-b8e7-ba6f783f5203",
              "isHook": false,
              "skipped": false
            },
            {
              "title": "Verifica se as demais cores podem ser escolhidas livremente.",
              "fullTitle": "3 - Adicione a cor **preta** como a primeira cor da paleta de cores. Verifica se as demais cores podem ser escolhidas livremente.",
              "timedOut": null,
              "duration": 4356,
              "state": "failed",
              "speed": null,
              "pass": false,
              "fail": true,
              "pending": false,
              "context": null,
              "code": "cy.get('.color').eq(1).should('not.have.css', 'background-color', BLACK);\ncy.get('.color').eq(1).should('not.have.css', 'background-color', WHITE);\ncy.get('.color').eq(1).should('not.have.css', 'background-color', 'rgba(0, 0, 0, 0)');\ncy.get('.color').eq(1).should('have.css', 'background-color');\ncy.get('.color').eq(2).should('not.have.css', 'background-color', BLACK);\ncy.get('.color').eq(2).should('not.have.css', 'background-color', WHITE);\ncy.get('.color').eq(2).should('not.have.css', 'background-color', 'rgba(0, 0, 0, 0)');\ncy.get('.color').eq(2).should('have.css', 'background-color');\ncy.get('.color').eq(3).should('not.have.css', 'background-color', BLACK);\ncy.get('.color').eq(3).should('not.have.css', 'background-color', WHITE);\ncy.get('.color').eq(3).should('not.have.css', 'background-color', 'rgba(0, 0, 0, 0)');\ncy.get('.color').eq(3).should('have.css', 'background-color');",
              "err": {
                "message": "CypressError: Timed out retrying: Expected to find element: '.color', but never found it.",
                "estack": "CypressError: Timed out retrying: Expected to find element: '.color', but never found it.\n    at cypressErr (http://localhost:37477/__cypress/runner/cypress_runner.js:149934:9)\n    at throwErr (http://localhost:37477/__cypress/runner/cypress_runner.js:149867:11)\n    at Object.throwErrByPath (http://localhost:37477/__cypress/runner/cypress_runner.js:149915:3)\n    at retry (http://localhost:37477/__cypress/runner/cypress_runner.js:144197:19)\n    at onFailFn (http://localhost:37477/__cypress/runner/cypress_runner.js:132448:16)\n    at tryCatcher (http://localhost:37477/__cypress/runner/cypress_runner.js:167415:23)\n    at Promise._settlePromiseFromHandler (http://localhost:37477/__cypress/runner/cypress_runner.js:165351:31)\n    at Promise._settlePromise (http://localhost:37477/__cypress/runner/cypress_runner.js:165408:18)\n    at Promise._settlePromise0 (http://localhost:37477/__cypress/runner/cypress_runner.js:165453:10)\n    at Promise._settlePromises (http://localhost:37477/__cypress/runner/cypress_runner.js:165528:18)\n    at Async../node_modules/bluebird/js/release/async.js.Async._drainQueue (http://localhost:37477/__cypress/runner/cypress_runner.js:162140:16)\n    at Async../node_modules/bluebird/js/release/async.js.Async._drainQueues (http://localhost:37477/__cypress/runner/cypress_runner.js:162150:10)\n    at Async.drainQueues (http://localhost:37477/__cypress/runner/cypress_runner.js:162024:14)",
                "diff": null
              },
              "uuid": "1144b6a5-e952-4794-ad2d-22ab02d1e59f",
              "parentUUID": "e2d09596-e478-4dda-b8e7-ba6f783f5203",
              "isHook": false,
              "skipped": false
            }
          ],
          "suites": [],
          "passes": [],
          "failures": [
            "5bb52cf0-6da6-4714-806b-cd3d6f041e5e",
            "1144b6a5-e952-4794-ad2d-22ab02d1e59f"
          ],
          "pending": [],
          "skipped": [],
          "duration": 8701,
          "root": false,
          "rootEmpty": false,
          "_timeout": 2000
        },
        {
          "uuid": "1feb09a5-c58d-4261-acb3-9f22cec2e6e2",
          "title": "4 - Adicione à página um quadro de pixels, com 25 pixels.",
          "fullFile": "",
          "file": "",
          "beforeHooks": [],
          "afterHooks": [],
          "tests": [
            {
              "title": "Verifica se o quadro de pixels possui o `id` denominado `pixel-board`",
              "fullTitle": "4 - Adicione à página um quadro de pixels, com 25 pixels. Verifica se o quadro de pixels possui o `id` denominado `pixel-board`",
              "timedOut": null,
              "duration": 4363,
              "state": "failed",
              "speed": null,
              "pass": false,
              "fail": true,
              "pending": false,
              "context": null,
              "code": "cy.get('#pixel-board').should('be.visible');",
              "err": {
                "message": "CypressError: Timed out retrying: Expected to find element: '#pixel-board', but never found it.",
                "estack": "CypressError: Timed out retrying: Expected to find element: '#pixel-board', but never found it.\n    at cypressErr (http://localhost:37477/__cypress/runner/cypress_runner.js:149934:9)\n    at throwErr (http://localhost:37477/__cypress/runner/cypress_runner.js:149867:11)\n    at Object.throwErrByPath (http://localhost:37477/__cypress/runner/cypress_runner.js:149915:3)\n    at retry (http://localhost:37477/__cypress/runner/cypress_runner.js:144197:19)\n    at onFailFn (http://localhost:37477/__cypress/runner/cypress_runner.js:132448:16)\n    at tryCatcher (http://localhost:37477/__cypress/runner/cypress_runner.js:167415:23)\n    at Promise._settlePromiseFromHandler (http://localhost:37477/__cypress/runner/cypress_runner.js:165351:31)\n    at Promise._settlePromise (http://localhost:37477/__cypress/runner/cypress_runner.js:165408:18)\n    at Promise._settlePromise0 (http://localhost:37477/__cypress/runner/cypress_runner.js:165453:10)\n    at Promise._settlePromises (http://localhost:37477/__cypress/runner/cypress_runner.js:165528:18)\n    at Async../node_modules/bluebird/js/release/async.js.Async._drainQueue (http://localhost:37477/__cypress/runner/cypress_runner.js:162140:16)\n    at Async../node_modules/bluebird/js/release/async.js.Async._drainQueues (http://localhost:37477/__cypress/runner/cypress_runner.js:162150:10)\n    at Async.drainQueues (http://localhost:37477/__cypress/runner/cypress_runner.js:162024:14)",
                "diff": null
              },
              "uuid": "24462613-26f3-4ade-aa2b-cae334ac7554",
              "parentUUID": "1feb09a5-c58d-4261-acb3-9f22cec2e6e2",
              "isHook": false,
              "skipped": false
            },
            {
              "title": "Verifica se cada pixel individual dentro do quadro possui a `classe` denominada `pixel`.",
              "fullTitle": "4 - Adicione à página um quadro de pixels, com 25 pixels. Verifica se cada pixel individual dentro do quadro possui a `classe` denominada `pixel`.",
              "timedOut": null,
              "duration": 4348,
              "state": "failed",
              "speed": null,
              "pass": false,
              "fail": true,
              "pending": false,
              "context": null,
              "code": "cy.get('.pixel').should('have.length', 25);",
              "err": {
                "message": "CypressError: Timed out retrying: Expected to find element: '.pixel', but never found it.",
                "estack": "CypressError: Timed out retrying: Expected to find element: '.pixel', but never found it.\n    at cypressErr (http://localhost:37477/__cypress/runner/cypress_runner.js:149934:9)\n    at throwErr (http://localhost:37477/__cypress/runner/cypress_runner.js:149867:11)\n    at Object.throwErrByPath (http://localhost:37477/__cypress/runner/cypress_runner.js:149915:3)\n    at retry (http://localhost:37477/__cypress/runner/cypress_runner.js:144197:19)\n    at onFailFn (http://localhost:37477/__cypress/runner/cypress_runner.js:132448:16)\n    at tryCatcher (http://localhost:37477/__cypress/runner/cypress_runner.js:167415:23)\n    at Promise._settlePromiseFromHandler (http://localhost:37477/__cypress/runner/cypress_runner.js:165351:31)\n    at Promise._settlePromise (http://localhost:37477/__cypress/runner/cypress_runner.js:165408:18)\n    at Promise._settlePromise0 (http://localhost:37477/__cypress/runner/cypress_runner.js:165453:10)\n    at Promise._settlePromises (http://localhost:37477/__cypress/runner/cypress_runner.js:165528:18)\n    at Async../node_modules/bluebird/js/release/async.js.Async._drainQueue (http://localhost:37477/__cypress/runner/cypress_runner.js:162140:16)\n    at Async../node_modules/bluebird/js/release/async.js.Async._drainQueues (http://localhost:37477/__cypress/runner/cypress_runner.js:162150:10)\n    at Async.drainQueues (http://localhost:37477/__cypress/runner/cypress_runner.js:162024:14)",
                "diff": null
              },
              "uuid": "867f7b20-e02f-4fe0-be6e-39fc23848de2",
              "parentUUID": "1feb09a5-c58d-4261-acb3-9f22cec2e6e2",
              "isHook": false,
              "skipped": false
            },
            {
              "title": "Verifica se a cor inicial dos pixels dentro do quadro, ao abrir a página, é branca.",
              "fullTitle": "4 - Adicione à página um quadro de pixels, com 25 pixels. Verifica se a cor inicial dos pixels dentro do quadro, ao abrir a página, é branca.",
              "timedOut": null,
              "duration": 4339,
              "state": "failed",
              "speed": null,
              "pass": false,
              "fail": true,
              "pending": false,
              "context": null,
              "code": "cy.get('.pixel').should('have.length', 25).each(function (pixel) {\n  expect(pixel).to.have.css('background-color', WHITE);\n});",
              "err": {
                "message": "CypressError: Timed out retrying: Expected to find element: '.pixel', but never found it.",
                "estack": "CypressError: Timed out retrying: Expected to find element: '.pixel', but never found it.\n    at cypressErr (http://localhost:37477/__cypress/runner/cypress_runner.js:149934:9)\n    at throwErr (http://localhost:37477/__cypress/runner/cypress_runner.js:149867:11)\n    at Object.throwErrByPath (http://localhost:37477/__cypress/runner/cypress_runner.js:149915:3)\n    at retry (http://localhost:37477/__cypress/runner/cypress_runner.js:144197:19)\n    at onFailFn (http://localhost:37477/__cypress/runner/cypress_runner.js:132448:16)\n    at tryCatcher (http://localhost:37477/__cypress/runner/cypress_runner.js:167415:23)\n    at Promise._settlePromiseFromHandler (http://localhost:37477/__cypress/runner/cypress_runner.js:165351:31)\n    at Promise._settlePromise (http://localhost:37477/__cypress/runner/cypress_runner.js:165408:18)\n    at Promise._settlePromise0 (http://localhost:37477/__cypress/runner/cypress_runner.js:165453:10)\n    at Promise._settlePromises (http://localhost:37477/__cypress/runner/cypress_runner.js:165528:18)\n    at Async../node_modules/bluebird/js/release/async.js.Async._drainQueue (http://localhost:37477/__cypress/runner/cypress_runner.js:162140:16)\n    at Async../node_modules/bluebird/js/release/async.js.Async._drainQueues (http://localhost:37477/__cypress/runner/cypress_runner.js:162150:10)\n    at Async.drainQueues (http://localhost:37477/__cypress/runner/cypress_runner.js:162024:14)",
                "diff": null
              },
              "uuid": "7815322f-afc7-4b1b-bb72-c37d6004eee7",
              "parentUUID": "1feb09a5-c58d-4261-acb3-9f22cec2e6e2",
              "isHook": false,
              "skipped": false
            },
            {
              "title": "Verifica se o quadro de pixels aparece abaixo da paleta de cores",
              "fullTitle": "4 - Adicione à página um quadro de pixels, com 25 pixels. Verifica se o quadro de pixels aparece abaixo da paleta de cores",
              "timedOut": null,
              "duration": 4389,
              "state": "failed",
              "speed": null,
              "pass": false,
              "fail": true,
              "pending": false,
              "context": null,
              "code": "cy.get('#color-palette').then(function (palette) {\n  cy.get('#pixel-board').should('be.belowOf', palette);\n});",
              "err": {
                "message": "CypressError: Timed out retrying: Expected to find element: '#color-palette', but never found it.",
                "estack": "CypressError: Timed out retrying: Expected to find element: '#color-palette', but never found it.\n    at cypressErr (http://localhost:37477/__cypress/runner/cypress_runner.js:149934:9)\n    at throwErr (http://localhost:37477/__cypress/runner/cypress_runner.js:149867:11)\n    at Object.throwErrByPath (http://localhost:37477/__cypress/runner/cypress_runner.js:149915:3)\n    at retry (http://localhost:37477/__cypress/runner/cypress_runner.js:144197:19)\n    at onFailFn (http://localhost:37477/__cypress/runner/cypress_runner.js:132448:16)\n    at tryCatcher (http://localhost:37477/__cypress/runner/cypress_runner.js:167415:23)\n    at Promise._settlePromiseFromHandler (http://localhost:37477/__cypress/runner/cypress_runner.js:165351:31)\n    at Promise._settlePromise (http://localhost:37477/__cypress/runner/cypress_runner.js:165408:18)\n    at Promise._settlePromise0 (http://localhost:37477/__cypress/runner/cypress_runner.js:165453:10)\n    at Promise._settlePromises (http://localhost:37477/__cypress/runner/cypress_runner.js:165528:18)\n    at Async../node_modules/bluebird/js/release/async.js.Async._drainQueue (http://localhost:37477/__cypress/runner/cypress_runner.js:162140:16)\n    at Async../node_modules/bluebird/js/release/async.js.Async._drainQueues (http://localhost:37477/__cypress/runner/cypress_runner.js:162150:10)\n    at Async.drainQueues (http://localhost:37477/__cypress/runner/cypress_runner.js:162024:14)",
                "diff": null
              },
              "uuid": "c11a6ea1-35ba-490d-b2aa-5809dbbb328a",
              "parentUUID": "1feb09a5-c58d-4261-acb3-9f22cec2e6e2",
              "isHook": false,
              "skipped": false
            }
          ],
          "suites": [],
          "passes": [],
          "failures": [
            "24462613-26f3-4ade-aa2b-cae334ac7554",
            "867f7b20-e02f-4fe0-be6e-39fc23848de2",
            "7815322f-afc7-4b1b-bb72-c37d6004eee7",
            "c11a6ea1-35ba-490d-b2aa-5809dbbb328a"
          ],
          "pending": [],
          "skipped": [],
          "duration": 17439,
          "root": false,
          "rootEmpty": false,
          "_timeout": 2000
        },
        {
          "uuid": "3828af76-3bd5-4861-9a59-bdd94e77d75e",
          "title": "5 - Faça com que cada elemento do quadro de pixels possua 40 pixels de largura, 40 pixels de altura e seja delimitado por uma borda preta de 1 pixel.",
          "fullFile": "",
          "file": "",
          "beforeHooks": [],
          "afterHooks": [],
          "tests": [
            {
              "title": "Verifica se o quadro de pixels tem altura e comprimento de 5 elementos",
              "fullTitle": "5 - Faça com que cada elemento do quadro de pixels possua 40 pixels de largura, 40 pixels de altura e seja delimitado por uma borda preta de 1 pixel. Verifica se o quadro de pixels tem altura e comprimento de 5 elementos",
              "timedOut": null,
              "duration": 4374,
              "state": "failed",
              "speed": null,
              "pass": false,
              "fail": true,
              "pending": false,
              "context": null,
              "code": "cy.get('.pixel').should('have.length', 25).each(function (pixel) {\n  expect(pixel).to.have.css('background-color', WHITE);\n}).and(function (pixels) {\n  var rows = chunk(pixels, 5);\n  rows.forEach(function (row) {\n    for (var index = 1; index < row.length; index += 1) {\n      var current = pixels[index];\n      var previous = pixels[index - 1];\n      cy.wrap(current).should('be.onTheRightOf', previous).and('be.horizontallyAlignedWith', previous);\n    }\n  });\n  for (var index = 1; index < 5; index += 1) {\n    expect(pixels[index * 5]).to.be.belowOf(pixels[(index - 1) * 5]);\n  }\n});",
              "err": {
                "message": "CypressError: Timed out retrying: Expected to find element: '.pixel', but never found it.",
                "estack": "CypressError: Timed out retrying: Expected to find element: '.pixel', but never found it.\n    at cypressErr (http://localhost:37477/__cypress/runner/cypress_runner.js:149934:9)\n    at throwErr (http://localhost:37477/__cypress/runner/cypress_runner.js:149867:11)\n    at Object.throwErrByPath (http://localhost:37477/__cypress/runner/cypress_runner.js:149915:3)\n    at retry (http://localhost:37477/__cypress/runner/cypress_runner.js:144197:19)\n    at onFailFn (http://localhost:37477/__cypress/runner/cypress_runner.js:132448:16)\n    at tryCatcher (http://localhost:37477/__cypress/runner/cypress_runner.js:167415:23)\n    at Promise._settlePromiseFromHandler (http://localhost:37477/__cypress/runner/cypress_runner.js:165351:31)\n    at Promise._settlePromise (http://localhost:37477/__cypress/runner/cypress_runner.js:165408:18)\n    at Promise._settlePromise0 (http://localhost:37477/__cypress/runner/cypress_runner.js:165453:10)\n    at Promise._settlePromises (http://localhost:37477/__cypress/runner/cypress_runner.js:165528:18)\n    at Async../node_modules/bluebird/js/release/async.js.Async._drainQueue (http://localhost:37477/__cypress/runner/cypress_runner.js:162140:16)\n    at Async../node_modules/bluebird/js/release/async.js.Async._drainQueues (http://localhost:37477/__cypress/runner/cypress_runner.js:162150:10)\n    at Async.drainQueues (http://localhost:37477/__cypress/runner/cypress_runner.js:162024:14)",
                "diff": null
              },
              "uuid": "6fd5e87f-fe3e-4c72-9220-f288767ff3ae",
              "parentUUID": "3828af76-3bd5-4861-9a59-bdd94e77d75e",
              "isHook": false,
              "skipped": false
            },
            {
              "title": "Verifica se 40 pixels é o tamanho total do elemento, incluindo seu conteúdo e excluindo a borda preta, que deve ser criada à parte.",
              "fullTitle": "5 - Faça com que cada elemento do quadro de pixels possua 40 pixels de largura, 40 pixels de altura e seja delimitado por uma borda preta de 1 pixel. Verifica se 40 pixels é o tamanho total do elemento, incluindo seu conteúdo e excluindo a borda preta, que deve ser criada à parte.",
              "timedOut": null,
              "duration": 4405,
              "state": "failed",
              "speed": null,
              "pass": false,
              "fail": true,
              "pending": false,
              "context": null,
              "code": "cy.get('.pixel').each(function (pixel) {\n  cy.wrap(pixel).should('have.css', 'height', '40px').and('have.css', 'width', '40px').and('have.css', 'border', \"1px solid \".concat(BLACK));\n});",
              "err": {
                "message": "CypressError: Timed out retrying: Expected to find element: '.pixel', but never found it.",
                "estack": "CypressError: Timed out retrying: Expected to find element: '.pixel', but never found it.\n    at cypressErr (http://localhost:37477/__cypress/runner/cypress_runner.js:149934:9)\n    at throwErr (http://localhost:37477/__cypress/runner/cypress_runner.js:149867:11)\n    at Object.throwErrByPath (http://localhost:37477/__cypress/runner/cypress_runner.js:149915:3)\n    at retry (http://localhost:37477/__cypress/runner/cypress_runner.js:144197:19)\n    at onFailFn (http://localhost:37477/__cypress/runner/cypress_runner.js:132448:16)\n    at tryCatcher (http://localhost:37477/__cypress/runner/cypress_runner.js:167415:23)\n    at Promise._settlePromiseFromHandler (http://localhost:37477/__cypress/runner/cypress_runner.js:165351:31)\n    at Promise._settlePromise (http://localhost:37477/__cypress/runner/cypress_runner.js:165408:18)\n    at Promise._settlePromise0 (http://localhost:37477/__cypress/runner/cypress_runner.js:165453:10)\n    at Promise._settlePromises (http://localhost:37477/__cypress/runner/cypress_runner.js:165528:18)\n    at Async../node_modules/bluebird/js/release/async.js.Async._drainQueue (http://localhost:37477/__cypress/runner/cypress_runner.js:162140:16)\n    at Async../node_modules/bluebird/js/release/async.js.Async._drainQueues (http://localhost:37477/__cypress/runner/cypress_runner.js:162150:10)\n    at Async.drainQueues (http://localhost:37477/__cypress/runner/cypress_runner.js:162024:14)",
                "diff": null
              },
              "uuid": "1d0938ab-e0e9-45e9-b6fe-226aac51ea58",
              "parentUUID": "3828af76-3bd5-4861-9a59-bdd94e77d75e",
              "isHook": false,
              "skipped": false
            }
          ],
          "suites": [],
          "passes": [],
          "failures": [
            "6fd5e87f-fe3e-4c72-9220-f288767ff3ae",
            "1d0938ab-e0e9-45e9-b6fe-226aac51ea58"
          ],
          "pending": [],
          "skipped": [],
          "duration": 8779,
          "root": false,
          "rootEmpty": false,
          "_timeout": 2000
        },
        {
          "uuid": "f7eda6d5-57a1-4490-a758-78a3c7e6be4a",
          "title": "6 - Defina a cor preta como cor inicial. Ao carregar a página a cor preta já deve estar selecionada para pintar os pixels",
          "fullFile": "",
          "file": "",
          "beforeHooks": [],
          "afterHooks": [],
          "tests": [
            {
              "title": "Verifica se o elemento da cor preta possui, inicialmente, a `classe` `selected`",
              "fullTitle": "6 - Defina a cor preta como cor inicial. Ao carregar a página a cor preta já deve estar selecionada para pintar os pixels Verifica se o elemento da cor preta possui, inicialmente, a `classe` `selected`",
              "timedOut": null,
              "duration": 4333,
              "state": "failed",
              "speed": null,
              "pass": false,
              "fail": true,
              "pending": false,
              "context": null,
              "code": "cy.get('.selected').first().should('have.css', 'background-color', BLACK);",
              "err": {
                "message": "CypressError: Timed out retrying: Expected to find element: '.selected', but never found it.",
                "estack": "CypressError: Timed out retrying: Expected to find element: '.selected', but never found it.\n    at cypressErr (http://localhost:37477/__cypress/runner/cypress_runner.js:149934:9)\n    at throwErr (http://localhost:37477/__cypress/runner/cypress_runner.js:149867:11)\n    at Object.throwErrByPath (http://localhost:37477/__cypress/runner/cypress_runner.js:149915:3)\n    at retry (http://localhost:37477/__cypress/runner/cypress_runner.js:144197:19)\n    at onFailFn (http://localhost:37477/__cypress/runner/cypress_runner.js:132448:16)\n    at tryCatcher (http://localhost:37477/__cypress/runner/cypress_runner.js:167415:23)\n    at Promise._settlePromiseFromHandler (http://localhost:37477/__cypress/runner/cypress_runner.js:165351:31)\n    at Promise._settlePromise (http://localhost:37477/__cypress/runner/cypress_runner.js:165408:18)\n    at Promise._settlePromise0 (http://localhost:37477/__cypress/runner/cypress_runner.js:165453:10)\n    at Promise._settlePromises (http://localhost:37477/__cypress/runner/cypress_runner.js:165528:18)\n    at Async../node_modules/bluebird/js/release/async.js.Async._drainQueue (http://localhost:37477/__cypress/runner/cypress_runner.js:162140:16)\n    at Async../node_modules/bluebird/js/release/async.js.Async._drainQueues (http://localhost:37477/__cypress/runner/cypress_runner.js:162150:10)\n    at Async.drainQueues (http://localhost:37477/__cypress/runner/cypress_runner.js:162024:14)",
                "diff": null
              },
              "uuid": "d2665d64-5fc5-48f2-b8cf-432e89c8fa7a",
              "parentUUID": "f7eda6d5-57a1-4490-a758-78a3c7e6be4a",
              "isHook": false,
              "skipped": false
            },
            {
              "title": "Verifica se nenhuma outra cor da paleta tem a `classe` `selected`",
              "fullTitle": "6 - Defina a cor preta como cor inicial. Ao carregar a página a cor preta já deve estar selecionada para pintar os pixels Verifica se nenhuma outra cor da paleta tem a `classe` `selected`",
              "timedOut": null,
              "duration": 4303,
              "state": "failed",
              "speed": null,
              "pass": false,
              "fail": true,
              "pending": false,
              "context": null,
              "code": "cy.get('.color:not(:first-child)').each(function (color) {\n  cy.wrap(color).should('not.have.class', 'selected');\n});",
              "err": {
                "message": "CypressError: Timed out retrying: Expected to find element: '.color:not(:first-child)', but never found it.",
                "estack": "CypressError: Timed out retrying: Expected to find element: '.color:not(:first-child)', but never found it.\n    at cypressErr (http://localhost:37477/__cypress/runner/cypress_runner.js:149934:9)\n    at throwErr (http://localhost:37477/__cypress/runner/cypress_runner.js:149867:11)\n    at Object.throwErrByPath (http://localhost:37477/__cypress/runner/cypress_runner.js:149915:3)\n    at retry (http://localhost:37477/__cypress/runner/cypress_runner.js:144197:19)\n    at onFailFn (http://localhost:37477/__cypress/runner/cypress_runner.js:132448:16)\n    at tryCatcher (http://localhost:37477/__cypress/runner/cypress_runner.js:167415:23)\n    at Promise._settlePromiseFromHandler (http://localhost:37477/__cypress/runner/cypress_runner.js:165351:31)\n    at Promise._settlePromise (http://localhost:37477/__cypress/runner/cypress_runner.js:165408:18)\n    at Promise._settlePromise0 (http://localhost:37477/__cypress/runner/cypress_runner.js:165453:10)\n    at Promise._settlePromises (http://localhost:37477/__cypress/runner/cypress_runner.js:165528:18)\n    at Async../node_modules/bluebird/js/release/async.js.Async._drainQueue (http://localhost:37477/__cypress/runner/cypress_runner.js:162140:16)\n    at Async../node_modules/bluebird/js/release/async.js.Async._drainQueues (http://localhost:37477/__cypress/runner/cypress_runner.js:162150:10)\n    at Async.drainQueues (http://localhost:37477/__cypress/runner/cypress_runner.js:162024:14)",
                "diff": null
              },
              "uuid": "e5f943be-4d10-4564-b200-26d4f51c94a3",
              "parentUUID": "f7eda6d5-57a1-4490-a758-78a3c7e6be4a",
              "isHook": false,
              "skipped": false
            }
          ],
          "suites": [],
          "passes": [],
          "failures": [
            "d2665d64-5fc5-48f2-b8cf-432e89c8fa7a",
            "e5f943be-4d10-4564-b200-26d4f51c94a3"
          ],
          "pending": [],
          "skipped": [],
          "duration": 8636,
          "root": false,
          "rootEmpty": false,
          "_timeout": 2000
        },
        {
          "uuid": "11641fc8-82f6-4789-bd6a-7785414a5c2c",
          "title": "7 - Clicar em uma das cores da paleta, faz com que ela seja selecionada e utilizada para preencher os pixels no quadro.",
          "fullFile": "",
          "file": "",
          "beforeHooks": [],
          "afterHooks": [],
          "tests": [
            {
              "title": "Verifica se somente uma cor da paleta de cores tem a classe `selected` de cada vez",
              "fullTitle": "7 - Clicar em uma das cores da paleta, faz com que ela seja selecionada e utilizada para preencher os pixels no quadro. Verifica se somente uma cor da paleta de cores tem a classe `selected` de cada vez",
              "timedOut": null,
              "duration": 4375,
              "state": "failed",
              "speed": null,
              "pass": false,
              "fail": true,
              "pending": false,
              "context": null,
              "code": "cy.get('.color').each(function (selectedColor, selectedColorIndex) {\n  cy.wrap(selectedColor).click();\n  cy.get('.color').each(function (color, colorIndex) {\n    if (colorIndex === selectedColorIndex) {\n      expect(color).to.have[\"class\"]('selected');\n    } else {\n      expect(color).not.to.have[\"class\"]('selected');\n    }\n  });\n});",
              "err": {
                "message": "CypressError: Timed out retrying: Expected to find element: '.color', but never found it.",
                "estack": "CypressError: Timed out retrying: Expected to find element: '.color', but never found it.\n    at cypressErr (http://localhost:37477/__cypress/runner/cypress_runner.js:149934:9)\n    at throwErr (http://localhost:37477/__cypress/runner/cypress_runner.js:149867:11)\n    at Object.throwErrByPath (http://localhost:37477/__cypress/runner/cypress_runner.js:149915:3)\n    at retry (http://localhost:37477/__cypress/runner/cypress_runner.js:144197:19)\n    at onFailFn (http://localhost:37477/__cypress/runner/cypress_runner.js:132448:16)\n    at tryCatcher (http://localhost:37477/__cypress/runner/cypress_runner.js:167415:23)\n    at Promise._settlePromiseFromHandler (http://localhost:37477/__cypress/runner/cypress_runner.js:165351:31)\n    at Promise._settlePromise (http://localhost:37477/__cypress/runner/cypress_runner.js:165408:18)\n    at Promise._settlePromise0 (http://localhost:37477/__cypress/runner/cypress_runner.js:165453:10)\n    at Promise._settlePromises (http://localhost:37477/__cypress/runner/cypress_runner.js:165528:18)\n    at Async../node_modules/bluebird/js/release/async.js.Async._drainQueue (http://localhost:37477/__cypress/runner/cypress_runner.js:162140:16)\n    at Async../node_modules/bluebird/js/release/async.js.Async._drainQueues (http://localhost:37477/__cypress/runner/cypress_runner.js:162150:10)\n    at Async.drainQueues (http://localhost:37477/__cypress/runner/cypress_runner.js:162024:14)",
                "diff": null
              },
              "uuid": "9760b725-1daa-429f-9d62-dc4ebf78e358",
              "parentUUID": "11641fc8-82f6-4789-bd6a-7785414a5c2c",
              "isHook": false,
              "skipped": false
            },
            {
              "title": "Verifica se os pixels dentro do quadro não têm a classe `selected` quando são clicados",
              "fullTitle": "7 - Clicar em uma das cores da paleta, faz com que ela seja selecionada e utilizada para preencher os pixels no quadro. Verifica se os pixels dentro do quadro não têm a classe `selected` quando são clicados",
              "timedOut": null,
              "duration": 4346,
              "state": "failed",
              "speed": null,
              "pass": false,
              "fail": true,
              "pending": false,
              "context": null,
              "code": "cy.get('.color').each(function (color) {\n  var backgroundColor = color.css('background-color');\n  cy.wrap(color).click();\n  cy.get('.pixel').each(function (pixel) {\n    cy.wrap(pixel).click().should('not.have.class', 'selected');\n  });\n});",
              "err": {
                "message": "CypressError: Timed out retrying: Expected to find element: '.color', but never found it.",
                "estack": "CypressError: Timed out retrying: Expected to find element: '.color', but never found it.\n    at cypressErr (http://localhost:37477/__cypress/runner/cypress_runner.js:149934:9)\n    at throwErr (http://localhost:37477/__cypress/runner/cypress_runner.js:149867:11)\n    at Object.throwErrByPath (http://localhost:37477/__cypress/runner/cypress_runner.js:149915:3)\n    at retry (http://localhost:37477/__cypress/runner/cypress_runner.js:144197:19)\n    at onFailFn (http://localhost:37477/__cypress/runner/cypress_runner.js:132448:16)\n    at tryCatcher (http://localhost:37477/__cypress/runner/cypress_runner.js:167415:23)\n    at Promise._settlePromiseFromHandler (http://localhost:37477/__cypress/runner/cypress_runner.js:165351:31)\n    at Promise._settlePromise (http://localhost:37477/__cypress/runner/cypress_runner.js:165408:18)\n    at Promise._settlePromise0 (http://localhost:37477/__cypress/runner/cypress_runner.js:165453:10)\n    at Promise._settlePromises (http://localhost:37477/__cypress/runner/cypress_runner.js:165528:18)\n    at Async../node_modules/bluebird/js/release/async.js.Async._drainQueue (http://localhost:37477/__cypress/runner/cypress_runner.js:162140:16)\n    at Async../node_modules/bluebird/js/release/async.js.Async._drainQueues (http://localhost:37477/__cypress/runner/cypress_runner.js:162150:10)\n    at Async.drainQueues (http://localhost:37477/__cypress/runner/cypress_runner.js:162024:14)",
                "diff": null
              },
              "uuid": "9a53827c-4fc0-4878-a25b-afcf390340df",
              "parentUUID": "11641fc8-82f6-4789-bd6a-7785414a5c2c",
              "isHook": false,
              "skipped": false
            }
          ],
          "suites": [],
          "passes": [],
          "failures": [
            "9760b725-1daa-429f-9d62-dc4ebf78e358",
            "9a53827c-4fc0-4878-a25b-afcf390340df"
          ],
          "pending": [],
          "skipped": [],
          "duration": 8721,
          "root": false,
          "rootEmpty": false,
          "_timeout": 2000
        },
        {
          "uuid": "c006b158-c8f6-431a-af02-f9b9c03a2b6d",
          "title": "8 - Clicar em um pixel dentro do quadro após selecionar uma cor na paleta, faz com que o pixel seja preenchido com a cor selecionada.",
          "fullFile": "",
          "file": "",
          "beforeHooks": [],
          "afterHooks": [],
          "tests": [
            {
              "title": "Verifica se ao carregar a página deve ser possível pintar os pixels de preto",
              "fullTitle": "8 - Clicar em um pixel dentro do quadro após selecionar uma cor na paleta, faz com que o pixel seja preenchido com a cor selecionada. Verifica se ao carregar a página deve ser possível pintar os pixels de preto",
              "timedOut": null,
              "duration": 4334,
              "state": "failed",
              "speed": null,
              "pass": false,
              "fail": true,
              "pending": false,
              "context": null,
              "code": "cy.get('.pixel').each(function (pixel) {\n  cy.wrap(pixel).click().should('have.css', 'background-color', BLACK);\n});",
              "err": {
                "message": "CypressError: Timed out retrying: Expected to find element: '.pixel', but never found it.",
                "estack": "CypressError: Timed out retrying: Expected to find element: '.pixel', but never found it.\n    at cypressErr (http://localhost:37477/__cypress/runner/cypress_runner.js:149934:9)\n    at throwErr (http://localhost:37477/__cypress/runner/cypress_runner.js:149867:11)\n    at Object.throwErrByPath (http://localhost:37477/__cypress/runner/cypress_runner.js:149915:3)\n    at retry (http://localhost:37477/__cypress/runner/cypress_runner.js:144197:19)\n    at onFailFn (http://localhost:37477/__cypress/runner/cypress_runner.js:132448:16)\n    at tryCatcher (http://localhost:37477/__cypress/runner/cypress_runner.js:167415:23)\n    at Promise._settlePromiseFromHandler (http://localhost:37477/__cypress/runner/cypress_runner.js:165351:31)\n    at Promise._settlePromise (http://localhost:37477/__cypress/runner/cypress_runner.js:165408:18)\n    at Promise._settlePromise0 (http://localhost:37477/__cypress/runner/cypress_runner.js:165453:10)\n    at Promise._settlePromises (http://localhost:37477/__cypress/runner/cypress_runner.js:165528:18)\n    at Async../node_modules/bluebird/js/release/async.js.Async._drainQueue (http://localhost:37477/__cypress/runner/cypress_runner.js:162140:16)\n    at Async../node_modules/bluebird/js/release/async.js.Async._drainQueues (http://localhost:37477/__cypress/runner/cypress_runner.js:162150:10)\n    at Async.drainQueues (http://localhost:37477/__cypress/runner/cypress_runner.js:162024:14)",
                "diff": null
              },
              "uuid": "9909d849-210a-4505-876d-e9c8f591778f",
              "parentUUID": "c006b158-c8f6-431a-af02-f9b9c03a2b6d",
              "isHook": false,
              "skipped": false
            },
            {
              "title": "Verifica se após selecionar uma outra cor na paleta, é possível pintar os pixels com essa cor",
              "fullTitle": "8 - Clicar em um pixel dentro do quadro após selecionar uma cor na paleta, faz com que o pixel seja preenchido com a cor selecionada. Verifica se após selecionar uma outra cor na paleta, é possível pintar os pixels com essa cor",
              "timedOut": null,
              "duration": 4366,
              "state": "failed",
              "speed": null,
              "pass": false,
              "fail": true,
              "pending": false,
              "context": null,
              "code": "cy.get('.color').each(function (color) {\n  var backgroundColor = color.css('background-color');\n  cy.wrap(color).click();\n  cy.get('.pixel').each(function (pixel) {\n    cy.wrap(pixel).click().should('have.css', 'background-color', backgroundColor);\n  });\n});",
              "err": {
                "message": "CypressError: Timed out retrying: Expected to find element: '.color', but never found it.",
                "estack": "CypressError: Timed out retrying: Expected to find element: '.color', but never found it.\n    at cypressErr (http://localhost:37477/__cypress/runner/cypress_runner.js:149934:9)\n    at throwErr (http://localhost:37477/__cypress/runner/cypress_runner.js:149867:11)\n    at Object.throwErrByPath (http://localhost:37477/__cypress/runner/cypress_runner.js:149915:3)\n    at retry (http://localhost:37477/__cypress/runner/cypress_runner.js:144197:19)\n    at onFailFn (http://localhost:37477/__cypress/runner/cypress_runner.js:132448:16)\n    at tryCatcher (http://localhost:37477/__cypress/runner/cypress_runner.js:167415:23)\n    at Promise._settlePromiseFromHandler (http://localhost:37477/__cypress/runner/cypress_runner.js:165351:31)\n    at Promise._settlePromise (http://localhost:37477/__cypress/runner/cypress_runner.js:165408:18)\n    at Promise._settlePromise0 (http://localhost:37477/__cypress/runner/cypress_runner.js:165453:10)\n    at Promise._settlePromises (http://localhost:37477/__cypress/runner/cypress_runner.js:165528:18)\n    at Async../node_modules/bluebird/js/release/async.js.Async._drainQueue (http://localhost:37477/__cypress/runner/cypress_runner.js:162140:16)\n    at Async../node_modules/bluebird/js/release/async.js.Async._drainQueues (http://localhost:37477/__cypress/runner/cypress_runner.js:162150:10)\n    at Async.drainQueues (http://localhost:37477/__cypress/runner/cypress_runner.js:162024:14)",
                "diff": null
              },
              "uuid": "98de49a6-2f57-4f27-8c9b-4f47a4efb14c",
              "parentUUID": "c006b158-c8f6-431a-af02-f9b9c03a2b6d",
              "isHook": false,
              "skipped": false
            },
            {
              "title": "Verifica se somente o pixel que foi clicado foi preenchido com a cor selecionada, sem influenciar na cor dos demais pixels.",
              "fullTitle": "8 - Clicar em um pixel dentro do quadro após selecionar uma cor na paleta, faz com que o pixel seja preenchido com a cor selecionada. Verifica se somente o pixel que foi clicado foi preenchido com a cor selecionada, sem influenciar na cor dos demais pixels.",
              "timedOut": null,
              "duration": 4364,
              "state": "failed",
              "speed": null,
              "pass": false,
              "fail": true,
              "pending": false,
              "context": null,
              "code": "var colorToPixelIndexMap = {\n  0: 6,\n  1: 8,\n  2: 16,\n  3: 18\n};\ncy.get('.color').each(function (color, index) {\n  cy.wrap(color).click();\n  var backgroundColor = color.css('background-color');\n  var clickedPixelIndex = colorToPixelIndexMap[index];\n  cy.get('.pixel').eq(clickedPixelIndex).click();\n  cy.get('.pixel').eq(clickedPixelIndex - 1).should('not.have.css', 'background-color', backgroundColor);\n  cy.get('.pixel').eq(clickedPixelIndex + 1).should('not.have.css', 'background-color', backgroundColor);\n  cy.get('.pixel').eq(clickedPixelIndex - 5).should('not.have.css', 'background-color', backgroundColor);\n  cy.get('.pixel').eq(clickedPixelIndex + 5).should('not.have.css', 'background-color', backgroundColor);\n  cy.get('.pixel').eq(clickedPixelIndex - 6).should('not.have.css', 'background-color', backgroundColor);\n  cy.get('.pixel').eq(clickedPixelIndex - 4).should('not.have.css', 'background-color', backgroundColor);\n  cy.get('.pixel').eq(clickedPixelIndex + 4).should('not.have.css', 'background-color', backgroundColor);\n  cy.get('.pixel').eq(clickedPixelIndex + 6).should('not.have.css', 'background-color', backgroundColor);\n});",
              "err": {
                "message": "CypressError: Timed out retrying: Expected to find element: '.color', but never found it.",
                "estack": "CypressError: Timed out retrying: Expected to find element: '.color', but never found it.\n    at cypressErr (http://localhost:37477/__cypress/runner/cypress_runner.js:149934:9)\n    at throwErr (http://localhost:37477/__cypress/runner/cypress_runner.js:149867:11)\n    at Object.throwErrByPath (http://localhost:37477/__cypress/runner/cypress_runner.js:149915:3)\n    at retry (http://localhost:37477/__cypress/runner/cypress_runner.js:144197:19)\n    at onFailFn (http://localhost:37477/__cypress/runner/cypress_runner.js:132448:16)\n    at tryCatcher (http://localhost:37477/__cypress/runner/cypress_runner.js:167415:23)\n    at Promise._settlePromiseFromHandler (http://localhost:37477/__cypress/runner/cypress_runner.js:165351:31)\n    at Promise._settlePromise (http://localhost:37477/__cypress/runner/cypress_runner.js:165408:18)\n    at Promise._settlePromise0 (http://localhost:37477/__cypress/runner/cypress_runner.js:165453:10)\n    at Promise._settlePromises (http://localhost:37477/__cypress/runner/cypress_runner.js:165528:18)\n    at Async../node_modules/bluebird/js/release/async.js.Async._drainQueue (http://localhost:37477/__cypress/runner/cypress_runner.js:162140:16)\n    at Async../node_modules/bluebird/js/release/async.js.Async._drainQueues (http://localhost:37477/__cypress/runner/cypress_runner.js:162150:10)\n    at Async.drainQueues (http://localhost:37477/__cypress/runner/cypress_runner.js:162024:14)",
                "diff": null
              },
              "uuid": "dd14c952-2a20-42b7-aa8f-bcbe36cb0867",
              "parentUUID": "c006b158-c8f6-431a-af02-f9b9c03a2b6d",
              "isHook": false,
              "skipped": false
            }
          ],
          "suites": [],
          "passes": [],
          "failures": [
            "9909d849-210a-4505-876d-e9c8f591778f",
            "98de49a6-2f57-4f27-8c9b-4f47a4efb14c",
            "dd14c952-2a20-42b7-aa8f-bcbe36cb0867"
          ],
          "pending": [],
          "skipped": [],
          "duration": 13064,
          "root": false,
          "rootEmpty": false,
          "_timeout": 2000
        },
        {
          "uuid": "3369d679-92fe-434d-8216-30b685a51312",
          "title": "9 - Crie um botão que, ao ser clicado, limpa o quadro preenchendo a cor de todos seus pixels com branco.",
          "fullFile": "",
          "file": "",
          "beforeHooks": [],
          "afterHooks": [],
          "tests": [
            {
              "title": "Verifica se o botão tem o `id` denominado `clear-board`",
              "fullTitle": "9 - Crie um botão que, ao ser clicado, limpa o quadro preenchendo a cor de todos seus pixels com branco. Verifica se o botão tem o `id` denominado `clear-board`",
              "timedOut": null,
              "duration": 4372,
              "state": "failed",
              "speed": null,
              "pass": false,
              "fail": true,
              "pending": false,
              "context": null,
              "code": "cy.get('#clear-board').should('be.visible');",
              "err": {
                "message": "CypressError: Timed out retrying: Expected to find element: '#clear-board', but never found it.",
                "estack": "CypressError: Timed out retrying: Expected to find element: '#clear-board', but never found it.\n    at cypressErr (http://localhost:37477/__cypress/runner/cypress_runner.js:149934:9)\n    at throwErr (http://localhost:37477/__cypress/runner/cypress_runner.js:149867:11)\n    at Object.throwErrByPath (http://localhost:37477/__cypress/runner/cypress_runner.js:149915:3)\n    at retry (http://localhost:37477/__cypress/runner/cypress_runner.js:144197:19)\n    at onFailFn (http://localhost:37477/__cypress/runner/cypress_runner.js:132448:16)\n    at tryCatcher (http://localhost:37477/__cypress/runner/cypress_runner.js:167415:23)\n    at Promise._settlePromiseFromHandler (http://localhost:37477/__cypress/runner/cypress_runner.js:165351:31)\n    at Promise._settlePromise (http://localhost:37477/__cypress/runner/cypress_runner.js:165408:18)\n    at Promise._settlePromise0 (http://localhost:37477/__cypress/runner/cypress_runner.js:165453:10)\n    at Promise._settlePromises (http://localhost:37477/__cypress/runner/cypress_runner.js:165528:18)\n    at Async../node_modules/bluebird/js/release/async.js.Async._drainQueue (http://localhost:37477/__cypress/runner/cypress_runner.js:162140:16)\n    at Async../node_modules/bluebird/js/release/async.js.Async._drainQueues (http://localhost:37477/__cypress/runner/cypress_runner.js:162150:10)\n    at Async.drainQueues (http://localhost:37477/__cypress/runner/cypress_runner.js:162024:14)",
                "diff": null
              },
              "uuid": "93ede54c-e7c4-4e2d-b14b-50897761e9a8",
              "parentUUID": "3369d679-92fe-434d-8216-30b685a51312",
              "isHook": false,
              "skipped": false
            },
            {
              "title": "Verifica se o botão está posicionado entre a paleta de cores e o quadro de pixels",
              "fullTitle": "9 - Crie um botão que, ao ser clicado, limpa o quadro preenchendo a cor de todos seus pixels com branco. Verifica se o botão está posicionado entre a paleta de cores e o quadro de pixels",
              "timedOut": null,
              "duration": 4329,
              "state": "failed",
              "speed": null,
              "pass": false,
              "fail": true,
              "pending": false,
              "context": null,
              "code": "cy.get('#color-palette').then(function (palette) {\n  cy.get('#clear-board').should('be.belowOf', palette);\n});\ncy.get('#clear-board').then(function (clearBtn) {\n  cy.get('#pixel-board').should('be.belowOf', clearBtn);\n});",
              "err": {
                "message": "CypressError: Timed out retrying: Expected to find element: '#color-palette', but never found it.",
                "estack": "CypressError: Timed out retrying: Expected to find element: '#color-palette', but never found it.\n    at cypressErr (http://localhost:37477/__cypress/runner/cypress_runner.js:149934:9)\n    at throwErr (http://localhost:37477/__cypress/runner/cypress_runner.js:149867:11)\n    at Object.throwErrByPath (http://localhost:37477/__cypress/runner/cypress_runner.js:149915:3)\n    at retry (http://localhost:37477/__cypress/runner/cypress_runner.js:144197:19)\n    at onFailFn (http://localhost:37477/__cypress/runner/cypress_runner.js:132448:16)\n    at tryCatcher (http://localhost:37477/__cypress/runner/cypress_runner.js:167415:23)\n    at Promise._settlePromiseFromHandler (http://localhost:37477/__cypress/runner/cypress_runner.js:165351:31)\n    at Promise._settlePromise (http://localhost:37477/__cypress/runner/cypress_runner.js:165408:18)\n    at Promise._settlePromise0 (http://localhost:37477/__cypress/runner/cypress_runner.js:165453:10)\n    at Promise._settlePromises (http://localhost:37477/__cypress/runner/cypress_runner.js:165528:18)\n    at Async../node_modules/bluebird/js/release/async.js.Async._drainQueue (http://localhost:37477/__cypress/runner/cypress_runner.js:162140:16)\n    at Async../node_modules/bluebird/js/release/async.js.Async._drainQueues (http://localhost:37477/__cypress/runner/cypress_runner.js:162150:10)\n    at Async.drainQueues (http://localhost:37477/__cypress/runner/cypress_runner.js:162024:14)",
                "diff": null
              },
              "uuid": "5121efa1-e77a-444c-b3a4-0b478381f1b2",
              "parentUUID": "3369d679-92fe-434d-8216-30b685a51312",
              "isHook": false,
              "skipped": false
            },
            {
              "title": "Verifica se o texto do botão é 'Limpar'",
              "fullTitle": "9 - Crie um botão que, ao ser clicado, limpa o quadro preenchendo a cor de todos seus pixels com branco. Verifica se o texto do botão é 'Limpar'",
              "timedOut": null,
              "duration": 4375,
              "state": "failed",
              "speed": null,
              "pass": false,
              "fail": true,
              "pending": false,
              "context": null,
              "code": "cy.get('#clear-board').should('contain.text', 'Limpar');",
              "err": {
                "message": "CypressError: Timed out retrying: Expected to find element: '#clear-board', but never found it.",
                "estack": "CypressError: Timed out retrying: Expected to find element: '#clear-board', but never found it.\n    at cypressErr (http://localhost:37477/__cypress/runner/cypress_runner.js:149934:9)\n    at throwErr (http://localhost:37477/__cypress/runner/cypress_runner.js:149867:11)\n    at Object.throwErrByPath (http://localhost:37477/__cypress/runner/cypress_runner.js:149915:3)\n    at retry (http://localhost:37477/__cypress/runner/cypress_runner.js:144197:19)\n    at onFailFn (http://localhost:37477/__cypress/runner/cypress_runner.js:132448:16)\n    at tryCatcher (http://localhost:37477/__cypress/runner/cypress_runner.js:167415:23)\n    at Promise._settlePromiseFromHandler (http://localhost:37477/__cypress/runner/cypress_runner.js:165351:31)\n    at Promise._settlePromise (http://localhost:37477/__cypress/runner/cypress_runner.js:165408:18)\n    at Promise._settlePromise0 (http://localhost:37477/__cypress/runner/cypress_runner.js:165453:10)\n    at Promise._settlePromises (http://localhost:37477/__cypress/runner/cypress_runner.js:165528:18)\n    at Async../node_modules/bluebird/js/release/async.js.Async._drainQueue (http://localhost:37477/__cypress/runner/cypress_runner.js:162140:16)\n    at Async../node_modules/bluebird/js/release/async.js.Async._drainQueues (http://localhost:37477/__cypress/runner/cypress_runner.js:162150:10)\n    at Async.drainQueues (http://localhost:37477/__cypress/runner/cypress_runner.js:162024:14)",
                "diff": null
              },
              "uuid": "43afb382-3e2b-4ebe-b2b9-26242e48f9fd",
              "parentUUID": "3369d679-92fe-434d-8216-30b685a51312",
              "isHook": false,
              "skipped": false
            },
            {
              "title": "Verifica se ao clicar no botão, o quadro de pixels é totalmente preenchido de branco",
              "fullTitle": "9 - Crie um botão que, ao ser clicado, limpa o quadro preenchendo a cor de todos seus pixels com branco. Verifica se ao clicar no botão, o quadro de pixels é totalmente preenchido de branco",
              "timedOut": null,
              "duration": 4370,
              "state": "failed",
              "speed": null,
              "pass": false,
              "fail": true,
              "pending": false,
              "context": null,
              "code": "cy.get('.color').eq(1).then(function (color) {\n  var backgroundColor = color.css('background-color');\n  cy.wrap(color).click();\n  cy.get('.pixel').each(function (pixel) {\n    cy.wrap(pixel).click().should('have.css', 'background-color', backgroundColor);\n  });\n});\ncy.get('#clear-board').click();\ncy.get('.pixel').each(function (pixel) {\n  cy.wrap(pixel).should('have.css', 'background-color', WHITE);\n});",
              "err": {
                "message": "CypressError: Timed out retrying: Expected to find element: '.color', but never found it.",
                "estack": "CypressError: Timed out retrying: Expected to find element: '.color', but never found it.\n    at cypressErr (http://localhost:37477/__cypress/runner/cypress_runner.js:149934:9)\n    at throwErr (http://localhost:37477/__cypress/runner/cypress_runner.js:149867:11)\n    at Object.throwErrByPath (http://localhost:37477/__cypress/runner/cypress_runner.js:149915:3)\n    at retry (http://localhost:37477/__cypress/runner/cypress_runner.js:144197:19)\n    at onFailFn (http://localhost:37477/__cypress/runner/cypress_runner.js:132448:16)\n    at tryCatcher (http://localhost:37477/__cypress/runner/cypress_runner.js:167415:23)\n    at Promise._settlePromiseFromHandler (http://localhost:37477/__cypress/runner/cypress_runner.js:165351:31)\n    at Promise._settlePromise (http://localhost:37477/__cypress/runner/cypress_runner.js:165408:18)\n    at Promise._settlePromise0 (http://localhost:37477/__cypress/runner/cypress_runner.js:165453:10)\n    at Promise._settlePromises (http://localhost:37477/__cypress/runner/cypress_runner.js:165528:18)\n    at Async../node_modules/bluebird/js/release/async.js.Async._drainQueue (http://localhost:37477/__cypress/runner/cypress_runner.js:162140:16)\n    at Async../node_modules/bluebird/js/release/async.js.Async._drainQueues (http://localhost:37477/__cypress/runner/cypress_runner.js:162150:10)\n    at Async.drainQueues (http://localhost:37477/__cypress/runner/cypress_runner.js:162024:14)",
                "diff": null
              },
              "uuid": "be89870f-f044-41fe-859f-b9fe2186bc30",
              "parentUUID": "3369d679-92fe-434d-8216-30b685a51312",
              "isHook": false,
              "skipped": false
            }
          ],
          "suites": [],
          "passes": [],
          "failures": [
            "93ede54c-e7c4-4e2d-b14b-50897761e9a8",
            "5121efa1-e77a-444c-b3a4-0b478381f1b2",
            "43afb382-3e2b-4ebe-b2b9-26242e48f9fd",
            "be89870f-f044-41fe-859f-b9fe2186bc30"
          ],
          "pending": [],
          "skipped": [],
          "duration": 17446,
          "root": false,
          "rootEmpty": false,
          "_timeout": 2000
        },
        {
          "uuid": "a0dc5b14-6b54-4e39-ab33-01fe26b9b26f",
          "title": "10 - Faça o quadro de pixels ter seu tamanho definido pelo usuário.",
          "fullFile": "",
          "file": "",
          "beforeHooks": [],
          "afterHooks": [],
          "tests": [
            {
              "title": "Verifica se existe um input com o id `board-size`",
              "fullTitle": "10 - Faça o quadro de pixels ter seu tamanho definido pelo usuário. Verifica se existe um input com o id `board-size`",
              "timedOut": null,
              "duration": 4412,
              "state": "failed",
              "speed": null,
              "pass": false,
              "fail": true,
              "pending": false,
              "context": null,
              "code": "cy.get('#board-size').should('be.visible');",
              "err": {
                "message": "CypressError: Timed out retrying: Expected to find element: '#board-size', but never found it.",
[...]
                "diff": null
              },
              "uuid": "3b0e2cf3-554c-4f86-8c15-a57894250883",
              "parentUUID": "a0dc5b14-6b54-4e39-ab33-01fe26b9b26f",
              "isHook": false,
              "skipped": false
            },
            {
              "title": "Verifica se o novo quadro tem todos os pixels preenchidos com a cor branca",
              "fullTitle": "10 - Faça o quadro de pixels ter seu tamanho definido pelo usuário. Verifica se o novo quadro tem todos os pixels preenchidos com a cor branca",
              "timedOut": null,
              "duration": 4353,
              "state": "failed",
              "speed": null,
              "pass": false,
              "fail": true,
              "pending": false,
              "context": null,
              "code": "cy.get('#board-size').clear().type(6);\ncy.get('#generate-board').click();\ncy.get('.pixel').should('have.length', 36).each(function (pixel) {\n  expect(pixel).to.have.css('background-color', WHITE);\n});",
              "err": {
                "message": "CypressError: Timed out retrying: Expected to find element: '#board-size', but never found it.",
                "estack": "CypressError: Timed out retrying: Expected to find element: '#board-size', but never found it.\n    at cypressErr (http://localhost:37477/__cypress/runner/cypress_runner.js:149934:9)\n    at throwErr (http://localhost:37477/__cypress/runner/cypress_runner.js:149867:11)\n    at Object.throwErrByPath (http://localhost:37477/__cypress/runner/cypress_runner.js:149915:3)\n    at retry (http://localhost:37477/__cypress/runner/cypress_runner.js:144197:19)\n    at onFailFn (http://localhost:37477/__cypress/runner/cypress_runner.js:132448:16)\n    at tryCatcher (http://localhost:37477/__cypress/runner/cypress_runner.js:167415:23)\n    at Promise._settlePromiseFromHandler (http://localhost:37477/__cypress/runner/cypress_runner.js:165351:31)\n    at Promise._settlePromise (http://localhost:37477/__cypress/runner/cypress_runner.js:165408:18)\n    at Promise._settlePromise0 (http://localhost:37477/__cypress/runner/cypress_runner.js:165453:10)\n    at Promise._settlePromises (http://localhost:37477/__cypress/runner/cypress_runner.js:165528:18)\n    at Async../node_modules/bluebird/js/release/async.js.Async._drainQueue (http://localhost:37477/__cypress/runner/cypress_runner.js:162140:16)\n    at Async../node_modules/bluebird/js/release/async.js.Async._drainQueues (http://localhost:37477/__cypress/runner/cypress_runner.js:162150:10)\n    at Async.drainQueues (http://localhost:37477/__cypress/runner/cypress_runner.js:162024:14)",
                "diff": null
              },
              "uuid": "5da62f50-7dfd-44f3-bf55-02ac44229ecf",
              "parentUUID": "a0dc5b14-6b54-4e39-ab33-01fe26b9b26f",
              "isHook": false,
              "skipped": false
            }
          ],
          "suites": [],
          "passes": [],
          "failures": [
            "b8fc151f-395a-428c-8549-a705bcf1ac2d",
            "657f7e2d-1eed-444b-a060-4fb2dac02afb",
            "ee1ca93b-76e0-4312-998f-4052c047c2e8",
            "6a47f091-0307-4e46-b1f6-9314b9fcfcd5",
            "e22c18e4-55dd-473e-a3ee-1bb9daf90ef2",
            "1b9d38b3-f5b5-4101-810c-a534abc80aa3",
            "59252cca-c85f-46d2-a0bb-be3d23caf766",
            "3b0e2cf3-554c-4f86-8c15-a57894250883",
            "5da62f50-7dfd-44f3-bf55-02ac44229ecf"
          ],
          "pending": [],
          "skipped": [],
          "duration": 39339,
          "root": false,
          "rootEmpty": false,
          "_timeout": 2000
        },
        {
          "uuid": "3f860fa3-e87e-410e-aa89-234331f40e20",
          "title": "11 - Limite o tamanho mínimo e máximo do board.",
          "fullFile": "",
          "file": "",
          "beforeHooks": [],
          "afterHooks": [],
          "tests": [
            {
              "title": "Verifica se a altura máxima do board é 50",
              "fullTitle": "11 - Limite o tamanho mínimo e máximo do board. Verifica se a altura máxima do board é 50",
              "timedOut": null,
              "duration": 4387,
              "state": "failed",
              "speed": null,
              "pass": false,
              "fail": true,
              "pending": false,
              "context": null,
              "code": "cy.get('#board-size').clear().type(50);\ncy.get('#generate-board').click();\ncy.get('.pixel').should('have.length', 2500);",
              "err": {
                "message": "CypressError: Timed out retrying: Expected to find element: '#board-size', but never found it.",
                "estack": "CypressError: Timed out retrying: Expected to find element: '#board-size', but never found it.\n    at cypressErr (http://localhost:37477/__cypress/runner/cypress_runner.js:149934:9)\n    at throwErr (http://localhost:37477/__cypress/runner/cypress_runner.js:149867:11)\n    at Object.throwErrByPath (http://localhost:37477/__cypress/runner/cypress_runner.js:149915:3)\n    at retry (http://localhost:37477/__cypress/runner/cypress_runner.js:144197:19)\n    at onFailFn (http://localhost:37477/__cypress/runner/cypress_runner.js:132448:16)\n    at tryCatcher (http://localhost:37477/__cypress/runner/cypress_runner.js:167415:23)\n    at Promise._settlePromiseFromHandler (http://localhost:37477/__cypress/runner/cypress_runner.js:165351:31)\n    at Promise._settlePromise (http://localhost:37477/__cypress/runner/cypress_runner.js:165408:18)\n    at Promise._settlePromise0 (http://localhost:37477/__cypress/runner/cypress_runner.js:165453:10)\n    at Promise._settlePromises (http://localhost:37477/__cypress/runner/cypress_runner.js:165528:18)\n    at Async../node_modules/bluebird/js/release/async.js.Async._drainQueue (http://localhost:37477/__cypress/runner/cypress_runner.js:162140:16)\n    at Async../node_modules/bluebird/js/release/async.js.Async._drainQueues (http://localhost:37477/__cypress/runner/cypress_runner.js:162150:10)\n    at Async.drainQueues (http://localhost:37477/__cypress/runner/cypress_runner.js:162024:14)",
                "diff": null
              },
              "uuid": "65c582b8-90c1-4361-bb8f-0681f91936d9",
              "parentUUID": "3f860fa3-e87e-410e-aa89-234331f40e20",
              "isHook": false,
              "skipped": false
            },
            {
              "title": "Verifica se a altura do board é 5 quando um valor menor é colocado no input",
              "fullTitle": "11 - Limite o tamanho mínimo e máximo do board. Verifica se a altura do board é 5 quando um valor menor é colocado no input",
              "timedOut": null,
              "duration": 4409,
              "state": "failed",
              "speed": null,
              "pass": false,
              "fail": true,
              "pending": false,
              "context": null,
              "code": "cy.get('#board-size').clear().type(4);\ncy.get('#generate-board').click();\ncy.get('.pixel').should('have.length', 25);",
              "err": {
                "message": "CypressError: Timed out retrying: Expected to find element: '#board-size', but never found it.",
                "estack": "CypressError: Timed out retrying: Expected to find element: '#board-size', but never found it.\n    at cypressErr (http://localhost:37477/__cypress/runner/cypress_runner.js:149934:9)\n    at throwErr (http://localhost:37477/__cypress/runner/cypress_runner.js:149867:11)\n    at Object.throwErrByPath (http://localhost:37477/__cypress/runner/cypress_runner.js:149915:3)\n    at retry (http://localhost:37477/__cypress/runner/cypress_runner.js:144197:19)\n    at onFailFn (http://localhost:37477/__cypress/runner/cypress_runner.js:132448:16)\n    at tryCatcher (http://localhost:37477/__cypress/runner/cypress_runner.js:167415:23)\n    at Promise._settlePromiseFromHandler (http://localhost:37477/__cypress/runner/cypress_runner.js:165351:31)\n    at Promise._settlePromise (http://localhost:37477/__cypress/runner/cypress_runner.js:165408:18)\n    at Promise._settlePromise0 (http://localhost:37477/__cypress/runner/cypress_runner.js:165453:10)\n    at Promise._settlePromises (http://localhost:37477/__cypress/runner/cypress_runner.js:165528:18)\n    at Async../node_modules/bluebird/js/release/async.js.Async._drainQueue (http://localhost:37477/__cypress/runner/cypress_runner.js:162140:16)\n    at Async../node_modules/bluebird/js/release/async.js.Async._drainQueues (http://localhost:37477/__cypress/runner/cypress_runner.js:162150:10)\n    at Async.drainQueues (http://localhost:37477/__cypress/runner/cypress_runner.js:162024:14)",
                "diff": null
              },
              "uuid": "119eaadb-0272-4365-af3f-1646e77c3204",
              "parentUUID": "3f860fa3-e87e-410e-aa89-234331f40e20",
              "isHook": false,
              "skipped": false
            },
            {
              "title": "Verifica se a altura do board é 50 quando um valor maior é colocado no input",
              "fullTitle": "11 - Limite o tamanho mínimo e máximo do board. Verifica se a altura do board é 50 quando um valor maior é colocado no input",
              "timedOut": null,
              "duration": 4376,
              "state": "failed",
              "speed": null,
              "pass": false,
              "fail": true,
              "pending": false,
              "context": null,
              "code": "cy.get('#board-size').clear().type(51);\ncy.get('#generate-board').click();\ncy.get('.pixel').should('have.length', 2500);",
              "err": {
                "message": "CypressError: Timed out retrying: Expected to find element: '#board-size', but never found it.",
                "estack": "CypressError: Timed out retrying: Expected to find element: '#board-size', but never found it.\n    at cypressErr (http://localhost:37477/__cypress/runner/cypress_runner.js:149934:9)\n    at throwErr (http://localhost:37477/__cypress/runner/cypress_runner.js:149867:11)\n    at Object.throwErrByPath (http://localhost:37477/__cypress/runner/cypress_runner.js:149915:3)\n    at retry (http://localhost:37477/__cypress/runner/cypress_runner.js:144197:19)\n    at onFailFn (http://localhost:37477/__cypress/runner/cypress_runner.js:132448:16)\n    at tryCatcher (http://localhost:37477/__cypress/runner/cypress_runner.js:167415:23)\n    at Promise._settlePromiseFromHandler (http://localhost:37477/__cypress/runner/cypress_runner.js:165351:31)\n    at Promise._settlePromise (http://localhost:37477/__cypress/runner/cypress_runner.js:165408:18)\n    at Promise._settlePromise0 (http://localhost:37477/__cypress/runner/cypress_runner.js:165453:10)\n    at Promise._settlePromises (http://localhost:37477/__cypress/runner/cypress_runner.js:165528:18)\n    at Async../node_modules/bluebird/js/release/async.js.Async._drainQueue (http://localhost:37477/__cypress/runner/cypress_runner.js:162140:16)\n    at Async../node_modules/bluebird/js/release/async.js.Async._drainQueues (http://localhost:37477/__cypress/runner/cypress_runner.js:162150:10)\n    at Async.drainQueues (http://localhost:37477/__cypress/runner/cypress_runner.js:162024:14)",
                "diff": null
              },
              "uuid": "8b852ba0-be11-466a-bd31-c5c88a331807",
              "parentUUID": "3f860fa3-e87e-410e-aa89-234331f40e20",
              "isHook": false,
              "skipped": false
            }
          ],
          "suites": [],
          "passes": [],
          "failures": [
            "65c582b8-90c1-4361-bb8f-0681f91936d9",
            "119eaadb-0272-4365-af3f-1646e77c3204",
            "8b852ba0-be11-466a-bd31-c5c88a331807"
          ],
          "pending": [],
          "skipped": [],
          "duration": 13172,
          "root": false,
          "rootEmpty": false,
          "_timeout": 2000
        },
        {
          "uuid": "214b58f9-8eaa-49c1-8250-8b68c8d3fcf5",
          "title": "12 - Faça com que as cores da paleta sejam geradas aleatoriamente ao carregar a página.",
          "fullFile": "",
          "file": "",
          "beforeHooks": [],
          "afterHooks": [],
          "tests": [
            {
              "title": "Verifica se as cores geradas na paleta são diferentes a cada carregamento da página",
              "fullTitle": "12 - Faça com que as cores da paleta sejam geradas aleatoriamente ao carregar a página. Verifica se as cores geradas na paleta são diferentes a cada carregamento da página",
              "timedOut": null,
              "duration": 4352,
              "state": "failed",
              "speed": null,
              "pass": false,
              "fail": true,
              "pending": false,
              "context": null,
              "code": "cy.get('.color').then(function (colors) {\n  var currentColors;\n  var previousColors;\n  previousColors = Array.from(colors).map(function (color) {\n    return Cypress.$(color).css('background-color');\n  });\n  for (var i = 0; i < 5; i += 1) {\n    cy.reload();\n    cy.get('.color').then(function (colors) {\n      currentColors = Array.from(colors).map(function (color) {\n        return Cypress.$(color).css('background-color');\n      });\n      expect(currentColors).not.to.deep.equal(previousColors);\n      previousColors = currentColors;\n    });\n  }\n});",
              "err": {
                "message": "CypressError: Timed out retrying: Expected to find element: '.color', but never found it.",
                "estack": "CypressError: Timed out retrying: Expected to find element: '.color', but never found it.\n    at cypressErr (http://localhost:37477/__cypress/runner/cypress_runner.js:149934:9)\n    at throwErr (http://localhost:37477/__cypress/runner/cypress_runner.js:149867:11)\n    at Object.throwErrByPath (http://localhost:37477/__cypress/runner/cypress_runner.js:149915:3)\n    at retry (http://localhost:37477/__cypress/runner/cypress_runner.js:144197:19)\n    at onFailFn (http://localhost:37477/__cypress/runner/cypress_runner.js:132448:16)\n    at tryCatcher (http://localhost:37477/__cypress/runner/cypress_runner.js:167415:23)\n    at Promise._settlePromiseFromHandler (http://localhost:37477/__cypress/runner/cypress_runner.js:165351:31)\n    at Promise._settlePromise (http://localhost:37477/__cypress/runner/cypress_runner.js:165408:18)\n    at Promise._settlePromise0 (http://localhost:37477/__cypress/runner/cypress_runner.js:165453:10)\n    at Promise._settlePromises (http://localhost:37477/__cypress/runner/cypress_runner.js:165528:18)\n    at Async../node_modules/bluebird/js/release/async.js.Async._drainQueue (http://localhost:37477/__cypress/runner/cypress_runner.js:162140:16)\n    at Async../node_modules/bluebird/js/release/async.js.Async._drainQueues (http://localhost:37477/__cypress/runner/cypress_runner.js:162150:10)\n    at Async.drainQueues (http://localhost:37477/__cypress/runner/cypress_runner.js:162024:14)",
                "diff": null
              },
              "uuid": "bcfca8c3-8f27-44f9-9980-824fb2a90577",
              "parentUUID": "214b58f9-8eaa-49c1-8250-8b68c8d3fcf5",
              "isHook": false,
              "skipped": false
            },
            {
              "title": "Verifica se a cor preta ainda está presente e é a primeira na sua paleta de cores",
              "fullTitle": "12 - Faça com que as cores da paleta sejam geradas aleatoriamente ao carregar a página. Verifica se a cor preta ainda está presente e é a primeira na sua paleta de cores",
              "timedOut": null,
              "duration": 4387,
              "state": "failed",
              "speed": null,
              "pass": false,
              "fail": true,
              "pending": false,
              "context": null,
              "code": "cy.get('.color').then(function (colors) {\n  var currentColors;\n  var previousColors;\n  previousColors = Array.from(colors).map(function (color) {\n    return Cypress.$(color).css('background-color');\n  });\n  expect(previousColors[0]).to.eq(BLACK);\n  for (var i = 0; i < 5; i += 1) {\n    cy.reload();\n    cy.get('.color').then(function (colors) {\n      currentColors = Array.from(colors).map(function (color) {\n        return Cypress.$(color).css('background-color');\n      });\n      expect(currentColors[0]).to.eq(BLACK);\n      expect(currentColors).not.to.deep.equal(previousColors);\n      previousColors = currentColors;\n    });\n  }\n});",
              "err": {
                "message": "CypressError: Timed out retrying: Expected to find element: '.color', but never found it.",
                "estack": "CypressError: Timed out retrying: Expected to find element: '.color', but never found it.\n    at cypressErr (http://localhost:37477/__cypress/runner/cypress_runner.js:149934:9)\n    at throwErr (http://localhost:37477/__cypress/runner/cypress_runner.js:149867:11)\n    at Object.throwErrByPath (http://localhost:37477/__cypress/runner/cypress_runner.js:149915:3)\n    at retry (http://localhost:37477/__cypress/runner/cypress_runner.js:144197:19)\n    at onFailFn (http://localhost:37477/__cypress/runner/cypress_runner.js:132448:16)\n    at tryCatcher (http://localhost:37477/__cypress/runner/cypress_runner.js:167415:23)\n    at Promise._settlePromiseFromHandler (http://localhost:37477/__cypress/runner/cypress_runner.js:165351:31)\n    at Promise._settlePromise (http://localhost:37477/__cypress/runner/cypress_runner.js:165408:18)\n    at Promise._settlePromise0 (http://localhost:37477/__cypress/runner/cypress_runner.js:165453:10)\n    at Promise._settlePromises (http://localhost:37477/__cypress/runner/cypress_runner.js:165528:18)\n    at Async../node_modules/bluebird/js/release/async.js.Async._drainQueue (http://localhost:37477/__cypress/runner/cypress_runner.js:162140:16)\n    at Async../node_modules/bluebird/js/release/async.js.Async._drainQueues (http://localhost:37477/__cypress/runner/cypress_runner.js:162150:10)\n    at Async.drainQueues (http://localhost:37477/__cypress/runner/cypress_runner.js:162024:14)",
                "diff": null
              },
              "uuid": "962fc159-b01c-4c43-a116-95111d34d24c",
              "parentUUID": "214b58f9-8eaa-49c1-8250-8b68c8d3fcf5",
              "isHook": false,
              "skipped": false
            }
          ],
          "suites": [],
          "passes": [],
          "failures": [
            "bcfca8c3-8f27-44f9-9980-824fb2a90577",
            "962fc159-b01c-4c43-a116-95111d34d24c"
          ],
          "pending": [],
          "skipped": [],
          "duration": 8739,
          "root": false,
          "rootEmpty": false,
          "_timeout": 2000
        }
      ],
      "passes": [],
      "failures": [],
      "pending": [],
      "skipped": [],
      "duration": 0,
      "root": true,
      "rootEmpty": true,
      "_timeout": 2000
    }
  ],
  "meta": {
    "mocha": {
      "version": "7.0.1"
    },
    "mochawesome": {
      "options": {
        "quiet": false,
        "reportFilename": "mochawesome",
        "saveHtml": false,
        "saveJson": true,
        "consoleReporter": "spec",
        "useInlineDiffs": false
      },
      "version": "4.1.0"
    },
    "marge": {
      "options": {
        "id": "default",
        "reportDir": "cypress/reports",
        "overwrite": true,
        "html": false,
        "json": true
      },
      "version": "4.1.0"
    }
  }
}