{
  "stats": {
    "suites": 12,
    "tests": 41,
    "passes": 26,
    "pending": 0,
    "failures": 15,
    "start": "2021-09-16T17:05:06.284Z",
    "end": "2021-09-16T17:06:29.740Z",
    "duration": 83456,
    "testsRegistered": 41,
    "passPercent": 63.41463414634146,
    "pendingPercent": 0,
    "other": 0,
    "hasOther": false,
    "skipped": 0,
    "hasSkipped": false
  },
  "results": [
    {
      "uuid": "bed439cd-a0f0-4ae6-bed8-735d38f1f2fb",
      "title": "",
      "fullFile": "cypress/integration/project.spec.js",
      "file": "cypress/integration/project.spec.js",
      "beforeHooks": [],
      "afterHooks": [],
      "tests": [],
      "suites": [
        {
          "uuid": "6057a5b7-7735-44f5-bdd5-8faeec6e4f73",
          "title": "1 - Adicione à página o título \"Paleta de Cores\".",
          "fullFile": "",
          "file": "",
          "beforeHooks": [],
          "afterHooks": [],
          "tests": [
            {
              "title": "Verifica se contém um elemento `h1` com o id `title` com o título correto",
              "fullTitle": "1 - Adicione à página o título \"Paleta de Cores\". Verifica se contém um elemento `h1` com o id `title` com o título correto",
              "timedOut": null,
              "duration": 195,
              "state": "passed",
              "speed": "slow",
              "pass": true,
              "fail": false,
              "pending": false,
              "context": null,
              "code": "cy.get('h1#title').should('contain.text', 'Paleta de Cores');",
              "err": {},
              "uuid": "30544243-425b-43c1-8a2f-f92014753213",
              "parentUUID": "6057a5b7-7735-44f5-bdd5-8faeec6e4f73",
              "isHook": false,
              "skipped": false
            }
          ],
          "suites": [],
          "passes": [
            "30544243-425b-43c1-8a2f-f92014753213"
          ],
          "failures": [],
          "pending": [],
          "skipped": [],
          "duration": 195,
          "root": false,
          "rootEmpty": false,
          "_timeout": 2000
        },
        {
          "uuid": "e8e9b17f-f4b7-40d1-8c7b-4e7a9095b5bd",
          "title": "2 - Adicione à página uma paleta de quatro cores distintas.",
          "fullFile": "",
          "file": "",
          "beforeHooks": [],
          "afterHooks": [],
          "tests": [
            {
              "title": "A paleta de cores deve ser um elemento com `id` denominado `color-palette`",
              "fullTitle": "2 - Adicione à página uma paleta de quatro cores distintas. A paleta de cores deve ser um elemento com `id` denominado `color-palette`",
              "timedOut": null,
              "duration": 124,
              "state": "passed",
              "speed": "slow",
              "pass": true,
              "fail": false,
              "pending": false,
              "context": null,
              "code": "cy.get('#color-palette').should('be.visible');\ncy.get('#color-palette').children('.color');",
              "err": {},
              "uuid": "b65f3f06-a848-4dab-adc5-29ac121584ea",
              "parentUUID": "e8e9b17f-f4b7-40d1-8c7b-4e7a9095b5bd",
              "isHook": false,
              "skipped": false
            },
            {
              "title": "Verifica se cada cor individual da paleta de cores possui a `classe` chamada `color`.",
              "fullTitle": "2 - Adicione à página uma paleta de quatro cores distintas. Verifica se cada cor individual da paleta de cores possui a `classe` chamada `color`.",
              "timedOut": null,
              "duration": 123,
              "state": "passed",
              "speed": "slow",
              "pass": true,
              "fail": false,
              "pending": false,
              "context": null,
              "code": "cy.get('.color').should('have.length', 4).then(function (colors) {\n  for (var i = 0; i < colors.length; i++) {\n    cy.wrap(colors[i]).should('be.visible');\n  }\n});",
              "err": {},
              "uuid": "9db1428a-081d-4c6a-8b20-ad6a94f34054",
              "parentUUID": "e8e9b17f-f4b7-40d1-8c7b-4e7a9095b5bd",
              "isHook": false,
              "skipped": false
            },
            {
              "title": "Verifica se a cor de fundo de cada elemento da paleta é a cor que o elemento representa. **A única cor não permitida na paleta é a cor branca.**",
              "fullTitle": "2 - Adicione à página uma paleta de quatro cores distintas. Verifica se a cor de fundo de cada elemento da paleta é a cor que o elemento representa. **A única cor não permitida na paleta é a cor branca.**",
              "timedOut": null,
              "duration": 172,
              "state": "passed",
              "speed": "slow",
              "pass": true,
              "fail": false,
              "pending": false,
              "context": null,
              "code": "cy.get('.color').each(function (color) {\n  cy.wrap(color).should('have.class', 'color').and('not.have.css', 'background-color', WHITE);\n  cy.wrap(color).should('have.css', 'background-color');\n});",
              "err": {},
              "uuid": "dc153623-f787-43b3-8140-a35faf0f5556",
              "parentUUID": "e8e9b17f-f4b7-40d1-8c7b-4e7a9095b5bd",
              "isHook": false,
              "skipped": false
            },
            {
              "title": "Verifica se cada elemento da paleta de cores tem uma borda preta, sólida e com 1 pixel de largura;",
              "fullTitle": "2 - Adicione à página uma paleta de quatro cores distintas. Verifica se cada elemento da paleta de cores tem uma borda preta, sólida e com 1 pixel de largura;",
              "timedOut": null,
              "duration": 150,
              "state": "passed",
              "speed": "slow",
              "pass": true,
              "fail": false,
              "pending": false,
              "context": null,
              "code": "cy.get('.color').each(function (color) {\n  cy.wrap(color).and('have.css', 'border', \"1px solid \".concat(BLACK)).and('have.class', 'color');\n});",
              "err": {},
              "uuid": "c40f4093-6fcf-4138-8966-4522b7972427",
              "parentUUID": "e8e9b17f-f4b7-40d1-8c7b-4e7a9095b5bd",
              "isHook": false,
              "skipped": false
            },
            {
              "title": "Verifica se a paleta lista todas as cores disponíveis para utilização, lado a lado.",
              "fullTitle": "2 - Adicione à página uma paleta de quatro cores distintas. Verifica se a paleta lista todas as cores disponíveis para utilização, lado a lado.",
              "timedOut": null,
              "duration": 178,
              "state": "passed",
              "speed": "slow",
              "pass": true,
              "fail": false,
              "pending": false,
              "context": null,
              "code": "cy.get('.color').then(function (colors) {\n  for (var index = 1; index < colors.length; index += 1) {\n    var currentColor = colors[index];\n    var previousColor = colors[index - 1];\n    cy.wrap(currentColor).should('be.onTheRightOf', previousColor).and('be.horizontallyAlignedWith', previousColor);\n  }\n});",
              "err": {},
              "uuid": "caaf9226-3130-4df6-918f-a3b055a3a02e",
              "parentUUID": "e8e9b17f-f4b7-40d1-8c7b-4e7a9095b5bd",
              "isHook": false,
              "skipped": false
            },
            {
              "title": "Verifica se a paleta de cores está posicionada abaixo do título 'Paleta de Cores'",
              "fullTitle": "2 - Adicione à página uma paleta de quatro cores distintas. Verifica se a paleta de cores está posicionada abaixo do título 'Paleta de Cores'",
              "timedOut": null,
              "duration": 101,
              "state": "passed",
              "speed": "slow",
              "pass": true,
              "fail": false,
              "pending": false,
              "context": null,
              "code": "cy.get('h1#title').then(function (title) {\n  cy.get('#color-palette').should('be.belowOf', title);\n});",
              "err": {},
              "uuid": "a02ddcc7-1737-47b8-8c3c-cf5e451ab03a",
              "parentUUID": "e8e9b17f-f4b7-40d1-8c7b-4e7a9095b5bd",
              "isHook": false,
              "skipped": false
            },
            {
              "title": "Verifica se a paleta de cores não contém cores repetidas.",
              "fullTitle": "2 - Adicione à página uma paleta de quatro cores distintas. Verifica se a paleta de cores não contém cores repetidas.",
              "timedOut": null,
              "duration": 115,
              "state": "passed",
              "speed": "slow",
              "pass": true,
              "fail": false,
              "pending": false,
              "context": null,
              "code": "cy.get('.color').then(function (colors) {\n  var allColors = Array.from(colors).map(function (color) {\n    return Cypress.$(color).css('background-color');\n  });\n  cy.log(allColors);\n  var uniqColors = (0, _toConsumableArray2[\"default\"])(new Set(allColors));\n  cy.log(uniqColors);\n  expect(allColors.length).to.eq(uniqColors.length);\n});",
              "err": {},
              "uuid": "9e82530f-1c52-461f-965a-4457d9671b7e",
              "parentUUID": "e8e9b17f-f4b7-40d1-8c7b-4e7a9095b5bd",
              "isHook": false,
              "skipped": false
            }
          ],
          "suites": [],
          "passes": [
            "b65f3f06-a848-4dab-adc5-29ac121584ea",
            "9db1428a-081d-4c6a-8b20-ad6a94f34054",
            "dc153623-f787-43b3-8140-a35faf0f5556",
            "c40f4093-6fcf-4138-8966-4522b7972427",
            "caaf9226-3130-4df6-918f-a3b055a3a02e",
            "a02ddcc7-1737-47b8-8c3c-cf5e451ab03a",
            "9e82530f-1c52-461f-965a-4457d9671b7e"
          ],
          "failures": [],
          "pending": [],
          "skipped": [],
          "duration": 963,
          "root": false,
          "rootEmpty": false,
          "_timeout": 2000
        },
        {
          "uuid": "798924da-022f-42e4-b256-9d30244bf78a",
          "title": "3 - Adicione a cor **preta** como a primeira cor da paleta de cores.",
          "fullFile": "",
          "file": "",
          "beforeHooks": [],
          "afterHooks": [],
          "tests": [
            {
              "title": "Verifica se a primeira cor da paleta é preta",
              "fullTitle": "3 - Adicione a cor **preta** como a primeira cor da paleta de cores. Verifica se a primeira cor da paleta é preta",
              "timedOut": null,
              "duration": 88,
              "state": "passed",
              "speed": "slow",
              "pass": true,
              "fail": false,
              "pending": false,
              "context": null,
              "code": "cy.get('.color').first().should('have.css', 'background-color', BLACK);",
              "err": {},
              "uuid": "6c81c096-dfcc-476d-b786-e41f37a3c9f4",
              "parentUUID": "798924da-022f-42e4-b256-9d30244bf78a",
              "isHook": false,
              "skipped": false
            },
            {
              "title": "Verifica se as demais cores podem ser escolhidas livremente.",
              "fullTitle": "3 - Adicione a cor **preta** como a primeira cor da paleta de cores. Verifica se as demais cores podem ser escolhidas livremente.",
              "timedOut": null,
              "duration": 162,
              "state": "passed",
              "speed": "slow",
              "pass": true,
              "fail": false,
              "pending": false,
              "context": null,
              "code": "cy.get('.color').eq(1).should('not.have.css', 'background-color', BLACK);\ncy.get('.color').eq(1).should('not.have.css', 'background-color', WHITE);\ncy.get('.color').eq(1).should('not.have.css', 'background-color', 'rgba(0, 0, 0, 0)');\ncy.get('.color').eq(1).should('have.css', 'background-color');\ncy.get('.color').eq(2).should('not.have.css', 'background-color', BLACK);\ncy.get('.color').eq(2).should('not.have.css', 'background-color', WHITE);\ncy.get('.color').eq(2).should('not.have.css', 'background-color', 'rgba(0, 0, 0, 0)');\ncy.get('.color').eq(2).should('have.css', 'background-color');\ncy.get('.color').eq(3).should('not.have.css', 'background-color', BLACK);\ncy.get('.color').eq(3).should('not.have.css', 'background-color', WHITE);\ncy.get('.color').eq(3).should('not.have.css', 'background-color', 'rgba(0, 0, 0, 0)');\ncy.get('.color').eq(3).should('have.css', 'background-color');",
              "err": {},
              "uuid": "79f1e0e5-9d90-42a9-ad33-bed962386846",
              "parentUUID": "798924da-022f-42e4-b256-9d30244bf78a",
              "isHook": false,
              "skipped": false
            }
          ],
          "suites": [],
          "passes": [
            "6c81c096-dfcc-476d-b786-e41f37a3c9f4",
            "79f1e0e5-9d90-42a9-ad33-bed962386846"
          ],
          "failures": [],
          "pending": [],
          "skipped": [],
          "duration": 250,
          "root": false,
          "rootEmpty": false,
          "_timeout": 2000
        },
        {
          "uuid": "1fb24a56-3927-4006-8193-86cec942e9ec",
          "title": "4 - Adicione à página um quadro de pixels, com 25 pixels.",
          "fullFile": "",
          "file": "",
          "beforeHooks": [],
          "afterHooks": [],
          "tests": [
            {
              "title": "Verifica se o quadro de pixels possui o `id` denominado `pixel-board`",
              "fullTitle": "4 - Adicione à página um quadro de pixels, com 25 pixels. Verifica se o quadro de pixels possui o `id` denominado `pixel-board`",
              "timedOut": null,
              "duration": 82,
              "state": "passed",
              "speed": "slow",
              "pass": true,
              "fail": false,
              "pending": false,
              "context": null,
              "code": "cy.get('#pixel-board').should('be.visible');",
              "err": {},
              "uuid": "b9e9625a-2fb6-4e60-8861-7debaf9a2302",
              "parentUUID": "1fb24a56-3927-4006-8193-86cec942e9ec",
              "isHook": false,
              "skipped": false
            },
            {
              "title": "Verifica se cada pixel individual dentro do quadro possui a `classe` denominada `pixel`.",
              "fullTitle": "4 - Adicione à página um quadro de pixels, com 25 pixels. Verifica se cada pixel individual dentro do quadro possui a `classe` denominada `pixel`.",
              "timedOut": null,
              "duration": 112,
              "state": "passed",
              "speed": "slow",
              "pass": true,
              "fail": false,
              "pending": false,
              "context": null,
              "code": "cy.get('.pixel').should('have.length', 25);",
              "err": {},
              "uuid": "c983a592-6bae-4f0f-b4ba-20b0b110eaf0",
              "parentUUID": "1fb24a56-3927-4006-8193-86cec942e9ec",
              "isHook": false,
              "skipped": false
            },
            {
              "title": "Verifica se a cor inicial dos pixels dentro do quadro, ao abrir a página, é branca.",
              "fullTitle": "4 - Adicione à página um quadro de pixels, com 25 pixels. Verifica se a cor inicial dos pixels dentro do quadro, ao abrir a página, é branca.",
              "timedOut": null,
              "duration": 157,
              "state": "passed",
              "speed": "slow",
              "pass": true,
              "fail": false,
              "pending": false,
              "context": null,
              "code": "cy.get('.pixel').should('have.length', 25).each(function (pixel) {\n  expect(pixel).to.have.css('background-color', WHITE);\n});",
              "err": {},
              "uuid": "869b8033-d4a4-4f37-aaba-fe296a7b46b1",
              "parentUUID": "1fb24a56-3927-4006-8193-86cec942e9ec",
              "isHook": false,
              "skipped": false
            },
            {
              "title": "Verifica se o quadro de pixels aparece abaixo da paleta de cores",
              "fullTitle": "4 - Adicione à página um quadro de pixels, com 25 pixels. Verifica se o quadro de pixels aparece abaixo da paleta de cores",
              "timedOut": null,
              "duration": 86,
              "state": "passed",
              "speed": "slow",
              "pass": true,
              "fail": false,
              "pending": false,
              "context": null,
              "code": "cy.get('#color-palette').then(function (palette) {\n  cy.get('#pixel-board').should('be.belowOf', palette);\n});",
              "err": {},
              "uuid": "c9fcd4c6-61d0-4fb3-9808-853f13cdd753",
              "parentUUID": "1fb24a56-3927-4006-8193-86cec942e9ec",
              "isHook": false,
              "skipped": false
            }
          ],
          "suites": [],
          "passes": [
            "b9e9625a-2fb6-4e60-8861-7debaf9a2302",
            "c983a592-6bae-4f0f-b4ba-20b0b110eaf0",
            "869b8033-d4a4-4f37-aaba-fe296a7b46b1",
            "c9fcd4c6-61d0-4fb3-9808-853f13cdd753"
          ],
          "failures": [],
          "pending": [],
          "skipped": [],
          "duration": 437,
          "root": false,
          "rootEmpty": false,
          "_timeout": 2000
        },
        {
          "uuid": "94266405-4604-473d-9bf5-ddae199d9d1b",
          "title": "5 - Faça com que cada elemento do quadro de pixels possua 40 pixels de largura, 40 pixels de altura e seja delimitado por uma borda preta de 1 pixel.",
          "fullFile": "",
          "file": "",
          "beforeHooks": [],
          "afterHooks": [],
          "tests": [
            {
              "title": "Verifica se o quadro de pixels tem altura e comprimento de 5 elementos",
              "fullTitle": "5 - Faça com que cada elemento do quadro de pixels possua 40 pixels de largura, 40 pixels de altura e seja delimitado por uma borda preta de 1 pixel. Verifica se o quadro de pixels tem altura e comprimento de 5 elementos",
              "timedOut": null,
              "duration": 234,
              "state": "passed",
              "speed": "slow",
              "pass": true,
              "fail": false,
              "pending": false,
              "context": null,
              "code": "cy.get('.pixel').should('have.length', 25).each(function (pixel) {\n  expect(pixel).to.have.css('background-color', WHITE);\n}).and(function (pixels) {\n  var rows = chunk(pixels, 5);\n  rows.forEach(function (row) {\n    for (var index = 1; index < row.length; index += 1) {\n      var current = pixels[index];\n      var previous = pixels[index - 1];\n      cy.wrap(current).should('be.onTheRightOf', previous).and('be.horizontallyAlignedWith', previous);\n    }\n  });\n  for (var index = 1; index < 5; index += 1) {\n    expect(pixels[index * 5]).to.be.belowOf(pixels[(index - 1) * 5]);\n  }\n});",
              "err": {},
              "uuid": "48cbb16b-fb97-4bf9-8432-f94f9c99471e",
              "parentUUID": "94266405-4604-473d-9bf5-ddae199d9d1b",
              "isHook": false,
              "skipped": false
            },
            {
              "title": "Verifica se 40 pixels é o tamanho total do elemento, incluindo seu conteúdo e excluindo a borda preta, que deve ser criada à parte.",
              "fullTitle": "5 - Faça com que cada elemento do quadro de pixels possua 40 pixels de largura, 40 pixels de altura e seja delimitado por uma borda preta de 1 pixel. Verifica se 40 pixels é o tamanho total do elemento, incluindo seu conteúdo e excluindo a borda preta, que deve ser criada à parte.",
              "timedOut": null,
              "duration": 243,
              "state": "passed",
              "speed": "slow",
              "pass": true,
              "fail": false,
              "pending": false,
              "context": null,
              "code": "cy.get('.pixel').each(function (pixel) {\n  cy.wrap(pixel).should('have.css', 'height', '40px').and('have.css', 'width', '40px').and('have.css', 'border', \"1px solid \".concat(BLACK));\n});",
              "err": {},
              "uuid": "43ecbd5c-7bc6-44c7-bbaf-5bd82eae5a23",
              "parentUUID": "94266405-4604-473d-9bf5-ddae199d9d1b",
              "isHook": false,
              "skipped": false
            }
          ],
          "suites": [],
          "passes": [
            "48cbb16b-fb97-4bf9-8432-f94f9c99471e",
            "43ecbd5c-7bc6-44c7-bbaf-5bd82eae5a23"
          ],
          "failures": [],
          "pending": [],
          "skipped": [],
          "duration": 477,
          "root": false,
          "rootEmpty": false,
          "_timeout": 2000
        },
        {
          "uuid": "2a53a042-36ff-411d-b090-fea98a0c4ce7",
          "title": "6 - Defina a cor preta como cor inicial. Ao carregar a página a cor preta já deve estar selecionada para pintar os pixels",
          "fullFile": "",
          "file": "",
          "beforeHooks": [],
          "afterHooks": [],
          "tests": [
            {
              "title": "Verifica se o elemento da cor preta possui, inicialmente, a `classe` `selected`",
              "fullTitle": "6 - Defina a cor preta como cor inicial. Ao carregar a página a cor preta já deve estar selecionada para pintar os pixels Verifica se o elemento da cor preta possui, inicialmente, a `classe` `selected`",
              "timedOut": null,
              "duration": 89,
              "state": "passed",
              "speed": "slow",
              "pass": true,
              "fail": false,
              "pending": false,
              "context": null,
              "code": "cy.get('.selected').first().should('have.css', 'background-color', BLACK);",
              "err": {},
              "uuid": "42e94a98-7dff-4739-a7fb-d385d28c7b23",
              "parentUUID": "2a53a042-36ff-411d-b090-fea98a0c4ce7",
              "isHook": false,
              "skipped": false
            },
            {
              "title": "Verifica se nenhuma outra cor da paleta tem a `classe` `selected`",
              "fullTitle": "6 - Defina a cor preta como cor inicial. Ao carregar a página a cor preta já deve estar selecionada para pintar os pixels Verifica se nenhuma outra cor da paleta tem a `classe` `selected`",
              "timedOut": null,
              "duration": 111,
              "state": "passed",
              "speed": "slow",
              "pass": true,
              "fail": false,
              "pending": false,
              "context": null,
              "code": "cy.get('.color:not(:first-child)').each(function (color) {\n  cy.wrap(color).should('not.have.class', 'selected');\n});",
              "err": {},
              "uuid": "da6a238c-6e6d-4f48-b4c1-68d2d89dc752",
              "parentUUID": "2a53a042-36ff-411d-b090-fea98a0c4ce7",
              "isHook": false,
              "skipped": false
            }
          ],
          "suites": [],
          "passes": [
            "42e94a98-7dff-4739-a7fb-d385d28c7b23",
            "da6a238c-6e6d-4f48-b4c1-68d2d89dc752"
          ],
          "failures": [],
          "pending": [],
          "skipped": [],
          "duration": 200,
          "root": false,
          "rootEmpty": false,
          "_timeout": 2000
        },
        {
          "uuid": "9cfbfb6c-adeb-4c09-8219-9b03abcd6da5",
          "title": "7 - Clicar em uma das cores da paleta, faz com que ela seja selecionada e utilizada para preencher os pixels no quadro.",
          "fullFile": "",
          "file": "",
          "beforeHooks": [],
          "afterHooks": [],
          "tests": [
            {
              "title": "Verifica se somente uma cor da paleta de cores tem a classe `selected` de cada vez",
              "fullTitle": "7 - Clicar em uma das cores da paleta, faz com que ela seja selecionada e utilizada para preencher os pixels no quadro. Verifica se somente uma cor da paleta de cores tem a classe `selected` de cada vez",
              "timedOut": null,
              "duration": 468,
              "state": "passed",
              "speed": "slow",
              "pass": true,
              "fail": false,
              "pending": false,
              "context": null,
              "code": "cy.get('.color').each(function (selectedColor, selectedColorIndex) {\n  cy.wrap(selectedColor).click();\n  cy.get('.color').each(function (color, colorIndex) {\n    if (colorIndex === selectedColorIndex) {\n      expect(color).to.have[\"class\"]('selected');\n    } else {\n      expect(color).not.to.have[\"class\"]('selected');\n    }\n  });\n});",
              "err": {},
              "uuid": "7f818279-dc19-4fc9-8d57-604d66c284c0",
              "parentUUID": "9cfbfb6c-adeb-4c09-8219-9b03abcd6da5",
              "isHook": false,
              "skipped": false
            },
            {
              "title": "Verifica se os pixels dentro do quadro não têm a classe `selected` quando são clicados",
              "fullTitle": "7 - Clicar em uma das cores da paleta, faz com que ela seja selecionada e utilizada para preencher os pixels no quadro. Verifica se os pixels dentro do quadro não têm a classe `selected` quando são clicados",
              "timedOut": null,
              "duration": 8549,
              "state": "passed",
              "speed": "slow",
              "pass": true,
              "fail": false,
              "pending": false,
              "context": null,
              "code": "cy.get('.color').each(function (color) {\n  var backgroundColor = color.css('background-color');\n  cy.wrap(color).click();\n  cy.get('.pixel').each(function (pixel) {\n    cy.wrap(pixel).click().should('not.have.class', 'selected');\n  });\n});",
              "err": {},
              "uuid": "70d0c9ae-558a-47c9-8a2b-f10cbaa497b0",
              "parentUUID": "9cfbfb6c-adeb-4c09-8219-9b03abcd6da5",
              "isHook": false,
              "skipped": false
            }
          ],
          "suites": [],
          "passes": [
            "7f818279-dc19-4fc9-8d57-604d66c284c0",
            "70d0c9ae-558a-47c9-8a2b-f10cbaa497b0"
          ],
          "failures": [],
          "pending": [],
          "skipped": [],
          "duration": 9017,
          "root": false,
          "rootEmpty": false,
          "_timeout": 2000
        },
        {
          "uuid": "e1d4752a-36fc-4829-abf9-e41487a91ea4",
          "title": "8 - Clicar em um pixel dentro do quadro após selecionar uma cor na paleta, faz com que o pixel seja preenchido com a cor selecionada.",
          "fullFile": "",
          "file": "",
          "beforeHooks": [],
          "afterHooks": [],
          "tests": [
            {
              "title": "Verifica se ao carregar a página deve ser possível pintar os pixels de preto",
              "fullTitle": "8 - Clicar em um pixel dentro do quadro após selecionar uma cor na paleta, faz com que o pixel seja preenchido com a cor selecionada. Verifica se ao carregar a página deve ser possível pintar os pixels de preto",
              "timedOut": null,
              "duration": 2139,
              "state": "passed",
              "speed": "slow",
              "pass": true,
              "fail": false,
              "pending": false,
              "context": null,
              "code": "cy.get('.pixel').each(function (pixel) {\n  cy.wrap(pixel).click().should('have.css', 'background-color', BLACK);\n});",
              "err": {},
              "uuid": "58f89767-0dad-488c-b305-097c6382729a",
              "parentUUID": "e1d4752a-36fc-4829-abf9-e41487a91ea4",
              "isHook": false,
              "skipped": false
            },
            {
              "title": "Verifica se após selecionar uma outra cor na paleta, é possível pintar os pixels com essa cor",
              "fullTitle": "8 - Clicar em um pixel dentro do quadro após selecionar uma cor na paleta, faz com que o pixel seja preenchido com a cor selecionada. Verifica se após selecionar uma outra cor na paleta, é possível pintar os pixels com essa cor",
              "timedOut": null,
              "duration": 8418,
              "state": "passed",
              "speed": "slow",
              "pass": true,
              "fail": false,
              "pending": false,
              "context": null,
              "code": "cy.get('.color').each(function (color) {\n  var backgroundColor = color.css('background-color');\n  cy.wrap(color).click();\n  cy.get('.pixel').each(function (pixel) {\n    cy.wrap(pixel).click().should('have.css', 'background-color', backgroundColor);\n  });\n});",
              "err": {},
              "uuid": "cb426ca8-d06e-4acc-80b3-c1abcba365d5",
              "parentUUID": "e1d4752a-36fc-4829-abf9-e41487a91ea4",
              "isHook": false,
              "skipped": false
            },
            {
              "title": "Verifica se somente o pixel que foi clicado foi preenchido com a cor selecionada, sem influenciar na cor dos demais pixels.",
              "fullTitle": "8 - Clicar em um pixel dentro do quadro após selecionar uma cor na paleta, faz com que o pixel seja preenchido com a cor selecionada. Verifica se somente o pixel que foi clicado foi preenchido com a cor selecionada, sem influenciar na cor dos demais pixels.",
              "timedOut": null,
              "duration": 1305,
              "state": "passed",
              "speed": "slow",
              "pass": true,
              "fail": false,
              "pending": false,
              "context": null,
              "code": "var colorToPixelIndexMap = {\n  0: 6,\n  1: 8,\n  2: 16,\n  3: 18\n};\ncy.get('.color').each(function (color, index) {\n  cy.wrap(color).click();\n  var backgroundColor = color.css('background-color');\n  var clickedPixelIndex = colorToPixelIndexMap[index];\n  cy.get('.pixel').eq(clickedPixelIndex).click();\n  cy.get('.pixel').eq(clickedPixelIndex - 1).should('not.have.css', 'background-color', backgroundColor);\n  cy.get('.pixel').eq(clickedPixelIndex + 1).should('not.have.css', 'background-color', backgroundColor);\n  cy.get('.pixel').eq(clickedPixelIndex - 5).should('not.have.css', 'background-color', backgroundColor);\n  cy.get('.pixel').eq(clickedPixelIndex + 5).should('not.have.css', 'background-color', backgroundColor);\n  cy.get('.pixel').eq(clickedPixelIndex - 6).should('not.have.css', 'background-color', backgroundColor);\n  cy.get('.pixel').eq(clickedPixelIndex - 4).should('not.have.css', 'background-color', backgroundColor);\n  cy.get('.pixel').eq(clickedPixelIndex + 4).should('not.have.css', 'background-color', backgroundColor);\n  cy.get('.pixel').eq(clickedPixelIndex + 6).should('not.have.css', 'background-color', backgroundColor);\n});",
              "err": {},
              "uuid": "3ddf8dad-6846-4615-83fa-e5212bb8192e",
              "parentUUID": "e1d4752a-36fc-4829-abf9-e41487a91ea4",
              "isHook": false,
              "skipped": false
            }
          ],
          "suites": [],
          "passes": [
            "58f89767-0dad-488c-b305-097c6382729a",
            "cb426ca8-d06e-4acc-80b3-c1abcba365d5",
            "3ddf8dad-6846-4615-83fa-e5212bb8192e"
          ],
          "failures": [],
          "pending": [],
          "skipped": [],
          "duration": 11862,
          "root": false,
          "rootEmpty": false,
          "_timeout": 2000
        },
        {
          "uuid": "e9dab5f2-ee03-4947-b319-65e1a0b066c9",
          "title": "9 - Crie um botão que, ao ser clicado, limpa o quadro preenchendo a cor de todos seus pixels com branco.",
          "fullFile": "",
          "file": "",
          "beforeHooks": [],
          "afterHooks": [],
          "tests": [
            {
              "title": "Verifica se o botão tem o `id` denominado `clear-board`",
              "fullTitle": "9 - Crie um botão que, ao ser clicado, limpa o quadro preenchendo a cor de todos seus pixels com branco. Verifica se o botão tem o `id` denominado `clear-board`",
              "timedOut": null,
              "duration": 135,
              "state": "passed",
              "speed": "slow",
              "pass": true,
              "fail": false,
              "pending": false,
              "context": null,
              "code": "cy.get('#clear-board').should('be.visible');",
              "err": {},
              "uuid": "66b0363c-f551-44e5-af5c-241a1c764c5f",
              "parentUUID": "e9dab5f2-ee03-4947-b319-65e1a0b066c9",
              "isHook": false,
              "skipped": false
            },
            {
              "title": "Verifica se o botão está posicionado entre a paleta de cores e o quadro de pixels",
              "fullTitle": "9 - Crie um botão que, ao ser clicado, limpa o quadro preenchendo a cor de todos seus pixels com branco. Verifica se o botão está posicionado entre a paleta de cores e o quadro de pixels",
              "timedOut": null,
              "duration": 4267,
              "state": "failed",
              "speed": null,
              "pass": false,
              "fail": true,
              "pending": false,
              "context": null,
              "code": "cy.get('#color-palette').then(function (palette) {\n  cy.get('#clear-board').should('be.belowOf', palette);\n});\ncy.get('#clear-board').then(function (clearBtn) {\n  cy.get('#pixel-board').should('be.belowOf', clearBtn);\n});",
              "err": {
                "message": "CypressError: Timed out retrying: expected '<section#pixel-board>' to be below of { Object (0, length, ...) }",
                "estack": "CypressError: Timed out retrying: expected '<section#pixel-board>' to be below of { Object (0, length, ...) }\n    at cypressErr (http://localhost:37341/__cypress/runner/cypress_runner.js:149934:9)\n    at throwErr (http://localhost:37341/__cypress/runner/cypress_runner.js:149867:11)\n    at Object.throwErrByPath (http://localhost:37341/__cypress/runner/cypress_runner.js:149915:3)\n    at retry (http://localhost:37341/__cypress/runner/cypress_runner.js:144197:19)\n    at onFailFn (http://localhost:37341/__cypress/runner/cypress_runner.js:132448:16)\n    at tryCatcher (http://localhost:37341/__cypress/runner/cypress_runner.js:167415:23)\n    at Promise._settlePromiseFromHandler (http://localhost:37341/__cypress/runner/cypress_runner.js:165351:31)\n    at Promise._settlePromise (http://localhost:37341/__cypress/runner/cypress_runner.js:165408:18)\n    at Promise._settlePromise0 (http://localhost:37341/__cypress/runner/cypress_runner.js:165453:10)\n    at Promise._settlePromises (http://localhost:37341/__cypress/runner/cypress_runner.js:165528:18)\n    at Async../node_modules/bluebird/js/release/async.js.Async._drainQueue (http://localhost:37341/__cypress/runner/cypress_runner.js:162140:16)\n    at Async../node_modules/bluebird/js/release/async.js.Async._drainQueues (http://localhost:37341/__cypress/runner/cypress_runner.js:162150:10)\n    at Async.drainQueues (http://localhost:37341/__cypress/runner/cypress_runner.js:162024:14)",
                "diff": null
              },
              "uuid": "07c178c8-e845-4cae-83a8-eb0aff6a966d",
              "parentUUID": "e9dab5f2-ee03-4947-b319-65e1a0b066c9",
              "isHook": false,
              "skipped": false
            },
            {
              "title": "Verifica se o texto do botão é 'Limpar'",
              "fullTitle": "9 - Crie um botão que, ao ser clicado, limpa o quadro preenchendo a cor de todos seus pixels com branco. Verifica se o texto do botão é 'Limpar'",
              "timedOut": null,
              "duration": 106,
              "state": "passed",
              "speed": "slow",
              "pass": true,
              "fail": false,
              "pending": false,
              "context": null,
              "code": "cy.get('#clear-board').should('contain.text', 'Limpar');",
              "err": {},
              "uuid": "66c2f703-9b9e-48d8-a425-c05cfd65d6fa",
              "parentUUID": "e9dab5f2-ee03-4947-b319-65e1a0b066c9",
              "isHook": false,
              "skipped": false
            },
            {
              "title": "Verifica se ao clicar no botão, o quadro de pixels é totalmente preenchido de branco",
              "fullTitle": "9 - Crie um botão que, ao ser clicado, limpa o quadro preenchendo a cor de todos seus pixels com branco. Verifica se ao clicar no botão, o quadro de pixels é totalmente preenchido de branco",
              "timedOut": null,
              "duration": 2332,
              "state": "passed",
              "speed": "slow",
              "pass": true,
              "fail": false,
              "pending": false,
              "context": null,
              "code": "cy.get('.color').eq(1).then(function (color) {\n  var backgroundColor = color.css('background-color');\n  cy.wrap(color).click();\n  cy.get('.pixel').each(function (pixel) {\n    cy.wrap(pixel).click().should('have.css', 'background-color', backgroundColor);\n  });\n});\ncy.get('#clear-board').click();\ncy.get('.pixel').each(function (pixel) {\n  cy.wrap(pixel).should('have.css', 'background-color', WHITE);\n});",
              "err": {},
              "uuid": "5294b81b-be5b-472e-8d00-c4084eee2894",
              "parentUUID": "e9dab5f2-ee03-4947-b319-65e1a0b066c9",
              "isHook": false,
              "skipped": false
            }
          ],
          "suites": [],
          "passes": [
            "66b0363c-f551-44e5-af5c-241a1c764c5f",
            "66c2f703-9b9e-48d8-a425-c05cfd65d6fa",
            "5294b81b-be5b-472e-8d00-c4084eee2894"
          ],
          "failures": [
            "07c178c8-e845-4cae-83a8-eb0aff6a966d"
          ],
          "pending": [],
          "skipped": [],
          "duration": 6840,
          "root": false,
          "rootEmpty": false,
          "_timeout": 2000
        },
        {
          "uuid": "474ec4bc-1007-4dc5-93c1-7d08999baf0a",
          "title": "10 - Faça o quadro de pixels ter seu tamanho definido pelo usuário.",
          "fullFile": "",
          "file": "",
          "beforeHooks": [],
          "afterHooks": [],
          "tests": [
            {
              "title": "Verifica se existe um input com o id `board-size`",
              "fullTitle": "10 - Faça o quadro de pixels ter seu tamanho definido pelo usuário. Verifica se existe um input com o id `board-size`",
              "timedOut": null,
              "duration": 4309,
              "state": "failed",
              "speed": null,
              "pass": false,
              "fail": true,
              "pending": false,
              "context": null,
              "code": "cy.get('#board-size').should('be.visible');",
              "err": {
                "message": "CypressError: Timed out retrying: Expected to find element: '#board-size', but never found it.",
                "estack": "CypressError: Timed out retrying: Expected to find element: '#board-size', but never found it.\n    at cypressErr (http://localhost:37341/__cypress/runner/cypress_runner.js:149934:9)\n    at throwErr (http://localhost:37341/__cypress/runner/cypress_runner.js:149867:11)\n    at Object.throwErrByPath (http://localhost:37341/__cypress/runner/cypress_runner.js:149915:3)\n    at retry (http://localhost:37341/__cypress/runner/cypress_runner.js:144197:19)\n    at onFailFn (http://localhost:37341/__cypress/runner/cypress_runner.js:132448:16)\n    at tryCatcher (http://localhost:37341/__cypress/runner/cypress_runner.js:167415:23)\n    at Promise._settlePromiseFromHandler (http://localhost:37341/__cypress/runner/cypress_runner.js:165351:31)\n    at Promise._settlePromise (http://localhost:37341/__cypress/runner/cypress_runner.js:165408:18)\n    at Promise._settlePromise0 (http://localhost:37341/__cypress/runner/cypress_runner.js:165453:10)\n    at Promise._settlePromises (http://localhost:37341/__cypress/runner/cypress_runner.js:165528:18)\n    at Async../node_modules/bluebird/js/release/async.js.Async._drainQueue (http://localhost:37341/__cypress/runner/cypress_runner.js:162140:16)\n    at Async../node_modules/bluebird/js/release/async.js.Async._drainQueues (http://localhost:37341/__cypress/runner/cypress_runner.js:162150:10)\n    at Async.drainQueues (http://localhost:37341/__cypress/runner/cypress_runner.js:162024:14)",
                "diff": null
              },
              "uuid": "7eb7f0ba-3423-4799-9676-5496970cbcae",
              "parentUUID": "474ec4bc-1007-4dc5-93c1-7d08999baf0a",
              "isHook": false,
              "skipped": false
            },
            {
              "title": "Verifica se existe um botão com o id `generate-board`",
              "fullTitle": "10 - Faça o quadro de pixels ter seu tamanho definido pelo usuário. Verifica se existe um botão com o id `generate-board`",
              "timedOut": null,
              "duration": 4287,
              "state": "failed",
              "speed": null,
              "pass": false,
              "fail": true,
              "pending": false,
              "context": null,
              "code": "cy.get('#generate-board').should('be.visible');",
              "err": {
                "message": "CypressError: Timed out retrying: Expected to find element: '#generate-board', but never found it.",
                "estack": "CypressError: Timed out retrying: Expected to find element: '#generate-board', but never found it.\n    at cypressErr (http://localhost:37341/__cypress/runner/cypress_runner.js:149934:9)\n    at throwErr (http://localhost:37341/__cypress/runner/cypress_runner.js:149867:11)\n    at Object.throwErrByPath (http://localhost:37341/__cypress/runner/cypress_runner.js:149915:3)\n    at retry (http://localhost:37341/__cypress/runner/cypress_runner.js:144197:19)\n    at onFailFn (http://localhost:37341/__cypress/runner/cypress_runner.js:132448:16)\n    at tryCatcher (http://localhost:37341/__cypress/runner/cypress_runner.js:167415:23)\n    at Promise._settlePromiseFromHandler (http://localhost:37341/__cypress/runner/cypress_runner.js:165351:31)\n    at Promise._settlePromise (http://localhost:37341/__cypress/runner/cypress_runner.js:165408:18)\n    at Promise._settlePromise0 (http://localhost:37341/__cypress/runner/cypress_runner.js:165453:10)\n    at Promise._settlePromises (http://localhost:37341/__cypress/runner/cypress_runner.js:165528:18)\n    at Async../node_modules/bluebird/js/release/async.js.Async._drainQueue (http://localhost:37341/__cypress/runner/cypress_runner.js:162140:16)\n    at Async../node_modules/bluebird/js/release/async.js.Async._drainQueues (http://localhost:37341/__cypress/runner/cypress_runner.js:162150:10)\n    at Async.drainQueues (http://localhost:37341/__cypress/runner/cypress_runner.js:162024:14)",
                "diff": null
              },
              "uuid": "891f0664-481e-459f-a4a7-10d0060fa153",
              "parentUUID": "474ec4bc-1007-4dc5-93c1-7d08999baf0a",
              "isHook": false,
              "skipped": false
            },
            {
              "title": "Verifica se o input só aceita número maiores que zero. Essa restrição deve ser feita usando os atributos do elemento `input`",
              "fullTitle": "10 - Faça o quadro de pixels ter seu tamanho definido pelo usuário. Verifica se o input só aceita número maiores que zero. Essa restrição deve ser feita usando os atributos do elemento `input`",
              "timedOut": null,
              "duration": 4287,
              "state": "failed",
              "speed": null,
              "pass": false,
              "fail": true,
              "pending": false,
              "context": null,
              "code": "cy.get('#board-size[type=\\'number\\'][min=\\'1\\']');",
              "err": {
                "message": "CypressError: Timed out retrying: Expected to find element: '#board-size[type='number'][min='1']', but never found it.",
                "estack": "CypressError: Timed out retrying: Expected to find element: '#board-size[type='number'][min='1']', but never found it.\n    at cypressErr (http://localhost:37341/__cypress/runner/cypress_runner.js:149934:9)\n    at throwErr (http://localhost:37341/__cypress/runner/cypress_runner.js:149867:11)\n    at Object.throwErrByPath (http://localhost:37341/__cypress/runner/cypress_runner.js:149915:3)\n    at retry (http://localhost:37341/__cypress/runner/cypress_runner.js:144197:19)\n    at onFailFn (http://localhost:37341/__cypress/runner/cypress_runner.js:132448:16)\n    at tryCatcher (http://localhost:37341/__cypress/runner/cypress_runner.js:167415:23)\n    at Promise._settlePromiseFromHandler (http://localhost:37341/__cypress/runner/cypress_runner.js:165351:31)\n    at Promise._settlePromise (http://localhost:37341/__cypress/runner/cypress_runner.js:165408:18)\n    at Promise._settlePromise0 (http://localhost:37341/__cypress/runner/cypress_runner.js:165453:10)\n    at Promise._settlePromises (http://localhost:37341/__cypress/runner/cypress_runner.js:165528:18)\n    at Async../node_modules/bluebird/js/release/async.js.Async._drainQueue (http://localhost:37341/__cypress/runner/cypress_runner.js:162140:16)\n    at Async../node_modules/bluebird/js/release/async.js.Async._drainQueues (http://localhost:37341/__cypress/runner/cypress_runner.js:162150:10)\n    at Async.drainQueues (http://localhost:37341/__cypress/runner/cypress_runner.js:162024:14)",
                "diff": null
              },
              "uuid": "7a4fb364-8174-4bfc-b591-95bd2d42b68e",
              "parentUUID": "474ec4bc-1007-4dc5-93c1-7d08999baf0a",
              "isHook": false,
              "skipped": false
            },
            {
              "title": "Verifica se o botão contém o texto 'VQV'",
              "fullTitle": "10 - Faça o quadro de pixels ter seu tamanho definido pelo usuário. Verifica se o botão contém o texto 'VQV'",
              "timedOut": null,
              "duration": 4251,
              "state": "failed",
              "speed": null,
              "pass": false,
              "fail": true,
              "pending": false,
              "context": null,
              "code": "cy.get('#generate-board').contains(/vqv/i);",
              "err": {
                "message": "CypressError: Timed out retrying: Expected to find element: '#generate-board', but never found it.",
                "estack": "CypressError: Timed out retrying: Expected to find element: '#generate-board', but never found it.\n    at cypressErr (http://localhost:37341/__cypress/runner/cypress_runner.js:149934:9)\n    at throwErr (http://localhost:37341/__cypress/runner/cypress_runner.js:149867:11)\n    at Object.throwErrByPath (http://localhost:37341/__cypress/runner/cypress_runner.js:149915:3)\n    at retry (http://localhost:37341/__cypress/runner/cypress_runner.js:144197:19)\n    at onFailFn (http://localhost:37341/__cypress/runner/cypress_runner.js:132448:16)\n    at tryCatcher (http://localhost:37341/__cypress/runner/cypress_runner.js:167415:23)\n    at Promise._settlePromiseFromHandler (http://localhost:37341/__cypress/runner/cypress_runner.js:165351:31)\n    at Promise._settlePromise (http://localhost:37341/__cypress/runner/cypress_runner.js:165408:18)\n    at Promise._settlePromise0 (http://localhost:37341/__cypress/runner/cypress_runner.js:165453:10)\n    at Promise._settlePromises (http://localhost:37341/__cypress/runner/cypress_runner.js:165528:18)\n    at Async../node_modules/bluebird/js/release/async.js.Async._drainQueue (http://localhost:37341/__cypress/runner/cypress_runner.js:162140:16)\n    at Async../node_modules/bluebird/js/release/async.js.Async._drainQueues (http://localhost:37341/__cypress/runner/cypress_runner.js:162150:10)\n    at Async.drainQueues (http://localhost:37341/__cypress/runner/cypress_runner.js:162024:14)",
                "diff": null
              },
              "uuid": "8492ee24-76a0-44f0-863f-b0b81cb6c4a2",
              "parentUUID": "474ec4bc-1007-4dc5-93c1-7d08999baf0a",
              "isHook": false,
              "skipped": false
            },
            {
              "title": "Verifica se o input está posicionado entre a paleta de cores e o quadro de pixels",
              "fullTitle": "10 - Faça o quadro de pixels ter seu tamanho definido pelo usuário. Verifica se o input está posicionado entre a paleta de cores e o quadro de pixels",
              "timedOut": null,
              "duration": 4297,
              "state": "failed",
              "speed": null,
              "pass": false,
              "fail": true,
              "pending": false,
              "context": null,
              "code": "cy.get('#color-palette').then(function (palette) {\n  cy.get('#board-size').should('be.belowOf', palette);\n});\ncy.get('#board-size').then(function (palette) {\n  cy.get('#pixel-board').should('be.belowOf', palette);\n});",
              "err": {
                "message": "CypressError: Timed out retrying: Expected to find element: '#board-size', but never found it.",
                "estack": "CypressError: Timed out retrying: Expected to find element: '#board-size', but never found it.\n    at cypressErr (http://localhost:37341/__cypress/runner/cypress_runner.js:149934:9)\n    at throwErr (http://localhost:37341/__cypress/runner/cypress_runner.js:149867:11)\n    at Object.throwErrByPath (http://localhost:37341/__cypress/runner/cypress_runner.js:149915:3)\n    at retry (http://localhost:37341/__cypress/runner/cypress_runner.js:144197:19)\n    at onFailFn (http://localhost:37341/__cypress/runner/cypress_runner.js:132448:16)\n    at tryCatcher (http://localhost:37341/__cypress/runner/cypress_runner.js:167415:23)\n    at Promise._settlePromiseFromHandler (http://localhost:37341/__cypress/runner/cypress_runner.js:165351:31)\n    at Promise._settlePromise (http://localhost:37341/__cypress/runner/cypress_runner.js:165408:18)\n    at Promise._settlePromise0 (http://localhost:37341/__cypress/runner/cypress_runner.js:165453:10)\n    at Promise._settlePromises (http://localhost:37341/__cypress/runner/cypress_runner.js:165528:18)\n    at Async../node_modules/bluebird/js/release/async.js.Async._drainQueue (http://localhost:37341/__cypress/runner/cypress_runner.js:162140:16)\n    at Async../node_modules/bluebird/js/release/async.js.Async._drainQueues (http://localhost:37341/__cypress/runner/cypress_runner.js:162150:10)\n    at Async.drainQueues (http://localhost:37341/__cypress/runner/cypress_runner.js:162024:14)",
                "diff": null
              },
              "uuid": "023bce94-ff6b-43f9-8b04-e36c8b21e637",
              "parentUUID": "474ec4bc-1007-4dc5-93c1-7d08999baf0a",
              "isHook": false,
              "skipped": false
            },
            {
              "title": "Verifica se o botão está posicionado ao lado do input",
              "fullTitle": "10 - Faça o quadro de pixels ter seu tamanho definido pelo usuário. Verifica se o botão está posicionado ao lado do input",
              "timedOut": null,
              "duration": 4314,
              "state": "failed",
              "speed": null,
              "pass": false,
              "fail": true,
              "pending": false,
              "context": null,
              "code": "cy.get('#board-size').then(function (board) {\n  cy.get('#generate-board').should('be.onTheRightOf', board);\n});",
              "err": {
                "message": "CypressError: Timed out retrying: Expected to find element: '#board-size', but never found it.",
                "estack": "CypressError: Timed out retrying: Expected to find element: '#board-size', but never found it.\n    at cypressErr (http://localhost:37341/__cypress/runner/cypress_runner.js:149934:9)\n    at throwErr (http://localhost:37341/__cypress/runner/cypress_runner.js:149867:11)\n    at Object.throwErrByPath (http://localhost:37341/__cypress/runner/cypress_runner.js:149915:3)\n    at retry (http://localhost:37341/__cypress/runner/cypress_runner.js:144197:19)\n    at onFailFn (http://localhost:37341/__cypress/runner/cypress_runner.js:132448:16)\n    at tryCatcher (http://localhost:37341/__cypress/runner/cypress_runner.js:167415:23)\n    at Promise._settlePromiseFromHandler (http://localhost:37341/__cypress/runner/cypress_runner.js:165351:31)\n    at Promise._settlePromise (http://localhost:37341/__cypress/runner/cypress_runner.js:165408:18)\n    at Promise._settlePromise0 (http://localhost:37341/__cypress/runner/cypress_runner.js:165453:10)\n    at Promise._settlePromises (http://localhost:37341/__cypress/runner/cypress_runner.js:165528:18)\n    at Async../node_modules/bluebird/js/release/async.js.Async._drainQueue (http://localhost:37341/__cypress/runner/cypress_runner.js:162140:16)\n    at Async../node_modules/bluebird/js/release/async.js.Async._drainQueues (http://localhost:37341/__cypress/runner/cypress_runner.js:162150:10)\n    at Async.drainQueues (http://localhost:37341/__cypress/runner/cypress_runner.js:162024:14)",
                "diff": null
              },
              "uuid": "03adb58b-cb6b-49de-b0f3-155b23f82915",
              "parentUUID": "474ec4bc-1007-4dc5-93c1-7d08999baf0a",
              "isHook": false,
              "skipped": false
            },
            {
              "title": "Verifica se nenhum valor for colocado no input ao clicar no botão, um `alert` é exibido com o texto: 'Board inválido!'",
              "fullTitle": "10 - Faça o quadro de pixels ter seu tamanho definido pelo usuário. Verifica se nenhum valor for colocado no input ao clicar no botão, um `alert` é exibido com o texto: 'Board inválido!'",
              "timedOut": null,
              "duration": 4295,
              "state": "failed",
              "speed": null,
              "pass": false,
              "fail": true,
              "pending": false,
              "context": null,
              "code": "var alerted = false;\ncy.on('window:alert', function (msg) {\n  return alerted = msg;\n});\ncy.get('#generate-board').click().then(function () {\n  return expect(alerted).to.match(/Board inválido!/i);\n});",
              "err": {
                "message": "CypressError: Timed out retrying: Expected to find element: '#generate-board', but never found it.",
                "estack": "CypressError: Timed out retrying: Expected to find element: '#generate-board', but never found it.\n    at cypressErr (http://localhost:37341/__cypress/runner/cypress_runner.js:149934:9)\n    at throwErr (http://localhost:37341/__cypress/runner/cypress_runner.js:149867:11)\n    at Object.throwErrByPath (http://localhost:37341/__cypress/runner/cypress_runner.js:149915:3)\n    at retry (http://localhost:37341/__cypress/runner/cypress_runner.js:144197:19)\n    at onFailFn (http://localhost:37341/__cypress/runner/cypress_runner.js:132448:16)\n    at tryCatcher (http://localhost:37341/__cypress/runner/cypress_runner.js:167415:23)\n    at Promise._settlePromiseFromHandler (http://localhost:37341/__cypress/runner/cypress_runner.js:165351:31)\n    at Promise._settlePromise (http://localhost:37341/__cypress/runner/cypress_runner.js:165408:18)\n    at Promise._settlePromise0 (http://localhost:37341/__cypress/runner/cypress_runner.js:165453:10)\n    at Promise._settlePromises (http://localhost:37341/__cypress/runner/cypress_runner.js:165528:18)\n    at Async../node_modules/bluebird/js/release/async.js.Async._drainQueue (http://localhost:37341/__cypress/runner/cypress_runner.js:162140:16)\n    at Async../node_modules/bluebird/js/release/async.js.Async._drainQueues (http://localhost:37341/__cypress/runner/cypress_runner.js:162150:10)\n    at Async.drainQueues (http://localhost:37341/__cypress/runner/cypress_runner.js:162024:14)",
                "diff": null
              },
              "uuid": "788ee816-231e-46f0-a911-b1e9880b15e8",
              "parentUUID": "474ec4bc-1007-4dc5-93c1-7d08999baf0a",
              "isHook": false,
              "skipped": false
            },
            {
              "title": "Verifica se ao clicar no botão com um valor preenchido, o tamanho do board muda.",
              "fullTitle": "10 - Faça o quadro de pixels ter seu tamanho definido pelo usuário. Verifica se ao clicar no botão com um valor preenchido, o tamanho do board muda.",
              "timedOut": null,
              "duration": 4313,
              "state": "failed",
              "speed": null,
              "pass": false,
              "fail": true,
              "pending": false,
              "context": null,
              "code": "cy.get('#board-size').clear().type(10);\ncy.get('#generate-board').click();\ncy.get('.pixel').should('have.length', 100);",
              "err": {
                "message": "CypressError: Timed out retrying: Expected to find element: '#board-size', but never found it.",
                "estack": "CypressError: Timed out retrying: Expected to find element: '#board-size', but never found it.\n    at cypressErr (http://localhost:37341/__cypress/runner/cypress_runner.js:149934:9)\n    at throwErr (http://localhost:37341/__cypress/runner/cypress_runner.js:149867:11)\n    at Object.throwErrByPath (http://localhost:37341/__cypress/runner/cypress_runner.js:149915:3)\n    at retry (http://localhost:37341/__cypress/runner/cypress_runner.js:144197:19)\n    at onFailFn (http://localhost:37341/__cypress/runner/cypress_runner.js:132448:16)\n    at tryCatcher (http://localhost:37341/__cypress/runner/cypress_runner.js:167415:23)\n    at Promise._settlePromiseFromHandler (http://localhost:37341/__cypress/runner/cypress_runner.js:165351:31)\n    at Promise._settlePromise (http://localhost:37341/__cypress/runner/cypress_runner.js:165408:18)\n    at Promise._settlePromise0 (http://localhost:37341/__cypress/runner/cypress_runner.js:165453:10)\n    at Promise._settlePromises (http://localhost:37341/__cypress/runner/cypress_runner.js:165528:18)\n    at Async../node_modules/bluebird/js/release/async.js.Async._drainQueue (http://localhost:37341/__cypress/runner/cypress_runner.js:162140:16)\n    at Async../node_modules/bluebird/js/release/async.js.Async._drainQueues (http://localhost:37341/__cypress/runner/cypress_runner.js:162150:10)\n    at Async.drainQueues (http://localhost:37341/__cypress/runner/cypress_runner.js:162024:14)",
                "diff": null
              },
              "uuid": "16bef713-34a5-46fb-b685-6b7ecba19f26",
              "parentUUID": "474ec4bc-1007-4dc5-93c1-7d08999baf0a",
              "isHook": false,
              "skipped": false
            },
            {
              "title": "Verifica se o novo quadro tem todos os pixels preenchidos com a cor branca",
              "fullTitle": "10 - Faça o quadro de pixels ter seu tamanho definido pelo usuário. Verifica se o novo quadro tem todos os pixels preenchidos com a cor branca",
              "timedOut": null,
              "duration": 4289,
              "state": "failed",
              "speed": null,
              "pass": false,
              "fail": true,
              "pending": false,
              "context": null,
              "code": "cy.get('#board-size').clear().type(6);\ncy.get('#generate-board').click();\ncy.get('.pixel').should('have.length', 36).each(function (pixel) {\n  expect(pixel).to.have.css('background-color', WHITE);\n});",
              "err": {
                "message": "CypressError: Timed out retrying: Expected to find element: '#board-size', but never found it.",
                "estack": "CypressError: Timed out retrying: Expected to find element: '#board-size', but never found it.\n    at cypressErr (http://localhost:37341/__cypress/runner/cypress_runner.js:149934:9)\n    at throwErr (http://localhost:37341/__cypress/runner/cypress_runner.js:149867:11)\n    at Object.throwErrByPath (http://localhost:37341/__cypress/runner/cypress_runner.js:149915:3)\n    at retry (http://localhost:37341/__cypress/runner/cypress_runner.js:144197:19)\n    at onFailFn (http://localhost:37341/__cypress/runner/cypress_runner.js:132448:16)\n    at tryCatcher (http://localhost:37341/__cypress/runner/cypress_runner.js:167415:23)\n    at Promise._settlePromiseFromHandler (http://localhost:37341/__cypress/runner/cypress_runner.js:165351:31)\n    at Promise._settlePromise (http://localhost:37341/__cypress/runner/cypress_runner.js:165408:18)\n    at Promise._settlePromise0 (http://localhost:37341/__cypress/runner/cypress_runner.js:165453:10)\n    at Promise._settlePromises (http://localhost:37341/__cypress/runner/cypress_runner.js:165528:18)\n    at Async../node_modules/bluebird/js/release/async.js.Async._drainQueue (http://localhost:37341/__cypress/runner/cypress_runner.js:162140:16)\n    at Async../node_modules/bluebird/js/release/async.js.Async._drainQueues (http://localhost:37341/__cypress/runner/cypress_runner.js:162150:10)\n    at Async.drainQueues (http://localhost:37341/__cypress/runner/cypress_runner.js:162024:14)",
                "diff": null
              },
              "uuid": "bb6ca818-cfd5-4cbf-9d91-66e815cdd6d7",
              "parentUUID": "474ec4bc-1007-4dc5-93c1-7d08999baf0a",
              "isHook": false,
              "skipped": false
            }
          ],
          "suites": [],
          "passes": [],
          "failures": [
            "7eb7f0ba-3423-4799-9676-5496970cbcae",
            "891f0664-481e-459f-a4a7-10d0060fa153",
            "7a4fb364-8174-4bfc-b591-95bd2d42b68e",
            "8492ee24-76a0-44f0-863f-b0b81cb6c4a2",
            "023bce94-ff6b-43f9-8b04-e36c8b21e637",
            "03adb58b-cb6b-49de-b0f3-155b23f82915",
            "788ee816-231e-46f0-a911-b1e9880b15e8",
            "16bef713-34a5-46fb-b685-6b7ecba19f26",
            "bb6ca818-cfd5-4cbf-9d91-66e815cdd6d7"
          ],
          "pending": [],
          "skipped": [],
          "duration": 38642,
          "root": false,
          "rootEmpty": false,
          "_timeout": 2000
        },
        {
          "uuid": "7e7ce13a-1189-4f54-82ba-10bc28d8137b",
          "title": "11 - Limite o tamanho mínimo e máximo do board.",
          "fullFile": "",
          "file": "",
          "beforeHooks": [],
          "afterHooks": [],
          "tests": [
            {
              "title": "Verifica se a altura máxima do board é 50",
              "fullTitle": "11 - Limite o tamanho mínimo e máximo do board. Verifica se a altura máxima do board é 50",
              "timedOut": null,
              "duration": 4282,
              "state": "failed",
              "speed": null,
              "pass": false,
              "fail": true,
              "pending": false,
              "context": null,
              "code": "cy.get('#board-size').clear().type(50);\ncy.get('#generate-board').click();\ncy.get('.pixel').should('have.length', 2500);",
              "err": {
                "message": "CypressError: Timed out retrying: Expected to find element: '#board-size', but never found it.",
                "estack": "CypressError: Timed out retrying: Expected to find element: '#board-size', but never found it.\n    at cypressErr (http://localhost:37341/__cypress/runner/cypress_runner.js:149934:9)\n    at throwErr (http://localhost:37341/__cypress/runner/cypress_runner.js:149867:11)\n    at Object.throwErrByPath (http://localhost:37341/__cypress/runner/cypress_runner.js:149915:3)\n    at retry (http://localhost:37341/__cypress/runner/cypress_runner.js:144197:19)\n    at onFailFn (http://localhost:37341/__cypress/runner/cypress_runner.js:132448:16)\n    at tryCatcher (http://localhost:37341/__cypress/runner/cypress_runner.js:167415:23)\n    at Promise._settlePromiseFromHandler (http://localhost:37341/__cypress/runner/cypress_runner.js:165351:31)\n    at Promise._settlePromise (http://localhost:37341/__cypress/runner/cypress_runner.js:165408:18)\n    at Promise._settlePromise0 (http://localhost:37341/__cypress/runner/cypress_runner.js:165453:10)\n    at Promise._settlePromises (http://localhost:37341/__cypress/runner/cypress_runner.js:165528:18)\n    at Async../node_modules/bluebird/js/release/async.js.Async._drainQueue (http://localhost:37341/__cypress/runner/cypress_runner.js:162140:16)\n    at Async../node_modules/bluebird/js/release/async.js.Async._drainQueues (http://localhost:37341/__cypress/runner/cypress_runner.js:162150:10)\n    at Async.drainQueues (http://localhost:37341/__cypress/runner/cypress_runner.js:162024:14)",
                "diff": null
              },
              "uuid": "17afb384-d0ba-410d-9dd6-69d6381a7c62",
              "parentUUID": "7e7ce13a-1189-4f54-82ba-10bc28d8137b",
              "isHook": false,
              "skipped": false
            },
            {
              "title": "Verifica se a altura do board é 5 quando um valor menor é colocado no input",
              "fullTitle": "11 - Limite o tamanho mínimo e máximo do board. Verifica se a altura do board é 5 quando um valor menor é colocado no input",
              "timedOut": null,
              "duration": 4259,
              "state": "failed",
              "speed": null,
              "pass": false,
              "fail": true,
              "pending": false,
              "context": null,
              "code": "cy.get('#board-size').clear().type(4);\ncy.get('#generate-board').click();\ncy.get('.pixel').should('have.length', 25);",
              "err": {
                "message": "CypressError: Timed out retrying: Expected to find element: '#board-size', but never found it.",
                "estack": "CypressError: Timed out retrying: Expected to find element: '#board-size', but never found it.\n    at cypressErr (http://localhost:37341/__cypress/runner/cypress_runner.js:149934:9)\n    at throwErr (http://localhost:37341/__cypress/runner/cypress_runner.js:149867:11)\n    at Object.throwErrByPath (http://localhost:37341/__cypress/runner/cypress_runner.js:149915:3)\n    at retry (http://localhost:37341/__cypress/runner/cypress_runner.js:144197:19)\n    at onFailFn (http://localhost:37341/__cypress/runner/cypress_runner.js:132448:16)\n    at tryCatcher (http://localhost:37341/__cypress/runner/cypress_runner.js:167415:23)\n    at Promise._settlePromiseFromHandler (http://localhost:37341/__cypress/runner/cypress_runner.js:165351:31)\n    at Promise._settlePromise (http://localhost:37341/__cypress/runner/cypress_runner.js:165408:18)\n    at Promise._settlePromise0 (http://localhost:37341/__cypress/runner/cypress_runner.js:165453:10)\n    at Promise._settlePromises (http://localhost:37341/__cypress/runner/cypress_runner.js:165528:18)\n    at Async../node_modules/bluebird/js/release/async.js.Async._drainQueue (http://localhost:37341/__cypress/runner/cypress_runner.js:162140:16)\n    at Async../node_modules/bluebird/js/release/async.js.Async._drainQueues (http://localhost:37341/__cypress/runner/cypress_runner.js:162150:10)\n    at Async.drainQueues (http://localhost:37341/__cypress/runner/cypress_runner.js:162024:14)",
                "diff": null
              },
              "uuid": "9ba0d192-6683-48ce-8eb1-4fc7a3c8acaa",
              "parentUUID": "7e7ce13a-1189-4f54-82ba-10bc28d8137b",
              "isHook": false,
              "skipped": false
            },
            {
              "title": "Verifica se a altura do board é 50 quando um valor maior é colocado no input",
              "fullTitle": "11 - Limite o tamanho mínimo e máximo do board. Verifica se a altura do board é 50 quando um valor maior é colocado no input",
              "timedOut": null,
              "duration": 4275,
              "state": "failed",
              "speed": null,
              "pass": false,
              "fail": true,
              "pending": false,
              "context": null,
              "code": "cy.get('#board-size').clear().type(51);\ncy.get('#generate-board').click();\ncy.get('.pixel').should('have.length', 2500);",
              "err": {
                "message": "CypressError: Timed out retrying: Expected to find element: '#board-size', but never found it.",
                "estack": "CypressError: Timed out retrying: Expected to find element: '#board-size', but never found it.\n    at cypressErr (http://localhost:37341/__cypress/runner/cypress_runner.js:149934:9)\n    at throwErr (http://localhost:37341/__cypress/runner/cypress_runner.js:149867:11)\n    at Object.throwErrByPath (http://localhost:37341/__cypress/runner/cypress_runner.js:149915:3)\n    at retry (http://localhost:37341/__cypress/runner/cypress_runner.js:144197:19)\n    at onFailFn (http://localhost:37341/__cypress/runner/cypress_runner.js:132448:16)\n    at tryCatcher (http://localhost:37341/__cypress/runner/cypress_runner.js:167415:23)\n    at Promise._settlePromiseFromHandler (http://localhost:37341/__cypress/runner/cypress_runner.js:165351:31)\n    at Promise._settlePromise (http://localhost:37341/__cypress/runner/cypress_runner.js:165408:18)\n    at Promise._settlePromise0 (http://localhost:37341/__cypress/runner/cypress_runner.js:165453:10)\n    at Promise._settlePromises (http://localhost:37341/__cypress/runner/cypress_runner.js:165528:18)\n    at Async../node_modules/bluebird/js/release/async.js.Async._drainQueue (http://localhost:37341/__cypress/runner/cypress_runner.js:162140:16)\n    at Async../node_modules/bluebird/js/release/async.js.Async._drainQueues (http://localhost:37341/__cypress/runner/cypress_runner.js:162150:10)\n    at Async.drainQueues (http://localhost:37341/__cypress/runner/cypress_runner.js:162024:14)",
                "diff": null
              },
              "uuid": "97265e48-b623-4325-abaf-91da1f5ddc14",
              "parentUUID": "7e7ce13a-1189-4f54-82ba-10bc28d8137b",
              "isHook": false,
              "skipped": false
            }
          ],
          "suites": [],
          "passes": [],
          "failures": [
            "17afb384-d0ba-410d-9dd6-69d6381a7c62",
            "9ba0d192-6683-48ce-8eb1-4fc7a3c8acaa",
            "97265e48-b623-4325-abaf-91da1f5ddc14"
          ],
          "pending": [],
          "skipped": [],
          "duration": 12816,
          "root": false,
          "rootEmpty": false,
          "_timeout": 2000
        },
        {
          "uuid": "bd45b89e-ccd4-40ab-98a9-80406e520916",
          "title": "12 - Faça com que as cores da paleta sejam geradas aleatoriamente ao carregar a página.",
          "fullFile": "",
          "file": "",
          "beforeHooks": [],
          "afterHooks": [],
          "tests": [
            {
              "title": "Verifica se as cores geradas na paleta são diferentes a cada carregamento da página",
              "fullTitle": "12 - Faça com que as cores da paleta sejam geradas aleatoriamente ao carregar a página. Verifica se as cores geradas na paleta são diferentes a cada carregamento da página",
              "timedOut": null,
              "duration": 401,
              "state": "failed",
              "speed": null,
              "pass": false,
              "fail": true,
              "pending": false,
              "context": null,
              "code": "cy.get('.color').then(function (colors) {\n  var currentColors;\n  var previousColors;\n  previousColors = Array.from(colors).map(function (color) {\n    return Cypress.$(color).css('background-color');\n  });\n  for (var i = 0; i < 5; i += 1) {\n    cy.reload();\n    cy.get('.color').then(function (colors) {\n      currentColors = Array.from(colors).map(function (color) {\n        return Cypress.$(color).css('background-color');\n      });\n      expect(currentColors).not.to.deep.equal(previousColors);\n      previousColors = currentColors;\n    });\n  }\n});",
              "err": {
                "message": "AssertionError: expected [ Array(4) ] to not deeply equal [ Array(4) ]",
                "estack": "AssertionError: expected [ Array(4) ] to not deeply equal [ Array(4) ]\n    at getRet (http://localhost:37341/__cypress/runner/cypress_runner.js:136585:16)\n    at tryCatcher (http://localhost:37341/__cypress/runner/cypress_runner.js:167415:23)\n    at Function.Promise.attempt.Promise.try (http://localhost:37341/__cypress/runner/cypress_runner.js:164690:29)\n    at Context.thenFn (http://localhost:37341/__cypress/runner/cypress_runner.js:136599:23)\n    at Context.then (http://localhost:37341/__cypress/runner/cypress_runner.js:136971:21)\n    at Context.<anonymous> (http://localhost:37341/__cypress/runner/cypress_runner.js:148875:21)\n    at http://localhost:37341/__cypress/runner/cypress_runner.js:148351:33\n    at tryCatcher (http://localhost:37341/__cypress/runner/cypress_runner.js:167415:23)\n    at Promise._settlePromiseFromHandler (http://localhost:37341/__cypress/runner/cypress_runner.js:165351:31)\n    at Promise._settlePromise (http://localhost:37341/__cypress/runner/cypress_runner.js:165408:18)\n    at Promise._settlePromiseCtx (http://localhost:37341/__cypress/runner/cypress_runner.js:165445:10)\n    at Async../node_modules/bluebird/js/release/async.js.Async._drainQueue (http://localhost:37341/__cypress/runner/cypress_runner.js:162145:12)\n    at Async../node_modules/bluebird/js/release/async.js.Async._drainQueues (http://localhost:37341/__cypress/runner/cypress_runner.js:162150:10)\n    at Async.drainQueues (http://localhost:37341/__cypress/runner/cypress_runner.js:162024:14)",
                "diff": ""
              },
              "uuid": "4d87b900-8216-46e6-8219-877a99fe6c22",
              "parentUUID": "bd45b89e-ccd4-40ab-98a9-80406e520916",
              "isHook": false,
              "skipped": false
            },
            {
              "title": "Verifica se a cor preta ainda está presente e é a primeira na sua paleta de cores",
              "fullTitle": "12 - Faça com que as cores da paleta sejam geradas aleatoriamente ao carregar a página. Verifica se a cor preta ainda está presente e é a primeira na sua paleta de cores",
              "timedOut": null,
              "duration": 366,
              "state": "failed",
              "speed": null,
              "pass": false,
              "fail": true,
              "pending": false,
              "context": null,
              "code": "cy.get('.color').then(function (colors) {\n  var currentColors;\n  var previousColors;\n  previousColors = Array.from(colors).map(function (color) {\n    return Cypress.$(color).css('background-color');\n  });\n  expect(previousColors[0]).to.eq(BLACK);\n  for (var i = 0; i < 5; i += 1) {\n    cy.reload();\n    cy.get('.color').then(function (colors) {\n      currentColors = Array.from(colors).map(function (color) {\n        return Cypress.$(color).css('background-color');\n      });\n      expect(currentColors[0]).to.eq(BLACK);\n      expect(currentColors).not.to.deep.equal(previousColors);\n      previousColors = currentColors;\n    });\n  }\n});",
              "err": {
                "message": "AssertionError: expected [ Array(4) ] to not deeply equal [ Array(4) ]",
                "estack": "AssertionError: expected [ Array(4) ] to not deeply equal [ Array(4) ]\n    at getRet (http://localhost:37341/__cypress/runner/cypress_runner.js:136585:16)\n    at tryCatcher (http://localhost:37341/__cypress/runner/cypress_runner.js:167415:23)\n    at Function.Promise.attempt.Promise.try (http://localhost:37341/__cypress/runner/cypress_runner.js:164690:29)\n    at Context.thenFn (http://localhost:37341/__cypress/runner/cypress_runner.js:136599:23)\n    at Context.then (http://localhost:37341/__cypress/runner/cypress_runner.js:136971:21)\n    at Context.<anonymous> (http://localhost:37341/__cypress/runner/cypress_runner.js:148875:21)\n    at http://localhost:37341/__cypress/runner/cypress_runner.js:148351:33\n    at tryCatcher (http://localhost:37341/__cypress/runner/cypress_runner.js:167415:23)\n    at Promise._settlePromiseFromHandler (http://localhost:37341/__cypress/runner/cypress_runner.js:165351:31)\n    at Promise._settlePromise (http://localhost:37341/__cypress/runner/cypress_runner.js:165408:18)\n    at Promise._settlePromiseCtx (http://localhost:37341/__cypress/runner/cypress_runner.js:165445:10)\n    at Async../node_modules/bluebird/js/release/async.js.Async._drainQueue (http://localhost:37341/__cypress/runner/cypress_runner.js:162145:12)\n    at Async../node_modules/bluebird/js/release/async.js.Async._drainQueues (http://localhost:37341/__cypress/runner/cypress_runner.js:162150:10)\n    at Async.drainQueues (http://localhost:37341/__cypress/runner/cypress_runner.js:162024:14)",
                "diff": ""
              },
              "uuid": "28190ca8-dd6a-4d38-ad00-7c79d3cda3a4",
              "parentUUID": "bd45b89e-ccd4-40ab-98a9-80406e520916",
              "isHook": false,
              "skipped": false
            }
          ],
          "suites": [],
          "passes": [],
          "failures": [
            "4d87b900-8216-46e6-8219-877a99fe6c22",
            "28190ca8-dd6a-4d38-ad00-7c79d3cda3a4"
          ],
          "pending": [],
          "skipped": [],
          "duration": 767,
          "root": false,
          "rootEmpty": false,
          "_timeout": 2000
        }
      ],
      "passes": [],
      "failures": [],
      "pending": [],
      "skipped": [],
      "duration": 0,
      "root": true,
      "rootEmpty": true,
      "_timeout": 2000
    }
  ],
  "meta": {
    "mocha": {
      "version": "7.0.1"
    },
    "mochawesome": {
      "options": {
        "quiet": false,
        "reportFilename": "mochawesome",
        "saveHtml": false,
        "saveJson": true,
        "consoleReporter": "spec",
        "useInlineDiffs": false
      },
      "version": "4.1.0"
    },
    "marge": {
      "options": {
        "id": "default",
        "reportDir": "cypress/reports",
        "overwrite": true,
        "html": false,
        "json": true
      },
      "version": "4.1.0"
    }
  }
}