{
  "stats": {
    "suites": 12,
    "tests": 41,
    "passes": 27,
    "pending": 0,
    "failures": 14,
    "start": "2021-09-14T21:32:33.199Z",
    "end": "2021-09-14T21:34:25.403Z",
    "duration": 112204,
    "testsRegistered": 41,
    "passPercent": 65.85365853658537,
    "pendingPercent": 0,
    "other": 0,
    "hasOther": false,
    "skipped": 0,
    "hasSkipped": false
  },
  "results": [
    {
      "uuid": "8751afc6-83ab-4a61-a07a-88ce1cd452f1",
      "title": "",
      "fullFile": "cypress/integration/project.spec.js",
      "file": "cypress/integration/project.spec.js",
      "beforeHooks": [],
      "afterHooks": [],
      "tests": [],
      "suites": [
        {
          "uuid": "b9ea4b2f-521d-495a-943a-2cab9a82a3e7",
          "title": "1 - Adicione à página o título \"Paleta de Cores\".",
          "fullFile": "",
          "file": "",
          "beforeHooks": [],
          "afterHooks": [],
          "tests": [
            {
              "title": "Verifica se contém um elemento `h1` com o id `title` com o título correto",
              "fullTitle": "1 - Adicione à página o título \"Paleta de Cores\". Verifica se contém um elemento `h1` com o id `title` com o título correto",
              "timedOut": null,
              "duration": 123,
              "state": "passed",
              "speed": "slow",
              "pass": true,
              "fail": false,
              "pending": false,
              "context": null,
              "code": "cy.get('h1#title').should('contain.text', 'Paleta de Cores');",
              "err": {},
              "uuid": "30352e6a-d104-4521-ae67-ed6dff65de07",
              "parentUUID": "b9ea4b2f-521d-495a-943a-2cab9a82a3e7",
              "isHook": false,
              "skipped": false
            }
          ],
          "suites": [],
          "passes": [
            "30352e6a-d104-4521-ae67-ed6dff65de07"
          ],
          "failures": [],
          "pending": [],
          "skipped": [],
          "duration": 123,
          "root": false,
          "rootEmpty": false,
          "_timeout": 2000
        },
        {
          "uuid": "7a813666-0be0-4675-a302-6d9dae93d985",
          "title": "2 - Adicione à página uma paleta de quatro cores distintas.",
          "fullFile": "",
          "file": "",
          "beforeHooks": [],
          "afterHooks": [],
          "tests": [
            {
              "title": "A paleta de cores deve ser um elemento com `id` denominado `color-palette`",
              "fullTitle": "2 - Adicione à página uma paleta de quatro cores distintas. A paleta de cores deve ser um elemento com `id` denominado `color-palette`",
              "timedOut": null,
              "duration": 102,
              "state": "passed",
              "speed": "slow",
              "pass": true,
              "fail": false,
              "pending": false,
              "context": null,
              "code": "cy.get('#color-palette').should('be.visible');\ncy.get('#color-palette').children('.color');",
              "err": {},
              "uuid": "950f144c-4ac7-45bd-be9a-5b1c1ee6e236",
              "parentUUID": "7a813666-0be0-4675-a302-6d9dae93d985",
              "isHook": false,
              "skipped": false
            },
            {
              "title": "Verifica se cada cor individual da paleta de cores possui a `classe` chamada `color`.",
              "fullTitle": "2 - Adicione à página uma paleta de quatro cores distintas. Verifica se cada cor individual da paleta de cores possui a `classe` chamada `color`.",
              "timedOut": null,
              "duration": 77,
              "state": "passed",
              "speed": "slow",
              "pass": true,
              "fail": false,
              "pending": false,
              "context": null,
              "code": "cy.get('.color').should('have.length', 4).then(function (colors) {\n  for (var i = 0; i < colors.length; i++) {\n    cy.wrap(colors[i]).should('be.visible');\n  }\n});",
              "err": {},
              "uuid": "41d8c3b6-fd1e-4f7e-b64d-17ab367913bc",
              "parentUUID": "7a813666-0be0-4675-a302-6d9dae93d985",
              "isHook": false,
              "skipped": false
            },
            {
              "title": "Verifica se a cor de fundo de cada elemento da paleta é a cor que o elemento representa. **A única cor não permitida na paleta é a cor branca.**",
              "fullTitle": "2 - Adicione à página uma paleta de quatro cores distintas. Verifica se a cor de fundo de cada elemento da paleta é a cor que o elemento representa. **A única cor não permitida na paleta é a cor branca.**",
              "timedOut": null,
              "duration": 77,
              "state": "passed",
              "speed": "slow",
              "pass": true,
              "fail": false,
              "pending": false,
              "context": null,
              "code": "cy.get('.color').each(function (color) {\n  cy.wrap(color).should('have.class', 'color').and('not.have.css', 'background-color', WHITE);\n  cy.wrap(color).should('have.css', 'background-color');\n});",
              "err": {},
              "uuid": "81c29e07-74fb-4fe1-8b82-0590639d1751",
              "parentUUID": "7a813666-0be0-4675-a302-6d9dae93d985",
              "isHook": false,
              "skipped": false
            },
            {
              "title": "Verifica se cada elemento da paleta de cores tem uma borda preta, sólida e com 1 pixel de largura;",
              "fullTitle": "2 - Adicione à página uma paleta de quatro cores distintas. Verifica se cada elemento da paleta de cores tem uma borda preta, sólida e com 1 pixel de largura;",
              "timedOut": null,
              "duration": 65,
              "state": "passed",
              "speed": "medium",
              "pass": true,
              "fail": false,
              "pending": false,
              "context": null,
              "code": "cy.get('.color').each(function (color) {\n  cy.wrap(color).and('have.css', 'border', \"1px solid \".concat(BLACK)).and('have.class', 'color');\n});",
              "err": {},
              "uuid": "5fb03b24-dc0d-4705-bb99-6c65949841a2",
              "parentUUID": "7a813666-0be0-4675-a302-6d9dae93d985",
              "isHook": false,
              "skipped": false
            },
            {
              "title": "Verifica se a paleta lista todas as cores disponíveis para utilização, lado a lado.",
              "fullTitle": "2 - Adicione à página uma paleta de quatro cores distintas. Verifica se a paleta lista todas as cores disponíveis para utilização, lado a lado.",
              "timedOut": null,
              "duration": 60,
              "state": "passed",
              "speed": "medium",
              "pass": true,
              "fail": false,
              "pending": false,
              "context": null,
              "code": "cy.get('.color').then(function (colors) {\n  for (var index = 1; index < colors.length; index += 1) {\n    var currentColor = colors[index];\n    var previousColor = colors[index - 1];\n    cy.wrap(currentColor).should('be.onTheRightOf', previousColor).and('be.horizontallyAlignedWith', previousColor);\n  }\n});",
              "err": {},
              "uuid": "9f1092aa-6b55-43b7-8ce4-ff8940a9e6cc",
              "parentUUID": "7a813666-0be0-4675-a302-6d9dae93d985",
              "isHook": false,
              "skipped": false
            },
            {
              "title": "Verifica se a paleta de cores está posicionada abaixo do título 'Paleta de Cores'",
              "fullTitle": "2 - Adicione à página uma paleta de quatro cores distintas. Verifica se a paleta de cores está posicionada abaixo do título 'Paleta de Cores'",
              "timedOut": null,
              "duration": 81,
              "state": "passed",
              "speed": "slow",
              "pass": true,
              "fail": false,
              "pending": false,
              "context": null,
              "code": "cy.get('h1#title').then(function (title) {\n  cy.get('#color-palette').should('be.belowOf', title);\n});",
              "err": {},
              "uuid": "fb464529-9aa1-474d-bf97-11c72c1407e5",
              "parentUUID": "7a813666-0be0-4675-a302-6d9dae93d985",
              "isHook": false,
              "skipped": false
            },
            {
              "title": "Verifica se a paleta de cores não contém cores repetidas.",
              "fullTitle": "2 - Adicione à página uma paleta de quatro cores distintas. Verifica se a paleta de cores não contém cores repetidas.",
              "timedOut": null,
              "duration": 59,
              "state": "passed",
              "speed": "medium",
              "pass": true,
              "fail": false,
              "pending": false,
              "context": null,
              "code": "cy.get('.color').then(function (colors) {\n  var allColors = Array.from(colors).map(function (color) {\n    return Cypress.$(color).css('background-color');\n  });\n  cy.log(allColors);\n  var uniqColors = (0, _toConsumableArray2[\"default\"])(new Set(allColors));\n  cy.log(uniqColors);\n  expect(allColors.length).to.eq(uniqColors.length);\n});",
              "err": {},
              "uuid": "96b2453f-82f1-4a65-b7ad-986beec16339",
              "parentUUID": "7a813666-0be0-4675-a302-6d9dae93d985",
              "isHook": false,
              "skipped": false
            }
          ],
          "suites": [],
          "passes": [
            "950f144c-4ac7-45bd-be9a-5b1c1ee6e236",
            "41d8c3b6-fd1e-4f7e-b64d-17ab367913bc",
            "81c29e07-74fb-4fe1-8b82-0590639d1751",
            "5fb03b24-dc0d-4705-bb99-6c65949841a2",
            "9f1092aa-6b55-43b7-8ce4-ff8940a9e6cc",
            "fb464529-9aa1-474d-bf97-11c72c1407e5",
            "96b2453f-82f1-4a65-b7ad-986beec16339"
          ],
          "failures": [],
          "pending": [],
          "skipped": [],
          "duration": 521,
          "root": false,
          "rootEmpty": false,
          "_timeout": 2000
        },
        {
          "uuid": "f7e0dfb4-ace8-494e-aef1-03f27c5b2375",
          "title": "3 - Adicione a cor **preta** como a primeira cor da paleta de cores.",
          "fullFile": "",
          "file": "",
          "beforeHooks": [],
          "afterHooks": [],
          "tests": [
            {
              "title": "Verifica se a primeira cor da paleta é preta",
              "fullTitle": "3 - Adicione a cor **preta** como a primeira cor da paleta de cores. Verifica se a primeira cor da paleta é preta",
              "timedOut": null,
              "duration": 74,
              "state": "passed",
              "speed": "medium",
              "pass": true,
              "fail": false,
              "pending": false,
              "context": null,
              "code": "cy.get('.color').first().should('have.css', 'background-color', BLACK);",
              "err": {},
              "uuid": "763aaa7a-df71-46df-9db5-4a2454622d0c",
              "parentUUID": "f7e0dfb4-ace8-494e-aef1-03f27c5b2375",
              "isHook": false,
              "skipped": false
            },
            {
              "title": "Verifica se as demais cores podem ser escolhidas livremente.",
              "fullTitle": "3 - Adicione a cor **preta** como a primeira cor da paleta de cores. Verifica se as demais cores podem ser escolhidas livremente.",
              "timedOut": null,
              "duration": 216,
              "state": "passed",
              "speed": "slow",
              "pass": true,
              "fail": false,
              "pending": false,
              "context": null,
              "code": "cy.get('.color').eq(1).should('not.have.css', 'background-color', BLACK);\ncy.get('.color').eq(1).should('not.have.css', 'background-color', WHITE);\ncy.get('.color').eq(1).should('not.have.css', 'background-color', 'rgba(0, 0, 0, 0)');\ncy.get('.color').eq(1).should('have.css', 'background-color');\ncy.get('.color').eq(2).should('not.have.css', 'background-color', BLACK);\ncy.get('.color').eq(2).should('not.have.css', 'background-color', WHITE);\ncy.get('.color').eq(2).should('not.have.css', 'background-color', 'rgba(0, 0, 0, 0)');\ncy.get('.color').eq(2).should('have.css', 'background-color');\ncy.get('.color').eq(3).should('not.have.css', 'background-color', BLACK);\ncy.get('.color').eq(3).should('not.have.css', 'background-color', WHITE);\ncy.get('.color').eq(3).should('not.have.css', 'background-color', 'rgba(0, 0, 0, 0)');\ncy.get('.color').eq(3).should('have.css', 'background-color');",
              "err": {},
              "uuid": "af571774-5627-4ecc-9fb4-8017b5b4be8f",
              "parentUUID": "f7e0dfb4-ace8-494e-aef1-03f27c5b2375",
              "isHook": false,
              "skipped": false
            }
          ],
          "suites": [],
          "passes": [
            "763aaa7a-df71-46df-9db5-4a2454622d0c",
            "af571774-5627-4ecc-9fb4-8017b5b4be8f"
          ],
          "failures": [],
          "pending": [],
          "skipped": [],
          "duration": 290,
          "root": false,
          "rootEmpty": false,
          "_timeout": 2000
        },
        {
          "uuid": "4413ffad-8b5b-456e-9ad3-bbfd425ecdfd",
          "title": "4 - Adicione à página um quadro de pixels, com 25 pixels.",
          "fullFile": "",
          "file": "",
          "beforeHooks": [],
          "afterHooks": [],
          "tests": [
            {
              "title": "Verifica se o quadro de pixels possui o `id` denominado `pixel-board`",
              "fullTitle": "4 - Adicione à página um quadro de pixels, com 25 pixels. Verifica se o quadro de pixels possui o `id` denominado `pixel-board`",
              "timedOut": null,
              "duration": 63,
              "state": "passed",
              "speed": "medium",
              "pass": true,
              "fail": false,
              "pending": false,
              "context": null,
              "code": "cy.get('#pixel-board').should('be.visible');",
              "err": {},
              "uuid": "b34a1a2b-42be-4317-ae81-9a2afc60dee9",
              "parentUUID": "4413ffad-8b5b-456e-9ad3-bbfd425ecdfd",
              "isHook": false,
              "skipped": false
            },
            {
              "title": "Verifica se cada pixel individual dentro do quadro possui a `classe` denominada `pixel`.",
              "fullTitle": "4 - Adicione à página um quadro de pixels, com 25 pixels. Verifica se cada pixel individual dentro do quadro possui a `classe` denominada `pixel`.",
              "timedOut": null,
              "duration": 75,
              "state": "passed",
              "speed": "medium",
              "pass": true,
              "fail": false,
              "pending": false,
              "context": null,
              "code": "cy.get('.pixel').should('have.length', 25);",
              "err": {},
              "uuid": "576d4861-ab9b-43c7-9042-4fc54c28653c",
              "parentUUID": "4413ffad-8b5b-456e-9ad3-bbfd425ecdfd",
              "isHook": false,
              "skipped": false
            },
            {
              "title": "Verifica se a cor inicial dos pixels dentro do quadro, ao abrir a página, é branca.",
              "fullTitle": "4 - Adicione à página um quadro de pixels, com 25 pixels. Verifica se a cor inicial dos pixels dentro do quadro, ao abrir a página, é branca.",
              "timedOut": null,
              "duration": 120,
              "state": "passed",
              "speed": "slow",
              "pass": true,
              "fail": false,
              "pending": false,
              "context": null,
              "code": "cy.get('.pixel').should('have.length', 25).each(function (pixel) {\n  expect(pixel).to.have.css('background-color', WHITE);\n});",
              "err": {},
              "uuid": "0281bb66-bc3d-444b-8707-863ec825fa10",
              "parentUUID": "4413ffad-8b5b-456e-9ad3-bbfd425ecdfd",
              "isHook": false,
              "skipped": false
            },
            {
              "title": "Verifica se o quadro de pixels aparece abaixo da paleta de cores",
              "fullTitle": "4 - Adicione à página um quadro de pixels, com 25 pixels. Verifica se o quadro de pixels aparece abaixo da paleta de cores",
              "timedOut": null,
              "duration": 49,
              "state": "passed",
              "speed": "medium",
              "pass": true,
              "fail": false,
              "pending": false,
              "context": null,
              "code": "cy.get('#color-palette').then(function (palette) {\n  cy.get('#pixel-board').should('be.belowOf', palette);\n});",
              "err": {},
              "uuid": "f7251d96-21e0-480c-8817-01e69bbc8e5a",
              "parentUUID": "4413ffad-8b5b-456e-9ad3-bbfd425ecdfd",
              "isHook": false,
              "skipped": false
            }
          ],
          "suites": [],
          "passes": [
            "b34a1a2b-42be-4317-ae81-9a2afc60dee9",
            "576d4861-ab9b-43c7-9042-4fc54c28653c",
            "0281bb66-bc3d-444b-8707-863ec825fa10",
            "f7251d96-21e0-480c-8817-01e69bbc8e5a"
          ],
          "failures": [],
          "pending": [],
          "skipped": [],
          "duration": 307,
          "root": false,
          "rootEmpty": false,
          "_timeout": 2000
        },
        {
          "uuid": "814bd417-9101-4cb4-b5fc-84cff7a661bb",
          "title": "5 - Faça com que cada elemento do quadro de pixels possua 40 pixels de largura, 40 pixels de altura e seja delimitado por uma borda preta de 1 pixel.",
          "fullFile": "",
          "file": "",
          "beforeHooks": [],
          "afterHooks": [],
          "tests": [
            {
              "title": "Verifica se o quadro de pixels tem altura e comprimento de 5 elementos",
              "fullTitle": "5 - Faça com que cada elemento do quadro de pixels possua 40 pixels de largura, 40 pixels de altura e seja delimitado por uma borda preta de 1 pixel. Verifica se o quadro de pixels tem altura e comprimento de 5 elementos",
              "timedOut": null,
              "duration": 176,
              "state": "passed",
              "speed": "slow",
              "pass": true,
              "fail": false,
              "pending": false,
              "context": null,
              "code": "cy.get('.pixel').should('have.length', 25).each(function (pixel) {\n  expect(pixel).to.have.css('background-color', WHITE);\n}).and(function (pixels) {\n  var rows = chunk(pixels, 5);\n  rows.forEach(function (row) {\n    for (var index = 1; index < row.length; index += 1) {\n      var current = pixels[index];\n      var previous = pixels[index - 1];\n      cy.wrap(current).should('be.onTheRightOf', previous).and('be.horizontallyAlignedWith', previous);\n    }\n  });\n  for (var index = 1; index < 5; index += 1) {\n    expect(pixels[index * 5]).to.be.belowOf(pixels[(index - 1) * 5]);\n  }\n});",
              "err": {},
              "uuid": "a86191fc-b8ea-4cda-946f-f30ba8a9b34a",
              "parentUUID": "814bd417-9101-4cb4-b5fc-84cff7a661bb",
              "isHook": false,
              "skipped": false
            },
            {
              "title": "Verifica se 40 pixels é o tamanho total do elemento, incluindo seu conteúdo e excluindo a borda preta, que deve ser criada à parte.",
              "fullTitle": "5 - Faça com que cada elemento do quadro de pixels possua 40 pixels de largura, 40 pixels de altura e seja delimitado por uma borda preta de 1 pixel. Verifica se 40 pixels é o tamanho total do elemento, incluindo seu conteúdo e excluindo a borda preta, que deve ser criada à parte.",
              "timedOut": null,
              "duration": 4214,
              "state": "failed",
              "speed": null,
              "pass": false,
              "fail": true,
              "pending": false,
              "context": null,
              "code": "cy.get('.pixel').each(function (pixel) {\n  cy.wrap(pixel).should('have.css', 'height', '40px').and('have.css', 'width', '40px').and('have.css', 'border', \"1px solid \".concat(BLACK));\n});",
              "err": {
                "message": "CypressError: Timed out retrying: expected '<div.pixel>' to have CSS property 'height' with the value '40px', but the value was '38px'",
                "estack": "CypressError: Timed out retrying: expected '<div.pixel>' to have CSS property 'height' with the value '40px', but the value was '38px'\n    at cypressErr (http://localhost:45473/__cypress/runner/cypress_runner.js:149934:9)\n    at throwErr (http://localhost:45473/__cypress/runner/cypress_runner.js:149867:11)\n    at Object.throwErrByPath (http://localhost:45473/__cypress/runner/cypress_runner.js:149915:3)\n    at retry (http://localhost:45473/__cypress/runner/cypress_runner.js:144197:19)\n    at onFailFn (http://localhost:45473/__cypress/runner/cypress_runner.js:132448:16)\n    at tryCatcher (http://localhost:45473/__cypress/runner/cypress_runner.js:167415:23)\n    at Promise._settlePromiseFromHandler (http://localhost:45473/__cypress/runner/cypress_runner.js:165351:31)\n    at Promise._settlePromise (http://localhost:45473/__cypress/runner/cypress_runner.js:165408:18)\n    at Promise._settlePromise0 (http://localhost:45473/__cypress/runner/cypress_runner.js:165453:10)\n    at Promise._settlePromises (http://localhost:45473/__cypress/runner/cypress_runner.js:165528:18)\n    at Async../node_modules/bluebird/js/release/async.js.Async._drainQueue (http://localhost:45473/__cypress/runner/cypress_runner.js:162140:16)\n    at Async../node_modules/bluebird/js/release/async.js.Async._drainQueues (http://localhost:45473/__cypress/runner/cypress_runner.js:162150:10)\n    at Async.drainQueues (http://localhost:45473/__cypress/runner/cypress_runner.js:162024:14)",
                "diff": null
              },
              "uuid": "134be159-447c-4826-86bb-ed88b84bb26b",
              "parentUUID": "814bd417-9101-4cb4-b5fc-84cff7a661bb",
              "isHook": false,
              "skipped": false
            }
          ],
          "suites": [],
          "passes": [
            "a86191fc-b8ea-4cda-946f-f30ba8a9b34a"
          ],
          "failures": [
            "134be159-447c-4826-86bb-ed88b84bb26b"
          ],
          "pending": [],
          "skipped": [],
          "duration": 4390,
          "root": false,
          "rootEmpty": false,
          "_timeout": 2000
        },
        {
          "uuid": "0c217cf3-ea2d-41dd-88a2-6dbde424c3cd",
          "title": "6 - Defina a cor preta como cor inicial. Ao carregar a página a cor preta já deve estar selecionada para pintar os pixels",
          "fullFile": "",
          "file": "",
          "beforeHooks": [],
          "afterHooks": [],
          "tests": [
            {
              "title": "Verifica se o elemento da cor preta possui, inicialmente, a `classe` `selected`",
              "fullTitle": "6 - Defina a cor preta como cor inicial. Ao carregar a página a cor preta já deve estar selecionada para pintar os pixels Verifica se o elemento da cor preta possui, inicialmente, a `classe` `selected`",
              "timedOut": null,
              "duration": 80,
              "state": "passed",
              "speed": "slow",
              "pass": true,
              "fail": false,
              "pending": false,
              "context": null,
              "code": "cy.get('.selected').first().should('have.css', 'background-color', BLACK);",
              "err": {},
              "uuid": "4880c0ad-95dd-40a1-95e3-379d250955e6",
              "parentUUID": "0c217cf3-ea2d-41dd-88a2-6dbde424c3cd",
              "isHook": false,
              "skipped": false
            },
            {
              "title": "Verifica se nenhuma outra cor da paleta tem a `classe` `selected`",
              "fullTitle": "6 - Defina a cor preta como cor inicial. Ao carregar a página a cor preta já deve estar selecionada para pintar os pixels Verifica se nenhuma outra cor da paleta tem a `classe` `selected`",
              "timedOut": null,
              "duration": 58,
              "state": "passed",
              "speed": "medium",
              "pass": true,
              "fail": false,
              "pending": false,
              "context": null,
              "code": "cy.get('.color:not(:first-child)').each(function (color) {\n  cy.wrap(color).should('not.have.class', 'selected');\n});",
              "err": {},
              "uuid": "6ea9f0eb-4f28-4628-8d24-c06c53fcf976",
              "parentUUID": "0c217cf3-ea2d-41dd-88a2-6dbde424c3cd",
              "isHook": false,
              "skipped": false
            }
          ],
          "suites": [],
          "passes": [
            "4880c0ad-95dd-40a1-95e3-379d250955e6",
            "6ea9f0eb-4f28-4628-8d24-c06c53fcf976"
          ],
          "failures": [],
          "pending": [],
          "skipped": [],
          "duration": 138,
          "root": false,
          "rootEmpty": false,
          "_timeout": 2000
        },
        {
          "uuid": "9f808795-370a-4679-b2cf-60f5d9da23c1",
          "title": "7 - Clicar em uma das cores da paleta, faz com que ela seja selecionada e utilizada para preencher os pixels no quadro.",
          "fullFile": "",
          "file": "",
          "beforeHooks": [],
          "afterHooks": [],
          "tests": [
            {
              "title": "Verifica se somente uma cor da paleta de cores tem a classe `selected` de cada vez",
              "fullTitle": "7 - Clicar em uma das cores da paleta, faz com que ela seja selecionada e utilizada para preencher os pixels no quadro. Verifica se somente uma cor da paleta de cores tem a classe `selected` de cada vez",
              "timedOut": null,
              "duration": 412,
              "state": "passed",
              "speed": "slow",
              "pass": true,
              "fail": false,
              "pending": false,
              "context": null,
              "code": "cy.get('.color').each(function (selectedColor, selectedColorIndex) {\n  cy.wrap(selectedColor).click();\n  cy.get('.color').each(function (color, colorIndex) {\n    if (colorIndex === selectedColorIndex) {\n      expect(color).to.have[\"class\"]('selected');\n    } else {\n      expect(color).not.to.have[\"class\"]('selected');\n    }\n  });\n});",
              "err": {},
              "uuid": "bace9f04-4277-41dc-8c16-60b017a0c4d8",
              "parentUUID": "9f808795-370a-4679-b2cf-60f5d9da23c1",
              "isHook": false,
              "skipped": false
            },
            {
              "title": "Verifica se os pixels dentro do quadro não têm a classe `selected` quando são clicados",
              "fullTitle": "7 - Clicar em uma das cores da paleta, faz com que ela seja selecionada e utilizada para preencher os pixels no quadro. Verifica se os pixels dentro do quadro não têm a classe `selected` quando são clicados",
              "timedOut": null,
              "duration": 7961,
              "state": "passed",
              "speed": "slow",
              "pass": true,
              "fail": false,
              "pending": false,
              "context": null,
              "code": "cy.get('.color').each(function (color) {\n  var backgroundColor = color.css('background-color');\n  cy.wrap(color).click();\n  cy.get('.pixel').each(function (pixel) {\n    cy.wrap(pixel).click().should('not.have.class', 'selected');\n  });\n});",
              "err": {},
              "uuid": "19c5ef80-4834-43e3-875b-290f2a2446e0",
              "parentUUID": "9f808795-370a-4679-b2cf-60f5d9da23c1",
              "isHook": false,
              "skipped": false
            }
          ],
          "suites": [],
          "passes": [
            "bace9f04-4277-41dc-8c16-60b017a0c4d8",
            "19c5ef80-4834-43e3-875b-290f2a2446e0"
          ],
          "failures": [],
          "pending": [],
          "skipped": [],
          "duration": 8373,
          "root": false,
          "rootEmpty": false,
          "_timeout": 2000
        },
        {
          "uuid": "da7959a9-6ddd-4a80-879f-564129ac71dd",
          "title": "8 - Clicar em um pixel dentro do quadro após selecionar uma cor na paleta, faz com que o pixel seja preenchido com a cor selecionada.",
          "fullFile": "",
          "file": "",
          "beforeHooks": [],
          "afterHooks": [],
          "tests": [
            {
              "title": "Verifica se ao carregar a página deve ser possível pintar os pixels de preto",
              "fullTitle": "8 - Clicar em um pixel dentro do quadro após selecionar uma cor na paleta, faz com que o pixel seja preenchido com a cor selecionada. Verifica se ao carregar a página deve ser possível pintar os pixels de preto",
              "timedOut": null,
              "duration": 7339,
              "state": "passed",
              "speed": "slow",
              "pass": true,
              "fail": false,
              "pending": false,
              "context": null,
              "code": "cy.get('.pixel').each(function (pixel) {\n  cy.wrap(pixel).click().should('have.css', 'background-color', BLACK);\n});",
              "err": {},
              "uuid": "c0ad1d15-13e1-4e8b-954c-cd91f397794e",
              "parentUUID": "da7959a9-6ddd-4a80-879f-564129ac71dd",
              "isHook": false,
              "skipped": false
            },
            {
              "title": "Verifica se após selecionar uma outra cor na paleta, é possível pintar os pixels com essa cor",
              "fullTitle": "8 - Clicar em um pixel dentro do quadro após selecionar uma cor na paleta, faz com que o pixel seja preenchido com a cor selecionada. Verifica se após selecionar uma outra cor na paleta, é possível pintar os pixels com essa cor",
              "timedOut": null,
              "duration": 28307,
              "state": "passed",
              "speed": "slow",
              "pass": true,
              "fail": false,
              "pending": false,
              "context": null,
              "code": "cy.get('.color').each(function (color) {\n  var backgroundColor = color.css('background-color');\n  cy.wrap(color).click();\n  cy.get('.pixel').each(function (pixel) {\n    cy.wrap(pixel).click().should('have.css', 'background-color', backgroundColor);\n  });\n});",
              "err": {},
              "uuid": "807109ac-1299-496e-8bd6-d679ab8c9583",
              "parentUUID": "da7959a9-6ddd-4a80-879f-564129ac71dd",
              "isHook": false,
              "skipped": false
            },
            {
              "title": "Verifica se somente o pixel que foi clicado foi preenchido com a cor selecionada, sem influenciar na cor dos demais pixels.",
              "fullTitle": "8 - Clicar em um pixel dentro do quadro após selecionar uma cor na paleta, faz com que o pixel seja preenchido com a cor selecionada. Verifica se somente o pixel que foi clicado foi preenchido com a cor selecionada, sem influenciar na cor dos demais pixels.",
              "timedOut": null,
              "duration": 1291,
              "state": "passed",
              "speed": "slow",
              "pass": true,
              "fail": false,
              "pending": false,
              "context": null,
              "code": "var colorToPixelIndexMap = {\n  0: 6,\n  1: 8,\n  2: 16,\n  3: 18\n};\ncy.get('.color').each(function (color, index) {\n  cy.wrap(color).click();\n  var backgroundColor = color.css('background-color');\n  var clickedPixelIndex = colorToPixelIndexMap[index];\n  cy.get('.pixel').eq(clickedPixelIndex).click();\n  cy.get('.pixel').eq(clickedPixelIndex - 1).should('not.have.css', 'background-color', backgroundColor);\n  cy.get('.pixel').eq(clickedPixelIndex + 1).should('not.have.css', 'background-color', backgroundColor);\n  cy.get('.pixel').eq(clickedPixelIndex - 5).should('not.have.css', 'background-color', backgroundColor);\n  cy.get('.pixel').eq(clickedPixelIndex + 5).should('not.have.css', 'background-color', backgroundColor);\n  cy.get('.pixel').eq(clickedPixelIndex - 6).should('not.have.css', 'background-color', backgroundColor);\n  cy.get('.pixel').eq(clickedPixelIndex - 4).should('not.have.css', 'background-color', backgroundColor);\n  cy.get('.pixel').eq(clickedPixelIndex + 4).should('not.have.css', 'background-color', backgroundColor);\n  cy.get('.pixel').eq(clickedPixelIndex + 6).should('not.have.css', 'background-color', backgroundColor);\n});",
              "err": {},
              "uuid": "32db4ad3-b2d0-4bb9-8ca2-c1db0b9d423a",
              "parentUUID": "da7959a9-6ddd-4a80-879f-564129ac71dd",
              "isHook": false,
              "skipped": false
            }
          ],
          "suites": [],
          "passes": [
            "c0ad1d15-13e1-4e8b-954c-cd91f397794e",
            "807109ac-1299-496e-8bd6-d679ab8c9583",
            "32db4ad3-b2d0-4bb9-8ca2-c1db0b9d423a"
          ],
          "failures": [],
          "pending": [],
          "skipped": [],
          "duration": 36937,
          "root": false,
          "rootEmpty": false,
          "_timeout": 2000
        },
        {
          "uuid": "ada83734-06ec-4a0b-98e1-050a52217ce3",
          "title": "9 - Crie um botão que, ao ser clicado, limpa o quadro preenchendo a cor de todos seus pixels com branco.",
          "fullFile": "",
          "file": "",
          "beforeHooks": [],
          "afterHooks": [],
          "tests": [
            {
              "title": "Verifica se o botão tem o `id` denominado `clear-board`",
              "fullTitle": "9 - Crie um botão que, ao ser clicado, limpa o quadro preenchendo a cor de todos seus pixels com branco. Verifica se o botão tem o `id` denominado `clear-board`",
              "timedOut": null,
              "duration": 91,
              "state": "passed",
              "speed": "slow",
              "pass": true,
              "fail": false,
              "pending": false,
              "context": null,
              "code": "cy.get('#clear-board').should('be.visible');",
              "err": {},
              "uuid": "af3e7b65-dccc-4608-9c8e-a0d9a7afdfa5",
              "parentUUID": "ada83734-06ec-4a0b-98e1-050a52217ce3",
              "isHook": false,
              "skipped": false
            },
            {
              "title": "Verifica se o botão está posicionado entre a paleta de cores e o quadro de pixels",
              "fullTitle": "9 - Crie um botão que, ao ser clicado, limpa o quadro preenchendo a cor de todos seus pixels com branco. Verifica se o botão está posicionado entre a paleta de cores e o quadro de pixels",
              "timedOut": null,
              "duration": 4227,
              "state": "failed",
              "speed": null,
              "pass": false,
              "fail": true,
              "pending": false,
              "context": null,
              "code": "cy.get('#color-palette').then(function (palette) {\n  cy.get('#clear-board').should('be.belowOf', palette);\n});\ncy.get('#clear-board').then(function (clearBtn) {\n  cy.get('#pixel-board').should('be.belowOf', clearBtn);\n});",
              "err": {
                "message": "CypressError: Timed out retrying: expected '<section#pixel-board>' to be below of { Object (0, length, ...) }",
                "estack": "CypressError: Timed out retrying: expected '<section#pixel-board>' to be below of { Object (0, length, ...) }\n    at cypressErr (http://localhost:45473/__cypress/runner/cypress_runner.js:149934:9)\n    at throwErr (http://localhost:45473/__cypress/runner/cypress_runner.js:149867:11)\n    at Object.throwErrByPath (http://localhost:45473/__cypress/runner/cypress_runner.js:149915:3)\n    at retry (http://localhost:45473/__cypress/runner/cypress_runner.js:144197:19)\n    at onFailFn (http://localhost:45473/__cypress/runner/cypress_runner.js:132448:16)\n    at tryCatcher (http://localhost:45473/__cypress/runner/cypress_runner.js:167415:23)\n    at Promise._settlePromiseFromHandler (http://localhost:45473/__cypress/runner/cypress_runner.js:165351:31)\n    at Promise._settlePromise (http://localhost:45473/__cypress/runner/cypress_runner.js:165408:18)\n    at Promise._settlePromise0 (http://localhost:45473/__cypress/runner/cypress_runner.js:165453:10)\n    at Promise._settlePromises (http://localhost:45473/__cypress/runner/cypress_runner.js:165528:18)\n    at Async../node_modules/bluebird/js/release/async.js.Async._drainQueue (http://localhost:45473/__cypress/runner/cypress_runner.js:162140:16)\n    at Async../node_modules/bluebird/js/release/async.js.Async._drainQueues (http://localhost:45473/__cypress/runner/cypress_runner.js:162150:10)\n    at Async.drainQueues (http://localhost:45473/__cypress/runner/cypress_runner.js:162024:14)",
                "diff": null
              },
              "uuid": "d20dc170-c44b-4fd5-a774-86f2507591aa",
              "parentUUID": "ada83734-06ec-4a0b-98e1-050a52217ce3",
              "isHook": false,
              "skipped": false
            },
            {
              "title": "Verifica se o texto do botão é 'Limpar'",
              "fullTitle": "9 - Crie um botão que, ao ser clicado, limpa o quadro preenchendo a cor de todos seus pixels com branco. Verifica se o texto do botão é 'Limpar'",
              "timedOut": null,
              "duration": 91,
              "state": "passed",
              "speed": "slow",
              "pass": true,
              "fail": false,
              "pending": false,
              "context": null,
              "code": "cy.get('#clear-board').should('contain.text', 'Limpar');",
              "err": {},
              "uuid": "d2a0999e-177a-4a0f-80fe-617e61500401",
              "parentUUID": "ada83734-06ec-4a0b-98e1-050a52217ce3",
              "isHook": false,
              "skipped": false
            },
            {
              "title": "Verifica se ao clicar no botão, o quadro de pixels é totalmente preenchido de branco",
              "fullTitle": "9 - Crie um botão que, ao ser clicado, limpa o quadro preenchendo a cor de todos seus pixels com branco. Verifica se ao clicar no botão, o quadro de pixels é totalmente preenchido de branco",
              "timedOut": null,
              "duration": 11312,
              "state": "failed",
              "speed": null,
              "pass": false,
              "fail": true,
              "pending": false,
              "context": null,
              "code": "cy.get('.color').eq(1).then(function (color) {\n  var backgroundColor = color.css('background-color');\n  cy.wrap(color).click();\n  cy.get('.pixel').each(function (pixel) {\n    cy.wrap(pixel).click().should('have.css', 'background-color', backgroundColor);\n  });\n});\ncy.get('#clear-board').click();\ncy.get('.pixel').each(function (pixel) {\n  cy.wrap(pixel).should('have.css', 'background-color', WHITE);\n});",
              "err": {
                "message": "CypressError: Timed out retrying: expected '<div.pixel>' to have CSS property 'background-color' with the value 'rgb(255, 255, 255)', but the value was 'rgb(187, 204, 221)'",
                "estack": "CypressError: Timed out retrying: expected '<div.pixel>' to have CSS property 'background-color' with the value 'rgb(255, 255, 255)', but the value was 'rgb(187, 204, 221)'\n    at cypressErr (http://localhost:45473/__cypress/runner/cypress_runner.js:149934:9)\n    at throwErr (http://localhost:45473/__cypress/runner/cypress_runner.js:149867:11)\n    at Object.throwErrByPath (http://localhost:45473/__cypress/runner/cypress_runner.js:149915:3)\n    at retry (http://localhost:45473/__cypress/runner/cypress_runner.js:144197:19)\n    at onFailFn (http://localhost:45473/__cypress/runner/cypress_runner.js:132448:16)\n    at tryCatcher (http://localhost:45473/__cypress/runner/cypress_runner.js:167415:23)\n    at Promise._settlePromiseFromHandler (http://localhost:45473/__cypress/runner/cypress_runner.js:165351:31)\n    at Promise._settlePromise (http://localhost:45473/__cypress/runner/cypress_runner.js:165408:18)\n    at Promise._settlePromise0 (http://localhost:45473/__cypress/runner/cypress_runner.js:165453:10)\n    at Promise._settlePromises (http://localhost:45473/__cypress/runner/cypress_runner.js:165528:18)\n    at Async../node_modules/bluebird/js/release/async.js.Async._drainQueue (http://localhost:45473/__cypress/runner/cypress_runner.js:162140:16)\n    at Async../node_modules/bluebird/js/release/async.js.Async._drainQueues (http://localhost:45473/__cypress/runner/cypress_runner.js:162150:10)\n    at Async.drainQueues (http://localhost:45473/__cypress/runner/cypress_runner.js:162024:14)",
                "diff": null
              },
              "uuid": "a895a1ba-544e-4e67-a551-217e3788554f",
              "parentUUID": "ada83734-06ec-4a0b-98e1-050a52217ce3",
              "isHook": false,
              "skipped": false
            }
          ],
          "suites": [],
          "passes": [
            "af3e7b65-dccc-4608-9c8e-a0d9a7afdfa5",
            "d2a0999e-177a-4a0f-80fe-617e61500401"
          ],
          "failures": [
            "d20dc170-c44b-4fd5-a774-86f2507591aa",
            "a895a1ba-544e-4e67-a551-217e3788554f"
          ],
          "pending": [],
          "skipped": [],
          "duration": 15721,
          "root": false,
          "rootEmpty": false,
          "_timeout": 2000
        },
        {
          "uuid": "3cebea3a-67da-4899-93ee-373cb19ab3ea",
          "title": "10 - Faça o quadro de pixels ter seu tamanho definido pelo usuário.",
          "fullFile": "",
          "file": "",
          "beforeHooks": [],
          "afterHooks": [],
          "tests": [
            {
              "title": "Verifica se existe um input com o id `board-size`",
              "fullTitle": "10 - Faça o quadro de pixels ter seu tamanho definido pelo usuário. Verifica se existe um input com o id `board-size`",
              "timedOut": null,
              "duration": 85,
              "state": "passed",
              "speed": "slow",
              "pass": true,
              "fail": false,
              "pending": false,
              "context": null,
              "code": "cy.get('#board-size').should('be.visible');",
              "err": {},
              "uuid": "3276e4ad-a4ce-4a06-8ae0-0f0f97cabf4d",
              "parentUUID": "3cebea3a-67da-4899-93ee-373cb19ab3ea",
              "isHook": false,
              "skipped": false
            },
            {
              "title": "Verifica se existe um botão com o id `generate-board`",
              "fullTitle": "10 - Faça o quadro de pixels ter seu tamanho definido pelo usuário. Verifica se existe um botão com o id `generate-board`",
              "timedOut": null,
              "duration": 4217,
              "state": "failed",
              "speed": null,
              "pass": false,
              "fail": true,
              "pending": false,
              "context": null,
              "code": "cy.get('#generate-board').should('be.visible');",
              "err": {
                "message": "CypressError: Timed out retrying: Expected to find element: '#generate-board', but never found it.",
                "estack": "CypressError: Timed out retrying: Expected to find element: '#generate-board', but never found it.\n    at cypressErr (http://localhost:45473/__cypress/runner/cypress_runner.js:149934:9)\n    at throwErr (http://localhost:45473/__cypress/runner/cypress_runner.js:149867:11)\n    at Object.throwErrByPath (http://localhost:45473/__cypress/runner/cypress_runner.js:149915:3)\n    at retry (http://localhost:45473/__cypress/runner/cypress_runner.js:144197:19)\n    at onFailFn (http://localhost:45473/__cypress/runner/cypress_runner.js:132448:16)\n    at tryCatcher (http://localhost:45473/__cypress/runner/cypress_runner.js:167415:23)\n    at Promise._settlePromiseFromHandler (http://localhost:45473/__cypress/runner/cypress_runner.js:165351:31)\n    at Promise._settlePromise (http://localhost:45473/__cypress/runner/cypress_runner.js:165408:18)\n    at Promise._settlePromise0 (http://localhost:45473/__cypress/runner/cypress_runner.js:165453:10)\n    at Promise._settlePromises (http://localhost:45473/__cypress/runner/cypress_runner.js:165528:18)\n    at Async../node_modules/bluebird/js/release/async.js.Async._drainQueue (http://localhost:45473/__cypress/runner/cypress_runner.js:162140:16)\n    at Async../node_modules/bluebird/js/release/async.js.Async._drainQueues (http://localhost:45473/__cypress/runner/cypress_runner.js:162150:10)\n    at Async.drainQueues (http://localhost:45473/__cypress/runner/cypress_runner.js:162024:14)",
                "diff": null
              },
              "uuid": "0b925a95-55f1-43c1-87cb-3c8c6e2f7e16",
              "parentUUID": "3cebea3a-67da-4899-93ee-373cb19ab3ea",
              "isHook": false,
              "skipped": false
            },
            {
              "title": "Verifica se o input só aceita número maiores que zero. Essa restrição deve ser feita usando os atributos do elemento `input`",
              "fullTitle": "10 - Faça o quadro de pixels ter seu tamanho definido pelo usuário. Verifica se o input só aceita número maiores que zero. Essa restrição deve ser feita usando os atributos do elemento `input`",
              "timedOut": null,
              "duration": 92,
              "state": "passed",
              "speed": "slow",
              "pass": true,
              "fail": false,
              "pending": false,
              "context": null,
              "code": "cy.get('#board-size[type=\\'number\\'][min=\\'1\\']');",
              "err": {},
              "uuid": "08f9829b-0e50-41e6-a31e-4fed47c1e46c",
              "parentUUID": "3cebea3a-67da-4899-93ee-373cb19ab3ea",
              "isHook": false,
              "skipped": false
            },
            {
              "title": "Verifica se o botão contém o texto 'VQV'",
              "fullTitle": "10 - Faça o quadro de pixels ter seu tamanho definido pelo usuário. Verifica se o botão contém o texto 'VQV'",
              "timedOut": null,
              "duration": 4202,
              "state": "failed",
              "speed": null,
              "pass": false,
              "fail": true,
              "pending": false,
              "context": null,
              "code": "cy.get('#generate-board').contains(/vqv/i);",
              "err": {
                "message": "CypressError: Timed out retrying: Expected to find element: '#generate-board', but never found it.",
                "estack": "CypressError: Timed out retrying: Expected to find element: '#generate-board', but never found it.\n    at cypressErr (http://localhost:45473/__cypress/runner/cypress_runner.js:149934:9)\n    at throwErr (http://localhost:45473/__cypress/runner/cypress_runner.js:149867:11)\n    at Object.throwErrByPath (http://localhost:45473/__cypress/runner/cypress_runner.js:149915:3)\n    at retry (http://localhost:45473/__cypress/runner/cypress_runner.js:144197:19)\n    at onFailFn (http://localhost:45473/__cypress/runner/cypress_runner.js:132448:16)\n    at tryCatcher (http://localhost:45473/__cypress/runner/cypress_runner.js:167415:23)\n    at Promise._settlePromiseFromHandler (http://localhost:45473/__cypress/runner/cypress_runner.js:165351:31)\n    at Promise._settlePromise (http://localhost:45473/__cypress/runner/cypress_runner.js:165408:18)\n    at Promise._settlePromise0 (http://localhost:45473/__cypress/runner/cypress_runner.js:165453:10)\n    at Promise._settlePromises (http://localhost:45473/__cypress/runner/cypress_runner.js:165528:18)\n    at Async../node_modules/bluebird/js/release/async.js.Async._drainQueue (http://localhost:45473/__cypress/runner/cypress_runner.js:162140:16)\n    at Async../node_modules/bluebird/js/release/async.js.Async._drainQueues (http://localhost:45473/__cypress/runner/cypress_runner.js:162150:10)\n    at Async.drainQueues (http://localhost:45473/__cypress/runner/cypress_runner.js:162024:14)",
                "diff": null
              },
              "uuid": "dd5c6d80-8acf-44df-9fb4-a7635d71b1e0",
              "parentUUID": "3cebea3a-67da-4899-93ee-373cb19ab3ea",
              "isHook": false,
              "skipped": false
            },
            {
              "title": "Verifica se o input está posicionado entre a paleta de cores e o quadro de pixels",
              "fullTitle": "10 - Faça o quadro de pixels ter seu tamanho definido pelo usuário. Verifica se o input está posicionado entre a paleta de cores e o quadro de pixels",
              "timedOut": null,
              "duration": 4243,
              "state": "failed",
              "speed": null,
              "pass": false,
              "fail": true,
              "pending": false,
              "context": null,
              "code": "cy.get('#color-palette').then(function (palette) {\n  cy.get('#board-size').should('be.belowOf', palette);\n});\ncy.get('#board-size').then(function (palette) {\n  cy.get('#pixel-board').should('be.belowOf', palette);\n});",
              "err": {
                "message": "CypressError: Timed out retrying: expected '<section#pixel-board>' to be below of { Object (0, length, ...) }",
                "estack": "CypressError: Timed out retrying: expected '<section#pixel-board>' to be below of { Object (0, length, ...) }\n    at cypressErr (http://localhost:45473/__cypress/runner/cypress_runner.js:149934:9)\n    at throwErr (http://localhost:45473/__cypress/runner/cypress_runner.js:149867:11)\n    at Object.throwErrByPath (http://localhost:45473/__cypress/runner/cypress_runner.js:149915:3)\n    at retry (http://localhost:45473/__cypress/runner/cypress_runner.js:144197:19)\n    at onFailFn (http://localhost:45473/__cypress/runner/cypress_runner.js:132448:16)\n    at tryCatcher (http://localhost:45473/__cypress/runner/cypress_runner.js:167415:23)\n    at Promise._settlePromiseFromHandler (http://localhost:45473/__cypress/runner/cypress_runner.js:165351:31)\n    at Promise._settlePromise (http://localhost:45473/__cypress/runner/cypress_runner.js:165408:18)\n    at Promise._settlePromise0 (http://localhost:45473/__cypress/runner/cypress_runner.js:165453:10)\n    at Promise._settlePromises (http://localhost:45473/__cypress/runner/cypress_runner.js:165528:18)\n    at Async../node_modules/bluebird/js/release/async.js.Async._drainQueue (http://localhost:45473/__cypress/runner/cypress_runner.js:162140:16)\n    at Async../node_modules/bluebird/js/release/async.js.Async._drainQueues (http://localhost:45473/__cypress/runner/cypress_runner.js:162150:10)\n    at Async.drainQueues (http://localhost:45473/__cypress/runner/cypress_runner.js:162024:14)",
                "diff": null
              },
              "uuid": "ae890285-faa5-48e9-b1e8-89da67171a44",
              "parentUUID": "3cebea3a-67da-4899-93ee-373cb19ab3ea",
              "isHook": false,
              "skipped": false
            },
            {
              "title": "Verifica se o botão está posicionado ao lado do input",
              "fullTitle": "10 - Faça o quadro de pixels ter seu tamanho definido pelo usuário. Verifica se o botão está posicionado ao lado do input",
              "timedOut": null,
              "duration": 4252,
              "state": "failed",
              "speed": null,
              "pass": false,
              "fail": true,
              "pending": false,
              "context": null,
              "code": "cy.get('#board-size').then(function (board) {\n  cy.get('#generate-board').should('be.onTheRightOf', board);\n});",
              "err": {
                "message": "CypressError: Timed out retrying: Expected to find element: '#generate-board', but never found it.",
                "estack": "CypressError: Timed out retrying: Expected to find element: '#generate-board', but never found it.\n    at cypressErr (http://localhost:45473/__cypress/runner/cypress_runner.js:149934:9)\n    at throwErr (http://localhost:45473/__cypress/runner/cypress_runner.js:149867:11)\n    at Object.throwErrByPath (http://localhost:45473/__cypress/runner/cypress_runner.js:149915:3)\n    at retry (http://localhost:45473/__cypress/runner/cypress_runner.js:144197:19)\n    at onFailFn (http://localhost:45473/__cypress/runner/cypress_runner.js:132448:16)\n    at tryCatcher (http://localhost:45473/__cypress/runner/cypress_runner.js:167415:23)\n    at Promise._settlePromiseFromHandler (http://localhost:45473/__cypress/runner/cypress_runner.js:165351:31)\n    at Promise._settlePromise (http://localhost:45473/__cypress/runner/cypress_runner.js:165408:18)\n    at Promise._settlePromise0 (http://localhost:45473/__cypress/runner/cypress_runner.js:165453:10)\n    at Promise._settlePromises (http://localhost:45473/__cypress/runner/cypress_runner.js:165528:18)\n    at Async../node_modules/bluebird/js/release/async.js.Async._drainQueue (http://localhost:45473/__cypress/runner/cypress_runner.js:162140:16)\n    at Async../node_modules/bluebird/js/release/async.js.Async._drainQueues (http://localhost:45473/__cypress/runner/cypress_runner.js:162150:10)\n    at Async.drainQueues (http://localhost:45473/__cypress/runner/cypress_runner.js:162024:14)",
                "diff": null
              },
              "uuid": "7319667c-8a2a-4fad-bcec-cf5164991d07",
              "parentUUID": "3cebea3a-67da-4899-93ee-373cb19ab3ea",
              "isHook": false,
              "skipped": false
            },
            {
              "title": "Verifica se nenhum valor for colocado no input ao clicar no botão, um `alert` é exibido com o texto: 'Board inválido!'",
              "fullTitle": "10 - Faça o quadro de pixels ter seu tamanho definido pelo usuário. Verifica se nenhum valor for colocado no input ao clicar no botão, um `alert` é exibido com o texto: 'Board inválido!'",
              "timedOut": null,
              "duration": 4237,
              "state": "failed",
              "speed": null,
              "pass": false,
              "fail": true,
              "pending": false,
              "context": null,
              "code": "var alerted = false;\ncy.on('window:alert', function (msg) {\n  return alerted = msg;\n});\ncy.get('#generate-board').click().then(function () {\n  return expect(alerted).to.match(/Board inválido!/i);\n});",
              "err": {
                "message": "CypressError: Timed out retrying: Expected to find element: '#generate-board', but never found it.",
                "estack": "CypressError: Timed out retrying: Expected to find element: '#generate-board', but never found it.\n    at cypressErr (http://localhost:45473/__cypress/runner/cypress_runner.js:149934:9)\n    at throwErr (http://localhost:45473/__cypress/runner/cypress_runner.js:149867:11)\n    at Object.throwErrByPath (http://localhost:45473/__cypress/runner/cypress_runner.js:149915:3)\n    at retry (http://localhost:45473/__cypress/runner/cypress_runner.js:144197:19)\n    at onFailFn (http://localhost:45473/__cypress/runner/cypress_runner.js:132448:16)\n    at tryCatcher (http://localhost:45473/__cypress/runner/cypress_runner.js:167415:23)\n    at Promise._settlePromiseFromHandler (http://localhost:45473/__cypress/runner/cypress_runner.js:165351:31)\n    at Promise._settlePromise (http://localhost:45473/__cypress/runner/cypress_runner.js:165408:18)\n    at Promise._settlePromise0 (http://localhost:45473/__cypress/runner/cypress_runner.js:165453:10)\n    at Promise._settlePromises (http://localhost:45473/__cypress/runner/cypress_runner.js:165528:18)\n    at Async../node_modules/bluebird/js/release/async.js.Async._drainQueue (http://localhost:45473/__cypress/runner/cypress_runner.js:162140:16)\n    at Async../node_modules/bluebird/js/release/async.js.Async._drainQueues (http://localhost:45473/__cypress/runner/cypress_runner.js:162150:10)\n    at Async.drainQueues (http://localhost:45473/__cypress/runner/cypress_runner.js:162024:14)",
                "diff": null
              },
              "uuid": "686d7097-7f95-4eba-b41c-903aaefad62d",
              "parentUUID": "3cebea3a-67da-4899-93ee-373cb19ab3ea",
              "isHook": false,
              "skipped": false
            },
            {
              "title": "Verifica se ao clicar no botão com um valor preenchido, o tamanho do board muda.",
              "fullTitle": "10 - Faça o quadro de pixels ter seu tamanho definido pelo usuário. Verifica se ao clicar no botão com um valor preenchido, o tamanho do board muda.",
              "timedOut": null,
              "duration": 4471,
              "state": "failed",
              "speed": null,
              "pass": false,
              "fail": true,
              "pending": false,
              "context": null,
              "code": "cy.get('#board-size').clear().type(10);\ncy.get('#generate-board').click();\ncy.get('.pixel').should('have.length', 100);",
              "err": {
                "message": "CypressError: Timed out retrying: Expected to find element: '#generate-board', but never found it.",
                "estack": "CypressError: Timed out retrying: Expected to find element: '#generate-board', but never found it.\n    at cypressErr (http://localhost:45473/__cypress/runner/cypress_runner.js:149934:9)\n    at throwErr (http://localhost:45473/__cypress/runner/cypress_runner.js:149867:11)\n    at Object.throwErrByPath (http://localhost:45473/__cypress/runner/cypress_runner.js:149915:3)\n    at retry (http://localhost:45473/__cypress/runner/cypress_runner.js:144197:19)\n    at onFailFn (http://localhost:45473/__cypress/runner/cypress_runner.js:132448:16)\n    at tryCatcher (http://localhost:45473/__cypress/runner/cypress_runner.js:167415:23)\n    at Promise._settlePromiseFromHandler (http://localhost:45473/__cypress/runner/cypress_runner.js:165351:31)\n    at Promise._settlePromise (http://localhost:45473/__cypress/runner/cypress_runner.js:165408:18)\n    at Promise._settlePromise0 (http://localhost:45473/__cypress/runner/cypress_runner.js:165453:10)\n    at Promise._settlePromises (http://localhost:45473/__cypress/runner/cypress_runner.js:165528:18)\n    at Async../node_modules/bluebird/js/release/async.js.Async._drainQueue (http://localhost:45473/__cypress/runner/cypress_runner.js:162140:16)\n    at Async../node_modules/bluebird/js/release/async.js.Async._drainQueues (http://localhost:45473/__cypress/runner/cypress_runner.js:162150:10)\n    at Async.drainQueues (http://localhost:45473/__cypress/runner/cypress_runner.js:162024:14)",
                "diff": null
              },
              "uuid": "1d06dbbb-6507-4b3c-9a7e-15394061a8d7",
              "parentUUID": "3cebea3a-67da-4899-93ee-373cb19ab3ea",
              "isHook": false,
              "skipped": false
            },
            {
              "title": "Verifica se o novo quadro tem todos os pixels preenchidos com a cor branca",
              "fullTitle": "10 - Faça o quadro de pixels ter seu tamanho definido pelo usuário. Verifica se o novo quadro tem todos os pixels preenchidos com a cor branca",
              "timedOut": null,
              "duration": 4450,
              "state": "failed",
              "speed": null,
              "pass": false,
              "fail": true,
              "pending": false,
              "context": null,
              "code": "cy.get('#board-size').clear().type(6);\ncy.get('#generate-board').click();\ncy.get('.pixel').should('have.length', 36).each(function (pixel) {\n  expect(pixel).to.have.css('background-color', WHITE);\n});",
              "err": {
                "message": "CypressError: Timed out retrying: Expected to find element: '#generate-board', but never found it.",
                "estack": "CypressError: Timed out retrying: Expected to find element: '#generate-board', but never found it.\n    at cypressErr (http://localhost:45473/__cypress/runner/cypress_runner.js:149934:9)\n    at throwErr (http://localhost:45473/__cypress/runner/cypress_runner.js:149867:11)\n    at Object.throwErrByPath (http://localhost:45473/__cypress/runner/cypress_runner.js:149915:3)\n    at retry (http://localhost:45473/__cypress/runner/cypress_runner.js:144197:19)\n    at onFailFn (http://localhost:45473/__cypress/runner/cypress_runner.js:132448:16)\n    at tryCatcher (http://localhost:45473/__cypress/runner/cypress_runner.js:167415:23)\n    at Promise._settlePromiseFromHandler (http://localhost:45473/__cypress/runner/cypress_runner.js:165351:31)\n    at Promise._settlePromise (http://localhost:45473/__cypress/runner/cypress_runner.js:165408:18)\n    at Promise._settlePromise0 (http://localhost:45473/__cypress/runner/cypress_runner.js:165453:10)\n    at Promise._settlePromises (http://localhost:45473/__cypress/runner/cypress_runner.js:165528:18)\n    at Async../node_modules/bluebird/js/release/async.js.Async._drainQueue (http://localhost:45473/__cypress/runner/cypress_runner.js:162140:16)\n    at Async../node_modules/bluebird/js/release/async.js.Async._drainQueues (http://localhost:45473/__cypress/runner/cypress_runner.js:162150:10)\n    at Async.drainQueues (http://localhost:45473/__cypress/runner/cypress_runner.js:162024:14)",
                "diff": null
              },
              "uuid": "b64bf4d0-0be1-4151-922b-26194006f49c",
              "parentUUID": "3cebea3a-67da-4899-93ee-373cb19ab3ea",
              "isHook": false,
              "skipped": false
            }
          ],
          "suites": [],
          "passes": [
            "3276e4ad-a4ce-4a06-8ae0-0f0f97cabf4d",
            "08f9829b-0e50-41e6-a31e-4fed47c1e46c"
          ],
          "failures": [
            "0b925a95-55f1-43c1-87cb-3c8c6e2f7e16",
            "dd5c6d80-8acf-44df-9fb4-a7635d71b1e0",
            "ae890285-faa5-48e9-b1e8-89da67171a44",
            "7319667c-8a2a-4fad-bcec-cf5164991d07",
            "686d7097-7f95-4eba-b41c-903aaefad62d",
            "1d06dbbb-6507-4b3c-9a7e-15394061a8d7",
            "b64bf4d0-0be1-4151-922b-26194006f49c"
          ],
          "pending": [],
          "skipped": [],
          "duration": 30249,
          "root": false,
          "rootEmpty": false,
          "_timeout": 2000
        },
        {
          "uuid": "257f7b85-a745-48cf-86a2-5ffcef8b126b",
          "title": "11 - Limite o tamanho mínimo e máximo do board.",
          "fullFile": "",
          "file": "",
          "beforeHooks": [],
          "afterHooks": [],
          "tests": [
            {
              "title": "Verifica se a altura máxima do board é 50",
              "fullTitle": "11 - Limite o tamanho mínimo e máximo do board. Verifica se a altura máxima do board é 50",
              "timedOut": null,
              "duration": 4458,
              "state": "failed",
              "speed": null,
              "pass": false,
              "fail": true,
              "pending": false,
              "context": null,
              "code": "cy.get('#board-size').clear().type(50);\ncy.get('#generate-board').click();\ncy.get('.pixel').should('have.length', 2500);",
              "err": {
                "message": "CypressError: Timed out retrying: Expected to find element: '#generate-board', but never found it.",
                "estack": "CypressError: Timed out retrying: Expected to find element: '#generate-board', but never found it.\n    at cypressErr (http://localhost:45473/__cypress/runner/cypress_runner.js:149934:9)\n    at throwErr (http://localhost:45473/__cypress/runner/cypress_runner.js:149867:11)\n    at Object.throwErrByPath (http://localhost:45473/__cypress/runner/cypress_runner.js:149915:3)\n    at retry (http://localhost:45473/__cypress/runner/cypress_runner.js:144197:19)\n    at onFailFn (http://localhost:45473/__cypress/runner/cypress_runner.js:132448:16)\n    at tryCatcher (http://localhost:45473/__cypress/runner/cypress_runner.js:167415:23)\n    at Promise._settlePromiseFromHandler (http://localhost:45473/__cypress/runner/cypress_runner.js:165351:31)\n    at Promise._settlePromise (http://localhost:45473/__cypress/runner/cypress_runner.js:165408:18)\n    at Promise._settlePromise0 (http://localhost:45473/__cypress/runner/cypress_runner.js:165453:10)\n    at Promise._settlePromises (http://localhost:45473/__cypress/runner/cypress_runner.js:165528:18)\n    at Async../node_modules/bluebird/js/release/async.js.Async._drainQueue (http://localhost:45473/__cypress/runner/cypress_runner.js:162140:16)\n    at Async../node_modules/bluebird/js/release/async.js.Async._drainQueues (http://localhost:45473/__cypress/runner/cypress_runner.js:162150:10)\n    at Async.drainQueues (http://localhost:45473/__cypress/runner/cypress_runner.js:162024:14)",
                "diff": null
              },
              "uuid": "6f803300-bf60-4d41-b706-57c377441ceb",
              "parentUUID": "257f7b85-a745-48cf-86a2-5ffcef8b126b",
              "isHook": false,
              "skipped": false
            },
            {
              "title": "Verifica se a altura do board é 5 quando um valor menor é colocado no input",
              "fullTitle": "11 - Limite o tamanho mínimo e máximo do board. Verifica se a altura do board é 5 quando um valor menor é colocado no input",
              "timedOut": null,
              "duration": 4453,
              "state": "failed",
              "speed": null,
              "pass": false,
              "fail": true,
              "pending": false,
              "context": null,
              "code": "cy.get('#board-size').clear().type(4);\ncy.get('#generate-board').click();\ncy.get('.pixel').should('have.length', 25);",
              "err": {
                "message": "CypressError: Timed out retrying: Expected to find element: '#generate-board', but never found it.",
                "estack": "CypressError: Timed out retrying: Expected to find element: '#generate-board', but never found it.\n    at cypressErr (http://localhost:45473/__cypress/runner/cypress_runner.js:149934:9)\n    at throwErr (http://localhost:45473/__cypress/runner/cypress_runner.js:149867:11)\n    at Object.throwErrByPath (http://localhost:45473/__cypress/runner/cypress_runner.js:149915:3)\n    at retry (http://localhost:45473/__cypress/runner/cypress_runner.js:144197:19)\n    at onFailFn (http://localhost:45473/__cypress/runner/cypress_runner.js:132448:16)\n    at tryCatcher (http://localhost:45473/__cypress/runner/cypress_runner.js:167415:23)\n    at Promise._settlePromiseFromHandler (http://localhost:45473/__cypress/runner/cypress_runner.js:165351:31)\n    at Promise._settlePromise (http://localhost:45473/__cypress/runner/cypress_runner.js:165408:18)\n    at Promise._settlePromise0 (http://localhost:45473/__cypress/runner/cypress_runner.js:165453:10)\n    at Promise._settlePromises (http://localhost:45473/__cypress/runner/cypress_runner.js:165528:18)\n    at Async../node_modules/bluebird/js/release/async.js.Async._drainQueue (http://localhost:45473/__cypress/runner/cypress_runner.js:162140:16)\n    at Async../node_modules/bluebird/js/release/async.js.Async._drainQueues (http://localhost:45473/__cypress/runner/cypress_runner.js:162150:10)\n    at Async.drainQueues (http://localhost:45473/__cypress/runner/cypress_runner.js:162024:14)",
                "diff": null
              },
              "uuid": "44e84b36-b419-4b94-baa3-bd011b56d425",
              "parentUUID": "257f7b85-a745-48cf-86a2-5ffcef8b126b",
              "isHook": false,
              "skipped": false
            },
            {
              "title": "Verifica se a altura do board é 50 quando um valor maior é colocado no input",
              "fullTitle": "11 - Limite o tamanho mínimo e máximo do board. Verifica se a altura do board é 50 quando um valor maior é colocado no input",
              "timedOut": null,
              "duration": 4467,
              "state": "failed",
              "speed": null,
              "pass": false,
              "fail": true,
              "pending": false,
              "context": null,
              "code": "cy.get('#board-size').clear().type(51);\ncy.get('#generate-board').click();\ncy.get('.pixel').should('have.length', 2500);",
              "err": {
                "message": "CypressError: Timed out retrying: Expected to find element: '#generate-board', but never found it.",
                "estack": "CypressError: Timed out retrying: Expected to find element: '#generate-board', but never found it.\n    at cypressErr (http://localhost:45473/__cypress/runner/cypress_runner.js:149934:9)\n    at throwErr (http://localhost:45473/__cypress/runner/cypress_runner.js:149867:11)\n    at Object.throwErrByPath (http://localhost:45473/__cypress/runner/cypress_runner.js:149915:3)\n    at retry (http://localhost:45473/__cypress/runner/cypress_runner.js:144197:19)\n    at onFailFn (http://localhost:45473/__cypress/runner/cypress_runner.js:132448:16)\n    at tryCatcher (http://localhost:45473/__cypress/runner/cypress_runner.js:167415:23)\n    at Promise._settlePromiseFromHandler (http://localhost:45473/__cypress/runner/cypress_runner.js:165351:31)\n    at Promise._settlePromise (http://localhost:45473/__cypress/runner/cypress_runner.js:165408:18)\n    at Promise._settlePromise0 (http://localhost:45473/__cypress/runner/cypress_runner.js:165453:10)\n    at Promise._settlePromises (http://localhost:45473/__cypress/runner/cypress_runner.js:165528:18)\n    at Async../node_modules/bluebird/js/release/async.js.Async._drainQueue (http://localhost:45473/__cypress/runner/cypress_runner.js:162140:16)\n    at Async../node_modules/bluebird/js/release/async.js.Async._drainQueues (http://localhost:45473/__cypress/runner/cypress_runner.js:162150:10)\n    at Async.drainQueues (http://localhost:45473/__cypress/runner/cypress_runner.js:162024:14)",
                "diff": null
              },
              "uuid": "b80869b8-2536-4a24-b304-db5ed4c8ce30",
              "parentUUID": "257f7b85-a745-48cf-86a2-5ffcef8b126b",
              "isHook": false,
              "skipped": false
            }
          ],
          "suites": [],
          "passes": [],
          "failures": [
            "6f803300-bf60-4d41-b706-57c377441ceb",
            "44e84b36-b419-4b94-baa3-bd011b56d425",
            "b80869b8-2536-4a24-b304-db5ed4c8ce30"
          ],
          "pending": [],
          "skipped": [],
          "duration": 13378,
          "root": false,
          "rootEmpty": false,
          "_timeout": 2000
        },
        {
          "uuid": "9adb419f-5249-4f2b-a705-059c24a3aaa6",
          "title": "12 - Faça com que as cores da paleta sejam geradas aleatoriamente ao carregar a página.",
          "fullFile": "",
          "file": "",
          "beforeHooks": [],
          "afterHooks": [],
          "tests": [
            {
              "title": "Verifica se as cores geradas na paleta são diferentes a cada carregamento da página",
              "fullTitle": "12 - Faça com que as cores da paleta sejam geradas aleatoriamente ao carregar a página. Verifica se as cores geradas na paleta são diferentes a cada carregamento da página",
              "timedOut": null,
              "duration": 421,
              "state": "passed",
              "speed": "slow",
              "pass": true,
              "fail": false,
              "pending": false,
              "context": null,
              "code": "cy.get('.color').then(function (colors) {\n  var currentColors;\n  var previousColors;\n  previousColors = Array.from(colors).map(function (color) {\n    return Cypress.$(color).css('background-color');\n  });\n  for (var i = 0; i < 5; i += 1) {\n    cy.reload();\n    cy.get('.color').then(function (colors) {\n      currentColors = Array.from(colors).map(function (color) {\n        return Cypress.$(color).css('background-color');\n      });\n      expect(currentColors).not.to.deep.equal(previousColors);\n      previousColors = currentColors;\n    });\n  }\n});",
              "err": {},
              "uuid": "66383bd4-ea9f-4b87-a0b1-32a5e3a14df5",
              "parentUUID": "9adb419f-5249-4f2b-a705-059c24a3aaa6",
              "isHook": false,
              "skipped": false
            },
            {
              "title": "Verifica se a cor preta ainda está presente e é a primeira na sua paleta de cores",
              "fullTitle": "12 - Faça com que as cores da paleta sejam geradas aleatoriamente ao carregar a página. Verifica se a cor preta ainda está presente e é a primeira na sua paleta de cores",
              "timedOut": null,
              "duration": 627,
              "state": "failed",
              "speed": null,
              "pass": false,
              "fail": true,
              "pending": false,
              "context": null,
              "code": "cy.get('.color').then(function (colors) {\n  var currentColors;\n  var previousColors;\n  previousColors = Array.from(colors).map(function (color) {\n    return Cypress.$(color).css('background-color');\n  });\n  expect(previousColors[0]).to.eq(BLACK);\n  for (var i = 0; i < 5; i += 1) {\n    cy.reload();\n    cy.get('.color').then(function (colors) {\n      currentColors = Array.from(colors).map(function (color) {\n        return Cypress.$(color).css('background-color');\n      });\n      expect(currentColors[0]).to.eq(BLACK);\n      expect(currentColors).not.to.deep.equal(previousColors);\n      previousColors = currentColors;\n    });\n  }\n});",
              "err": {
                "message": "AssertionError: expected 'rgba(0, 0, 0, 0)' to equal 'rgb(0, 0, 0)'",
                "estack": "AssertionError: expected 'rgba(0, 0, 0, 0)' to equal 'rgb(0, 0, 0)'\n    at getRet (http://localhost:45473/__cypress/runner/cypress_runner.js:136585:16)\n    at tryCatcher (http://localhost:45473/__cypress/runner/cypress_runner.js:167415:23)\n    at Function.Promise.attempt.Promise.try (http://localhost:45473/__cypress/runner/cypress_runner.js:164690:29)\n    at Context.thenFn (http://localhost:45473/__cypress/runner/cypress_runner.js:136599:23)\n    at Context.then (http://localhost:45473/__cypress/runner/cypress_runner.js:136971:21)\n    at Context.<anonymous> (http://localhost:45473/__cypress/runner/cypress_runner.js:148875:21)\n    at http://localhost:45473/__cypress/runner/cypress_runner.js:148351:33\n    at tryCatcher (http://localhost:45473/__cypress/runner/cypress_runner.js:167415:23)\n    at Promise._settlePromiseFromHandler (http://localhost:45473/__cypress/runner/cypress_runner.js:165351:31)\n    at Promise._settlePromise (http://localhost:45473/__cypress/runner/cypress_runner.js:165408:18)\n    at Promise._settlePromiseCtx (http://localhost:45473/__cypress/runner/cypress_runner.js:165445:10)\n    at Async../node_modules/bluebird/js/release/async.js.Async._drainQueue (http://localhost:45473/__cypress/runner/cypress_runner.js:162145:12)\n    at Async../node_modules/bluebird/js/release/async.js.Async._drainQueues (http://localhost:45473/__cypress/runner/cypress_runner.js:162150:10)\n    at Async.drainQueues (http://localhost:45473/__cypress/runner/cypress_runner.js:162024:14)",
                "diff": "- 'rgba(0, 0, 0, 0)'\n+ 'rgb(0, 0, 0)'\n"
              },
              "uuid": "152db87c-45b2-476f-9261-57b80b345c63",
              "parentUUID": "9adb419f-5249-4f2b-a705-059c24a3aaa6",
              "isHook": false,
              "skipped": false
            }
          ],
          "suites": [],
          "passes": [
            "66383bd4-ea9f-4b87-a0b1-32a5e3a14df5"
          ],
          "failures": [
            "152db87c-45b2-476f-9261-57b80b345c63"
          ],
          "pending": [],
          "skipped": [],
          "duration": 1048,
          "root": false,
          "rootEmpty": false,
          "_timeout": 2000
        }
      ],
      "passes": [],
      "failures": [],
      "pending": [],
      "skipped": [],
      "duration": 0,
      "root": true,
      "rootEmpty": true,
      "_timeout": 2000
    }
  ],
  "meta": {
    "mocha": {
      "version": "7.0.1"
    },
    "mochawesome": {
      "options": {
        "quiet": false,
        "reportFilename": "mochawesome",
        "saveHtml": false,
        "saveJson": true,
        "consoleReporter": "spec",
        "useInlineDiffs": false
      },
      "version": "4.1.0"
    },
    "marge": {
      "options": {
        "id": "default",
        "reportDir": "cypress/reports",
        "overwrite": true,
        "html": false,
        "json": true
      },
      "version": "4.1.0"
    }
  }
}