{
  "stats": {
    "suites": 12,
    "tests": 41,
    "passes": 1,
    "pending": 0,
    "failures": 40,
    "start": "2021-09-10T18:04:59.746Z",
    "end": "2021-09-10T18:08:00.604Z",
    "duration": 180858,
    "testsRegistered": 41,
    "passPercent": 2.4390243902439024,
    "pendingPercent": 0,
    "other": 0,
    "hasOther": false,
    "skipped": 0,
    "hasSkipped": false
  },
  "results": [
    {
      "uuid": "2353d21b-43ae-4707-9139-e0f8c2f7c9d6",
      "title": "",
      "fullFile": "cypress/integration/project.spec.js",
      "file": "cypress/integration/project.spec.js",
      "beforeHooks": [],
      "afterHooks": [],
      "tests": [],
      "suites": [
        {
          "uuid": "1ad7b0fb-81eb-4dce-a34d-b8bb22d36287",
          "title": "1 - Adicione à página o título \"Paleta de Cores\".",
          "fullFile": "",
          "file": "",
          "beforeHooks": [],
          "afterHooks": [],
          "tests": [
            {
              "title": "Verifica se contém um elemento `h1` com o id `title` com o título correto",
              "fullTitle": "1 - Adicione à página o título \"Paleta de Cores\". Verifica se contém um elemento `h1` com o id `title` com o título correto",
              "timedOut": null,
              "duration": 366,
              "state": "passed",
              "speed": "slow",
              "pass": true,
              "fail": false,
              "pending": false,
              "context": null,
              "code": "cy.get('h1#title').should('contain.text', 'Paleta de Cores');",
              "err": {},
              "uuid": "092d5a7b-5af0-416d-81ee-07c8afb39090",
              "parentUUID": "1ad7b0fb-81eb-4dce-a34d-b8bb22d36287",
              "isHook": false,
              "skipped": false
            }
          ],
          "suites": [],
          "passes": [
            "092d5a7b-5af0-416d-81ee-07c8afb39090"
          ],
          "failures": [],
          "pending": [],
          "skipped": [],
          "duration": 366,
          "root": false,
          "rootEmpty": false,
          "_timeout": 2000
        },
        {
          "uuid": "ab63f7e7-04dd-496f-b426-d5c4cc26a1ce",
          "title": "2 - Adicione à página uma paleta de quatro cores distintas.",
          "fullFile": "",
          "file": "",
          "beforeHooks": [],
          "afterHooks": [],
          "tests": [
            {
              "title": "A paleta de cores deve ser um elemento com `id` denominado `color-palette`",
              "fullTitle": "2 - Adicione à página uma paleta de quatro cores distintas. A paleta de cores deve ser um elemento com `id` denominado `color-palette`",
              "timedOut": null,
              "duration": 4618,
              "state": "failed",
              "speed": null,
              "pass": false,
              "fail": true,
              "pending": false,
              "context": null,
              "code": "cy.get('#color-palette').should('be.visible');\ncy.get('#color-palette').children('.color');",
              "err": {
                "message": "CypressError: Timed out retrying: Expected to find element: '#color-palette', but never found it.",
                "estack": "CypressError: Timed out retrying: Expected to find element: '#color-palette', but never found it.\n    at cypressErr (http://localhost:39393/__cypress/runner/cypress_runner.js:149934:9)\n    at throwErr (http://localhost:39393/__cypress/runner/cypress_runner.js:149867:11)\n    at Object.throwErrByPath (http://localhost:39393/__cypress/runner/cypress_runner.js:149915:3)\n    at retry (http://localhost:39393/__cypress/runner/cypress_runner.js:144197:19)\n    at onFailFn (http://localhost:39393/__cypress/runner/cypress_runner.js:132448:16)\n    at tryCatcher (http://localhost:39393/__cypress/runner/cypress_runner.js:167415:23)\n    at Promise._settlePromiseFromHandler (http://localhost:39393/__cypress/runner/cypress_runner.js:165351:31)\n    at Promise._settlePromise (http://localhost:39393/__cypress/runner/cypress_runner.js:165408:18)\n    at Promise._settlePromise0 (http://localhost:39393/__cypress/runner/cypress_runner.js:165453:10)\n    at Promise._settlePromises (http://localhost:39393/__cypress/runner/cypress_runner.js:165528:18)\n    at Async../node_modules/bluebird/js/release/async.js.Async._drainQueue (http://localhost:39393/__cypress/runner/cypress_runner.js:162140:16)\n    at Async../node_modules/bluebird/js/release/async.js.Async._drainQueues (http://localhost:39393/__cypress/runner/cypress_runner.js:162150:10)\n    at Async.drainQueues (http://localhost:39393/__cypress/runner/cypress_runner.js:162024:14)",
                "diff": null
              },
              "uuid": "c3457f87-1771-43b6-83c8-8835b2ab5c0e",
              "parentUUID": "ab63f7e7-04dd-496f-b426-d5c4cc26a1ce",
              "isHook": false,
              "skipped": false
            },
            {
              "title": "Verifica se cada cor individual da paleta de cores possui a `classe` chamada `color`.",
              "fullTitle": "2 - Adicione à página uma paleta de quatro cores distintas. Verifica se cada cor individual da paleta de cores possui a `classe` chamada `color`.",
              "timedOut": null,
              "duration": 4368,
              "state": "failed",
              "speed": null,
              "pass": false,
              "fail": true,
              "pending": false,
              "context": null,
              "code": "cy.get('.color').should('have.length', 4).then(function (colors) {\n  for (var i = 0; i < colors.length; i++) {\n    cy.wrap(colors[i]).should('be.visible');\n  }\n});",
              "err": {
                "message": "CypressError: Timed out retrying: Expected to find element: '.color', but never found it.",
                "estack": "CypressError: Timed out retrying: Expected to find element: '.color', but never found it.\n    at cypressErr (http://localhost:39393/__cypress/runner/cypress_runner.js:149934:9)\n    at throwErr (http://localhost:39393/__cypress/runner/cypress_runner.js:149867:11)\n    at Object.throwErrByPath (http://localhost:39393/__cypress/runner/cypress_runner.js:149915:3)\n    at retry (http://localhost:39393/__cypress/runner/cypress_runner.js:144197:19)\n    at onFailFn (http://localhost:39393/__cypress/runner/cypress_runner.js:132448:16)\n    at tryCatcher (http://localhost:39393/__cypress/runner/cypress_runner.js:167415:23)\n    at Promise._settlePromiseFromHandler (http://localhost:39393/__cypress/runner/cypress_runner.js:165351:31)\n    at Promise._settlePromise (http://localhost:39393/__cypress/runner/cypress_runner.js:165408:18)\n    at Promise._settlePromise0 (http://localhost:39393/__cypress/runner/cypress_runner.js:165453:10)\n    at Promise._settlePromises (http://localhost:39393/__cypress/runner/cypress_runner.js:165528:18)\n    at Async../node_modules/bluebird/js/release/async.js.Async._drainQueue (http://localhost:39393/__cypress/runner/cypress_runner.js:162140:16)\n    at Async../node_modules/bluebird/js/release/async.js.Async._drainQueues (http://localhost:39393/__cypress/runner/cypress_runner.js:162150:10)\n    at Async.drainQueues (http://localhost:39393/__cypress/runner/cypress_runner.js:162024:14)",
                "diff": null
              },
              "uuid": "b845a1fd-e761-4c7f-9b79-95bceafc902f",
              "parentUUID": "ab63f7e7-04dd-496f-b426-d5c4cc26a1ce",
              "isHook": false,
              "skipped": false
            },
            {
              "title": "Verifica se a cor de fundo de cada elemento da paleta é a cor que o elemento representa. **A única cor não permitida na paleta é a cor branca.**",
              "fullTitle": "2 - Adicione à página uma paleta de quatro cores distintas. Verifica se a cor de fundo de cada elemento da paleta é a cor que o elemento representa. **A única cor não permitida na paleta é a cor branca.**",
              "timedOut": null,
              "duration": 4377,
              "state": "failed",
              "speed": null,
              "pass": false,
              "fail": true,
              "pending": false,
              "context": null,
              "code": "cy.get('.color').each(function (color) {\n  cy.wrap(color).should('have.class', 'color').and('not.have.css', 'background-color', WHITE);\n  cy.wrap(color).should('have.css', 'background-color');\n});",
              "err": {
                "message": "CypressError: Timed out retrying: Expected to find element: '.color', but never found it.",
                "estack": "CypressError: Timed out retrying: Expected to find element: '.color', but never found it.\n    at cypressErr (http://localhost:39393/__cypress/runner/cypress_runner.js:149934:9)\n    at throwErr (http://localhost:39393/__cypress/runner/cypress_runner.js:149867:11)\n    at Object.throwErrByPath (http://localhost:39393/__cypress/runner/cypress_runner.js:149915:3)\n    at retry (http://localhost:39393/__cypress/runner/cypress_runner.js:144197:19)\n    at onFailFn (http://localhost:39393/__cypress/runner/cypress_runner.js:132448:16)\n    at tryCatcher (http://localhost:39393/__cypress/runner/cypress_runner.js:167415:23)\n    at Promise._settlePromiseFromHandler (http://localhost:39393/__cypress/runner/cypress_runner.js:165351:31)\n    at Promise._settlePromise (http://localhost:39393/__cypress/runner/cypress_runner.js:165408:18)\n    at Promise._settlePromise0 (http://localhost:39393/__cypress/runner/cypress_runner.js:165453:10)\n    at Promise._settlePromises (http://localhost:39393/__cypress/runner/cypress_runner.js:165528:18)\n    at Async../node_modules/bluebird/js/release/async.js.Async._drainQueue (http://localhost:39393/__cypress/runner/cypress_runner.js:162140:16)\n    at Async../node_modules/bluebird/js/release/async.js.Async._drainQueues (http://localhost:39393/__cypress/runner/cypress_runner.js:162150:10)\n    at Async.drainQueues (http://localhost:39393/__cypress/runner/cypress_runner.js:162024:14)",
                "diff": null
              },
              "uuid": "8f93bec1-ad2c-4e70-a1ba-791100e8f395",
              "parentUUID": "ab63f7e7-04dd-496f-b426-d5c4cc26a1ce",
              "isHook": false,
              "skipped": false
            },
            {
              "title": "Verifica se cada elemento da paleta de cores tem uma borda preta, sólida e com 1 pixel de largura;",
              "fullTitle": "2 - Adicione à página uma paleta de quatro cores distintas. Verifica se cada elemento da paleta de cores tem uma borda preta, sólida e com 1 pixel de largura;",
              "timedOut": null,
              "duration": 4412,
              "state": "failed",
              "speed": null,
              "pass": false,
              "fail": true,
              "pending": false,
              "context": null,
              "code": "cy.get('.color').each(function (color) {\n  cy.wrap(color).and('have.css', 'border', \"1px solid \".concat(BLACK)).and('have.class', 'color');\n});",
              "err": {
                "message": "CypressError: Timed out retrying: Expected to find element: '.color', but never found it.",
                "estack": "CypressError: Timed out retrying: Expected to find element: '.color', but never found it.\n    at cypressErr (http://localhost:39393/__cypress/runner/cypress_runner.js:149934:9)\n    at throwErr (http://localhost:39393/__cypress/runner/cypress_runner.js:149867:11)\n    at Object.throwErrByPath (http://localhost:39393/__cypress/runner/cypress_runner.js:149915:3)\n    at retry (http://localhost:39393/__cypress/runner/cypress_runner.js:144197:19)\n    at onFailFn (http://localhost:39393/__cypress/runner/cypress_runner.js:132448:16)\n    at tryCatcher (http://localhost:39393/__cypress/runner/cypress_runner.js:167415:23)\n    at Promise._settlePromiseFromHandler (http://localhost:39393/__cypress/runner/cypress_runner.js:165351:31)\n    at Promise._settlePromise (http://localhost:39393/__cypress/runner/cypress_runner.js:165408:18)\n    at Promise._settlePromise0 (http://localhost:39393/__cypress/runner/cypress_runner.js:165453:10)\n    at Promise._settlePromises (http://localhost:39393/__cypress/runner/cypress_runner.js:165528:18)\n    at Async../node_modules/bluebird/js/release/async.js.Async._drainQueue (http://localhost:39393/__cypress/runner/cypress_runner.js:162140:16)\n    at Async../node_modules/bluebird/js/release/async.js.Async._drainQueues (http://localhost:39393/__cypress/runner/cypress_runner.js:162150:10)\n    at Async.drainQueues (http://localhost:39393/__cypress/runner/cypress_runner.js:162024:14)",
                "diff": null
              },
              "uuid": "f73777b2-5db7-4041-8142-ec73756ac640",
              "parentUUID": "ab63f7e7-04dd-496f-b426-d5c4cc26a1ce",
              "isHook": false,
              "skipped": false
            },
            {
              "title": "Verifica se a paleta lista todas as cores disponíveis para utilização, lado a lado.",
              "fullTitle": "2 - Adicione à página uma paleta de quatro cores distintas. Verifica se a paleta lista todas as cores disponíveis para utilização, lado a lado.",
              "timedOut": null,
              "duration": 4396,
              "state": "failed",
              "speed": null,
              "pass": false,
              "fail": true,
              "pending": false,
              "context": null,
              "code": "cy.get('.color').then(function (colors) {\n  for (var index = 1; index < colors.length; index += 1) {\n    var currentColor = colors[index];\n    var previousColor = colors[index - 1];\n    cy.wrap(currentColor).should('be.onTheRightOf', previousColor).and('be.horizontallyAlignedWith', previousColor);\n  }\n});",
              "err": {
                "message": "CypressError: Timed out retrying: Expected to find element: '.color', but never found it.",
                "estack": "CypressError: Timed out retrying: Expected to find element: '.color', but never found it.\n    at cypressErr (http://localhost:39393/__cypress/runner/cypress_runner.js:149934:9)\n    at throwErr (http://localhost:39393/__cypress/runner/cypress_runner.js:149867:11)\n    at Object.throwErrByPath (http://localhost:39393/__cypress/runner/cypress_runner.js:149915:3)\n    at retry (http://localhost:39393/__cypress/runner/cypress_runner.js:144197:19)\n    at onFailFn (http://localhost:39393/__cypress/runner/cypress_runner.js:132448:16)\n    at tryCatcher (http://localhost:39393/__cypress/runner/cypress_runner.js:167415:23)\n    at Promise._settlePromiseFromHandler (http://localhost:39393/__cypress/runner/cypress_runner.js:165351:31)\n    at Promise._settlePromise (http://localhost:39393/__cypress/runner/cypress_runner.js:165408:18)\n    at Promise._settlePromise0 (http://localhost:39393/__cypress/runner/cypress_runner.js:165453:10)\n    at Promise._settlePromises (http://localhost:39393/__cypress/runner/cypress_runner.js:165528:18)\n    at Async../node_modules/bluebird/js/release/async.js.Async._drainQueue (http://localhost:39393/__cypress/runner/cypress_runner.js:162140:16)\n    at Async../node_modules/bluebird/js/release/async.js.Async._drainQueues (http://localhost:39393/__cypress/runner/cypress_runner.js:162150:10)\n    at Async.drainQueues (http://localhost:39393/__cypress/runner/cypress_runner.js:162024:14)",
                "diff": null
              },
              "uuid": "c22c5b79-c9e1-49e7-bb12-ec9cafe7cbe6",
              "parentUUID": "ab63f7e7-04dd-496f-b426-d5c4cc26a1ce",
              "isHook": false,
              "skipped": false
            },
            {
              "title": "Verifica se a paleta de cores está posicionada abaixo do título 'Paleta de Cores'",
              "fullTitle": "2 - Adicione à página uma paleta de quatro cores distintas. Verifica se a paleta de cores está posicionada abaixo do título 'Paleta de Cores'",
              "timedOut": null,
              "duration": 4513,
              "state": "failed",
              "speed": null,
              "pass": false,
              "fail": true,
              "pending": false,
              "context": null,
              "code": "cy.get('h1#title').then(function (title) {\n  cy.get('#color-palette').should('be.belowOf', title);\n});",
              "err": {
                "message": "CypressError: Timed out retrying: Expected to find element: '#color-palette', but never found it.",
                "estack": "CypressError: Timed out retrying: Expected to find element: '#color-palette', but never found it.\n    at cypressErr (http://localhost:39393/__cypress/runner/cypress_runner.js:149934:9)\n    at throwErr (http://localhost:39393/__cypress/runner/cypress_runner.js:149867:11)\n    at Object.throwErrByPath (http://localhost:39393/__cypress/runner/cypress_runner.js:149915:3)\n    at retry (http://localhost:39393/__cypress/runner/cypress_runner.js:144197:19)\n    at onFailFn (http://localhost:39393/__cypress/runner/cypress_runner.js:132448:16)\n    at tryCatcher (http://localhost:39393/__cypress/runner/cypress_runner.js:167415:23)\n    at Promise._settlePromiseFromHandler (http://localhost:39393/__cypress/runner/cypress_runner.js:165351:31)\n    at Promise._settlePromise (http://localhost:39393/__cypress/runner/cypress_runner.js:165408:18)\n    at Promise._settlePromise0 (http://localhost:39393/__cypress/runner/cypress_runner.js:165453:10)\n    at Promise._settlePromises (http://localhost:39393/__cypress/runner/cypress_runner.js:165528:18)\n    at Async../node_modules/bluebird/js/release/async.js.Async._drainQueue (http://localhost:39393/__cypress/runner/cypress_runner.js:162140:16)\n    at Async../node_modules/bluebird/js/release/async.js.Async._drainQueues (http://localhost:39393/__cypress/runner/cypress_runner.js:162150:10)\n    at Async.drainQueues (http://localhost:39393/__cypress/runner/cypress_runner.js:162024:14)",
                "diff": null
              },
              "uuid": "1d6f3738-8668-4c84-a432-b8c33c17faef",
              "parentUUID": "ab63f7e7-04dd-496f-b426-d5c4cc26a1ce",
              "isHook": false,
              "skipped": false
            },
            {
              "title": "Verifica se a paleta de cores não contém cores repetidas.",
              "fullTitle": "2 - Adicione à página uma paleta de quatro cores distintas. Verifica se a paleta de cores não contém cores repetidas.",
              "timedOut": null,
              "duration": 4476,
              "state": "failed",
              "speed": null,
              "pass": false,
              "fail": true,
              "pending": false,
              "context": null,
              "code": "cy.get('.color').then(function (colors) {\n  var allColors = Array.from(colors).map(function (color) {\n    return Cypress.$(color).css('background-color');\n  });\n  cy.log(allColors);\n  var uniqColors = (0, _toConsumableArray2[\"default\"])(new Set(allColors));\n  cy.log(uniqColors);\n  expect(allColors.length).to.eq(uniqColors.length);\n});",
              "err": {
                "message": "CypressError: Timed out retrying: Expected to find element: '.color', but never found it.",
                "estack": "CypressError: Timed out retrying: Expected to find element: '.color', but never found it.\n    at cypressErr (http://localhost:39393/__cypress/runner/cypress_runner.js:149934:9)\n    at throwErr (http://localhost:39393/__cypress/runner/cypress_runner.js:149867:11)\n    at Object.throwErrByPath (http://localhost:39393/__cypress/runner/cypress_runner.js:149915:3)\n    at retry (http://localhost:39393/__cypress/runner/cypress_runner.js:144197:19)\n    at onFailFn (http://localhost:39393/__cypress/runner/cypress_runner.js:132448:16)\n    at tryCatcher (http://localhost:39393/__cypress/runner/cypress_runner.js:167415:23)\n    at Promise._settlePromiseFromHandler (http://localhost:39393/__cypress/runner/cypress_runner.js:165351:31)\n    at Promise._settlePromise (http://localhost:39393/__cypress/runner/cypress_runner.js:165408:18)\n    at Promise._settlePromise0 (http://localhost:39393/__cypress/runner/cypress_runner.js:165453:10)\n    at Promise._settlePromises (http://localhost:39393/__cypress/runner/cypress_runner.js:165528:18)\n    at Async../node_modules/bluebird/js/release/async.js.Async._drainQueue (http://localhost:39393/__cypress/runner/cypress_runner.js:162140:16)\n    at Async../node_modules/bluebird/js/release/async.js.Async._drainQueues (http://localhost:39393/__cypress/runner/cypress_runner.js:162150:10)\n    at Async.drainQueues (http://localhost:39393/__cypress/runner/cypress_runner.js:162024:14)",
                "diff": null
              },
              "uuid": "770482de-d8d2-4fdd-ae91-f6d0c48866b2",
              "parentUUID": "ab63f7e7-04dd-496f-b426-d5c4cc26a1ce",
              "isHook": false,
              "skipped": false
            }
          ],
          "suites": [],
          "passes": [],
          "failures": [
            "c3457f87-1771-43b6-83c8-8835b2ab5c0e",
            "b845a1fd-e761-4c7f-9b79-95bceafc902f",
            "8f93bec1-ad2c-4e70-a1ba-791100e8f395",
            "f73777b2-5db7-4041-8142-ec73756ac640",
            "c22c5b79-c9e1-49e7-bb12-ec9cafe7cbe6",
            "1d6f3738-8668-4c84-a432-b8c33c17faef",
            "770482de-d8d2-4fdd-ae91-f6d0c48866b2"
          ],
          "pending": [],
          "skipped": [],
          "duration": 31160,
          "root": false,
          "rootEmpty": false,
          "_timeout": 2000
        },
        {
          "uuid": "cbededb8-6a12-4de8-876b-167bd6893a44",
          "title": "3 - Adicione a cor **preta** como a primeira cor da paleta de cores.",
          "fullFile": "",
          "file": "",
          "beforeHooks": [],
          "afterHooks": [],
          "tests": [
            {
              "title": "Verifica se a primeira cor da paleta é preta",
              "fullTitle": "3 - Adicione a cor **preta** como a primeira cor da paleta de cores. Verifica se a primeira cor da paleta é preta",
              "timedOut": null,
              "duration": 4405,
              "state": "failed",
              "speed": null,
              "pass": false,
              "fail": true,
              "pending": false,
              "context": null,
              "code": "cy.get('.color').first().should('have.css', 'background-color', BLACK);",
              "err": {
                "message": "CypressError: Timed out retrying: Expected to find element: '.color', but never found it.",
                "estack": "CypressError: Timed out retrying: Expected to find element: '.color', but never found it.\n    at cypressErr (http://localhost:39393/__cypress/runner/cypress_runner.js:149934:9)\n    at throwErr (http://localhost:39393/__cypress/runner/cypress_runner.js:149867:11)\n    at Object.throwErrByPath (http://localhost:39393/__cypress/runner/cypress_runner.js:149915:3)\n    at retry (http://localhost:39393/__cypress/runner/cypress_runner.js:144197:19)\n    at onFailFn (http://localhost:39393/__cypress/runner/cypress_runner.js:132448:16)\n    at tryCatcher (http://localhost:39393/__cypress/runner/cypress_runner.js:167415:23)\n    at Promise._settlePromiseFromHandler (http://localhost:39393/__cypress/runner/cypress_runner.js:165351:31)\n    at Promise._settlePromise (http://localhost:39393/__cypress/runner/cypress_runner.js:165408:18)\n    at Promise._settlePromise0 (http://localhost:39393/__cypress/runner/cypress_runner.js:165453:10)\n    at Promise._settlePromises (http://localhost:39393/__cypress/runner/cypress_runner.js:165528:18)\n    at Async../node_modules/bluebird/js/release/async.js.Async._drainQueue (http://localhost:39393/__cypress/runner/cypress_runner.js:162140:16)\n    at Async../node_modules/bluebird/js/release/async.js.Async._drainQueues (http://localhost:39393/__cypress/runner/cypress_runner.js:162150:10)\n    at Async.drainQueues (http://localhost:39393/__cypress/runner/cypress_runner.js:162024:14)",
                "diff": null
              },
              "uuid": "9302ddaa-6fe3-4005-8d0e-1d3a555265bb",
              "parentUUID": "cbededb8-6a12-4de8-876b-167bd6893a44",
              "isHook": false,
              "skipped": false
            },
            {
              "title": "Verifica se as demais cores podem ser escolhidas livremente.",
              "fullTitle": "3 - Adicione a cor **preta** como a primeira cor da paleta de cores. Verifica se as demais cores podem ser escolhidas livremente.",
              "timedOut": null,
              "duration": 4377,
              "state": "failed",
              "speed": null,
              "pass": false,
              "fail": true,
              "pending": false,
              "context": null,
              "code": "cy.get('.color').eq(1).should('not.have.css', 'background-color', BLACK);\ncy.get('.color').eq(1).should('not.have.css', 'background-color', WHITE);\ncy.get('.color').eq(1).should('not.have.css', 'background-color', 'rgba(0, 0, 0, 0)');\ncy.get('.color').eq(1).should('have.css', 'background-color');\ncy.get('.color').eq(2).should('not.have.css', 'background-color', BLACK);\ncy.get('.color').eq(2).should('not.have.css', 'background-color', WHITE);\ncy.get('.color').eq(2).should('not.have.css', 'background-color', 'rgba(0, 0, 0, 0)');\ncy.get('.color').eq(2).should('have.css', 'background-color');\ncy.get('.color').eq(3).should('not.have.css', 'background-color', BLACK);\ncy.get('.color').eq(3).should('not.have.css', 'background-color', WHITE);\ncy.get('.color').eq(3).should('not.have.css', 'background-color', 'rgba(0, 0, 0, 0)');\ncy.get('.color').eq(3).should('have.css', 'background-color');",
              "err": {
                "message": "CypressError: Timed out retrying: Expected to find element: '.color', but never found it.",
                "estack": "CypressError: Timed out retrying: Expected to find element: '.color', but never found it.\n    at cypressErr (http://localhost:39393/__cypress/runner/cypress_runner.js:149934:9)\n    at throwErr (http://localhost:39393/__cypress/runner/cypress_runner.js:149867:11)\n    at Object.throwErrByPath (http://localhost:39393/__cypress/runner/cypress_runner.js:149915:3)\n    at retry (http://localhost:39393/__cypress/runner/cypress_runner.js:144197:19)\n    at onFailFn (http://localhost:39393/__cypress/runner/cypress_runner.js:132448:16)\n    at tryCatcher (http://localhost:39393/__cypress/runner/cypress_runner.js:167415:23)\n    at Promise._settlePromiseFromHandler (http://localhost:39393/__cypress/runner/cypress_runner.js:165351:31)\n    at Promise._settlePromise (http://localhost:39393/__cypress/runner/cypress_runner.js:165408:18)\n    at Promise._settlePromise0 (http://localhost:39393/__cypress/runner/cypress_runner.js:165453:10)\n    at Promise._settlePromises (http://localhost:39393/__cypress/runner/cypress_runner.js:165528:18)\n    at Async../node_modules/bluebird/js/release/async.js.Async._drainQueue (http://localhost:39393/__cypress/runner/cypress_runner.js:162140:16)\n    at Async../node_modules/bluebird/js/release/async.js.Async._drainQueues (http://localhost:39393/__cypress/runner/cypress_runner.js:162150:10)\n    at Async.drainQueues (http://localhost:39393/__cypress/runner/cypress_runner.js:162024:14)",
                "diff": null
              },
              "uuid": "c4f8231f-e76b-4001-8c58-7915dac38ec6",
              "parentUUID": "cbededb8-6a12-4de8-876b-167bd6893a44",
              "isHook": false,
              "skipped": false
            }
          ],
          "suites": [],
          "passes": [],
          "failures": [
            "9302ddaa-6fe3-4005-8d0e-1d3a555265bb",
            "c4f8231f-e76b-4001-8c58-7915dac38ec6"
          ],
          "pending": [],
          "skipped": [],
          "duration": 8782,
          "root": false,
          "rootEmpty": false,
          "_timeout": 2000
        },
        {
          "uuid": "8ec428ab-b43d-4e91-b0b2-242611c358aa",
          "title": "4 - Adicione à página um quadro de pixels, com 25 pixels.",
          "fullFile": "",
          "file": "",
          "beforeHooks": [],
          "afterHooks": [],
          "tests": [
            {
              "title": "Verifica se o quadro de pixels possui o `id` denominado `pixel-board`",
              "fullTitle": "4 - Adicione à página um quadro de pixels, com 25 pixels. Verifica se o quadro de pixels possui o `id` denominado `pixel-board`",
              "timedOut": null,
              "duration": 4486,
              "state": "failed",
              "speed": null,
              "pass": false,
              "fail": true,
              "pending": false,
              "context": null,
              "code": "cy.get('#pixel-board').should('be.visible');",
              "err": {
                "message": "CypressError: Timed out retrying: Expected to find element: '#pixel-board', but never found it.",
                "estack": "CypressError: Timed out retrying: Expected to find element: '#pixel-board', but never found it.\n    at cypressErr (http://localhost:39393/__cypress/runner/cypress_runner.js:149934:9)\n    at throwErr (http://localhost:39393/__cypress/runner/cypress_runner.js:149867:11)\n    at Object.throwErrByPath (http://localhost:39393/__cypress/runner/cypress_runner.js:149915:3)\n    at retry (http://localhost:39393/__cypress/runner/cypress_runner.js:144197:19)\n    at onFailFn (http://localhost:39393/__cypress/runner/cypress_runner.js:132448:16)\n    at tryCatcher (http://localhost:39393/__cypress/runner/cypress_runner.js:167415:23)\n    at Promise._settlePromiseFromHandler (http://localhost:39393/__cypress/runner/cypress_runner.js:165351:31)\n    at Promise._settlePromise (http://localhost:39393/__cypress/runner/cypress_runner.js:165408:18)\n    at Promise._settlePromise0 (http://localhost:39393/__cypress/runner/cypress_runner.js:165453:10)\n    at Promise._settlePromises (http://localhost:39393/__cypress/runner/cypress_runner.js:165528:18)\n    at Async../node_modules/bluebird/js/release/async.js.Async._drainQueue (http://localhost:39393/__cypress/runner/cypress_runner.js:162140:16)\n    at Async../node_modules/bluebird/js/release/async.js.Async._drainQueues (http://localhost:39393/__cypress/runner/cypress_runner.js:162150:10)\n    at Async.drainQueues (http://localhost:39393/__cypress/runner/cypress_runner.js:162024:14)",
                "diff": null
              },
              "uuid": "1119a0bf-4342-4cc3-9973-46a526a0a98a",
              "parentUUID": "8ec428ab-b43d-4e91-b0b2-242611c358aa",
              "isHook": false,
              "skipped": false
            },
            {
              "title": "Verifica se cada pixel individual dentro do quadro possui a `classe` denominada `pixel`.",
              "fullTitle": "4 - Adicione à página um quadro de pixels, com 25 pixels. Verifica se cada pixel individual dentro do quadro possui a `classe` denominada `pixel`.",
              "timedOut": null,
              "duration": 4416,
              "state": "failed",
              "speed": null,
              "pass": false,
              "fail": true,
              "pending": false,
              "context": null,
              "code": "cy.get('.pixel').should('have.length', 25);",
              "err": {
                "message": "CypressError: Timed out retrying: Expected to find element: '.pixel', but never found it.",
                "estack": "CypressError: Timed out retrying: Expected to find element: '.pixel', but never found it.\n    at cypressErr (http://localhost:39393/__cypress/runner/cypress_runner.js:149934:9)\n    at throwErr (http://localhost:39393/__cypress/runner/cypress_runner.js:149867:11)\n    at Object.throwErrByPath (http://localhost:39393/__cypress/runner/cypress_runner.js:149915:3)\n    at retry (http://localhost:39393/__cypress/runner/cypress_runner.js:144197:19)\n    at onFailFn (http://localhost:39393/__cypress/runner/cypress_runner.js:132448:16)\n    at tryCatcher (http://localhost:39393/__cypress/runner/cypress_runner.js:167415:23)\n    at Promise._settlePromiseFromHandler (http://localhost:39393/__cypress/runner/cypress_runner.js:165351:31)\n    at Promise._settlePromise (http://localhost:39393/__cypress/runner/cypress_runner.js:165408:18)\n    at Promise._settlePromise0 (http://localhost:39393/__cypress/runner/cypress_runner.js:165453:10)\n    at Promise._settlePromises (http://localhost:39393/__cypress/runner/cypress_runner.js:165528:18)\n    at Async../node_modules/bluebird/js/release/async.js.Async._drainQueue (http://localhost:39393/__cypress/runner/cypress_runner.js:162140:16)\n    at Async../node_modules/bluebird/js/release/async.js.Async._drainQueues (http://localhost:39393/__cypress/runner/cypress_runner.js:162150:10)\n    at Async.drainQueues (http://localhost:39393/__cypress/runner/cypress_runner.js:162024:14)",
                "diff": null
              },
              "uuid": "27b7e012-3964-46e9-83c3-3e12752f8907",
              "parentUUID": "8ec428ab-b43d-4e91-b0b2-242611c358aa",
              "isHook": false,
              "skipped": false
            },
            {
              "title": "Verifica se a cor inicial dos pixels dentro do quadro, ao abrir a página, é branca.",
              "fullTitle": "4 - Adicione à página um quadro de pixels, com 25 pixels. Verifica se a cor inicial dos pixels dentro do quadro, ao abrir a página, é branca.",
              "timedOut": null,
              "duration": 4518,
              "state": "failed",
              "speed": null,
              "pass": false,
              "fail": true,
              "pending": false,
              "context": null,
              "code": "cy.get('.pixel').should('have.length', 25).each(function (pixel) {\n  expect(pixel).to.have.css('background-color', WHITE);\n});",
              "err": {
                "message": "CypressError: Timed out retrying: Expected to find element: '.pixel', but never found it.",
                "estack": "CypressError: Timed out retrying: Expected to find element: '.pixel', but never found it.\n    at cypressErr (http://localhost:39393/__cypress/runner/cypress_runner.js:149934:9)\n    at throwErr (http://localhost:39393/__cypress/runner/cypress_runner.js:149867:11)\n    at Object.throwErrByPath (http://localhost:39393/__cypress/runner/cypress_runner.js:149915:3)\n    at retry (http://localhost:39393/__cypress/runner/cypress_runner.js:144197:19)\n    at onFailFn (http://localhost:39393/__cypress/runner/cypress_runner.js:132448:16)\n    at tryCatcher (http://localhost:39393/__cypress/runner/cypress_runner.js:167415:23)\n    at Promise._settlePromiseFromHandler (http://localhost:39393/__cypress/runner/cypress_runner.js:165351:31)\n    at Promise._settlePromise (http://localhost:39393/__cypress/runner/cypress_runner.js:165408:18)\n    at Promise._settlePromise0 (http://localhost:39393/__cypress/runner/cypress_runner.js:165453:10)\n    at Promise._settlePromises (http://localhost:39393/__cypress/runner/cypress_runner.js:165528:18)\n    at Async../node_modules/bluebird/js/release/async.js.Async._drainQueue (http://localhost:39393/__cypress/runner/cypress_runner.js:162140:16)\n    at Async../node_modules/bluebird/js/release/async.js.Async._drainQueues (http://localhost:39393/__cypress/runner/cypress_runner.js:162150:10)\n    at Async.drainQueues (http://localhost:39393/__cypress/runner/cypress_runner.js:162024:14)",
                "diff": null
              },
              "uuid": "c77b1619-c44a-4730-af7a-73725e27cc07",
              "parentUUID": "8ec428ab-b43d-4e91-b0b2-242611c358aa",
              "isHook": false,
              "skipped": false
            },
            {
              "title": "Verifica se o quadro de pixels aparece abaixo da paleta de cores",
              "fullTitle": "4 - Adicione à página um quadro de pixels, com 25 pixels. Verifica se o quadro de pixels aparece abaixo da paleta de cores",
              "timedOut": null,
              "duration": 4402,
              "state": "failed",
              "speed": null,
              "pass": false,
              "fail": true,
              "pending": false,
              "context": null,
              "code": "cy.get('#color-palette').then(function (palette) {\n  cy.get('#pixel-board').should('be.belowOf', palette);\n});",
              "err": {
                "message": "CypressError: Timed out retrying: Expected to find element: '#color-palette', but never found it.",
                "estack": "CypressError: Timed out retrying: Expected to find element: '#color-palette', but never found it.\n    at cypressErr (http://localhost:39393/__cypress/runner/cypress_runner.js:149934:9)\n    at throwErr (http://localhost:39393/__cypress/runner/cypress_runner.js:149867:11)\n    at Object.throwErrByPath (http://localhost:39393/__cypress/runner/cypress_runner.js:149915:3)\n    at retry (http://localhost:39393/__cypress/runner/cypress_runner.js:144197:19)\n    at onFailFn (http://localhost:39393/__cypress/runner/cypress_runner.js:132448:16)\n    at tryCatcher (http://localhost:39393/__cypress/runner/cypress_runner.js:167415:23)\n    at Promise._settlePromiseFromHandler (http://localhost:39393/__cypress/runner/cypress_runner.js:165351:31)\n    at Promise._settlePromise (http://localhost:39393/__cypress/runner/cypress_runner.js:165408:18)\n    at Promise._settlePromise0 (http://localhost:39393/__cypress/runner/cypress_runner.js:165453:10)\n    at Promise._settlePromises (http://localhost:39393/__cypress/runner/cypress_runner.js:165528:18)\n    at Async../node_modules/bluebird/js/release/async.js.Async._drainQueue (http://localhost:39393/__cypress/runner/cypress_runner.js:162140:16)\n    at Async../node_modules/bluebird/js/release/async.js.Async._drainQueues (http://localhost:39393/__cypress/runner/cypress_runner.js:162150:10)\n    at Async.drainQueues (http://localhost:39393/__cypress/runner/cypress_runner.js:162024:14)",
                "diff": null
              },
              "uuid": "fda86b73-57f1-406e-b559-34b5ce4c9cc9",
              "parentUUID": "8ec428ab-b43d-4e91-b0b2-242611c358aa",
              "isHook": false,
              "skipped": false
            }
          ],
          "suites": [],
          "passes": [],
          "failures": [
            "1119a0bf-4342-4cc3-9973-46a526a0a98a",
            "27b7e012-3964-46e9-83c3-3e12752f8907",
            "c77b1619-c44a-4730-af7a-73725e27cc07",
            "fda86b73-57f1-406e-b559-34b5ce4c9cc9"
          ],
          "pending": [],
          "skipped": [],
          "duration": 17822,
          "root": false,
          "rootEmpty": false,
          "_timeout": 2000
        },
        {
          "uuid": "2e31c4af-8593-45f6-a291-b1af5b72aa54",
          "title": "5 - Faça com que cada elemento do quadro de pixels possua 40 pixels de largura, 40 pixels de altura e seja delimitado por uma borda preta de 1 pixel.",
          "fullFile": "",
          "file": "",
          "beforeHooks": [],
          "afterHooks": [],
          "tests": [
            {
              "title": "Verifica se o quadro de pixels tem altura e comprimento de 5 elementos",
              "fullTitle": "5 - Faça com que cada elemento do quadro de pixels possua 40 pixels de largura, 40 pixels de altura e seja delimitado por uma borda preta de 1 pixel. Verifica se o quadro de pixels tem altura e comprimento de 5 elementos",
              "timedOut": null,
              "duration": 4458,
              "state": "failed",
              "speed": null,
              "pass": false,
              "fail": true,
              "pending": false,
              "context": null,
              "code": "cy.get('.pixel').should('have.length', 25).each(function (pixel) {\n  expect(pixel).to.have.css('background-color', WHITE);\n}).and(function (pixels) {\n  var rows = chunk(pixels, 5);\n  rows.forEach(function (row) {\n    for (var index = 1; index < row.length; index += 1) {\n      var current = pixels[index];\n      var previous = pixels[index - 1];\n      cy.wrap(current).should('be.onTheRightOf', previous).and('be.horizontallyAlignedWith', previous);\n    }\n  });\n  for (var index = 1; index < 5; index += 1) {\n    expect(pixels[index * 5]).to.be.belowOf(pixels[(index - 1) * 5]);\n  }\n});",
              "err": {
                "message": "CypressError: Timed out retrying: Expected to find element: '.pixel', but never found it.",
                "estack": "CypressError: Timed out retrying: Expected to find element: '.pixel', but never found it.\n    at cypressErr (http://localhost:39393/__cypress/runner/cypress_runner.js:149934:9)\n    at throwErr (http://localhost:39393/__cypress/runner/cypress_runner.js:149867:11)\n    at Object.throwErrByPath (http://localhost:39393/__cypress/runner/cypress_runner.js:149915:3)\n    at retry (http://localhost:39393/__cypress/runner/cypress_runner.js:144197:19)\n    at onFailFn (http://localhost:39393/__cypress/runner/cypress_runner.js:132448:16)\n    at tryCatcher (http://localhost:39393/__cypress/runner/cypress_runner.js:167415:23)\n    at Promise._settlePromiseFromHandler (http://localhost:39393/__cypress/runner/cypress_runner.js:165351:31)\n    at Promise._settlePromise (http://localhost:39393/__cypress/runner/cypress_runner.js:165408:18)\n    at Promise._settlePromise0 (http://localhost:39393/__cypress/runner/cypress_runner.js:165453:10)\n    at Promise._settlePromises (http://localhost:39393/__cypress/runner/cypress_runner.js:165528:18)\n    at Async../node_modules/bluebird/js/release/async.js.Async._drainQueue (http://localhost:39393/__cypress/runner/cypress_runner.js:162140:16)\n    at Async../node_modules/bluebird/js/release/async.js.Async._drainQueues (http://localhost:39393/__cypress/runner/cypress_runner.js:162150:10)\n    at Async.drainQueues (http://localhost:39393/__cypress/runner/cypress_runner.js:162024:14)",
                "diff": null
              },
              "uuid": "466fc885-908c-42b4-83ee-e517ffb23152",
              "parentUUID": "2e31c4af-8593-45f6-a291-b1af5b72aa54",
              "isHook": false,
              "skipped": false
            },
            {
              "title": "Verifica se 40 pixels é o tamanho total do elemento, incluindo seu conteúdo e excluindo a borda preta, que deve ser criada à parte.",
              "fullTitle": "5 - Faça com que cada elemento do quadro de pixels possua 40 pixels de largura, 40 pixels de altura e seja delimitado por uma borda preta de 1 pixel. Verifica se 40 pixels é o tamanho total do elemento, incluindo seu conteúdo e excluindo a borda preta, que deve ser criada à parte.",
              "timedOut": null,
              "duration": 4444,
              "state": "failed",
              "speed": null,
              "pass": false,
              "fail": true,
              "pending": false,
              "context": null,
              "code": "cy.get('.pixel').each(function (pixel) {\n  cy.wrap(pixel).should('have.css', 'height', '40px').and('have.css', 'width', '40px').and('have.css', 'border', \"1px solid \".concat(BLACK));\n});",
              "err": {
                "message": "CypressError: Timed out retrying: Expected to find element: '.pixel', but never found it.",
                "estack": "CypressError: Timed out retrying: Expected to find element: '.pixel', but never found it.\n    at cypressErr (http://localhost:39393/__cypress/runner/cypress_runner.js:149934:9)\n    at throwErr (http://localhost:39393/__cypress/runner/cypress_runner.js:149867:11)\n    at Object.throwErrByPath (http://localhost:39393/__cypress/runner/cypress_runner.js:149915:3)\n    at retry (http://localhost:39393/__cypress/runner/cypress_runner.js:144197:19)\n    at onFailFn (http://localhost:39393/__cypress/runner/cypress_runner.js:132448:16)\n    at tryCatcher (http://localhost:39393/__cypress/runner/cypress_runner.js:167415:23)\n    at Promise._settlePromiseFromHandler (http://localhost:39393/__cypress/runner/cypress_runner.js:165351:31)\n    at Promise._settlePromise (http://localhost:39393/__cypress/runner/cypress_runner.js:165408:18)\n    at Promise._settlePromise0 (http://localhost:39393/__cypress/runner/cypress_runner.js:165453:10)\n    at Promise._settlePromises (http://localhost:39393/__cypress/runner/cypress_runner.js:165528:18)\n    at Async../node_modules/bluebird/js/release/async.js.Async._drainQueue (http://localhost:39393/__cypress/runner/cypress_runner.js:162140:16)\n    at Async../node_modules/bluebird/js/release/async.js.Async._drainQueues (http://localhost:39393/__cypress/runner/cypress_runner.js:162150:10)\n    at Async.drainQueues (http://localhost:39393/__cypress/runner/cypress_runner.js:162024:14)",
                "diff": null
              },
              "uuid": "6246c0c2-89ec-4560-b1fd-98b315041d79",
              "parentUUID": "2e31c4af-8593-45f6-a291-b1af5b72aa54",
              "isHook": false,
              "skipped": false
            }
          ],
          "suites": [],
          "passes": [],
          "failures": [
            "466fc885-908c-42b4-83ee-e517ffb23152",
            "6246c0c2-89ec-4560-b1fd-98b315041d79"
          ],
          "pending": [],
          "skipped": [],
          "duration": 8902,
          "root": false,
          "rootEmpty": false,
          "_timeout": 2000
        },
        {
          "uuid": "e0fc4a92-5e71-4212-aa34-7a205d45fe89",
          "title": "6 - Defina a cor preta como cor inicial. Ao carregar a página a cor preta já deve estar selecionada para pintar os pixels",
          "fullFile": "",
          "file": "",
          "beforeHooks": [],
          "afterHooks": [],
          "tests": [
            {
              "title": "Verifica se o elemento da cor preta possui, inicialmente, a `classe` `selected`",
              "fullTitle": "6 - Defina a cor preta como cor inicial. Ao carregar a página a cor preta já deve estar selecionada para pintar os pixels Verifica se o elemento da cor preta possui, inicialmente, a `classe` `selected`",
              "timedOut": null,
              "duration": 4517,
              "state": "failed",
              "speed": null,
              "pass": false,
              "fail": true,
              "pending": false,
              "context": null,
              "code": "cy.get('.selected').first().should('have.css', 'background-color', BLACK);",
              "err": {
                "message": "CypressError: Timed out retrying: Expected to find element: '.selected', but never found it.",
                "estack": "CypressError: Timed out retrying: Expected to find element: '.selected', but never found it.\n    at cypressErr (http://localhost:39393/__cypress/runner/cypress_runner.js:149934:9)\n    at throwErr (http://localhost:39393/__cypress/runner/cypress_runner.js:149867:11)\n    at Object.throwErrByPath (http://localhost:39393/__cypress/runner/cypress_runner.js:149915:3)\n    at retry (http://localhost:39393/__cypress/runner/cypress_runner.js:144197:19)\n    at onFailFn (http://localhost:39393/__cypress/runner/cypress_runner.js:132448:16)\n    at tryCatcher (http://localhost:39393/__cypress/runner/cypress_runner.js:167415:23)\n    at Promise._settlePromiseFromHandler (http://localhost:39393/__cypress/runner/cypress_runner.js:165351:31)\n    at Promise._settlePromise (http://localhost:39393/__cypress/runner/cypress_runner.js:165408:18)\n    at Promise._settlePromise0 (http://localhost:39393/__cypress/runner/cypress_runner.js:165453:10)\n    at Promise._settlePromises (http://localhost:39393/__cypress/runner/cypress_runner.js:165528:18)\n    at Async../node_modules/bluebird/js/release/async.js.Async._drainQueue (http://localhost:39393/__cypress/runner/cypress_runner.js:162140:16)\n    at Async../node_modules/bluebird/js/release/async.js.Async._drainQueues (http://localhost:39393/__cypress/runner/cypress_runner.js:162150:10)\n    at Async.drainQueues (http://localhost:39393/__cypress/runner/cypress_runner.js:162024:14)",
                "diff": null
              },
              "uuid": "d1e600f3-57ef-418e-b1e3-03fdbeaed47f",
              "parentUUID": "e0fc4a92-5e71-4212-aa34-7a205d45fe89",
              "isHook": false,
              "skipped": false
            },
            {
              "title": "Verifica se nenhuma outra cor da paleta tem a `classe` `selected`",
              "fullTitle": "6 - Defina a cor preta como cor inicial. Ao carregar a página a cor preta já deve estar selecionada para pintar os pixels Verifica se nenhuma outra cor da paleta tem a `classe` `selected`",
              "timedOut": null,
              "duration": 4453,
              "state": "failed",
              "speed": null,
              "pass": false,
              "fail": true,
              "pending": false,
              "context": null,
              "code": "cy.get('.color:not(:first-child)').each(function (color) {\n  cy.wrap(color).should('not.have.class', 'selected');\n});",
              "err": {
                "message": "CypressError: Timed out retrying: Expected to find element: '.color:not(:first-child)', but never found it.",
                "estack": "CypressError: Timed out retrying: Expected to find element: '.color:not(:first-child)', but never found it.\n    at cypressErr (http://localhost:39393/__cypress/runner/cypress_runner.js:149934:9)\n    at throwErr (http://localhost:39393/__cypress/runner/cypress_runner.js:149867:11)\n    at Object.throwErrByPath (http://localhost:39393/__cypress/runner/cypress_runner.js:149915:3)\n    at retry (http://localhost:39393/__cypress/runner/cypress_runner.js:144197:19)\n    at onFailFn (http://localhost:39393/__cypress/runner/cypress_runner.js:132448:16)\n    at tryCatcher (http://localhost:39393/__cypress/runner/cypress_runner.js:167415:23)\n    at Promise._settlePromiseFromHandler (http://localhost:39393/__cypress/runner/cypress_runner.js:165351:31)\n    at Promise._settlePromise (http://localhost:39393/__cypress/runner/cypress_runner.js:165408:18)\n    at Promise._settlePromise0 (http://localhost:39393/__cypress/runner/cypress_runner.js:165453:10)\n    at Promise._settlePromises (http://localhost:39393/__cypress/runner/cypress_runner.js:165528:18)\n    at Async../node_modules/bluebird/js/release/async.js.Async._drainQueue (http://localhost:39393/__cypress/runner/cypress_runner.js:162140:16)\n    at Async../node_modules/bluebird/js/release/async.js.Async._drainQueues (http://localhost:39393/__cypress/runner/cypress_runner.js:162150:10)\n    at Async.drainQueues (http://localhost:39393/__cypress/runner/cypress_runner.js:162024:14)",
                "diff": null
              },
              "uuid": "d14d2312-38d8-48df-ae3b-4ac742ea2e02",
              "parentUUID": "e0fc4a92-5e71-4212-aa34-7a205d45fe89",
              "isHook": false,
              "skipped": false
            }
          ],
          "suites": [],
          "passes": [],
          "failures": [
            "d1e600f3-57ef-418e-b1e3-03fdbeaed47f",
            "d14d2312-38d8-48df-ae3b-4ac742ea2e02"
          ],
          "pending": [],
          "skipped": [],
          "duration": 8970,
          "root": false,
          "rootEmpty": false,
          "_timeout": 2000
        },
        {
          "uuid": "2e9e7f03-030a-4d6b-94a1-7c029021428a",
          "title": "7 - Clicar em uma das cores da paleta, faz com que ela seja selecionada e utilizada para preencher os pixels no quadro.",
          "fullFile": "",
          "file": "",
          "beforeHooks": [],
          "afterHooks": [],
          "tests": [
            {
              "title": "Verifica se somente uma cor da paleta de cores tem a classe `selected` de cada vez",
              "fullTitle": "7 - Clicar em uma das cores da paleta, faz com que ela seja selecionada e utilizada para preencher os pixels no quadro. Verifica se somente uma cor da paleta de cores tem a classe `selected` de cada vez",
              "timedOut": null,
              "duration": 4437,
              "state": "failed",
              "speed": null,
              "pass": false,
              "fail": true,
              "pending": false,
              "context": null,
              "code": "cy.get('.color').each(function (selectedColor, selectedColorIndex) {\n  cy.wrap(selectedColor).click();\n  cy.get('.color').each(function (color, colorIndex) {\n    if (colorIndex === selectedColorIndex) {\n      expect(color).to.have[\"class\"]('selected');\n    } else {\n      expect(color).not.to.have[\"class\"]('selected');\n    }\n  });\n});",
              "err": {
                "message": "CypressError: Timed out retrying: Expected to find element: '.color', but never found it.",
                "estack": "CypressError: Timed out retrying: Expected to find element: '.color', but never found it.\n    at cypressErr (http://localhost:39393/__cypress/runner/cypress_runner.js:149934:9)\n    at throwErr (http://localhost:39393/__cypress/runner/cypress_runner.js:149867:11)\n    at Object.throwErrByPath (http://localhost:39393/__cypress/runner/cypress_runner.js:149915:3)\n    at retry (http://localhost:39393/__cypress/runner/cypress_runner.js:144197:19)\n    at onFailFn (http://localhost:39393/__cypress/runner/cypress_runner.js:132448:16)\n    at tryCatcher (http://localhost:39393/__cypress/runner/cypress_runner.js:167415:23)\n    at Promise._settlePromiseFromHandler (http://localhost:39393/__cypress/runner/cypress_runner.js:165351:31)\n    at Promise._settlePromise (http://localhost:39393/__cypress/runner/cypress_runner.js:165408:18)\n    at Promise._settlePromise0 (http://localhost:39393/__cypress/runner/cypress_runner.js:165453:10)\n    at Promise._settlePromises (http://localhost:39393/__cypress/runner/cypress_runner.js:165528:18)\n    at Async../node_modules/bluebird/js/release/async.js.Async._drainQueue (http://localhost:39393/__cypress/runner/cypress_runner.js:162140:16)\n    at Async../node_modules/bluebird/js/release/async.js.Async._drainQueues (http://localhost:39393/__cypress/runner/cypress_runner.js:162150:10)\n    at Async.drainQueues (http://localhost:39393/__cypress/runner/cypress_runner.js:162024:14)",
                "diff": null
              },
              "uuid": "2cb60074-c0ae-48a0-b9c0-14d5fcb4dd35",
              "parentUUID": "2e9e7f03-030a-4d6b-94a1-7c029021428a",
              "isHook": false,
              "skipped": false
            },
            {
              "title": "Verifica se os pixels dentro do quadro não têm a classe `selected` quando são clicados",
              "fullTitle": "7 - Clicar em uma das cores da paleta, faz com que ela seja selecionada e utilizada para preencher os pixels no quadro. Verifica se os pixels dentro do quadro não têm a classe `selected` quando são clicados",
              "timedOut": null,
              "duration": 4526,
              "state": "failed",
              "speed": null,
              "pass": false,
              "fail": true,
              "pending": false,
              "context": null,
              "code": "cy.get('.color').each(function (color) {\n  var backgroundColor = color.css('background-color');\n  cy.wrap(color).click();\n  cy.get('.pixel').each(function (pixel) {\n    cy.wrap(pixel).click().should('not.have.class', 'selected');\n  });\n});",
              "err": {
                "message": "CypressError: Timed out retrying: Expected to find element: '.color', but never found it.",
                "estack": "CypressError: Timed out retrying: Expected to find element: '.color', but never found it.\n    at cypressErr (http://localhost:39393/__cypress/runner/cypress_runner.js:149934:9)\n    at throwErr (http://localhost:39393/__cypress/runner/cypress_runner.js:149867:11)\n    at Object.throwErrByPath (http://localhost:39393/__cypress/runner/cypress_runner.js:149915:3)\n    at retry (http://localhost:39393/__cypress/runner/cypress_runner.js:144197:19)\n    at onFailFn (http://localhost:39393/__cypress/runner/cypress_runner.js:132448:16)\n    at tryCatcher (http://localhost:39393/__cypress/runner/cypress_runner.js:167415:23)\n    at Promise._settlePromiseFromHandler (http://localhost:39393/__cypress/runner/cypress_runner.js:165351:31)\n    at Promise._settlePromise (http://localhost:39393/__cypress/runner/cypress_runner.js:165408:18)\n    at Promise._settlePromise0 (http://localhost:39393/__cypress/runner/cypress_runner.js:165453:10)\n    at Promise._settlePromises (http://localhost:39393/__cypress/runner/cypress_runner.js:165528:18)\n    at Async../node_modules/bluebird/js/release/async.js.Async._drainQueue (http://localhost:39393/__cypress/runner/cypress_runner.js:162140:16)\n    at Async../node_modules/bluebird/js/release/async.js.Async._drainQueues (http://localhost:39393/__cypress/runner/cypress_runner.js:162150:10)\n    at Async.drainQueues (http://localhost:39393/__cypress/runner/cypress_runner.js:162024:14)",
                "diff": null
              },
              "uuid": "6558d0fa-f338-437e-a5a9-75eeecb63684",
              "parentUUID": "2e9e7f03-030a-4d6b-94a1-7c029021428a",
              "isHook": false,
              "skipped": false
            }
          ],
          "suites": [],
          "passes": [],
          "failures": [
            "2cb60074-c0ae-48a0-b9c0-14d5fcb4dd35",
            "6558d0fa-f338-437e-a5a9-75eeecb63684"
          ],
          "pending": [],
          "skipped": [],
          "duration": 8963,
          "root": false,
          "rootEmpty": false,
          "_timeout": 2000
        },
        {
          "uuid": "723e5ce4-23cb-41c5-9832-780df186cccc",
          "title": "8 - Clicar em um pixel dentro do quadro após selecionar uma cor na paleta, faz com que o pixel seja preenchido com a cor selecionada.",
          "fullFile": "",
          "file": "",
          "beforeHooks": [],
          "afterHooks": [],
          "tests": [
            {
              "title": "Verifica se ao carregar a página deve ser possível pintar os pixels de preto",
              "fullTitle": "8 - Clicar em um pixel dentro do quadro após selecionar uma cor na paleta, faz com que o pixel seja preenchido com a cor selecionada. Verifica se ao carregar a página deve ser possível pintar os pixels de preto",
              "timedOut": null,
              "duration": 4398,
              "state": "failed",
              "speed": null,
              "pass": false,
              "fail": true,
              "pending": false,
              "context": null,
              "code": "cy.get('.pixel').each(function (pixel) {\n  cy.wrap(pixel).click().should('have.css', 'background-color', BLACK);\n});",
              "err": {
                "message": "CypressError: Timed out retrying: Expected to find element: '.pixel', but never found it.",
                "estack": "CypressError: Timed out retrying: Expected to find element: '.pixel', but never found it.\n    at cypressErr (http://localhost:39393/__cypress/runner/cypress_runner.js:149934:9)\n    at throwErr (http://localhost:39393/__cypress/runner/cypress_runner.js:149867:11)\n    at Object.throwErrByPath (http://localhost:39393/__cypress/runner/cypress_runner.js:149915:3)\n    at retry (http://localhost:39393/__cypress/runner/cypress_runner.js:144197:19)\n    at onFailFn (http://localhost:39393/__cypress/runner/cypress_runner.js:132448:16)\n    at tryCatcher (http://localhost:39393/__cypress/runner/cypress_runner.js:167415:23)\n    at Promise._settlePromiseFromHandler (http://localhost:39393/__cypress/runner/cypress_runner.js:165351:31)\n    at Promise._settlePromise (http://localhost:39393/__cypress/runner/cypress_runner.js:165408:18)\n    at Promise._settlePromise0 (http://localhost:39393/__cypress/runner/cypress_runner.js:165453:10)\n    at Promise._settlePromises (http://localhost:39393/__cypress/runner/cypress_runner.js:165528:18)\n    at Async../node_modules/bluebird/js/release/async.js.Async._drainQueue (http://localhost:39393/__cypress/runner/cypress_runner.js:162140:16)\n    at Async../node_modules/bluebird/js/release/async.js.Async._drainQueues (http://localhost:39393/__cypress/runner/cypress_runner.js:162150:10)\n    at Async.drainQueues (http://localhost:39393/__cypress/runner/cypress_runner.js:162024:14)",
                "diff": null
              },
              "uuid": "ff92c626-a09b-47ff-acfc-b79dcc2698a1",
              "parentUUID": "723e5ce4-23cb-41c5-9832-780df186cccc",
              "isHook": false,
              "skipped": false
            },
            {
              "title": "Verifica se após selecionar uma outra cor na paleta, é possível pintar os pixels com essa cor",
              "fullTitle": "8 - Clicar em um pixel dentro do quadro após selecionar uma cor na paleta, faz com que o pixel seja preenchido com a cor selecionada. Verifica se após selecionar uma outra cor na paleta, é possível pintar os pixels com essa cor",
              "timedOut": null,
              "duration": 4402,
              "state": "failed",
              "speed": null,
              "pass": false,
              "fail": true,
              "pending": false,
              "context": null,
              "code": "cy.get('.color').each(function (color) {\n  var backgroundColor = color.css('background-color');\n  cy.wrap(color).click();\n  cy.get('.pixel').each(function (pixel) {\n    cy.wrap(pixel).click().should('have.css', 'background-color', backgroundColor);\n  });\n});",
              "err": {
                "message": "CypressError: Timed out retrying: Expected to find element: '.color', but never found it.",
                "estack": "CypressError: Timed out retrying: Expected to find element: '.color', but never found it.\n    at cypressErr (http://localhost:39393/__cypress/runner/cypress_runner.js:149934:9)\n    at throwErr (http://localhost:39393/__cypress/runner/cypress_runner.js:149867:11)\n    at Object.throwErrByPath (http://localhost:39393/__cypress/runner/cypress_runner.js:149915:3)\n    at retry (http://localhost:39393/__cypress/runner/cypress_runner.js:144197:19)\n    at onFailFn (http://localhost:39393/__cypress/runner/cypress_runner.js:132448:16)\n    at tryCatcher (http://localhost:39393/__cypress/runner/cypress_runner.js:167415:23)\n    at Promise._settlePromiseFromHandler (http://localhost:39393/__cypress/runner/cypress_runner.js:165351:31)\n    at Promise._settlePromise (http://localhost:39393/__cypress/runner/cypress_runner.js:165408:18)\n    at Promise._settlePromise0 (http://localhost:39393/__cypress/runner/cypress_runner.js:165453:10)\n    at Promise._settlePromises (http://localhost:39393/__cypress/runner/cypress_runner.js:165528:18)\n    at Async../node_modules/bluebird/js/release/async.js.Async._drainQueue (http://localhost:39393/__cypress/runner/cypress_runner.js:162140:16)\n    at Async../node_modules/bluebird/js/release/async.js.Async._drainQueues (http://localhost:39393/__cypress/runner/cypress_runner.js:162150:10)\n    at Async.drainQueues (http://localhost:39393/__cypress/runner/cypress_runner.js:162024:14)",
                "diff": null
              },
              "uuid": "36d49218-6722-4383-9858-8620cb395f69",
              "parentUUID": "723e5ce4-23cb-41c5-9832-780df186cccc",
              "isHook": false,
              "skipped": false
            },
            {
              "title": "Verifica se somente o pixel que foi clicado foi preenchido com a cor selecionada, sem influenciar na cor dos demais pixels.",
              "fullTitle": "8 - Clicar em um pixel dentro do quadro após selecionar uma cor na paleta, faz com que o pixel seja preenchido com a cor selecionada. Verifica se somente o pixel que foi clicado foi preenchido com a cor selecionada, sem influenciar na cor dos demais pixels.",
              "timedOut": null,
              "duration": 4448,
              "state": "failed",
              "speed": null,
              "pass": false,
              "fail": true,
              "pending": false,
              "context": null,
              "code": "var colorToPixelIndexMap = {\n  0: 6,\n  1: 8,\n  2: 16,\n  3: 18\n};\ncy.get('.color').each(function (color, index) {\n  cy.wrap(color).click();\n  var backgroundColor = color.css('background-color');\n  var clickedPixelIndex = colorToPixelIndexMap[index];\n  cy.get('.pixel').eq(clickedPixelIndex).click();\n  cy.get('.pixel').eq(clickedPixelIndex - 1).should('not.have.css', 'background-color', backgroundColor);\n  cy.get('.pixel').eq(clickedPixelIndex + 1).should('not.have.css', 'background-color', backgroundColor);\n  cy.get('.pixel').eq(clickedPixelIndex - 5).should('not.have.css', 'background-color', backgroundColor);\n  cy.get('.pixel').eq(clickedPixelIndex + 5).should('not.have.css', 'background-color', backgroundColor);\n  cy.get('.pixel').eq(clickedPixelIndex - 6).should('not.have.css', 'background-color', backgroundColor);\n  cy.get('.pixel').eq(clickedPixelIndex - 4).should('not.have.css', 'background-color', backgroundColor);\n  cy.get('.pixel').eq(clickedPixelIndex + 4).should('not.have.css', 'background-color', backgroundColor);\n  cy.get('.pixel').eq(clickedPixelIndex + 6).should('not.have.css', 'background-color', backgroundColor);\n});",
              "err": {
                "message": "CypressError: Timed out retrying: Expected to find element: '.color', but never found it.",
                "estack": "CypressError: Timed out retrying: Expected to find element: '.color', but never found it.\n    at cypressErr (http://localhost:39393/__cypress/runner/cypress_runner.js:149934:9)\n    at throwErr (http://localhost:39393/__cypress/runner/cypress_runner.js:149867:11)\n    at Object.throwErrByPath (http://localhost:39393/__cypress/runner/cypress_runner.js:149915:3)\n    at retry (http://localhost:39393/__cypress/runner/cypress_runner.js:144197:19)\n    at onFailFn (http://localhost:39393/__cypress/runner/cypress_runner.js:132448:16)\n    at tryCatcher (http://localhost:39393/__cypress/runner/cypress_runner.js:167415:23)\n    at Promise._settlePromiseFromHandler (http://localhost:39393/__cypress/runner/cypress_runner.js:165351:31)\n    at Promise._settlePromise (http://localhost:39393/__cypress/runner/cypress_runner.js:165408:18)\n    at Promise._settlePromise0 (http://localhost:39393/__cypress/runner/cypress_runner.js:165453:10)\n    at Promise._settlePromises (http://localhost:39393/__cypress/runner/cypress_runner.js:165528:18)\n    at Async../node_modules/bluebird/js/release/async.js.Async._drainQueue (http://localhost:39393/__cypress/runner/cypress_runner.js:162140:16)\n    at Async../node_modules/bluebird/js/release/async.js.Async._drainQueues (http://localhost:39393/__cypress/runner/cypress_runner.js:162150:10)\n    at Async.drainQueues (http://localhost:39393/__cypress/runner/cypress_runner.js:162024:14)",
                "diff": null
              },
              "uuid": "113ccf7b-2a55-4067-ac8a-2a9d4a65ec42",
              "parentUUID": "723e5ce4-23cb-41c5-9832-780df186cccc",
              "isHook": false,
              "skipped": false
            }
          ],
          "suites": [],
          "passes": [],
          "failures": [
            "ff92c626-a09b-47ff-acfc-b79dcc2698a1",
            "36d49218-6722-4383-9858-8620cb395f69",
            "113ccf7b-2a55-4067-ac8a-2a9d4a65ec42"
          ],
          "pending": [],
          "skipped": [],
          "duration": 13248,
          "root": false,
          "rootEmpty": false,
          "_timeout": 2000
        },
        {
          "uuid": "103a70ca-f6c2-4ebf-8618-d2c536201d20",
          "title": "9 - Crie um botão que, ao ser clicado, limpa o quadro preenchendo a cor de todos seus pixels com branco.",
          "fullFile": "",
          "file": "",
          "beforeHooks": [],
          "afterHooks": [],
          "tests": [
            {
              "title": "Verifica se o botão tem o `id` denominado `clear-board`",
              "fullTitle": "9 - Crie um botão que, ao ser clicado, limpa o quadro preenchendo a cor de todos seus pixels com branco. Verifica se o botão tem o `id` denominado `clear-board`",
              "timedOut": null,
              "duration": 4465,
              "state": "failed",
              "speed": null,
              "pass": false,
              "fail": true,
              "pending": false,
              "context": null,
              "code": "cy.get('#clear-board').should('be.visible');",
              "err": {
                "message": "CypressError: Timed out retrying: Expected to find element: '#clear-board', but never found it.",
                "estack": "CypressError: Timed out retrying: Expected to find element: '#clear-board', but never found it.\n    at cypressErr (http://localhost:39393/__cypress/runner/cypress_runner.js:149934:9)\n    at throwErr (http://localhost:39393/__cypress/runner/cypress_runner.js:149867:11)\n    at Object.throwErrByPath (http://localhost:39393/__cypress/runner/cypress_runner.js:149915:3)\n    at retry (http://localhost:39393/__cypress/runner/cypress_runner.js:144197:19)\n    at onFailFn (http://localhost:39393/__cypress/runner/cypress_runner.js:132448:16)\n    at tryCatcher (http://localhost:39393/__cypress/runner/cypress_runner.js:167415:23)\n    at Promise._settlePromiseFromHandler (http://localhost:39393/__cypress/runner/cypress_runner.js:165351:31)\n    at Promise._settlePromise (http://localhost:39393/__cypress/runner/cypress_runner.js:165408:18)\n    at Promise._settlePromise0 (http://localhost:39393/__cypress/runner/cypress_runner.js:165453:10)\n    at Promise._settlePromises (http://localhost:39393/__cypress/runner/cypress_runner.js:165528:18)\n    at Async../node_modules/bluebird/js/release/async.js.Async._drainQueue (http://localhost:39393/__cypress/runner/cypress_runner.js:162140:16)\n    at Async../node_modules/bluebird/js/release/async.js.Async._drainQueues (http://localhost:39393/__cypress/runner/cypress_runner.js:162150:10)\n    at Async.drainQueues (http://localhost:39393/__cypress/runner/cypress_runner.js:162024:14)",
                "diff": null
              },
              "uuid": "3958982e-ee54-4953-b45e-185c4b1257db",
              "parentUUID": "103a70ca-f6c2-4ebf-8618-d2c536201d20",
              "isHook": false,
              "skipped": false
            },
            {
              "title": "Verifica se o botão está posicionado entre a paleta de cores e o quadro de pixels",
              "fullTitle": "9 - Crie um botão que, ao ser clicado, limpa o quadro preenchendo a cor de todos seus pixels com branco. Verifica se o botão está posicionado entre a paleta de cores e o quadro de pixels",
              "timedOut": null,
              "duration": 4434,
              "state": "failed",
              "speed": null,
              "pass": false,
              "fail": true,
              "pending": false,
              "context": null,
              "code": "cy.get('#color-palette').then(function (palette) {\n  cy.get('#clear-board').should('be.belowOf', palette);\n});\ncy.get('#clear-board').then(function (clearBtn) {\n  cy.get('#pixel-board').should('be.belowOf', clearBtn);\n});",
              "err": {
                "message": "CypressError: Timed out retrying: Expected to find element: '#color-palette', but never found it.",
                "estack": "CypressError: Timed out retrying: Expected to find element: '#color-palette', but never found it.\n    at cypressErr (http://localhost:39393/__cypress/runner/cypress_runner.js:149934:9)\n    at throwErr (http://localhost:39393/__cypress/runner/cypress_runner.js:149867:11)\n    at Object.throwErrByPath (http://localhost:39393/__cypress/runner/cypress_runner.js:149915:3)\n    at retry (http://localhost:39393/__cypress/runner/cypress_runner.js:144197:19)\n    at onFailFn (http://localhost:39393/__cypress/runner/cypress_runner.js:132448:16)\n    at tryCatcher (http://localhost:39393/__cypress/runner/cypress_runner.js:167415:23)\n    at Promise._settlePromiseFromHandler (http://localhost:39393/__cypress/runner/cypress_runner.js:165351:31)\n    at Promise._settlePromise (http://localhost:39393/__cypress/runner/cypress_runner.js:165408:18)\n    at Promise._settlePromise0 (http://localhost:39393/__cypress/runner/cypress_runner.js:165453:10)\n    at Promise._settlePromises (http://localhost:39393/__cypress/runner/cypress_runner.js:165528:18)\n    at Async../node_modules/bluebird/js/release/async.js.Async._drainQueue (http://localhost:39393/__cypress/runner/cypress_runner.js:162140:16)\n    at Async../node_modules/bluebird/js/release/async.js.Async._drainQueues (http://localhost:39393/__cypress/runner/cypress_runner.js:162150:10)\n    at Async.drainQueues (http://localhost:39393/__cypress/runner/cypress_runner.js:162024:14)",
                "diff": null
              },
              "uuid": "1d05bc20-a430-46f4-af1d-e696ace82b97",
              "parentUUID": "103a70ca-f6c2-4ebf-8618-d2c536201d20",
              "isHook": false,
              "skipped": false
            },
            {
              "title": "Verifica se o texto do botão é 'Limpar'",
              "fullTitle": "9 - Crie um botão que, ao ser clicado, limpa o quadro preenchendo a cor de todos seus pixels com branco. Verifica se o texto do botão é 'Limpar'",
              "timedOut": null,
              "duration": 4458,
              "state": "failed",
              "speed": null,
              "pass": false,
              "fail": true,
              "pending": false,
              "context": null,
              "code": "cy.get('#clear-board').should('contain.text', 'Limpar');",
              "err": {
                "message": "CypressError: Timed out retrying: Expected to find element: '#clear-board', but never found it.",
                "estack": "CypressError: Timed out retrying: Expected to find element: '#clear-board', but never found it.\n    at cypressErr (http://localhost:39393/__cypress/runner/cypress_runner.js:149934:9)\n    at throwErr (http://localhost:39393/__cypress/runner/cypress_runner.js:149867:11)\n    at Object.throwErrByPath (http://localhost:39393/__cypress/runner/cypress_runner.js:149915:3)\n    at retry (http://localhost:39393/__cypress/runner/cypress_runner.js:144197:19)\n    at onFailFn (http://localhost:39393/__cypress/runner/cypress_runner.js:132448:16)\n    at tryCatcher (http://localhost:39393/__cypress/runner/cypress_runner.js:167415:23)\n    at Promise._settlePromiseFromHandler (http://localhost:39393/__cypress/runner/cypress_runner.js:165351:31)\n    at Promise._settlePromise (http://localhost:39393/__cypress/runner/cypress_runner.js:165408:18)\n    at Promise._settlePromise0 (http://localhost:39393/__cypress/runner/cypress_runner.js:165453:10)\n    at Promise._settlePromises (http://localhost:39393/__cypress/runner/cypress_runner.js:165528:18)\n    at Async../node_modules/bluebird/js/release/async.js.Async._drainQueue (http://localhost:39393/__cypress/runner/cypress_runner.js:162140:16)\n    at Async../node_modules/bluebird/js/release/async.js.Async._drainQueues (http://localhost:39393/__cypress/runner/cypress_runner.js:162150:10)\n    at Async.drainQueues (http://localhost:39393/__cypress/runner/cypress_runner.js:162024:14)",
                "diff": null
              },
              "uuid": "a69b6955-026b-48f8-bb59-d8583c039593",
              "parentUUID": "103a70ca-f6c2-4ebf-8618-d2c536201d20",
              "isHook": false,
              "skipped": false
            },
            {
              "title": "Verifica se ao clicar no botão, o quadro de pixels é totalmente preenchido de branco",
              "fullTitle": "9 - Crie um botão que, ao ser clicado, limpa o quadro preenchendo a cor de todos seus pixels com branco. Verifica se ao clicar no botão, o quadro de pixels é totalmente preenchido de branco",
              "timedOut": null,
              "duration": 4450,
              "state": "failed",
              "speed": null,
              "pass": false,
              "fail": true,
              "pending": false,
              "context": null,
              "code": "cy.get('.color').eq(1).then(function (color) {\n  var backgroundColor = color.css('background-color');\n  cy.wrap(color).click();\n  cy.get('.pixel').each(function (pixel) {\n    cy.wrap(pixel).click().should('have.css', 'background-color', backgroundColor);\n  });\n});\ncy.get('#clear-board').click();\ncy.get('.pixel').each(function (pixel) {\n  cy.wrap(pixel).should('have.css', 'background-color', WHITE);\n});",
              "err": {
                "message": "CypressError: Timed out retrying: Expected to find element: '.color', but never found it.",
                "estack": "CypressError: Timed out retrying: Expected to find element: '.color', but never found it.\n    at cypressErr (http://localhost:39393/__cypress/runner/cypress_runner.js:149934:9)\n    at throwErr (http://localhost:39393/__cypress/runner/cypress_runner.js:149867:11)\n    at Object.throwErrByPath (http://localhost:39393/__cypress/runner/cypress_runner.js:149915:3)\n    at retry (http://localhost:39393/__cypress/runner/cypress_runner.js:144197:19)\n    at onFailFn (http://localhost:39393/__cypress/runner/cypress_runner.js:132448:16)\n    at tryCatcher (http://localhost:39393/__cypress/runner/cypress_runner.js:167415:23)\n    at Promise._settlePromiseFromHandler (http://localhost:39393/__cypress/runner/cypress_runner.js:165351:31)\n    at Promise._settlePromise (http://localhost:39393/__cypress/runner/cypress_runner.js:165408:18)\n    at Promise._settlePromise0 (http://localhost:39393/__cypress/runner/cypress_runner.js:165453:10)\n    at Promise._settlePromises (http://localhost:39393/__cypress/runner/cypress_runner.js:165528:18)\n    at Async../node_modules/bluebird/js/release/async.js.Async._drainQueue (http://localhost:39393/__cypress/runner/cypress_runner.js:162140:16)\n    at Async../node_modules/bluebird/js/release/async.js.Async._drainQueues (http://localhost:39393/__cypress/runner/cypress_runner.js:162150:10)\n    at Async.drainQueues (http://localhost:39393/__cypress/runner/cypress_runner.js:162024:14)",
                "diff": null
              },
              "uuid": "d002e8ae-9be3-449b-9e74-33b85a9ad3f6",
              "parentUUID": "103a70ca-f6c2-4ebf-8618-d2c536201d20",
              "isHook": false,
              "skipped": false
            }
          ],
          "suites": [],
          "passes": [],
          "failures": [
            "3958982e-ee54-4953-b45e-185c4b1257db",
            "1d05bc20-a430-46f4-af1d-e696ace82b97",
            "a69b6955-026b-48f8-bb59-d8583c039593",
            "d002e8ae-9be3-449b-9e74-33b85a9ad3f6"
          ],
          "pending": [],
          "skipped": [],
          "duration": 17807,
          "root": false,
          "rootEmpty": false,
          "_timeout": 2000
        },
        {
          "uuid": "9a4d48c0-8942-40fb-a20b-5c538b0c1950",
          "title": "10 - Faça o quadro de pixels ter seu tamanho definido pelo usuário.",
          "fullFile": "",
          "file": "",
          "beforeHooks": [],
          "afterHooks": [],
          "tests": [
            {
              "title": "Verifica se existe um input com o id `board-size`",
              "fullTitle": "10 - Faça o quadro de pixels ter seu tamanho definido pelo usuário. Verifica se existe um input com o id `board-size`",
              "timedOut": null,
              "duration": 4429,
              "state": "failed",
              "speed": null,
              "pass": false,
              "fail": true,
              "pending": false,
              "context": null,
              "code": "cy.get('#board-size').should('be.visible');",
              "err": {
                "message": "CypressError: Timed out retrying: Expected to find element: '#board-size', but never found it.",
[...]
                "diff": null
              },
              "uuid": "d5bbcb49-b956-4ced-bb9c-eecd9c0d1442",
              "parentUUID": "9a4d48c0-8942-40fb-a20b-5c538b0c1950",
              "isHook": false,
              "skipped": false
            },
            {
              "title": "Verifica se o novo quadro tem todos os pixels preenchidos com a cor branca",
              "fullTitle": "10 - Faça o quadro de pixels ter seu tamanho definido pelo usuário. Verifica se o novo quadro tem todos os pixels preenchidos com a cor branca",
              "timedOut": null,
              "duration": 4533,
              "state": "failed",
              "speed": null,
              "pass": false,
              "fail": true,
              "pending": false,
              "context": null,
              "code": "cy.get('#board-size').clear().type(6);\ncy.get('#generate-board').click();\ncy.get('.pixel').should('have.length', 36).each(function (pixel) {\n  expect(pixel).to.have.css('background-color', WHITE);\n});",
              "err": {
                "message": "CypressError: Timed out retrying: Expected to find element: '#board-size', but never found it.",
                "estack": "CypressError: Timed out retrying: Expected to find element: '#board-size', but never found it.\n    at cypressErr (http://localhost:39393/__cypress/runner/cypress_runner.js:149934:9)\n    at throwErr (http://localhost:39393/__cypress/runner/cypress_runner.js:149867:11)\n    at Object.throwErrByPath (http://localhost:39393/__cypress/runner/cypress_runner.js:149915:3)\n    at retry (http://localhost:39393/__cypress/runner/cypress_runner.js:144197:19)\n    at onFailFn (http://localhost:39393/__cypress/runner/cypress_runner.js:132448:16)\n    at tryCatcher (http://localhost:39393/__cypress/runner/cypress_runner.js:167415:23)\n    at Promise._settlePromiseFromHandler (http://localhost:39393/__cypress/runner/cypress_runner.js:165351:31)\n    at Promise._settlePromise (http://localhost:39393/__cypress/runner/cypress_runner.js:165408:18)\n    at Promise._settlePromise0 (http://localhost:39393/__cypress/runner/cypress_runner.js:165453:10)\n    at Promise._settlePromises (http://localhost:39393/__cypress/runner/cypress_runner.js:165528:18)\n    at Async../node_modules/bluebird/js/release/async.js.Async._drainQueue (http://localhost:39393/__cypress/runner/cypress_runner.js:162140:16)\n    at Async../node_modules/bluebird/js/release/async.js.Async._drainQueues (http://localhost:39393/__cypress/runner/cypress_runner.js:162150:10)\n    at Async.drainQueues (http://localhost:39393/__cypress/runner/cypress_runner.js:162024:14)",
                "diff": null
              },
              "uuid": "4f82610d-ac20-4928-8590-f0060013b7d3",
              "parentUUID": "9a4d48c0-8942-40fb-a20b-5c538b0c1950",
              "isHook": false,
              "skipped": false
            }
          ],
          "suites": [],
          "passes": [],
          "failures": [
            "36fb2499-8cf5-4fac-ab83-6a79738ec44a",
            "a7390cc1-db90-40d0-bd6f-c5372f4fbf58",
            "e320aac1-6818-4fcc-ba21-0942b4cb736f",
            "7f97af03-a7f1-4056-9608-026c64867688",
            "a72515e6-bcd1-464a-ab8f-16e23e4918a1",
            "4d35f23b-bbc5-4c7c-aab6-662fdf14168f",
            "bfd6a499-f374-4aff-9f09-d593fb25fc46",
            "d5bbcb49-b956-4ced-bb9c-eecd9c0d1442",
            "4f82610d-ac20-4928-8590-f0060013b7d3"
          ],
          "pending": [],
          "skipped": [],
          "duration": 40452,
          "root": false,
          "rootEmpty": false,
          "_timeout": 2000
        },
        {
          "uuid": "89725283-2e8a-4a8f-9f28-6ab0ddebf15b",
          "title": "11 - Limite o tamanho mínimo e máximo do board.",
          "fullFile": "",
          "file": "",
          "beforeHooks": [],
          "afterHooks": [],
          "tests": [
            {
              "title": "Verifica se a altura máxima do board é 50",
              "fullTitle": "11 - Limite o tamanho mínimo e máximo do board. Verifica se a altura máxima do board é 50",
              "timedOut": null,
              "duration": 4487,
              "state": "failed",
              "speed": null,
              "pass": false,
              "fail": true,
              "pending": false,
              "context": null,
              "code": "cy.get('#board-size').clear().type(50);\ncy.get('#generate-board').click();\ncy.get('.pixel').should('have.length', 2500);",
              "err": {
                "message": "CypressError: Timed out retrying: Expected to find element: '#board-size', but never found it.",
                "estack": "CypressError: Timed out retrying: Expected to find element: '#board-size', but never found it.\n    at cypressErr (http://localhost:39393/__cypress/runner/cypress_runner.js:149934:9)\n    at throwErr (http://localhost:39393/__cypress/runner/cypress_runner.js:149867:11)\n    at Object.throwErrByPath (http://localhost:39393/__cypress/runner/cypress_runner.js:149915:3)\n    at retry (http://localhost:39393/__cypress/runner/cypress_runner.js:144197:19)\n    at onFailFn (http://localhost:39393/__cypress/runner/cypress_runner.js:132448:16)\n    at tryCatcher (http://localhost:39393/__cypress/runner/cypress_runner.js:167415:23)\n    at Promise._settlePromiseFromHandler (http://localhost:39393/__cypress/runner/cypress_runner.js:165351:31)\n    at Promise._settlePromise (http://localhost:39393/__cypress/runner/cypress_runner.js:165408:18)\n    at Promise._settlePromise0 (http://localhost:39393/__cypress/runner/cypress_runner.js:165453:10)\n    at Promise._settlePromises (http://localhost:39393/__cypress/runner/cypress_runner.js:165528:18)\n    at Async../node_modules/bluebird/js/release/async.js.Async._drainQueue (http://localhost:39393/__cypress/runner/cypress_runner.js:162140:16)\n    at Async../node_modules/bluebird/js/release/async.js.Async._drainQueues (http://localhost:39393/__cypress/runner/cypress_runner.js:162150:10)\n    at Async.drainQueues (http://localhost:39393/__cypress/runner/cypress_runner.js:162024:14)",
                "diff": null
              },
              "uuid": "25656c0e-676c-49b5-90bc-ab5bba6b2383",
              "parentUUID": "89725283-2e8a-4a8f-9f28-6ab0ddebf15b",
              "isHook": false,
              "skipped": false
            },
            {
              "title": "Verifica se a altura do board é 5 quando um valor menor é colocado no input",
              "fullTitle": "11 - Limite o tamanho mínimo e máximo do board. Verifica se a altura do board é 5 quando um valor menor é colocado no input",
              "timedOut": null,
              "duration": 4552,
              "state": "failed",
              "speed": null,
              "pass": false,
              "fail": true,
              "pending": false,
              "context": null,
              "code": "cy.get('#board-size').clear().type(4);\ncy.get('#generate-board').click();\ncy.get('.pixel').should('have.length', 25);",
              "err": {
                "message": "CypressError: Timed out retrying: Expected to find element: '#board-size', but never found it.",
                "estack": "CypressError: Timed out retrying: Expected to find element: '#board-size', but never found it.\n    at cypressErr (http://localhost:39393/__cypress/runner/cypress_runner.js:149934:9)\n    at throwErr (http://localhost:39393/__cypress/runner/cypress_runner.js:149867:11)\n    at Object.throwErrByPath (http://localhost:39393/__cypress/runner/cypress_runner.js:149915:3)\n    at retry (http://localhost:39393/__cypress/runner/cypress_runner.js:144197:19)\n    at onFailFn (http://localhost:39393/__cypress/runner/cypress_runner.js:132448:16)\n    at tryCatcher (http://localhost:39393/__cypress/runner/cypress_runner.js:167415:23)\n    at Promise._settlePromiseFromHandler (http://localhost:39393/__cypress/runner/cypress_runner.js:165351:31)\n    at Promise._settlePromise (http://localhost:39393/__cypress/runner/cypress_runner.js:165408:18)\n    at Promise._settlePromise0 (http://localhost:39393/__cypress/runner/cypress_runner.js:165453:10)\n    at Promise._settlePromises (http://localhost:39393/__cypress/runner/cypress_runner.js:165528:18)\n    at Async../node_modules/bluebird/js/release/async.js.Async._drainQueue (http://localhost:39393/__cypress/runner/cypress_runner.js:162140:16)\n    at Async../node_modules/bluebird/js/release/async.js.Async._drainQueues (http://localhost:39393/__cypress/runner/cypress_runner.js:162150:10)\n    at Async.drainQueues (http://localhost:39393/__cypress/runner/cypress_runner.js:162024:14)",
                "diff": null
              },
              "uuid": "29c64b92-b3bd-4d1b-888f-bfc63522d904",
              "parentUUID": "89725283-2e8a-4a8f-9f28-6ab0ddebf15b",
              "isHook": false,
              "skipped": false
            },
            {
              "title": "Verifica se a altura do board é 50 quando um valor maior é colocado no input",
              "fullTitle": "11 - Limite o tamanho mínimo e máximo do board. Verifica se a altura do board é 50 quando um valor maior é colocado no input",
              "timedOut": null,
              "duration": 4567,
              "state": "failed",
              "speed": null,
              "pass": false,
              "fail": true,
              "pending": false,
              "context": null,
              "code": "cy.get('#board-size').clear().type(51);\ncy.get('#generate-board').click();\ncy.get('.pixel').should('have.length', 2500);",
              "err": {
                "message": "CypressError: Timed out retrying: Expected to find element: '#board-size', but never found it.",
                "estack": "CypressError: Timed out retrying: Expected to find element: '#board-size', but never found it.\n    at cypressErr (http://localhost:39393/__cypress/runner/cypress_runner.js:149934:9)\n    at throwErr (http://localhost:39393/__cypress/runner/cypress_runner.js:149867:11)\n    at Object.throwErrByPath (http://localhost:39393/__cypress/runner/cypress_runner.js:149915:3)\n    at retry (http://localhost:39393/__cypress/runner/cypress_runner.js:144197:19)\n    at onFailFn (http://localhost:39393/__cypress/runner/cypress_runner.js:132448:16)\n    at tryCatcher (http://localhost:39393/__cypress/runner/cypress_runner.js:167415:23)\n    at Promise._settlePromiseFromHandler (http://localhost:39393/__cypress/runner/cypress_runner.js:165351:31)\n    at Promise._settlePromise (http://localhost:39393/__cypress/runner/cypress_runner.js:165408:18)\n    at Promise._settlePromise0 (http://localhost:39393/__cypress/runner/cypress_runner.js:165453:10)\n    at Promise._settlePromises (http://localhost:39393/__cypress/runner/cypress_runner.js:165528:18)\n    at Async../node_modules/bluebird/js/release/async.js.Async._drainQueue (http://localhost:39393/__cypress/runner/cypress_runner.js:162140:16)\n    at Async../node_modules/bluebird/js/release/async.js.Async._drainQueues (http://localhost:39393/__cypress/runner/cypress_runner.js:162150:10)\n    at Async.drainQueues (http://localhost:39393/__cypress/runner/cypress_runner.js:162024:14)",
                "diff": null
              },
              "uuid": "5b38039e-cb49-4abc-b71c-8d7db1c073c0",
              "parentUUID": "89725283-2e8a-4a8f-9f28-6ab0ddebf15b",
              "isHook": false,
              "skipped": false
            }
          ],
          "suites": [],
          "passes": [],
          "failures": [
            "25656c0e-676c-49b5-90bc-ab5bba6b2383",
            "29c64b92-b3bd-4d1b-888f-bfc63522d904",
            "5b38039e-cb49-4abc-b71c-8d7db1c073c0"
          ],
          "pending": [],
          "skipped": [],
          "duration": 13606,
          "root": false,
          "rootEmpty": false,
          "_timeout": 2000
        },
        {
          "uuid": "423b78d0-28fb-4814-a6f6-5cdc776430d4",
          "title": "12 - Faça com que as cores da paleta sejam geradas aleatoriamente ao carregar a página.",
          "fullFile": "",
          "file": "",
          "beforeHooks": [],
          "afterHooks": [],
          "tests": [
            {
              "title": "Verifica se as cores geradas na paleta são diferentes a cada carregamento da página",
              "fullTitle": "12 - Faça com que as cores da paleta sejam geradas aleatoriamente ao carregar a página. Verifica se as cores geradas na paleta são diferentes a cada carregamento da página",
              "timedOut": null,
              "duration": 4434,
              "state": "failed",
              "speed": null,
              "pass": false,
              "fail": true,
              "pending": false,
              "context": null,
              "code": "cy.get('.color').then(function (colors) {\n  var currentColors;\n  var previousColors;\n  previousColors = Array.from(colors).map(function (color) {\n    return Cypress.$(color).css('background-color');\n  });\n  for (var i = 0; i < 5; i += 1) {\n    cy.reload();\n    cy.get('.color').then(function (colors) {\n      currentColors = Array.from(colors).map(function (color) {\n        return Cypress.$(color).css('background-color');\n      });\n      expect(currentColors).not.to.deep.equal(previousColors);\n      previousColors = currentColors;\n    });\n  }\n});",
              "err": {
                "message": "CypressError: Timed out retrying: Expected to find element: '.color', but never found it.",
                "estack": "CypressError: Timed out retrying: Expected to find element: '.color', but never found it.\n    at cypressErr (http://localhost:39393/__cypress/runner/cypress_runner.js:149934:9)\n    at throwErr (http://localhost:39393/__cypress/runner/cypress_runner.js:149867:11)\n    at Object.throwErrByPath (http://localhost:39393/__cypress/runner/cypress_runner.js:149915:3)\n    at retry (http://localhost:39393/__cypress/runner/cypress_runner.js:144197:19)\n    at onFailFn (http://localhost:39393/__cypress/runner/cypress_runner.js:132448:16)\n    at tryCatcher (http://localhost:39393/__cypress/runner/cypress_runner.js:167415:23)\n    at Promise._settlePromiseFromHandler (http://localhost:39393/__cypress/runner/cypress_runner.js:165351:31)\n    at Promise._settlePromise (http://localhost:39393/__cypress/runner/cypress_runner.js:165408:18)\n    at Promise._settlePromise0 (http://localhost:39393/__cypress/runner/cypress_runner.js:165453:10)\n    at Promise._settlePromises (http://localhost:39393/__cypress/runner/cypress_runner.js:165528:18)\n    at Async../node_modules/bluebird/js/release/async.js.Async._drainQueue (http://localhost:39393/__cypress/runner/cypress_runner.js:162140:16)\n    at Async../node_modules/bluebird/js/release/async.js.Async._drainQueues (http://localhost:39393/__cypress/runner/cypress_runner.js:162150:10)\n    at Async.drainQueues (http://localhost:39393/__cypress/runner/cypress_runner.js:162024:14)",
                "diff": null
              },
              "uuid": "9f334cf8-1861-4555-92d0-fcd2833cd083",
              "parentUUID": "423b78d0-28fb-4814-a6f6-5cdc776430d4",
              "isHook": false,
              "skipped": false
            },
            {
              "title": "Verifica se a cor preta ainda está presente e é a primeira na sua paleta de cores",
              "fullTitle": "12 - Faça com que as cores da paleta sejam geradas aleatoriamente ao carregar a página. Verifica se a cor preta ainda está presente e é a primeira na sua paleta de cores",
              "timedOut": null,
              "duration": 4524,
              "state": "failed",
              "speed": null,
              "pass": false,
              "fail": true,
              "pending": false,
              "context": null,
              "code": "cy.get('.color').then(function (colors) {\n  var currentColors;\n  var previousColors;\n  previousColors = Array.from(colors).map(function (color) {\n    return Cypress.$(color).css('background-color');\n  });\n  expect(previousColors[0]).to.eq(BLACK);\n  for (var i = 0; i < 5; i += 1) {\n    cy.reload();\n    cy.get('.color').then(function (colors) {\n      currentColors = Array.from(colors).map(function (color) {\n        return Cypress.$(color).css('background-color');\n      });\n      expect(currentColors[0]).to.eq(BLACK);\n      expect(currentColors).not.to.deep.equal(previousColors);\n      previousColors = currentColors;\n    });\n  }\n});",
              "err": {
                "message": "CypressError: Timed out retrying: Expected to find element: '.color', but never found it.",
                "estack": "CypressError: Timed out retrying: Expected to find element: '.color', but never found it.\n    at cypressErr (http://localhost:39393/__cypress/runner/cypress_runner.js:149934:9)\n    at throwErr (http://localhost:39393/__cypress/runner/cypress_runner.js:149867:11)\n    at Object.throwErrByPath (http://localhost:39393/__cypress/runner/cypress_runner.js:149915:3)\n    at retry (http://localhost:39393/__cypress/runner/cypress_runner.js:144197:19)\n    at onFailFn (http://localhost:39393/__cypress/runner/cypress_runner.js:132448:16)\n    at tryCatcher (http://localhost:39393/__cypress/runner/cypress_runner.js:167415:23)\n    at Promise._settlePromiseFromHandler (http://localhost:39393/__cypress/runner/cypress_runner.js:165351:31)\n    at Promise._settlePromise (http://localhost:39393/__cypress/runner/cypress_runner.js:165408:18)\n    at Promise._settlePromise0 (http://localhost:39393/__cypress/runner/cypress_runner.js:165453:10)\n    at Promise._settlePromises (http://localhost:39393/__cypress/runner/cypress_runner.js:165528:18)\n    at Async../node_modules/bluebird/js/release/async.js.Async._drainQueue (http://localhost:39393/__cypress/runner/cypress_runner.js:162140:16)\n    at Async../node_modules/bluebird/js/release/async.js.Async._drainQueues (http://localhost:39393/__cypress/runner/cypress_runner.js:162150:10)\n    at Async.drainQueues (http://localhost:39393/__cypress/runner/cypress_runner.js:162024:14)",
                "diff": null
              },
              "uuid": "0f8823f2-52dc-4cc8-9957-4bc3c853323c",
              "parentUUID": "423b78d0-28fb-4814-a6f6-5cdc776430d4",
              "isHook": false,
              "skipped": false
            }
          ],
          "suites": [],
          "passes": [],
          "failures": [
            "9f334cf8-1861-4555-92d0-fcd2833cd083",
            "0f8823f2-52dc-4cc8-9957-4bc3c853323c"
          ],
          "pending": [],
          "skipped": [],
          "duration": 8958,
          "root": false,
          "rootEmpty": false,
          "_timeout": 2000
        }
      ],
      "passes": [],
      "failures": [],
      "pending": [],
      "skipped": [],
      "duration": 0,
      "root": true,
      "rootEmpty": true,
      "_timeout": 2000
    }
  ],
  "meta": {
    "mocha": {
      "version": "7.0.1"
    },
    "mochawesome": {
      "options": {
        "quiet": false,
        "reportFilename": "mochawesome",
        "saveHtml": false,
        "saveJson": true,
        "consoleReporter": "spec",
        "useInlineDiffs": false
      },
      "version": "4.1.0"
    },
    "marge": {
      "options": {
        "id": "default",
        "reportDir": "cypress/reports",
        "overwrite": true,
        "html": false,
        "json": true
      },
      "version": "4.1.0"
    }
  }
}