{
  "stats": {
    "suites": 12,
    "tests": 41,
    "passes": 1,
    "pending": 0,
    "failures": 40,
    "start": "2021-09-10T18:19:06.851Z",
    "end": "2021-09-10T18:22:29.857Z",
    "duration": 203006,
    "testsRegistered": 41,
    "passPercent": 2.4390243902439024,
    "pendingPercent": 0,
    "other": 0,
    "hasOther": false,
    "skipped": 0,
    "hasSkipped": false
  },
  "results": [
    {
      "uuid": "d598c787-1fb9-4de0-86ce-ed67358b0f2f",
      "title": "",
      "fullFile": "cypress/integration/project.spec.js",
      "file": "cypress/integration/project.spec.js",
      "beforeHooks": [],
      "afterHooks": [],
      "tests": [],
      "suites": [
        {
          "uuid": "34a69857-df0a-4c98-82a3-72d8e5283ed9",
          "title": "1 - Adicione à página o título \"Paleta de Cores\".",
          "fullFile": "",
          "file": "",
          "beforeHooks": [],
          "afterHooks": [],
          "tests": [
            {
              "title": "Verifica se contém um elemento `h1` com o id `title` com o título correto",
              "fullTitle": "1 - Adicione à página o título \"Paleta de Cores\". Verifica se contém um elemento `h1` com o id `title` com o título correto",
              "timedOut": null,
              "duration": 545,
              "state": "passed",
              "speed": "slow",
              "pass": true,
              "fail": false,
              "pending": false,
              "context": null,
              "code": "cy.get('h1#title').should('contain.text', 'Paleta de Cores');",
              "err": {},
              "uuid": "620f444d-55a6-4d1c-a47f-cd0a730fd98e",
              "parentUUID": "34a69857-df0a-4c98-82a3-72d8e5283ed9",
              "isHook": false,
              "skipped": false
            }
          ],
          "suites": [],
          "passes": [
            "620f444d-55a6-4d1c-a47f-cd0a730fd98e"
          ],
          "failures": [],
          "pending": [],
          "skipped": [],
          "duration": 545,
          "root": false,
          "rootEmpty": false,
          "_timeout": 2000
        },
        {
          "uuid": "6e8165ce-4b53-4185-9bdc-3a23191209b0",
          "title": "2 - Adicione à página uma paleta de quatro cores distintas.",
          "fullFile": "",
          "file": "",
          "beforeHooks": [],
          "afterHooks": [],
          "tests": [
            {
              "title": "A paleta de cores deve ser um elemento com `id` denominado `color-palette`",
              "fullTitle": "2 - Adicione à página uma paleta de quatro cores distintas. A paleta de cores deve ser um elemento com `id` denominado `color-palette`",
              "timedOut": null,
              "duration": 4984,
              "state": "failed",
              "speed": null,
              "pass": false,
              "fail": true,
              "pending": false,
              "context": null,
              "code": "cy.get('#color-palette').should('be.visible');\ncy.get('#color-palette').children('.color');",
              "err": {
                "message": "CypressError: Timed out retrying: Expected to find element: '#color-palette', but never found it.",
                "estack": "CypressError: Timed out retrying: Expected to find element: '#color-palette', but never found it.\n    at cypressErr (http://localhost:45147/__cypress/runner/cypress_runner.js:149934:9)\n    at throwErr (http://localhost:45147/__cypress/runner/cypress_runner.js:149867:11)\n    at Object.throwErrByPath (http://localhost:45147/__cypress/runner/cypress_runner.js:149915:3)\n    at retry (http://localhost:45147/__cypress/runner/cypress_runner.js:144197:19)\n    at onFailFn (http://localhost:45147/__cypress/runner/cypress_runner.js:132448:16)\n    at tryCatcher (http://localhost:45147/__cypress/runner/cypress_runner.js:167415:23)\n    at Promise._settlePromiseFromHandler (http://localhost:45147/__cypress/runner/cypress_runner.js:165351:31)\n    at Promise._settlePromise (http://localhost:45147/__cypress/runner/cypress_runner.js:165408:18)\n    at Promise._settlePromise0 (http://localhost:45147/__cypress/runner/cypress_runner.js:165453:10)\n    at Promise._settlePromises (http://localhost:45147/__cypress/runner/cypress_runner.js:165528:18)\n    at Async../node_modules/bluebird/js/release/async.js.Async._drainQueue (http://localhost:45147/__cypress/runner/cypress_runner.js:162140:16)\n    at Async../node_modules/bluebird/js/release/async.js.Async._drainQueues (http://localhost:45147/__cypress/runner/cypress_runner.js:162150:10)\n    at Async.drainQueues (http://localhost:45147/__cypress/runner/cypress_runner.js:162024:14)",
                "diff": null
              },
              "uuid": "9088aab0-e7b3-40b9-928e-22bb43a0f1cc",
              "parentUUID": "6e8165ce-4b53-4185-9bdc-3a23191209b0",
              "isHook": false,
              "skipped": false
            },
            {
              "title": "Verifica se cada cor individual da paleta de cores possui a `classe` chamada `color`.",
              "fullTitle": "2 - Adicione à página uma paleta de quatro cores distintas. Verifica se cada cor individual da paleta de cores possui a `classe` chamada `color`.",
              "timedOut": null,
              "duration": 4837,
              "state": "failed",
              "speed": null,
              "pass": false,
              "fail": true,
              "pending": false,
              "context": null,
              "code": "cy.get('.color').should('have.length', 4).then(function (colors) {\n  for (var i = 0; i < colors.length; i++) {\n    cy.wrap(colors[i]).should('be.visible');\n  }\n});",
              "err": {
                "message": "CypressError: Timed out retrying: Expected to find element: '.color', but never found it.",
                "estack": "CypressError: Timed out retrying: Expected to find element: '.color', but never found it.\n    at cypressErr (http://localhost:45147/__cypress/runner/cypress_runner.js:149934:9)\n    at throwErr (http://localhost:45147/__cypress/runner/cypress_runner.js:149867:11)\n    at Object.throwErrByPath (http://localhost:45147/__cypress/runner/cypress_runner.js:149915:3)\n    at retry (http://localhost:45147/__cypress/runner/cypress_runner.js:144197:19)\n    at onFailFn (http://localhost:45147/__cypress/runner/cypress_runner.js:132448:16)\n    at tryCatcher (http://localhost:45147/__cypress/runner/cypress_runner.js:167415:23)\n    at Promise._settlePromiseFromHandler (http://localhost:45147/__cypress/runner/cypress_runner.js:165351:31)\n    at Promise._settlePromise (http://localhost:45147/__cypress/runner/cypress_runner.js:165408:18)\n    at Promise._settlePromise0 (http://localhost:45147/__cypress/runner/cypress_runner.js:165453:10)\n    at Promise._settlePromises (http://localhost:45147/__cypress/runner/cypress_runner.js:165528:18)\n    at Async../node_modules/bluebird/js/release/async.js.Async._drainQueue (http://localhost:45147/__cypress/runner/cypress_runner.js:162140:16)\n    at Async../node_modules/bluebird/js/release/async.js.Async._drainQueues (http://localhost:45147/__cypress/runner/cypress_runner.js:162150:10)\n    at Async.drainQueues (http://localhost:45147/__cypress/runner/cypress_runner.js:162024:14)",
                "diff": null
              },
              "uuid": "284966c3-0379-4f0e-a346-fa76a3c16cd8",
              "parentUUID": "6e8165ce-4b53-4185-9bdc-3a23191209b0",
              "isHook": false,
              "skipped": false
            },
            {
              "title": "Verifica se a cor de fundo de cada elemento da paleta é a cor que o elemento representa. **A única cor não permitida na paleta é a cor branca.**",
              "fullTitle": "2 - Adicione à página uma paleta de quatro cores distintas. Verifica se a cor de fundo de cada elemento da paleta é a cor que o elemento representa. **A única cor não permitida na paleta é a cor branca.**",
              "timedOut": null,
              "duration": 4825,
              "state": "failed",
              "speed": null,
              "pass": false,
              "fail": true,
              "pending": false,
              "context": null,
              "code": "cy.get('.color').each(function (color) {\n  cy.wrap(color).should('have.class', 'color').and('not.have.css', 'background-color', WHITE);\n  cy.wrap(color).should('have.css', 'background-color');\n});",
              "err": {
                "message": "CypressError: Timed out retrying: Expected to find element: '.color', but never found it.",
                "estack": "CypressError: Timed out retrying: Expected to find element: '.color', but never found it.\n    at cypressErr (http://localhost:45147/__cypress/runner/cypress_runner.js:149934:9)\n    at throwErr (http://localhost:45147/__cypress/runner/cypress_runner.js:149867:11)\n    at Object.throwErrByPath (http://localhost:45147/__cypress/runner/cypress_runner.js:149915:3)\n    at retry (http://localhost:45147/__cypress/runner/cypress_runner.js:144197:19)\n    at onFailFn (http://localhost:45147/__cypress/runner/cypress_runner.js:132448:16)\n    at tryCatcher (http://localhost:45147/__cypress/runner/cypress_runner.js:167415:23)\n    at Promise._settlePromiseFromHandler (http://localhost:45147/__cypress/runner/cypress_runner.js:165351:31)\n    at Promise._settlePromise (http://localhost:45147/__cypress/runner/cypress_runner.js:165408:18)\n    at Promise._settlePromise0 (http://localhost:45147/__cypress/runner/cypress_runner.js:165453:10)\n    at Promise._settlePromises (http://localhost:45147/__cypress/runner/cypress_runner.js:165528:18)\n    at Async../node_modules/bluebird/js/release/async.js.Async._drainQueue (http://localhost:45147/__cypress/runner/cypress_runner.js:162140:16)\n    at Async../node_modules/bluebird/js/release/async.js.Async._drainQueues (http://localhost:45147/__cypress/runner/cypress_runner.js:162150:10)\n    at Async.drainQueues (http://localhost:45147/__cypress/runner/cypress_runner.js:162024:14)",
                "diff": null
              },
              "uuid": "651c8359-0453-49e6-8955-07c474b1e701",
              "parentUUID": "6e8165ce-4b53-4185-9bdc-3a23191209b0",
              "isHook": false,
              "skipped": false
            },
            {
              "title": "Verifica se cada elemento da paleta de cores tem uma borda preta, sólida e com 1 pixel de largura;",
              "fullTitle": "2 - Adicione à página uma paleta de quatro cores distintas. Verifica se cada elemento da paleta de cores tem uma borda preta, sólida e com 1 pixel de largura;",
              "timedOut": null,
              "duration": 4966,
              "state": "failed",
              "speed": null,
              "pass": false,
              "fail": true,
              "pending": false,
              "context": null,
              "code": "cy.get('.color').each(function (color) {\n  cy.wrap(color).and('have.css', 'border', \"1px solid \".concat(BLACK)).and('have.class', 'color');\n});",
              "err": {
                "message": "CypressError: Timed out retrying: Expected to find element: '.color', but never found it.",
                "estack": "CypressError: Timed out retrying: Expected to find element: '.color', but never found it.\n    at cypressErr (http://localhost:45147/__cypress/runner/cypress_runner.js:149934:9)\n    at throwErr (http://localhost:45147/__cypress/runner/cypress_runner.js:149867:11)\n    at Object.throwErrByPath (http://localhost:45147/__cypress/runner/cypress_runner.js:149915:3)\n    at retry (http://localhost:45147/__cypress/runner/cypress_runner.js:144197:19)\n    at onFailFn (http://localhost:45147/__cypress/runner/cypress_runner.js:132448:16)\n    at tryCatcher (http://localhost:45147/__cypress/runner/cypress_runner.js:167415:23)\n    at Promise._settlePromiseFromHandler (http://localhost:45147/__cypress/runner/cypress_runner.js:165351:31)\n    at Promise._settlePromise (http://localhost:45147/__cypress/runner/cypress_runner.js:165408:18)\n    at Promise._settlePromise0 (http://localhost:45147/__cypress/runner/cypress_runner.js:165453:10)\n    at Promise._settlePromises (http://localhost:45147/__cypress/runner/cypress_runner.js:165528:18)\n    at Async../node_modules/bluebird/js/release/async.js.Async._drainQueue (http://localhost:45147/__cypress/runner/cypress_runner.js:162140:16)\n    at Async../node_modules/bluebird/js/release/async.js.Async._drainQueues (http://localhost:45147/__cypress/runner/cypress_runner.js:162150:10)\n    at Async.drainQueues (http://localhost:45147/__cypress/runner/cypress_runner.js:162024:14)",
                "diff": null
              },
              "uuid": "86624ee7-fcf7-4c72-b97e-952f51678f50",
              "parentUUID": "6e8165ce-4b53-4185-9bdc-3a23191209b0",
              "isHook": false,
              "skipped": false
            },
            {
              "title": "Verifica se a paleta lista todas as cores disponíveis para utilização, lado a lado.",
              "fullTitle": "2 - Adicione à página uma paleta de quatro cores distintas. Verifica se a paleta lista todas as cores disponíveis para utilização, lado a lado.",
              "timedOut": null,
              "duration": 4735,
              "state": "failed",
              "speed": null,
              "pass": false,
              "fail": true,
              "pending": false,
              "context": null,
              "code": "cy.get('.color').then(function (colors) {\n  for (var index = 1; index < colors.length; index += 1) {\n    var currentColor = colors[index];\n    var previousColor = colors[index - 1];\n    cy.wrap(currentColor).should('be.onTheRightOf', previousColor).and('be.horizontallyAlignedWith', previousColor);\n  }\n});",
              "err": {
                "message": "CypressError: Timed out retrying: Expected to find element: '.color', but never found it.",
                "estack": "CypressError: Timed out retrying: Expected to find element: '.color', but never found it.\n    at cypressErr (http://localhost:45147/__cypress/runner/cypress_runner.js:149934:9)\n    at throwErr (http://localhost:45147/__cypress/runner/cypress_runner.js:149867:11)\n    at Object.throwErrByPath (http://localhost:45147/__cypress/runner/cypress_runner.js:149915:3)\n    at retry (http://localhost:45147/__cypress/runner/cypress_runner.js:144197:19)\n    at onFailFn (http://localhost:45147/__cypress/runner/cypress_runner.js:132448:16)\n    at tryCatcher (http://localhost:45147/__cypress/runner/cypress_runner.js:167415:23)\n    at Promise._settlePromiseFromHandler (http://localhost:45147/__cypress/runner/cypress_runner.js:165351:31)\n    at Promise._settlePromise (http://localhost:45147/__cypress/runner/cypress_runner.js:165408:18)\n    at Promise._settlePromise0 (http://localhost:45147/__cypress/runner/cypress_runner.js:165453:10)\n    at Promise._settlePromises (http://localhost:45147/__cypress/runner/cypress_runner.js:165528:18)\n    at Async../node_modules/bluebird/js/release/async.js.Async._drainQueue (http://localhost:45147/__cypress/runner/cypress_runner.js:162140:16)\n    at Async../node_modules/bluebird/js/release/async.js.Async._drainQueues (http://localhost:45147/__cypress/runner/cypress_runner.js:162150:10)\n    at Async.drainQueues (http://localhost:45147/__cypress/runner/cypress_runner.js:162024:14)",
                "diff": null
              },
              "uuid": "10c6e5af-2573-4d62-952e-1a9aa50e5a8b",
              "parentUUID": "6e8165ce-4b53-4185-9bdc-3a23191209b0",
              "isHook": false,
              "skipped": false
            },
            {
              "title": "Verifica se a paleta de cores está posicionada abaixo do título 'Paleta de Cores'",
              "fullTitle": "2 - Adicione à página uma paleta de quatro cores distintas. Verifica se a paleta de cores está posicionada abaixo do título 'Paleta de Cores'",
              "timedOut": null,
              "duration": 4714,
              "state": "failed",
              "speed": null,
              "pass": false,
              "fail": true,
              "pending": false,
              "context": null,
              "code": "cy.get('h1#title').then(function (title) {\n  cy.get('#color-palette').should('be.belowOf', title);\n});",
              "err": {
                "message": "CypressError: Timed out retrying: Expected to find element: '#color-palette', but never found it.",
                "estack": "CypressError: Timed out retrying: Expected to find element: '#color-palette', but never found it.\n    at cypressErr (http://localhost:45147/__cypress/runner/cypress_runner.js:149934:9)\n    at throwErr (http://localhost:45147/__cypress/runner/cypress_runner.js:149867:11)\n    at Object.throwErrByPath (http://localhost:45147/__cypress/runner/cypress_runner.js:149915:3)\n    at retry (http://localhost:45147/__cypress/runner/cypress_runner.js:144197:19)\n    at onFailFn (http://localhost:45147/__cypress/runner/cypress_runner.js:132448:16)\n    at tryCatcher (http://localhost:45147/__cypress/runner/cypress_runner.js:167415:23)\n    at Promise._settlePromiseFromHandler (http://localhost:45147/__cypress/runner/cypress_runner.js:165351:31)\n    at Promise._settlePromise (http://localhost:45147/__cypress/runner/cypress_runner.js:165408:18)\n    at Promise._settlePromise0 (http://localhost:45147/__cypress/runner/cypress_runner.js:165453:10)\n    at Promise._settlePromises (http://localhost:45147/__cypress/runner/cypress_runner.js:165528:18)\n    at Async../node_modules/bluebird/js/release/async.js.Async._drainQueue (http://localhost:45147/__cypress/runner/cypress_runner.js:162140:16)\n    at Async../node_modules/bluebird/js/release/async.js.Async._drainQueues (http://localhost:45147/__cypress/runner/cypress_runner.js:162150:10)\n    at Async.drainQueues (http://localhost:45147/__cypress/runner/cypress_runner.js:162024:14)",
                "diff": null
              },
              "uuid": "535072fe-c881-44bc-a30c-b47be3c01787",
              "parentUUID": "6e8165ce-4b53-4185-9bdc-3a23191209b0",
              "isHook": false,
              "skipped": false
            },
            {
              "title": "Verifica se a paleta de cores não contém cores repetidas.",
              "fullTitle": "2 - Adicione à página uma paleta de quatro cores distintas. Verifica se a paleta de cores não contém cores repetidas.",
              "timedOut": null,
              "duration": 4988,
              "state": "failed",
              "speed": null,
              "pass": false,
              "fail": true,
              "pending": false,
              "context": null,
              "code": "cy.get('.color').then(function (colors) {\n  var allColors = Array.from(colors).map(function (color) {\n    return Cypress.$(color).css('background-color');\n  });\n  cy.log(allColors);\n  var uniqColors = (0, _toConsumableArray2[\"default\"])(new Set(allColors));\n  cy.log(uniqColors);\n  expect(allColors.length).to.eq(uniqColors.length);\n});",
              "err": {
                "message": "CypressError: Timed out retrying: Expected to find element: '.color', but never found it.",
                "estack": "CypressError: Timed out retrying: Expected to find element: '.color', but never found it.\n    at cypressErr (http://localhost:45147/__cypress/runner/cypress_runner.js:149934:9)\n    at throwErr (http://localhost:45147/__cypress/runner/cypress_runner.js:149867:11)\n    at Object.throwErrByPath (http://localhost:45147/__cypress/runner/cypress_runner.js:149915:3)\n    at retry (http://localhost:45147/__cypress/runner/cypress_runner.js:144197:19)\n    at onFailFn (http://localhost:45147/__cypress/runner/cypress_runner.js:132448:16)\n    at tryCatcher (http://localhost:45147/__cypress/runner/cypress_runner.js:167415:23)\n    at Promise._settlePromiseFromHandler (http://localhost:45147/__cypress/runner/cypress_runner.js:165351:31)\n    at Promise._settlePromise (http://localhost:45147/__cypress/runner/cypress_runner.js:165408:18)\n    at Promise._settlePromise0 (http://localhost:45147/__cypress/runner/cypress_runner.js:165453:10)\n    at Promise._settlePromises (http://localhost:45147/__cypress/runner/cypress_runner.js:165528:18)\n    at Async../node_modules/bluebird/js/release/async.js.Async._drainQueue (http://localhost:45147/__cypress/runner/cypress_runner.js:162140:16)\n    at Async../node_modules/bluebird/js/release/async.js.Async._drainQueues (http://localhost:45147/__cypress/runner/cypress_runner.js:162150:10)\n    at Async.drainQueues (http://localhost:45147/__cypress/runner/cypress_runner.js:162024:14)",
                "diff": null
              },
              "uuid": "7ff38891-ba2f-411d-927f-23c7fb5406a2",
              "parentUUID": "6e8165ce-4b53-4185-9bdc-3a23191209b0",
              "isHook": false,
              "skipped": false
            }
          ],
          "suites": [],
          "passes": [],
          "failures": [
            "9088aab0-e7b3-40b9-928e-22bb43a0f1cc",
            "284966c3-0379-4f0e-a346-fa76a3c16cd8",
            "651c8359-0453-49e6-8955-07c474b1e701",
            "86624ee7-fcf7-4c72-b97e-952f51678f50",
            "10c6e5af-2573-4d62-952e-1a9aa50e5a8b",
            "535072fe-c881-44bc-a30c-b47be3c01787",
            "7ff38891-ba2f-411d-927f-23c7fb5406a2"
          ],
          "pending": [],
          "skipped": [],
          "duration": 34049,
          "root": false,
          "rootEmpty": false,
          "_timeout": 2000
        },
        {
          "uuid": "7a626c3a-b549-4b86-8277-488290f2e978",
          "title": "3 - Adicione a cor **preta** como a primeira cor da paleta de cores.",
          "fullFile": "",
          "file": "",
          "beforeHooks": [],
          "afterHooks": [],
          "tests": [
            {
              "title": "Verifica se a primeira cor da paleta é preta",
              "fullTitle": "3 - Adicione a cor **preta** como a primeira cor da paleta de cores. Verifica se a primeira cor da paleta é preta",
              "timedOut": null,
              "duration": 4852,
              "state": "failed",
              "speed": null,
              "pass": false,
              "fail": true,
              "pending": false,
              "context": null,
              "code": "cy.get('.color').first().should('have.css', 'background-color', BLACK);",
              "err": {
                "message": "CypressError: Timed out retrying: Expected to find element: '.color', but never found it.",
                "estack": "CypressError: Timed out retrying: Expected to find element: '.color', but never found it.\n    at cypressErr (http://localhost:45147/__cypress/runner/cypress_runner.js:149934:9)\n    at throwErr (http://localhost:45147/__cypress/runner/cypress_runner.js:149867:11)\n    at Object.throwErrByPath (http://localhost:45147/__cypress/runner/cypress_runner.js:149915:3)\n    at retry (http://localhost:45147/__cypress/runner/cypress_runner.js:144197:19)\n    at onFailFn (http://localhost:45147/__cypress/runner/cypress_runner.js:132448:16)\n    at tryCatcher (http://localhost:45147/__cypress/runner/cypress_runner.js:167415:23)\n    at Promise._settlePromiseFromHandler (http://localhost:45147/__cypress/runner/cypress_runner.js:165351:31)\n    at Promise._settlePromise (http://localhost:45147/__cypress/runner/cypress_runner.js:165408:18)\n    at Promise._settlePromise0 (http://localhost:45147/__cypress/runner/cypress_runner.js:165453:10)\n    at Promise._settlePromises (http://localhost:45147/__cypress/runner/cypress_runner.js:165528:18)\n    at Async../node_modules/bluebird/js/release/async.js.Async._drainQueue (http://localhost:45147/__cypress/runner/cypress_runner.js:162140:16)\n    at Async../node_modules/bluebird/js/release/async.js.Async._drainQueues (http://localhost:45147/__cypress/runner/cypress_runner.js:162150:10)\n    at Async.drainQueues (http://localhost:45147/__cypress/runner/cypress_runner.js:162024:14)",
                "diff": null
              },
              "uuid": "b4935a78-666a-4b00-9443-afcce7d56acb",
              "parentUUID": "7a626c3a-b549-4b86-8277-488290f2e978",
              "isHook": false,
              "skipped": false
            },
            {
              "title": "Verifica se as demais cores podem ser escolhidas livremente.",
              "fullTitle": "3 - Adicione a cor **preta** como a primeira cor da paleta de cores. Verifica se as demais cores podem ser escolhidas livremente.",
              "timedOut": null,
              "duration": 4969,
              "state": "failed",
              "speed": null,
              "pass": false,
              "fail": true,
              "pending": false,
              "context": null,
              "code": "cy.get('.color').eq(1).should('not.have.css', 'background-color', BLACK);\ncy.get('.color').eq(1).should('not.have.css', 'background-color', WHITE);\ncy.get('.color').eq(1).should('not.have.css', 'background-color', 'rgba(0, 0, 0, 0)');\ncy.get('.color').eq(1).should('have.css', 'background-color');\ncy.get('.color').eq(2).should('not.have.css', 'background-color', BLACK);\ncy.get('.color').eq(2).should('not.have.css', 'background-color', WHITE);\ncy.get('.color').eq(2).should('not.have.css', 'background-color', 'rgba(0, 0, 0, 0)');\ncy.get('.color').eq(2).should('have.css', 'background-color');\ncy.get('.color').eq(3).should('not.have.css', 'background-color', BLACK);\ncy.get('.color').eq(3).should('not.have.css', 'background-color', WHITE);\ncy.get('.color').eq(3).should('not.have.css', 'background-color', 'rgba(0, 0, 0, 0)');\ncy.get('.color').eq(3).should('have.css', 'background-color');",
              "err": {
                "message": "CypressError: Timed out retrying: Expected to find element: '.color', but never found it.",
                "estack": "CypressError: Timed out retrying: Expected to find element: '.color', but never found it.\n    at cypressErr (http://localhost:45147/__cypress/runner/cypress_runner.js:149934:9)\n    at throwErr (http://localhost:45147/__cypress/runner/cypress_runner.js:149867:11)\n    at Object.throwErrByPath (http://localhost:45147/__cypress/runner/cypress_runner.js:149915:3)\n    at retry (http://localhost:45147/__cypress/runner/cypress_runner.js:144197:19)\n    at onFailFn (http://localhost:45147/__cypress/runner/cypress_runner.js:132448:16)\n    at tryCatcher (http://localhost:45147/__cypress/runner/cypress_runner.js:167415:23)\n    at Promise._settlePromiseFromHandler (http://localhost:45147/__cypress/runner/cypress_runner.js:165351:31)\n    at Promise._settlePromise (http://localhost:45147/__cypress/runner/cypress_runner.js:165408:18)\n    at Promise._settlePromise0 (http://localhost:45147/__cypress/runner/cypress_runner.js:165453:10)\n    at Promise._settlePromises (http://localhost:45147/__cypress/runner/cypress_runner.js:165528:18)\n    at Async../node_modules/bluebird/js/release/async.js.Async._drainQueue (http://localhost:45147/__cypress/runner/cypress_runner.js:162140:16)\n    at Async../node_modules/bluebird/js/release/async.js.Async._drainQueues (http://localhost:45147/__cypress/runner/cypress_runner.js:162150:10)\n    at Async.drainQueues (http://localhost:45147/__cypress/runner/cypress_runner.js:162024:14)",
                "diff": null
              },
              "uuid": "bfd5cdb2-fd2c-4407-9908-792c73f1f87e",
              "parentUUID": "7a626c3a-b549-4b86-8277-488290f2e978",
              "isHook": false,
              "skipped": false
            }
          ],
          "suites": [],
          "passes": [],
          "failures": [
            "b4935a78-666a-4b00-9443-afcce7d56acb",
            "bfd5cdb2-fd2c-4407-9908-792c73f1f87e"
          ],
          "pending": [],
          "skipped": [],
          "duration": 9821,
          "root": false,
          "rootEmpty": false,
          "_timeout": 2000
        },
        {
          "uuid": "972af4ca-6f27-4b09-88d0-429e3e62afc8",
          "title": "4 - Adicione à página um quadro de pixels, com 25 pixels.",
          "fullFile": "",
          "file": "",
          "beforeHooks": [],
          "afterHooks": [],
          "tests": [
            {
              "title": "Verifica se o quadro de pixels possui o `id` denominado `pixel-board`",
              "fullTitle": "4 - Adicione à página um quadro de pixels, com 25 pixels. Verifica se o quadro de pixels possui o `id` denominado `pixel-board`",
              "timedOut": null,
              "duration": 4882,
              "state": "failed",
              "speed": null,
              "pass": false,
              "fail": true,
              "pending": false,
              "context": null,
              "code": "cy.get('#pixel-board').should('be.visible');",
              "err": {
                "message": "CypressError: Timed out retrying: Expected to find element: '#pixel-board', but never found it.",
                "estack": "CypressError: Timed out retrying: Expected to find element: '#pixel-board', but never found it.\n    at cypressErr (http://localhost:45147/__cypress/runner/cypress_runner.js:149934:9)\n    at throwErr (http://localhost:45147/__cypress/runner/cypress_runner.js:149867:11)\n    at Object.throwErrByPath (http://localhost:45147/__cypress/runner/cypress_runner.js:149915:3)\n    at retry (http://localhost:45147/__cypress/runner/cypress_runner.js:144197:19)\n    at onFailFn (http://localhost:45147/__cypress/runner/cypress_runner.js:132448:16)\n    at tryCatcher (http://localhost:45147/__cypress/runner/cypress_runner.js:167415:23)\n    at Promise._settlePromiseFromHandler (http://localhost:45147/__cypress/runner/cypress_runner.js:165351:31)\n    at Promise._settlePromise (http://localhost:45147/__cypress/runner/cypress_runner.js:165408:18)\n    at Promise._settlePromise0 (http://localhost:45147/__cypress/runner/cypress_runner.js:165453:10)\n    at Promise._settlePromises (http://localhost:45147/__cypress/runner/cypress_runner.js:165528:18)\n    at Async../node_modules/bluebird/js/release/async.js.Async._drainQueue (http://localhost:45147/__cypress/runner/cypress_runner.js:162140:16)\n    at Async../node_modules/bluebird/js/release/async.js.Async._drainQueues (http://localhost:45147/__cypress/runner/cypress_runner.js:162150:10)\n    at Async.drainQueues (http://localhost:45147/__cypress/runner/cypress_runner.js:162024:14)",
                "diff": null
              },
              "uuid": "df221305-7c11-4f1c-b2e3-ce9e3c5b3bfc",
              "parentUUID": "972af4ca-6f27-4b09-88d0-429e3e62afc8",
              "isHook": false,
              "skipped": false
            },
            {
              "title": "Verifica se cada pixel individual dentro do quadro possui a `classe` denominada `pixel`.",
              "fullTitle": "4 - Adicione à página um quadro de pixels, com 25 pixels. Verifica se cada pixel individual dentro do quadro possui a `classe` denominada `pixel`.",
              "timedOut": null,
              "duration": 4874,
              "state": "failed",
              "speed": null,
              "pass": false,
              "fail": true,
              "pending": false,
              "context": null,
              "code": "cy.get('.pixel').should('have.length', 25);",
              "err": {
                "message": "CypressError: Timed out retrying: Expected to find element: '.pixel', but never found it.",
                "estack": "CypressError: Timed out retrying: Expected to find element: '.pixel', but never found it.\n    at cypressErr (http://localhost:45147/__cypress/runner/cypress_runner.js:149934:9)\n    at throwErr (http://localhost:45147/__cypress/runner/cypress_runner.js:149867:11)\n    at Object.throwErrByPath (http://localhost:45147/__cypress/runner/cypress_runner.js:149915:3)\n    at retry (http://localhost:45147/__cypress/runner/cypress_runner.js:144197:19)\n    at onFailFn (http://localhost:45147/__cypress/runner/cypress_runner.js:132448:16)\n    at tryCatcher (http://localhost:45147/__cypress/runner/cypress_runner.js:167415:23)\n    at Promise._settlePromiseFromHandler (http://localhost:45147/__cypress/runner/cypress_runner.js:165351:31)\n    at Promise._settlePromise (http://localhost:45147/__cypress/runner/cypress_runner.js:165408:18)\n    at Promise._settlePromise0 (http://localhost:45147/__cypress/runner/cypress_runner.js:165453:10)\n    at Promise._settlePromises (http://localhost:45147/__cypress/runner/cypress_runner.js:165528:18)\n    at Async../node_modules/bluebird/js/release/async.js.Async._drainQueue (http://localhost:45147/__cypress/runner/cypress_runner.js:162140:16)\n    at Async../node_modules/bluebird/js/release/async.js.Async._drainQueues (http://localhost:45147/__cypress/runner/cypress_runner.js:162150:10)\n    at Async.drainQueues (http://localhost:45147/__cypress/runner/cypress_runner.js:162024:14)",
                "diff": null
              },
              "uuid": "b5640159-4db5-4e03-8ce6-a632b9bcf318",
              "parentUUID": "972af4ca-6f27-4b09-88d0-429e3e62afc8",
              "isHook": false,
              "skipped": false
            },
            {
              "title": "Verifica se a cor inicial dos pixels dentro do quadro, ao abrir a página, é branca.",
              "fullTitle": "4 - Adicione à página um quadro de pixels, com 25 pixels. Verifica se a cor inicial dos pixels dentro do quadro, ao abrir a página, é branca.",
              "timedOut": null,
              "duration": 4906,
              "state": "failed",
              "speed": null,
              "pass": false,
              "fail": true,
              "pending": false,
              "context": null,
              "code": "cy.get('.pixel').should('have.length', 25).each(function (pixel) {\n  expect(pixel).to.have.css('background-color', WHITE);\n});",
              "err": {
                "message": "CypressError: Timed out retrying: Expected to find element: '.pixel', but never found it.",
                "estack": "CypressError: Timed out retrying: Expected to find element: '.pixel', but never found it.\n    at cypressErr (http://localhost:45147/__cypress/runner/cypress_runner.js:149934:9)\n    at throwErr (http://localhost:45147/__cypress/runner/cypress_runner.js:149867:11)\n    at Object.throwErrByPath (http://localhost:45147/__cypress/runner/cypress_runner.js:149915:3)\n    at retry (http://localhost:45147/__cypress/runner/cypress_runner.js:144197:19)\n    at onFailFn (http://localhost:45147/__cypress/runner/cypress_runner.js:132448:16)\n    at tryCatcher (http://localhost:45147/__cypress/runner/cypress_runner.js:167415:23)\n    at Promise._settlePromiseFromHandler (http://localhost:45147/__cypress/runner/cypress_runner.js:165351:31)\n    at Promise._settlePromise (http://localhost:45147/__cypress/runner/cypress_runner.js:165408:18)\n    at Promise._settlePromise0 (http://localhost:45147/__cypress/runner/cypress_runner.js:165453:10)\n    at Promise._settlePromises (http://localhost:45147/__cypress/runner/cypress_runner.js:165528:18)\n    at Async../node_modules/bluebird/js/release/async.js.Async._drainQueue (http://localhost:45147/__cypress/runner/cypress_runner.js:162140:16)\n    at Async../node_modules/bluebird/js/release/async.js.Async._drainQueues (http://localhost:45147/__cypress/runner/cypress_runner.js:162150:10)\n    at Async.drainQueues (http://localhost:45147/__cypress/runner/cypress_runner.js:162024:14)",
                "diff": null
              },
              "uuid": "fcab8b18-5b49-4adb-82e7-66c323a29a91",
              "parentUUID": "972af4ca-6f27-4b09-88d0-429e3e62afc8",
              "isHook": false,
              "skipped": false
            },
            {
              "title": "Verifica se o quadro de pixels aparece abaixo da paleta de cores",
              "fullTitle": "4 - Adicione à página um quadro de pixels, com 25 pixels. Verifica se o quadro de pixels aparece abaixo da paleta de cores",
              "timedOut": null,
              "duration": 4886,
              "state": "failed",
              "speed": null,
              "pass": false,
              "fail": true,
              "pending": false,
              "context": null,
              "code": "cy.get('#color-palette').then(function (palette) {\n  cy.get('#pixel-board').should('be.belowOf', palette);\n});",
              "err": {
                "message": "CypressError: Timed out retrying: Expected to find element: '#color-palette', but never found it.",
                "estack": "CypressError: Timed out retrying: Expected to find element: '#color-palette', but never found it.\n    at cypressErr (http://localhost:45147/__cypress/runner/cypress_runner.js:149934:9)\n    at throwErr (http://localhost:45147/__cypress/runner/cypress_runner.js:149867:11)\n    at Object.throwErrByPath (http://localhost:45147/__cypress/runner/cypress_runner.js:149915:3)\n    at retry (http://localhost:45147/__cypress/runner/cypress_runner.js:144197:19)\n    at onFailFn (http://localhost:45147/__cypress/runner/cypress_runner.js:132448:16)\n    at tryCatcher (http://localhost:45147/__cypress/runner/cypress_runner.js:167415:23)\n    at Promise._settlePromiseFromHandler (http://localhost:45147/__cypress/runner/cypress_runner.js:165351:31)\n    at Promise._settlePromise (http://localhost:45147/__cypress/runner/cypress_runner.js:165408:18)\n    at Promise._settlePromise0 (http://localhost:45147/__cypress/runner/cypress_runner.js:165453:10)\n    at Promise._settlePromises (http://localhost:45147/__cypress/runner/cypress_runner.js:165528:18)\n    at Async../node_modules/bluebird/js/release/async.js.Async._drainQueue (http://localhost:45147/__cypress/runner/cypress_runner.js:162140:16)\n    at Async../node_modules/bluebird/js/release/async.js.Async._drainQueues (http://localhost:45147/__cypress/runner/cypress_runner.js:162150:10)\n    at Async.drainQueues (http://localhost:45147/__cypress/runner/cypress_runner.js:162024:14)",
                "diff": null
              },
              "uuid": "16e8ab2f-7158-4f2b-a454-282b45154186",
              "parentUUID": "972af4ca-6f27-4b09-88d0-429e3e62afc8",
              "isHook": false,
              "skipped": false
            }
          ],
          "suites": [],
          "passes": [],
          "failures": [
            "df221305-7c11-4f1c-b2e3-ce9e3c5b3bfc",
            "b5640159-4db5-4e03-8ce6-a632b9bcf318",
            "fcab8b18-5b49-4adb-82e7-66c323a29a91",
            "16e8ab2f-7158-4f2b-a454-282b45154186"
          ],
          "pending": [],
          "skipped": [],
          "duration": 19548,
          "root": false,
          "rootEmpty": false,
          "_timeout": 2000
        },
        {
          "uuid": "85db780b-3a73-4844-a561-1d4ba87ef5f5",
          "title": "5 - Faça com que cada elemento do quadro de pixels possua 40 pixels de largura, 40 pixels de altura e seja delimitado por uma borda preta de 1 pixel.",
          "fullFile": "",
          "file": "",
          "beforeHooks": [],
          "afterHooks": [],
          "tests": [
            {
              "title": "Verifica se o quadro de pixels tem altura e comprimento de 5 elementos",
              "fullTitle": "5 - Faça com que cada elemento do quadro de pixels possua 40 pixels de largura, 40 pixels de altura e seja delimitado por uma borda preta de 1 pixel. Verifica se o quadro de pixels tem altura e comprimento de 5 elementos",
              "timedOut": null,
              "duration": 4930,
              "state": "failed",
              "speed": null,
              "pass": false,
              "fail": true,
              "pending": false,
              "context": null,
              "code": "cy.get('.pixel').should('have.length', 25).each(function (pixel) {\n  expect(pixel).to.have.css('background-color', WHITE);\n}).and(function (pixels) {\n  var rows = chunk(pixels, 5);\n  rows.forEach(function (row) {\n    for (var index = 1; index < row.length; index += 1) {\n      var current = pixels[index];\n      var previous = pixels[index - 1];\n      cy.wrap(current).should('be.onTheRightOf', previous).and('be.horizontallyAlignedWith', previous);\n    }\n  });\n  for (var index = 1; index < 5; index += 1) {\n    expect(pixels[index * 5]).to.be.belowOf(pixels[(index - 1) * 5]);\n  }\n});",
              "err": {
                "message": "CypressError: Timed out retrying: Expected to find element: '.pixel', but never found it.",
                "estack": "CypressError: Timed out retrying: Expected to find element: '.pixel', but never found it.\n    at cypressErr (http://localhost:45147/__cypress/runner/cypress_runner.js:149934:9)\n    at throwErr (http://localhost:45147/__cypress/runner/cypress_runner.js:149867:11)\n    at Object.throwErrByPath (http://localhost:45147/__cypress/runner/cypress_runner.js:149915:3)\n    at retry (http://localhost:45147/__cypress/runner/cypress_runner.js:144197:19)\n    at onFailFn (http://localhost:45147/__cypress/runner/cypress_runner.js:132448:16)\n    at tryCatcher (http://localhost:45147/__cypress/runner/cypress_runner.js:167415:23)\n    at Promise._settlePromiseFromHandler (http://localhost:45147/__cypress/runner/cypress_runner.js:165351:31)\n    at Promise._settlePromise (http://localhost:45147/__cypress/runner/cypress_runner.js:165408:18)\n    at Promise._settlePromise0 (http://localhost:45147/__cypress/runner/cypress_runner.js:165453:10)\n    at Promise._settlePromises (http://localhost:45147/__cypress/runner/cypress_runner.js:165528:18)\n    at Async../node_modules/bluebird/js/release/async.js.Async._drainQueue (http://localhost:45147/__cypress/runner/cypress_runner.js:162140:16)\n    at Async../node_modules/bluebird/js/release/async.js.Async._drainQueues (http://localhost:45147/__cypress/runner/cypress_runner.js:162150:10)\n    at Async.drainQueues (http://localhost:45147/__cypress/runner/cypress_runner.js:162024:14)",
                "diff": null
              },
              "uuid": "c03c264c-27c9-4c73-a3c5-9efc9cb660e1",
              "parentUUID": "85db780b-3a73-4844-a561-1d4ba87ef5f5",
              "isHook": false,
              "skipped": false
            },
            {
              "title": "Verifica se 40 pixels é o tamanho total do elemento, incluindo seu conteúdo e excluindo a borda preta, que deve ser criada à parte.",
              "fullTitle": "5 - Faça com que cada elemento do quadro de pixels possua 40 pixels de largura, 40 pixels de altura e seja delimitado por uma borda preta de 1 pixel. Verifica se 40 pixels é o tamanho total do elemento, incluindo seu conteúdo e excluindo a borda preta, que deve ser criada à parte.",
              "timedOut": null,
              "duration": 4963,
              "state": "failed",
              "speed": null,
              "pass": false,
              "fail": true,
              "pending": false,
              "context": null,
              "code": "cy.get('.pixel').each(function (pixel) {\n  cy.wrap(pixel).should('have.css', 'height', '40px').and('have.css', 'width', '40px').and('have.css', 'border', \"1px solid \".concat(BLACK));\n});",
              "err": {
                "message": "CypressError: Timed out retrying: Expected to find element: '.pixel', but never found it.",
                "estack": "CypressError: Timed out retrying: Expected to find element: '.pixel', but never found it.\n    at cypressErr (http://localhost:45147/__cypress/runner/cypress_runner.js:149934:9)\n    at throwErr (http://localhost:45147/__cypress/runner/cypress_runner.js:149867:11)\n    at Object.throwErrByPath (http://localhost:45147/__cypress/runner/cypress_runner.js:149915:3)\n    at retry (http://localhost:45147/__cypress/runner/cypress_runner.js:144197:19)\n    at onFailFn (http://localhost:45147/__cypress/runner/cypress_runner.js:132448:16)\n    at tryCatcher (http://localhost:45147/__cypress/runner/cypress_runner.js:167415:23)\n    at Promise._settlePromiseFromHandler (http://localhost:45147/__cypress/runner/cypress_runner.js:165351:31)\n    at Promise._settlePromise (http://localhost:45147/__cypress/runner/cypress_runner.js:165408:18)\n    at Promise._settlePromise0 (http://localhost:45147/__cypress/runner/cypress_runner.js:165453:10)\n    at Promise._settlePromises (http://localhost:45147/__cypress/runner/cypress_runner.js:165528:18)\n    at Async../node_modules/bluebird/js/release/async.js.Async._drainQueue (http://localhost:45147/__cypress/runner/cypress_runner.js:162140:16)\n    at Async../node_modules/bluebird/js/release/async.js.Async._drainQueues (http://localhost:45147/__cypress/runner/cypress_runner.js:162150:10)\n    at Async.drainQueues (http://localhost:45147/__cypress/runner/cypress_runner.js:162024:14)",
                "diff": null
              },
              "uuid": "cb76bce2-2d8f-4a6e-a0ce-7646bc2490c4",
              "parentUUID": "85db780b-3a73-4844-a561-1d4ba87ef5f5",
              "isHook": false,
              "skipped": false
            }
          ],
          "suites": [],
          "passes": [],
          "failures": [
            "c03c264c-27c9-4c73-a3c5-9efc9cb660e1",
            "cb76bce2-2d8f-4a6e-a0ce-7646bc2490c4"
          ],
          "pending": [],
          "skipped": [],
          "duration": 9893,
          "root": false,
          "rootEmpty": false,
          "_timeout": 2000
        },
        {
          "uuid": "ba03ff67-5e38-49b0-a8ab-a79fcee97797",
          "title": "6 - Defina a cor preta como cor inicial. Ao carregar a página a cor preta já deve estar selecionada para pintar os pixels",
          "fullFile": "",
          "file": "",
          "beforeHooks": [],
          "afterHooks": [],
          "tests": [
            {
              "title": "Verifica se o elemento da cor preta possui, inicialmente, a `classe` `selected`",
              "fullTitle": "6 - Defina a cor preta como cor inicial. Ao carregar a página a cor preta já deve estar selecionada para pintar os pixels Verifica se o elemento da cor preta possui, inicialmente, a `classe` `selected`",
              "timedOut": null,
              "duration": 4890,
              "state": "failed",
              "speed": null,
              "pass": false,
              "fail": true,
              "pending": false,
              "context": null,
              "code": "cy.get('.selected').first().should('have.css', 'background-color', BLACK);",
              "err": {
                "message": "CypressError: Timed out retrying: Expected to find element: '.selected', but never found it.",
                "estack": "CypressError: Timed out retrying: Expected to find element: '.selected', but never found it.\n    at cypressErr (http://localhost:45147/__cypress/runner/cypress_runner.js:149934:9)\n    at throwErr (http://localhost:45147/__cypress/runner/cypress_runner.js:149867:11)\n    at Object.throwErrByPath (http://localhost:45147/__cypress/runner/cypress_runner.js:149915:3)\n    at retry (http://localhost:45147/__cypress/runner/cypress_runner.js:144197:19)\n    at onFailFn (http://localhost:45147/__cypress/runner/cypress_runner.js:132448:16)\n    at tryCatcher (http://localhost:45147/__cypress/runner/cypress_runner.js:167415:23)\n    at Promise._settlePromiseFromHandler (http://localhost:45147/__cypress/runner/cypress_runner.js:165351:31)\n    at Promise._settlePromise (http://localhost:45147/__cypress/runner/cypress_runner.js:165408:18)\n    at Promise._settlePromise0 (http://localhost:45147/__cypress/runner/cypress_runner.js:165453:10)\n    at Promise._settlePromises (http://localhost:45147/__cypress/runner/cypress_runner.js:165528:18)\n    at Async../node_modules/bluebird/js/release/async.js.Async._drainQueue (http://localhost:45147/__cypress/runner/cypress_runner.js:162140:16)\n    at Async../node_modules/bluebird/js/release/async.js.Async._drainQueues (http://localhost:45147/__cypress/runner/cypress_runner.js:162150:10)\n    at Async.drainQueues (http://localhost:45147/__cypress/runner/cypress_runner.js:162024:14)",
                "diff": null
              },
              "uuid": "a4e93dda-9a41-4e6d-82d3-f78b4f17944e",
              "parentUUID": "ba03ff67-5e38-49b0-a8ab-a79fcee97797",
              "isHook": false,
              "skipped": false
            },
            {
              "title": "Verifica se nenhuma outra cor da paleta tem a `classe` `selected`",
              "fullTitle": "6 - Defina a cor preta como cor inicial. Ao carregar a página a cor preta já deve estar selecionada para pintar os pixels Verifica se nenhuma outra cor da paleta tem a `classe` `selected`",
              "timedOut": null,
              "duration": 4938,
              "state": "failed",
              "speed": null,
              "pass": false,
              "fail": true,
              "pending": false,
              "context": null,
              "code": "cy.get('.color:not(:first-child)').each(function (color) {\n  cy.wrap(color).should('not.have.class', 'selected');\n});",
              "err": {
                "message": "CypressError: Timed out retrying: Expected to find element: '.color:not(:first-child)', but never found it.",
                "estack": "CypressError: Timed out retrying: Expected to find element: '.color:not(:first-child)', but never found it.\n    at cypressErr (http://localhost:45147/__cypress/runner/cypress_runner.js:149934:9)\n    at throwErr (http://localhost:45147/__cypress/runner/cypress_runner.js:149867:11)\n    at Object.throwErrByPath (http://localhost:45147/__cypress/runner/cypress_runner.js:149915:3)\n    at retry (http://localhost:45147/__cypress/runner/cypress_runner.js:144197:19)\n    at onFailFn (http://localhost:45147/__cypress/runner/cypress_runner.js:132448:16)\n    at tryCatcher (http://localhost:45147/__cypress/runner/cypress_runner.js:167415:23)\n    at Promise._settlePromiseFromHandler (http://localhost:45147/__cypress/runner/cypress_runner.js:165351:31)\n    at Promise._settlePromise (http://localhost:45147/__cypress/runner/cypress_runner.js:165408:18)\n    at Promise._settlePromise0 (http://localhost:45147/__cypress/runner/cypress_runner.js:165453:10)\n    at Promise._settlePromises (http://localhost:45147/__cypress/runner/cypress_runner.js:165528:18)\n    at Async../node_modules/bluebird/js/release/async.js.Async._drainQueue (http://localhost:45147/__cypress/runner/cypress_runner.js:162140:16)\n    at Async../node_modules/bluebird/js/release/async.js.Async._drainQueues (http://localhost:45147/__cypress/runner/cypress_runner.js:162150:10)\n    at Async.drainQueues (http://localhost:45147/__cypress/runner/cypress_runner.js:162024:14)",
                "diff": null
              },
              "uuid": "3a36dfca-e627-4489-9d10-bc260d5147f0",
              "parentUUID": "ba03ff67-5e38-49b0-a8ab-a79fcee97797",
              "isHook": false,
              "skipped": false
            }
          ],
          "suites": [],
          "passes": [],
          "failures": [
            "a4e93dda-9a41-4e6d-82d3-f78b4f17944e",
            "3a36dfca-e627-4489-9d10-bc260d5147f0"
          ],
          "pending": [],
          "skipped": [],
          "duration": 9828,
          "root": false,
          "rootEmpty": false,
          "_timeout": 2000
        },
        {
          "uuid": "8dc83e0d-e578-4988-8210-dd95cfaa1bd1",
          "title": "7 - Clicar em uma das cores da paleta, faz com que ela seja selecionada e utilizada para preencher os pixels no quadro.",
          "fullFile": "",
          "file": "",
          "beforeHooks": [],
          "afterHooks": [],
          "tests": [
            {
              "title": "Verifica se somente uma cor da paleta de cores tem a classe `selected` de cada vez",
              "fullTitle": "7 - Clicar em uma das cores da paleta, faz com que ela seja selecionada e utilizada para preencher os pixels no quadro. Verifica se somente uma cor da paleta de cores tem a classe `selected` de cada vez",
              "timedOut": null,
              "duration": 5024,
              "state": "failed",
              "speed": null,
              "pass": false,
              "fail": true,
              "pending": false,
              "context": null,
              "code": "cy.get('.color').each(function (selectedColor, selectedColorIndex) {\n  cy.wrap(selectedColor).click();\n  cy.get('.color').each(function (color, colorIndex) {\n    if (colorIndex === selectedColorIndex) {\n      expect(color).to.have[\"class\"]('selected');\n    } else {\n      expect(color).not.to.have[\"class\"]('selected');\n    }\n  });\n});",
              "err": {
                "message": "CypressError: Timed out retrying: Expected to find element: '.color', but never found it.",
                "estack": "CypressError: Timed out retrying: Expected to find element: '.color', but never found it.\n    at cypressErr (http://localhost:45147/__cypress/runner/cypress_runner.js:149934:9)\n    at throwErr (http://localhost:45147/__cypress/runner/cypress_runner.js:149867:11)\n    at Object.throwErrByPath (http://localhost:45147/__cypress/runner/cypress_runner.js:149915:3)\n    at retry (http://localhost:45147/__cypress/runner/cypress_runner.js:144197:19)\n    at onFailFn (http://localhost:45147/__cypress/runner/cypress_runner.js:132448:16)\n    at tryCatcher (http://localhost:45147/__cypress/runner/cypress_runner.js:167415:23)\n    at Promise._settlePromiseFromHandler (http://localhost:45147/__cypress/runner/cypress_runner.js:165351:31)\n    at Promise._settlePromise (http://localhost:45147/__cypress/runner/cypress_runner.js:165408:18)\n    at Promise._settlePromise0 (http://localhost:45147/__cypress/runner/cypress_runner.js:165453:10)\n    at Promise._settlePromises (http://localhost:45147/__cypress/runner/cypress_runner.js:165528:18)\n    at Async../node_modules/bluebird/js/release/async.js.Async._drainQueue (http://localhost:45147/__cypress/runner/cypress_runner.js:162140:16)\n    at Async../node_modules/bluebird/js/release/async.js.Async._drainQueues (http://localhost:45147/__cypress/runner/cypress_runner.js:162150:10)\n    at Async.drainQueues (http://localhost:45147/__cypress/runner/cypress_runner.js:162024:14)",
                "diff": null
              },
              "uuid": "188acf2b-64cd-45e4-ba96-92b895ef1b10",
              "parentUUID": "8dc83e0d-e578-4988-8210-dd95cfaa1bd1",
              "isHook": false,
              "skipped": false
            },
            {
              "title": "Verifica se os pixels dentro do quadro não têm a classe `selected` quando são clicados",
              "fullTitle": "7 - Clicar em uma das cores da paleta, faz com que ela seja selecionada e utilizada para preencher os pixels no quadro. Verifica se os pixels dentro do quadro não têm a classe `selected` quando são clicados",
              "timedOut": null,
              "duration": 4823,
              "state": "failed",
              "speed": null,
              "pass": false,
              "fail": true,
              "pending": false,
              "context": null,
              "code": "cy.get('.color').each(function (color) {\n  var backgroundColor = color.css('background-color');\n  cy.wrap(color).click();\n  cy.get('.pixel').each(function (pixel) {\n    cy.wrap(pixel).click().should('not.have.class', 'selected');\n  });\n});",
              "err": {
                "message": "CypressError: Timed out retrying: Expected to find element: '.color', but never found it.",
                "estack": "CypressError: Timed out retrying: Expected to find element: '.color', but never found it.\n    at cypressErr (http://localhost:45147/__cypress/runner/cypress_runner.js:149934:9)\n    at throwErr (http://localhost:45147/__cypress/runner/cypress_runner.js:149867:11)\n    at Object.throwErrByPath (http://localhost:45147/__cypress/runner/cypress_runner.js:149915:3)\n    at retry (http://localhost:45147/__cypress/runner/cypress_runner.js:144197:19)\n    at onFailFn (http://localhost:45147/__cypress/runner/cypress_runner.js:132448:16)\n    at tryCatcher (http://localhost:45147/__cypress/runner/cypress_runner.js:167415:23)\n    at Promise._settlePromiseFromHandler (http://localhost:45147/__cypress/runner/cypress_runner.js:165351:31)\n    at Promise._settlePromise (http://localhost:45147/__cypress/runner/cypress_runner.js:165408:18)\n    at Promise._settlePromise0 (http://localhost:45147/__cypress/runner/cypress_runner.js:165453:10)\n    at Promise._settlePromises (http://localhost:45147/__cypress/runner/cypress_runner.js:165528:18)\n    at Async../node_modules/bluebird/js/release/async.js.Async._drainQueue (http://localhost:45147/__cypress/runner/cypress_runner.js:162140:16)\n    at Async../node_modules/bluebird/js/release/async.js.Async._drainQueues (http://localhost:45147/__cypress/runner/cypress_runner.js:162150:10)\n    at Async.drainQueues (http://localhost:45147/__cypress/runner/cypress_runner.js:162024:14)",
                "diff": null
              },
              "uuid": "ea730223-f6d2-4e7e-9900-66f68f021817",
              "parentUUID": "8dc83e0d-e578-4988-8210-dd95cfaa1bd1",
              "isHook": false,
              "skipped": false
            }
          ],
          "suites": [],
          "passes": [],
          "failures": [
            "188acf2b-64cd-45e4-ba96-92b895ef1b10",
            "ea730223-f6d2-4e7e-9900-66f68f021817"
          ],
          "pending": [],
          "skipped": [],
          "duration": 9847,
          "root": false,
          "rootEmpty": false,
          "_timeout": 2000
        },
        {
          "uuid": "9268e4f6-2271-4108-8776-5004528b0d2d",
          "title": "8 - Clicar em um pixel dentro do quadro após selecionar uma cor na paleta, faz com que o pixel seja preenchido com a cor selecionada.",
          "fullFile": "",
          "file": "",
          "beforeHooks": [],
          "afterHooks": [],
          "tests": [
            {
              "title": "Verifica se ao carregar a página deve ser possível pintar os pixels de preto",
              "fullTitle": "8 - Clicar em um pixel dentro do quadro após selecionar uma cor na paleta, faz com que o pixel seja preenchido com a cor selecionada. Verifica se ao carregar a página deve ser possível pintar os pixels de preto",
              "timedOut": null,
              "duration": 4641,
              "state": "failed",
              "speed": null,
              "pass": false,
              "fail": true,
              "pending": false,
              "context": null,
              "code": "cy.get('.pixel').each(function (pixel) {\n  cy.wrap(pixel).click().should('have.css', 'background-color', BLACK);\n});",
              "err": {
                "message": "CypressError: Timed out retrying: Expected to find element: '.pixel', but never found it.",
                "estack": "CypressError: Timed out retrying: Expected to find element: '.pixel', but never found it.\n    at cypressErr (http://localhost:45147/__cypress/runner/cypress_runner.js:149934:9)\n    at throwErr (http://localhost:45147/__cypress/runner/cypress_runner.js:149867:11)\n    at Object.throwErrByPath (http://localhost:45147/__cypress/runner/cypress_runner.js:149915:3)\n    at retry (http://localhost:45147/__cypress/runner/cypress_runner.js:144197:19)\n    at onFailFn (http://localhost:45147/__cypress/runner/cypress_runner.js:132448:16)\n    at tryCatcher (http://localhost:45147/__cypress/runner/cypress_runner.js:167415:23)\n    at Promise._settlePromiseFromHandler (http://localhost:45147/__cypress/runner/cypress_runner.js:165351:31)\n    at Promise._settlePromise (http://localhost:45147/__cypress/runner/cypress_runner.js:165408:18)\n    at Promise._settlePromise0 (http://localhost:45147/__cypress/runner/cypress_runner.js:165453:10)\n    at Promise._settlePromises (http://localhost:45147/__cypress/runner/cypress_runner.js:165528:18)\n    at Async../node_modules/bluebird/js/release/async.js.Async._drainQueue (http://localhost:45147/__cypress/runner/cypress_runner.js:162140:16)\n    at Async../node_modules/bluebird/js/release/async.js.Async._drainQueues (http://localhost:45147/__cypress/runner/cypress_runner.js:162150:10)\n    at Async.drainQueues (http://localhost:45147/__cypress/runner/cypress_runner.js:162024:14)",
                "diff": null
              },
              "uuid": "657ffd43-ae68-4101-871c-5a54763062c5",
              "parentUUID": "9268e4f6-2271-4108-8776-5004528b0d2d",
              "isHook": false,
              "skipped": false
            },
            {
              "title": "Verifica se após selecionar uma outra cor na paleta, é possível pintar os pixels com essa cor",
              "fullTitle": "8 - Clicar em um pixel dentro do quadro após selecionar uma cor na paleta, faz com que o pixel seja preenchido com a cor selecionada. Verifica se após selecionar uma outra cor na paleta, é possível pintar os pixels com essa cor",
              "timedOut": null,
              "duration": 4985,
              "state": "failed",
              "speed": null,
              "pass": false,
              "fail": true,
              "pending": false,
              "context": null,
              "code": "cy.get('.color').each(function (color) {\n  var backgroundColor = color.css('background-color');\n  cy.wrap(color).click();\n  cy.get('.pixel').each(function (pixel) {\n    cy.wrap(pixel).click().should('have.css', 'background-color', backgroundColor);\n  });\n});",
              "err": {
                "message": "CypressError: Timed out retrying: Expected to find element: '.color', but never found it.",
                "estack": "CypressError: Timed out retrying: Expected to find element: '.color', but never found it.\n    at cypressErr (http://localhost:45147/__cypress/runner/cypress_runner.js:149934:9)\n    at throwErr (http://localhost:45147/__cypress/runner/cypress_runner.js:149867:11)\n    at Object.throwErrByPath (http://localhost:45147/__cypress/runner/cypress_runner.js:149915:3)\n    at retry (http://localhost:45147/__cypress/runner/cypress_runner.js:144197:19)\n    at onFailFn (http://localhost:45147/__cypress/runner/cypress_runner.js:132448:16)\n    at tryCatcher (http://localhost:45147/__cypress/runner/cypress_runner.js:167415:23)\n    at Promise._settlePromiseFromHandler (http://localhost:45147/__cypress/runner/cypress_runner.js:165351:31)\n    at Promise._settlePromise (http://localhost:45147/__cypress/runner/cypress_runner.js:165408:18)\n    at Promise._settlePromise0 (http://localhost:45147/__cypress/runner/cypress_runner.js:165453:10)\n    at Promise._settlePromises (http://localhost:45147/__cypress/runner/cypress_runner.js:165528:18)\n    at Async../node_modules/bluebird/js/release/async.js.Async._drainQueue (http://localhost:45147/__cypress/runner/cypress_runner.js:162140:16)\n    at Async../node_modules/bluebird/js/release/async.js.Async._drainQueues (http://localhost:45147/__cypress/runner/cypress_runner.js:162150:10)\n    at Async.drainQueues (http://localhost:45147/__cypress/runner/cypress_runner.js:162024:14)",
                "diff": null
              },
              "uuid": "27f9d1e6-d73a-44d2-84ae-f4ae904a8c91",
              "parentUUID": "9268e4f6-2271-4108-8776-5004528b0d2d",
              "isHook": false,
              "skipped": false
            },
            {
              "title": "Verifica se somente o pixel que foi clicado foi preenchido com a cor selecionada, sem influenciar na cor dos demais pixels.",
              "fullTitle": "8 - Clicar em um pixel dentro do quadro após selecionar uma cor na paleta, faz com que o pixel seja preenchido com a cor selecionada. Verifica se somente o pixel que foi clicado foi preenchido com a cor selecionada, sem influenciar na cor dos demais pixels.",
              "timedOut": null,
              "duration": 4799,
              "state": "failed",
              "speed": null,
              "pass": false,
              "fail": true,
              "pending": false,
              "context": null,
              "code": "var colorToPixelIndexMap = {\n  0: 6,\n  1: 8,\n  2: 16,\n  3: 18\n};\ncy.get('.color').each(function (color, index) {\n  cy.wrap(color).click();\n  var backgroundColor = color.css('background-color');\n  var clickedPixelIndex = colorToPixelIndexMap[index];\n  cy.get('.pixel').eq(clickedPixelIndex).click();\n  cy.get('.pixel').eq(clickedPixelIndex - 1).should('not.have.css', 'background-color', backgroundColor);\n  cy.get('.pixel').eq(clickedPixelIndex + 1).should('not.have.css', 'background-color', backgroundColor);\n  cy.get('.pixel').eq(clickedPixelIndex - 5).should('not.have.css', 'background-color', backgroundColor);\n  cy.get('.pixel').eq(clickedPixelIndex + 5).should('not.have.css', 'background-color', backgroundColor);\n  cy.get('.pixel').eq(clickedPixelIndex - 6).should('not.have.css', 'background-color', backgroundColor);\n  cy.get('.pixel').eq(clickedPixelIndex - 4).should('not.have.css', 'background-color', backgroundColor);\n  cy.get('.pixel').eq(clickedPixelIndex + 4).should('not.have.css', 'background-color', backgroundColor);\n  cy.get('.pixel').eq(clickedPixelIndex + 6).should('not.have.css', 'background-color', backgroundColor);\n});",
              "err": {
                "message": "CypressError: Timed out retrying: Expected to find element: '.color', but never found it.",
                "estack": "CypressError: Timed out retrying: Expected to find element: '.color', but never found it.\n    at cypressErr (http://localhost:45147/__cypress/runner/cypress_runner.js:149934:9)\n    at throwErr (http://localhost:45147/__cypress/runner/cypress_runner.js:149867:11)\n    at Object.throwErrByPath (http://localhost:45147/__cypress/runner/cypress_runner.js:149915:3)\n    at retry (http://localhost:45147/__cypress/runner/cypress_runner.js:144197:19)\n    at onFailFn (http://localhost:45147/__cypress/runner/cypress_runner.js:132448:16)\n    at tryCatcher (http://localhost:45147/__cypress/runner/cypress_runner.js:167415:23)\n    at Promise._settlePromiseFromHandler (http://localhost:45147/__cypress/runner/cypress_runner.js:165351:31)\n    at Promise._settlePromise (http://localhost:45147/__cypress/runner/cypress_runner.js:165408:18)\n    at Promise._settlePromise0 (http://localhost:45147/__cypress/runner/cypress_runner.js:165453:10)\n    at Promise._settlePromises (http://localhost:45147/__cypress/runner/cypress_runner.js:165528:18)\n    at Async../node_modules/bluebird/js/release/async.js.Async._drainQueue (http://localhost:45147/__cypress/runner/cypress_runner.js:162140:16)\n    at Async../node_modules/bluebird/js/release/async.js.Async._drainQueues (http://localhost:45147/__cypress/runner/cypress_runner.js:162150:10)\n    at Async.drainQueues (http://localhost:45147/__cypress/runner/cypress_runner.js:162024:14)",
                "diff": null
              },
              "uuid": "89b662b0-94d5-4dfe-97c0-ef06c96301ad",
              "parentUUID": "9268e4f6-2271-4108-8776-5004528b0d2d",
              "isHook": false,
              "skipped": false
            }
          ],
          "suites": [],
          "passes": [],
          "failures": [
            "657ffd43-ae68-4101-871c-5a54763062c5",
            "27f9d1e6-d73a-44d2-84ae-f4ae904a8c91",
            "89b662b0-94d5-4dfe-97c0-ef06c96301ad"
          ],
          "pending": [],
          "skipped": [],
          "duration": 14425,
          "root": false,
          "rootEmpty": false,
          "_timeout": 2000
        },
        {
          "uuid": "e9952f36-8af2-4f79-93f8-6587433663d1",
          "title": "9 - Crie um botão que, ao ser clicado, limpa o quadro preenchendo a cor de todos seus pixels com branco.",
          "fullFile": "",
          "file": "",
          "beforeHooks": [],
          "afterHooks": [],
          "tests": [
            {
              "title": "Verifica se o botão tem o `id` denominado `clear-board`",
              "fullTitle": "9 - Crie um botão que, ao ser clicado, limpa o quadro preenchendo a cor de todos seus pixels com branco. Verifica se o botão tem o `id` denominado `clear-board`",
              "timedOut": null,
              "duration": 5038,
              "state": "failed",
              "speed": null,
              "pass": false,
              "fail": true,
              "pending": false,
              "context": null,
              "code": "cy.get('#clear-board').should('be.visible');",
              "err": {
                "message": "CypressError: Timed out retrying: Expected to find element: '#clear-board', but never found it.",
                "estack": "CypressError: Timed out retrying: Expected to find element: '#clear-board', but never found it.\n    at cypressErr (http://localhost:45147/__cypress/runner/cypress_runner.js:149934:9)\n    at throwErr (http://localhost:45147/__cypress/runner/cypress_runner.js:149867:11)\n    at Object.throwErrByPath (http://localhost:45147/__cypress/runner/cypress_runner.js:149915:3)\n    at retry (http://localhost:45147/__cypress/runner/cypress_runner.js:144197:19)\n    at onFailFn (http://localhost:45147/__cypress/runner/cypress_runner.js:132448:16)\n    at tryCatcher (http://localhost:45147/__cypress/runner/cypress_runner.js:167415:23)\n    at Promise._settlePromiseFromHandler (http://localhost:45147/__cypress/runner/cypress_runner.js:165351:31)\n    at Promise._settlePromise (http://localhost:45147/__cypress/runner/cypress_runner.js:165408:18)\n    at Promise._settlePromise0 (http://localhost:45147/__cypress/runner/cypress_runner.js:165453:10)\n    at Promise._settlePromises (http://localhost:45147/__cypress/runner/cypress_runner.js:165528:18)\n    at Async../node_modules/bluebird/js/release/async.js.Async._drainQueue (http://localhost:45147/__cypress/runner/cypress_runner.js:162140:16)\n    at Async../node_modules/bluebird/js/release/async.js.Async._drainQueues (http://localhost:45147/__cypress/runner/cypress_runner.js:162150:10)\n    at Async.drainQueues (http://localhost:45147/__cypress/runner/cypress_runner.js:162024:14)",
                "diff": null
              },
              "uuid": "ecc0b0b0-9626-4b52-a24b-da5a539845c8",
              "parentUUID": "e9952f36-8af2-4f79-93f8-6587433663d1",
              "isHook": false,
              "skipped": false
            },
            {
              "title": "Verifica se o botão está posicionado entre a paleta de cores e o quadro de pixels",
              "fullTitle": "9 - Crie um botão que, ao ser clicado, limpa o quadro preenchendo a cor de todos seus pixels com branco. Verifica se o botão está posicionado entre a paleta de cores e o quadro de pixels",
              "timedOut": null,
              "duration": 4927,
              "state": "failed",
              "speed": null,
              "pass": false,
              "fail": true,
              "pending": false,
              "context": null,
              "code": "cy.get('#color-palette').then(function (palette) {\n  cy.get('#clear-board').should('be.belowOf', palette);\n});\ncy.get('#clear-board').then(function (clearBtn) {\n  cy.get('#pixel-board').should('be.belowOf', clearBtn);\n});",
              "err": {
                "message": "CypressError: Timed out retrying: Expected to find element: '#color-palette', but never found it.",
                "estack": "CypressError: Timed out retrying: Expected to find element: '#color-palette', but never found it.\n    at cypressErr (http://localhost:45147/__cypress/runner/cypress_runner.js:149934:9)\n    at throwErr (http://localhost:45147/__cypress/runner/cypress_runner.js:149867:11)\n    at Object.throwErrByPath (http://localhost:45147/__cypress/runner/cypress_runner.js:149915:3)\n    at retry (http://localhost:45147/__cypress/runner/cypress_runner.js:144197:19)\n    at onFailFn (http://localhost:45147/__cypress/runner/cypress_runner.js:132448:16)\n    at tryCatcher (http://localhost:45147/__cypress/runner/cypress_runner.js:167415:23)\n    at Promise._settlePromiseFromHandler (http://localhost:45147/__cypress/runner/cypress_runner.js:165351:31)\n    at Promise._settlePromise (http://localhost:45147/__cypress/runner/cypress_runner.js:165408:18)\n    at Promise._settlePromise0 (http://localhost:45147/__cypress/runner/cypress_runner.js:165453:10)\n    at Promise._settlePromises (http://localhost:45147/__cypress/runner/cypress_runner.js:165528:18)\n    at Async../node_modules/bluebird/js/release/async.js.Async._drainQueue (http://localhost:45147/__cypress/runner/cypress_runner.js:162140:16)\n    at Async../node_modules/bluebird/js/release/async.js.Async._drainQueues (http://localhost:45147/__cypress/runner/cypress_runner.js:162150:10)\n    at Async.drainQueues (http://localhost:45147/__cypress/runner/cypress_runner.js:162024:14)",
                "diff": null
              },
              "uuid": "ce80f428-8b17-4cff-bdff-ebdb4f75b821",
              "parentUUID": "e9952f36-8af2-4f79-93f8-6587433663d1",
              "isHook": false,
              "skipped": false
            },
            {
              "title": "Verifica se o texto do botão é 'Limpar'",
              "fullTitle": "9 - Crie um botão que, ao ser clicado, limpa o quadro preenchendo a cor de todos seus pixels com branco. Verifica se o texto do botão é 'Limpar'",
              "timedOut": null,
              "duration": 4986,
              "state": "failed",
              "speed": null,
              "pass": false,
              "fail": true,
              "pending": false,
              "context": null,
              "code": "cy.get('#clear-board').should('contain.text', 'Limpar');",
              "err": {
                "message": "CypressError: Timed out retrying: Expected to find element: '#clear-board', but never found it.",
                "estack": "CypressError: Timed out retrying: Expected to find element: '#clear-board', but never found it.\n    at cypressErr (http://localhost:45147/__cypress/runner/cypress_runner.js:149934:9)\n    at throwErr (http://localhost:45147/__cypress/runner/cypress_runner.js:149867:11)\n    at Object.throwErrByPath (http://localhost:45147/__cypress/runner/cypress_runner.js:149915:3)\n    at retry (http://localhost:45147/__cypress/runner/cypress_runner.js:144197:19)\n    at onFailFn (http://localhost:45147/__cypress/runner/cypress_runner.js:132448:16)\n    at tryCatcher (http://localhost:45147/__cypress/runner/cypress_runner.js:167415:23)\n    at Promise._settlePromiseFromHandler (http://localhost:45147/__cypress/runner/cypress_runner.js:165351:31)\n    at Promise._settlePromise (http://localhost:45147/__cypress/runner/cypress_runner.js:165408:18)\n    at Promise._settlePromise0 (http://localhost:45147/__cypress/runner/cypress_runner.js:165453:10)\n    at Promise._settlePromises (http://localhost:45147/__cypress/runner/cypress_runner.js:165528:18)\n    at Async../node_modules/bluebird/js/release/async.js.Async._drainQueue (http://localhost:45147/__cypress/runner/cypress_runner.js:162140:16)\n    at Async../node_modules/bluebird/js/release/async.js.Async._drainQueues (http://localhost:45147/__cypress/runner/cypress_runner.js:162150:10)\n    at Async.drainQueues (http://localhost:45147/__cypress/runner/cypress_runner.js:162024:14)",
                "diff": null
              },
              "uuid": "0967da63-5ca5-43ab-949b-1d4ccef1a7b1",
              "parentUUID": "e9952f36-8af2-4f79-93f8-6587433663d1",
              "isHook": false,
              "skipped": false
            },
            {
              "title": "Verifica se ao clicar no botão, o quadro de pixels é totalmente preenchido de branco",
              "fullTitle": "9 - Crie um botão que, ao ser clicado, limpa o quadro preenchendo a cor de todos seus pixels com branco. Verifica se ao clicar no botão, o quadro de pixels é totalmente preenchido de branco",
              "timedOut": null,
              "duration": 4884,
              "state": "failed",
              "speed": null,
              "pass": false,
              "fail": true,
              "pending": false,
              "context": null,
              "code": "cy.get('.color').eq(1).then(function (color) {\n  var backgroundColor = color.css('background-color');\n  cy.wrap(color).click();\n  cy.get('.pixel').each(function (pixel) {\n    cy.wrap(pixel).click().should('have.css', 'background-color', backgroundColor);\n  });\n});\ncy.get('#clear-board').click();\ncy.get('.pixel').each(function (pixel) {\n  cy.wrap(pixel).should('have.css', 'background-color', WHITE);\n});",
              "err": {
                "message": "CypressError: Timed out retrying: Expected to find element: '.color', but never found it.",
                "estack": "CypressError: Timed out retrying: Expected to find element: '.color', but never found it.\n    at cypressErr (http://localhost:45147/__cypress/runner/cypress_runner.js:149934:9)\n    at throwErr (http://localhost:45147/__cypress/runner/cypress_runner.js:149867:11)\n    at Object.throwErrByPath (http://localhost:45147/__cypress/runner/cypress_runner.js:149915:3)\n    at retry (http://localhost:45147/__cypress/runner/cypress_runner.js:144197:19)\n    at onFailFn (http://localhost:45147/__cypress/runner/cypress_runner.js:132448:16)\n    at tryCatcher (http://localhost:45147/__cypress/runner/cypress_runner.js:167415:23)\n    at Promise._settlePromiseFromHandler (http://localhost:45147/__cypress/runner/cypress_runner.js:165351:31)\n    at Promise._settlePromise (http://localhost:45147/__cypress/runner/cypress_runner.js:165408:18)\n    at Promise._settlePromise0 (http://localhost:45147/__cypress/runner/cypress_runner.js:165453:10)\n    at Promise._settlePromises (http://localhost:45147/__cypress/runner/cypress_runner.js:165528:18)\n    at Async../node_modules/bluebird/js/release/async.js.Async._drainQueue (http://localhost:45147/__cypress/runner/cypress_runner.js:162140:16)\n    at Async../node_modules/bluebird/js/release/async.js.Async._drainQueues (http://localhost:45147/__cypress/runner/cypress_runner.js:162150:10)\n    at Async.drainQueues (http://localhost:45147/__cypress/runner/cypress_runner.js:162024:14)",
                "diff": null
              },
              "uuid": "4d7b6b36-4037-4e44-a5ab-f526c336ea02",
              "parentUUID": "e9952f36-8af2-4f79-93f8-6587433663d1",
              "isHook": false,
              "skipped": false
            }
          ],
          "suites": [],
          "passes": [],
          "failures": [
            "ecc0b0b0-9626-4b52-a24b-da5a539845c8",
            "ce80f428-8b17-4cff-bdff-ebdb4f75b821",
            "0967da63-5ca5-43ab-949b-1d4ccef1a7b1",
            "4d7b6b36-4037-4e44-a5ab-f526c336ea02"
          ],
          "pending": [],
          "skipped": [],
          "duration": 19835,
          "root": false,
          "rootEmpty": false,
          "_timeout": 2000
        },
        {
          "uuid": "c5a3902f-ac26-4fef-b0b5-e651d9e9d5b7",
          "title": "10 - Faça o quadro de pixels ter seu tamanho definido pelo usuário.",
          "fullFile": "",
          "file": "",
          "beforeHooks": [],
          "afterHooks": [],
          "tests": [
            {
              "title": "Verifica se existe um input com o id `board-size`",
              "fullTitle": "10 - Faça o quadro de pixels ter seu tamanho definido pelo usuário. Verifica se existe um input com o id `board-size`",
              "timedOut": null,
              "duration": 4987,
              "state": "failed",
              "speed": null,
              "pass": false,
              "fail": true,
              "pending": false,
              "context": null,
              "code": "cy.get('#board-size').should('be.visible');",
              "err": {
                "message": "CypressError: Timed out retrying: Expected to find element: '#board-size', but never found it.",
[...]
                "diff": null
              },
              "uuid": "d359170d-ecf0-4228-b9a5-50485030f23a",
              "parentUUID": "c5a3902f-ac26-4fef-b0b5-e651d9e9d5b7",
              "isHook": false,
              "skipped": false
            },
            {
              "title": "Verifica se o novo quadro tem todos os pixels preenchidos com a cor branca",
              "fullTitle": "10 - Faça o quadro de pixels ter seu tamanho definido pelo usuário. Verifica se o novo quadro tem todos os pixels preenchidos com a cor branca",
              "timedOut": null,
              "duration": 5005,
              "state": "failed",
              "speed": null,
              "pass": false,
              "fail": true,
              "pending": false,
              "context": null,
              "code": "cy.get('#board-size').clear().type(6);\ncy.get('#generate-board').click();\ncy.get('.pixel').should('have.length', 36).each(function (pixel) {\n  expect(pixel).to.have.css('background-color', WHITE);\n});",
              "err": {
                "message": "CypressError: Timed out retrying: Expected to find element: '#board-size', but never found it.",
                "estack": "CypressError: Timed out retrying: Expected to find element: '#board-size', but never found it.\n    at cypressErr (http://localhost:45147/__cypress/runner/cypress_runner.js:149934:9)\n    at throwErr (http://localhost:45147/__cypress/runner/cypress_runner.js:149867:11)\n    at Object.throwErrByPath (http://localhost:45147/__cypress/runner/cypress_runner.js:149915:3)\n    at retry (http://localhost:45147/__cypress/runner/cypress_runner.js:144197:19)\n    at onFailFn (http://localhost:45147/__cypress/runner/cypress_runner.js:132448:16)\n    at tryCatcher (http://localhost:45147/__cypress/runner/cypress_runner.js:167415:23)\n    at Promise._settlePromiseFromHandler (http://localhost:45147/__cypress/runner/cypress_runner.js:165351:31)\n    at Promise._settlePromise (http://localhost:45147/__cypress/runner/cypress_runner.js:165408:18)\n    at Promise._settlePromise0 (http://localhost:45147/__cypress/runner/cypress_runner.js:165453:10)\n    at Promise._settlePromises (http://localhost:45147/__cypress/runner/cypress_runner.js:165528:18)\n    at Async../node_modules/bluebird/js/release/async.js.Async._drainQueue (http://localhost:45147/__cypress/runner/cypress_runner.js:162140:16)\n    at Async../node_modules/bluebird/js/release/async.js.Async._drainQueues (http://localhost:45147/__cypress/runner/cypress_runner.js:162150:10)\n    at Async.drainQueues (http://localhost:45147/__cypress/runner/cypress_runner.js:162024:14)",
                "diff": null
              },
              "uuid": "2fe243f8-484f-440a-a773-20982bcf2dc0",
              "parentUUID": "c5a3902f-ac26-4fef-b0b5-e651d9e9d5b7",
              "isHook": false,
              "skipped": false
            }
          ],
          "suites": [],
          "passes": [],
          "failures": [
            "c36e85d5-9150-40d2-ad0e-1479a2955053",
            "adcd649d-6f99-4b85-8afb-1b3c0db77b23",
            "691afec9-d996-42df-9fbf-35247d52c752",
            "448684d0-d2dc-4e74-a527-3c89eeb3c58d",
            "0dca43de-54a2-40e8-9896-4b3796c1d213",
            "e0d058db-4df0-4ccd-a05c-286ccf8ba01b",
            "fcab4e51-3198-4c49-a5af-bcf766aa81a3",
            "d359170d-ecf0-4228-b9a5-50485030f23a",
            "2fe243f8-484f-440a-a773-20982bcf2dc0"
          ],
          "pending": [],
          "skipped": [],
          "duration": 44743,
          "root": false,
          "rootEmpty": false,
          "_timeout": 2000
        },
        {
          "uuid": "5cfd5d6b-4b3e-4506-8736-ff615420716d",
          "title": "11 - Limite o tamanho mínimo e máximo do board.",
          "fullFile": "",
          "file": "",
          "beforeHooks": [],
          "afterHooks": [],
          "tests": [
            {
              "title": "Verifica se a altura máxima do board é 50",
              "fullTitle": "11 - Limite o tamanho mínimo e máximo do board. Verifica se a altura máxima do board é 50",
              "timedOut": null,
              "duration": 5272,
              "state": "failed",
              "speed": null,
              "pass": false,
              "fail": true,
              "pending": false,
              "context": null,
              "code": "cy.get('#board-size').clear().type(50);\ncy.get('#generate-board').click();\ncy.get('.pixel').should('have.length', 2500);",
              "err": {
                "message": "CypressError: Timed out retrying: Expected to find element: '#board-size', but never found it.",
                "estack": "CypressError: Timed out retrying: Expected to find element: '#board-size', but never found it.\n    at cypressErr (http://localhost:45147/__cypress/runner/cypress_runner.js:149934:9)\n    at throwErr (http://localhost:45147/__cypress/runner/cypress_runner.js:149867:11)\n    at Object.throwErrByPath (http://localhost:45147/__cypress/runner/cypress_runner.js:149915:3)\n    at retry (http://localhost:45147/__cypress/runner/cypress_runner.js:144197:19)\n    at onFailFn (http://localhost:45147/__cypress/runner/cypress_runner.js:132448:16)\n    at tryCatcher (http://localhost:45147/__cypress/runner/cypress_runner.js:167415:23)\n    at Promise._settlePromiseFromHandler (http://localhost:45147/__cypress/runner/cypress_runner.js:165351:31)\n    at Promise._settlePromise (http://localhost:45147/__cypress/runner/cypress_runner.js:165408:18)\n    at Promise._settlePromise0 (http://localhost:45147/__cypress/runner/cypress_runner.js:165453:10)\n    at Promise._settlePromises (http://localhost:45147/__cypress/runner/cypress_runner.js:165528:18)\n    at Async../node_modules/bluebird/js/release/async.js.Async._drainQueue (http://localhost:45147/__cypress/runner/cypress_runner.js:162140:16)\n    at Async../node_modules/bluebird/js/release/async.js.Async._drainQueues (http://localhost:45147/__cypress/runner/cypress_runner.js:162150:10)\n    at Async.drainQueues (http://localhost:45147/__cypress/runner/cypress_runner.js:162024:14)",
                "diff": null
              },
              "uuid": "94c4e76f-7ebf-49fc-8571-749007173ba5",
              "parentUUID": "5cfd5d6b-4b3e-4506-8736-ff615420716d",
              "isHook": false,
              "skipped": false
            },
            {
              "title": "Verifica se a altura do board é 5 quando um valor menor é colocado no input",
              "fullTitle": "11 - Limite o tamanho mínimo e máximo do board. Verifica se a altura do board é 5 quando um valor menor é colocado no input",
              "timedOut": null,
              "duration": 6357,
              "state": "failed",
              "speed": null,
              "pass": false,
              "fail": true,
              "pending": false,
              "context": null,
              "code": "cy.get('#board-size').clear().type(4);\ncy.get('#generate-board').click();\ncy.get('.pixel').should('have.length', 25);",
              "err": {
                "message": "CypressError: Timed out retrying: Expected to find element: '#board-size', but never found it.",
                "estack": "CypressError: Timed out retrying: Expected to find element: '#board-size', but never found it.\n    at cypressErr (http://localhost:45147/__cypress/runner/cypress_runner.js:149934:9)\n    at throwErr (http://localhost:45147/__cypress/runner/cypress_runner.js:149867:11)\n    at Object.throwErrByPath (http://localhost:45147/__cypress/runner/cypress_runner.js:149915:3)\n    at retry (http://localhost:45147/__cypress/runner/cypress_runner.js:144197:19)\n    at onFailFn (http://localhost:45147/__cypress/runner/cypress_runner.js:132448:16)\n    at tryCatcher (http://localhost:45147/__cypress/runner/cypress_runner.js:167415:23)\n    at Promise._settlePromiseFromHandler (http://localhost:45147/__cypress/runner/cypress_runner.js:165351:31)\n    at Promise._settlePromise (http://localhost:45147/__cypress/runner/cypress_runner.js:165408:18)\n    at Promise._settlePromise0 (http://localhost:45147/__cypress/runner/cypress_runner.js:165453:10)\n    at Promise._settlePromises (http://localhost:45147/__cypress/runner/cypress_runner.js:165528:18)\n    at Async../node_modules/bluebird/js/release/async.js.Async._drainQueue (http://localhost:45147/__cypress/runner/cypress_runner.js:162140:16)\n    at Async../node_modules/bluebird/js/release/async.js.Async._drainQueues (http://localhost:45147/__cypress/runner/cypress_runner.js:162150:10)\n    at Async.drainQueues (http://localhost:45147/__cypress/runner/cypress_runner.js:162024:14)",
                "diff": null
              },
              "uuid": "efa4c951-74f8-4cab-9e25-753b8ef53b6b",
              "parentUUID": "5cfd5d6b-4b3e-4506-8736-ff615420716d",
              "isHook": false,
              "skipped": false
            },
            {
              "title": "Verifica se a altura do board é 50 quando um valor maior é colocado no input",
              "fullTitle": "11 - Limite o tamanho mínimo e máximo do board. Verifica se a altura do board é 50 quando um valor maior é colocado no input",
              "timedOut": null,
              "duration": 5105,
              "state": "failed",
              "speed": null,
              "pass": false,
              "fail": true,
              "pending": false,
              "context": null,
              "code": "cy.get('#board-size').clear().type(51);\ncy.get('#generate-board').click();\ncy.get('.pixel').should('have.length', 2500);",
              "err": {
                "message": "CypressError: Timed out retrying: Expected to find element: '#board-size', but never found it.",
                "estack": "CypressError: Timed out retrying: Expected to find element: '#board-size', but never found it.\n    at cypressErr (http://localhost:45147/__cypress/runner/cypress_runner.js:149934:9)\n    at throwErr (http://localhost:45147/__cypress/runner/cypress_runner.js:149867:11)\n    at Object.throwErrByPath (http://localhost:45147/__cypress/runner/cypress_runner.js:149915:3)\n    at retry (http://localhost:45147/__cypress/runner/cypress_runner.js:144197:19)\n    at onFailFn (http://localhost:45147/__cypress/runner/cypress_runner.js:132448:16)\n    at tryCatcher (http://localhost:45147/__cypress/runner/cypress_runner.js:167415:23)\n    at Promise._settlePromiseFromHandler (http://localhost:45147/__cypress/runner/cypress_runner.js:165351:31)\n    at Promise._settlePromise (http://localhost:45147/__cypress/runner/cypress_runner.js:165408:18)\n    at Promise._settlePromise0 (http://localhost:45147/__cypress/runner/cypress_runner.js:165453:10)\n    at Promise._settlePromises (http://localhost:45147/__cypress/runner/cypress_runner.js:165528:18)\n    at Async../node_modules/bluebird/js/release/async.js.Async._drainQueue (http://localhost:45147/__cypress/runner/cypress_runner.js:162140:16)\n    at Async../node_modules/bluebird/js/release/async.js.Async._drainQueues (http://localhost:45147/__cypress/runner/cypress_runner.js:162150:10)\n    at Async.drainQueues (http://localhost:45147/__cypress/runner/cypress_runner.js:162024:14)",
                "diff": null
              },
              "uuid": "70b2a24f-127c-430e-927f-f77090976278",
              "parentUUID": "5cfd5d6b-4b3e-4506-8736-ff615420716d",
              "isHook": false,
              "skipped": false
            }
          ],
          "suites": [],
          "passes": [],
          "failures": [
            "94c4e76f-7ebf-49fc-8571-749007173ba5",
            "efa4c951-74f8-4cab-9e25-753b8ef53b6b",
            "70b2a24f-127c-430e-927f-f77090976278"
          ],
          "pending": [],
          "skipped": [],
          "duration": 16734,
          "root": false,
          "rootEmpty": false,
          "_timeout": 2000
        },
        {
          "uuid": "d289d97a-74d8-419e-aaf8-921edd348eb7",
          "title": "12 - Faça com que as cores da paleta sejam geradas aleatoriamente ao carregar a página.",
          "fullFile": "",
          "file": "",
          "beforeHooks": [],
          "afterHooks": [],
          "tests": [
            {
              "title": "Verifica se as cores geradas na paleta são diferentes a cada carregamento da página",
              "fullTitle": "12 - Faça com que as cores da paleta sejam geradas aleatoriamente ao carregar a página. Verifica se as cores geradas na paleta são diferentes a cada carregamento da página",
              "timedOut": null,
              "duration": 4990,
              "state": "failed",
              "speed": null,
              "pass": false,
              "fail": true,
              "pending": false,
              "context": null,
              "code": "cy.get('.color').then(function (colors) {\n  var currentColors;\n  var previousColors;\n  previousColors = Array.from(colors).map(function (color) {\n    return Cypress.$(color).css('background-color');\n  });\n  for (var i = 0; i < 5; i += 1) {\n    cy.reload();\n    cy.get('.color').then(function (colors) {\n      currentColors = Array.from(colors).map(function (color) {\n        return Cypress.$(color).css('background-color');\n      });\n      expect(currentColors).not.to.deep.equal(previousColors);\n      previousColors = currentColors;\n    });\n  }\n});",
              "err": {
                "message": "CypressError: Timed out retrying: Expected to find element: '.color', but never found it.",
                "estack": "CypressError: Timed out retrying: Expected to find element: '.color', but never found it.\n    at cypressErr (http://localhost:45147/__cypress/runner/cypress_runner.js:149934:9)\n    at throwErr (http://localhost:45147/__cypress/runner/cypress_runner.js:149867:11)\n    at Object.throwErrByPath (http://localhost:45147/__cypress/runner/cypress_runner.js:149915:3)\n    at retry (http://localhost:45147/__cypress/runner/cypress_runner.js:144197:19)\n    at onFailFn (http://localhost:45147/__cypress/runner/cypress_runner.js:132448:16)\n    at tryCatcher (http://localhost:45147/__cypress/runner/cypress_runner.js:167415:23)\n    at Promise._settlePromiseFromHandler (http://localhost:45147/__cypress/runner/cypress_runner.js:165351:31)\n    at Promise._settlePromise (http://localhost:45147/__cypress/runner/cypress_runner.js:165408:18)\n    at Promise._settlePromise0 (http://localhost:45147/__cypress/runner/cypress_runner.js:165453:10)\n    at Promise._settlePromises (http://localhost:45147/__cypress/runner/cypress_runner.js:165528:18)\n    at Async../node_modules/bluebird/js/release/async.js.Async._drainQueue (http://localhost:45147/__cypress/runner/cypress_runner.js:162140:16)\n    at Async../node_modules/bluebird/js/release/async.js.Async._drainQueues (http://localhost:45147/__cypress/runner/cypress_runner.js:162150:10)\n    at Async.drainQueues (http://localhost:45147/__cypress/runner/cypress_runner.js:162024:14)",
                "diff": null
              },
              "uuid": "e6ebec6c-e6f1-4d1d-9b24-1fa7e31145c0",
              "parentUUID": "d289d97a-74d8-419e-aaf8-921edd348eb7",
              "isHook": false,
              "skipped": false
            },
            {
              "title": "Verifica se a cor preta ainda está presente e é a primeira na sua paleta de cores",
              "fullTitle": "12 - Faça com que as cores da paleta sejam geradas aleatoriamente ao carregar a página. Verifica se a cor preta ainda está presente e é a primeira na sua paleta de cores",
              "timedOut": null,
              "duration": 4967,
              "state": "failed",
              "speed": null,
              "pass": false,
              "fail": true,
              "pending": false,
              "context": null,
              "code": "cy.get('.color').then(function (colors) {\n  var currentColors;\n  var previousColors;\n  previousColors = Array.from(colors).map(function (color) {\n    return Cypress.$(color).css('background-color');\n  });\n  expect(previousColors[0]).to.eq(BLACK);\n  for (var i = 0; i < 5; i += 1) {\n    cy.reload();\n    cy.get('.color').then(function (colors) {\n      currentColors = Array.from(colors).map(function (color) {\n        return Cypress.$(color).css('background-color');\n      });\n      expect(currentColors[0]).to.eq(BLACK);\n      expect(currentColors).not.to.deep.equal(previousColors);\n      previousColors = currentColors;\n    });\n  }\n});",
              "err": {
                "message": "CypressError: Timed out retrying: Expected to find element: '.color', but never found it.",
                "estack": "CypressError: Timed out retrying: Expected to find element: '.color', but never found it.\n    at cypressErr (http://localhost:45147/__cypress/runner/cypress_runner.js:149934:9)\n    at throwErr (http://localhost:45147/__cypress/runner/cypress_runner.js:149867:11)\n    at Object.throwErrByPath (http://localhost:45147/__cypress/runner/cypress_runner.js:149915:3)\n    at retry (http://localhost:45147/__cypress/runner/cypress_runner.js:144197:19)\n    at onFailFn (http://localhost:45147/__cypress/runner/cypress_runner.js:132448:16)\n    at tryCatcher (http://localhost:45147/__cypress/runner/cypress_runner.js:167415:23)\n    at Promise._settlePromiseFromHandler (http://localhost:45147/__cypress/runner/cypress_runner.js:165351:31)\n    at Promise._settlePromise (http://localhost:45147/__cypress/runner/cypress_runner.js:165408:18)\n    at Promise._settlePromise0 (http://localhost:45147/__cypress/runner/cypress_runner.js:165453:10)\n    at Promise._settlePromises (http://localhost:45147/__cypress/runner/cypress_runner.js:165528:18)\n    at Async../node_modules/bluebird/js/release/async.js.Async._drainQueue (http://localhost:45147/__cypress/runner/cypress_runner.js:162140:16)\n    at Async../node_modules/bluebird/js/release/async.js.Async._drainQueues (http://localhost:45147/__cypress/runner/cypress_runner.js:162150:10)\n    at Async.drainQueues (http://localhost:45147/__cypress/runner/cypress_runner.js:162024:14)",
                "diff": null
              },
              "uuid": "0fe79e5f-1747-4f8d-a8e7-912fc94e6772",
              "parentUUID": "d289d97a-74d8-419e-aaf8-921edd348eb7",
              "isHook": false,
              "skipped": false
            }
          ],
          "suites": [],
          "passes": [],
          "failures": [
            "e6ebec6c-e6f1-4d1d-9b24-1fa7e31145c0",
            "0fe79e5f-1747-4f8d-a8e7-912fc94e6772"
          ],
          "pending": [],
          "skipped": [],
          "duration": 9957,
          "root": false,
          "rootEmpty": false,
          "_timeout": 2000
        }
      ],
      "passes": [],
      "failures": [],
      "pending": [],
      "skipped": [],
      "duration": 0,
      "root": true,
      "rootEmpty": true,
      "_timeout": 2000
    }
  ],
  "meta": {
    "mocha": {
      "version": "7.0.1"
    },
    "mochawesome": {
      "options": {
        "quiet": false,
        "reportFilename": "mochawesome",
        "saveHtml": false,
        "saveJson": true,
        "consoleReporter": "spec",
        "useInlineDiffs": false
      },
      "version": "4.1.0"
    },
    "marge": {
      "options": {
        "id": "default",
        "reportDir": "cypress/reports",
        "overwrite": true,
        "html": false,
        "json": true
      },
      "version": "4.1.0"
    }
  }
}