{
  "stats": {
    "suites": 12,
    "tests": 41,
    "passes": 23,
    "pending": 0,
    "failures": 18,
    "start": "2021-09-11T00:12:16.517Z",
    "end": "2021-09-11T00:13:54.325Z",
    "duration": 97808,
    "testsRegistered": 41,
    "passPercent": 56.09756097560976,
    "pendingPercent": 0,
    "other": 0,
    "hasOther": false,
    "skipped": 0,
    "hasSkipped": false
  },
  "results": [
    {
      "uuid": "260b223f-970f-41f9-b96f-18ef0c50fcdd",
      "title": "",
      "fullFile": "cypress/integration/project.spec.js",
      "file": "cypress/integration/project.spec.js",
      "beforeHooks": [],
      "afterHooks": [],
      "tests": [],
      "suites": [
        {
          "uuid": "a6a68a54-e49e-4b96-b1ff-93829f03d99f",
          "title": "1 - Adicione à página o título \"Paleta de Cores\".",
          "fullFile": "",
          "file": "",
          "beforeHooks": [],
          "afterHooks": [],
          "tests": [
            {
              "title": "Verifica se contém um elemento `h1` com o id `title` com o título correto",
              "fullTitle": "1 - Adicione à página o título \"Paleta de Cores\". Verifica se contém um elemento `h1` com o id `title` com o título correto",
              "timedOut": null,
              "duration": 203,
              "state": "passed",
              "speed": "slow",
              "pass": true,
              "fail": false,
              "pending": false,
              "context": null,
              "code": "cy.get('h1#title').should('contain.text', 'Paleta de Cores');",
              "err": {},
              "uuid": "c8f88af5-a8fe-4485-9785-701f91af5ad1",
              "parentUUID": "a6a68a54-e49e-4b96-b1ff-93829f03d99f",
              "isHook": false,
              "skipped": false
            }
          ],
          "suites": [],
          "passes": [
            "c8f88af5-a8fe-4485-9785-701f91af5ad1"
          ],
          "failures": [],
          "pending": [],
          "skipped": [],
          "duration": 203,
          "root": false,
          "rootEmpty": false,
          "_timeout": 2000
        },
        {
          "uuid": "baeaa30e-9da3-4390-82ff-e9b4e93af26e",
          "title": "2 - Adicione à página uma paleta de quatro cores distintas.",
          "fullFile": "",
          "file": "",
          "beforeHooks": [],
          "afterHooks": [],
          "tests": [
            {
              "title": "A paleta de cores deve ser um elemento com `id` denominado `color-palette`",
              "fullTitle": "2 - Adicione à página uma paleta de quatro cores distintas. A paleta de cores deve ser um elemento com `id` denominado `color-palette`",
              "timedOut": null,
              "duration": 123,
              "state": "passed",
              "speed": "slow",
              "pass": true,
              "fail": false,
              "pending": false,
              "context": null,
              "code": "cy.get('#color-palette').should('be.visible');\ncy.get('#color-palette').children('.color');",
              "err": {},
              "uuid": "8c6eb6ea-5cd6-47bb-9a8c-036485961d82",
              "parentUUID": "baeaa30e-9da3-4390-82ff-e9b4e93af26e",
              "isHook": false,
              "skipped": false
            },
            {
              "title": "Verifica se cada cor individual da paleta de cores possui a `classe` chamada `color`.",
              "fullTitle": "2 - Adicione à página uma paleta de quatro cores distintas. Verifica se cada cor individual da paleta de cores possui a `classe` chamada `color`.",
              "timedOut": null,
              "duration": 127,
              "state": "passed",
              "speed": "slow",
              "pass": true,
              "fail": false,
              "pending": false,
              "context": null,
              "code": "cy.get('.color').should('have.length', 4).then(function (colors) {\n  for (var i = 0; i < colors.length; i++) {\n    cy.wrap(colors[i]).should('be.visible');\n  }\n});",
              "err": {},
              "uuid": "02086b03-1231-4dce-a73d-eaeaad039f9f",
              "parentUUID": "baeaa30e-9da3-4390-82ff-e9b4e93af26e",
              "isHook": false,
              "skipped": false
            },
            {
              "title": "Verifica se a cor de fundo de cada elemento da paleta é a cor que o elemento representa. **A única cor não permitida na paleta é a cor branca.**",
              "fullTitle": "2 - Adicione à página uma paleta de quatro cores distintas. Verifica se a cor de fundo de cada elemento da paleta é a cor que o elemento representa. **A única cor não permitida na paleta é a cor branca.**",
              "timedOut": null,
              "duration": 131,
              "state": "passed",
              "speed": "slow",
              "pass": true,
              "fail": false,
              "pending": false,
              "context": null,
              "code": "cy.get('.color').each(function (color) {\n  cy.wrap(color).should('have.class', 'color').and('not.have.css', 'background-color', WHITE);\n  cy.wrap(color).should('have.css', 'background-color');\n});",
              "err": {},
              "uuid": "df35f0da-e383-41c5-87b9-f79dac375ed5",
              "parentUUID": "baeaa30e-9da3-4390-82ff-e9b4e93af26e",
              "isHook": false,
              "skipped": false
            },
            {
              "title": "Verifica se cada elemento da paleta de cores tem uma borda preta, sólida e com 1 pixel de largura;",
              "fullTitle": "2 - Adicione à página uma paleta de quatro cores distintas. Verifica se cada elemento da paleta de cores tem uma borda preta, sólida e com 1 pixel de largura;",
              "timedOut": null,
              "duration": 158,
              "state": "passed",
              "speed": "slow",
              "pass": true,
              "fail": false,
              "pending": false,
              "context": null,
              "code": "cy.get('.color').each(function (color) {\n  cy.wrap(color).and('have.css', 'border', \"1px solid \".concat(BLACK)).and('have.class', 'color');\n});",
              "err": {},
              "uuid": "2c637d1f-3ef9-48e6-b427-47e0425f414f",
              "parentUUID": "baeaa30e-9da3-4390-82ff-e9b4e93af26e",
              "isHook": false,
              "skipped": false
            },
            {
              "title": "Verifica se a paleta lista todas as cores disponíveis para utilização, lado a lado.",
              "fullTitle": "2 - Adicione à página uma paleta de quatro cores distintas. Verifica se a paleta lista todas as cores disponíveis para utilização, lado a lado.",
              "timedOut": null,
              "duration": 144,
              "state": "passed",
              "speed": "slow",
              "pass": true,
              "fail": false,
              "pending": false,
              "context": null,
              "code": "cy.get('.color').then(function (colors) {\n  for (var index = 1; index < colors.length; index += 1) {\n    var currentColor = colors[index];\n    var previousColor = colors[index - 1];\n    cy.wrap(currentColor).should('be.onTheRightOf', previousColor).and('be.horizontallyAlignedWith', previousColor);\n  }\n});",
              "err": {},
              "uuid": "a3237fa2-2907-4d99-a992-39a612450ef6",
              "parentUUID": "baeaa30e-9da3-4390-82ff-e9b4e93af26e",
              "isHook": false,
              "skipped": false
            },
            {
              "title": "Verifica se a paleta de cores está posicionada abaixo do título 'Paleta de Cores'",
              "fullTitle": "2 - Adicione à página uma paleta de quatro cores distintas. Verifica se a paleta de cores está posicionada abaixo do título 'Paleta de Cores'",
              "timedOut": null,
              "duration": 89,
              "state": "passed",
              "speed": "slow",
              "pass": true,
              "fail": false,
              "pending": false,
              "context": null,
              "code": "cy.get('h1#title').then(function (title) {\n  cy.get('#color-palette').should('be.belowOf', title);\n});",
              "err": {},
              "uuid": "24ccb3a9-ae1b-4ffa-974d-9d686342fc4d",
              "parentUUID": "baeaa30e-9da3-4390-82ff-e9b4e93af26e",
              "isHook": false,
              "skipped": false
            },
            {
              "title": "Verifica se a paleta de cores não contém cores repetidas.",
              "fullTitle": "2 - Adicione à página uma paleta de quatro cores distintas. Verifica se a paleta de cores não contém cores repetidas.",
              "timedOut": null,
              "duration": 102,
              "state": "passed",
              "speed": "slow",
              "pass": true,
              "fail": false,
              "pending": false,
              "context": null,
              "code": "cy.get('.color').then(function (colors) {\n  var allColors = Array.from(colors).map(function (color) {\n    return Cypress.$(color).css('background-color');\n  });\n  cy.log(allColors);\n  var uniqColors = (0, _toConsumableArray2[\"default\"])(new Set(allColors));\n  cy.log(uniqColors);\n  expect(allColors.length).to.eq(uniqColors.length);\n});",
              "err": {},
              "uuid": "298080f6-f6fb-4234-82e5-012671d09695",
              "parentUUID": "baeaa30e-9da3-4390-82ff-e9b4e93af26e",
              "isHook": false,
              "skipped": false
            }
          ],
          "suites": [],
          "passes": [
            "8c6eb6ea-5cd6-47bb-9a8c-036485961d82",
            "02086b03-1231-4dce-a73d-eaeaad039f9f",
            "df35f0da-e383-41c5-87b9-f79dac375ed5",
            "2c637d1f-3ef9-48e6-b427-47e0425f414f",
            "a3237fa2-2907-4d99-a992-39a612450ef6",
            "24ccb3a9-ae1b-4ffa-974d-9d686342fc4d",
            "298080f6-f6fb-4234-82e5-012671d09695"
          ],
          "failures": [],
          "pending": [],
          "skipped": [],
          "duration": 874,
          "root": false,
          "rootEmpty": false,
          "_timeout": 2000
        },
        {
          "uuid": "e2c44232-f088-4c88-aa0c-d000ccb1791e",
          "title": "3 - Adicione a cor **preta** como a primeira cor da paleta de cores.",
          "fullFile": "",
          "file": "",
          "beforeHooks": [],
          "afterHooks": [],
          "tests": [
            {
              "title": "Verifica se a primeira cor da paleta é preta",
              "fullTitle": "3 - Adicione a cor **preta** como a primeira cor da paleta de cores. Verifica se a primeira cor da paleta é preta",
              "timedOut": null,
              "duration": 112,
              "state": "passed",
              "speed": "slow",
              "pass": true,
              "fail": false,
              "pending": false,
              "context": null,
              "code": "cy.get('.color').first().should('have.css', 'background-color', BLACK);",
              "err": {},
              "uuid": "daf6add8-26f2-464d-a682-4276c6fce01b",
              "parentUUID": "e2c44232-f088-4c88-aa0c-d000ccb1791e",
              "isHook": false,
              "skipped": false
            },
            {
              "title": "Verifica se as demais cores podem ser escolhidas livremente.",
              "fullTitle": "3 - Adicione a cor **preta** como a primeira cor da paleta de cores. Verifica se as demais cores podem ser escolhidas livremente.",
              "timedOut": null,
              "duration": 197,
              "state": "passed",
              "speed": "slow",
              "pass": true,
              "fail": false,
              "pending": false,
              "context": null,
              "code": "cy.get('.color').eq(1).should('not.have.css', 'background-color', BLACK);\ncy.get('.color').eq(1).should('not.have.css', 'background-color', WHITE);\ncy.get('.color').eq(1).should('not.have.css', 'background-color', 'rgba(0, 0, 0, 0)');\ncy.get('.color').eq(1).should('have.css', 'background-color');\ncy.get('.color').eq(2).should('not.have.css', 'background-color', BLACK);\ncy.get('.color').eq(2).should('not.have.css', 'background-color', WHITE);\ncy.get('.color').eq(2).should('not.have.css', 'background-color', 'rgba(0, 0, 0, 0)');\ncy.get('.color').eq(2).should('have.css', 'background-color');\ncy.get('.color').eq(3).should('not.have.css', 'background-color', BLACK);\ncy.get('.color').eq(3).should('not.have.css', 'background-color', WHITE);\ncy.get('.color').eq(3).should('not.have.css', 'background-color', 'rgba(0, 0, 0, 0)');\ncy.get('.color').eq(3).should('have.css', 'background-color');",
              "err": {},
              "uuid": "e4263ed8-0017-4449-92d2-e2ba868de272",
              "parentUUID": "e2c44232-f088-4c88-aa0c-d000ccb1791e",
              "isHook": false,
              "skipped": false
            }
          ],
          "suites": [],
          "passes": [
            "daf6add8-26f2-464d-a682-4276c6fce01b",
            "e4263ed8-0017-4449-92d2-e2ba868de272"
          ],
          "failures": [],
          "pending": [],
          "skipped": [],
          "duration": 309,
          "root": false,
          "rootEmpty": false,
          "_timeout": 2000
        },
        {
          "uuid": "befcf599-dcf3-4d7e-9f1f-f0e37ace3c64",
          "title": "4 - Adicione à página um quadro de pixels, com 25 pixels.",
          "fullFile": "",
          "file": "",
          "beforeHooks": [],
          "afterHooks": [],
          "tests": [
            {
              "title": "Verifica se o quadro de pixels possui o `id` denominado `pixel-board`",
              "fullTitle": "4 - Adicione à página um quadro de pixels, com 25 pixels. Verifica se o quadro de pixels possui o `id` denominado `pixel-board`",
              "timedOut": null,
              "duration": 107,
              "state": "passed",
              "speed": "slow",
              "pass": true,
              "fail": false,
              "pending": false,
              "context": null,
              "code": "cy.get('#pixel-board').should('be.visible');",
              "err": {},
              "uuid": "5f22ed9d-959a-4393-bf57-19118c1fb65b",
              "parentUUID": "befcf599-dcf3-4d7e-9f1f-f0e37ace3c64",
              "isHook": false,
              "skipped": false
            },
            {
              "title": "Verifica se cada pixel individual dentro do quadro possui a `classe` denominada `pixel`.",
              "fullTitle": "4 - Adicione à página um quadro de pixels, com 25 pixels. Verifica se cada pixel individual dentro do quadro possui a `classe` denominada `pixel`.",
              "timedOut": null,
              "duration": 116,
              "state": "passed",
              "speed": "slow",
              "pass": true,
              "fail": false,
              "pending": false,
              "context": null,
              "code": "cy.get('.pixel').should('have.length', 25);",
              "err": {},
              "uuid": "9de5ef6e-de60-4d6e-852c-10dd0e9a863f",
              "parentUUID": "befcf599-dcf3-4d7e-9f1f-f0e37ace3c64",
              "isHook": false,
              "skipped": false
            },
            {
              "title": "Verifica se a cor inicial dos pixels dentro do quadro, ao abrir a página, é branca.",
              "fullTitle": "4 - Adicione à página um quadro de pixels, com 25 pixels. Verifica se a cor inicial dos pixels dentro do quadro, ao abrir a página, é branca.",
              "timedOut": null,
              "duration": 157,
              "state": "passed",
              "speed": "slow",
              "pass": true,
              "fail": false,
              "pending": false,
              "context": null,
              "code": "cy.get('.pixel').should('have.length', 25).each(function (pixel) {\n  expect(pixel).to.have.css('background-color', WHITE);\n});",
              "err": {},
              "uuid": "766e5804-f953-450e-92f5-515fd25170d3",
              "parentUUID": "befcf599-dcf3-4d7e-9f1f-f0e37ace3c64",
              "isHook": false,
              "skipped": false
            },
            {
              "title": "Verifica se o quadro de pixels aparece abaixo da paleta de cores",
              "fullTitle": "4 - Adicione à página um quadro de pixels, com 25 pixels. Verifica se o quadro de pixels aparece abaixo da paleta de cores",
              "timedOut": null,
              "duration": 90,
              "state": "passed",
              "speed": "slow",
              "pass": true,
              "fail": false,
              "pending": false,
              "context": null,
              "code": "cy.get('#color-palette').then(function (palette) {\n  cy.get('#pixel-board').should('be.belowOf', palette);\n});",
              "err": {},
              "uuid": "7873bd6b-f6ec-4da3-ab48-3f8ffcf8afc5",
              "parentUUID": "befcf599-dcf3-4d7e-9f1f-f0e37ace3c64",
              "isHook": false,
              "skipped": false
            }
          ],
          "suites": [],
          "passes": [
            "5f22ed9d-959a-4393-bf57-19118c1fb65b",
            "9de5ef6e-de60-4d6e-852c-10dd0e9a863f",
            "766e5804-f953-450e-92f5-515fd25170d3",
            "7873bd6b-f6ec-4da3-ab48-3f8ffcf8afc5"
          ],
          "failures": [],
          "pending": [],
          "skipped": [],
          "duration": 470,
          "root": false,
          "rootEmpty": false,
          "_timeout": 2000
        },
        {
          "uuid": "c3bb3af8-2ee6-4116-9ec4-93b8ce6d4755",
          "title": "5 - Faça com que cada elemento do quadro de pixels possua 40 pixels de largura, 40 pixels de altura e seja delimitado por uma borda preta de 1 pixel.",
          "fullFile": "",
          "file": "",
          "beforeHooks": [],
          "afterHooks": [],
          "tests": [
            {
              "title": "Verifica se o quadro de pixels tem altura e comprimento de 5 elementos",
              "fullTitle": "5 - Faça com que cada elemento do quadro de pixels possua 40 pixels de largura, 40 pixels de altura e seja delimitado por uma borda preta de 1 pixel. Verifica se o quadro de pixels tem altura e comprimento de 5 elementos",
              "timedOut": null,
              "duration": 278,
              "state": "passed",
              "speed": "slow",
              "pass": true,
              "fail": false,
              "pending": false,
              "context": null,
              "code": "cy.get('.pixel').should('have.length', 25).each(function (pixel) {\n  expect(pixel).to.have.css('background-color', WHITE);\n}).and(function (pixels) {\n  var rows = chunk(pixels, 5);\n  rows.forEach(function (row) {\n    for (var index = 1; index < row.length; index += 1) {\n      var current = pixels[index];\n      var previous = pixels[index - 1];\n      cy.wrap(current).should('be.onTheRightOf', previous).and('be.horizontallyAlignedWith', previous);\n    }\n  });\n  for (var index = 1; index < 5; index += 1) {\n    expect(pixels[index * 5]).to.be.belowOf(pixels[(index - 1) * 5]);\n  }\n});",
              "err": {},
              "uuid": "1e79c4af-765f-4568-8e6a-290eb20d60dd",
              "parentUUID": "c3bb3af8-2ee6-4116-9ec4-93b8ce6d4755",
              "isHook": false,
              "skipped": false
            },
            {
              "title": "Verifica se 40 pixels é o tamanho total do elemento, incluindo seu conteúdo e excluindo a borda preta, que deve ser criada à parte.",
              "fullTitle": "5 - Faça com que cada elemento do quadro de pixels possua 40 pixels de largura, 40 pixels de altura e seja delimitado por uma borda preta de 1 pixel. Verifica se 40 pixels é o tamanho total do elemento, incluindo seu conteúdo e excluindo a borda preta, que deve ser criada à parte.",
              "timedOut": null,
              "duration": 261,
              "state": "passed",
              "speed": "slow",
              "pass": true,
              "fail": false,
              "pending": false,
              "context": null,
              "code": "cy.get('.pixel').each(function (pixel) {\n  cy.wrap(pixel).should('have.css', 'height', '40px').and('have.css', 'width', '40px').and('have.css', 'border', \"1px solid \".concat(BLACK));\n});",
              "err": {},
              "uuid": "2249a236-6cd8-47cd-bfc3-010268706106",
              "parentUUID": "c3bb3af8-2ee6-4116-9ec4-93b8ce6d4755",
              "isHook": false,
              "skipped": false
            }
          ],
          "suites": [],
          "passes": [
            "1e79c4af-765f-4568-8e6a-290eb20d60dd",
            "2249a236-6cd8-47cd-bfc3-010268706106"
          ],
          "failures": [],
          "pending": [],
          "skipped": [],
          "duration": 539,
          "root": false,
          "rootEmpty": false,
          "_timeout": 2000
        },
        {
          "uuid": "eb86990d-6b2b-43ad-b729-51766658a33c",
          "title": "6 - Defina a cor preta como cor inicial. Ao carregar a página a cor preta já deve estar selecionada para pintar os pixels",
          "fullFile": "",
          "file": "",
          "beforeHooks": [],
          "afterHooks": [],
          "tests": [
            {
              "title": "Verifica se o elemento da cor preta possui, inicialmente, a `classe` `selected`",
              "fullTitle": "6 - Defina a cor preta como cor inicial. Ao carregar a página a cor preta já deve estar selecionada para pintar os pixels Verifica se o elemento da cor preta possui, inicialmente, a `classe` `selected`",
              "timedOut": null,
              "duration": 96,
              "state": "passed",
              "speed": "slow",
              "pass": true,
              "fail": false,
              "pending": false,
              "context": null,
              "code": "cy.get('.selected').first().should('have.css', 'background-color', BLACK);",
              "err": {},
              "uuid": "d155bb27-7b1c-4f9e-93e3-cd87f0cd815f",
              "parentUUID": "eb86990d-6b2b-43ad-b729-51766658a33c",
              "isHook": false,
              "skipped": false
            },
            {
              "title": "Verifica se nenhuma outra cor da paleta tem a `classe` `selected`",
              "fullTitle": "6 - Defina a cor preta como cor inicial. Ao carregar a página a cor preta já deve estar selecionada para pintar os pixels Verifica se nenhuma outra cor da paleta tem a `classe` `selected`",
              "timedOut": null,
              "duration": 94,
              "state": "passed",
              "speed": "slow",
              "pass": true,
              "fail": false,
              "pending": false,
              "context": null,
              "code": "cy.get('.color:not(:first-child)').each(function (color) {\n  cy.wrap(color).should('not.have.class', 'selected');\n});",
              "err": {},
              "uuid": "9f4d4726-adba-4c02-aac3-1ba83fdd0628",
              "parentUUID": "eb86990d-6b2b-43ad-b729-51766658a33c",
              "isHook": false,
              "skipped": false
            }
          ],
          "suites": [],
          "passes": [
            "d155bb27-7b1c-4f9e-93e3-cd87f0cd815f",
            "9f4d4726-adba-4c02-aac3-1ba83fdd0628"
          ],
          "failures": [],
          "pending": [],
          "skipped": [],
          "duration": 190,
          "root": false,
          "rootEmpty": false,
          "_timeout": 2000
        },
        {
          "uuid": "13e2c925-5289-49b7-8f48-cd7d3403dcad",
          "title": "7 - Clicar em uma das cores da paleta, faz com que ela seja selecionada e utilizada para preencher os pixels no quadro.",
          "fullFile": "",
          "file": "",
          "beforeHooks": [],
          "afterHooks": [],
          "tests": [
            {
              "title": "Verifica se somente uma cor da paleta de cores tem a classe `selected` de cada vez",
              "fullTitle": "7 - Clicar em uma das cores da paleta, faz com que ela seja selecionada e utilizada para preencher os pixels no quadro. Verifica se somente uma cor da paleta de cores tem a classe `selected` de cada vez",
              "timedOut": null,
              "duration": 471,
              "state": "passed",
              "speed": "slow",
              "pass": true,
              "fail": false,
              "pending": false,
              "context": null,
              "code": "cy.get('.color').each(function (selectedColor, selectedColorIndex) {\n  cy.wrap(selectedColor).click();\n  cy.get('.color').each(function (color, colorIndex) {\n    if (colorIndex === selectedColorIndex) {\n      expect(color).to.have[\"class\"]('selected');\n    } else {\n      expect(color).not.to.have[\"class\"]('selected');\n    }\n  });\n});",
              "err": {},
              "uuid": "3bdfc425-a6f0-42d5-bbc7-abafc2c9c4ea",
              "parentUUID": "13e2c925-5289-49b7-8f48-cd7d3403dcad",
              "isHook": false,
              "skipped": false
            },
            {
              "title": "Verifica se os pixels dentro do quadro não têm a classe `selected` quando são clicados",
              "fullTitle": "7 - Clicar em uma das cores da paleta, faz com que ela seja selecionada e utilizada para preencher os pixels no quadro. Verifica se os pixels dentro do quadro não têm a classe `selected` quando são clicados",
              "timedOut": null,
              "duration": 8457,
              "state": "passed",
              "speed": "slow",
              "pass": true,
              "fail": false,
              "pending": false,
              "context": null,
              "code": "cy.get('.color').each(function (color) {\n  var backgroundColor = color.css('background-color');\n  cy.wrap(color).click();\n  cy.get('.pixel').each(function (pixel) {\n    cy.wrap(pixel).click().should('not.have.class', 'selected');\n  });\n});",
              "err": {},
              "uuid": "1c663f39-d13e-4991-9fd0-8836702219bf",
              "parentUUID": "13e2c925-5289-49b7-8f48-cd7d3403dcad",
              "isHook": false,
              "skipped": false
            }
          ],
          "suites": [],
          "passes": [
            "3bdfc425-a6f0-42d5-bbc7-abafc2c9c4ea",
            "1c663f39-d13e-4991-9fd0-8836702219bf"
          ],
          "failures": [],
          "pending": [],
          "skipped": [],
          "duration": 8928,
          "root": false,
          "rootEmpty": false,
          "_timeout": 2000
        },
        {
          "uuid": "707f3da6-3bf2-452b-8d06-919014e389dd",
          "title": "8 - Clicar em um pixel dentro do quadro após selecionar uma cor na paleta, faz com que o pixel seja preenchido com a cor selecionada.",
          "fullFile": "",
          "file": "",
          "beforeHooks": [],
          "afterHooks": [],
          "tests": [
            {
              "title": "Verifica se ao carregar a página deve ser possível pintar os pixels de preto",
              "fullTitle": "8 - Clicar em um pixel dentro do quadro após selecionar uma cor na paleta, faz com que o pixel seja preenchido com a cor selecionada. Verifica se ao carregar a página deve ser possível pintar os pixels de preto",
              "timedOut": null,
              "duration": 2128,
              "state": "passed",
              "speed": "slow",
              "pass": true,
              "fail": false,
              "pending": false,
              "context": null,
              "code": "cy.get('.pixel').each(function (pixel) {\n  cy.wrap(pixel).click().should('have.css', 'background-color', BLACK);\n});",
              "err": {},
              "uuid": "a0705658-a9b8-4030-8c90-459daddcd78d",
              "parentUUID": "707f3da6-3bf2-452b-8d06-919014e389dd",
              "isHook": false,
              "skipped": false
            },
            {
              "title": "Verifica se após selecionar uma outra cor na paleta, é possível pintar os pixels com essa cor",
              "fullTitle": "8 - Clicar em um pixel dentro do quadro após selecionar uma cor na paleta, faz com que o pixel seja preenchido com a cor selecionada. Verifica se após selecionar uma outra cor na paleta, é possível pintar os pixels com essa cor",
              "timedOut": null,
              "duration": 8506,
              "state": "passed",
              "speed": "slow",
              "pass": true,
              "fail": false,
              "pending": false,
              "context": null,
              "code": "cy.get('.color').each(function (color) {\n  var backgroundColor = color.css('background-color');\n  cy.wrap(color).click();\n  cy.get('.pixel').each(function (pixel) {\n    cy.wrap(pixel).click().should('have.css', 'background-color', backgroundColor);\n  });\n});",
              "err": {},
              "uuid": "7b084dd9-7ff6-4a0e-9e0b-63b7eff6c71c",
              "parentUUID": "707f3da6-3bf2-452b-8d06-919014e389dd",
              "isHook": false,
              "skipped": false
            },
            {
              "title": "Verifica se somente o pixel que foi clicado foi preenchido com a cor selecionada, sem influenciar na cor dos demais pixels.",
              "fullTitle": "8 - Clicar em um pixel dentro do quadro após selecionar uma cor na paleta, faz com que o pixel seja preenchido com a cor selecionada. Verifica se somente o pixel que foi clicado foi preenchido com a cor selecionada, sem influenciar na cor dos demais pixels.",
              "timedOut": null,
              "duration": 1464,
              "state": "passed",
              "speed": "slow",
              "pass": true,
              "fail": false,
              "pending": false,
              "context": null,
              "code": "var colorToPixelIndexMap = {\n  0: 6,\n  1: 8,\n  2: 16,\n  3: 18\n};\ncy.get('.color').each(function (color, index) {\n  cy.wrap(color).click();\n  var backgroundColor = color.css('background-color');\n  var clickedPixelIndex = colorToPixelIndexMap[index];\n  cy.get('.pixel').eq(clickedPixelIndex).click();\n  cy.get('.pixel').eq(clickedPixelIndex - 1).should('not.have.css', 'background-color', backgroundColor);\n  cy.get('.pixel').eq(clickedPixelIndex + 1).should('not.have.css', 'background-color', backgroundColor);\n  cy.get('.pixel').eq(clickedPixelIndex - 5).should('not.have.css', 'background-color', backgroundColor);\n  cy.get('.pixel').eq(clickedPixelIndex + 5).should('not.have.css', 'background-color', backgroundColor);\n  cy.get('.pixel').eq(clickedPixelIndex - 6).should('not.have.css', 'background-color', backgroundColor);\n  cy.get('.pixel').eq(clickedPixelIndex - 4).should('not.have.css', 'background-color', backgroundColor);\n  cy.get('.pixel').eq(clickedPixelIndex + 4).should('not.have.css', 'background-color', backgroundColor);\n  cy.get('.pixel').eq(clickedPixelIndex + 6).should('not.have.css', 'background-color', backgroundColor);\n});",
              "err": {},
              "uuid": "0fe38b9d-e5f7-4ab6-9ad0-045f23a30b62",
              "parentUUID": "707f3da6-3bf2-452b-8d06-919014e389dd",
              "isHook": false,
              "skipped": false
            }
          ],
          "suites": [],
          "passes": [
            "a0705658-a9b8-4030-8c90-459daddcd78d",
            "7b084dd9-7ff6-4a0e-9e0b-63b7eff6c71c",
            "0fe38b9d-e5f7-4ab6-9ad0-045f23a30b62"
          ],
          "failures": [],
          "pending": [],
          "skipped": [],
          "duration": 12098,
          "root": false,
          "rootEmpty": false,
          "_timeout": 2000
        },
        {
          "uuid": "1b2dc7ba-b36c-4b2c-933b-0f0bdf1620fd",
          "title": "9 - Crie um botão que, ao ser clicado, limpa o quadro preenchendo a cor de todos seus pixels com branco.",
          "fullFile": "",
          "file": "",
          "beforeHooks": [],
          "afterHooks": [],
          "tests": [
            {
              "title": "Verifica se o botão tem o `id` denominado `clear-board`",
              "fullTitle": "9 - Crie um botão que, ao ser clicado, limpa o quadro preenchendo a cor de todos seus pixels com branco. Verifica se o botão tem o `id` denominado `clear-board`",
              "timedOut": null,
              "duration": 4344,
              "state": "failed",
              "speed": null,
              "pass": false,
              "fail": true,
              "pending": false,
              "context": null,
              "code": "cy.get('#clear-board').should('be.visible');",
              "err": {
                "message": "CypressError: Timed out retrying: Expected to find element: '#clear-board', but never found it.",
                "estack": "CypressError: Timed out retrying: Expected to find element: '#clear-board', but never found it.\n    at cypressErr (http://localhost:42699/__cypress/runner/cypress_runner.js:149934:9)\n    at throwErr (http://localhost:42699/__cypress/runner/cypress_runner.js:149867:11)\n    at Object.throwErrByPath (http://localhost:42699/__cypress/runner/cypress_runner.js:149915:3)\n    at retry (http://localhost:42699/__cypress/runner/cypress_runner.js:144197:19)\n    at onFailFn (http://localhost:42699/__cypress/runner/cypress_runner.js:132448:16)\n    at tryCatcher (http://localhost:42699/__cypress/runner/cypress_runner.js:167415:23)\n    at Promise._settlePromiseFromHandler (http://localhost:42699/__cypress/runner/cypress_runner.js:165351:31)\n    at Promise._settlePromise (http://localhost:42699/__cypress/runner/cypress_runner.js:165408:18)\n    at Promise._settlePromise0 (http://localhost:42699/__cypress/runner/cypress_runner.js:165453:10)\n    at Promise._settlePromises (http://localhost:42699/__cypress/runner/cypress_runner.js:165528:18)\n    at Async../node_modules/bluebird/js/release/async.js.Async._drainQueue (http://localhost:42699/__cypress/runner/cypress_runner.js:162140:16)\n    at Async../node_modules/bluebird/js/release/async.js.Async._drainQueues (http://localhost:42699/__cypress/runner/cypress_runner.js:162150:10)\n    at Async.drainQueues (http://localhost:42699/__cypress/runner/cypress_runner.js:162024:14)",
                "diff": null
              },
              "uuid": "a619076c-28aa-4841-bff9-2431a6855830",
              "parentUUID": "1b2dc7ba-b36c-4b2c-933b-0f0bdf1620fd",
              "isHook": false,
              "skipped": false
            },
            {
              "title": "Verifica se o botão está posicionado entre a paleta de cores e o quadro de pixels",
              "fullTitle": "9 - Crie um botão que, ao ser clicado, limpa o quadro preenchendo a cor de todos seus pixels com branco. Verifica se o botão está posicionado entre a paleta de cores e o quadro de pixels",
              "timedOut": null,
              "duration": 4332,
              "state": "failed",
              "speed": null,
              "pass": false,
              "fail": true,
              "pending": false,
              "context": null,
              "code": "cy.get('#color-palette').then(function (palette) {\n  cy.get('#clear-board').should('be.belowOf', palette);\n});\ncy.get('#clear-board').then(function (clearBtn) {\n  cy.get('#pixel-board').should('be.belowOf', clearBtn);\n});",
              "err": {
                "message": "CypressError: Timed out retrying: Expected to find element: '#clear-board', but never found it.",
                "estack": "CypressError: Timed out retrying: Expected to find element: '#clear-board', but never found it.\n    at cypressErr (http://localhost:42699/__cypress/runner/cypress_runner.js:149934:9)\n    at throwErr (http://localhost:42699/__cypress/runner/cypress_runner.js:149867:11)\n    at Object.throwErrByPath (http://localhost:42699/__cypress/runner/cypress_runner.js:149915:3)\n    at retry (http://localhost:42699/__cypress/runner/cypress_runner.js:144197:19)\n    at onFailFn (http://localhost:42699/__cypress/runner/cypress_runner.js:132448:16)\n    at tryCatcher (http://localhost:42699/__cypress/runner/cypress_runner.js:167415:23)\n    at Promise._settlePromiseFromHandler (http://localhost:42699/__cypress/runner/cypress_runner.js:165351:31)\n    at Promise._settlePromise (http://localhost:42699/__cypress/runner/cypress_runner.js:165408:18)\n    at Promise._settlePromise0 (http://localhost:42699/__cypress/runner/cypress_runner.js:165453:10)\n    at Promise._settlePromises (http://localhost:42699/__cypress/runner/cypress_runner.js:165528:18)\n    at Async../node_modules/bluebird/js/release/async.js.Async._drainQueue (http://localhost:42699/__cypress/runner/cypress_runner.js:162140:16)\n    at Async../node_modules/bluebird/js/release/async.js.Async._drainQueues (http://localhost:42699/__cypress/runner/cypress_runner.js:162150:10)\n    at Async.drainQueues (http://localhost:42699/__cypress/runner/cypress_runner.js:162024:14)",
                "diff": null
              },
              "uuid": "1561792f-b7ce-461e-800b-c8064219b6d8",
              "parentUUID": "1b2dc7ba-b36c-4b2c-933b-0f0bdf1620fd",
              "isHook": false,
              "skipped": false
            },
            {
              "title": "Verifica se o texto do botão é 'Limpar'",
              "fullTitle": "9 - Crie um botão que, ao ser clicado, limpa o quadro preenchendo a cor de todos seus pixels com branco. Verifica se o texto do botão é 'Limpar'",
              "timedOut": null,
              "duration": 4304,
              "state": "failed",
              "speed": null,
              "pass": false,
              "fail": true,
              "pending": false,
              "context": null,
              "code": "cy.get('#clear-board').should('contain.text', 'Limpar');",
              "err": {
                "message": "CypressError: Timed out retrying: Expected to find element: '#clear-board', but never found it.",
                "estack": "CypressError: Timed out retrying: Expected to find element: '#clear-board', but never found it.\n    at cypressErr (http://localhost:42699/__cypress/runner/cypress_runner.js:149934:9)\n    at throwErr (http://localhost:42699/__cypress/runner/cypress_runner.js:149867:11)\n    at Object.throwErrByPath (http://localhost:42699/__cypress/runner/cypress_runner.js:149915:3)\n    at retry (http://localhost:42699/__cypress/runner/cypress_runner.js:144197:19)\n    at onFailFn (http://localhost:42699/__cypress/runner/cypress_runner.js:132448:16)\n    at tryCatcher (http://localhost:42699/__cypress/runner/cypress_runner.js:167415:23)\n    at Promise._settlePromiseFromHandler (http://localhost:42699/__cypress/runner/cypress_runner.js:165351:31)\n    at Promise._settlePromise (http://localhost:42699/__cypress/runner/cypress_runner.js:165408:18)\n    at Promise._settlePromise0 (http://localhost:42699/__cypress/runner/cypress_runner.js:165453:10)\n    at Promise._settlePromises (http://localhost:42699/__cypress/runner/cypress_runner.js:165528:18)\n    at Async../node_modules/bluebird/js/release/async.js.Async._drainQueue (http://localhost:42699/__cypress/runner/cypress_runner.js:162140:16)\n    at Async../node_modules/bluebird/js/release/async.js.Async._drainQueues (http://localhost:42699/__cypress/runner/cypress_runner.js:162150:10)\n    at Async.drainQueues (http://localhost:42699/__cypress/runner/cypress_runner.js:162024:14)",
                "diff": null
              },
              "uuid": "c8da3bbc-0769-4b04-874d-7fb267fdfa03",
              "parentUUID": "1b2dc7ba-b36c-4b2c-933b-0f0bdf1620fd",
              "isHook": false,
              "skipped": false
            },
            {
              "title": "Verifica se ao clicar no botão, o quadro de pixels é totalmente preenchido de branco",
              "fullTitle": "9 - Crie um botão que, ao ser clicado, limpa o quadro preenchendo a cor de todos seus pixels com branco. Verifica se ao clicar no botão, o quadro de pixels é totalmente preenchido de branco",
              "timedOut": null,
              "duration": 6408,
              "state": "failed",
              "speed": null,
              "pass": false,
              "fail": true,
              "pending": false,
              "context": null,
              "code": "cy.get('.color').eq(1).then(function (color) {\n  var backgroundColor = color.css('background-color');\n  cy.wrap(color).click();\n  cy.get('.pixel').each(function (pixel) {\n    cy.wrap(pixel).click().should('have.css', 'background-color', backgroundColor);\n  });\n});\ncy.get('#clear-board').click();\ncy.get('.pixel').each(function (pixel) {\n  cy.wrap(pixel).should('have.css', 'background-color', WHITE);\n});",
              "err": {
                "message": "CypressError: Timed out retrying: Expected to find element: '#clear-board', but never found it.",
                "estack": "CypressError: Timed out retrying: Expected to find element: '#clear-board', but never found it.\n    at cypressErr (http://localhost:42699/__cypress/runner/cypress_runner.js:149934:9)\n    at throwErr (http://localhost:42699/__cypress/runner/cypress_runner.js:149867:11)\n    at Object.throwErrByPath (http://localhost:42699/__cypress/runner/cypress_runner.js:149915:3)\n    at retry (http://localhost:42699/__cypress/runner/cypress_runner.js:144197:19)\n    at onFailFn (http://localhost:42699/__cypress/runner/cypress_runner.js:132448:16)\n    at tryCatcher (http://localhost:42699/__cypress/runner/cypress_runner.js:167415:23)\n    at Promise._settlePromiseFromHandler (http://localhost:42699/__cypress/runner/cypress_runner.js:165351:31)\n    at Promise._settlePromise (http://localhost:42699/__cypress/runner/cypress_runner.js:165408:18)\n    at Promise._settlePromise0 (http://localhost:42699/__cypress/runner/cypress_runner.js:165453:10)\n    at Promise._settlePromises (http://localhost:42699/__cypress/runner/cypress_runner.js:165528:18)\n    at Async../node_modules/bluebird/js/release/async.js.Async._drainQueue (http://localhost:42699/__cypress/runner/cypress_runner.js:162140:16)\n    at Async../node_modules/bluebird/js/release/async.js.Async._drainQueues (http://localhost:42699/__cypress/runner/cypress_runner.js:162150:10)\n    at Async.drainQueues (http://localhost:42699/__cypress/runner/cypress_runner.js:162024:14)",
                "diff": null
              },
              "uuid": "7cd27da0-8de0-46f6-a726-9de2fb72a8af",
              "parentUUID": "1b2dc7ba-b36c-4b2c-933b-0f0bdf1620fd",
              "isHook": false,
              "skipped": false
            }
          ],
          "suites": [],
          "passes": [],
          "failures": [
            "a619076c-28aa-4841-bff9-2431a6855830",
            "1561792f-b7ce-461e-800b-c8064219b6d8",
            "c8da3bbc-0769-4b04-874d-7fb267fdfa03",
            "7cd27da0-8de0-46f6-a726-9de2fb72a8af"
          ],
          "pending": [],
          "skipped": [],
          "duration": 19388,
          "root": false,
          "rootEmpty": false,
          "_timeout": 2000
        },
        {
          "uuid": "d9da570f-429c-4f06-bace-bd4d180878f6",
          "title": "10 - Faça o quadro de pixels ter seu tamanho definido pelo usuário.",
          "fullFile": "",
          "file": "",
          "beforeHooks": [],
          "afterHooks": [],
          "tests": [
            {
              "title": "Verifica se existe um input com o id `board-size`",
              "fullTitle": "10 - Faça o quadro de pixels ter seu tamanho definido pelo usuário. Verifica se existe um input com o id `board-size`",
              "timedOut": null,
              "duration": 4428,
              "state": "failed",
              "speed": null,
              "pass": false,
              "fail": true,
              "pending": false,
              "context": null,
              "code": "cy.get('#board-size').should('be.visible');",
              "err": {
                "message": "CypressError: Timed out retrying: Expected to find element: '#board-size', but never found it.",
                "estack": "CypressError: Timed out retrying: Expected to find element: '#board-size', but never found it.\n    at cypressErr (http://localhost:42699/__cypress/runner/cypress_runner.js:149934:9)\n    at throwErr (http://localhost:42699/__cypress/runner/cypress_runner.js:149867:11)\n    at Object.throwErrByPath (http://localhost:42699/__cypress/runner/cypress_runner.js:149915:3)\n    at retry (http://localhost:42699/__cypress/runner/cypress_runner.js:144197:19)\n    at onFailFn (http://localhost:42699/__cypress/runner/cypress_runner.js:132448:16)\n    at tryCatcher (http://localhost:42699/__cypress/runner/cypress_runner.js:167415:23)\n    at Promise._settlePromiseFromHandler (http://localhost:42699/__cypress/runner/cypress_runner.js:165351:31)\n    at Promise._settlePromise (http://localhost:42699/__cypress/runner/cypress_runner.js:165408:18)\n    at Promise._settlePromise0 (http://localhost:42699/__cypress/runner/cypress_runner.js:165453:10)\n    at Promise._settlePromises (http://localhost:42699/__cypress/runner/cypress_runner.js:165528:18)\n    at Async../node_modules/bluebird/js/release/async.js.Async._drainQueue (http://localhost:42699/__cypress/runner/cypress_runner.js:162140:16)\n    at Async../node_modules/bluebird/js/release/async.js.Async._drainQueues (http://localhost:42699/__cypress/runner/cypress_runner.js:162150:10)\n    at Async.drainQueues (http://localhost:42699/__cypress/runner/cypress_runner.js:162024:14)",
                "diff": null
              },
              "uuid": "d5d1cdf5-d5e6-4e32-ab77-f431d6e11e2b",
              "parentUUID": "d9da570f-429c-4f06-bace-bd4d180878f6",
              "isHook": false,
              "skipped": false
            },
            {
              "title": "Verifica se existe um botão com o id `generate-board`",
              "fullTitle": "10 - Faça o quadro de pixels ter seu tamanho definido pelo usuário. Verifica se existe um botão com o id `generate-board`",
              "timedOut": null,
              "duration": 4407,
              "state": "failed",
              "speed": null,
              "pass": false,
              "fail": true,
              "pending": false,
              "context": null,
              "code": "cy.get('#generate-board').should('be.visible');",
              "err": {
                "message": "CypressError: Timed out retrying: Expected to find element: '#generate-board', but never found it.",
                "estack": "CypressError: Timed out retrying: Expected to find element: '#generate-board', but never found it.\n    at cypressErr (http://localhost:42699/__cypress/runner/cypress_runner.js:149934:9)\n    at throwErr (http://localhost:42699/__cypress/runner/cypress_runner.js:149867:11)\n    at Object.throwErrByPath (http://localhost:42699/__cypress/runner/cypress_runner.js:149915:3)\n    at retry (http://localhost:42699/__cypress/runner/cypress_runner.js:144197:19)\n    at onFailFn (http://localhost:42699/__cypress/runner/cypress_runner.js:132448:16)\n    at tryCatcher (http://localhost:42699/__cypress/runner/cypress_runner.js:167415:23)\n    at Promise._settlePromiseFromHandler (http://localhost:42699/__cypress/runner/cypress_runner.js:165351:31)\n    at Promise._settlePromise (http://localhost:42699/__cypress/runner/cypress_runner.js:165408:18)\n    at Promise._settlePromise0 (http://localhost:42699/__cypress/runner/cypress_runner.js:165453:10)\n    at Promise._settlePromises (http://localhost:42699/__cypress/runner/cypress_runner.js:165528:18)\n    at Async../node_modules/bluebird/js/release/async.js.Async._drainQueue (http://localhost:42699/__cypress/runner/cypress_runner.js:162140:16)\n    at Async../node_modules/bluebird/js/release/async.js.Async._drainQueues (http://localhost:42699/__cypress/runner/cypress_runner.js:162150:10)\n    at Async.drainQueues (http://localhost:42699/__cypress/runner/cypress_runner.js:162024:14)",
                "diff": null
              },
              "uuid": "e1b7e6da-d472-4c22-a000-c382bcb5fc1a",
              "parentUUID": "d9da570f-429c-4f06-bace-bd4d180878f6",
              "isHook": false,
              "skipped": false
            },
            {
              "title": "Verifica se o input só aceita número maiores que zero. Essa restrição deve ser feita usando os atributos do elemento `input`",
              "fullTitle": "10 - Faça o quadro de pixels ter seu tamanho definido pelo usuário. Verifica se o input só aceita número maiores que zero. Essa restrição deve ser feita usando os atributos do elemento `input`",
              "timedOut": null,
              "duration": 4437,
              "state": "failed",
              "speed": null,
              "pass": false,
              "fail": true,
              "pending": false,
              "context": null,
              "code": "cy.get('#board-size[type=\\'number\\'][min=\\'1\\']');",
              "err": {
                "message": "CypressError: Timed out retrying: Expected to find element: '#board-size[type='number'][min='1']', but never found it.",
                "estack": "CypressError: Timed out retrying: Expected to find element: '#board-size[type='number'][min='1']', but never found it.\n    at cypressErr (http://localhost:42699/__cypress/runner/cypress_runner.js:149934:9)\n    at throwErr (http://localhost:42699/__cypress/runner/cypress_runner.js:149867:11)\n    at Object.throwErrByPath (http://localhost:42699/__cypress/runner/cypress_runner.js:149915:3)\n    at retry (http://localhost:42699/__cypress/runner/cypress_runner.js:144197:19)\n    at onFailFn (http://localhost:42699/__cypress/runner/cypress_runner.js:132448:16)\n    at tryCatcher (http://localhost:42699/__cypress/runner/cypress_runner.js:167415:23)\n    at Promise._settlePromiseFromHandler (http://localhost:42699/__cypress/runner/cypress_runner.js:165351:31)\n    at Promise._settlePromise (http://localhost:42699/__cypress/runner/cypress_runner.js:165408:18)\n    at Promise._settlePromise0 (http://localhost:42699/__cypress/runner/cypress_runner.js:165453:10)\n    at Promise._settlePromises (http://localhost:42699/__cypress/runner/cypress_runner.js:165528:18)\n    at Async../node_modules/bluebird/js/release/async.js.Async._drainQueue (http://localhost:42699/__cypress/runner/cypress_runner.js:162140:16)\n    at Async../node_modules/bluebird/js/release/async.js.Async._drainQueues (http://localhost:42699/__cypress/runner/cypress_runner.js:162150:10)\n    at Async.drainQueues (http://localhost:42699/__cypress/runner/cypress_runner.js:162024:14)",
                "diff": null
              },
              "uuid": "8ae7839c-d87c-46fe-9eff-545dc5a71603",
              "parentUUID": "d9da570f-429c-4f06-bace-bd4d180878f6",
              "isHook": false,
              "skipped": false
            },
            {
              "title": "Verifica se o botão contém o texto 'VQV'",
              "fullTitle": "10 - Faça o quadro de pixels ter seu tamanho definido pelo usuário. Verifica se o botão contém o texto 'VQV'",
              "timedOut": null,
              "duration": 4352,
              "state": "failed",
              "speed": null,
              "pass": false,
              "fail": true,
              "pending": false,
              "context": null,
              "code": "cy.get('#generate-board').contains(/vqv/i);",
              "err": {
                "message": "CypressError: Timed out retrying: Expected to find element: '#generate-board', but never found it.",
                "estack": "CypressError: Timed out retrying: Expected to find element: '#generate-board', but never found it.\n    at cypressErr (http://localhost:42699/__cypress/runner/cypress_runner.js:149934:9)\n    at throwErr (http://localhost:42699/__cypress/runner/cypress_runner.js:149867:11)\n    at Object.throwErrByPath (http://localhost:42699/__cypress/runner/cypress_runner.js:149915:3)\n    at retry (http://localhost:42699/__cypress/runner/cypress_runner.js:144197:19)\n    at onFailFn (http://localhost:42699/__cypress/runner/cypress_runner.js:132448:16)\n    at tryCatcher (http://localhost:42699/__cypress/runner/cypress_runner.js:167415:23)\n    at Promise._settlePromiseFromHandler (http://localhost:42699/__cypress/runner/cypress_runner.js:165351:31)\n    at Promise._settlePromise (http://localhost:42699/__cypress/runner/cypress_runner.js:165408:18)\n    at Promise._settlePromise0 (http://localhost:42699/__cypress/runner/cypress_runner.js:165453:10)\n    at Promise._settlePromises (http://localhost:42699/__cypress/runner/cypress_runner.js:165528:18)\n    at Async../node_modules/bluebird/js/release/async.js.Async._drainQueue (http://localhost:42699/__cypress/runner/cypress_runner.js:162140:16)\n    at Async../node_modules/bluebird/js/release/async.js.Async._drainQueues (http://localhost:42699/__cypress/runner/cypress_runner.js:162150:10)\n    at Async.drainQueues (http://localhost:42699/__cypress/runner/cypress_runner.js:162024:14)",
                "diff": null
              },
              "uuid": "4f413f74-1220-4de6-af7c-27d00ef6fba6",
              "parentUUID": "d9da570f-429c-4f06-bace-bd4d180878f6",
              "isHook": false,
              "skipped": false
            },
            {
              "title": "Verifica se o input está posicionado entre a paleta de cores e o quadro de pixels",
              "fullTitle": "10 - Faça o quadro de pixels ter seu tamanho definido pelo usuário. Verifica se o input está posicionado entre a paleta de cores e o quadro de pixels",
              "timedOut": null,
              "duration": 4371,
              "state": "failed",
              "speed": null,
              "pass": false,
              "fail": true,
              "pending": false,
              "context": null,
              "code": "cy.get('#color-palette').then(function (palette) {\n  cy.get('#board-size').should('be.belowOf', palette);\n});\ncy.get('#board-size').then(function (palette) {\n  cy.get('#pixel-board').should('be.belowOf', palette);\n});",
              "err": {
                "message": "CypressError: Timed out retrying: Expected to find element: '#board-size', but never found it.",
                "estack": "CypressError: Timed out retrying: Expected to find element: '#board-size', but never found it.\n    at cypressErr (http://localhost:42699/__cypress/runner/cypress_runner.js:149934:9)\n    at throwErr (http://localhost:42699/__cypress/runner/cypress_runner.js:149867:11)\n    at Object.throwErrByPath (http://localhost:42699/__cypress/runner/cypress_runner.js:149915:3)\n    at retry (http://localhost:42699/__cypress/runner/cypress_runner.js:144197:19)\n    at onFailFn (http://localhost:42699/__cypress/runner/cypress_runner.js:132448:16)\n    at tryCatcher (http://localhost:42699/__cypress/runner/cypress_runner.js:167415:23)\n    at Promise._settlePromiseFromHandler (http://localhost:42699/__cypress/runner/cypress_runner.js:165351:31)\n    at Promise._settlePromise (http://localhost:42699/__cypress/runner/cypress_runner.js:165408:18)\n    at Promise._settlePromise0 (http://localhost:42699/__cypress/runner/cypress_runner.js:165453:10)\n    at Promise._settlePromises (http://localhost:42699/__cypress/runner/cypress_runner.js:165528:18)\n    at Async../node_modules/bluebird/js/release/async.js.Async._drainQueue (http://localhost:42699/__cypress/runner/cypress_runner.js:162140:16)\n    at Async../node_modules/bluebird/js/release/async.js.Async._drainQueues (http://localhost:42699/__cypress/runner/cypress_runner.js:162150:10)\n    at Async.drainQueues (http://localhost:42699/__cypress/runner/cypress_runner.js:162024:14)",
                "diff": null
              },
              "uuid": "c904b983-d283-4ea3-a922-ee646faebce7",
              "parentUUID": "d9da570f-429c-4f06-bace-bd4d180878f6",
              "isHook": false,
              "skipped": false
            },
            {
              "title": "Verifica se o botão está posicionado ao lado do input",
              "fullTitle": "10 - Faça o quadro de pixels ter seu tamanho definido pelo usuário. Verifica se o botão está posicionado ao lado do input",
              "timedOut": null,
              "duration": 4352,
              "state": "failed",
              "speed": null,
              "pass": false,
              "fail": true,
              "pending": false,
              "context": null,
              "code": "cy.get('#board-size').then(function (board) {\n  cy.get('#generate-board').should('be.onTheRightOf', board);\n});",
              "err": {
                "message": "CypressError: Timed out retrying: Expected to find element: '#board-size', but never found it.",
                "estack": "CypressError: Timed out retrying: Expected to find element: '#board-size', but never found it.\n    at cypressErr (http://localhost:42699/__cypress/runner/cypress_runner.js:149934:9)\n    at throwErr (http://localhost:42699/__cypress/runner/cypress_runner.js:149867:11)\n    at Object.throwErrByPath (http://localhost:42699/__cypress/runner/cypress_runner.js:149915:3)\n    at retry (http://localhost:42699/__cypress/runner/cypress_runner.js:144197:19)\n    at onFailFn (http://localhost:42699/__cypress/runner/cypress_runner.js:132448:16)\n    at tryCatcher (http://localhost:42699/__cypress/runner/cypress_runner.js:167415:23)\n    at Promise._settlePromiseFromHandler (http://localhost:42699/__cypress/runner/cypress_runner.js:165351:31)\n    at Promise._settlePromise (http://localhost:42699/__cypress/runner/cypress_runner.js:165408:18)\n    at Promise._settlePromise0 (http://localhost:42699/__cypress/runner/cypress_runner.js:165453:10)\n    at Promise._settlePromises (http://localhost:42699/__cypress/runner/cypress_runner.js:165528:18)\n    at Async../node_modules/bluebird/js/release/async.js.Async._drainQueue (http://localhost:42699/__cypress/runner/cypress_runner.js:162140:16)\n    at Async../node_modules/bluebird/js/release/async.js.Async._drainQueues (http://localhost:42699/__cypress/runner/cypress_runner.js:162150:10)\n    at Async.drainQueues (http://localhost:42699/__cypress/runner/cypress_runner.js:162024:14)",
                "diff": null
              },
              "uuid": "a9c38280-5e31-4a1e-ac43-66dddfb1e9c1",
              "parentUUID": "d9da570f-429c-4f06-bace-bd4d180878f6",
              "isHook": false,
              "skipped": false
            },
            {
              "title": "Verifica se nenhum valor for colocado no input ao clicar no botão, um `alert` é exibido com o texto: 'Board inválido!'",
              "fullTitle": "10 - Faça o quadro de pixels ter seu tamanho definido pelo usuário. Verifica se nenhum valor for colocado no input ao clicar no botão, um `alert` é exibido com o texto: 'Board inválido!'",
              "timedOut": null,
              "duration": 4357,
              "state": "failed",
              "speed": null,
              "pass": false,
              "fail": true,
              "pending": false,
              "context": null,
              "code": "var alerted = false;\ncy.on('window:alert', function (msg) {\n  return alerted = msg;\n});\ncy.get('#generate-board').click().then(function () {\n  return expect(alerted).to.match(/Board inválido!/i);\n});",
              "err": {
                "message": "CypressError: Timed out retrying: Expected to find element: '#generate-board', but never found it.",
                "estack": "CypressError: Timed out retrying: Expected to find element: '#generate-board', but never found it.\n    at cypressErr (http://localhost:42699/__cypress/runner/cypress_runner.js:149934:9)\n    at throwErr (http://localhost:42699/__cypress/runner/cypress_runner.js:149867:11)\n    at Object.throwErrByPath (http://localhost:42699/__cypress/runner/cypress_runner.js:149915:3)\n    at retry (http://localhost:42699/__cypress/runner/cypress_runner.js:144197:19)\n    at onFailFn (http://localhost:42699/__cypress/runner/cypress_runner.js:132448:16)\n    at tryCatcher (http://localhost:42699/__cypress/runner/cypress_runner.js:167415:23)\n    at Promise._settlePromiseFromHandler (http://localhost:42699/__cypress/runner/cypress_runner.js:165351:31)\n    at Promise._settlePromise (http://localhost:42699/__cypress/runner/cypress_runner.js:165408:18)\n    at Promise._settlePromise0 (http://localhost:42699/__cypress/runner/cypress_runner.js:165453:10)\n    at Promise._settlePromises (http://localhost:42699/__cypress/runner/cypress_runner.js:165528:18)\n    at Async../node_modules/bluebird/js/release/async.js.Async._drainQueue (http://localhost:42699/__cypress/runner/cypress_runner.js:162140:16)\n    at Async../node_modules/bluebird/js/release/async.js.Async._drainQueues (http://localhost:42699/__cypress/runner/cypress_runner.js:162150:10)\n    at Async.drainQueues (http://localhost:42699/__cypress/runner/cypress_runner.js:162024:14)",
                "diff": null
              },
              "uuid": "baf4b6a1-de06-4889-8b0f-0fcc17fd4d1e",
              "parentUUID": "d9da570f-429c-4f06-bace-bd4d180878f6",
              "isHook": false,
              "skipped": false
            },
            {
              "title": "Verifica se ao clicar no botão com um valor preenchido, o tamanho do board muda.",
              "fullTitle": "10 - Faça o quadro de pixels ter seu tamanho definido pelo usuário. Verifica se ao clicar no botão com um valor preenchido, o tamanho do board muda.",
              "timedOut": null,
              "duration": 4371,
              "state": "failed",
              "speed": null,
              "pass": false,
              "fail": true,
              "pending": false,
              "context": null,
              "code": "cy.get('#board-size').clear().type(10);\ncy.get('#generate-board').click();\ncy.get('.pixel').should('have.length', 100);",
              "err": {
                "message": "CypressError: Timed out retrying: Expected to find element: '#board-size', but never found it.",
                "estack": "CypressError: Timed out retrying: Expected to find element: '#board-size', but never found it.\n    at cypressErr (http://localhost:42699/__cypress/runner/cypress_runner.js:149934:9)\n    at throwErr (http://localhost:42699/__cypress/runner/cypress_runner.js:149867:11)\n    at Object.throwErrByPath (http://localhost:42699/__cypress/runner/cypress_runner.js:149915:3)\n    at retry (http://localhost:42699/__cypress/runner/cypress_runner.js:144197:19)\n    at onFailFn (http://localhost:42699/__cypress/runner/cypress_runner.js:132448:16)\n    at tryCatcher (http://localhost:42699/__cypress/runner/cypress_runner.js:167415:23)\n    at Promise._settlePromiseFromHandler (http://localhost:42699/__cypress/runner/cypress_runner.js:165351:31)\n    at Promise._settlePromise (http://localhost:42699/__cypress/runner/cypress_runner.js:165408:18)\n    at Promise._settlePromise0 (http://localhost:42699/__cypress/runner/cypress_runner.js:165453:10)\n    at Promise._settlePromises (http://localhost:42699/__cypress/runner/cypress_runner.js:165528:18)\n    at Async../node_modules/bluebird/js/release/async.js.Async._drainQueue (http://localhost:42699/__cypress/runner/cypress_runner.js:162140:16)\n    at Async../node_modules/bluebird/js/release/async.js.Async._drainQueues (http://localhost:42699/__cypress/runner/cypress_runner.js:162150:10)\n    at Async.drainQueues (http://localhost:42699/__cypress/runner/cypress_runner.js:162024:14)",
                "diff": null
              },
              "uuid": "30fffe69-9f17-445e-b912-bec51eab0ef5",
              "parentUUID": "d9da570f-429c-4f06-bace-bd4d180878f6",
              "isHook": false,
              "skipped": false
            },
            {
              "title": "Verifica se o novo quadro tem todos os pixels preenchidos com a cor branca",
              "fullTitle": "10 - Faça o quadro de pixels ter seu tamanho definido pelo usuário. Verifica se o novo quadro tem todos os pixels preenchidos com a cor branca",
              "timedOut": null,
              "duration": 4362,
              "state": "failed",
              "speed": null,
              "pass": false,
              "fail": true,
              "pending": false,
              "context": null,
              "code": "cy.get('#board-size').clear().type(6);\ncy.get('#generate-board').click();\ncy.get('.pixel').should('have.length', 36).each(function (pixel) {\n  expect(pixel).to.have.css('background-color', WHITE);\n});",
              "err": {
                "message": "CypressError: Timed out retrying: Expected to find element: '#board-size', but never found it.",
                "estack": "CypressError: Timed out retrying: Expected to find element: '#board-size', but never found it.\n    at cypressErr (http://localhost:42699/__cypress/runner/cypress_runner.js:149934:9)\n    at throwErr (http://localhost:42699/__cypress/runner/cypress_runner.js:149867:11)\n    at Object.throwErrByPath (http://localhost:42699/__cypress/runner/cypress_runner.js:149915:3)\n    at retry (http://localhost:42699/__cypress/runner/cypress_runner.js:144197:19)\n    at onFailFn (http://localhost:42699/__cypress/runner/cypress_runner.js:132448:16)\n    at tryCatcher (http://localhost:42699/__cypress/runner/cypress_runner.js:167415:23)\n    at Promise._settlePromiseFromHandler (http://localhost:42699/__cypress/runner/cypress_runner.js:165351:31)\n    at Promise._settlePromise (http://localhost:42699/__cypress/runner/cypress_runner.js:165408:18)\n    at Promise._settlePromise0 (http://localhost:42699/__cypress/runner/cypress_runner.js:165453:10)\n    at Promise._settlePromises (http://localhost:42699/__cypress/runner/cypress_runner.js:165528:18)\n    at Async../node_modules/bluebird/js/release/async.js.Async._drainQueue (http://localhost:42699/__cypress/runner/cypress_runner.js:162140:16)\n    at Async../node_modules/bluebird/js/release/async.js.Async._drainQueues (http://localhost:42699/__cypress/runner/cypress_runner.js:162150:10)\n    at Async.drainQueues (http://localhost:42699/__cypress/runner/cypress_runner.js:162024:14)",
                "diff": null
              },
              "uuid": "8b6ec97e-4f23-463b-8191-6c07008e8a02",
              "parentUUID": "d9da570f-429c-4f06-bace-bd4d180878f6",
              "isHook": false,
              "skipped": false
            }
          ],
          "suites": [],
          "passes": [],
          "failures": [
            "d5d1cdf5-d5e6-4e32-ab77-f431d6e11e2b",
            "e1b7e6da-d472-4c22-a000-c382bcb5fc1a",
            "8ae7839c-d87c-46fe-9eff-545dc5a71603",
            "4f413f74-1220-4de6-af7c-27d00ef6fba6",
            "c904b983-d283-4ea3-a922-ee646faebce7",
            "a9c38280-5e31-4a1e-ac43-66dddfb1e9c1",
            "baf4b6a1-de06-4889-8b0f-0fcc17fd4d1e",
            "30fffe69-9f17-445e-b912-bec51eab0ef5",
            "8b6ec97e-4f23-463b-8191-6c07008e8a02"
          ],
          "pending": [],
          "skipped": [],
          "duration": 39437,
          "root": false,
          "rootEmpty": false,
          "_timeout": 2000
        },
        {
          "uuid": "325229d5-2e05-4433-8a36-3a8b1c85f773",
          "title": "11 - Limite o tamanho mínimo e máximo do board.",
          "fullFile": "",
          "file": "",
          "beforeHooks": [],
          "afterHooks": [],
          "tests": [
            {
              "title": "Verifica se a altura máxima do board é 50",
              "fullTitle": "11 - Limite o tamanho mínimo e máximo do board. Verifica se a altura máxima do board é 50",
              "timedOut": null,
              "duration": 4347,
              "state": "failed",
              "speed": null,
              "pass": false,
              "fail": true,
              "pending": false,
              "context": null,
              "code": "cy.get('#board-size').clear().type(50);\ncy.get('#generate-board').click();\ncy.get('.pixel').should('have.length', 2500);",
              "err": {
                "message": "CypressError: Timed out retrying: Expected to find element: '#board-size', but never found it.",
                "estack": "CypressError: Timed out retrying: Expected to find element: '#board-size', but never found it.\n    at cypressErr (http://localhost:42699/__cypress/runner/cypress_runner.js:149934:9)\n    at throwErr (http://localhost:42699/__cypress/runner/cypress_runner.js:149867:11)\n    at Object.throwErrByPath (http://localhost:42699/__cypress/runner/cypress_runner.js:149915:3)\n    at retry (http://localhost:42699/__cypress/runner/cypress_runner.js:144197:19)\n    at onFailFn (http://localhost:42699/__cypress/runner/cypress_runner.js:132448:16)\n    at tryCatcher (http://localhost:42699/__cypress/runner/cypress_runner.js:167415:23)\n    at Promise._settlePromiseFromHandler (http://localhost:42699/__cypress/runner/cypress_runner.js:165351:31)\n    at Promise._settlePromise (http://localhost:42699/__cypress/runner/cypress_runner.js:165408:18)\n    at Promise._settlePromise0 (http://localhost:42699/__cypress/runner/cypress_runner.js:165453:10)\n    at Promise._settlePromises (http://localhost:42699/__cypress/runner/cypress_runner.js:165528:18)\n    at Async../node_modules/bluebird/js/release/async.js.Async._drainQueue (http://localhost:42699/__cypress/runner/cypress_runner.js:162140:16)\n    at Async../node_modules/bluebird/js/release/async.js.Async._drainQueues (http://localhost:42699/__cypress/runner/cypress_runner.js:162150:10)\n    at Async.drainQueues (http://localhost:42699/__cypress/runner/cypress_runner.js:162024:14)",
                "diff": null
              },
              "uuid": "a0a5f33e-eb8a-4216-92c2-302da6c4c61a",
              "parentUUID": "325229d5-2e05-4433-8a36-3a8b1c85f773",
              "isHook": false,
              "skipped": false
            },
            {
              "title": "Verifica se a altura do board é 5 quando um valor menor é colocado no input",
              "fullTitle": "11 - Limite o tamanho mínimo e máximo do board. Verifica se a altura do board é 5 quando um valor menor é colocado no input",
              "timedOut": null,
              "duration": 4336,
              "state": "failed",
              "speed": null,
              "pass": false,
              "fail": true,
              "pending": false,
              "context": null,
              "code": "cy.get('#board-size').clear().type(4);\ncy.get('#generate-board').click();\ncy.get('.pixel').should('have.length', 25);",
              "err": {
                "message": "CypressError: Timed out retrying: Expected to find element: '#board-size', but never found it.",
                "estack": "CypressError: Timed out retrying: Expected to find element: '#board-size', but never found it.\n    at cypressErr (http://localhost:42699/__cypress/runner/cypress_runner.js:149934:9)\n    at throwErr (http://localhost:42699/__cypress/runner/cypress_runner.js:149867:11)\n    at Object.throwErrByPath (http://localhost:42699/__cypress/runner/cypress_runner.js:149915:3)\n    at retry (http://localhost:42699/__cypress/runner/cypress_runner.js:144197:19)\n    at onFailFn (http://localhost:42699/__cypress/runner/cypress_runner.js:132448:16)\n    at tryCatcher (http://localhost:42699/__cypress/runner/cypress_runner.js:167415:23)\n    at Promise._settlePromiseFromHandler (http://localhost:42699/__cypress/runner/cypress_runner.js:165351:31)\n    at Promise._settlePromise (http://localhost:42699/__cypress/runner/cypress_runner.js:165408:18)\n    at Promise._settlePromise0 (http://localhost:42699/__cypress/runner/cypress_runner.js:165453:10)\n    at Promise._settlePromises (http://localhost:42699/__cypress/runner/cypress_runner.js:165528:18)\n    at Async../node_modules/bluebird/js/release/async.js.Async._drainQueue (http://localhost:42699/__cypress/runner/cypress_runner.js:162140:16)\n    at Async../node_modules/bluebird/js/release/async.js.Async._drainQueues (http://localhost:42699/__cypress/runner/cypress_runner.js:162150:10)\n    at Async.drainQueues (http://localhost:42699/__cypress/runner/cypress_runner.js:162024:14)",
                "diff": null
              },
              "uuid": "4c0c4d2a-8ea6-4e0f-8d5f-e721366feac8",
              "parentUUID": "325229d5-2e05-4433-8a36-3a8b1c85f773",
              "isHook": false,
              "skipped": false
            },
            {
              "title": "Verifica se a altura do board é 50 quando um valor maior é colocado no input",
              "fullTitle": "11 - Limite o tamanho mínimo e máximo do board. Verifica se a altura do board é 50 quando um valor maior é colocado no input",
              "timedOut": null,
              "duration": 4381,
              "state": "failed",
              "speed": null,
              "pass": false,
              "fail": true,
              "pending": false,
              "context": null,
              "code": "cy.get('#board-size').clear().type(51);\ncy.get('#generate-board').click();\ncy.get('.pixel').should('have.length', 2500);",
              "err": {
                "message": "CypressError: Timed out retrying: Expected to find element: '#board-size', but never found it.",
                "estack": "CypressError: Timed out retrying: Expected to find element: '#board-size', but never found it.\n    at cypressErr (http://localhost:42699/__cypress/runner/cypress_runner.js:149934:9)\n    at throwErr (http://localhost:42699/__cypress/runner/cypress_runner.js:149867:11)\n    at Object.throwErrByPath (http://localhost:42699/__cypress/runner/cypress_runner.js:149915:3)\n    at retry (http://localhost:42699/__cypress/runner/cypress_runner.js:144197:19)\n    at onFailFn (http://localhost:42699/__cypress/runner/cypress_runner.js:132448:16)\n    at tryCatcher (http://localhost:42699/__cypress/runner/cypress_runner.js:167415:23)\n    at Promise._settlePromiseFromHandler (http://localhost:42699/__cypress/runner/cypress_runner.js:165351:31)\n    at Promise._settlePromise (http://localhost:42699/__cypress/runner/cypress_runner.js:165408:18)\n    at Promise._settlePromise0 (http://localhost:42699/__cypress/runner/cypress_runner.js:165453:10)\n    at Promise._settlePromises (http://localhost:42699/__cypress/runner/cypress_runner.js:165528:18)\n    at Async../node_modules/bluebird/js/release/async.js.Async._drainQueue (http://localhost:42699/__cypress/runner/cypress_runner.js:162140:16)\n    at Async../node_modules/bluebird/js/release/async.js.Async._drainQueues (http://localhost:42699/__cypress/runner/cypress_runner.js:162150:10)\n    at Async.drainQueues (http://localhost:42699/__cypress/runner/cypress_runner.js:162024:14)",
                "diff": null
              },
              "uuid": "90531a84-e51c-4baa-86ac-0ac5ac8d4fa7",
              "parentUUID": "325229d5-2e05-4433-8a36-3a8b1c85f773",
              "isHook": false,
              "skipped": false
            }
          ],
          "suites": [],
          "passes": [],
          "failures": [
            "a0a5f33e-eb8a-4216-92c2-302da6c4c61a",
            "4c0c4d2a-8ea6-4e0f-8d5f-e721366feac8",
            "90531a84-e51c-4baa-86ac-0ac5ac8d4fa7"
          ],
          "pending": [],
          "skipped": [],
          "duration": 13064,
          "root": false,
          "rootEmpty": false,
          "_timeout": 2000
        },
        {
          "uuid": "a8d91cab-1f2e-4206-8596-5e1d66e1d547",
          "title": "12 - Faça com que as cores da paleta sejam geradas aleatoriamente ao carregar a página.",
          "fullFile": "",
          "file": "",
          "beforeHooks": [],
          "afterHooks": [],
          "tests": [
            {
              "title": "Verifica se as cores geradas na paleta são diferentes a cada carregamento da página",
              "fullTitle": "12 - Faça com que as cores da paleta sejam geradas aleatoriamente ao carregar a página. Verifica se as cores geradas na paleta são diferentes a cada carregamento da página",
              "timedOut": null,
              "duration": 437,
              "state": "failed",
              "speed": null,
              "pass": false,
              "fail": true,
              "pending": false,
              "context": null,
              "code": "cy.get('.color').then(function (colors) {\n  var currentColors;\n  var previousColors;\n  previousColors = Array.from(colors).map(function (color) {\n    return Cypress.$(color).css('background-color');\n  });\n  for (var i = 0; i < 5; i += 1) {\n    cy.reload();\n    cy.get('.color').then(function (colors) {\n      currentColors = Array.from(colors).map(function (color) {\n        return Cypress.$(color).css('background-color');\n      });\n      expect(currentColors).not.to.deep.equal(previousColors);\n      previousColors = currentColors;\n    });\n  }\n});",
              "err": {
                "message": "AssertionError: expected [ Array(4) ] to not deeply equal [ Array(4) ]",
                "estack": "AssertionError: expected [ Array(4) ] to not deeply equal [ Array(4) ]\n    at getRet (http://localhost:42699/__cypress/runner/cypress_runner.js:136585:16)\n    at tryCatcher (http://localhost:42699/__cypress/runner/cypress_runner.js:167415:23)\n    at Function.Promise.attempt.Promise.try (http://localhost:42699/__cypress/runner/cypress_runner.js:164690:29)\n    at Context.thenFn (http://localhost:42699/__cypress/runner/cypress_runner.js:136599:23)\n    at Context.then (http://localhost:42699/__cypress/runner/cypress_runner.js:136971:21)\n    at Context.<anonymous> (http://localhost:42699/__cypress/runner/cypress_runner.js:148875:21)\n    at http://localhost:42699/__cypress/runner/cypress_runner.js:148351:33\n    at tryCatcher (http://localhost:42699/__cypress/runner/cypress_runner.js:167415:23)\n    at Promise._settlePromiseFromHandler (http://localhost:42699/__cypress/runner/cypress_runner.js:165351:31)\n    at Promise._settlePromise (http://localhost:42699/__cypress/runner/cypress_runner.js:165408:18)\n    at Promise._settlePromiseCtx (http://localhost:42699/__cypress/runner/cypress_runner.js:165445:10)\n    at Async../node_modules/bluebird/js/release/async.js.Async._drainQueue (http://localhost:42699/__cypress/runner/cypress_runner.js:162145:12)\n    at Async../node_modules/bluebird/js/release/async.js.Async._drainQueues (http://localhost:42699/__cypress/runner/cypress_runner.js:162150:10)\n    at Async.drainQueues (http://localhost:42699/__cypress/runner/cypress_runner.js:162024:14)",
                "diff": ""
              },
              "uuid": "f934869d-392f-4fa9-b002-2cef87ffdb84",
              "parentUUID": "a8d91cab-1f2e-4206-8596-5e1d66e1d547",
              "isHook": false,
              "skipped": false
            },
            {
              "title": "Verifica se a cor preta ainda está presente e é a primeira na sua paleta de cores",
              "fullTitle": "12 - Faça com que as cores da paleta sejam geradas aleatoriamente ao carregar a página. Verifica se a cor preta ainda está presente e é a primeira na sua paleta de cores",
              "timedOut": null,
              "duration": 369,
              "state": "failed",
              "speed": null,
              "pass": false,
              "fail": true,
              "pending": false,
              "context": null,
              "code": "cy.get('.color').then(function (colors) {\n  var currentColors;\n  var previousColors;\n  previousColors = Array.from(colors).map(function (color) {\n    return Cypress.$(color).css('background-color');\n  });\n  expect(previousColors[0]).to.eq(BLACK);\n  for (var i = 0; i < 5; i += 1) {\n    cy.reload();\n    cy.get('.color').then(function (colors) {\n      currentColors = Array.from(colors).map(function (color) {\n        return Cypress.$(color).css('background-color');\n      });\n      expect(currentColors[0]).to.eq(BLACK);\n      expect(currentColors).not.to.deep.equal(previousColors);\n      previousColors = currentColors;\n    });\n  }\n});",
              "err": {
                "message": "AssertionError: expected [ Array(4) ] to not deeply equal [ Array(4) ]",
                "estack": "AssertionError: expected [ Array(4) ] to not deeply equal [ Array(4) ]\n    at getRet (http://localhost:42699/__cypress/runner/cypress_runner.js:136585:16)\n    at tryCatcher (http://localhost:42699/__cypress/runner/cypress_runner.js:167415:23)\n    at Function.Promise.attempt.Promise.try (http://localhost:42699/__cypress/runner/cypress_runner.js:164690:29)\n    at Context.thenFn (http://localhost:42699/__cypress/runner/cypress_runner.js:136599:23)\n    at Context.then (http://localhost:42699/__cypress/runner/cypress_runner.js:136971:21)\n    at Context.<anonymous> (http://localhost:42699/__cypress/runner/cypress_runner.js:148875:21)\n    at http://localhost:42699/__cypress/runner/cypress_runner.js:148351:33\n    at tryCatcher (http://localhost:42699/__cypress/runner/cypress_runner.js:167415:23)\n    at Promise._settlePromiseFromHandler (http://localhost:42699/__cypress/runner/cypress_runner.js:165351:31)\n    at Promise._settlePromise (http://localhost:42699/__cypress/runner/cypress_runner.js:165408:18)\n    at Promise._settlePromiseCtx (http://localhost:42699/__cypress/runner/cypress_runner.js:165445:10)\n    at Async../node_modules/bluebird/js/release/async.js.Async._drainQueue (http://localhost:42699/__cypress/runner/cypress_runner.js:162145:12)\n    at Async../node_modules/bluebird/js/release/async.js.Async._drainQueues (http://localhost:42699/__cypress/runner/cypress_runner.js:162150:10)\n    at Async.drainQueues (http://localhost:42699/__cypress/runner/cypress_runner.js:162024:14)",
                "diff": ""
              },
              "uuid": "e96941db-e93e-45ec-9b0e-e592c57d3c06",
              "parentUUID": "a8d91cab-1f2e-4206-8596-5e1d66e1d547",
              "isHook": false,
              "skipped": false
            }
          ],
          "suites": [],
          "passes": [],
          "failures": [
            "f934869d-392f-4fa9-b002-2cef87ffdb84",
            "e96941db-e93e-45ec-9b0e-e592c57d3c06"
          ],
          "pending": [],
          "skipped": [],
          "duration": 806,
          "root": false,
          "rootEmpty": false,
          "_timeout": 2000
        }
      ],
      "passes": [],
      "failures": [],
      "pending": [],
      "skipped": [],
      "duration": 0,
      "root": true,
      "rootEmpty": true,
      "_timeout": 2000
    }
  ],
  "meta": {
    "mocha": {
      "version": "7.0.1"
    },
    "mochawesome": {
      "options": {
        "quiet": false,
        "reportFilename": "mochawesome",
        "saveHtml": false,
        "saveJson": true,
        "consoleReporter": "spec",
        "useInlineDiffs": false
      },
      "version": "4.1.0"
    },
    "marge": {
      "options": {
        "id": "default",
        "reportDir": "cypress/reports",
        "overwrite": true,
        "html": false,
        "json": true
      },
      "version": "4.1.0"
    }
  }
}